{"type":"operationStart","subtype":"profile","data":{"_id":"06ItyI9LqpJlV0RV","timestamp":"2025-04-09T05:50:31.522Z","state":"queued","mode":"standard","creationDate":"2025-04-09T05:50:31.524Z","modificationDate":"2025-04-09T05:50:31.524Z","shortid":"XmYl1wc","$entitySet":"profiles"},"doDiffs":false,"timestamp":1744177831523,"id":"4lt7rwelkmdne16","previousOperationId":null,"operationId":"utw0fraeo6y68ae"}
{"type":"log","level":"info","message":"Render request 5 queued for execution and waiting for available worker","previousOperationId":"utw0fraeo6y68ae","timestamp":1744177831523,"id":"wn9bj1ktmerjoo8"}
{"type":"operationStart","subtype":"render","name":"pre-registration-fee-report-main","previousOperationId":"utw0fraeo6y68ae","timestamp":1744177831539,"id":"nk85k8417s70iwt","previousEventId":"4lt7rwelkmdne16","operationId":"rtynublf2tf4w3m"}
{"type":"log","timestamp":1744177831539,"level":"info","message":"Starting rendering request 5","meta":{"rootId":"av34polac8k5ypy","id":"av34polac8k5ypy"},"id":"aqeiumu1tdkh887","previousOperationId":"rtynublf2tf4w3m"}
{"type":"log","timestamp":1744177831539,"level":"info","message":"Rendering template { name: pre-registration-fee-report-main, recipe: chrome-pdf, engine: handlebars, preview: true }","meta":{"rootId":"av34polac8k5ypy","id":"av34polac8k5ypy"},"id":"omxd0fz4n00ba16","previousOperationId":"rtynublf2tf4w3m"}
{"type":"log","timestamp":1744177831541,"level":"debug","message":"Adding sample data HxEmzPeSX","meta":{"rootId":"av34polac8k5ypy","id":"av34polac8k5ypy"},"id":"lbm4mcc693vtvao","previousOperationId":"rtynublf2tf4w3m"}
{"type":"log","timestamp":1744177831545,"level":"debug","message":"Base url not specified, skipping its injection.","meta":{"rootId":"av34polac8k5ypy","id":"av34polac8k5ypy"},"id":"jaehrlbbybp6afr","previousOperationId":"rtynublf2tf4w3m"}
{"type":"operationStart","subtype":"engine","name":"handlebars","timestamp":1744177831545,"id":"7ffievadfjnbxzn","previousEventId":"nk85k8417s70iwt","operationId":"n42bn3wiyvpcuog","previousOperationId":"rtynublf2tf4w3m"}
{"type":"log","timestamp":1744177831545,"level":"debug","message":"Rendering engine handlebars","meta":{"rootId":"av34polac8k5ypy","id":"av34polac8k5ypy"},"id":"ko1f20xtp25w4ao","previousOperationId":"n42bn3wiyvpcuog"}
{"type":"operationEnd","operationId":"n42bn3wiyvpcuog","timestamp":1744177831573,"id":"xlvogk0nm9v8jah","previousEventId":"7ffievadfjnbxzn","previousOperationId":"n42bn3wiyvpcuog"}
{"type":"operationStart","subtype":"recipe","name":"chrome-pdf","timestamp":1744177831586,"id":"kg228e5cfavd75r","previousEventId":"xlvogk0nm9v8jah","operationId":"zif70i4np2nqirv","previousOperationId":"n42bn3wiyvpcuog"}
{"type":"log","timestamp":1744177831586,"level":"debug","message":"Executing recipe chrome-pdf","meta":{"rootId":"av34polac8k5ypy","id":"av34polac8k5ypy"},"id":"kjugori8hoiff1p","previousOperationId":"zif70i4np2nqirv"}
{"type":"log","timestamp":1744177831609,"level":"debug","message":"Converting with chrome Chrome/133.0.6943.126 using chrome-pool strategy","meta":{"rootId":"av34polac8k5ypy","id":"av34polac8k5ypy"},"id":"2kna7pq2kbirv3v","previousOperationId":"zif70i4np2nqirv"}
{"type":"log","timestamp":1744177831721,"level":"debug","message":"Page request: GET (document) file:///C:/Users/Patheo24/AppData/Local/Temp/jsreport/autocleanup/6e66a7db-b2af-4de9-a8e3-1c55db3f858e-chrome-pdf.html","meta":{"rootId":"av34polac8k5ypy","id":"av34polac8k5ypy"},"id":"f2ocsmpydydx5vu","previousOperationId":"zif70i4np2nqirv"}
{"type":"log","timestamp":1744177831765,"level":"debug","message":"Page request finished: GET (document) 200 file:///C:/Users/Patheo24/AppData/Local/Temp/jsreport/autocleanup/6e66a7db-b2af-4de9-a8e3-1c55db3f858e-chrome-pdf.html","meta":{"rootId":"av34polac8k5ypy","id":"av34polac8k5ypy"},"id":"a4mhlodn8ub1vnv","previousOperationId":"zif70i4np2nqirv"}
{"type":"log","timestamp":1744177831766,"level":"debug","message":"(console:info) Slow network is detected. See https://www.chromestatus.com/feature/5636954674692096 for more details. Fallback font will be used while loading: http://localhost:5488/fonts/kalpurush.ttf","meta":{"userLevel":true,"rootId":"av34polac8k5ypy","id":"av34polac8k5ypy"},"id":"vvy32up5ql57m0e","previousOperationId":"zif70i4np2nqirv"}
{"type":"log","timestamp":1744177831766,"level":"debug","message":"Page request: GET (font) http://localhost:5488/fonts/kalpurush.ttf","meta":{"rootId":"av34polac8k5ypy","id":"av34polac8k5ypy"},"id":"g7kiltffwdp2t0t","previousOperationId":"zif70i4np2nqirv"}
{"type":"log","timestamp":1744177831793,"level":"debug","message":"Page request: GET (font) http://localhost:5488/fonts/kalpurush.ttf","meta":{"rootId":"av34polac8k5ypy","id":"av34polac8k5ypy"},"id":"6d3uwqcp4k5sr89","previousOperationId":"zif70i4np2nqirv"}
{"type":"log","timestamp":1744177831801,"level":"debug","message":"(console:error) Failed to load resource: the server responded with a status of 404 (Not Found)","meta":{"userLevel":true,"rootId":"av34polac8k5ypy","id":"av34polac8k5ypy"},"id":"79sbwpkouqoiljn","previousOperationId":"zif70i4np2nqirv"}
{"type":"log","timestamp":1744177831802,"level":"warn","message":"Page request failed: GET (font) http://localhost:5488/fonts/kalpurush.ttf, failure: net::ERR_ABORTED","meta":{"rootId":"av34polac8k5ypy","id":"av34polac8k5ypy"},"id":"w9vot32wz5bxe8p","previousOperationId":"zif70i4np2nqirv"}
{"type":"log","timestamp":1744177831814,"level":"debug","message":"Running chrome with params {\"printBackground\":true,\"timeout\":59914,\"margin\":{}}","meta":{"rootId":"av34polac8k5ypy","id":"av34polac8k5ypy"},"id":"o08cnen47l8xix7","previousOperationId":"zif70i4np2nqirv"}
{"type":"operationEnd","operationId":"zif70i4np2nqirv","timestamp":1744177832011,"id":"e148t6vfnl99bv5","previousEventId":"kg228e5cfavd75r","previousOperationId":"zif70i4np2nqirv"}
{"type":"log","timestamp":1744177832011,"level":"debug","message":"Skipping storing report.","meta":{"rootId":"av34polac8k5ypy","id":"av34polac8k5ypy"},"id":"pd6n2xinbelhx2t","previousOperationId":"zif70i4np2nqirv"}
{"type":"log","timestamp":1744177832011,"level":"info","message":"Rendering request 5 finished in 489 ms","meta":{"rootId":"av34polac8k5ypy","id":"av34polac8k5ypy"},"id":"71jb71p8n1oj5ii","previousOperationId":"zif70i4np2nqirv"}
{"type":"operationEnd","subtype":"render","operationId":"rtynublf2tf4w3m","timestamp":1744177832011,"id":"lpb1ixrjpqayt2k","previousEventId":"e148t6vfnl99bv5","previousOperationId":"zif70i4np2nqirv"}
{"type":"operationEnd","doDiffs":false,"previousEventId":"4lt7rwelkmdne16","previousOperationId":"utw0fraeo6y68ae","operationId":"utw0fraeo6y68ae","timestamp":1744177832016,"id":"p1ri5lpc6my1bh7"}
