{"type":"operationStart","subtype":"profile","data":{"_id":"aM9gX8q2u2QCWRIR","timestamp":"2025-04-09T05:47:56.137Z","state":"queued","mode":"standard","creationDate":"2025-04-09T05:47:56.139Z","modificationDate":"2025-04-09T05:47:56.139Z","shortid":"SUzA6e2","$entitySet":"profiles"},"doDiffs":false,"timestamp":1744177676138,"id":"r1lnazy2ui7i1on","previousOperationId":null,"operationId":"6pe9mgmv5dluq5a"}
{"type":"log","level":"info","message":"Render request 4 queued for execution and waiting for available worker","previousOperationId":"6pe9mgmv5dluq5a","timestamp":1744177676138,"id":"8uqv93xog826s0u"}
{"type":"operationStart","subtype":"render","name":"pre-registration-fee-report-main","previousOperationId":"6pe9mgmv5dluq5a","timestamp":1744177676152,"id":"vluxpdypwro3m8n","previousEventId":"r1lnazy2ui7i1on","operationId":"5z55kzsyqszcvas"}
{"type":"log","timestamp":1744177676152,"level":"info","message":"Starting rendering request 4","meta":{"rootId":"o3yufuifc19a95e","id":"o3yufuifc19a95e"},"id":"1erzt36yw7zvmqt","previousOperationId":"5z55kzsyqszcvas"}
{"type":"log","timestamp":1744177676153,"level":"info","message":"Rendering template { name: pre-registration-fee-report-main, recipe: chrome-pdf, engine: handlebars, preview: true }","meta":{"rootId":"o3yufuifc19a95e","id":"o3yufuifc19a95e"},"id":"ogokm6ve8s35327","previousOperationId":"5z55kzsyqszcvas"}
{"type":"log","timestamp":1744177676153,"level":"debug","message":"Adding sample data KRbpyuCAW","meta":{"rootId":"o3yufuifc19a95e","id":"o3yufuifc19a95e"},"id":"kzcblfvrhkyze6n","previousOperationId":"5z55kzsyqszcvas"}
{"type":"log","timestamp":1744177676155,"level":"debug","message":"Base url not specified, skipping its injection.","meta":{"rootId":"o3yufuifc19a95e","id":"o3yufuifc19a95e"},"id":"swvix6qb5lgxeqg","previousOperationId":"5z55kzsyqszcvas"}
{"type":"operationStart","subtype":"engine","name":"handlebars","timestamp":1744177676155,"id":"noc9t3xl4g7ij51","previousEventId":"vluxpdypwro3m8n","operationId":"hq0e1hu1o9zg0og","previousOperationId":"5z55kzsyqszcvas"}
{"type":"log","timestamp":1744177676155,"level":"debug","message":"Rendering engine handlebars","meta":{"rootId":"o3yufuifc19a95e","id":"o3yufuifc19a95e"},"id":"1qd46fl988kpj00","previousOperationId":"hq0e1hu1o9zg0og"}
{"type":"operationEnd","operationId":"hq0e1hu1o9zg0og","timestamp":1744177676173,"id":"bo6198vm6cok52t","previousEventId":"noc9t3xl4g7ij51","previousOperationId":"hq0e1hu1o9zg0og"}
{"type":"operationStart","subtype":"recipe","name":"chrome-pdf","timestamp":1744177676173,"id":"z289wbb6k3id4e4","previousEventId":"bo6198vm6cok52t","operationId":"g946gcp776z9pni","previousOperationId":"hq0e1hu1o9zg0og"}
{"type":"log","timestamp":1744177676173,"level":"debug","message":"Executing recipe chrome-pdf","meta":{"rootId":"o3yufuifc19a95e","id":"o3yufuifc19a95e"},"id":"xy7fsdgxdqhgmow","previousOperationId":"g946gcp776z9pni"}
{"type":"log","timestamp":1744177676196,"level":"debug","message":"Converting with chrome Chrome/133.0.6943.126 using chrome-pool strategy","meta":{"rootId":"o3yufuifc19a95e","id":"o3yufuifc19a95e"},"id":"hcobb3yygd5nlkh","previousOperationId":"g946gcp776z9pni"}
{"type":"log","timestamp":1744177676487,"level":"debug","message":"Page request: GET (document) file:///C:/Users/Patheo24/AppData/Local/Temp/jsreport/autocleanup/cd03aedd-132d-40a9-ab59-51f3d94b3006-chrome-pdf.html","meta":{"rootId":"o3yufuifc19a95e","id":"o3yufuifc19a95e"},"id":"poj5nvqlqn2eir8","previousOperationId":"g946gcp776z9pni"}
{"type":"log","timestamp":1744177676514,"level":"debug","message":"Page request finished: GET (document) 200 file:///C:/Users/Patheo24/AppData/Local/Temp/jsreport/autocleanup/cd03aedd-132d-40a9-ab59-51f3d94b3006-chrome-pdf.html","meta":{"rootId":"o3yufuifc19a95e","id":"o3yufuifc19a95e"},"id":"31m2r7wje8x3cdk","previousOperationId":"g946gcp776z9pni"}
{"type":"log","timestamp":1744177676515,"level":"debug","message":"(console:info) Slow network is detected. See https://www.chromestatus.com/feature/5636954674692096 for more details. Fallback font will be used while loading: http://localhost:5488/fonts/kalpurush.ttf","meta":{"userLevel":true,"rootId":"o3yufuifc19a95e","id":"o3yufuifc19a95e"},"id":"341jq1z2wdk9ywu","previousOperationId":"g946gcp776z9pni"}
{"type":"log","timestamp":1744177676515,"level":"debug","message":"Page request: GET (font) http://localhost:5488/fonts/kalpurush.ttf","meta":{"rootId":"o3yufuifc19a95e","id":"o3yufuifc19a95e"},"id":"inf56mhku7dunv7","previousOperationId":"g946gcp776z9pni"}
{"type":"log","timestamp":1744177676543,"level":"debug","message":"Page request: GET (font) http://localhost:5488/fonts/kalpurush.ttf","meta":{"rootId":"o3yufuifc19a95e","id":"o3yufuifc19a95e"},"id":"couz3kgig76oi2h","previousOperationId":"g946gcp776z9pni"}
{"type":"log","timestamp":1744177676552,"level":"debug","message":"(console:error) Failed to load resource: the server responded with a status of 404 (Not Found)","meta":{"userLevel":true,"rootId":"o3yufuifc19a95e","id":"o3yufuifc19a95e"},"id":"ygttnm3fk496r6w","previousOperationId":"g946gcp776z9pni"}
{"type":"log","timestamp":1744177676552,"level":"warn","message":"Page request failed: GET (font) http://localhost:5488/fonts/kalpurush.ttf, failure: net::ERR_ABORTED","meta":{"rootId":"o3yufuifc19a95e","id":"o3yufuifc19a95e"},"id":"58stoenkvfpqxyw","previousOperationId":"g946gcp776z9pni"}
{"type":"log","timestamp":1744177676556,"level":"debug","message":"Running chrome with params {\"printBackground\":true,\"timeout\":59942,\"margin\":{}}","meta":{"rootId":"o3yufuifc19a95e","id":"o3yufuifc19a95e"},"id":"njbnel9ge06kbf0","previousOperationId":"g946gcp776z9pni"}
{"type":"operationEnd","operationId":"g946gcp776z9pni","timestamp":1744177676748,"id":"aqbcmrma3dgzmez","previousEventId":"z289wbb6k3id4e4","previousOperationId":"g946gcp776z9pni"}
{"type":"log","timestamp":1744177676748,"level":"debug","message":"Skipping storing report.","meta":{"rootId":"o3yufuifc19a95e","id":"o3yufuifc19a95e"},"id":"w2or96s9nz5r311","previousOperationId":"g946gcp776z9pni"}
{"type":"log","timestamp":1744177676749,"level":"info","message":"Rendering request 4 finished in 612 ms","meta":{"rootId":"o3yufuifc19a95e","id":"o3yufuifc19a95e"},"id":"zl9uweekxuewn8a","previousOperationId":"g946gcp776z9pni"}
{"type":"operationEnd","subtype":"render","operationId":"5z55kzsyqszcvas","timestamp":1744177676749,"id":"tdy7ka5oakkh6rl","previousEventId":"aqbcmrma3dgzmez","previousOperationId":"g946gcp776z9pni"}
{"type":"operationEnd","doDiffs":false,"previousEventId":"r1lnazy2ui7i1on","previousOperationId":"6pe9mgmv5dluq5a","operationId":"6pe9mgmv5dluq5a","timestamp":1744177676753,"id":"rhxa7slk2ly7vmb"}
