{"type":"operationStart","subtype":"profile","data":{"_id":"JIG0g9AdLcG8gyyB","timestamp":"2025-04-09T05:58:38.900Z","state":"queued","mode":"standard","creationDate":"2025-04-09T05:58:38.905Z","modificationDate":"2025-04-09T05:58:38.905Z","shortid":"BsrZmZ7","$entitySet":"profiles"},"doDiffs":false,"timestamp":1744178318903,"id":"gwddhnceqdszfz7","previousOperationId":null,"operationId":"hxdobiautbtq128"}
{"type":"log","level":"info","message":"Render request 1 queued for execution and waiting for available worker","previousOperationId":"hxdobiautbtq128","timestamp":1744178318904,"id":"3816p3e1jufm5o0"}
{"type":"operationStart","subtype":"render","name":"myTemplate","previousOperationId":"hxdobiautbtq128","timestamp":1744178318939,"id":"tj4hqpq6khg9ktr","previousEventId":"gwddhnceqdszfz7","operationId":"6b1wirk7kgge6q6"}
{"type":"log","timestamp":1744178318940,"level":"info","message":"Starting rendering request 1","meta":{"rootId":"5g400q6rmywr383","id":"5g400q6rmywr383"},"id":"pm08d4vy2lz1nrj","previousOperationId":"6b1wirk7kgge6q6"}
{"type":"log","timestamp":1744178318941,"level":"info","message":"Rendering template { name: myTemplate, recipe: chrome-pdf, engine: handlebars, preview: true }","meta":{"rootId":"5g400q6rmywr383","id":"5g400q6rmywr383"},"id":"4j7gr2q55f60vji","previousOperationId":"6b1wirk7kgge6q6"}
{"type":"log","timestamp":1744178318942,"level":"debug","message":"Inline data specified.","meta":{"rootId":"5g400q6rmywr383","id":"5g400q6rmywr383"},"id":"ps67nmytji3vdwk","previousOperationId":"6b1wirk7kgge6q6"}
{"type":"log","timestamp":1744178318946,"level":"debug","message":"Base url not specified, skipping its injection.","meta":{"rootId":"5g400q6rmywr383","id":"5g400q6rmywr383"},"id":"y007qvyy0pnbuhq","previousOperationId":"6b1wirk7kgge6q6"}
{"type":"operationStart","subtype":"engine","name":"handlebars","timestamp":1744178318949,"id":"o5yrxno7kozr9pk","previousEventId":"tj4hqpq6khg9ktr","operationId":"4zdp8qk7bg5sfo3","previousOperationId":"6b1wirk7kgge6q6"}
{"type":"log","timestamp":1744178318949,"level":"debug","message":"Rendering engine handlebars","meta":{"rootId":"5g400q6rmywr383","id":"5g400q6rmywr383"},"id":"cr2746pa4ildk0y","previousOperationId":"4zdp8qk7bg5sfo3"}
{"type":"operationEnd","operationId":"4zdp8qk7bg5sfo3","timestamp":1744178319632,"id":"4tk3jq3qqc9uvet","previousEventId":"o5yrxno7kozr9pk","previousOperationId":"4zdp8qk7bg5sfo3"}
{"type":"operationStart","subtype":"recipe","name":"chrome-pdf","timestamp":1744178319632,"id":"6dukxdeyb5lukbb","previousEventId":"4tk3jq3qqc9uvet","operationId":"5m1ptqqwperjpwi","previousOperationId":"4zdp8qk7bg5sfo3"}
{"type":"log","timestamp":1744178319632,"level":"debug","message":"Executing recipe chrome-pdf","meta":{"rootId":"5g400q6rmywr383","id":"5g400q6rmywr383"},"id":"exxroe1l5l79wy0","previousOperationId":"5m1ptqqwperjpwi"}
{"type":"log","timestamp":1744178320539,"level":"debug","message":"Converting with chrome Chrome/133.0.6943.126 using chrome-pool strategy","meta":{"rootId":"5g400q6rmywr383","id":"5g400q6rmywr383"},"id":"fvf0o77fwx1kl1i","previousOperationId":"5m1ptqqwperjpwi"}
{"type":"log","timestamp":1744178320634,"level":"debug","message":"Page request: GET (document) file:///C:/Users/Patheo24/AppData/Local/Temp/jsreport/autocleanup/e2665b64-791b-440e-8d54-b42c14946258-chrome-pdf.html","meta":{"rootId":"5g400q6rmywr383","id":"5g400q6rmywr383"},"id":"fjfxqd0remk0t68","previousOperationId":"5m1ptqqwperjpwi"}
{"type":"log","timestamp":1744178320667,"level":"debug","message":"Page request finished: GET (document) 200 file:///C:/Users/Patheo24/AppData/Local/Temp/jsreport/autocleanup/e2665b64-791b-440e-8d54-b42c14946258-chrome-pdf.html","meta":{"rootId":"5g400q6rmywr383","id":"5g400q6rmywr383"},"id":"zestkke9eobnees","previousOperationId":"5m1ptqqwperjpwi"}
{"type":"log","timestamp":1744178320670,"level":"debug","message":"Page request: GET (font) http://localhost:5488/fonts/kalpurush.ttf","meta":{"rootId":"5g400q6rmywr383","id":"5g400q6rmywr383"},"id":"z6quk31x2hgdy51","previousOperationId":"5m1ptqqwperjpwi"}
{"type":"log","timestamp":1744178320678,"level":"debug","message":"Page request: GET (font) http://localhost:5488/fonts/kalpurush.ttf","meta":{"rootId":"5g400q6rmywr383","id":"5g400q6rmywr383"},"id":"l4tnaiw7le1b122","previousOperationId":"5m1ptqqwperjpwi"}
{"type":"log","timestamp":1744178320750,"level":"debug","message":"(console:error) Failed to load resource: the server responded with a status of 404 (Not Found)","meta":{"userLevel":true,"rootId":"5g400q6rmywr383","id":"5g400q6rmywr383"},"id":"l01gslf8mffoox7","previousOperationId":"5m1ptqqwperjpwi"}
{"type":"log","timestamp":1744178320750,"level":"warn","message":"Page request failed: GET (font) http://localhost:5488/fonts/kalpurush.ttf, failure: net::ERR_ABORTED","meta":{"rootId":"5g400q6rmywr383","id":"5g400q6rmywr383"},"id":"vclarwp11g5q4w0","previousOperationId":"5m1ptqqwperjpwi"}
{"type":"log","timestamp":1744178320769,"level":"debug","message":"Running chrome with params {\"printBackground\":true,\"timeout\":58850,\"margin\":{}}","meta":{"rootId":"5g400q6rmywr383","id":"5g400q6rmywr383"},"id":"qi0frak3e1kstjg","previousOperationId":"5m1ptqqwperjpwi"}
{"type":"operationEnd","operationId":"5m1ptqqwperjpwi","timestamp":1744178321082,"id":"llg9vuv1jlt0ovw","previousEventId":"6dukxdeyb5lukbb","previousOperationId":"5m1ptqqwperjpwi"}
{"type":"log","timestamp":1744178321083,"level":"debug","message":"Skipping storing report.","meta":{"rootId":"5g400q6rmywr383","id":"5g400q6rmywr383"},"id":"jwne9hjnnlcuoo0","previousOperationId":"5m1ptqqwperjpwi"}
{"type":"log","timestamp":1744178321083,"level":"info","message":"Rendering request 1 finished in 2184 ms","meta":{"rootId":"5g400q6rmywr383","id":"5g400q6rmywr383"},"id":"qlktinaketqy2ry","previousOperationId":"5m1ptqqwperjpwi"}
{"type":"operationEnd","subtype":"render","operationId":"6b1wirk7kgge6q6","timestamp":1744178321084,"id":"35m7flzzg1v9ttx","previousEventId":"llg9vuv1jlt0ovw","previousOperationId":"5m1ptqqwperjpwi"}
{"type":"operationEnd","doDiffs":false,"previousEventId":"gwddhnceqdszfz7","previousOperationId":"hxdobiautbtq128","operationId":"hxdobiautbtq128","timestamp":1744178321092,"id":"pq6oweo6idlvdgm"}
