2025-04-09T14:07:45.477Z - error: Error when processing render request 69
(because) protocol error (Page.printToPDF): invalid print parameters: content area is empty
ProtocolError: Protocol error (Page.printToPDF): invalid print parameters: content area is empty
    at <instance_members_initializer> (C:\projects2\jsreport-server\node_modules\puppeteer-core\lib\cjs\puppeteer\common\CallbackRegistry.js:101:14)
    at new Callback (C:\projects2\jsreport-server\node_modules\puppeteer-core\lib\cjs\puppeteer\common\CallbackRegistry.js:105:16)
    at CallbackRegistry.create (C:\projects2\jsreport-server\node_modules\puppeteer-core\lib\cjs\puppeteer\common\CallbackRegistry.js:23:26)
    at Connection._rawSend (C:\projects2\jsreport-server\node_modules\puppeteer-core\lib\cjs\puppeteer\cdp\Connection.js:99:26)
    at CdpCDPSession.send (C:\projects2\jsreport-server\node_modules\puppeteer-core\lib\cjs\puppeteer\cdp\CdpSession.js:73:33)
    at CdpPage.createPDFStream (C:\projects2\jsreport-server\node_modules\puppeteer-core\lib\cjs\puppeteer\cdp\Page.js:798:63)
    at async C:\projects2\jsreport-server\node_modules\@jsreport\jsreport-chrome-pdf\lib\conversion.js:391:16
    at async C:\projects2\jsreport-server\node_modules\@jsreport\jsreport-chrome-pdf\lib\conversion.js:432:22 rootId=97qcufp1a72vej5, id=97qcufp1a72vej5
2025-04-09T14:07:45.477Z - error: Rendering request 69 finished with error in 242 ms rootId=97qcufp1a72vej5, id=97qcufp1a72vej5
2025-04-09T14:07:55.453Z - error: Error when processing render request 70
(because) protocol error (Page.printToPDF): invalid print parameters: content area is empty
ProtocolError: Protocol error (Page.printToPDF): invalid print parameters: content area is empty
    at <instance_members_initializer> (C:\projects2\jsreport-server\node_modules\puppeteer-core\lib\cjs\puppeteer\common\CallbackRegistry.js:101:14)
    at new Callback (C:\projects2\jsreport-server\node_modules\puppeteer-core\lib\cjs\puppeteer\common\CallbackRegistry.js:105:16)
    at CallbackRegistry.create (C:\projects2\jsreport-server\node_modules\puppeteer-core\lib\cjs\puppeteer\common\CallbackRegistry.js:23:26)
    at Connection._rawSend (C:\projects2\jsreport-server\node_modules\puppeteer-core\lib\cjs\puppeteer\cdp\Connection.js:99:26)
    at CdpCDPSession.send (C:\projects2\jsreport-server\node_modules\puppeteer-core\lib\cjs\puppeteer\cdp\CdpSession.js:73:33)
    at CdpPage.createPDFStream (C:\projects2\jsreport-server\node_modules\puppeteer-core\lib\cjs\puppeteer\cdp\Page.js:798:63)
    at async C:\projects2\jsreport-server\node_modules\@jsreport\jsreport-chrome-pdf\lib\conversion.js:391:16
    at async C:\projects2\jsreport-server\node_modules\@jsreport\jsreport-chrome-pdf\lib\conversion.js:432:22 rootId=4iaxfrtvp1ks1rd, id=4iaxfrtvp1ks1rd
2025-04-09T14:07:55.453Z - error: Rendering request 70 finished with error in 279 ms rootId=4iaxfrtvp1ks1rd, id=4iaxfrtvp1ks1rd
2025-04-09T14:08:06.019Z - error: Error when processing render request 71
(because) protocol error (Page.printToPDF): invalid print parameters: content area is empty
ProtocolError: Protocol error (Page.printToPDF): invalid print parameters: content area is empty
    at <instance_members_initializer> (C:\projects2\jsreport-server\node_modules\puppeteer-core\lib\cjs\puppeteer\common\CallbackRegistry.js:101:14)
    at new Callback (C:\projects2\jsreport-server\node_modules\puppeteer-core\lib\cjs\puppeteer\common\CallbackRegistry.js:105:16)
    at CallbackRegistry.create (C:\projects2\jsreport-server\node_modules\puppeteer-core\lib\cjs\puppeteer\common\CallbackRegistry.js:23:26)
    at Connection._rawSend (C:\projects2\jsreport-server\node_modules\puppeteer-core\lib\cjs\puppeteer\cdp\Connection.js:99:26)
    at CdpCDPSession.send (C:\projects2\jsreport-server\node_modules\puppeteer-core\lib\cjs\puppeteer\cdp\CdpSession.js:73:33)
    at CdpPage.createPDFStream (C:\projects2\jsreport-server\node_modules\puppeteer-core\lib\cjs\puppeteer\cdp\Page.js:798:63)
    at async C:\projects2\jsreport-server\node_modules\@jsreport\jsreport-chrome-pdf\lib\conversion.js:391:16
    at async C:\projects2\jsreport-server\node_modules\@jsreport\jsreport-chrome-pdf\lib\conversion.js:432:22 rootId=hypvln1bghup3tn, id=hypvln1bghup3tn
2025-04-09T14:08:06.019Z - error: Rendering request 71 finished with error in 186 ms rootId=hypvln1bghup3tn, id=hypvln1bghup3tn
2025-04-09T14:08:29.444Z - error: Error when processing render request 72
(because) protocol error (Page.printToPDF): invalid print parameters: content area is empty
ProtocolError: Protocol error (Page.printToPDF): invalid print parameters: content area is empty
    at <instance_members_initializer> (C:\projects2\jsreport-server\node_modules\puppeteer-core\lib\cjs\puppeteer\common\CallbackRegistry.js:101:14)
    at new Callback (C:\projects2\jsreport-server\node_modules\puppeteer-core\lib\cjs\puppeteer\common\CallbackRegistry.js:105:16)
    at CallbackRegistry.create (C:\projects2\jsreport-server\node_modules\puppeteer-core\lib\cjs\puppeteer\common\CallbackRegistry.js:23:26)
    at Connection._rawSend (C:\projects2\jsreport-server\node_modules\puppeteer-core\lib\cjs\puppeteer\cdp\Connection.js:99:26)
    at CdpCDPSession.send (C:\projects2\jsreport-server\node_modules\puppeteer-core\lib\cjs\puppeteer\cdp\CdpSession.js:73:33)
    at CdpPage.createPDFStream (C:\projects2\jsreport-server\node_modules\puppeteer-core\lib\cjs\puppeteer\cdp\Page.js:798:63)
    at async C:\projects2\jsreport-server\node_modules\@jsreport\jsreport-chrome-pdf\lib\conversion.js:391:16
    at async C:\projects2\jsreport-server\node_modules\@jsreport\jsreport-chrome-pdf\lib\conversion.js:432:22 rootId=l62au533p40psfp, id=l62au533p40psfp
2025-04-09T14:08:29.444Z - error: Rendering request 72 finished with error in 201 ms rootId=l62au533p40psfp, id=l62au533p40psfp
2025-04-10T12:09:43.705Z - error: Error when starting http server on port 5488 Error: listen EADDRINUSE: address already in use :::5488
    at Server.setupListenHandle [as _listen2] (node:net:1907:16)
    at listenInCluster (node:net:1964:12)
    at Server.listen (node:net:2066:7)
    at C:\projects2\jsreport-server\node_modules\@jsreport\jsreport-express\lib\main.js:22:12
    at new Promise (<anonymous>)
    at startAsync (C:\projects2\jsreport-server\node_modules\@jsreport\jsreport-express\lib\main.js:16:10)
    at C:\projects2\jsreport-server\node_modules\@jsreport\jsreport-express\lib\main.js:50:14
    at Object.start (C:\projects2\jsreport-server\node_modules\@jsreport\jsreport-express\lib\main.js:125:13)
    at Object.<anonymous> (C:\projects2\jsreport-server\node_modules\@jsreport\jsreport-express\lib\main.js:333:30)
    at async ListenerCollection.fire (C:\projects2\jsreport-server\node_modules\@jsreport\jsreport-core\lib\shared\listenerCollection.js:157:21)
2025-04-10T12:09:43.706Z - error: Error occurred during reporter init: Error: listen EADDRINUSE: address already in use :::5488
    at Server.setupListenHandle [as _listen2] (node:net:1907:16)
    at listenInCluster (node:net:1964:12)
    at Server.listen (node:net:2066:7)
    at C:\projects2\jsreport-server\node_modules\@jsreport\jsreport-express\lib\main.js:22:12
    at new Promise (<anonymous>)
    at startAsync (C:\projects2\jsreport-server\node_modules\@jsreport\jsreport-express\lib\main.js:16:10)
    at C:\projects2\jsreport-server\node_modules\@jsreport\jsreport-express\lib\main.js:50:14
    at Object.start (C:\projects2\jsreport-server\node_modules\@jsreport\jsreport-express\lib\main.js:125:13)
    at Object.<anonymous> (C:\projects2\jsreport-server\node_modules\@jsreport\jsreport-express\lib\main.js:333:30)
    at async ListenerCollection.fire (C:\projects2\jsreport-server\node_modules\@jsreport\jsreport-core\lib\shared\listenerCollection.js:157:21)
2025-04-10T12:10:08.074Z - error: Error when starting http server on port 5488 Error: listen EADDRINUSE: address already in use :::5488
    at Server.setupListenHandle [as _listen2] (node:net:1907:16)
    at listenInCluster (node:net:1964:12)
    at Server.listen (node:net:2066:7)
    at C:\projects2\jsreport-server\node_modules\@jsreport\jsreport-express\lib\main.js:22:12
    at new Promise (<anonymous>)
    at startAsync (C:\projects2\jsreport-server\node_modules\@jsreport\jsreport-express\lib\main.js:16:10)
    at C:\projects2\jsreport-server\node_modules\@jsreport\jsreport-express\lib\main.js:50:14
    at Object.start (C:\projects2\jsreport-server\node_modules\@jsreport\jsreport-express\lib\main.js:125:13)
    at Object.<anonymous> (C:\projects2\jsreport-server\node_modules\@jsreport\jsreport-express\lib\main.js:333:30)
    at async ListenerCollection.fire (C:\projects2\jsreport-server\node_modules\@jsreport\jsreport-core\lib\shared\listenerCollection.js:157:21)
2025-04-10T12:10:08.075Z - error: Error occurred during reporter init: Error: listen EADDRINUSE: address already in use :::5488
    at Server.setupListenHandle [as _listen2] (node:net:1907:16)
    at listenInCluster (node:net:1964:12)
    at Server.listen (node:net:2066:7)
    at C:\projects2\jsreport-server\node_modules\@jsreport\jsreport-express\lib\main.js:22:12
    at new Promise (<anonymous>)
    at startAsync (C:\projects2\jsreport-server\node_modules\@jsreport\jsreport-express\lib\main.js:16:10)
    at C:\projects2\jsreport-server\node_modules\@jsreport\jsreport-express\lib\main.js:50:14
    at Object.start (C:\projects2\jsreport-server\node_modules\@jsreport\jsreport-express\lib\main.js:125:13)
    at Object.<anonymous> (C:\projects2\jsreport-server\node_modules\@jsreport\jsreport-express\lib\main.js:333:30)
    at async ListenerCollection.fire (C:\projects2\jsreport-server\node_modules\@jsreport\jsreport-core\lib\shared\listenerCollection.js:157:21)
2025-04-10T12:10:23.354Z - error: Error when starting http server on port 5488 Error: listen EADDRINUSE: address already in use :::5488
    at Server.setupListenHandle [as _listen2] (node:net:1907:16)
    at listenInCluster (node:net:1964:12)
    at Server.listen (node:net:2066:7)
    at C:\projects2\jsreport-server\node_modules\@jsreport\jsreport-express\lib\main.js:22:12
    at new Promise (<anonymous>)
    at startAsync (C:\projects2\jsreport-server\node_modules\@jsreport\jsreport-express\lib\main.js:16:10)
    at C:\projects2\jsreport-server\node_modules\@jsreport\jsreport-express\lib\main.js:50:14
    at Object.start (C:\projects2\jsreport-server\node_modules\@jsreport\jsreport-express\lib\main.js:125:13)
    at Object.<anonymous> (C:\projects2\jsreport-server\node_modules\@jsreport\jsreport-express\lib\main.js:333:30)
    at async ListenerCollection.fire (C:\projects2\jsreport-server\node_modules\@jsreport\jsreport-core\lib\shared\listenerCollection.js:157:21)
2025-04-10T12:10:23.355Z - error: Error occurred during reporter init: Error: listen EADDRINUSE: address already in use :::5488
    at Server.setupListenHandle [as _listen2] (node:net:1907:16)
    at listenInCluster (node:net:1964:12)
    at Server.listen (node:net:2066:7)
    at C:\projects2\jsreport-server\node_modules\@jsreport\jsreport-express\lib\main.js:22:12
    at new Promise (<anonymous>)
    at startAsync (C:\projects2\jsreport-server\node_modules\@jsreport\jsreport-express\lib\main.js:16:10)
    at C:\projects2\jsreport-server\node_modules\@jsreport\jsreport-express\lib\main.js:50:14
    at Object.start (C:\projects2\jsreport-server\node_modules\@jsreport\jsreport-express\lib\main.js:125:13)
    at Object.<anonymous> (C:\projects2\jsreport-server\node_modules\@jsreport\jsreport-express\lib\main.js:333:30)
    at async ListenerCollection.fire (C:\projects2\jsreport-server\node_modules\@jsreport\jsreport-core\lib\shared\listenerCollection.js:157:21)
2025-04-16T05:02:17.895Z - error: Error occurred during reporter init: Error: options contain values that does not match the defined full root schema. schema validation errors: rootOptions.license should be object
    at MainReporter.extensionsLoad (C:\projects2\jsreport-server\node_modules\@jsreport\jsreport-core\lib\main\reporter.js:131:13)
    at async MainReporter.init (C:\projects2\jsreport-server\node_modules\@jsreport\jsreport-core\lib\main\reporter.js:179:7)
2025-04-16T05:02:37.386Z - error: Error occurred during reporter init: Error: options contain values that does not match the defined full root schema. schema validation errors: rootOptions.license should be object
    at MainReporter.extensionsLoad (C:\projects2\jsreport-server\node_modules\@jsreport\jsreport-core\lib\main\reporter.js:131:13)
    at async MainReporter.init (C:\projects2\jsreport-server\node_modules\@jsreport\jsreport-core\lib\main\reporter.js:179:7)
2025-04-16T05:56:56.693Z - error: Error when processing OData POST: /odata/assets Error: Entity name can not be empty
    at module.exports (C:\projects2\jsreport-server\node_modules\@jsreport\jsreport-core\lib\shared\createError.js:10:13)
    at module.exports (C:\projects2\jsreport-server\node_modules\@jsreport\jsreport-core\lib\main\validateEntityName.js:26:11)
    at Object.insert (C:\projects2\jsreport-server\node_modules\@jsreport\jsreport-core\lib\main\store\collection.js:123:7)
    at process.processTicksAndRejections (node:internal/process/task_queues:105:5)
2025-06-05T12:10:14.942Z - error: Error when processing render request 1
(because) browser was not found at the configured executablePath (/opt/render/.cache/puppeteer/chrome/linux-133.0.6943.126/chrome-linux/chrome)
Error: Browser was not found at the configured executablePath (/opt/render/.cache/puppeteer/chrome/linux-133.0.6943.126/chrome-linux/chrome)
  at ChromeLauncher.launch (C:\projects2\my-ongoing-projects\Board-management-software\pdf-generate-backend-server\node_modules\jsreport\node_modules\puppeteer-core\lib\cjs\puppeteer\node\BrowserLauncher.js:89:19)
  at async createBrowser (C:\projects2\my-ongoing-projects\Board-management-software\pdf-generate-backend-server\node_modules\jsreport\node_modules\@jsreport\jsreport-chrome-pdf\lib\chromePoolStrategy.js:105:26)
  at async allocateBrowser (C:\projects2\my-ongoing-projects\Board-management-software\pdf-generate-backend-server\node_modules\jsreport\node_modules\@jsreport\jsreport-chrome-pdf\lib\chromePoolStrategy.js:120:5)
  at async getBrowser (C:\projects2\my-ongoing-projects\Board-management-software\pdf-generate-backend-server\node_modules\jsreport\node_modules\@jsreport\jsreport-chrome-pdf\lib\chromePoolStrategy.js:23:30)
  at async module.exports (C:\projects2\my-ongoing-projects\Board-management-software\pdf-generate-backend-server\node_modules\jsreport\node_modules\@jsreport\jsreport-chrome-pdf\lib\conversion.js:11:19)
  at async execute (C:\projects2\my-ongoing-projects\Board-management-software\pdf-generate-backend-server\node_modules\jsreport\node_modules\@jsreport\jsreport-chrome-pdf\lib\chromePoolStrategy.js:20:22)
  at async C:\projects2\my-ongoing-projects\Board-management-software\pdf-generate-backend-server\node_modules\jsreport\node_modules\@jsreport\jsreport-chrome-pdf\lib\lazyRecipe.js:75:20
  at async invokeRender (C:\projects2\my-ongoing-projects\Board-management-software\pdf-generate-backend-server\node_modules\@jsreport\jsreport-core\lib\worker\render\render.js:93:5)
  at async WorkerReporter._render (C:\projects2\my-ongoing-projects\Board-management-software\pdf-generate-backend-server\node_modules\@jsreport\jsreport-core\lib\worker\render\render.js:148:7)
  at async C:\projects2\my-ongoing-projects\Board-management-software\pdf-generate-backend-server\node_modules\@jsreport\jsreport-core\lib\worker\reporter.js:232:24
  at async processAndResponse (C:\projects2\my-ongoing-projects\Board-management-software\pdf-generate-backend-server\node_modules\@jsreport\advanced-workers\lib\workerHandler.js:41:17) rootId=zi4n8533hnsntix, id=zi4n8533hnsntix
2025-06-05T12:10:14.942Z - error: Rendering request 1 finished with error in 804 ms rootId=zi4n8533hnsntix, id=zi4n8533hnsntix
2025-06-05T12:10:17.271Z - error: Error when processing render request 2
(because) browser was not found at the configured executablePath (/opt/render/.cache/puppeteer/chrome/linux-133.0.6943.126/chrome-linux/chrome)
Error: Browser was not found at the configured executablePath (/opt/render/.cache/puppeteer/chrome/linux-133.0.6943.126/chrome-linux/chrome)
  at ChromeLauncher.launch (C:\projects2\my-ongoing-projects\Board-management-software\pdf-generate-backend-server\node_modules\jsreport\node_modules\puppeteer-core\lib\cjs\puppeteer\node\BrowserLauncher.js:89:19)
  at async createBrowser (C:\projects2\my-ongoing-projects\Board-management-software\pdf-generate-backend-server\node_modules\jsreport\node_modules\@jsreport\jsreport-chrome-pdf\lib\chromePoolStrategy.js:105:26)
  at async allocateBrowser (C:\projects2\my-ongoing-projects\Board-management-software\pdf-generate-backend-server\node_modules\jsreport\node_modules\@jsreport\jsreport-chrome-pdf\lib\chromePoolStrategy.js:120:5)
  at async getBrowser (C:\projects2\my-ongoing-projects\Board-management-software\pdf-generate-backend-server\node_modules\jsreport\node_modules\@jsreport\jsreport-chrome-pdf\lib\chromePoolStrategy.js:23:30)
  at async module.exports (C:\projects2\my-ongoing-projects\Board-management-software\pdf-generate-backend-server\node_modules\jsreport\node_modules\@jsreport\jsreport-chrome-pdf\lib\conversion.js:11:19)
  at async execute (C:\projects2\my-ongoing-projects\Board-management-software\pdf-generate-backend-server\node_modules\jsreport\node_modules\@jsreport\jsreport-chrome-pdf\lib\chromePoolStrategy.js:20:22)
  at async C:\projects2\my-ongoing-projects\Board-management-software\pdf-generate-backend-server\node_modules\jsreport\node_modules\@jsreport\jsreport-chrome-pdf\lib\lazyRecipe.js:75:20
  at async invokeRender (C:\projects2\my-ongoing-projects\Board-management-software\pdf-generate-backend-server\node_modules\@jsreport\jsreport-core\lib\worker\render\render.js:93:5)
  at async WorkerReporter._render (C:\projects2\my-ongoing-projects\Board-management-software\pdf-generate-backend-server\node_modules\@jsreport\jsreport-core\lib\worker\render\render.js:148:7)
  at async C:\projects2\my-ongoing-projects\Board-management-software\pdf-generate-backend-server\node_modules\@jsreport\jsreport-core\lib\worker\reporter.js:232:24
  at async processAndResponse (C:\projects2\my-ongoing-projects\Board-management-software\pdf-generate-backend-server\node_modules\@jsreport\advanced-workers\lib\workerHandler.js:41:17) rootId=f7ejh5g0s9rn3y9, id=f7ejh5g0s9rn3y9
2025-06-05T12:10:17.271Z - error: Rendering request 2 finished with error in 856 ms rootId=f7ejh5g0s9rn3y9, id=f7ejh5g0s9rn3y9
2025-06-05T12:11:06.652Z - error: Error when processing render request 1
(because) browser was not found at the configured executablePath (/opt/render/.cache/puppeteer/chrome/linux-133.0.6943.126/chrome-linux/chrome)
Error: Browser was not found at the configured executablePath (/opt/render/.cache/puppeteer/chrome/linux-133.0.6943.126/chrome-linux/chrome)
  at ChromeLauncher.launch (C:\projects2\my-ongoing-projects\Board-management-software\pdf-generate-backend-server\node_modules\jsreport\node_modules\puppeteer-core\lib\cjs\puppeteer\node\BrowserLauncher.js:89:19)
  at async createBrowser (C:\projects2\my-ongoing-projects\Board-management-software\pdf-generate-backend-server\node_modules\jsreport\node_modules\@jsreport\jsreport-chrome-pdf\lib\chromePoolStrategy.js:105:26)
  at async allocateBrowser (C:\projects2\my-ongoing-projects\Board-management-software\pdf-generate-backend-server\node_modules\jsreport\node_modules\@jsreport\jsreport-chrome-pdf\lib\chromePoolStrategy.js:120:5)
  at async getBrowser (C:\projects2\my-ongoing-projects\Board-management-software\pdf-generate-backend-server\node_modules\jsreport\node_modules\@jsreport\jsreport-chrome-pdf\lib\chromePoolStrategy.js:23:30)
  at async module.exports (C:\projects2\my-ongoing-projects\Board-management-software\pdf-generate-backend-server\node_modules\jsreport\node_modules\@jsreport\jsreport-chrome-pdf\lib\conversion.js:11:19)
  at async execute (C:\projects2\my-ongoing-projects\Board-management-software\pdf-generate-backend-server\node_modules\jsreport\node_modules\@jsreport\jsreport-chrome-pdf\lib\chromePoolStrategy.js:20:22)
  at async C:\projects2\my-ongoing-projects\Board-management-software\pdf-generate-backend-server\node_modules\jsreport\node_modules\@jsreport\jsreport-chrome-pdf\lib\lazyRecipe.js:75:20
  at async invokeRender (C:\projects2\my-ongoing-projects\Board-management-software\pdf-generate-backend-server\node_modules\@jsreport\jsreport-core\lib\worker\render\render.js:93:5)
  at async WorkerReporter._render (C:\projects2\my-ongoing-projects\Board-management-software\pdf-generate-backend-server\node_modules\@jsreport\jsreport-core\lib\worker\render\render.js:148:7)
  at async C:\projects2\my-ongoing-projects\Board-management-software\pdf-generate-backend-server\node_modules\@jsreport\jsreport-core\lib\worker\reporter.js:232:24
  at async processAndResponse (C:\projects2\my-ongoing-projects\Board-management-software\pdf-generate-backend-server\node_modules\@jsreport\advanced-workers\lib\workerHandler.js:41:17) rootId=slfyshibk58925r, id=slfyshibk58925r
2025-06-05T12:11:06.652Z - error: Rendering request 1 finished with error in 645 ms rootId=slfyshibk58925r, id=slfyshibk58925r
