{"type":"operationStart","subtype":"profile","data":{"_id":"FvziHUuLMETes8K7","timestamp":"2025-04-09T05:13:56.690Z","state":"queued","mode":"standard","creationDate":"2025-04-09T05:13:56.692Z","modificationDate":"2025-04-09T05:13:56.692Z","shortid":"oo3kq8V","$entitySet":"profiles"},"doDiffs":false,"timestamp":1744175636691,"id":"y41i5ezqxfuob77","previousOperationId":null,"operationId":"ti1wyg3atgzt0hk"}
{"type":"log","level":"info","message":"Render request 5 queued for execution and waiting for available worker","previousOperationId":"ti1wyg3atgzt0hk","timestamp":1744175636691,"id":"ou2uj83o60hbei5"}
{"type":"operationStart","subtype":"render","name":"My template","previousOperationId":"ti1wyg3atgzt0hk","timestamp":1744175636720,"id":"8emo81dy3ia4vfs","previousEventId":"y41i5ezqxfuob77","operationId":"82gngai3wufnx4n"}
{"type":"log","timestamp":1744175636721,"level":"info","message":"Starting rendering request 5","meta":{"rootId":"c4ec090axim29da","id":"c4ec090axim29da"},"id":"6d5f2honywhaht9","previousOperationId":"82gngai3wufnx4n"}
{"type":"log","timestamp":1744175636721,"level":"info","message":"Rendering template { name: My template, recipe: chrome-pdf, engine: handlebars, preview: true }","meta":{"rootId":"c4ec090axim29da","id":"c4ec090axim29da"},"id":"93fe33e1mmaocxj","previousOperationId":"82gngai3wufnx4n"}
{"type":"log","timestamp":1744175636722,"level":"debug","message":"Adding sample data PMQxqx0Rz","meta":{"rootId":"c4ec090axim29da","id":"c4ec090axim29da"},"id":"yuoeld73oqyszj2","previousOperationId":"82gngai3wufnx4n"}
{"type":"log","timestamp":1744175636723,"level":"debug","message":"Base url not specified, skipping its injection.","meta":{"rootId":"c4ec090axim29da","id":"c4ec090axim29da"},"id":"dh9aclttpzd228o","previousOperationId":"82gngai3wufnx4n"}
{"type":"operationStart","subtype":"engine","name":"handlebars","timestamp":1744175636723,"id":"7duvol17wxkelgu","previousEventId":"8emo81dy3ia4vfs","operationId":"1yh4as6asudh0c1","previousOperationId":"82gngai3wufnx4n"}
{"type":"log","timestamp":1744175636723,"level":"debug","message":"Rendering engine handlebars","meta":{"rootId":"c4ec090axim29da","id":"c4ec090axim29da"},"id":"rvwhhqm9jxwv8ha","previousOperationId":"1yh4as6asudh0c1"}
{"type":"operationEnd","operationId":"1yh4as6asudh0c1","timestamp":1744175636741,"id":"dr6qehhnpe682uy","previousEventId":"7duvol17wxkelgu","previousOperationId":"1yh4as6asudh0c1"}
{"type":"operationStart","subtype":"recipe","name":"chrome-pdf","timestamp":1744175636742,"id":"ysqquvnbk2zknwp","previousEventId":"dr6qehhnpe682uy","operationId":"cr3lycuppdiwmnf","previousOperationId":"1yh4as6asudh0c1"}
{"type":"log","timestamp":1744175636742,"level":"debug","message":"Executing recipe chrome-pdf","meta":{"rootId":"c4ec090axim29da","id":"c4ec090axim29da"},"id":"cu6fytiscwj2nw1","previousOperationId":"cr3lycuppdiwmnf"}
{"type":"log","timestamp":1744175636746,"level":"debug","message":"Converting with chrome Chrome/133.0.6943.126 using chrome-pool strategy","meta":{"rootId":"c4ec090axim29da","id":"c4ec090axim29da"},"id":"9vbfm1sd9vctwua","previousOperationId":"cr3lycuppdiwmnf"}
{"type":"log","timestamp":1744175637068,"level":"debug","message":"Page request: GET (document) file:///C:/Users/Patheo24/AppData/Local/Temp/jsreport/autocleanup/2e5fab9d-6e39-4b3d-924b-179fdbf5c66d-chrome-pdf.html","meta":{"rootId":"c4ec090axim29da","id":"c4ec090axim29da"},"id":"j4jea28gtyjepg3","previousOperationId":"cr3lycuppdiwmnf"}
{"type":"log","timestamp":1744175637093,"level":"debug","message":"Page request finished: GET (document) 200 file:///C:/Users/Patheo24/AppData/Local/Temp/jsreport/autocleanup/2e5fab9d-6e39-4b3d-924b-179fdbf5c66d-chrome-pdf.html","meta":{"rootId":"c4ec090axim29da","id":"c4ec090axim29da"},"id":"s4mztdra7k47uzd","previousOperationId":"cr3lycuppdiwmnf"}
{"type":"log","timestamp":1744175637113,"level":"debug","message":"Running chrome with params {\"printBackground\":true,\"timeout\":59947,\"margin\":{}}","meta":{"rootId":"c4ec090axim29da","id":"c4ec090axim29da"},"id":"nf613gau7itpguw","previousOperationId":"cr3lycuppdiwmnf"}
{"type":"operationEnd","operationId":"cr3lycuppdiwmnf","timestamp":1744175637404,"id":"rylcb5c2oewmczc","previousEventId":"ysqquvnbk2zknwp","previousOperationId":"cr3lycuppdiwmnf"}
{"type":"log","timestamp":1744175637404,"level":"debug","message":"Skipping storing report.","meta":{"rootId":"c4ec090axim29da","id":"c4ec090axim29da"},"id":"f9eny6afnloimcd","previousOperationId":"cr3lycuppdiwmnf"}
{"type":"log","timestamp":1744175637404,"level":"info","message":"Rendering request 5 finished in 714 ms","meta":{"rootId":"c4ec090axim29da","id":"c4ec090axim29da"},"id":"vdiq18o1qa7gunm","previousOperationId":"cr3lycuppdiwmnf"}
{"type":"operationEnd","subtype":"render","operationId":"82gngai3wufnx4n","timestamp":1744175637404,"id":"jub89j9dvrpkf6z","previousEventId":"rylcb5c2oewmczc","previousOperationId":"cr3lycuppdiwmnf"}
{"type":"operationEnd","doDiffs":false,"previousEventId":"y41i5ezqxfuob77","previousOperationId":"ti1wyg3atgzt0hk","operationId":"ti1wyg3atgzt0hk","timestamp":1744175637408,"id":"jlbwltwgphkw665"}
