{"type":"operationStart","subtype":"profile","data":{"_id":"bgiqI74h4opKFLXG","timestamp":"2025-04-09T05:13:31.440Z","state":"queued","mode":"standard","creationDate":"2025-04-09T05:13:31.442Z","modificationDate":"2025-04-09T05:13:31.442Z","shortid":"5fS6MIq","$entitySet":"profiles"},"doDiffs":false,"timestamp":1744175611441,"id":"hg2pw8isjavsph5","previousOperationId":null,"operationId":"5gckmhutnq681lr"}
{"type":"log","level":"info","message":"Render request 4 queued for execution and waiting for available worker","previousOperationId":"5gckmhutnq681lr","timestamp":1744175611441,"id":"s7nt3ztslw0pkhp"}
{"type":"operationStart","subtype":"render","name":"My template","previousOperationId":"5gckmhutnq681lr","timestamp":1744175611456,"id":"7icgq3tnc0a7hyw","previousEventId":"hg2pw8isjavsph5","operationId":"7o0et6j1tzke362"}
{"type":"log","timestamp":1744175611456,"level":"info","message":"Starting rendering request 4","meta":{"rootId":"g36rhqdz15o5e30","id":"g36rhqdz15o5e30"},"id":"rw2xtozborh2urw","previousOperationId":"7o0et6j1tzke362"}
{"type":"log","timestamp":1744175611456,"level":"info","message":"Rendering template { name: My template, recipe: chrome-pdf, engine: handlebars, preview: true }","meta":{"rootId":"g36rhqdz15o5e30","id":"g36rhqdz15o5e30"},"id":"lkc0swdczvsoxzu","previousOperationId":"7o0et6j1tzke362"}
{"type":"log","timestamp":1744175611457,"level":"debug","message":"Adding sample data PMQxqx0Rz","meta":{"rootId":"g36rhqdz15o5e30","id":"g36rhqdz15o5e30"},"id":"wjxtvt96yvhqslq","previousOperationId":"7o0et6j1tzke362"}
{"type":"log","timestamp":1744175611459,"level":"debug","message":"Base url not specified, skipping its injection.","meta":{"rootId":"g36rhqdz15o5e30","id":"g36rhqdz15o5e30"},"id":"uct104px4j8tfbl","previousOperationId":"7o0et6j1tzke362"}
{"type":"operationStart","subtype":"engine","name":"handlebars","timestamp":1744175611460,"id":"h4xa2wa3lh9booj","previousEventId":"7icgq3tnc0a7hyw","operationId":"dxcpj5rlm51sc9x","previousOperationId":"7o0et6j1tzke362"}
{"type":"log","timestamp":1744175611460,"level":"debug","message":"Rendering engine handlebars","meta":{"rootId":"g36rhqdz15o5e30","id":"g36rhqdz15o5e30"},"id":"dejk8sfqkfp621b","previousOperationId":"dxcpj5rlm51sc9x"}
{"type":"operationEnd","operationId":"dxcpj5rlm51sc9x","timestamp":1744175612167,"id":"crhxig64b5urzqw","previousEventId":"h4xa2wa3lh9booj","previousOperationId":"dxcpj5rlm51sc9x"}
{"type":"operationStart","subtype":"recipe","name":"chrome-pdf","timestamp":1744175612168,"id":"q6w95mien7o1l1e","previousEventId":"crhxig64b5urzqw","operationId":"p7r5z3d6svg1jg6","previousOperationId":"dxcpj5rlm51sc9x"}
{"type":"log","timestamp":1744175612168,"level":"debug","message":"Executing recipe chrome-pdf","meta":{"rootId":"g36rhqdz15o5e30","id":"g36rhqdz15o5e30"},"id":"k12xizspy25oz9i","previousOperationId":"p7r5z3d6svg1jg6"}
{"type":"log","timestamp":1744175612628,"level":"debug","message":"Converting with chrome Chrome/133.0.6943.126 using chrome-pool strategy","meta":{"rootId":"g36rhqdz15o5e30","id":"g36rhqdz15o5e30"},"id":"x2mkxdgeh5k0uyq","previousOperationId":"p7r5z3d6svg1jg6"}
{"type":"log","timestamp":1744175612856,"level":"debug","message":"Page request: GET (document) file:///C:/Users/Patheo24/AppData/Local/Temp/jsreport/autocleanup/398e0042-b619-4e51-a83e-d94f4b5769d0-chrome-pdf.html","meta":{"rootId":"g36rhqdz15o5e30","id":"g36rhqdz15o5e30"},"id":"vw1p3kf2q0kzfbj","previousOperationId":"p7r5z3d6svg1jg6"}
{"type":"log","timestamp":1744175612907,"level":"debug","message":"Page request finished: GET (document) 200 file:///C:/Users/Patheo24/AppData/Local/Temp/jsreport/autocleanup/398e0042-b619-4e51-a83e-d94f4b5769d0-chrome-pdf.html","meta":{"rootId":"g36rhqdz15o5e30","id":"g36rhqdz15o5e30"},"id":"0ip54dpohvit4fy","previousOperationId":"p7r5z3d6svg1jg6"}
{"type":"log","timestamp":1744175612912,"level":"debug","message":"Running chrome with params {\"printBackground\":true,\"timeout\":59264,\"margin\":{}}","meta":{"rootId":"g36rhqdz15o5e30","id":"g36rhqdz15o5e30"},"id":"mc3s1zy0ngxz4rs","previousOperationId":"p7r5z3d6svg1jg6"}
{"type":"operationEnd","operationId":"p7r5z3d6svg1jg6","timestamp":1744175613156,"id":"a6angz8hajs7v2k","previousEventId":"q6w95mien7o1l1e","previousOperationId":"p7r5z3d6svg1jg6"}
{"type":"log","timestamp":1744175613156,"level":"debug","message":"Skipping storing report.","meta":{"rootId":"g36rhqdz15o5e30","id":"g36rhqdz15o5e30"},"id":"fh4e6xsn9gbloxz","previousOperationId":"p7r5z3d6svg1jg6"}
{"type":"log","timestamp":1744175613157,"level":"info","message":"Rendering request 4 finished in 1717 ms","meta":{"rootId":"g36rhqdz15o5e30","id":"g36rhqdz15o5e30"},"id":"hyoczisy39qlmu9","previousOperationId":"p7r5z3d6svg1jg6"}
{"type":"operationEnd","subtype":"render","operationId":"7o0et6j1tzke362","timestamp":1744175613157,"id":"0pp0q2affc14gge","previousEventId":"a6angz8hajs7v2k","previousOperationId":"p7r5z3d6svg1jg6"}
{"type":"operationEnd","doDiffs":false,"previousEventId":"hg2pw8isjavsph5","previousOperationId":"5gckmhutnq681lr","operationId":"5gckmhutnq681lr","timestamp":1744175613160,"id":"dbenza6108h1t45"}
