{"type":"operationStart","subtype":"profile","data":{"_id":"z5PuHiKTXS9jgagm","timestamp":"2025-04-09T05:13:13.626Z","state":"queued","mode":"standard","creationDate":"2025-04-09T05:13:13.630Z","modificationDate":"2025-04-09T05:13:13.630Z","shortid":"Wqub3q0","$entitySet":"profiles"},"doDiffs":false,"timestamp":1744175593628,"id":"5uydm9pwr1o684c","previousOperationId":null,"operationId":"moxcks9dh5yp1k7"}
{"type":"log","level":"info","message":"Render request 3 queued for execution and waiting for available worker","previousOperationId":"moxcks9dh5yp1k7","timestamp":1744175593628,"id":"25n28nnstbmmpy5"}
{"type":"operationStart","subtype":"render","name":"My template","previousOperationId":"moxcks9dh5yp1k7","timestamp":1744175593644,"id":"zqsc4c4vg6srsyk","previousEventId":"5uydm9pwr1o684c","operationId":"9wg32aat9dbuqlg"}
{"type":"log","timestamp":1744175593644,"level":"info","message":"Starting rendering request 3","meta":{"rootId":"w1y26jgmirzcjek","id":"w1y26jgmirzcjek"},"id":"2hf9c6jygzszhl0","previousOperationId":"9wg32aat9dbuqlg"}
{"type":"log","timestamp":1744175593644,"level":"info","message":"Rendering template { name: My template, recipe: chrome-pdf, engine: handlebars, preview: true }","meta":{"rootId":"w1y26jgmirzcjek","id":"w1y26jgmirzcjek"},"id":"vri24e5gnxpm6qd","previousOperationId":"9wg32aat9dbuqlg"}
{"type":"log","timestamp":1744175593645,"level":"debug","message":"Adding sample data PMQxqx0Rz","meta":{"rootId":"w1y26jgmirzcjek","id":"w1y26jgmirzcjek"},"id":"uvwm405tnl0btv1","previousOperationId":"9wg32aat9dbuqlg"}
{"type":"log","timestamp":1744175593647,"level":"debug","message":"Base url not specified, skipping its injection.","meta":{"rootId":"w1y26jgmirzcjek","id":"w1y26jgmirzcjek"},"id":"duzg9o7jf10ti3c","previousOperationId":"9wg32aat9dbuqlg"}
{"type":"operationStart","subtype":"engine","name":"handlebars","timestamp":1744175593648,"id":"ec9may9c3qn56qq","previousEventId":"zqsc4c4vg6srsyk","operationId":"r0c0d3tnvqfbdm7","previousOperationId":"9wg32aat9dbuqlg"}
{"type":"log","timestamp":1744175593648,"level":"debug","message":"Rendering engine handlebars","meta":{"rootId":"w1y26jgmirzcjek","id":"w1y26jgmirzcjek"},"id":"npnmr2w80mzv20l","previousOperationId":"r0c0d3tnvqfbdm7"}
{"type":"operationEnd","operationId":"r0c0d3tnvqfbdm7","timestamp":1744175595314,"id":"g7bebswv8scncp6","previousEventId":"ec9may9c3qn56qq","previousOperationId":"r0c0d3tnvqfbdm7"}
{"type":"operationStart","subtype":"recipe","name":"chrome-pdf","timestamp":1744175595315,"id":"6yq6u18w2nphush","previousEventId":"g7bebswv8scncp6","operationId":"jt07rs6x3g1wc8m","previousOperationId":"r0c0d3tnvqfbdm7"}
{"type":"log","timestamp":1744175595315,"level":"debug","message":"Executing recipe chrome-pdf","meta":{"rootId":"w1y26jgmirzcjek","id":"w1y26jgmirzcjek"},"id":"6wlhtb3vart42nc","previousOperationId":"jt07rs6x3g1wc8m"}
{"type":"log","timestamp":1744175597152,"level":"debug","message":"Converting with chrome Chrome/133.0.6943.126 using chrome-pool strategy","meta":{"rootId":"w1y26jgmirzcjek","id":"w1y26jgmirzcjek"},"id":"crl025rvxsdgjxg","previousOperationId":"jt07rs6x3g1wc8m"}
{"type":"log","timestamp":1744175597242,"level":"debug","message":"Page request: GET (document) file:///C:/Users/Patheo24/AppData/Local/Temp/jsreport/autocleanup/789e110a-21c3-481e-9cb8-5e843339c0fe-chrome-pdf.html","meta":{"rootId":"w1y26jgmirzcjek","id":"w1y26jgmirzcjek"},"id":"gbrkke6jwa0rm3z","previousOperationId":"jt07rs6x3g1wc8m"}
{"type":"log","timestamp":1744175597270,"level":"debug","message":"Page request finished: GET (document) 200 file:///C:/Users/Patheo24/AppData/Local/Temp/jsreport/autocleanup/789e110a-21c3-481e-9cb8-5e843339c0fe-chrome-pdf.html","meta":{"rootId":"w1y26jgmirzcjek","id":"w1y26jgmirzcjek"},"id":"3c7mxopzmxlwoah","previousOperationId":"jt07rs6x3g1wc8m"}
{"type":"log","timestamp":1744175597282,"level":"debug","message":"Running chrome with params {\"printBackground\":true,\"timeout\":58285,\"margin\":{}}","meta":{"rootId":"w1y26jgmirzcjek","id":"w1y26jgmirzcjek"},"id":"lm7k8ut9k2279jt","previousOperationId":"jt07rs6x3g1wc8m"}
{"type":"operationEnd","operationId":"jt07rs6x3g1wc8m","timestamp":1744175597492,"id":"ny5jvtq1jzjnnic","previousEventId":"6yq6u18w2nphush","previousOperationId":"jt07rs6x3g1wc8m"}
{"type":"log","timestamp":1744175597493,"level":"debug","message":"Skipping storing report.","meta":{"rootId":"w1y26jgmirzcjek","id":"w1y26jgmirzcjek"},"id":"4umltkb5eledpku","previousOperationId":"jt07rs6x3g1wc8m"}
{"type":"log","timestamp":1744175597493,"level":"info","message":"Rendering request 3 finished in 3867 ms","meta":{"rootId":"w1y26jgmirzcjek","id":"w1y26jgmirzcjek"},"id":"tza7vk9n6o92tnv","previousOperationId":"jt07rs6x3g1wc8m"}
{"type":"operationEnd","subtype":"render","operationId":"9wg32aat9dbuqlg","timestamp":1744175597493,"id":"vmwaspvyuqcqtda","previousEventId":"ny5jvtq1jzjnnic","previousOperationId":"jt07rs6x3g1wc8m"}
{"type":"operationEnd","doDiffs":false,"previousEventId":"5uydm9pwr1o684c","previousOperationId":"moxcks9dh5yp1k7","operationId":"moxcks9dh5yp1k7","timestamp":1744175597497,"id":"kewxho9hcmkvlsh"}
