{"type":"operationStart","subtype":"profile","data":{"_id":"ZQQzgMlUSVBW7GH6","timestamp":"2025-04-09T05:37:59.393Z","state":"queued","mode":"standard","creationDate":"2025-04-09T05:37:59.396Z","modificationDate":"2025-04-09T05:37:59.396Z","shortid":"AI-qcGM","$entitySet":"profiles"},"doDiffs":false,"timestamp":1744177079394,"id":"w97deeiwaa0gkd8","previousOperationId":null,"operationId":"l4iig56eplpfb2e"}
{"type":"log","level":"info","message":"Render request 2 queued for execution and waiting for available worker","previousOperationId":"l4iig56eplpfb2e","timestamp":1744177079395,"id":"8jg13gbrgofch2h"}
{"type":"operationStart","subtype":"render","name":"myTemplate","previousOperationId":"l4iig56eplpfb2e","timestamp":1744177079409,"id":"bvssef6l2isygek","previousEventId":"w97deeiwaa0gkd8","operationId":"la4zkwsv29b84l1"}
{"type":"log","timestamp":1744177079410,"level":"info","message":"Starting rendering request 2","meta":{"rootId":"2129tgodd72j92g","id":"2129tgodd72j92g"},"id":"449l8use94t0jni","previousOperationId":"la4zkwsv29b84l1"}
{"type":"log","timestamp":1744177079411,"level":"info","message":"Rendering template { name: myTemplate, recipe: chrome-pdf, engine: handlebars, preview: true }","meta":{"rootId":"2129tgodd72j92g","id":"2129tgodd72j92g"},"id":"q798tiiheumt9zb","previousOperationId":"la4zkwsv29b84l1"}
{"type":"log","timestamp":1744177079414,"level":"debug","message":"Adding sample data PMQxqx0Rz","meta":{"rootId":"2129tgodd72j92g","id":"2129tgodd72j92g"},"id":"ih0omf3foyhf56w","previousOperationId":"la4zkwsv29b84l1"}
{"type":"log","timestamp":1744177079418,"level":"debug","message":"Base url not specified, skipping its injection.","meta":{"rootId":"2129tgodd72j92g","id":"2129tgodd72j92g"},"id":"ayscf6bhblk7v70","previousOperationId":"la4zkwsv29b84l1"}
{"type":"operationStart","subtype":"engine","name":"handlebars","timestamp":1744177079420,"id":"b9in8qq2a755pyc","previousEventId":"bvssef6l2isygek","operationId":"z2dg0pkx924shxq","previousOperationId":"la4zkwsv29b84l1"}
{"type":"log","timestamp":1744177079420,"level":"debug","message":"Rendering engine handlebars","meta":{"rootId":"2129tgodd72j92g","id":"2129tgodd72j92g"},"id":"vbq0h9irlha9r38","previousOperationId":"z2dg0pkx924shxq"}
{"type":"operationEnd","operationId":"z2dg0pkx924shxq","timestamp":1744177080186,"id":"vjcv9gz94s0h2x1","previousEventId":"b9in8qq2a755pyc","previousOperationId":"z2dg0pkx924shxq"}
{"type":"operationStart","subtype":"recipe","name":"chrome-pdf","timestamp":1744177080186,"id":"kx4bofh8r6osz9q","previousEventId":"vjcv9gz94s0h2x1","operationId":"kkdnxv46vdld8xp","previousOperationId":"z2dg0pkx924shxq"}
{"type":"log","timestamp":1744177080187,"level":"debug","message":"Executing recipe chrome-pdf","meta":{"rootId":"2129tgodd72j92g","id":"2129tgodd72j92g"},"id":"qwspx82ae6dxphe","previousOperationId":"kkdnxv46vdld8xp"}
{"type":"log","timestamp":1744177081162,"level":"debug","message":"Converting with chrome Chrome/133.0.6943.126 using chrome-pool strategy","meta":{"rootId":"2129tgodd72j92g","id":"2129tgodd72j92g"},"id":"dzd5kevzsy77ozn","previousOperationId":"kkdnxv46vdld8xp"}
{"type":"log","timestamp":1744177081280,"level":"debug","message":"Page request: GET (document) file:///C:/Users/Patheo24/AppData/Local/Temp/jsreport/autocleanup/75579e17-17bd-471a-90bf-9f3370e70b5a-chrome-pdf.html","meta":{"rootId":"2129tgodd72j92g","id":"2129tgodd72j92g"},"id":"maf5wa1gkfwhd7a","previousOperationId":"kkdnxv46vdld8xp"}
{"type":"log","timestamp":1744177081339,"level":"debug","message":"Page request finished: GET (document) 200 file:///C:/Users/Patheo24/AppData/Local/Temp/jsreport/autocleanup/75579e17-17bd-471a-90bf-9f3370e70b5a-chrome-pdf.html","meta":{"rootId":"2129tgodd72j92g","id":"2129tgodd72j92g"},"id":"55ynxob645czcor","previousOperationId":"kkdnxv46vdld8xp"}
{"type":"log","timestamp":1744177081344,"level":"debug","message":"Page request: GET (font) http://localhost:5488/fonts/kalpurush.ttf","meta":{"rootId":"2129tgodd72j92g","id":"2129tgodd72j92g"},"id":"uqmddo9mk2es773","previousOperationId":"kkdnxv46vdld8xp"}
{"type":"log","timestamp":1744177081382,"level":"debug","message":"Page request: GET (font) http://localhost:5488/fonts/kalpurush.ttf","meta":{"rootId":"2129tgodd72j92g","id":"2129tgodd72j92g"},"id":"dtnaprlufjb3jsc","previousOperationId":"kkdnxv46vdld8xp"}
{"type":"log","timestamp":1744177081467,"level":"debug","message":"(console:error) Failed to load resource: the server responded with a status of 404 (Not Found)","meta":{"userLevel":true,"rootId":"2129tgodd72j92g","id":"2129tgodd72j92g"},"id":"thpxoz1f2jbpf90","previousOperationId":"kkdnxv46vdld8xp"}
{"type":"log","timestamp":1744177081468,"level":"warn","message":"Page request failed: GET (font) http://localhost:5488/fonts/kalpurush.ttf, failure: net::ERR_ABORTED","meta":{"rootId":"2129tgodd72j92g","id":"2129tgodd72j92g"},"id":"47t8r4wq6rslxcj","previousOperationId":"kkdnxv46vdld8xp"}
{"type":"log","timestamp":1744177081472,"level":"debug","message":"Running chrome with params {\"printBackground\":true,\"timeout\":58748,\"margin\":{}}","meta":{"rootId":"2129tgodd72j92g","id":"2129tgodd72j92g"},"id":"qux4c04kcvde2nu","previousOperationId":"kkdnxv46vdld8xp"}
{"type":"operationEnd","operationId":"kkdnxv46vdld8xp","timestamp":1744177081739,"id":"ehu430lj3t67m3t","previousEventId":"kx4bofh8r6osz9q","previousOperationId":"kkdnxv46vdld8xp"}
{"type":"log","timestamp":1744177081739,"level":"debug","message":"Skipping storing report.","meta":{"rootId":"2129tgodd72j92g","id":"2129tgodd72j92g"},"id":"aazbrs497e205a8","previousOperationId":"kkdnxv46vdld8xp"}
{"type":"log","timestamp":1744177081739,"level":"info","message":"Rendering request 2 finished in 2346 ms","meta":{"rootId":"2129tgodd72j92g","id":"2129tgodd72j92g"},"id":"0r43r9zmfb58qjx","previousOperationId":"kkdnxv46vdld8xp"}
{"type":"operationEnd","subtype":"render","operationId":"la4zkwsv29b84l1","timestamp":1744177081739,"id":"gdq9d8xhnmw2gon","previousEventId":"ehu430lj3t67m3t","previousOperationId":"kkdnxv46vdld8xp"}
{"type":"operationEnd","doDiffs":false,"previousEventId":"w97deeiwaa0gkd8","previousOperationId":"l4iig56eplpfb2e","operationId":"l4iig56eplpfb2e","timestamp":1744177081751,"id":"dyk3ifh1ueek245"}
