{"type":"operationStart","subtype":"profile","data":{"_id":"nA14EDX56XLVI4sU","timestamp":"2025-04-09T05:15:03.102Z","state":"queued","mode":"standard","creationDate":"2025-04-09T05:15:03.104Z","modificationDate":"2025-04-09T05:15:03.104Z","shortid":"TkjZ18a","$entitySet":"profiles"},"doDiffs":false,"timestamp":1744175703103,"id":"yk13bd9flmwvvqs","previousOperationId":null,"operationId":"qaivjgn5ptp3pu1"}
{"type":"log","level":"info","message":"Render request 6 queued for execution and waiting for available worker","previousOperationId":"qaivjgn5ptp3pu1","timestamp":1744175703103,"id":"mz91f12mb7ggmyo"}
{"type":"operationStart","subtype":"render","name":"myTemplate","previousOperationId":"qaivjgn5ptp3pu1","timestamp":1744175703118,"id":"kv6xscj2fmkzkk6","previousEventId":"yk13bd9flmwvvqs","operationId":"i2hzc3ss6pczl60"}
{"type":"log","timestamp":1744175703118,"level":"info","message":"Starting rendering request 6","meta":{"rootId":"2ji2nmos7ireiwn","id":"2ji2nmos7ireiwn"},"id":"mr2ms0rpw86q3l4","previousOperationId":"i2hzc3ss6pczl60"}
{"type":"log","timestamp":1744175703118,"level":"info","message":"Rendering template { name: myTemplate, recipe: chrome-pdf, engine: handlebars, preview: true }","meta":{"rootId":"2ji2nmos7ireiwn","id":"2ji2nmos7ireiwn"},"id":"wbjn9uuwmc3burc","previousOperationId":"i2hzc3ss6pczl60"}
{"type":"log","timestamp":1744175703119,"level":"debug","message":"Adding sample data PMQxqx0Rz","meta":{"rootId":"2ji2nmos7ireiwn","id":"2ji2nmos7ireiwn"},"id":"uhme6bri4s8qfoi","previousOperationId":"i2hzc3ss6pczl60"}
{"type":"log","timestamp":1744175703119,"level":"debug","message":"Base url not specified, skipping its injection.","meta":{"rootId":"2ji2nmos7ireiwn","id":"2ji2nmos7ireiwn"},"id":"fl4mismw3kkm1zi","previousOperationId":"i2hzc3ss6pczl60"}
{"type":"operationStart","subtype":"engine","name":"handlebars","timestamp":1744175703120,"id":"7ya0r97rn8giwmz","previousEventId":"kv6xscj2fmkzkk6","operationId":"5unkqydl1jn8sgw","previousOperationId":"i2hzc3ss6pczl60"}
{"type":"log","timestamp":1744175703120,"level":"debug","message":"Rendering engine handlebars","meta":{"rootId":"2ji2nmos7ireiwn","id":"2ji2nmos7ireiwn"},"id":"kfq8i9bhmuzcdo6","previousOperationId":"5unkqydl1jn8sgw"}
{"type":"operationEnd","operationId":"5unkqydl1jn8sgw","timestamp":1744175703134,"id":"npn6ao126hy4oat","previousEventId":"7ya0r97rn8giwmz","previousOperationId":"5unkqydl1jn8sgw"}
{"type":"operationStart","subtype":"recipe","name":"chrome-pdf","timestamp":1744175703135,"id":"th6xxhdkjxswvy3","previousEventId":"npn6ao126hy4oat","operationId":"0zzja05vuaqi0m9","previousOperationId":"5unkqydl1jn8sgw"}
{"type":"log","timestamp":1744175703135,"level":"debug","message":"Executing recipe chrome-pdf","meta":{"rootId":"2ji2nmos7ireiwn","id":"2ji2nmos7ireiwn"},"id":"1qf9neb5rvlwn3z","previousOperationId":"0zzja05vuaqi0m9"}
{"type":"log","timestamp":1744175703139,"level":"debug","message":"Converting with chrome Chrome/133.0.6943.126 using chrome-pool strategy","meta":{"rootId":"2ji2nmos7ireiwn","id":"2ji2nmos7ireiwn"},"id":"hvjy9xmhjb29whc","previousOperationId":"0zzja05vuaqi0m9"}
{"type":"log","timestamp":1744175703397,"level":"debug","message":"Page request: GET (document) file:///C:/Users/Patheo24/AppData/Local/Temp/jsreport/autocleanup/f4ecdd53-eab9-4c89-9568-605f1c51956a-chrome-pdf.html","meta":{"rootId":"2ji2nmos7ireiwn","id":"2ji2nmos7ireiwn"},"id":"j5xahyj6mfuabsv","previousOperationId":"0zzja05vuaqi0m9"}
{"type":"log","timestamp":1744175703426,"level":"debug","message":"Page request finished: GET (document) 200 file:///C:/Users/Patheo24/AppData/Local/Temp/jsreport/autocleanup/f4ecdd53-eab9-4c89-9568-605f1c51956a-chrome-pdf.html","meta":{"rootId":"2ji2nmos7ireiwn","id":"2ji2nmos7ireiwn"},"id":"9kwmwwziwfnhtrj","previousOperationId":"0zzja05vuaqi0m9"}
{"type":"log","timestamp":1744175703457,"level":"debug","message":"Running chrome with params {\"printBackground\":true,\"timeout\":59965,\"margin\":{}}","meta":{"rootId":"2ji2nmos7ireiwn","id":"2ji2nmos7ireiwn"},"id":"njvph40hk4z99sw","previousOperationId":"0zzja05vuaqi0m9"}
{"type":"operationEnd","operationId":"0zzja05vuaqi0m9","timestamp":1744175703765,"id":"oq06b9ue8mycne9","previousEventId":"th6xxhdkjxswvy3","previousOperationId":"0zzja05vuaqi0m9"}
{"type":"log","timestamp":1744175703766,"level":"debug","message":"Skipping storing report.","meta":{"rootId":"2ji2nmos7ireiwn","id":"2ji2nmos7ireiwn"},"id":"6mpq005hkmcf75a","previousOperationId":"0zzja05vuaqi0m9"}
{"type":"log","timestamp":1744175703766,"level":"info","message":"Rendering request 6 finished in 664 ms","meta":{"rootId":"2ji2nmos7ireiwn","id":"2ji2nmos7ireiwn"},"id":"hvce0722gz2m0ok","previousOperationId":"0zzja05vuaqi0m9"}
{"type":"operationEnd","subtype":"render","operationId":"i2hzc3ss6pczl60","timestamp":1744175703766,"id":"85lsg1xxqel895r","previousEventId":"oq06b9ue8mycne9","previousOperationId":"0zzja05vuaqi0m9"}
{"type":"operationEnd","doDiffs":false,"previousEventId":"yk13bd9flmwvvqs","previousOperationId":"qaivjgn5ptp3pu1","operationId":"qaivjgn5ptp3pu1","timestamp":1744175703771,"id":"t4tybppbox163vr"}
