{"type":"operationStart","subtype":"profile","data":{"_id":"2acJ6LOJCfODn1ts","timestamp":"2025-04-09T05:38:25.390Z","state":"queued","mode":"standard","creationDate":"2025-04-09T05:38:25.392Z","modificationDate":"2025-04-09T05:38:25.392Z","shortid":"hU2jK_6","$entitySet":"profiles"},"doDiffs":false,"timestamp":1744177105391,"id":"gcghvlnza23a09f","previousOperationId":null,"operationId":"fcuywg5a3qb55up"}
{"type":"log","level":"info","message":"Render request 3 queued for execution and waiting for available worker","previousOperationId":"fcuywg5a3qb55up","timestamp":1744177105391,"id":"6pap9sd52ynm98x"}
{"type":"operationStart","subtype":"render","name":"myTemplate","previousOperationId":"fcuywg5a3qb55up","timestamp":1744177105418,"id":"djyjjs84ecfsizs","previousEventId":"gcghvlnza23a09f","operationId":"etw2bb7q54w6f01"}
{"type":"log","timestamp":1744177105419,"level":"info","message":"Starting rendering request 3","meta":{"rootId":"4rbm7n389i4qut6","id":"4rbm7n389i4qut6"},"id":"woep1nars1gw01i","previousOperationId":"etw2bb7q54w6f01"}
{"type":"log","timestamp":1744177105419,"level":"info","message":"Rendering template { name: myTemplate, recipe: chrome-pdf, engine: handlebars, preview: false }","meta":{"rootId":"4rbm7n389i4qut6","id":"4rbm7n389i4qut6"},"id":"i0xyj7shiyccj4j","previousOperationId":"etw2bb7q54w6f01"}
{"type":"log","timestamp":1744177105419,"level":"debug","message":"Inline data specified.","meta":{"rootId":"4rbm7n389i4qut6","id":"4rbm7n389i4qut6"},"id":"5rfgbndzx0pqice","previousOperationId":"etw2bb7q54w6f01"}
{"type":"log","timestamp":1744177105421,"level":"debug","message":"Base url not specified, skipping its injection.","meta":{"rootId":"4rbm7n389i4qut6","id":"4rbm7n389i4qut6"},"id":"40klfpvt109mao5","previousOperationId":"etw2bb7q54w6f01"}
{"type":"operationStart","subtype":"engine","name":"handlebars","timestamp":1744177105422,"id":"nzvb9pkiy7s9c5s","previousEventId":"djyjjs84ecfsizs","operationId":"zh60kz4ru5igx4p","previousOperationId":"etw2bb7q54w6f01"}
{"type":"log","timestamp":1744177105422,"level":"debug","message":"Rendering engine handlebars","meta":{"rootId":"4rbm7n389i4qut6","id":"4rbm7n389i4qut6"},"id":"67hme4z2alccz0f","previousOperationId":"zh60kz4ru5igx4p"}
{"type":"operationEnd","operationId":"zh60kz4ru5igx4p","timestamp":1744177105442,"id":"a3vxze7a3f5x47t","previousEventId":"nzvb9pkiy7s9c5s","previousOperationId":"zh60kz4ru5igx4p"}
{"type":"operationStart","subtype":"recipe","name":"chrome-pdf","timestamp":1744177105443,"id":"sjnr61uh2flmno9","previousEventId":"a3vxze7a3f5x47t","operationId":"wj7z07cp1ktabmd","previousOperationId":"zh60kz4ru5igx4p"}
{"type":"log","timestamp":1744177105443,"level":"debug","message":"Executing recipe chrome-pdf","meta":{"rootId":"4rbm7n389i4qut6","id":"4rbm7n389i4qut6"},"id":"aa0aj8yg7owc3d8","previousOperationId":"wj7z07cp1ktabmd"}
{"type":"log","timestamp":1744177105449,"level":"debug","message":"Converting with chrome Chrome/133.0.6943.126 using chrome-pool strategy","meta":{"rootId":"4rbm7n389i4qut6","id":"4rbm7n389i4qut6"},"id":"vwy9mq96va0urkl","previousOperationId":"wj7z07cp1ktabmd"}
{"type":"log","timestamp":1744177105732,"level":"debug","message":"Page request: GET (document) file:///C:/Users/Patheo24/AppData/Local/Temp/jsreport/autocleanup/6310af62-2bfa-41d4-9394-9cf9d87f92e6-chrome-pdf.html","meta":{"rootId":"4rbm7n389i4qut6","id":"4rbm7n389i4qut6"},"id":"9bp0yil0py0qyor","previousOperationId":"wj7z07cp1ktabmd"}
{"type":"log","timestamp":1744177105763,"level":"debug","message":"Page request finished: GET (document) 200 file:///C:/Users/Patheo24/AppData/Local/Temp/jsreport/autocleanup/6310af62-2bfa-41d4-9394-9cf9d87f92e6-chrome-pdf.html","meta":{"rootId":"4rbm7n389i4qut6","id":"4rbm7n389i4qut6"},"id":"mgsjs2tktmdihf7","previousOperationId":"wj7z07cp1ktabmd"}
{"type":"log","timestamp":1744177105763,"level":"debug","message":"(console:info) Slow network is detected. See https://www.chromestatus.com/feature/5636954674692096 for more details. Fallback font will be used while loading: http://localhost:5488/fonts/kalpurush.ttf","meta":{"userLevel":true,"rootId":"4rbm7n389i4qut6","id":"4rbm7n389i4qut6"},"id":"p3h7qblgdnzinqk","previousOperationId":"wj7z07cp1ktabmd"}
{"type":"log","timestamp":1744177105765,"level":"debug","message":"Page request: GET (font) http://localhost:5488/fonts/kalpurush.ttf","meta":{"rootId":"4rbm7n389i4qut6","id":"4rbm7n389i4qut6"},"id":"2h1u3mb3szbswn3","previousOperationId":"wj7z07cp1ktabmd"}
{"type":"log","timestamp":1744177105798,"level":"debug","message":"Page request: GET (font) http://localhost:5488/fonts/kalpurush.ttf","meta":{"rootId":"4rbm7n389i4qut6","id":"4rbm7n389i4qut6"},"id":"ouy61b273vq9rag","previousOperationId":"wj7z07cp1ktabmd"}
{"type":"log","timestamp":1744177105809,"level":"debug","message":"(console:error) Failed to load resource: the server responded with a status of 404 (Not Found)","meta":{"userLevel":true,"rootId":"4rbm7n389i4qut6","id":"4rbm7n389i4qut6"},"id":"n8nxwm396ghivxs","previousOperationId":"wj7z07cp1ktabmd"}
{"type":"log","timestamp":1744177105809,"level":"warn","message":"Page request failed: GET (font) http://localhost:5488/fonts/kalpurush.ttf, failure: net::ERR_ABORTED","meta":{"rootId":"4rbm7n389i4qut6","id":"4rbm7n389i4qut6"},"id":"7phqqti9x1cbe8x","previousOperationId":"wj7z07cp1ktabmd"}
{"type":"log","timestamp":1744177105813,"level":"debug","message":"Running chrome with params {\"printBackground\":true,\"timeout\":59942,\"margin\":{}}","meta":{"rootId":"4rbm7n389i4qut6","id":"4rbm7n389i4qut6"},"id":"ymg5h09x71s4cpa","previousOperationId":"wj7z07cp1ktabmd"}
{"type":"operationEnd","operationId":"wj7z07cp1ktabmd","timestamp":1744177105960,"id":"3s3uvydpkh4k9mk","previousEventId":"sjnr61uh2flmno9","previousOperationId":"wj7z07cp1ktabmd"}
{"type":"log","timestamp":1744177105960,"level":"debug","message":"Skipping storing report.","meta":{"rootId":"4rbm7n389i4qut6","id":"4rbm7n389i4qut6"},"id":"85u76j1rbp1ei6l","previousOperationId":"wj7z07cp1ktabmd"}
{"type":"log","timestamp":1744177105960,"level":"info","message":"Rendering request 3 finished in 571 ms","meta":{"rootId":"4rbm7n389i4qut6","id":"4rbm7n389i4qut6"},"id":"k9z90097j2y1m54","previousOperationId":"wj7z07cp1ktabmd"}
{"type":"operationEnd","subtype":"render","operationId":"etw2bb7q54w6f01","timestamp":1744177105960,"id":"9hmovvb0g4t5ujs","previousEventId":"3s3uvydpkh4k9mk","previousOperationId":"wj7z07cp1ktabmd"}
{"type":"operationEnd","doDiffs":false,"previousEventId":"gcghvlnza23a09f","previousOperationId":"fcuywg5a3qb55up","operationId":"fcuywg5a3qb55up","timestamp":1744177105962,"id":"rrg3r3e1ymb40ji"}
