{"type":"operationStart","subtype":"profile","data":{"_id":"ACmTEtaWfMXIOJH7","timestamp":"2025-04-09T05:16:13.843Z","state":"queued","mode":"standard","creationDate":"2025-04-09T05:16:13.846Z","modificationDate":"2025-04-09T05:16:13.846Z","shortid":"UeH1uHR","$entitySet":"profiles"},"doDiffs":false,"timestamp":1744175773845,"id":"hl3q18xyitwlosf","previousOperationId":null,"operationId":"4ga9jymsf9oqsvj"}
{"type":"log","level":"info","message":"Render request 7 queued for execution and waiting for available worker","previousOperationId":"4ga9jymsf9oqsvj","timestamp":1744175773845,"id":"ro8amy7bahn5ml3"}
{"type":"operationStart","subtype":"render","name":"myTemplate","previousOperationId":"4ga9jymsf9oqsvj","timestamp":1744175773855,"id":"944uu5je03jep9y","previousEventId":"hl3q18xyitwlosf","operationId":"monmgurrnusypfn"}
{"type":"log","timestamp":1744175773855,"level":"info","message":"Starting rendering request 7","meta":{"rootId":"dhnk2j9jh33k0x9","id":"dhnk2j9jh33k0x9"},"id":"nn403wsn5qpgzvb","previousOperationId":"monmgurrnusypfn"}
{"type":"log","timestamp":1744175773855,"level":"info","message":"Rendering template { name: myTemplate, recipe: chrome-pdf, engine: handlebars, preview: false }","meta":{"rootId":"dhnk2j9jh33k0x9","id":"dhnk2j9jh33k0x9"},"id":"g1ed831hwh7ywla","previousOperationId":"monmgurrnusypfn"}
{"type":"log","timestamp":1744175773855,"level":"debug","message":"Inline data specified.","meta":{"rootId":"dhnk2j9jh33k0x9","id":"dhnk2j9jh33k0x9"},"id":"b9kwh80cfcffl6i","previousOperationId":"monmgurrnusypfn"}
{"type":"log","timestamp":1744175773856,"level":"debug","message":"Base url not specified, skipping its injection.","meta":{"rootId":"dhnk2j9jh33k0x9","id":"dhnk2j9jh33k0x9"},"id":"uf68hmdhu218ozh","previousOperationId":"monmgurrnusypfn"}
{"type":"operationStart","subtype":"engine","name":"handlebars","timestamp":1744175773856,"id":"ah3akxcryfq7eeg","previousEventId":"944uu5je03jep9y","operationId":"vixfidaufagq2qg","previousOperationId":"monmgurrnusypfn"}
{"type":"log","timestamp":1744175773857,"level":"debug","message":"Rendering engine handlebars","meta":{"rootId":"dhnk2j9jh33k0x9","id":"dhnk2j9jh33k0x9"},"id":"9bibi5csedk6unv","previousOperationId":"vixfidaufagq2qg"}
{"type":"operationEnd","operationId":"vixfidaufagq2qg","timestamp":1744175773878,"id":"w3pdkvra2tfsa8b","previousEventId":"ah3akxcryfq7eeg","previousOperationId":"vixfidaufagq2qg"}
{"type":"operationStart","subtype":"recipe","name":"chrome-pdf","timestamp":1744175773879,"id":"xzi1f9hw1k0fpfc","previousEventId":"w3pdkvra2tfsa8b","operationId":"a49286sg0l72rue","previousOperationId":"vixfidaufagq2qg"}
{"type":"log","timestamp":1744175773879,"level":"debug","message":"Executing recipe chrome-pdf","meta":{"rootId":"dhnk2j9jh33k0x9","id":"dhnk2j9jh33k0x9"},"id":"q0bmv6l0utyisam","previousOperationId":"a49286sg0l72rue"}
{"type":"log","timestamp":1744175773882,"level":"debug","message":"Converting with chrome Chrome/133.0.6943.126 using chrome-pool strategy","meta":{"rootId":"dhnk2j9jh33k0x9","id":"dhnk2j9jh33k0x9"},"id":"9urztggu7wsybcw","previousOperationId":"a49286sg0l72rue"}
{"type":"log","timestamp":1744175773964,"level":"debug","message":"Page request: GET (document) file:///C:/Users/Patheo24/AppData/Local/Temp/jsreport/autocleanup/48ec1da8-48b0-49d7-961c-36e364350115-chrome-pdf.html","meta":{"rootId":"dhnk2j9jh33k0x9","id":"dhnk2j9jh33k0x9"},"id":"yj8rzpqbbs5exib","previousOperationId":"a49286sg0l72rue"}
{"type":"log","timestamp":1744175773996,"level":"debug","message":"Page request finished: GET (document) 200 file:///C:/Users/Patheo24/AppData/Local/Temp/jsreport/autocleanup/48ec1da8-48b0-49d7-961c-36e364350115-chrome-pdf.html","meta":{"rootId":"dhnk2j9jh33k0x9","id":"dhnk2j9jh33k0x9"},"id":"4ailohv0fgq9dew","previousOperationId":"a49286sg0l72rue"}
{"type":"log","timestamp":1744175774009,"level":"debug","message":"Running chrome with params {\"printBackground\":true,\"timeout\":59962,\"margin\":{}}","meta":{"rootId":"dhnk2j9jh33k0x9","id":"dhnk2j9jh33k0x9"},"id":"hrrhq0up0jrorqe","previousOperationId":"a49286sg0l72rue"}
{"type":"operationEnd","operationId":"a49286sg0l72rue","timestamp":1744175774208,"id":"zeqc1c94kqli44x","previousEventId":"xzi1f9hw1k0fpfc","previousOperationId":"a49286sg0l72rue"}
{"type":"log","timestamp":1744175774208,"level":"debug","message":"Skipping storing report.","meta":{"rootId":"dhnk2j9jh33k0x9","id":"dhnk2j9jh33k0x9"},"id":"h95y5mxfu3mat62","previousOperationId":"a49286sg0l72rue"}
{"type":"log","timestamp":1744175774208,"level":"info","message":"Rendering request 7 finished in 365 ms","meta":{"rootId":"dhnk2j9jh33k0x9","id":"dhnk2j9jh33k0x9"},"id":"78kdiedae08ths0","previousOperationId":"a49286sg0l72rue"}
{"type":"operationEnd","subtype":"render","operationId":"monmgurrnusypfn","timestamp":1744175774208,"id":"ue5z7eaamt89yq3","previousEventId":"zeqc1c94kqli44x","previousOperationId":"a49286sg0l72rue"}
{"type":"operationEnd","doDiffs":false,"previousEventId":"hl3q18xyitwlosf","previousOperationId":"4ga9jymsf9oqsvj","operationId":"4ga9jymsf9oqsvj","timestamp":1744175774210,"id":"f5tzpncjhf6vt4z"}
