{"type":"operationStart","subtype":"profile","data":{"_id":"E8lxZ5jbNg8N6A6l","timestamp":"2025-04-09T05:37:19.178Z","state":"queued","mode":"standard","creationDate":"2025-04-09T05:37:19.183Z","modificationDate":"2025-04-09T05:37:19.183Z","shortid":"YBAqDVP","$entitySet":"profiles"},"doDiffs":false,"timestamp":1744177039180,"id":"tzlla4zcwe87foc","previousOperationId":null,"operationId":"idijvb7uzs8j5do"}
{"type":"log","level":"info","message":"Render request 1 queued for execution and waiting for available worker","previousOperationId":"idijvb7uzs8j5do","timestamp":1744177039181,"id":"ppaolxjv6oev2r2"}
{"type":"operationStart","subtype":"render","name":"myTemplate","previousOperationId":"idijvb7uzs8j5do","timestamp":1744177039217,"id":"ud4lxtqmkp5ypvq","previousEventId":"tzlla4zcwe87foc","operationId":"gowunjmqs1mcisu"}
{"type":"log","timestamp":1744177039218,"level":"info","message":"Starting rendering request 1","meta":{"rootId":"pj9hrt2getlf0oa","id":"pj9hrt2getlf0oa"},"id":"nml47d14j3w0nz5","previousOperationId":"gowunjmqs1mcisu"}
{"type":"log","timestamp":1744177039220,"level":"info","message":"Rendering template { name: myTemplate, recipe: chrome-pdf, engine: handlebars, preview: true }","meta":{"rootId":"pj9hrt2getlf0oa","id":"pj9hrt2getlf0oa"},"id":"okefb1o8m21agm0","previousOperationId":"gowunjmqs1mcisu"}
{"type":"log","timestamp":1744177039222,"level":"debug","message":"Adding sample data PMQxqx0Rz","meta":{"rootId":"pj9hrt2getlf0oa","id":"pj9hrt2getlf0oa"},"id":"zt9rsa2rn2e4eyd","previousOperationId":"gowunjmqs1mcisu"}
{"type":"log","timestamp":1744177039227,"level":"debug","message":"Base url not specified, skipping its injection.","meta":{"rootId":"pj9hrt2getlf0oa","id":"pj9hrt2getlf0oa"},"id":"j8nutstnnxx5zg3","previousOperationId":"gowunjmqs1mcisu"}
{"type":"operationStart","subtype":"engine","name":"handlebars","timestamp":1744177039231,"id":"rnoir1nhx8hf02t","previousEventId":"ud4lxtqmkp5ypvq","operationId":"wmdk6y3pk7ct08h","previousOperationId":"gowunjmqs1mcisu"}
{"type":"log","timestamp":1744177039231,"level":"debug","message":"Rendering engine handlebars","meta":{"rootId":"pj9hrt2getlf0oa","id":"pj9hrt2getlf0oa"},"id":"lsiinzwcfkr3vy4","previousOperationId":"wmdk6y3pk7ct08h"}
{"type":"operationEnd","operationId":"wmdk6y3pk7ct08h","timestamp":1744177039916,"id":"xu6z7vtb0qwocaf","previousEventId":"rnoir1nhx8hf02t","previousOperationId":"wmdk6y3pk7ct08h"}
{"type":"operationStart","subtype":"recipe","name":"chrome-pdf","timestamp":1744177039917,"id":"v38xz3ap10zf5s9","previousEventId":"xu6z7vtb0qwocaf","operationId":"fdinsid3pk1fdox","previousOperationId":"wmdk6y3pk7ct08h"}
{"type":"log","timestamp":1744177039917,"level":"debug","message":"Executing recipe chrome-pdf","meta":{"rootId":"pj9hrt2getlf0oa","id":"pj9hrt2getlf0oa"},"id":"ohr1echpou5347s","previousOperationId":"fdinsid3pk1fdox"}
{"type":"log","timestamp":1744177040800,"level":"debug","message":"Converting with chrome Chrome/133.0.6943.126 using chrome-pool strategy","meta":{"rootId":"pj9hrt2getlf0oa","id":"pj9hrt2getlf0oa"},"id":"p9jvv5kwqkksddi","previousOperationId":"fdinsid3pk1fdox"}
{"type":"log","timestamp":1744177040885,"level":"debug","message":"Page request: GET (document) file:///C:/Users/Patheo24/AppData/Local/Temp/jsreport/autocleanup/2998846f-ad59-40a7-b565-172f48dc6923-chrome-pdf.html","meta":{"rootId":"pj9hrt2getlf0oa","id":"pj9hrt2getlf0oa"},"id":"6g3igls5ohxaf3y","previousOperationId":"fdinsid3pk1fdox"}
{"type":"log","timestamp":1744177040912,"level":"debug","message":"Page request finished: GET (document) 200 file:///C:/Users/Patheo24/AppData/Local/Temp/jsreport/autocleanup/2998846f-ad59-40a7-b565-172f48dc6923-chrome-pdf.html","meta":{"rootId":"pj9hrt2getlf0oa","id":"pj9hrt2getlf0oa"},"id":"ao5xnw7y209uf73","previousOperationId":"fdinsid3pk1fdox"}
{"type":"log","timestamp":1744177040913,"level":"debug","message":"Page request: GET (font) http://localhost:5488/fonts/Kalpurush.ttf","meta":{"rootId":"pj9hrt2getlf0oa","id":"pj9hrt2getlf0oa"},"id":"lnn09eu7qw00a1y","previousOperationId":"fdinsid3pk1fdox"}
{"type":"log","timestamp":1744177040916,"level":"debug","message":"Page request: GET (font) http://localhost:5488/fonts/Kalpurush.ttf","meta":{"rootId":"pj9hrt2getlf0oa","id":"pj9hrt2getlf0oa"},"id":"qnrd6xzoapvmits","previousOperationId":"fdinsid3pk1fdox"}
{"type":"log","timestamp":1744177040928,"level":"debug","message":"(console:error) Failed to load resource: the server responded with a status of 404 (Not Found)","meta":{"userLevel":true,"rootId":"pj9hrt2getlf0oa","id":"pj9hrt2getlf0oa"},"id":"qawd5xvz5m5frix","previousOperationId":"fdinsid3pk1fdox"}
{"type":"log","timestamp":1744177040928,"level":"warn","message":"Page request failed: GET (font) http://localhost:5488/fonts/Kalpurush.ttf, failure: net::ERR_ABORTED","meta":{"rootId":"pj9hrt2getlf0oa","id":"pj9hrt2getlf0oa"},"id":"ejfjvpweitkh655","previousOperationId":"fdinsid3pk1fdox"}
{"type":"log","timestamp":1744177040947,"level":"debug","message":"Running chrome with params {\"printBackground\":true,\"timeout\":58837,\"margin\":{}}","meta":{"rootId":"pj9hrt2getlf0oa","id":"pj9hrt2getlf0oa"},"id":"12f9qy30ybscqr8","previousOperationId":"fdinsid3pk1fdox"}
{"type":"operationEnd","operationId":"fdinsid3pk1fdox","timestamp":1744177041239,"id":"3qfmnd40ek1y4qf","previousEventId":"v38xz3ap10zf5s9","previousOperationId":"fdinsid3pk1fdox"}
{"type":"log","timestamp":1744177041240,"level":"debug","message":"Skipping storing report.","meta":{"rootId":"pj9hrt2getlf0oa","id":"pj9hrt2getlf0oa"},"id":"9wrj9b3k0c2r06f","previousOperationId":"fdinsid3pk1fdox"}
{"type":"log","timestamp":1744177041240,"level":"info","message":"Rendering request 1 finished in 2063 ms","meta":{"rootId":"pj9hrt2getlf0oa","id":"pj9hrt2getlf0oa"},"id":"qy3mo0ji24gyp90","previousOperationId":"fdinsid3pk1fdox"}
{"type":"operationEnd","subtype":"render","operationId":"gowunjmqs1mcisu","timestamp":1744177041240,"id":"ghq2l7hbkhlx3g3","previousEventId":"3qfmnd40ek1y4qf","previousOperationId":"fdinsid3pk1fdox"}
{"type":"operationEnd","doDiffs":false,"previousEventId":"tzlla4zcwe87foc","previousOperationId":"idijvb7uzs8j5do","operationId":"idijvb7uzs8j5do","timestamp":1744177041250,"id":"994ro2ef393t5wu"}
