{"type":"operationStart","subtype":"profile","data":{"_id":"6IgBzdhm4HIwpLSK","timestamp":"2025-04-09T05:17:24.786Z","state":"queued","mode":"standard","creationDate":"2025-04-09T05:17:24.788Z","modificationDate":"2025-04-09T05:17:24.788Z","shortid":"dyiKqSa","$entitySet":"profiles"},"doDiffs":false,"timestamp":1744175844788,"id":"x86b0n9lxkw73x1","previousOperationId":null,"operationId":"skszsx0mvvicq7x"}
{"type":"log","level":"info","message":"Render request 8 queued for execution and waiting for available worker","previousOperationId":"skszsx0mvvicq7x","timestamp":1744175844788,"id":"gf92iupxthy87lz"}
{"type":"operationStart","subtype":"render","name":"myTemplate","previousOperationId":"skszsx0mvvicq7x","timestamp":1744175844800,"id":"xl5af1h8rsgpv4p","previousEventId":"x86b0n9lxkw73x1","operationId":"1vah6trj9qjrtxd"}
{"type":"log","timestamp":1744175844800,"level":"info","message":"Starting rendering request 8","meta":{"rootId":"w22pfjhdy25btsl","id":"w22pfjhdy25btsl"},"id":"wiosxfvo6mfq58j","previousOperationId":"1vah6trj9qjrtxd"}
{"type":"log","timestamp":1744175844800,"level":"info","message":"Rendering template { name: myTemplate, recipe: chrome-pdf, engine: handlebars, preview: false }","meta":{"rootId":"w22pfjhdy25btsl","id":"w22pfjhdy25btsl"},"id":"ocnbds1i2zkpo6r","previousOperationId":"1vah6trj9qjrtxd"}
{"type":"log","timestamp":1744175844801,"level":"debug","message":"Inline data specified.","meta":{"rootId":"w22pfjhdy25btsl","id":"w22pfjhdy25btsl"},"id":"4ry2eycnp28u5ym","previousOperationId":"1vah6trj9qjrtxd"}
{"type":"log","timestamp":1744175844803,"level":"debug","message":"Base url not specified, skipping its injection.","meta":{"rootId":"w22pfjhdy25btsl","id":"w22pfjhdy25btsl"},"id":"x89q3q73dee63lz","previousOperationId":"1vah6trj9qjrtxd"}
{"type":"operationStart","subtype":"engine","name":"handlebars","timestamp":1744175844803,"id":"vn0gsyal3j9mqn9","previousEventId":"xl5af1h8rsgpv4p","operationId":"pcmtlzci7nua4me","previousOperationId":"1vah6trj9qjrtxd"}
{"type":"log","timestamp":1744175844803,"level":"debug","message":"Rendering engine handlebars","meta":{"rootId":"w22pfjhdy25btsl","id":"w22pfjhdy25btsl"},"id":"6a4k1cgrymmqpu7","previousOperationId":"pcmtlzci7nua4me"}
{"type":"operationEnd","operationId":"pcmtlzci7nua4me","timestamp":1744175844819,"id":"w1chiludo6lo8ve","previousEventId":"vn0gsyal3j9mqn9","previousOperationId":"pcmtlzci7nua4me"}
{"type":"operationStart","subtype":"recipe","name":"chrome-pdf","timestamp":1744175844819,"id":"lpynn7jxb7gkjwf","previousEventId":"w1chiludo6lo8ve","operationId":"oywcva50gfcrufe","previousOperationId":"pcmtlzci7nua4me"}
{"type":"log","timestamp":1744175844819,"level":"debug","message":"Executing recipe chrome-pdf","meta":{"rootId":"w22pfjhdy25btsl","id":"w22pfjhdy25btsl"},"id":"cgl0hsxu6wj2os6","previousOperationId":"oywcva50gfcrufe"}
{"type":"log","timestamp":1744175844823,"level":"debug","message":"Converting with chrome Chrome/133.0.6943.126 using chrome-pool strategy","meta":{"rootId":"w22pfjhdy25btsl","id":"w22pfjhdy25btsl"},"id":"ttpg34vb9s0ik2h","previousOperationId":"oywcva50gfcrufe"}
{"type":"log","timestamp":1744175844922,"level":"debug","message":"Page request: GET (document) file:///C:/Users/Patheo24/AppData/Local/Temp/jsreport/autocleanup/eb6e5bed-98a6-4fa2-9164-c8df9aa0b3e0-chrome-pdf.html","meta":{"rootId":"w22pfjhdy25btsl","id":"w22pfjhdy25btsl"},"id":"v7qrjg68c7rmi6h","previousOperationId":"oywcva50gfcrufe"}
{"type":"log","timestamp":1744175844954,"level":"debug","message":"Page request finished: GET (document) 200 file:///C:/Users/Patheo24/AppData/Local/Temp/jsreport/autocleanup/eb6e5bed-98a6-4fa2-9164-c8df9aa0b3e0-chrome-pdf.html","meta":{"rootId":"w22pfjhdy25btsl","id":"w22pfjhdy25btsl"},"id":"6eou0v93x2oot86","previousOperationId":"oywcva50gfcrufe"}
{"type":"log","timestamp":1744175845687,"level":"debug","message":"Running chrome with params {\"printBackground\":true,\"timeout\":59964,\"margin\":{}}","meta":{"rootId":"w22pfjhdy25btsl","id":"w22pfjhdy25btsl"},"id":"sr4t7ronzd6wbt2","previousOperationId":"oywcva50gfcrufe"}
{"type":"operationEnd","operationId":"oywcva50gfcrufe","timestamp":1744175845993,"id":"8k274qksnp8er62","previousEventId":"lpynn7jxb7gkjwf","previousOperationId":"oywcva50gfcrufe"}
{"type":"log","timestamp":1744175845994,"level":"debug","message":"Skipping storing report.","meta":{"rootId":"w22pfjhdy25btsl","id":"w22pfjhdy25btsl"},"id":"yhwrati093fliuw","previousOperationId":"oywcva50gfcrufe"}
{"type":"log","timestamp":1744175845994,"level":"info","message":"Rendering request 8 finished in 1208 ms","meta":{"rootId":"w22pfjhdy25btsl","id":"w22pfjhdy25btsl"},"id":"7ivpp0k6yemqnqr","previousOperationId":"oywcva50gfcrufe"}
{"type":"operationEnd","subtype":"render","operationId":"1vah6trj9qjrtxd","timestamp":1744175845994,"id":"j3zk6jsppj8eg65","previousEventId":"8k274qksnp8er62","previousOperationId":"oywcva50gfcrufe"}
{"type":"operationEnd","doDiffs":false,"previousEventId":"x86b0n9lxkw73x1","previousOperationId":"skszsx0mvvicq7x","operationId":"skszsx0mvvicq7x","timestamp":1744175845997,"id":"enaic2t9v7oscph"}
