{"type":"operationStart","subtype":"profile","data":{"_id":"cE4ymIfeolv38SXo","timestamp":"2025-04-09T13:35:48.731Z","state":"queued","mode":"standard","creationDate":"2025-04-09T13:35:48.733Z","modificationDate":"2025-04-09T13:35:48.733Z","shortid":"F9sV6ev","$entitySet":"profiles"},"doDiffs":false,"timestamp":1744205748732,"id":"5zy2tl7mry1nd5z","previousOperationId":null,"operationId":"xhgun3zzdepn4ra"}
{"type":"log","level":"info","message":"Render request 11 queued for execution and waiting for available worker","previousOperationId":"xhgun3zzdepn4ra","timestamp":1744205748732,"id":"7f1i8gsbgqyx9nd"}
{"type":"operationStart","subtype":"render","name":"myTemplate","previousOperationId":"xhgun3zzdepn4ra","timestamp":1744205748744,"id":"0i9l1cfvyj0zn7g","previousEventId":"5zy2tl7mry1nd5z","operationId":"wt7w3e81sk6y91c"}
{"type":"log","timestamp":1744205748744,"level":"info","message":"Starting rendering request 11","meta":{"rootId":"00mhhyqq5x10ajp","id":"00mhhyqq5x10ajp"},"id":"2vljqpmhzfqly9y","previousOperationId":"wt7w3e81sk6y91c"}
{"type":"log","timestamp":1744205748745,"level":"info","message":"Rendering template { name: myTemplate, recipe: chrome-pdf, engine: handlebars, preview: true }","meta":{"rootId":"00mhhyqq5x10ajp","id":"00mhhyqq5x10ajp"},"id":"0p1kr8fpn7x19hg","previousOperationId":"wt7w3e81sk6y91c"}
{"type":"log","timestamp":1744205748746,"level":"debug","message":"Adding sample data HUavgV0Kc","meta":{"rootId":"00mhhyqq5x10ajp","id":"00mhhyqq5x10ajp"},"id":"3ktdslj51q97siy","previousOperationId":"wt7w3e81sk6y91c"}
{"type":"log","timestamp":1744205748747,"level":"debug","message":"Base url not specified, skipping its injection.","meta":{"rootId":"00mhhyqq5x10ajp","id":"00mhhyqq5x10ajp"},"id":"kcf15hnvn5k9tsv","previousOperationId":"wt7w3e81sk6y91c"}
{"type":"operationStart","subtype":"engine","name":"handlebars","timestamp":1744205748747,"id":"0v7y7ygo1xezvvk","previousEventId":"0i9l1cfvyj0zn7g","operationId":"tjwjxx1qwu5q592","previousOperationId":"wt7w3e81sk6y91c"}
{"type":"log","timestamp":1744205748747,"level":"debug","message":"Rendering engine handlebars","meta":{"rootId":"00mhhyqq5x10ajp","id":"00mhhyqq5x10ajp"},"id":"4buy7ogjwjy5a6t","previousOperationId":"tjwjxx1qwu5q592"}
{"type":"operationEnd","operationId":"tjwjxx1qwu5q592","timestamp":1744205748770,"id":"zww303dptfkfhxt","previousEventId":"0v7y7ygo1xezvvk","previousOperationId":"tjwjxx1qwu5q592"}
{"type":"operationStart","subtype":"recipe","name":"chrome-pdf","timestamp":1744205748771,"id":"duttfd4bqmwx841","previousEventId":"zww303dptfkfhxt","operationId":"flt3c56flbcqnhb","previousOperationId":"tjwjxx1qwu5q592"}
{"type":"log","timestamp":1744205748771,"level":"debug","message":"Executing recipe chrome-pdf","meta":{"rootId":"00mhhyqq5x10ajp","id":"00mhhyqq5x10ajp"},"id":"i6xknohvsbngxq8","previousOperationId":"flt3c56flbcqnhb"}
{"type":"log","timestamp":1744205748779,"level":"debug","message":"Converting with chrome Chrome/133.0.6943.126 using chrome-pool strategy","meta":{"rootId":"00mhhyqq5x10ajp","id":"00mhhyqq5x10ajp"},"id":"bcyu84pjttycz8c","previousOperationId":"flt3c56flbcqnhb"}
{"type":"log","timestamp":1744205748850,"level":"debug","message":"Page request: GET (document) file:///C:/Users/Patheo24/AppData/Local/Temp/jsreport/autocleanup/5ce3753b-2283-4195-adf2-6b6ac08d16b3-chrome-pdf.html","meta":{"rootId":"00mhhyqq5x10ajp","id":"00mhhyqq5x10ajp"},"id":"0ekxc1xdvpsikid","previousOperationId":"flt3c56flbcqnhb"}
{"type":"log","timestamp":1744205748874,"level":"debug","message":"Page request finished: GET (document) 200 file:///C:/Users/Patheo24/AppData/Local/Temp/jsreport/autocleanup/5ce3753b-2283-4195-adf2-6b6ac08d16b3-chrome-pdf.html","meta":{"rootId":"00mhhyqq5x10ajp","id":"00mhhyqq5x10ajp"},"id":"io57x2xgjzirkd2","previousOperationId":"flt3c56flbcqnhb"}
{"type":"log","timestamp":1744205748880,"level":"debug","message":"Page request: GET (image) https://res.cloudinary.com/dpes1dyqb/image/upload/v1738768933/logo_myycxt.jpg","meta":{"rootId":"00mhhyqq5x10ajp","id":"00mhhyqq5x10ajp"},"id":"ms2czwii5q0r2g0","previousOperationId":"flt3c56flbcqnhb"}
{"type":"log","timestamp":1744205748881,"level":"debug","message":"Page request: GET (font) http://localhost:5488/fonts/kalpurush.ttf","meta":{"rootId":"00mhhyqq5x10ajp","id":"00mhhyqq5x10ajp"},"id":"js2kfc7tqymfom6","previousOperationId":"flt3c56flbcqnhb"}
{"type":"log","timestamp":1744205748920,"level":"debug","message":"Page request: GET (font) http://localhost:5488/fonts/kalpurush.ttf","meta":{"rootId":"00mhhyqq5x10ajp","id":"00mhhyqq5x10ajp"},"id":"s7ahlwue3kce83u","previousOperationId":"flt3c56flbcqnhb"}
{"type":"log","timestamp":1744205748922,"level":"debug","message":"Page request finished: GET (image) 200 https://res.cloudinary.com/dpes1dyqb/image/upload/v1738768933/logo_myycxt.jpg","meta":{"rootId":"00mhhyqq5x10ajp","id":"00mhhyqq5x10ajp"},"id":"hzrvg3hu5w2bl76","previousOperationId":"flt3c56flbcqnhb"}
{"type":"log","timestamp":1744205748930,"level":"debug","message":"(console:error) Failed to load resource: the server responded with a status of 404 (Not Found)","meta":{"userLevel":true,"rootId":"00mhhyqq5x10ajp","id":"00mhhyqq5x10ajp"},"id":"asbccrierc8s6t0","previousOperationId":"flt3c56flbcqnhb"}
{"type":"log","timestamp":1744205748930,"level":"warn","message":"Page request failed: GET (font) http://localhost:5488/fonts/kalpurush.ttf, failure: net::ERR_ABORTED","meta":{"rootId":"00mhhyqq5x10ajp","id":"00mhhyqq5x10ajp"},"id":"w9wxy1klfk5a5ff","previousOperationId":"flt3c56flbcqnhb"}
{"type":"log","timestamp":1744205748937,"level":"debug","message":"Running chrome with params {\"printBackground\":true,\"timeout\":59954,\"margin\":{}}","meta":{"rootId":"00mhhyqq5x10ajp","id":"00mhhyqq5x10ajp"},"id":"c5k5ulfdqph0gto","previousOperationId":"flt3c56flbcqnhb"}
{"type":"operationEnd","operationId":"flt3c56flbcqnhb","timestamp":1744205749243,"id":"8fg9pdcl6sz6v32","previousEventId":"duttfd4bqmwx841","previousOperationId":"flt3c56flbcqnhb"}
{"type":"log","timestamp":1744205749243,"level":"debug","message":"Skipping storing report.","meta":{"rootId":"00mhhyqq5x10ajp","id":"00mhhyqq5x10ajp"},"id":"2ux9465iz1bnmxj","previousOperationId":"flt3c56flbcqnhb"}
{"type":"log","timestamp":1744205749243,"level":"info","message":"Rendering request 11 finished in 512 ms","meta":{"rootId":"00mhhyqq5x10ajp","id":"00mhhyqq5x10ajp"},"id":"u06es5ff9jvunc2","previousOperationId":"flt3c56flbcqnhb"}
{"type":"operationEnd","subtype":"render","operationId":"wt7w3e81sk6y91c","timestamp":1744205749243,"id":"1q7tyjuhasvnqk1","previousEventId":"8fg9pdcl6sz6v32","previousOperationId":"flt3c56flbcqnhb"}
{"type":"operationEnd","doDiffs":false,"previousEventId":"5zy2tl7mry1nd5z","previousOperationId":"xhgun3zzdepn4ra","operationId":"xhgun3zzdepn4ra","timestamp":1744205749247,"id":"gno80n7549rho27"}
