{"type":"operationStart","subtype":"profile","data":{"_id":"ROnjERbj53USGfc3","timestamp":"2025-04-09T13:40:01.507Z","state":"queued","mode":"standard","creationDate":"2025-04-09T13:40:01.509Z","modificationDate":"2025-04-09T13:40:01.509Z","shortid":"D-qNAMK","$entitySet":"profiles"},"doDiffs":false,"timestamp":1744206001508,"id":"deuidxurd5wubxo","previousOperationId":null,"operationId":"7h41j21s53m1i5k"}
{"type":"log","level":"info","message":"Render request 19 queued for execution and waiting for available worker","previousOperationId":"7h41j21s53m1i5k","timestamp":1744206001508,"id":"ygy40qgc1ozu3iv"}
{"type":"operationStart","subtype":"render","name":"myTemplate","previousOperationId":"7h41j21s53m1i5k","timestamp":1744206001520,"id":"84sabkboqv45ab4","previousEventId":"deuidxurd5wubxo","operationId":"al1f4gbctp5hy2u"}
{"type":"log","timestamp":1744206001520,"level":"info","message":"Starting rendering request 19","meta":{"rootId":"05bzgbo5yflw7qv","id":"05bzgbo5yflw7qv"},"id":"3s3js4oovx4m8oe","previousOperationId":"al1f4gbctp5hy2u"}
{"type":"log","timestamp":1744206001521,"level":"info","message":"Rendering template { name: myTemplate, recipe: chrome-pdf, engine: handlebars, preview: true }","meta":{"rootId":"05bzgbo5yflw7qv","id":"05bzgbo5yflw7qv"},"id":"wetr9ltc7i7epbl","previousOperationId":"al1f4gbctp5hy2u"}
{"type":"log","timestamp":1744206001521,"level":"debug","message":"Adding sample data HUavgV0Kc","meta":{"rootId":"05bzgbo5yflw7qv","id":"05bzgbo5yflw7qv"},"id":"6ckznvdn1wkyv2r","previousOperationId":"al1f4gbctp5hy2u"}
{"type":"log","timestamp":1744206001522,"level":"debug","message":"Base url not specified, skipping its injection.","meta":{"rootId":"05bzgbo5yflw7qv","id":"05bzgbo5yflw7qv"},"id":"u5p3wdys8l2oyss","previousOperationId":"al1f4gbctp5hy2u"}
{"type":"operationStart","subtype":"engine","name":"handlebars","timestamp":1744206001523,"id":"vh6lqiei1zgh6iw","previousEventId":"84sabkboqv45ab4","operationId":"rz8xt36h4y0uano","previousOperationId":"al1f4gbctp5hy2u"}
{"type":"log","timestamp":1744206001523,"level":"debug","message":"Rendering engine handlebars","meta":{"rootId":"05bzgbo5yflw7qv","id":"05bzgbo5yflw7qv"},"id":"gzrb3ge2zr7hdvi","previousOperationId":"rz8xt36h4y0uano"}
{"type":"operationEnd","operationId":"rz8xt36h4y0uano","timestamp":1744206001540,"id":"kcyh6vwe2fn1fbj","previousEventId":"vh6lqiei1zgh6iw","previousOperationId":"rz8xt36h4y0uano"}
{"type":"operationStart","subtype":"recipe","name":"chrome-pdf","timestamp":1744206001540,"id":"0gsznnynuyqovzt","previousEventId":"kcyh6vwe2fn1fbj","operationId":"mcmvt0kka8o3qet","previousOperationId":"rz8xt36h4y0uano"}
{"type":"log","timestamp":1744206001540,"level":"debug","message":"Executing recipe chrome-pdf","meta":{"rootId":"05bzgbo5yflw7qv","id":"05bzgbo5yflw7qv"},"id":"rbkm5lxycqpxvss","previousOperationId":"mcmvt0kka8o3qet"}
{"type":"log","timestamp":1744206001543,"level":"debug","message":"Converting with chrome Chrome/133.0.6943.126 using chrome-pool strategy","meta":{"rootId":"05bzgbo5yflw7qv","id":"05bzgbo5yflw7qv"},"id":"ia7ma77yrytrcko","previousOperationId":"mcmvt0kka8o3qet"}
{"type":"log","timestamp":1744206001621,"level":"debug","message":"Page request: GET (document) file:///C:/Users/Patheo24/AppData/Local/Temp/jsreport/autocleanup/a3d6d19a-5b4d-4975-b575-811144f92fb6-chrome-pdf.html","meta":{"rootId":"05bzgbo5yflw7qv","id":"05bzgbo5yflw7qv"},"id":"kzfaqf2gv16z9w1","previousOperationId":"mcmvt0kka8o3qet"}
{"type":"log","timestamp":1744206001641,"level":"debug","message":"Page request finished: GET (document) 200 file:///C:/Users/Patheo24/AppData/Local/Temp/jsreport/autocleanup/a3d6d19a-5b4d-4975-b575-811144f92fb6-chrome-pdf.html","meta":{"rootId":"05bzgbo5yflw7qv","id":"05bzgbo5yflw7qv"},"id":"rz88b4py9gxsgn0","previousOperationId":"mcmvt0kka8o3qet"}
{"type":"log","timestamp":1744206001642,"level":"debug","message":"Page request: GET (image) https://res.cloudinary.com/dpes1dyqb/image/upload/v1738768933/logo_myycxt.jpg","meta":{"rootId":"05bzgbo5yflw7qv","id":"05bzgbo5yflw7qv"},"id":"wbxc6ogt2neoqfk","previousOperationId":"mcmvt0kka8o3qet"}
{"type":"log","timestamp":1744206001642,"level":"debug","message":"(console:info) Slow network is detected. See https://www.chromestatus.com/feature/5636954674692096 for more details. Fallback font will be used while loading: http://localhost:5488/fonts/kalpurush.ttf","meta":{"userLevel":true,"rootId":"05bzgbo5yflw7qv","id":"05bzgbo5yflw7qv"},"id":"y5c5qu5fe0kz49a","previousOperationId":"mcmvt0kka8o3qet"}
{"type":"log","timestamp":1744206001642,"level":"debug","message":"Page request: GET (font) http://localhost:5488/fonts/kalpurush.ttf","meta":{"rootId":"05bzgbo5yflw7qv","id":"05bzgbo5yflw7qv"},"id":"4tzrd85x4u8cz1r","previousOperationId":"mcmvt0kka8o3qet"}
{"type":"log","timestamp":1744206001645,"level":"debug","message":"Page request: GET (font) http://localhost:5488/fonts/kalpurush.ttf","meta":{"rootId":"05bzgbo5yflw7qv","id":"05bzgbo5yflw7qv"},"id":"pvamd1r0ixa1t3v","previousOperationId":"mcmvt0kka8o3qet"}
{"type":"log","timestamp":1744206001646,"level":"debug","message":"Page request finished: GET (image) 200 https://res.cloudinary.com/dpes1dyqb/image/upload/v1738768933/logo_myycxt.jpg","meta":{"rootId":"05bzgbo5yflw7qv","id":"05bzgbo5yflw7qv"},"id":"cmmw0urwh8zhome","previousOperationId":"mcmvt0kka8o3qet"}
{"type":"log","timestamp":1744206001691,"level":"debug","message":"(console:error) Failed to load resource: the server responded with a status of 404 (Not Found)","meta":{"userLevel":true,"rootId":"05bzgbo5yflw7qv","id":"05bzgbo5yflw7qv"},"id":"chcmf2al75ga4z1","previousOperationId":"mcmvt0kka8o3qet"}
{"type":"log","timestamp":1744206001692,"level":"warn","message":"Page request failed: GET (font) http://localhost:5488/fonts/kalpurush.ttf, failure: net::ERR_ABORTED","meta":{"rootId":"05bzgbo5yflw7qv","id":"05bzgbo5yflw7qv"},"id":"3paiabjixdpp25k","previousOperationId":"mcmvt0kka8o3qet"}
{"type":"log","timestamp":1744206001699,"level":"debug","message":"Running chrome with params {\"printBackground\":true,\"timeout\":59965,\"margin\":{}}","meta":{"rootId":"05bzgbo5yflw7qv","id":"05bzgbo5yflw7qv"},"id":"sqij4vul33fs85t","previousOperationId":"mcmvt0kka8o3qet"}
{"type":"operationEnd","operationId":"mcmvt0kka8o3qet","timestamp":1744206001996,"id":"qbk2zdovm4k3ikm","previousEventId":"0gsznnynuyqovzt","previousOperationId":"mcmvt0kka8o3qet"}
{"type":"log","timestamp":1744206001996,"level":"debug","message":"Skipping storing report.","meta":{"rootId":"05bzgbo5yflw7qv","id":"05bzgbo5yflw7qv"},"id":"e5k2a80zs6j477b","previousOperationId":"mcmvt0kka8o3qet"}
{"type":"log","timestamp":1744206001996,"level":"info","message":"Rendering request 19 finished in 489 ms","meta":{"rootId":"05bzgbo5yflw7qv","id":"05bzgbo5yflw7qv"},"id":"8ox8idadx5atzss","previousOperationId":"mcmvt0kka8o3qet"}
{"type":"operationEnd","subtype":"render","operationId":"al1f4gbctp5hy2u","timestamp":1744206001996,"id":"awqgm2vsywmsslb","previousEventId":"qbk2zdovm4k3ikm","previousOperationId":"mcmvt0kka8o3qet"}
{"type":"operationEnd","doDiffs":false,"previousEventId":"deuidxurd5wubxo","previousOperationId":"7h41j21s53m1i5k","operationId":"7h41j21s53m1i5k","timestamp":1744206002001,"id":"8t4y5a54vwser7b"}
