{"type":"operationStart","subtype":"profile","data":{"_id":"vl5jsDeXq1lTzXbM","timestamp":"2025-04-09T14:34:22.708Z","state":"queued","mode":"standard","creationDate":"2025-04-09T14:34:22.710Z","modificationDate":"2025-04-09T14:34:22.710Z","shortid":"mmMyQhc","$entitySet":"profiles"},"doDiffs":false,"timestamp":1744209262709,"id":"498ozz7p1e48w4w","previousOperationId":null,"operationId":"j98941pddznc5ty"}
{"type":"log","level":"info","message":"Render request 110 queued for execution and waiting for available worker","previousOperationId":"j98941pddznc5ty","timestamp":1744209262710,"id":"9ukmevugafhlgbv"}
{"type":"operationStart","subtype":"render","name":"myTemplate","previousOperationId":"j98941pddznc5ty","timestamp":1744209262721,"id":"65krdd5uw6hyrp5","previousEventId":"498ozz7p1e48w4w","operationId":"yzghtgsou2kd2s5"}
{"type":"log","timestamp":1744209262721,"level":"info","message":"Starting rendering request 110","meta":{"rootId":"07f2oixni7ktycu","id":"07f2oixni7ktycu"},"id":"xli15cnhf2dl0z1","previousOperationId":"yzghtgsou2kd2s5"}
{"type":"log","timestamp":1744209262722,"level":"info","message":"Rendering template { name: myTemplate, recipe: chrome-pdf, engine: handlebars, preview: true }","meta":{"rootId":"07f2oixni7ktycu","id":"07f2oixni7ktycu"},"id":"bja85z5us0f80yv","previousOperationId":"yzghtgsou2kd2s5"}
{"type":"log","timestamp":1744209262722,"level":"debug","message":"Inline data specified.","meta":{"rootId":"07f2oixni7ktycu","id":"07f2oixni7ktycu"},"id":"qm9c6bejht2wee2","previousOperationId":"yzghtgsou2kd2s5"}
{"type":"log","timestamp":1744209262724,"level":"debug","message":"Base url not specified, skipping its injection.","meta":{"rootId":"07f2oixni7ktycu","id":"07f2oixni7ktycu"},"id":"hfgmpe0e7fglwr3","previousOperationId":"yzghtgsou2kd2s5"}
{"type":"operationStart","subtype":"engine","name":"handlebars","timestamp":1744209262724,"id":"76usw73uwd4z8m7","previousEventId":"65krdd5uw6hyrp5","operationId":"h79zaecrpoknbqw","previousOperationId":"yzghtgsou2kd2s5"}
{"type":"log","timestamp":1744209262724,"level":"debug","message":"Rendering engine handlebars","meta":{"rootId":"07f2oixni7ktycu","id":"07f2oixni7ktycu"},"id":"l8cxuegzhol31i0","previousOperationId":"h79zaecrpoknbqw"}
{"type":"operationEnd","operationId":"h79zaecrpoknbqw","timestamp":1744209262742,"id":"yaqqh1tu2ddzfgq","previousEventId":"76usw73uwd4z8m7","previousOperationId":"h79zaecrpoknbqw"}
{"type":"operationStart","subtype":"recipe","name":"chrome-pdf","timestamp":1744209262742,"id":"1srfa6ufigrfbij","previousEventId":"yaqqh1tu2ddzfgq","operationId":"xfxhpoyfbidcx6d","previousOperationId":"h79zaecrpoknbqw"}
{"type":"log","timestamp":1744209262742,"level":"debug","message":"Executing recipe chrome-pdf","meta":{"rootId":"07f2oixni7ktycu","id":"07f2oixni7ktycu"},"id":"wf5ju3anbh479mo","previousOperationId":"xfxhpoyfbidcx6d"}
{"type":"log","timestamp":1744209262747,"level":"debug","message":"Converting with chrome Chrome/133.0.6943.126 using chrome-pool strategy","meta":{"rootId":"07f2oixni7ktycu","id":"07f2oixni7ktycu"},"id":"b8somwa97vn2j79","previousOperationId":"xfxhpoyfbidcx6d"}
{"type":"log","timestamp":1744209262846,"level":"debug","message":"Page request: GET (document) file:///C:/Users/Patheo24/AppData/Local/Temp/jsreport/autocleanup/e03feffe-d02c-48cb-ad11-cf174e8ee6ac-chrome-pdf.html","meta":{"rootId":"07f2oixni7ktycu","id":"07f2oixni7ktycu"},"id":"20p9p7ep6sum2xv","previousOperationId":"xfxhpoyfbidcx6d"}
{"type":"log","timestamp":1744209262875,"level":"debug","message":"Page request finished: GET (document) 200 file:///C:/Users/Patheo24/AppData/Local/Temp/jsreport/autocleanup/e03feffe-d02c-48cb-ad11-cf174e8ee6ac-chrome-pdf.html","meta":{"rootId":"07f2oixni7ktycu","id":"07f2oixni7ktycu"},"id":"8kvgtqzaiobgkay","previousOperationId":"xfxhpoyfbidcx6d"}
{"type":"log","timestamp":1744209262876,"level":"debug","message":"Page request: GET (font) http://localhost:5488/fonts/kalpurush.ttf","meta":{"rootId":"07f2oixni7ktycu","id":"07f2oixni7ktycu"},"id":"79h50n8z5j5ksep","previousOperationId":"xfxhpoyfbidcx6d"}
{"type":"log","timestamp":1744209262877,"level":"debug","message":"Page request: GET (image) https://res.cloudinary.com/dpes1dyqb/image/upload/v1738768933/logo_myycxt.jpg","meta":{"rootId":"07f2oixni7ktycu","id":"07f2oixni7ktycu"},"id":"uwk9v41377ao5qe","previousOperationId":"xfxhpoyfbidcx6d"}
{"type":"log","timestamp":1744209262927,"level":"debug","message":"Page request: GET (font) http://localhost:5488/fonts/kalpurush.ttf","meta":{"rootId":"07f2oixni7ktycu","id":"07f2oixni7ktycu"},"id":"7o7bfn40sgcoucr","previousOperationId":"xfxhpoyfbidcx6d"}
{"type":"log","timestamp":1744209262929,"level":"debug","message":"Page request finished: GET (image) 200 https://res.cloudinary.com/dpes1dyqb/image/upload/v1738768933/logo_myycxt.jpg","meta":{"rootId":"07f2oixni7ktycu","id":"07f2oixni7ktycu"},"id":"zc82rlfui9x8fll","previousOperationId":"xfxhpoyfbidcx6d"}
{"type":"log","timestamp":1744209262940,"level":"debug","message":"(console:error) Failed to load resource: the server responded with a status of 404 (Not Found)","meta":{"userLevel":true,"rootId":"07f2oixni7ktycu","id":"07f2oixni7ktycu"},"id":"73f8ej1tnr2jv67","previousOperationId":"xfxhpoyfbidcx6d"}
{"type":"log","timestamp":1744209262940,"level":"warn","message":"Page request failed: GET (font) http://localhost:5488/fonts/kalpurush.ttf, failure: net::ERR_ABORTED","meta":{"rootId":"07f2oixni7ktycu","id":"07f2oixni7ktycu"},"id":"tyi5gndqaleenji","previousOperationId":"xfxhpoyfbidcx6d"}
{"type":"log","timestamp":1744209262947,"level":"debug","message":"Running chrome with params {\"printBackground\":true,\"format\":\"A5\",\"marginRight\":\"\",\"height\":\"\",\"marginTop\":\"\",\"marginBottom\":\"\",\"marginLeft\":\"\",\"displayHeaderFooter\":true,\"width\":\"\",\"timeout\":59963,\"margin\":{\"top\":\"\",\"right\":\"\",\"bottom\":\"\",\"left\":\"\"}}","meta":{"rootId":"07f2oixni7ktycu","id":"07f2oixni7ktycu"},"id":"pb0pvwq3zhcxfg5","previousOperationId":"xfxhpoyfbidcx6d"}
{"type":"operationEnd","operationId":"xfxhpoyfbidcx6d","timestamp":1744209263256,"id":"lml28w3jq2ypjwz","previousEventId":"1srfa6ufigrfbij","previousOperationId":"xfxhpoyfbidcx6d"}
{"type":"log","timestamp":1744209263256,"level":"debug","message":"Skipping storing report.","meta":{"rootId":"07f2oixni7ktycu","id":"07f2oixni7ktycu"},"id":"r9hobab9km79kdc","previousOperationId":"xfxhpoyfbidcx6d"}
{"type":"log","timestamp":1744209263256,"level":"info","message":"Rendering request 110 finished in 548 ms","meta":{"rootId":"07f2oixni7ktycu","id":"07f2oixni7ktycu"},"id":"8tjkkkx8r24ei8e","previousOperationId":"xfxhpoyfbidcx6d"}
{"type":"operationEnd","subtype":"render","operationId":"yzghtgsou2kd2s5","timestamp":1744209263256,"id":"8yifa06yv0c5yb8","previousEventId":"lml28w3jq2ypjwz","previousOperationId":"xfxhpoyfbidcx6d"}
{"type":"operationEnd","doDiffs":false,"previousEventId":"498ozz7p1e48w4w","previousOperationId":"j98941pddznc5ty","operationId":"j98941pddznc5ty","timestamp":1744209263259,"id":"7atuy5ula2bx0l0"}
