{"type":"operationStart","subtype":"profile","data":{"_id":"BvwcvnT3Sd6OBZ0F","timestamp":"2025-04-09T10:42:41.904Z","state":"queued","mode":"standard","creationDate":"2025-04-09T10:42:41.906Z","modificationDate":"2025-04-09T10:42:41.906Z","shortid":"hGEeHSB","$entitySet":"profiles"},"doDiffs":false,"timestamp":1744195361906,"id":"fwjv9vbqzo2uu2j","previousOperationId":null,"operationId":"q1frm4sxrn5dm6e"}
{"type":"log","level":"info","message":"Render request 20 queued for execution and waiting for available worker","previousOperationId":"q1frm4sxrn5dm6e","timestamp":1744195361906,"id":"c7r8yf78dp1k21q"}
{"type":"operationStart","subtype":"render","name":"myTemplate","previousOperationId":"q1frm4sxrn5dm6e","timestamp":1744195361919,"id":"a1ye37ox19r2891","previousEventId":"fwjv9vbqzo2uu2j","operationId":"su460hstmeaph67"}
{"type":"log","timestamp":1744195361919,"level":"info","message":"Starting rendering request 20","meta":{"rootId":"0d70f4cuk6ih1of","id":"0d70f4cuk6ih1of"},"id":"bxe35pkcd2jnuj7","previousOperationId":"su460hstmeaph67"}
{"type":"log","timestamp":1744195361919,"level":"info","message":"Rendering template { name: myTemplate, recipe: chrome-pdf, engine: handlebars, preview: true }","meta":{"rootId":"0d70f4cuk6ih1of","id":"0d70f4cuk6ih1of"},"id":"g1h7htbahppeif8","previousOperationId":"su460hstmeaph67"}
{"type":"log","timestamp":1744195361919,"level":"debug","message":"Inline data specified.","meta":{"rootId":"0d70f4cuk6ih1of","id":"0d70f4cuk6ih1of"},"id":"bk1cxm5ua855b01","previousOperationId":"su460hstmeaph67"}
{"type":"log","timestamp":1744195361921,"level":"debug","message":"Base url not specified, skipping its injection.","meta":{"rootId":"0d70f4cuk6ih1of","id":"0d70f4cuk6ih1of"},"id":"movlenaduodg87e","previousOperationId":"su460hstmeaph67"}
{"type":"operationStart","subtype":"engine","name":"handlebars","timestamp":1744195361921,"id":"fq1wrzloh1pegu9","previousEventId":"a1ye37ox19r2891","operationId":"8xfm2xnp05qk7us","previousOperationId":"su460hstmeaph67"}
{"type":"log","timestamp":1744195361921,"level":"debug","message":"Rendering engine handlebars","meta":{"rootId":"0d70f4cuk6ih1of","id":"0d70f4cuk6ih1of"},"id":"ooj8btro7x1r9ee","previousOperationId":"8xfm2xnp05qk7us"}
{"type":"operationEnd","operationId":"8xfm2xnp05qk7us","timestamp":1744195361943,"id":"6xmnar4p3cdj9vl","previousEventId":"fq1wrzloh1pegu9","previousOperationId":"8xfm2xnp05qk7us"}
{"type":"operationStart","subtype":"recipe","name":"chrome-pdf","timestamp":1744195361943,"id":"oe7i0yf4bvm7l4b","previousEventId":"6xmnar4p3cdj9vl","operationId":"dd5lvl14roqu6hx","previousOperationId":"8xfm2xnp05qk7us"}
{"type":"log","timestamp":1744195361943,"level":"debug","message":"Executing recipe chrome-pdf","meta":{"rootId":"0d70f4cuk6ih1of","id":"0d70f4cuk6ih1of"},"id":"czq03lutgp85hn2","previousOperationId":"dd5lvl14roqu6hx"}
{"type":"log","timestamp":1744195361946,"level":"debug","message":"Converting with chrome Chrome/133.0.6943.126 using chrome-pool strategy","meta":{"rootId":"0d70f4cuk6ih1of","id":"0d70f4cuk6ih1of"},"id":"hofw7pwiduckofp","previousOperationId":"dd5lvl14roqu6hx"}
{"type":"log","timestamp":1744195362013,"level":"debug","message":"Page request: GET (document) file:///C:/Users/Patheo24/AppData/Local/Temp/jsreport/autocleanup/849a25ed-18bc-47c4-8631-81bf8771c4d5-chrome-pdf.html","meta":{"rootId":"0d70f4cuk6ih1of","id":"0d70f4cuk6ih1of"},"id":"s3pob21xowf2pk0","previousOperationId":"dd5lvl14roqu6hx"}
{"type":"log","timestamp":1744195362053,"level":"debug","message":"Page request finished: GET (document) 200 file:///C:/Users/Patheo24/AppData/Local/Temp/jsreport/autocleanup/849a25ed-18bc-47c4-8631-81bf8771c4d5-chrome-pdf.html","meta":{"rootId":"0d70f4cuk6ih1of","id":"0d70f4cuk6ih1of"},"id":"7n5ywqpbkehe90f","previousOperationId":"dd5lvl14roqu6hx"}
{"type":"log","timestamp":1744195362054,"level":"debug","message":"Page request: GET (image) https://res.cloudinary.com/dpes1dyqb/image/upload/v1738768933/logo_myycxt.jpg","meta":{"rootId":"0d70f4cuk6ih1of","id":"0d70f4cuk6ih1of"},"id":"ff48me3ilbuvtty","previousOperationId":"dd5lvl14roqu6hx"}
{"type":"log","timestamp":1744195362057,"level":"debug","message":"(console:info) Slow network is detected. See https://www.chromestatus.com/feature/5636954674692096 for more details. Fallback font will be used while loading: http://localhost:5488/fonts/kalpurush.ttf","meta":{"userLevel":true,"rootId":"0d70f4cuk6ih1of","id":"0d70f4cuk6ih1of"},"id":"p2df3wzevlm0sly","previousOperationId":"dd5lvl14roqu6hx"}
{"type":"log","timestamp":1744195362059,"level":"debug","message":"Page request: GET (font) http://localhost:5488/fonts/kalpurush.ttf","meta":{"rootId":"0d70f4cuk6ih1of","id":"0d70f4cuk6ih1of"},"id":"n4yhged01n68tyv","previousOperationId":"dd5lvl14roqu6hx"}
{"type":"log","timestamp":1744195362063,"level":"debug","message":"Page request: GET (font) http://localhost:5488/fonts/kalpurush.ttf","meta":{"rootId":"0d70f4cuk6ih1of","id":"0d70f4cuk6ih1of"},"id":"ylwiu8v8te5yyp0","previousOperationId":"dd5lvl14roqu6hx"}
{"type":"log","timestamp":1744195362064,"level":"debug","message":"Page request finished: GET (image) 200 https://res.cloudinary.com/dpes1dyqb/image/upload/v1738768933/logo_myycxt.jpg","meta":{"rootId":"0d70f4cuk6ih1of","id":"0d70f4cuk6ih1of"},"id":"chavgdqa18tppdk","previousOperationId":"dd5lvl14roqu6hx"}
{"type":"log","timestamp":1744195362114,"level":"debug","message":"(console:error) Failed to load resource: the server responded with a status of 404 (Not Found)","meta":{"userLevel":true,"rootId":"0d70f4cuk6ih1of","id":"0d70f4cuk6ih1of"},"id":"vegq9jzebrrrf3s","previousOperationId":"dd5lvl14roqu6hx"}
{"type":"log","timestamp":1744195362114,"level":"warn","message":"Page request failed: GET (font) http://localhost:5488/fonts/kalpurush.ttf, failure: net::ERR_ABORTED","meta":{"rootId":"0d70f4cuk6ih1of","id":"0d70f4cuk6ih1of"},"id":"v3sftjp1nhm76yt","previousOperationId":"dd5lvl14roqu6hx"}
{"type":"log","timestamp":1744195362121,"level":"debug","message":"Running chrome with params {\"printBackground\":true,\"timeout\":59959,\"margin\":{}}","meta":{"rootId":"0d70f4cuk6ih1of","id":"0d70f4cuk6ih1of"},"id":"i2qu085qssvjupv","previousOperationId":"dd5lvl14roqu6hx"}
{"type":"operationEnd","operationId":"dd5lvl14roqu6hx","timestamp":1744195362428,"id":"oy63qqlnac2oysx","previousEventId":"oe7i0yf4bvm7l4b","previousOperationId":"dd5lvl14roqu6hx"}
{"type":"log","timestamp":1744195362428,"level":"debug","message":"Skipping storing report.","meta":{"rootId":"0d70f4cuk6ih1of","id":"0d70f4cuk6ih1of"},"id":"1chek5b8l51pm11","previousOperationId":"dd5lvl14roqu6hx"}
{"type":"log","timestamp":1744195362428,"level":"info","message":"Rendering request 20 finished in 524 ms","meta":{"rootId":"0d70f4cuk6ih1of","id":"0d70f4cuk6ih1of"},"id":"2m3my7xscupthxy","previousOperationId":"dd5lvl14roqu6hx"}
{"type":"operationEnd","subtype":"render","operationId":"su460hstmeaph67","timestamp":1744195362428,"id":"gca1t1n3jzm8zl5","previousEventId":"oy63qqlnac2oysx","previousOperationId":"dd5lvl14roqu6hx"}
{"type":"operationEnd","doDiffs":false,"previousEventId":"fwjv9vbqzo2uu2j","previousOperationId":"q1frm4sxrn5dm6e","operationId":"q1frm4sxrn5dm6e","timestamp":1744195362432,"id":"vzp79xj8xpnrdwt"}
