{"type":"operationStart","subtype":"profile","data":{"_id":"9lkLEyDYU76pTrY2","timestamp":"2025-04-09T14:34:13.629Z","state":"queued","mode":"standard","creationDate":"2025-04-09T14:34:13.630Z","modificationDate":"2025-04-09T14:34:13.630Z","shortid":"51v2XyS","$entitySet":"profiles"},"doDiffs":false,"timestamp":1744209253630,"id":"zm8jk19sup4dbga","previousOperationId":null,"operationId":"z0eloegvyyria2l"}
{"type":"log","level":"info","message":"Render request 109 queued for execution and waiting for available worker","previousOperationId":"z0eloegvyyria2l","timestamp":1744209253630,"id":"f6qndgitlzvjgn1"}
{"type":"operationStart","subtype":"render","name":"myTemplate","previousOperationId":"z0eloegvyyria2l","timestamp":1744209253639,"id":"ynjq2wrh2zkrpw0","previousEventId":"zm8jk19sup4dbga","operationId":"oyapfepbqiv9b2a"}
{"type":"log","timestamp":1744209253639,"level":"info","message":"Starting rendering request 109","meta":{"rootId":"0lzdjqz5qlgb0hq","id":"0lzdjqz5qlgb0hq"},"id":"jzdiwn8pln06iwt","previousOperationId":"oyapfepbqiv9b2a"}
{"type":"log","timestamp":1744209253639,"level":"info","message":"Rendering template { name: myTemplate, recipe: chrome-pdf, engine: handlebars, preview: true }","meta":{"rootId":"0lzdjqz5qlgb0hq","id":"0lzdjqz5qlgb0hq"},"id":"193stf2cwkq2j9r","previousOperationId":"oyapfepbqiv9b2a"}
{"type":"log","timestamp":1744209253640,"level":"debug","message":"Inline data specified.","meta":{"rootId":"0lzdjqz5qlgb0hq","id":"0lzdjqz5qlgb0hq"},"id":"cou4hhps7hc1ni5","previousOperationId":"oyapfepbqiv9b2a"}
{"type":"log","timestamp":1744209253641,"level":"debug","message":"Base url not specified, skipping its injection.","meta":{"rootId":"0lzdjqz5qlgb0hq","id":"0lzdjqz5qlgb0hq"},"id":"x7yrm0ah0xqc7ij","previousOperationId":"oyapfepbqiv9b2a"}
{"type":"operationStart","subtype":"engine","name":"handlebars","timestamp":1744209253641,"id":"s1bp4fkwf0kd4m4","previousEventId":"ynjq2wrh2zkrpw0","operationId":"ak9ijd3h04fqynf","previousOperationId":"oyapfepbqiv9b2a"}
{"type":"log","timestamp":1744209253641,"level":"debug","message":"Rendering engine handlebars","meta":{"rootId":"0lzdjqz5qlgb0hq","id":"0lzdjqz5qlgb0hq"},"id":"gnm4jqb7zj6d2ob","previousOperationId":"ak9ijd3h04fqynf"}
{"type":"operationEnd","operationId":"ak9ijd3h04fqynf","timestamp":1744209253657,"id":"7eequwpa5n4m64j","previousEventId":"s1bp4fkwf0kd4m4","previousOperationId":"ak9ijd3h04fqynf"}
{"type":"operationStart","subtype":"recipe","name":"chrome-pdf","timestamp":1744209253658,"id":"5chk5k22yo4kndb","previousEventId":"7eequwpa5n4m64j","operationId":"03ng3qqynfq1o04","previousOperationId":"ak9ijd3h04fqynf"}
{"type":"log","timestamp":1744209253658,"level":"debug","message":"Executing recipe chrome-pdf","meta":{"rootId":"0lzdjqz5qlgb0hq","id":"0lzdjqz5qlgb0hq"},"id":"bbv66vcp38fonvo","previousOperationId":"03ng3qqynfq1o04"}
{"type":"log","timestamp":1744209253662,"level":"debug","message":"Converting with chrome Chrome/133.0.6943.126 using chrome-pool strategy","meta":{"rootId":"0lzdjqz5qlgb0hq","id":"0lzdjqz5qlgb0hq"},"id":"0h3ibwepdjwnjmb","previousOperationId":"03ng3qqynfq1o04"}
{"type":"log","timestamp":1744209253727,"level":"debug","message":"Page request: GET (document) file:///C:/Users/Patheo24/AppData/Local/Temp/jsreport/autocleanup/fdcb9dd8-0062-4740-87b5-ae61810659bb-chrome-pdf.html","meta":{"rootId":"0lzdjqz5qlgb0hq","id":"0lzdjqz5qlgb0hq"},"id":"e6zgc98ow39yz5j","previousOperationId":"03ng3qqynfq1o04"}
{"type":"log","timestamp":1744209253757,"level":"debug","message":"Page request finished: GET (document) 200 file:///C:/Users/Patheo24/AppData/Local/Temp/jsreport/autocleanup/fdcb9dd8-0062-4740-87b5-ae61810659bb-chrome-pdf.html","meta":{"rootId":"0lzdjqz5qlgb0hq","id":"0lzdjqz5qlgb0hq"},"id":"ec04khmkbzbbycs","previousOperationId":"03ng3qqynfq1o04"}
{"type":"log","timestamp":1744209253768,"level":"debug","message":"Page request: GET (font) http://localhost:5488/fonts/kalpurush.ttf","meta":{"rootId":"0lzdjqz5qlgb0hq","id":"0lzdjqz5qlgb0hq"},"id":"ts99bcyzzjux6d0","previousOperationId":"03ng3qqynfq1o04"}
{"type":"log","timestamp":1744209253769,"level":"debug","message":"Page request: GET (image) https://res.cloudinary.com/dpes1dyqb/image/upload/v1738768933/logo_myycxt.jpg","meta":{"rootId":"0lzdjqz5qlgb0hq","id":"0lzdjqz5qlgb0hq"},"id":"r0jtc3xyt51ir2y","previousOperationId":"03ng3qqynfq1o04"}
{"type":"log","timestamp":1744209253809,"level":"debug","message":"Page request: GET (font) http://localhost:5488/fonts/kalpurush.ttf","meta":{"rootId":"0lzdjqz5qlgb0hq","id":"0lzdjqz5qlgb0hq"},"id":"rtpf2tvf7jl2k31","previousOperationId":"03ng3qqynfq1o04"}
{"type":"log","timestamp":1744209253810,"level":"debug","message":"Page request finished: GET (image) 200 https://res.cloudinary.com/dpes1dyqb/image/upload/v1738768933/logo_myycxt.jpg","meta":{"rootId":"0lzdjqz5qlgb0hq","id":"0lzdjqz5qlgb0hq"},"id":"xs2hdvdtu2azk0e","previousOperationId":"03ng3qqynfq1o04"}
{"type":"log","timestamp":1744209253816,"level":"debug","message":"(console:error) Failed to load resource: the server responded with a status of 404 (Not Found)","meta":{"userLevel":true,"rootId":"0lzdjqz5qlgb0hq","id":"0lzdjqz5qlgb0hq"},"id":"mvflsoo4anh39ed","previousOperationId":"03ng3qqynfq1o04"}
{"type":"log","timestamp":1744209253820,"level":"warn","message":"Page request failed: GET (font) http://localhost:5488/fonts/kalpurush.ttf, failure: net::ERR_ABORTED","meta":{"rootId":"0lzdjqz5qlgb0hq","id":"0lzdjqz5qlgb0hq"},"id":"tj4nopo2i4csqo8","previousOperationId":"03ng3qqynfq1o04"}
{"type":"log","timestamp":1744209253825,"level":"debug","message":"Running chrome with params {\"printBackground\":true,\"format\":\"A5\",\"marginRight\":\"\",\"height\":\"\",\"marginTop\":\"\",\"marginBottom\":\"\",\"marginLeft\":\"\",\"displayHeaderFooter\":true,\"width\":\"\",\"timeout\":59968,\"margin\":{\"top\":\"\",\"right\":\"\",\"bottom\":\"\",\"left\":\"\"}}","meta":{"rootId":"0lzdjqz5qlgb0hq","id":"0lzdjqz5qlgb0hq"},"id":"3ll5aybv9eeao18","previousOperationId":"03ng3qqynfq1o04"}
{"type":"operationEnd","operationId":"03ng3qqynfq1o04","timestamp":1744209254196,"id":"akhj6bh4me9d08p","previousEventId":"5chk5k22yo4kndb","previousOperationId":"03ng3qqynfq1o04"}
{"type":"log","timestamp":1744209254196,"level":"debug","message":"Skipping storing report.","meta":{"rootId":"0lzdjqz5qlgb0hq","id":"0lzdjqz5qlgb0hq"},"id":"lu673y977uvhfn1","previousOperationId":"03ng3qqynfq1o04"}
{"type":"log","timestamp":1744209254196,"level":"info","message":"Rendering request 109 finished in 568 ms","meta":{"rootId":"0lzdjqz5qlgb0hq","id":"0lzdjqz5qlgb0hq"},"id":"6jqw5urqrzdxmms","previousOperationId":"03ng3qqynfq1o04"}
{"type":"operationEnd","subtype":"render","operationId":"oyapfepbqiv9b2a","timestamp":1744209254196,"id":"um9bl4tnb2p4wo1","previousEventId":"akhj6bh4me9d08p","previousOperationId":"03ng3qqynfq1o04"}
{"type":"operationEnd","doDiffs":false,"previousEventId":"zm8jk19sup4dbga","previousOperationId":"z0eloegvyyria2l","operationId":"z0eloegvyyria2l","timestamp":1744209254199,"id":"a7fvzehfw9xk0ev"}
