{"type":"operationStart","subtype":"profile","data":{"_id":"tDCjUqcZaB3IwyLO","timestamp":"2025-04-09T06:55:40.616Z","state":"queued","mode":"standard","creationDate":"2025-04-09T06:55:40.618Z","modificationDate":"2025-04-09T06:55:40.618Z","shortid":"aeYEQDk","$entitySet":"profiles"},"doDiffs":false,"timestamp":1744181740617,"id":"aj50zcmj40bi4ha","previousOperationId":null,"operationId":"86bohqeqkmgcn6s"}
{"type":"log","level":"info","message":"Render request 24 queued for execution and waiting for available worker","previousOperationId":"86bohqeqkmgcn6s","timestamp":1744181740617,"id":"y2d6hqg80n4q164"}
{"type":"operationStart","subtype":"render","name":"myTemplate","previousOperationId":"86bohqeqkmgcn6s","timestamp":1744181740630,"id":"ir8x39cz79zm4tt","previousEventId":"aj50zcmj40bi4ha","operationId":"jfkaofue3xmav08"}
{"type":"log","timestamp":1744181740631,"level":"info","message":"Starting rendering request 24","meta":{"rootId":"0olmgrw7y5nhqnj","id":"0olmgrw7y5nhqnj"},"id":"h7vducnkrdx9mn2","previousOperationId":"jfkaofue3xmav08"}
{"type":"log","timestamp":1744181740631,"level":"info","message":"Rendering template { name: myTemplate, recipe: chrome-pdf, engine: handlebars, preview: true }","meta":{"rootId":"0olmgrw7y5nhqnj","id":"0olmgrw7y5nhqnj"},"id":"kupkm99pn1a7zjc","previousOperationId":"jfkaofue3xmav08"}
{"type":"log","timestamp":1744181740631,"level":"debug","message":"Inline data specified.","meta":{"rootId":"0olmgrw7y5nhqnj","id":"0olmgrw7y5nhqnj"},"id":"t1ntvdlffqap855","previousOperationId":"jfkaofue3xmav08"}
{"type":"log","timestamp":1744181740634,"level":"debug","message":"Base url not specified, skipping its injection.","meta":{"rootId":"0olmgrw7y5nhqnj","id":"0olmgrw7y5nhqnj"},"id":"wf0tiuhvun7wrf9","previousOperationId":"jfkaofue3xmav08"}
{"type":"operationStart","subtype":"engine","name":"handlebars","timestamp":1744181740635,"id":"lhk89oghvxkfybf","previousEventId":"ir8x39cz79zm4tt","operationId":"obamre53damlay3","previousOperationId":"jfkaofue3xmav08"}
{"type":"log","timestamp":1744181740635,"level":"debug","message":"Rendering engine handlebars","meta":{"rootId":"0olmgrw7y5nhqnj","id":"0olmgrw7y5nhqnj"},"id":"akt6je72jkj5bso","previousOperationId":"obamre53damlay3"}
{"type":"operationEnd","operationId":"obamre53damlay3","timestamp":1744181740649,"id":"yvkrekgsosd5rp2","previousEventId":"lhk89oghvxkfybf","previousOperationId":"obamre53damlay3"}
{"type":"operationStart","subtype":"recipe","name":"chrome-pdf","timestamp":1744181740650,"id":"6gb9oto118vcvne","previousEventId":"yvkrekgsosd5rp2","operationId":"5hc6iiz5fdofltl","previousOperationId":"obamre53damlay3"}
{"type":"log","timestamp":1744181740650,"level":"debug","message":"Executing recipe chrome-pdf","meta":{"rootId":"0olmgrw7y5nhqnj","id":"0olmgrw7y5nhqnj"},"id":"4ew2mwxv7c52qwm","previousOperationId":"5hc6iiz5fdofltl"}
{"type":"log","timestamp":1744181740653,"level":"debug","message":"Converting with chrome Chrome/133.0.6943.126 using chrome-pool strategy","meta":{"rootId":"0olmgrw7y5nhqnj","id":"0olmgrw7y5nhqnj"},"id":"c56asm69x8yb93i","previousOperationId":"5hc6iiz5fdofltl"}
{"type":"log","timestamp":1744181740727,"level":"debug","message":"Page request: GET (document) file:///C:/Users/Patheo24/AppData/Local/Temp/jsreport/autocleanup/ad7b35e1-8685-487f-bca3-69893136e638-chrome-pdf.html","meta":{"rootId":"0olmgrw7y5nhqnj","id":"0olmgrw7y5nhqnj"},"id":"fk39gyoq4l1kgjz","previousOperationId":"5hc6iiz5fdofltl"}
{"type":"log","timestamp":1744181740758,"level":"debug","message":"Page request finished: GET (document) 200 file:///C:/Users/Patheo24/AppData/Local/Temp/jsreport/autocleanup/ad7b35e1-8685-487f-bca3-69893136e638-chrome-pdf.html","meta":{"rootId":"0olmgrw7y5nhqnj","id":"0olmgrw7y5nhqnj"},"id":"x8iz1tkixd0tw4k","previousOperationId":"5hc6iiz5fdofltl"}
{"type":"log","timestamp":1744181740759,"level":"debug","message":"(console:info) Slow network is detected. See https://www.chromestatus.com/feature/5636954674692096 for more details. Fallback font will be used while loading: http://localhost:5488/fonts/kalpurush.ttf","meta":{"userLevel":true,"rootId":"0olmgrw7y5nhqnj","id":"0olmgrw7y5nhqnj"},"id":"mwck8bysnh3mibb","previousOperationId":"5hc6iiz5fdofltl"}
{"type":"log","timestamp":1744181740764,"level":"debug","message":"Page request: GET (font) http://localhost:5488/fonts/kalpurush.ttf","meta":{"rootId":"0olmgrw7y5nhqnj","id":"0olmgrw7y5nhqnj"},"id":"8kpsitb0glsb2hn","previousOperationId":"5hc6iiz5fdofltl"}
{"type":"log","timestamp":1744181740765,"level":"debug","message":"Page request: GET (image) https://res.cloudinary.com/dpes1dyqb/image/upload/v1738768933/logo_myycxt.jpg","meta":{"rootId":"0olmgrw7y5nhqnj","id":"0olmgrw7y5nhqnj"},"id":"oq16hj0xby9uvc4","previousOperationId":"5hc6iiz5fdofltl"}
{"type":"log","timestamp":1744181740828,"level":"debug","message":"Page request: GET (font) http://localhost:5488/fonts/kalpurush.ttf","meta":{"rootId":"0olmgrw7y5nhqnj","id":"0olmgrw7y5nhqnj"},"id":"2r9esop8ofke5sj","previousOperationId":"5hc6iiz5fdofltl"}
{"type":"log","timestamp":1744181740830,"level":"debug","message":"Page request finished: GET (image) 200 https://res.cloudinary.com/dpes1dyqb/image/upload/v1738768933/logo_myycxt.jpg","meta":{"rootId":"0olmgrw7y5nhqnj","id":"0olmgrw7y5nhqnj"},"id":"8copdafq41vgmq0","previousOperationId":"5hc6iiz5fdofltl"}
{"type":"log","timestamp":1744181740838,"level":"debug","message":"(console:error) Failed to load resource: the server responded with a status of 404 (Not Found)","meta":{"userLevel":true,"rootId":"0olmgrw7y5nhqnj","id":"0olmgrw7y5nhqnj"},"id":"vaymf4bg9d0ncco","previousOperationId":"5hc6iiz5fdofltl"}
{"type":"log","timestamp":1744181740838,"level":"warn","message":"Page request failed: GET (font) http://localhost:5488/fonts/kalpurush.ttf, failure: net::ERR_ABORTED","meta":{"rootId":"0olmgrw7y5nhqnj","id":"0olmgrw7y5nhqnj"},"id":"1tta0l7d7xb2ga7","previousOperationId":"5hc6iiz5fdofltl"}
{"type":"log","timestamp":1744181740851,"level":"debug","message":"Running chrome with params {\"printBackground\":true,\"timeout\":59964,\"margin\":{}}","meta":{"rootId":"0olmgrw7y5nhqnj","id":"0olmgrw7y5nhqnj"},"id":"ojcn4qdqxzzn34a","previousOperationId":"5hc6iiz5fdofltl"}
{"type":"operationEnd","operationId":"5hc6iiz5fdofltl","timestamp":1744181741178,"id":"xecte3cezlzeqwy","previousEventId":"6gb9oto118vcvne","previousOperationId":"5hc6iiz5fdofltl"}
{"type":"log","timestamp":1744181741178,"level":"debug","message":"Skipping storing report.","meta":{"rootId":"0olmgrw7y5nhqnj","id":"0olmgrw7y5nhqnj"},"id":"az1c4lpsnuxq1qn","previousOperationId":"5hc6iiz5fdofltl"}
{"type":"log","timestamp":1744181741178,"level":"info","message":"Rendering request 24 finished in 562 ms","meta":{"rootId":"0olmgrw7y5nhqnj","id":"0olmgrw7y5nhqnj"},"id":"rzv7o5oby7j0itj","previousOperationId":"5hc6iiz5fdofltl"}
{"type":"operationEnd","subtype":"render","operationId":"jfkaofue3xmav08","timestamp":1744181741178,"id":"850xd2pj7diqxaf","previousEventId":"xecte3cezlzeqwy","previousOperationId":"5hc6iiz5fdofltl"}
{"type":"operationEnd","doDiffs":false,"previousEventId":"aj50zcmj40bi4ha","previousOperationId":"86bohqeqkmgcn6s","operationId":"86bohqeqkmgcn6s","timestamp":1744181741184,"id":"t5jb8wzlst9w9qp"}
