{"type":"operationStart","subtype":"profile","data":{"_id":"96vzdgPTdPMQvu0Z","timestamp":"2025-04-10T17:03:23.740Z","state":"queued","mode":"standard","creationDate":"2025-04-10T17:03:23.744Z","modificationDate":"2025-04-10T17:03:23.744Z","shortid":"sBkSg2x","$entitySet":"profiles"},"doDiffs":false,"timestamp":1744304603741,"id":"r1uvh05vqe53zvg","previousOperationId":null,"operationId":"jtwi3n64tee81q6"}
{"type":"log","level":"info","message":"Render request 2 queued for execution and waiting for available worker","previousOperationId":"jtwi3n64tee81q6","timestamp":1744304603743,"id":"lyuwz66n7bxypse"}
{"type":"operationStart","subtype":"render","name":"myTemplate","previousOperationId":"jtwi3n64tee81q6","timestamp":1744304603763,"id":"rlqa1j7mhtu7bx5","previousEventId":"r1uvh05vqe53zvg","operationId":"7ojjckdiwe78dm8"}
{"type":"log","timestamp":1744304603764,"level":"info","message":"Starting rendering request 2","meta":{"rootId":"0pdv9nvt0jf27yt","id":"0pdv9nvt0jf27yt"},"id":"80v4jhxcot9nrdg","previousOperationId":"7ojjckdiwe78dm8"}
{"type":"log","timestamp":1744304603765,"level":"info","message":"Rendering template { name: myTemplate, recipe: chrome-pdf, engine: handlebars, preview: true }","meta":{"rootId":"0pdv9nvt0jf27yt","id":"0pdv9nvt0jf27yt"},"id":"52n8qty4p7bnmcf","previousOperationId":"7ojjckdiwe78dm8"}
{"type":"log","timestamp":1744304603766,"level":"debug","message":"Inline data specified.","meta":{"rootId":"0pdv9nvt0jf27yt","id":"0pdv9nvt0jf27yt"},"id":"hmqq1a81kuaf8vm","previousOperationId":"7ojjckdiwe78dm8"}
{"type":"log","timestamp":1744304603768,"level":"debug","message":"Base url not specified, skipping its injection.","meta":{"rootId":"0pdv9nvt0jf27yt","id":"0pdv9nvt0jf27yt"},"id":"o9mdekcnafy39bv","previousOperationId":"7ojjckdiwe78dm8"}
{"type":"operationStart","subtype":"engine","name":"handlebars","timestamp":1744304603769,"id":"xtaq233wr39a9wd","previousEventId":"rlqa1j7mhtu7bx5","operationId":"gq8o1loob0snzey","previousOperationId":"7ojjckdiwe78dm8"}
{"type":"log","timestamp":1744304603769,"level":"debug","message":"Rendering engine handlebars","meta":{"rootId":"0pdv9nvt0jf27yt","id":"0pdv9nvt0jf27yt"},"id":"b310oeixwte9tuu","previousOperationId":"gq8o1loob0snzey"}
{"type":"operationEnd","operationId":"gq8o1loob0snzey","timestamp":1744304604669,"id":"4ln2adcpi5p8k1f","previousEventId":"xtaq233wr39a9wd","previousOperationId":"gq8o1loob0snzey"}
{"type":"operationStart","subtype":"recipe","name":"chrome-pdf","timestamp":1744304604670,"id":"edkwockivd2dobv","previousEventId":"4ln2adcpi5p8k1f","operationId":"tq48fpyuaazmxem","previousOperationId":"gq8o1loob0snzey"}
{"type":"log","timestamp":1744304604670,"level":"debug","message":"Executing recipe chrome-pdf","meta":{"rootId":"0pdv9nvt0jf27yt","id":"0pdv9nvt0jf27yt"},"id":"m34pgqtr1m6xh16","previousOperationId":"tq48fpyuaazmxem"}
{"type":"log","timestamp":1744304605649,"level":"debug","message":"Converting with chrome Chrome/133.0.6943.126 using chrome-pool strategy","meta":{"rootId":"0pdv9nvt0jf27yt","id":"0pdv9nvt0jf27yt"},"id":"l0m3kd7ltjlc5e3","previousOperationId":"tq48fpyuaazmxem"}
{"type":"log","timestamp":1744304605738,"level":"debug","message":"Page request: GET (document) file:///C:/Users/Patheo24/AppData/Local/Temp/jsreport/autocleanup/7b0c6cde-83c3-4bfd-94f2-f01401244591-chrome-pdf.html","meta":{"rootId":"0pdv9nvt0jf27yt","id":"0pdv9nvt0jf27yt"},"id":"zkh8begov63eivc","previousOperationId":"tq48fpyuaazmxem"}
{"type":"log","timestamp":1744304605759,"level":"debug","message":"Page request finished: GET (document) 200 file:///C:/Users/Patheo24/AppData/Local/Temp/jsreport/autocleanup/7b0c6cde-83c3-4bfd-94f2-f01401244591-chrome-pdf.html","meta":{"rootId":"0pdv9nvt0jf27yt","id":"0pdv9nvt0jf27yt"},"id":"sho9nrzgtmyxs4c","previousOperationId":"tq48fpyuaazmxem"}
{"type":"log","timestamp":1744304605762,"level":"debug","message":"Page request: GET (image) https://res.cloudinary.com/dpes1dyqb/image/upload/v1738768933/logo_myycxt.jpg","meta":{"rootId":"0pdv9nvt0jf27yt","id":"0pdv9nvt0jf27yt"},"id":"z67yswvd222eq3x","previousOperationId":"tq48fpyuaazmxem"}
{"type":"log","timestamp":1744304605764,"level":"debug","message":"Page request: GET (font) http://localhost:5488/fonts/kalpurush.ttf","meta":{"rootId":"0pdv9nvt0jf27yt","id":"0pdv9nvt0jf27yt"},"id":"har0dkkpfwoekav","previousOperationId":"tq48fpyuaazmxem"}
{"type":"log","timestamp":1744304605777,"level":"debug","message":"Page request: GET (font) http://localhost:5488/fonts/kalpurush.ttf","meta":{"rootId":"0pdv9nvt0jf27yt","id":"0pdv9nvt0jf27yt"},"id":"d6iq5i7kei4c113","previousOperationId":"tq48fpyuaazmxem"}
{"type":"log","timestamp":1744304605840,"level":"debug","message":"(console:error) Failed to load resource: the server responded with a status of 404 (Not Found)","meta":{"userLevel":true,"rootId":"0pdv9nvt0jf27yt","id":"0pdv9nvt0jf27yt"},"id":"0fjr8448u5uvu51","previousOperationId":"tq48fpyuaazmxem"}
{"type":"log","timestamp":1744304605841,"level":"warn","message":"Page request failed: GET (font) http://localhost:5488/fonts/kalpurush.ttf, failure: net::ERR_ABORTED","meta":{"rootId":"0pdv9nvt0jf27yt","id":"0pdv9nvt0jf27yt"},"id":"ezyhj8exn77fenm","previousOperationId":"tq48fpyuaazmxem"}
{"type":"log","timestamp":1744304606217,"level":"debug","message":"Page request finished: GET (image) 200 https://res.cloudinary.com/dpes1dyqb/image/upload/v1738768933/logo_myycxt.jpg","meta":{"rootId":"0pdv9nvt0jf27yt","id":"0pdv9nvt0jf27yt"},"id":"o4irg4arb0jlpto","previousOperationId":"tq48fpyuaazmxem"}
{"type":"log","timestamp":1744304606219,"level":"debug","message":"Running chrome with params {\"printBackground\":true,\"format\":\"A5\",\"marginRight\":\"\",\"height\":\"\",\"marginTop\":\"\",\"marginBottom\":\"\",\"marginLeft\":\"\",\"displayHeaderFooter\":true,\"width\":\"\",\"timeout\":58543,\"margin\":{\"top\":\"\",\"right\":\"\",\"bottom\":\"\",\"left\":\"\"}}","meta":{"rootId":"0pdv9nvt0jf27yt","id":"0pdv9nvt0jf27yt"},"id":"uutwxgkfv2fo7b2","previousOperationId":"tq48fpyuaazmxem"}
{"type":"operationEnd","operationId":"tq48fpyuaazmxem","timestamp":1744304606653,"id":"ikcbj1ox0ewv12d","previousEventId":"edkwockivd2dobv","previousOperationId":"tq48fpyuaazmxem"}
{"type":"log","timestamp":1744304606654,"level":"debug","message":"Skipping storing report.","meta":{"rootId":"0pdv9nvt0jf27yt","id":"0pdv9nvt0jf27yt"},"id":"miury97rau3bwtq","previousOperationId":"tq48fpyuaazmxem"}
{"type":"log","timestamp":1744304606654,"level":"info","message":"Rendering request 2 finished in 2914 ms","meta":{"rootId":"0pdv9nvt0jf27yt","id":"0pdv9nvt0jf27yt"},"id":"vp9umnh4rmmghxj","previousOperationId":"tq48fpyuaazmxem"}
{"type":"operationEnd","subtype":"render","operationId":"7ojjckdiwe78dm8","timestamp":1744304606654,"id":"wcovz49bf8f0pod","previousEventId":"ikcbj1ox0ewv12d","previousOperationId":"tq48fpyuaazmxem"}
{"type":"operationEnd","doDiffs":false,"previousEventId":"r1uvh05vqe53zvg","previousOperationId":"jtwi3n64tee81q6","operationId":"jtwi3n64tee81q6","timestamp":1744304606676,"id":"486ulzva2ytubp7"}
