{"type":"operationStart","subtype":"profile","data":{"_id":"oi6lInqLgQHjuFcw","timestamp":"2025-04-10T17:26:20.589Z","state":"queued","mode":"standard","creationDate":"2025-04-10T17:26:20.592Z","modificationDate":"2025-04-10T17:26:20.592Z","shortid":"pWB-ePD","$entitySet":"profiles"},"doDiffs":false,"timestamp":1744305980591,"id":"dpden38p92d1n9s","previousOperationId":null,"operationId":"650b9sjks0033hp"}
{"type":"log","level":"info","message":"Render request 8 queued for execution and waiting for available worker","previousOperationId":"650b9sjks0033hp","timestamp":1744305980591,"id":"zo390jkg3xpeqlq"}
{"type":"operationStart","subtype":"render","name":"myTemplate","previousOperationId":"650b9sjks0033hp","timestamp":1744305980621,"id":"xbtu6fytmzq243w","previousEventId":"dpden38p92d1n9s","operationId":"fryntxkw9kh1a34"}
{"type":"log","timestamp":1744305980621,"level":"info","message":"Starting rendering request 8","meta":{"rootId":"0pj8t9fmazfq7ow","id":"0pj8t9fmazfq7ow"},"id":"dbpw3ritnu81lz4","previousOperationId":"fryntxkw9kh1a34"}
{"type":"log","timestamp":1744305980622,"level":"info","message":"Rendering template { name: myTemplate, recipe: chrome-pdf, engine: handlebars, preview: true }","meta":{"rootId":"0pj8t9fmazfq7ow","id":"0pj8t9fmazfq7ow"},"id":"x43c78e5bgxdx4f","previousOperationId":"fryntxkw9kh1a34"}
{"type":"log","timestamp":1744305980623,"level":"debug","message":"Inline data specified.","meta":{"rootId":"0pj8t9fmazfq7ow","id":"0pj8t9fmazfq7ow"},"id":"mdeb5djlyipbujq","previousOperationId":"fryntxkw9kh1a34"}
{"type":"log","timestamp":1744305980626,"level":"debug","message":"Base url not specified, skipping its injection.","meta":{"rootId":"0pj8t9fmazfq7ow","id":"0pj8t9fmazfq7ow"},"id":"bqm9h9s1v5vngfz","previousOperationId":"fryntxkw9kh1a34"}
{"type":"operationStart","subtype":"engine","name":"handlebars","timestamp":1744305980626,"id":"1v75gb5nxj1zo5v","previousEventId":"xbtu6fytmzq243w","operationId":"ohit8fwl6gzmxqi","previousOperationId":"fryntxkw9kh1a34"}
{"type":"log","timestamp":1744305980626,"level":"debug","message":"Rendering engine handlebars","meta":{"rootId":"0pj8t9fmazfq7ow","id":"0pj8t9fmazfq7ow"},"id":"nn0al7xjzsb97ha","previousOperationId":"ohit8fwl6gzmxqi"}
{"type":"operationEnd","operationId":"ohit8fwl6gzmxqi","timestamp":1744305980683,"id":"l5uvm4c9c8f27va","previousEventId":"1v75gb5nxj1zo5v","previousOperationId":"ohit8fwl6gzmxqi"}
{"type":"operationStart","subtype":"recipe","name":"chrome-pdf","timestamp":1744305980683,"id":"el38yxr9x4x308g","previousEventId":"l5uvm4c9c8f27va","operationId":"5lirsw4umqt6f26","previousOperationId":"ohit8fwl6gzmxqi"}
{"type":"log","timestamp":1744305980683,"level":"debug","message":"Executing recipe chrome-pdf","meta":{"rootId":"0pj8t9fmazfq7ow","id":"0pj8t9fmazfq7ow"},"id":"7oidxo5wen6jj1e","previousOperationId":"5lirsw4umqt6f26"}
{"type":"log","timestamp":1744305980685,"level":"debug","message":"Converting with chrome Chrome/133.0.6943.126 using chrome-pool strategy","meta":{"rootId":"0pj8t9fmazfq7ow","id":"0pj8t9fmazfq7ow"},"id":"0bbuigsqa7fpz9e","previousOperationId":"5lirsw4umqt6f26"}
{"type":"log","timestamp":1744305980783,"level":"debug","message":"Page request: GET (document) file:///C:/Users/Patheo24/AppData/Local/Temp/jsreport/autocleanup/b53cce70-e68d-4534-a869-a36574090f83-chrome-pdf.html","meta":{"rootId":"0pj8t9fmazfq7ow","id":"0pj8t9fmazfq7ow"},"id":"8wkw12k4bo4zhqe","previousOperationId":"5lirsw4umqt6f26"}
{"type":"log","timestamp":1744305980811,"level":"debug","message":"Page request finished: GET (document) 200 file:///C:/Users/Patheo24/AppData/Local/Temp/jsreport/autocleanup/b53cce70-e68d-4534-a869-a36574090f83-chrome-pdf.html","meta":{"rootId":"0pj8t9fmazfq7ow","id":"0pj8t9fmazfq7ow"},"id":"rxskvh4u6p2bydc","previousOperationId":"5lirsw4umqt6f26"}
{"type":"log","timestamp":1744305980816,"level":"debug","message":"Page request: GET (image) https://res.cloudinary.com/dpes1dyqb/image/upload/v1738768933/logo_myycxt.jpg","meta":{"rootId":"0pj8t9fmazfq7ow","id":"0pj8t9fmazfq7ow"},"id":"1n0sqv3e9aufw9h","previousOperationId":"5lirsw4umqt6f26"}
{"type":"log","timestamp":1744305980816,"level":"debug","message":"Page request: GET (font) http://localhost:5488/fonts/kalpurush.ttf","meta":{"rootId":"0pj8t9fmazfq7ow","id":"0pj8t9fmazfq7ow"},"id":"4qlft49gwulnkid","previousOperationId":"5lirsw4umqt6f26"}
{"type":"log","timestamp":1744305980822,"level":"debug","message":"Page request: GET (font) http://localhost:5488/fonts/kalpurush.ttf","meta":{"rootId":"0pj8t9fmazfq7ow","id":"0pj8t9fmazfq7ow"},"id":"fvfhje4kjw0bn3f","previousOperationId":"5lirsw4umqt6f26"}
{"type":"log","timestamp":1744305980880,"level":"debug","message":"Page request finished: GET (image) 200 https://res.cloudinary.com/dpes1dyqb/image/upload/v1738768933/logo_myycxt.jpg","meta":{"rootId":"0pj8t9fmazfq7ow","id":"0pj8t9fmazfq7ow"},"id":"z1wz0fiof5nq3mb","previousOperationId":"5lirsw4umqt6f26"}
{"type":"log","timestamp":1744305980881,"level":"debug","message":"(console:error) Failed to load resource: the server responded with a status of 404 (Not Found)","meta":{"userLevel":true,"rootId":"0pj8t9fmazfq7ow","id":"0pj8t9fmazfq7ow"},"id":"cxq69nppfi83ppo","previousOperationId":"5lirsw4umqt6f26"}
{"type":"log","timestamp":1744305980881,"level":"warn","message":"Page request failed: GET (font) http://localhost:5488/fonts/kalpurush.ttf, failure: net::ERR_ABORTED","meta":{"rootId":"0pj8t9fmazfq7ow","id":"0pj8t9fmazfq7ow"},"id":"atthwvgv370cbyr","previousOperationId":"5lirsw4umqt6f26"}
{"type":"log","timestamp":1744305980892,"level":"debug","message":"Running chrome with params {\"printBackground\":true,\"format\":\"A5\",\"marginRight\":\"\",\"height\":\"\",\"marginTop\":\"\",\"marginBottom\":\"\",\"marginLeft\":\"\",\"displayHeaderFooter\":true,\"width\":\"\",\"timeout\":59905,\"margin\":{\"top\":\"\",\"right\":\"\",\"bottom\":\"\",\"left\":\"\"}}","meta":{"rootId":"0pj8t9fmazfq7ow","id":"0pj8t9fmazfq7ow"},"id":"oexxm2xbwunidma","previousOperationId":"5lirsw4umqt6f26"}
{"type":"operationEnd","operationId":"5lirsw4umqt6f26","timestamp":1744305981243,"id":"htvi7gcm68wpgmh","previousEventId":"el38yxr9x4x308g","previousOperationId":"5lirsw4umqt6f26"}
{"type":"log","timestamp":1744305981244,"level":"debug","message":"Skipping storing report.","meta":{"rootId":"0pj8t9fmazfq7ow","id":"0pj8t9fmazfq7ow"},"id":"4tdiywn012numry","previousOperationId":"5lirsw4umqt6f26"}
{"type":"log","timestamp":1744305981244,"level":"info","message":"Rendering request 8 finished in 655 ms","meta":{"rootId":"0pj8t9fmazfq7ow","id":"0pj8t9fmazfq7ow"},"id":"ehwaypudhj474rx","previousOperationId":"5lirsw4umqt6f26"}
{"type":"operationEnd","subtype":"render","operationId":"fryntxkw9kh1a34","timestamp":1744305981244,"id":"4hofybafiqky551","previousEventId":"htvi7gcm68wpgmh","previousOperationId":"5lirsw4umqt6f26"}
{"type":"operationEnd","doDiffs":false,"previousEventId":"dpden38p92d1n9s","previousOperationId":"650b9sjks0033hp","operationId":"650b9sjks0033hp","timestamp":1744305981248,"id":"bsx2qolffk142m9"}
