{"type":"operationStart","subtype":"profile","data":{"_id":"J3BmJodHesJHOggw","timestamp":"2025-04-10T13:15:29.088Z","state":"queued","mode":"standard","creationDate":"2025-04-10T13:15:29.094Z","modificationDate":"2025-04-10T13:15:29.094Z","shortid":"SGrnPIQ","$entitySet":"profiles"},"doDiffs":false,"timestamp":1744290929089,"id":"4kcidf7aopzdowt","previousOperationId":null,"operationId":"gll4nu3lm339uwc"}
{"type":"log","level":"info","message":"Render request 16 queued for execution and waiting for available worker","previousOperationId":"gll4nu3lm339uwc","timestamp":1744290929089,"id":"9i326kn90zyru7p"}
{"type":"operationStart","subtype":"render","name":"myTemplate","previousOperationId":"gll4nu3lm339uwc","timestamp":1744290929110,"id":"g90amlisfvlujy7","previousEventId":"4kcidf7aopzdowt","operationId":"pf3wen24yatk8gh"}
{"type":"log","timestamp":1744290929110,"level":"info","message":"Starting rendering request 16","meta":{"rootId":"0q1opc90oqw3agd","id":"0q1opc90oqw3agd"},"id":"7b6i3o2j9lzqo05","previousOperationId":"pf3wen24yatk8gh"}
{"type":"log","timestamp":1744290929110,"level":"info","message":"Rendering template { name: myTemplate, recipe: chrome-pdf, engine: handlebars, preview: true }","meta":{"rootId":"0q1opc90oqw3agd","id":"0q1opc90oqw3agd"},"id":"ikxxy77z868f0ki","previousOperationId":"pf3wen24yatk8gh"}
{"type":"log","timestamp":1744290929111,"level":"debug","message":"Adding sample data HUavgV0Kc","meta":{"rootId":"0q1opc90oqw3agd","id":"0q1opc90oqw3agd"},"id":"c9rsa8r2jetb0w8","previousOperationId":"pf3wen24yatk8gh"}
{"type":"log","timestamp":1744290929112,"level":"debug","message":"Base url not specified, skipping its injection.","meta":{"rootId":"0q1opc90oqw3agd","id":"0q1opc90oqw3agd"},"id":"bduw71ymiukccqb","previousOperationId":"pf3wen24yatk8gh"}
{"type":"operationStart","subtype":"engine","name":"handlebars","timestamp":1744290929113,"id":"6utfkftveim9zpi","previousEventId":"g90amlisfvlujy7","operationId":"dxmmfmn70sl9b17","previousOperationId":"pf3wen24yatk8gh"}
{"type":"log","timestamp":1744290929113,"level":"debug","message":"Rendering engine handlebars","meta":{"rootId":"0q1opc90oqw3agd","id":"0q1opc90oqw3agd"},"id":"t84t08qfpis3clv","previousOperationId":"dxmmfmn70sl9b17"}
{"type":"operationEnd","operationId":"dxmmfmn70sl9b17","timestamp":1744290929135,"id":"94alsxo3ugfhu87","previousEventId":"6utfkftveim9zpi","previousOperationId":"dxmmfmn70sl9b17"}
{"type":"operationStart","subtype":"recipe","name":"chrome-pdf","timestamp":1744290929136,"id":"ryi09kdzjdt3n5x","previousEventId":"94alsxo3ugfhu87","operationId":"qho0c6y01jgo2se","previousOperationId":"dxmmfmn70sl9b17"}
{"type":"log","timestamp":1744290929136,"level":"debug","message":"Executing recipe chrome-pdf","meta":{"rootId":"0q1opc90oqw3agd","id":"0q1opc90oqw3agd"},"id":"41j5ixy31clp6iv","previousOperationId":"qho0c6y01jgo2se"}
{"type":"log","timestamp":1744290929141,"level":"debug","message":"Converting with chrome Chrome/133.0.6943.126 using chrome-pool strategy","meta":{"rootId":"0q1opc90oqw3agd","id":"0q1opc90oqw3agd"},"id":"vue433evnxm09z7","previousOperationId":"qho0c6y01jgo2se"}
{"type":"log","timestamp":1744290929217,"level":"debug","message":"Page request: GET (document) file:///C:/Users/Patheo24/AppData/Local/Temp/jsreport/autocleanup/2cbd1df6-05ae-4c7b-b73c-185c3716cb48-chrome-pdf.html","meta":{"rootId":"0q1opc90oqw3agd","id":"0q1opc90oqw3agd"},"id":"hn15jathfqw2wx2","previousOperationId":"qho0c6y01jgo2se"}
{"type":"log","timestamp":1744290929243,"level":"debug","message":"Page request finished: GET (document) 200 file:///C:/Users/Patheo24/AppData/Local/Temp/jsreport/autocleanup/2cbd1df6-05ae-4c7b-b73c-185c3716cb48-chrome-pdf.html","meta":{"rootId":"0q1opc90oqw3agd","id":"0q1opc90oqw3agd"},"id":"iyygw8lb18y98ru","previousOperationId":"qho0c6y01jgo2se"}
{"type":"log","timestamp":1744290929244,"level":"debug","message":"Page request: GET (font) http://localhost:5488/fonts/kalpurush.ttf","meta":{"rootId":"0q1opc90oqw3agd","id":"0q1opc90oqw3agd"},"id":"es7xxoh44qp3hv8","previousOperationId":"qho0c6y01jgo2se"}
{"type":"log","timestamp":1744290929244,"level":"debug","message":"Page request: GET (image) https://res.cloudinary.com/dpes1dyqb/image/upload/v1738768933/logo_myycxt.jpg","meta":{"rootId":"0q1opc90oqw3agd","id":"0q1opc90oqw3agd"},"id":"drealcwyxmzrrzg","previousOperationId":"qho0c6y01jgo2se"}
{"type":"log","timestamp":1744290929302,"level":"debug","message":"Page request: GET (font) http://localhost:5488/fonts/kalpurush.ttf","meta":{"rootId":"0q1opc90oqw3agd","id":"0q1opc90oqw3agd"},"id":"pzp4ajs40ilat83","previousOperationId":"qho0c6y01jgo2se"}
{"type":"log","timestamp":1744290929303,"level":"debug","message":"Page request finished: GET (image) 200 https://res.cloudinary.com/dpes1dyqb/image/upload/v1738768933/logo_myycxt.jpg","meta":{"rootId":"0q1opc90oqw3agd","id":"0q1opc90oqw3agd"},"id":"qtmtotpyw43ivvf","previousOperationId":"qho0c6y01jgo2se"}
{"type":"log","timestamp":1744290929317,"level":"debug","message":"(console:error) Failed to load resource: the server responded with a status of 404 (Not Found)","meta":{"userLevel":true,"rootId":"0q1opc90oqw3agd","id":"0q1opc90oqw3agd"},"id":"g1ru8v2dh4piyuj","previousOperationId":"qho0c6y01jgo2se"}
{"type":"log","timestamp":1744290929318,"level":"warn","message":"Page request failed: GET (font) http://localhost:5488/fonts/kalpurush.ttf, failure: net::ERR_ABORTED","meta":{"rootId":"0q1opc90oqw3agd","id":"0q1opc90oqw3agd"},"id":"oaqnrmvtofgyng3","previousOperationId":"qho0c6y01jgo2se"}
{"type":"log","timestamp":1744290929332,"level":"debug","message":"Running chrome with params {\"printBackground\":true,\"format\":\"A5\",\"marginRight\":\"\",\"height\":\"\",\"marginTop\":\"\",\"marginBottom\":\"\",\"marginLeft\":\"\",\"displayHeaderFooter\":true,\"width\":\"\",\"timeout\":59948,\"margin\":{\"top\":\"\",\"right\":\"\",\"bottom\":\"\",\"left\":\"\"}}","meta":{"rootId":"0q1opc90oqw3agd","id":"0q1opc90oqw3agd"},"id":"lo2akawmb96pp3p","previousOperationId":"qho0c6y01jgo2se"}
{"type":"operationEnd","operationId":"qho0c6y01jgo2se","timestamp":1744290929665,"id":"ivj8i5gj38wbss1","previousEventId":"ryi09kdzjdt3n5x","previousOperationId":"qho0c6y01jgo2se"}
{"type":"log","timestamp":1744290929665,"level":"debug","message":"Skipping storing report.","meta":{"rootId":"0q1opc90oqw3agd","id":"0q1opc90oqw3agd"},"id":"aznn7pkb9gz8zdy","previousOperationId":"qho0c6y01jgo2se"}
{"type":"log","timestamp":1744290929665,"level":"info","message":"Rendering request 16 finished in 577 ms","meta":{"rootId":"0q1opc90oqw3agd","id":"0q1opc90oqw3agd"},"id":"8agvtmcnohpnp1g","previousOperationId":"qho0c6y01jgo2se"}
{"type":"operationEnd","subtype":"render","operationId":"pf3wen24yatk8gh","timestamp":1744290929665,"id":"5zslkdbwsuv7dy1","previousEventId":"ivj8i5gj38wbss1","previousOperationId":"qho0c6y01jgo2se"}
{"type":"operationEnd","doDiffs":false,"previousEventId":"4kcidf7aopzdowt","previousOperationId":"gll4nu3lm339uwc","operationId":"gll4nu3lm339uwc","timestamp":1744290929671,"id":"hhsh4ju5mwkm170"}
