{"type":"operationStart","subtype":"profile","data":{"_id":"8wwTbv9UvWx7X2dG","timestamp":"2025-04-09T06:33:57.309Z","state":"queued","mode":"standard","creationDate":"2025-04-09T06:33:57.311Z","modificationDate":"2025-04-09T06:33:57.311Z","shortid":"r5WIwNr","$entitySet":"profiles"},"doDiffs":false,"timestamp":1744180437310,"id":"3jku6qc7u8udjpw","previousOperationId":null,"operationId":"b4wpg7x4wzhj8ms"}
{"type":"log","level":"info","message":"Render request 15 queued for execution and waiting for available worker","previousOperationId":"b4wpg7x4wzhj8ms","timestamp":1744180437310,"id":"lcwky70bljd3e54"}
{"type":"operationStart","subtype":"render","name":"myTemplate","previousOperationId":"b4wpg7x4wzhj8ms","timestamp":1744180437326,"id":"7brl2hbzhfr232f","previousEventId":"3jku6qc7u8udjpw","operationId":"jhwhnms5itrlha7"}
{"type":"log","timestamp":1744180437326,"level":"info","message":"Starting rendering request 15","meta":{"rootId":"0rmgxwf0kxve3q0","id":"0rmgxwf0kxve3q0"},"id":"krxjncmh26jpogn","previousOperationId":"jhwhnms5itrlha7"}
{"type":"log","timestamp":1744180437326,"level":"info","message":"Rendering template { name: myTemplate, recipe: chrome-pdf, engine: handlebars, preview: true }","meta":{"rootId":"0rmgxwf0kxve3q0","id":"0rmgxwf0kxve3q0"},"id":"xst32ub7xxto605","previousOperationId":"jhwhnms5itrlha7"}
{"type":"log","timestamp":1744180437327,"level":"debug","message":"Inline data specified.","meta":{"rootId":"0rmgxwf0kxve3q0","id":"0rmgxwf0kxve3q0"},"id":"sbee2el2qgg91ru","previousOperationId":"jhwhnms5itrlha7"}
{"type":"log","timestamp":1744180437329,"level":"debug","message":"Base url not specified, skipping its injection.","meta":{"rootId":"0rmgxwf0kxve3q0","id":"0rmgxwf0kxve3q0"},"id":"6iwoolyxon17338","previousOperationId":"jhwhnms5itrlha7"}
{"type":"operationStart","subtype":"engine","name":"handlebars","timestamp":1744180437329,"id":"78yiivcdxkzi25x","previousEventId":"7brl2hbzhfr232f","operationId":"ogosf21ee8hl7pg","previousOperationId":"jhwhnms5itrlha7"}
{"type":"log","timestamp":1744180437329,"level":"debug","message":"Rendering engine handlebars","meta":{"rootId":"0rmgxwf0kxve3q0","id":"0rmgxwf0kxve3q0"},"id":"gdzv9mcmj5ocvuy","previousOperationId":"ogosf21ee8hl7pg"}
{"type":"operationEnd","operationId":"ogosf21ee8hl7pg","timestamp":1744180437343,"id":"u2goxhzaymokxao","previousEventId":"78yiivcdxkzi25x","previousOperationId":"ogosf21ee8hl7pg"}
{"type":"operationStart","subtype":"recipe","name":"chrome-pdf","timestamp":1744180437344,"id":"cljdyrpzbur7bea","previousEventId":"u2goxhzaymokxao","operationId":"seeqvlwz2wm51zc","previousOperationId":"ogosf21ee8hl7pg"}
{"type":"log","timestamp":1744180437344,"level":"debug","message":"Executing recipe chrome-pdf","meta":{"rootId":"0rmgxwf0kxve3q0","id":"0rmgxwf0kxve3q0"},"id":"zbmyzqi4qx0b01e","previousOperationId":"seeqvlwz2wm51zc"}
{"type":"log","timestamp":1744180437346,"level":"debug","message":"Converting with chrome Chrome/133.0.6943.126 using chrome-pool strategy","meta":{"rootId":"0rmgxwf0kxve3q0","id":"0rmgxwf0kxve3q0"},"id":"lg9acz18n2tfu1x","previousOperationId":"seeqvlwz2wm51zc"}
{"type":"log","timestamp":1744180437417,"level":"debug","message":"Page request: GET (document) file:///C:/Users/Patheo24/AppData/Local/Temp/jsreport/autocleanup/29dfc59d-c498-462c-a0ab-a6ab533ca562-chrome-pdf.html","meta":{"rootId":"0rmgxwf0kxve3q0","id":"0rmgxwf0kxve3q0"},"id":"qpobysqdradasty","previousOperationId":"seeqvlwz2wm51zc"}
{"type":"log","timestamp":1744180437449,"level":"debug","message":"Page request finished: GET (document) 200 file:///C:/Users/Patheo24/AppData/Local/Temp/jsreport/autocleanup/29dfc59d-c498-462c-a0ab-a6ab533ca562-chrome-pdf.html","meta":{"rootId":"0rmgxwf0kxve3q0","id":"0rmgxwf0kxve3q0"},"id":"qdmjybra3lxl74y","previousOperationId":"seeqvlwz2wm51zc"}
{"type":"log","timestamp":1744180437450,"level":"debug","message":"(console:info) Slow network is detected. See https://www.chromestatus.com/feature/5636954674692096 for more details. Fallback font will be used while loading: http://localhost:5488/fonts/kalpurush.ttf","meta":{"userLevel":true,"rootId":"0rmgxwf0kxve3q0","id":"0rmgxwf0kxve3q0"},"id":"3exqgutcaf14hh7","previousOperationId":"seeqvlwz2wm51zc"}
{"type":"log","timestamp":1744180437450,"level":"debug","message":"Page request: GET (font) http://localhost:5488/fonts/kalpurush.ttf","meta":{"rootId":"0rmgxwf0kxve3q0","id":"0rmgxwf0kxve3q0"},"id":"dkwx08y5bz2l42g","previousOperationId":"seeqvlwz2wm51zc"}
{"type":"log","timestamp":1744180437452,"level":"debug","message":"Page request: GET (image) https://res.cloudinary.com/dpes1dyqb/image/upload/v1738768933/logo_myycxt.jpg","meta":{"rootId":"0rmgxwf0kxve3q0","id":"0rmgxwf0kxve3q0"},"id":"9udubl21cepof24","previousOperationId":"seeqvlwz2wm51zc"}
{"type":"log","timestamp":1744180437508,"level":"debug","message":"Page request: GET (font) http://localhost:5488/fonts/kalpurush.ttf","meta":{"rootId":"0rmgxwf0kxve3q0","id":"0rmgxwf0kxve3q0"},"id":"42lhdeoukxgg4og","previousOperationId":"seeqvlwz2wm51zc"}
{"type":"log","timestamp":1744180437510,"level":"debug","message":"Page request finished: GET (image) 200 https://res.cloudinary.com/dpes1dyqb/image/upload/v1738768933/logo_myycxt.jpg","meta":{"rootId":"0rmgxwf0kxve3q0","id":"0rmgxwf0kxve3q0"},"id":"n4d3i2mhokblaik","previousOperationId":"seeqvlwz2wm51zc"}
{"type":"log","timestamp":1744180437517,"level":"debug","message":"(console:error) Failed to load resource: the server responded with a status of 404 (Not Found)","meta":{"userLevel":true,"rootId":"0rmgxwf0kxve3q0","id":"0rmgxwf0kxve3q0"},"id":"rjpj39h2fedonlr","previousOperationId":"seeqvlwz2wm51zc"}
{"type":"log","timestamp":1744180437517,"level":"warn","message":"Page request failed: GET (font) http://localhost:5488/fonts/kalpurush.ttf, failure: net::ERR_ABORTED","meta":{"rootId":"0rmgxwf0kxve3q0","id":"0rmgxwf0kxve3q0"},"id":"icapfr5sjri05vu","previousOperationId":"seeqvlwz2wm51zc"}
{"type":"log","timestamp":1744180437528,"level":"debug","message":"Running chrome with params {\"printBackground\":true,\"timeout\":59963,\"margin\":{}}","meta":{"rootId":"0rmgxwf0kxve3q0","id":"0rmgxwf0kxve3q0"},"id":"juf9sze3smkl2ry","previousOperationId":"seeqvlwz2wm51zc"}
{"type":"operationEnd","operationId":"seeqvlwz2wm51zc","timestamp":1744180437815,"id":"a0co3soty8ayutm","previousEventId":"cljdyrpzbur7bea","previousOperationId":"seeqvlwz2wm51zc"}
{"type":"log","timestamp":1744180437815,"level":"debug","message":"Skipping storing report.","meta":{"rootId":"0rmgxwf0kxve3q0","id":"0rmgxwf0kxve3q0"},"id":"x4zallx1xdtvu51","previousOperationId":"seeqvlwz2wm51zc"}
{"type":"log","timestamp":1744180437815,"level":"info","message":"Rendering request 15 finished in 507 ms","meta":{"rootId":"0rmgxwf0kxve3q0","id":"0rmgxwf0kxve3q0"},"id":"hi23bqh1vb2jvog","previousOperationId":"seeqvlwz2wm51zc"}
{"type":"operationEnd","subtype":"render","operationId":"jhwhnms5itrlha7","timestamp":1744180437815,"id":"k0q5kegqwqqoejb","previousEventId":"a0co3soty8ayutm","previousOperationId":"seeqvlwz2wm51zc"}
{"type":"operationEnd","doDiffs":false,"previousEventId":"3jku6qc7u8udjpw","previousOperationId":"b4wpg7x4wzhj8ms","operationId":"b4wpg7x4wzhj8ms","timestamp":1744180437821,"id":"oocj7n4opr0i3qh"}
