{"type":"operationStart","subtype":"profile","data":{"_id":"JMLWdAJ2FkxyIQCK","timestamp":"2025-04-09T13:51:37.580Z","state":"queued","mode":"standard","creationDate":"2025-04-09T13:51:37.582Z","modificationDate":"2025-04-09T13:51:37.582Z","shortid":"NvI4WMG","$entitySet":"profiles"},"doDiffs":false,"timestamp":1744206697581,"id":"o7dmkucte8nzhlc","previousOperationId":null,"operationId":"pswq92nhcjxhzpo"}
{"type":"log","level":"info","message":"Render request 37 queued for execution and waiting for available worker","previousOperationId":"pswq92nhcjxhzpo","timestamp":1744206697581,"id":"aoqd550kw74q4aq"}
{"type":"operationStart","subtype":"render","name":"myTemplate","previousOperationId":"pswq92nhcjxhzpo","timestamp":1744206697592,"id":"amepwqv0e5uhphi","previousEventId":"o7dmkucte8nzhlc","operationId":"odqigjcbwbons8i"}
{"type":"log","timestamp":1744206697592,"level":"info","message":"Starting rendering request 37","meta":{"rootId":"12g2z0yk1mpxnq2","id":"12g2z0yk1mpxnq2"},"id":"k6wr0e844beiwzn","previousOperationId":"odqigjcbwbons8i"}
{"type":"log","timestamp":1744206697592,"level":"info","message":"Rendering template { name: myTemplate, recipe: chrome-pdf, engine: handlebars, preview: true }","meta":{"rootId":"12g2z0yk1mpxnq2","id":"12g2z0yk1mpxnq2"},"id":"15t6tk2enxu6bos","previousOperationId":"odqigjcbwbons8i"}
{"type":"log","timestamp":1744206697593,"level":"debug","message":"Adding sample data HUavgV0Kc","meta":{"rootId":"12g2z0yk1mpxnq2","id":"12g2z0yk1mpxnq2"},"id":"dnutmnw8nvdmrjy","previousOperationId":"odqigjcbwbons8i"}
{"type":"log","timestamp":1744206697594,"level":"debug","message":"Base url not specified, skipping its injection.","meta":{"rootId":"12g2z0yk1mpxnq2","id":"12g2z0yk1mpxnq2"},"id":"8pu4oo65e7sfs1x","previousOperationId":"odqigjcbwbons8i"}
{"type":"operationStart","subtype":"engine","name":"handlebars","timestamp":1744206697594,"id":"lr4o5fisyczjf5u","previousEventId":"amepwqv0e5uhphi","operationId":"vokeyq1ntuuzbn2","previousOperationId":"odqigjcbwbons8i"}
{"type":"log","timestamp":1744206697594,"level":"debug","message":"Rendering engine handlebars","meta":{"rootId":"12g2z0yk1mpxnq2","id":"12g2z0yk1mpxnq2"},"id":"l6ty95yptt604ma","previousOperationId":"vokeyq1ntuuzbn2"}
{"type":"operationEnd","operationId":"vokeyq1ntuuzbn2","timestamp":1744206697610,"id":"wdath0tm7rgogw1","previousEventId":"lr4o5fisyczjf5u","previousOperationId":"vokeyq1ntuuzbn2"}
{"type":"operationStart","subtype":"recipe","name":"chrome-pdf","timestamp":1744206697610,"id":"h2dq0vondpb4uu6","previousEventId":"wdath0tm7rgogw1","operationId":"zrdjwm9zzc4gtjo","previousOperationId":"vokeyq1ntuuzbn2"}
{"type":"log","timestamp":1744206697610,"level":"debug","message":"Executing recipe chrome-pdf","meta":{"rootId":"12g2z0yk1mpxnq2","id":"12g2z0yk1mpxnq2"},"id":"e9erevii5b0dekp","previousOperationId":"zrdjwm9zzc4gtjo"}
{"type":"log","timestamp":1744206697613,"level":"debug","message":"Converting with chrome Chrome/133.0.6943.126 using chrome-pool strategy","meta":{"rootId":"12g2z0yk1mpxnq2","id":"12g2z0yk1mpxnq2"},"id":"6soaxaiatlfqtnp","previousOperationId":"zrdjwm9zzc4gtjo"}
{"type":"log","timestamp":1744206697681,"level":"debug","message":"Page request: GET (document) file:///C:/Users/Patheo24/AppData/Local/Temp/jsreport/autocleanup/465127da-d4ad-41c5-b500-5bfe138f5cea-chrome-pdf.html","meta":{"rootId":"12g2z0yk1mpxnq2","id":"12g2z0yk1mpxnq2"},"id":"69zvpcj1t22o4wy","previousOperationId":"zrdjwm9zzc4gtjo"}
{"type":"log","timestamp":1744206697705,"level":"debug","message":"Page request finished: GET (document) 200 file:///C:/Users/Patheo24/AppData/Local/Temp/jsreport/autocleanup/465127da-d4ad-41c5-b500-5bfe138f5cea-chrome-pdf.html","meta":{"rootId":"12g2z0yk1mpxnq2","id":"12g2z0yk1mpxnq2"},"id":"i7fweqxswa4lx74","previousOperationId":"zrdjwm9zzc4gtjo"}
{"type":"log","timestamp":1744206697705,"level":"debug","message":"Page request: GET (image) https://res.cloudinary.com/dpes1dyqb/image/upload/v1738768933/logo_myycxt.jpg","meta":{"rootId":"12g2z0yk1mpxnq2","id":"12g2z0yk1mpxnq2"},"id":"fws99l4jw7mctov","previousOperationId":"zrdjwm9zzc4gtjo"}
{"type":"log","timestamp":1744206697706,"level":"debug","message":"Page request: GET (font) http://localhost:5488/fonts/kalpurush.ttf","meta":{"rootId":"12g2z0yk1mpxnq2","id":"12g2z0yk1mpxnq2"},"id":"sdaxdo8hy8ezqe9","previousOperationId":"zrdjwm9zzc4gtjo"}
{"type":"log","timestamp":1744206697753,"level":"debug","message":"Page request: GET (font) http://localhost:5488/fonts/kalpurush.ttf","meta":{"rootId":"12g2z0yk1mpxnq2","id":"12g2z0yk1mpxnq2"},"id":"7nxrzs8fzjlgo7u","previousOperationId":"zrdjwm9zzc4gtjo"}
{"type":"log","timestamp":1744206697755,"level":"debug","message":"Page request finished: GET (image) 200 https://res.cloudinary.com/dpes1dyqb/image/upload/v1738768933/logo_myycxt.jpg","meta":{"rootId":"12g2z0yk1mpxnq2","id":"12g2z0yk1mpxnq2"},"id":"c57imm0g6hrqvnb","previousOperationId":"zrdjwm9zzc4gtjo"}
{"type":"log","timestamp":1744206697760,"level":"debug","message":"(console:error) Failed to load resource: the server responded with a status of 404 (Not Found)","meta":{"userLevel":true,"rootId":"12g2z0yk1mpxnq2","id":"12g2z0yk1mpxnq2"},"id":"fy1gueyxm4j7sxe","previousOperationId":"zrdjwm9zzc4gtjo"}
{"type":"log","timestamp":1744206697760,"level":"warn","message":"Page request failed: GET (font) http://localhost:5488/fonts/kalpurush.ttf, failure: net::ERR_ABORTED","meta":{"rootId":"12g2z0yk1mpxnq2","id":"12g2z0yk1mpxnq2"},"id":"knzokgqlm5hwers","previousOperationId":"zrdjwm9zzc4gtjo"}
{"type":"log","timestamp":1744206697771,"level":"debug","message":"Running chrome with params {\"printBackground\":true,\"format\":\"A5\",\"marginRight\":\"\",\"timeout\":59968,\"margin\":{\"right\":\"\"}}","meta":{"rootId":"12g2z0yk1mpxnq2","id":"12g2z0yk1mpxnq2"},"id":"x0nhz6ddvkl57pi","previousOperationId":"zrdjwm9zzc4gtjo"}
{"type":"operationEnd","operationId":"zrdjwm9zzc4gtjo","timestamp":1744206698076,"id":"d78pw790vt0xhhh","previousEventId":"h2dq0vondpb4uu6","previousOperationId":"zrdjwm9zzc4gtjo"}
{"type":"log","timestamp":1744206698077,"level":"debug","message":"Skipping storing report.","meta":{"rootId":"12g2z0yk1mpxnq2","id":"12g2z0yk1mpxnq2"},"id":"9a1psauybtxqwu3","previousOperationId":"zrdjwm9zzc4gtjo"}
{"type":"log","timestamp":1744206698077,"level":"info","message":"Rendering request 37 finished in 497 ms","meta":{"rootId":"12g2z0yk1mpxnq2","id":"12g2z0yk1mpxnq2"},"id":"9uq4mopnh12yvbw","previousOperationId":"zrdjwm9zzc4gtjo"}
{"type":"operationEnd","subtype":"render","operationId":"odqigjcbwbons8i","timestamp":1744206698077,"id":"zggztzx0qsuizkz","previousEventId":"d78pw790vt0xhhh","previousOperationId":"zrdjwm9zzc4gtjo"}
{"type":"operationEnd","doDiffs":false,"previousEventId":"o7dmkucte8nzhlc","previousOperationId":"pswq92nhcjxhzpo","operationId":"pswq92nhcjxhzpo","timestamp":1744206698080,"id":"5tlykbra1pfav2r"}
