{"type":"operationStart","subtype":"profile","data":{"_id":"nrYE3vPyWSc2tEZs","timestamp":"2025-04-10T09:57:19.887Z","state":"queued","mode":"standard","creationDate":"2025-04-10T09:57:19.890Z","modificationDate":"2025-04-10T09:57:19.890Z","shortid":"hE639Vj","$entitySet":"profiles"},"doDiffs":false,"timestamp":1744279039889,"id":"dcv3d1z1swfjzm8","previousOperationId":null,"operationId":"2guuyky89qj5und"}
{"type":"log","level":"info","message":"Render request 6 queued for execution and waiting for available worker","previousOperationId":"2guuyky89qj5und","timestamp":1744279039890,"id":"8sqzcoknujd8w8o"}
{"type":"operationStart","subtype":"render","name":"myTemplate","previousOperationId":"2guuyky89qj5und","timestamp":1744279039904,"id":"qwft00n0hudfw1z","previousEventId":"dcv3d1z1swfjzm8","operationId":"19zh8wwlylnirlq"}
{"type":"log","timestamp":1744279039905,"level":"info","message":"Starting rendering request 6","meta":{"rootId":"15u1de6rzh6l1hm","id":"15u1de6rzh6l1hm"},"id":"1cj8q1yvxlxrgye","previousOperationId":"19zh8wwlylnirlq"}
{"type":"log","timestamp":1744279039906,"level":"info","message":"Rendering template { name: myTemplate, recipe: chrome-pdf, engine: handlebars, preview: true }","meta":{"rootId":"15u1de6rzh6l1hm","id":"15u1de6rzh6l1hm"},"id":"bsu4z6h3e0rod5l","previousOperationId":"19zh8wwlylnirlq"}
{"type":"log","timestamp":1744279039909,"level":"debug","message":"Adding sample data HUavgV0Kc","meta":{"rootId":"15u1de6rzh6l1hm","id":"15u1de6rzh6l1hm"},"id":"orbml6s99vij4ga","previousOperationId":"19zh8wwlylnirlq"}
{"type":"log","timestamp":1744279039912,"level":"debug","message":"Base url not specified, skipping its injection.","meta":{"rootId":"15u1de6rzh6l1hm","id":"15u1de6rzh6l1hm"},"id":"d3m9ha1bkfmvnzc","previousOperationId":"19zh8wwlylnirlq"}
{"type":"operationStart","subtype":"engine","name":"handlebars","timestamp":1744279039913,"id":"p39lz8etehjos4h","previousEventId":"qwft00n0hudfw1z","operationId":"yj91tob78nr2hix","previousOperationId":"19zh8wwlylnirlq"}
{"type":"log","timestamp":1744279039913,"level":"debug","message":"Rendering engine handlebars","meta":{"rootId":"15u1de6rzh6l1hm","id":"15u1de6rzh6l1hm"},"id":"vtpffjt9vxgqgfs","previousOperationId":"yj91tob78nr2hix"}
{"type":"operationEnd","operationId":"yj91tob78nr2hix","timestamp":1744279040496,"id":"b6jfcsriqbbn6rl","previousEventId":"p39lz8etehjos4h","previousOperationId":"yj91tob78nr2hix"}
{"type":"operationStart","subtype":"recipe","name":"chrome-pdf","timestamp":1744279040497,"id":"3y1apk6b3p517k6","previousEventId":"b6jfcsriqbbn6rl","operationId":"1py02v29fdu12l4","previousOperationId":"yj91tob78nr2hix"}
{"type":"log","timestamp":1744279040497,"level":"debug","message":"Executing recipe chrome-pdf","meta":{"rootId":"15u1de6rzh6l1hm","id":"15u1de6rzh6l1hm"},"id":"ml3xgxjihlt9oeo","previousOperationId":"1py02v29fdu12l4"}
{"type":"log","timestamp":1744279041243,"level":"debug","message":"Converting with chrome Chrome/133.0.6943.126 using chrome-pool strategy","meta":{"rootId":"15u1de6rzh6l1hm","id":"15u1de6rzh6l1hm"},"id":"k2jn5hzazaiyapw","previousOperationId":"1py02v29fdu12l4"}
{"type":"log","timestamp":1744279041343,"level":"debug","message":"Page request: GET (document) file:///C:/Users/Patheo24/AppData/Local/Temp/jsreport/autocleanup/8c08d16f-3c60-4245-ab96-cdfe95342c09-chrome-pdf.html","meta":{"rootId":"15u1de6rzh6l1hm","id":"15u1de6rzh6l1hm"},"id":"7ppa39a2ebm6kh5","previousOperationId":"1py02v29fdu12l4"}
{"type":"log","timestamp":1744279041372,"level":"debug","message":"Page request finished: GET (document) 200 file:///C:/Users/Patheo24/AppData/Local/Temp/jsreport/autocleanup/8c08d16f-3c60-4245-ab96-cdfe95342c09-chrome-pdf.html","meta":{"rootId":"15u1de6rzh6l1hm","id":"15u1de6rzh6l1hm"},"id":"y4b8oyebsxf4xw7","previousOperationId":"1py02v29fdu12l4"}
{"type":"log","timestamp":1744279041380,"level":"debug","message":"Page request: GET (font) http://localhost:5488/fonts/kalpurush.ttf","meta":{"rootId":"15u1de6rzh6l1hm","id":"15u1de6rzh6l1hm"},"id":"78wyyx03oh4va0o","previousOperationId":"1py02v29fdu12l4"}
{"type":"log","timestamp":1744279041381,"level":"debug","message":"Page request: GET (image) https://res.cloudinary.com/dpes1dyqb/image/upload/v1738768933/logo_myycxt.jpg","meta":{"rootId":"15u1de6rzh6l1hm","id":"15u1de6rzh6l1hm"},"id":"5d44dxcdzzz2akq","previousOperationId":"1py02v29fdu12l4"}
{"type":"log","timestamp":1744279041426,"level":"debug","message":"Page request: GET (font) http://localhost:5488/fonts/kalpurush.ttf","meta":{"rootId":"15u1de6rzh6l1hm","id":"15u1de6rzh6l1hm"},"id":"lgxp68ztj8zrrkm","previousOperationId":"1py02v29fdu12l4"}
{"type":"log","timestamp":1744279041435,"level":"debug","message":"(console:error) Failed to load resource: the server responded with a status of 404 (Not Found)","meta":{"userLevel":true,"rootId":"15u1de6rzh6l1hm","id":"15u1de6rzh6l1hm"},"id":"pts2bwvl0qodht3","previousOperationId":"1py02v29fdu12l4"}
{"type":"log","timestamp":1744279041436,"level":"warn","message":"Page request failed: GET (font) http://localhost:5488/fonts/kalpurush.ttf, failure: net::ERR_ABORTED","meta":{"rootId":"15u1de6rzh6l1hm","id":"15u1de6rzh6l1hm"},"id":"w0xg007rmt0obyy","previousOperationId":"1py02v29fdu12l4"}
{"type":"log","timestamp":1744279041661,"level":"debug","message":"Page request finished: GET (image) 200 https://res.cloudinary.com/dpes1dyqb/image/upload/v1738768933/logo_myycxt.jpg","meta":{"rootId":"15u1de6rzh6l1hm","id":"15u1de6rzh6l1hm"},"id":"nqi8q5xx1x6a4bo","previousOperationId":"1py02v29fdu12l4"}
{"type":"log","timestamp":1744279041663,"level":"debug","message":"Running chrome with params {\"printBackground\":true,\"format\":\"A5\",\"marginRight\":\"\",\"height\":\"\",\"marginTop\":\"\",\"marginBottom\":\"\",\"marginLeft\":\"\",\"displayHeaderFooter\":true,\"width\":\"\",\"timeout\":59077,\"margin\":{\"top\":\"\",\"right\":\"\",\"bottom\":\"\",\"left\":\"\"}}","meta":{"rootId":"15u1de6rzh6l1hm","id":"15u1de6rzh6l1hm"},"id":"rob3qcagzhigk3y","previousOperationId":"1py02v29fdu12l4"}
{"type":"operationEnd","operationId":"1py02v29fdu12l4","timestamp":1744279042021,"id":"zw7bh4hlb99w7ci","previousEventId":"3y1apk6b3p517k6","previousOperationId":"1py02v29fdu12l4"}
{"type":"log","timestamp":1744279042022,"level":"debug","message":"Skipping storing report.","meta":{"rootId":"15u1de6rzh6l1hm","id":"15u1de6rzh6l1hm"},"id":"b8rbw0cd7mclznl","previousOperationId":"1py02v29fdu12l4"}
{"type":"log","timestamp":1744279042022,"level":"info","message":"Rendering request 6 finished in 2135 ms","meta":{"rootId":"15u1de6rzh6l1hm","id":"15u1de6rzh6l1hm"},"id":"wa4mzqynikq4l26","previousOperationId":"1py02v29fdu12l4"}
{"type":"operationEnd","subtype":"render","operationId":"19zh8wwlylnirlq","timestamp":1744279042022,"id":"0med7z4m32ltyrn","previousEventId":"zw7bh4hlb99w7ci","previousOperationId":"1py02v29fdu12l4"}
{"type":"operationEnd","doDiffs":false,"previousEventId":"dcv3d1z1swfjzm8","previousOperationId":"2guuyky89qj5und","operationId":"2guuyky89qj5und","timestamp":1744279042026,"id":"pv0s5m179en8n87"}
