{"type":"operationStart","subtype":"profile","data":{"_id":"QwPQyvcHd6m1DE5H","timestamp":"2025-04-09T09:08:26.019Z","state":"queued","mode":"standard","creationDate":"2025-04-09T09:08:26.022Z","modificationDate":"2025-04-09T09:08:26.022Z","shortid":"B8wCmED","$entitySet":"profiles"},"doDiffs":false,"timestamp":1744189706020,"id":"825ljilarywjqhs","previousOperationId":null,"operationId":"cwsxbkayb5rnb7c"}
{"type":"log","level":"info","message":"Render request 45 queued for execution and waiting for available worker","previousOperationId":"cwsxbkayb5rnb7c","timestamp":1744189706020,"id":"x6o2zysrvdvi4fq"}
{"type":"operationStart","subtype":"render","name":"myTemplate","previousOperationId":"cwsxbkayb5rnb7c","timestamp":1744189706042,"id":"k3cly1pdu4g6929","previousEventId":"825ljilarywjqhs","operationId":"pwtabm3x50en4vh"}
{"type":"log","timestamp":1744189706043,"level":"info","message":"Starting rendering request 45","meta":{"rootId":"15whmbnkb0oi71y","id":"15whmbnkb0oi71y"},"id":"75kbkcj6rda9fkz","previousOperationId":"pwtabm3x50en4vh"}
{"type":"log","timestamp":1744189706043,"level":"info","message":"Rendering template { name: myTemplate, recipe: chrome-pdf, engine: handlebars, preview: false }","meta":{"rootId":"15whmbnkb0oi71y","id":"15whmbnkb0oi71y"},"id":"fejnh15penx6g9t","previousOperationId":"pwtabm3x50en4vh"}
{"type":"log","timestamp":1744189706044,"level":"debug","message":"Inline data specified.","meta":{"rootId":"15whmbnkb0oi71y","id":"15whmbnkb0oi71y"},"id":"fithq75xy7c0iac","previousOperationId":"pwtabm3x50en4vh"}
{"type":"log","timestamp":1744189706046,"level":"debug","message":"Base url not specified, skipping its injection.","meta":{"rootId":"15whmbnkb0oi71y","id":"15whmbnkb0oi71y"},"id":"kjvo7ca2sj4t7u4","previousOperationId":"pwtabm3x50en4vh"}
{"type":"operationStart","subtype":"engine","name":"handlebars","timestamp":1744189706047,"id":"d0ikmazj1l0gb6y","previousEventId":"k3cly1pdu4g6929","operationId":"m6omilj4d4clfzh","previousOperationId":"pwtabm3x50en4vh"}
{"type":"log","timestamp":1744189706047,"level":"debug","message":"Rendering engine handlebars","meta":{"rootId":"15whmbnkb0oi71y","id":"15whmbnkb0oi71y"},"id":"hzshpemtu9qt68y","previousOperationId":"m6omilj4d4clfzh"}
{"type":"operationEnd","operationId":"m6omilj4d4clfzh","timestamp":1744189706066,"id":"85tlcq9wxrxknue","previousEventId":"d0ikmazj1l0gb6y","previousOperationId":"m6omilj4d4clfzh"}
{"type":"operationStart","subtype":"recipe","name":"chrome-pdf","timestamp":1744189706066,"id":"ff2g8gksubonan8","previousEventId":"85tlcq9wxrxknue","operationId":"kkb9xzr2th3ntnb","previousOperationId":"m6omilj4d4clfzh"}
{"type":"log","timestamp":1744189706067,"level":"debug","message":"Executing recipe chrome-pdf","meta":{"rootId":"15whmbnkb0oi71y","id":"15whmbnkb0oi71y"},"id":"skcvp6yal1179uh","previousOperationId":"kkb9xzr2th3ntnb"}
{"type":"log","timestamp":1744189707187,"level":"debug","message":"Converting with chrome Chrome/133.0.6943.126 using chrome-pool strategy","meta":{"rootId":"15whmbnkb0oi71y","id":"15whmbnkb0oi71y"},"id":"57x7qckeqy6tlm6","previousOperationId":"kkb9xzr2th3ntnb"}
{"type":"log","timestamp":1744189707258,"level":"debug","message":"Page request: GET (document) file:///C:/Users/Patheo24/AppData/Local/Temp/jsreport/autocleanup/73217584-11c3-4201-951b-5b3bedb59844-chrome-pdf.html","meta":{"rootId":"15whmbnkb0oi71y","id":"15whmbnkb0oi71y"},"id":"6p1vdk0geeilolx","previousOperationId":"kkb9xzr2th3ntnb"}
{"type":"log","timestamp":1744189707277,"level":"debug","message":"Page request finished: GET (document) 200 file:///C:/Users/Patheo24/AppData/Local/Temp/jsreport/autocleanup/73217584-11c3-4201-951b-5b3bedb59844-chrome-pdf.html","meta":{"rootId":"15whmbnkb0oi71y","id":"15whmbnkb0oi71y"},"id":"j3t5h621xbk3sam","previousOperationId":"kkb9xzr2th3ntnb"}
{"type":"log","timestamp":1744189707280,"level":"debug","message":"Page request: GET (font) http://localhost:5488/fonts/kalpurush.ttf","meta":{"rootId":"15whmbnkb0oi71y","id":"15whmbnkb0oi71y"},"id":"ehlorbgxy15a5xb","previousOperationId":"kkb9xzr2th3ntnb"}
{"type":"log","timestamp":1744189707282,"level":"debug","message":"Page request: GET (font) http://localhost:5488/fonts/kalpurush.ttf","meta":{"rootId":"15whmbnkb0oi71y","id":"15whmbnkb0oi71y"},"id":"3ecghnscvoe0937","previousOperationId":"kkb9xzr2th3ntnb"}
{"type":"log","timestamp":1744189707290,"level":"debug","message":"(console:error) Failed to load resource: the server responded with a status of 404 (Not Found)","meta":{"userLevel":true,"rootId":"15whmbnkb0oi71y","id":"15whmbnkb0oi71y"},"id":"ghdaobzjkcflx9i","previousOperationId":"kkb9xzr2th3ntnb"}
{"type":"log","timestamp":1744189707290,"level":"warn","message":"Page request failed: GET (font) http://localhost:5488/fonts/kalpurush.ttf, failure: net::ERR_ABORTED","meta":{"rootId":"15whmbnkb0oi71y","id":"15whmbnkb0oi71y"},"id":"qable6xyx3yzo6y","previousOperationId":"kkb9xzr2th3ntnb"}
{"type":"log","timestamp":1744189707300,"level":"debug","message":"Running chrome with params {\"printBackground\":true,\"timeout\":59950,\"margin\":{}}","meta":{"rootId":"15whmbnkb0oi71y","id":"15whmbnkb0oi71y"},"id":"6j2xcm2s64urtr4","previousOperationId":"kkb9xzr2th3ntnb"}
{"type":"operationEnd","operationId":"kkb9xzr2th3ntnb","timestamp":1744189707491,"id":"nrbgk28f5llzx9v","previousEventId":"ff2g8gksubonan8","previousOperationId":"kkb9xzr2th3ntnb"}
{"type":"log","timestamp":1744189707491,"level":"debug","message":"Skipping storing report.","meta":{"rootId":"15whmbnkb0oi71y","id":"15whmbnkb0oi71y"},"id":"as99yre2wcvba1m","previousOperationId":"kkb9xzr2th3ntnb"}
{"type":"log","timestamp":1744189707491,"level":"info","message":"Rendering request 45 finished in 1473 ms","meta":{"rootId":"15whmbnkb0oi71y","id":"15whmbnkb0oi71y"},"id":"pzf54fhc5h75hyc","previousOperationId":"kkb9xzr2th3ntnb"}
{"type":"operationEnd","subtype":"render","operationId":"pwtabm3x50en4vh","timestamp":1744189707491,"id":"js5aoxy9xzh87um","previousEventId":"nrbgk28f5llzx9v","previousOperationId":"kkb9xzr2th3ntnb"}
{"type":"operationEnd","doDiffs":false,"previousEventId":"825ljilarywjqhs","previousOperationId":"cwsxbkayb5rnb7c","operationId":"cwsxbkayb5rnb7c","timestamp":1744189707495,"id":"5oqmv0ztsa5mjhi"}
