{"type":"operationStart","subtype":"profile","data":{"_id":"ZHKkKcbDvhzDlTL2","timestamp":"2025-04-09T13:37:18.391Z","state":"queued","mode":"standard","creationDate":"2025-04-09T13:37:18.393Z","modificationDate":"2025-04-09T13:37:18.393Z","shortid":"gAlWsf3","$entitySet":"profiles"},"doDiffs":false,"timestamp":1744205838392,"id":"149w01uxl79qssf","previousOperationId":null,"operationId":"iscj5f1nqwjm8uj"}
{"type":"log","level":"info","message":"Render request 14 queued for execution and waiting for available worker","previousOperationId":"iscj5f1nqwjm8uj","timestamp":1744205838392,"id":"qqi65bax711qeeg"}
{"type":"operationStart","subtype":"render","name":"myTemplate","previousOperationId":"iscj5f1nqwjm8uj","timestamp":1744205838405,"id":"sxqxjp2pey3kh4r","previousEventId":"149w01uxl79qssf","operationId":"2wny68hsz9honvt"}
{"type":"log","timestamp":1744205838405,"level":"info","message":"Starting rendering request 14","meta":{"rootId":"1j2b52jksnoedoa","id":"1j2b52jksnoedoa"},"id":"256xrb1sxc3b0zj","previousOperationId":"2wny68hsz9honvt"}
{"type":"log","timestamp":1744205838405,"level":"info","message":"Rendering template { name: myTemplate, recipe: chrome-pdf, engine: handlebars, preview: true }","meta":{"rootId":"1j2b52jksnoedoa","id":"1j2b52jksnoedoa"},"id":"qhip9m030i59vx1","previousOperationId":"2wny68hsz9honvt"}
{"type":"log","timestamp":1744205838407,"level":"debug","message":"Adding sample data HUavgV0Kc","meta":{"rootId":"1j2b52jksnoedoa","id":"1j2b52jksnoedoa"},"id":"e3ebbl54iu1h2ik","previousOperationId":"2wny68hsz9honvt"}
{"type":"log","timestamp":1744205838409,"level":"debug","message":"Base url not specified, skipping its injection.","meta":{"rootId":"1j2b52jksnoedoa","id":"1j2b52jksnoedoa"},"id":"ljkh78ay7e0zc34","previousOperationId":"2wny68hsz9honvt"}
{"type":"operationStart","subtype":"engine","name":"handlebars","timestamp":1744205838409,"id":"izo6s0s7pbqd307","previousEventId":"sxqxjp2pey3kh4r","operationId":"z5re0nsqi5bl94d","previousOperationId":"2wny68hsz9honvt"}
{"type":"log","timestamp":1744205838409,"level":"debug","message":"Rendering engine handlebars","meta":{"rootId":"1j2b52jksnoedoa","id":"1j2b52jksnoedoa"},"id":"cqzpjzem6vpbj0g","previousOperationId":"z5re0nsqi5bl94d"}
{"type":"operationEnd","operationId":"z5re0nsqi5bl94d","timestamp":1744205838431,"id":"rukqbn4cp0je1qg","previousEventId":"izo6s0s7pbqd307","previousOperationId":"z5re0nsqi5bl94d"}
{"type":"operationStart","subtype":"recipe","name":"chrome-pdf","timestamp":1744205838431,"id":"d70r65rk7yyo5lf","previousEventId":"rukqbn4cp0je1qg","operationId":"gpbr9qc15n1ahm9","previousOperationId":"z5re0nsqi5bl94d"}
{"type":"log","timestamp":1744205838431,"level":"debug","message":"Executing recipe chrome-pdf","meta":{"rootId":"1j2b52jksnoedoa","id":"1j2b52jksnoedoa"},"id":"8j8zc1kuxjqcm8l","previousOperationId":"gpbr9qc15n1ahm9"}
{"type":"log","timestamp":1744205838435,"level":"debug","message":"Converting with chrome Chrome/133.0.6943.126 using chrome-pool strategy","meta":{"rootId":"1j2b52jksnoedoa","id":"1j2b52jksnoedoa"},"id":"kw2lfus5h2pjctm","previousOperationId":"gpbr9qc15n1ahm9"}
{"type":"log","timestamp":1744205838512,"level":"debug","message":"Page request: GET (document) file:///C:/Users/Patheo24/AppData/Local/Temp/jsreport/autocleanup/5315e758-cc61-4f53-bfad-460c465dbdde-chrome-pdf.html","meta":{"rootId":"1j2b52jksnoedoa","id":"1j2b52jksnoedoa"},"id":"q2m7c1st61hphab","previousOperationId":"gpbr9qc15n1ahm9"}
{"type":"log","timestamp":1744205838539,"level":"debug","message":"Page request finished: GET (document) 200 file:///C:/Users/Patheo24/AppData/Local/Temp/jsreport/autocleanup/5315e758-cc61-4f53-bfad-460c465dbdde-chrome-pdf.html","meta":{"rootId":"1j2b52jksnoedoa","id":"1j2b52jksnoedoa"},"id":"upde4hwm0jt2g4j","previousOperationId":"gpbr9qc15n1ahm9"}
{"type":"log","timestamp":1744205838539,"level":"debug","message":"(console:info) Slow network is detected. See https://www.chromestatus.com/feature/5636954674692096 for more details. Fallback font will be used while loading: http://localhost:5488/fonts/kalpurush.ttf","meta":{"userLevel":true,"rootId":"1j2b52jksnoedoa","id":"1j2b52jksnoedoa"},"id":"7n6o64ozawuwtm1","previousOperationId":"gpbr9qc15n1ahm9"}
{"type":"log","timestamp":1744205838540,"level":"debug","message":"Page request: GET (image) https://res.cloudinary.com/dpes1dyqb/image/upload/v1738768933/logo_myycxt.jpg","meta":{"rootId":"1j2b52jksnoedoa","id":"1j2b52jksnoedoa"},"id":"vftnutdsafzvkbw","previousOperationId":"gpbr9qc15n1ahm9"}
{"type":"log","timestamp":1744205838540,"level":"debug","message":"Page request: GET (font) http://localhost:5488/fonts/kalpurush.ttf","meta":{"rootId":"1j2b52jksnoedoa","id":"1j2b52jksnoedoa"},"id":"5io31usl2e5g4rp","previousOperationId":"gpbr9qc15n1ahm9"}
{"type":"log","timestamp":1744205838580,"level":"debug","message":"Page request: GET (font) http://localhost:5488/fonts/kalpurush.ttf","meta":{"rootId":"1j2b52jksnoedoa","id":"1j2b52jksnoedoa"},"id":"ha6565m5f6thsne","previousOperationId":"gpbr9qc15n1ahm9"}
{"type":"log","timestamp":1744205838581,"level":"debug","message":"Page request finished: GET (image) 200 https://res.cloudinary.com/dpes1dyqb/image/upload/v1738768933/logo_myycxt.jpg","meta":{"rootId":"1j2b52jksnoedoa","id":"1j2b52jksnoedoa"},"id":"qi7wbl4xyjxr5dn","previousOperationId":"gpbr9qc15n1ahm9"}
{"type":"log","timestamp":1744205838587,"level":"debug","message":"(console:error) Failed to load resource: the server responded with a status of 404 (Not Found)","meta":{"userLevel":true,"rootId":"1j2b52jksnoedoa","id":"1j2b52jksnoedoa"},"id":"6pthcioz3gluj2f","previousOperationId":"gpbr9qc15n1ahm9"}
{"type":"log","timestamp":1744205838588,"level":"warn","message":"Page request failed: GET (font) http://localhost:5488/fonts/kalpurush.ttf, failure: net::ERR_ABORTED","meta":{"rootId":"1j2b52jksnoedoa","id":"1j2b52jksnoedoa"},"id":"u4vf0y5q8ikb7o4","previousOperationId":"gpbr9qc15n1ahm9"}
{"type":"log","timestamp":1744205838599,"level":"debug","message":"Running chrome with params {\"printBackground\":true,\"timeout\":59957,\"margin\":{}}","meta":{"rootId":"1j2b52jksnoedoa","id":"1j2b52jksnoedoa"},"id":"n4gjpp7ooppwvtf","previousOperationId":"gpbr9qc15n1ahm9"}
{"type":"operationEnd","operationId":"gpbr9qc15n1ahm9","timestamp":1744205838899,"id":"dlklhi1ou03l5es","previousEventId":"d70r65rk7yyo5lf","previousOperationId":"gpbr9qc15n1ahm9"}
{"type":"log","timestamp":1744205838899,"level":"debug","message":"Skipping storing report.","meta":{"rootId":"1j2b52jksnoedoa","id":"1j2b52jksnoedoa"},"id":"9wm2xsbqfm50p5d","previousOperationId":"gpbr9qc15n1ahm9"}
{"type":"log","timestamp":1744205838899,"level":"info","message":"Rendering request 14 finished in 508 ms","meta":{"rootId":"1j2b52jksnoedoa","id":"1j2b52jksnoedoa"},"id":"e27c23t3uyjbc1n","previousOperationId":"gpbr9qc15n1ahm9"}
{"type":"operationEnd","subtype":"render","operationId":"2wny68hsz9honvt","timestamp":1744205838899,"id":"e13kmapln112wgw","previousEventId":"dlklhi1ou03l5es","previousOperationId":"gpbr9qc15n1ahm9"}
{"type":"operationEnd","doDiffs":false,"previousEventId":"149w01uxl79qssf","previousOperationId":"iscj5f1nqwjm8uj","operationId":"iscj5f1nqwjm8uj","timestamp":1744205838907,"id":"5hpwqebtegg0wsz"}
