{"type":"operationStart","subtype":"profile","data":{"_id":"xGFAI3q38QzB2lGy","timestamp":"2025-04-09T14:29:52.627Z","state":"queued","mode":"standard","creationDate":"2025-04-09T14:29:52.629Z","modificationDate":"2025-04-09T14:29:52.629Z","shortid":"kUQ732i","$entitySet":"profiles"},"doDiffs":false,"timestamp":1744208992628,"id":"07z90sj7ej8sf30","previousOperationId":null,"operationId":"ywqm2fjupo5awi7"}
{"type":"log","level":"info","message":"Render request 100 queued for execution and waiting for available worker","previousOperationId":"ywqm2fjupo5awi7","timestamp":1744208992628,"id":"rcol459avvfauon"}
{"type":"operationStart","subtype":"render","name":"myTemplate","previousOperationId":"ywqm2fjupo5awi7","timestamp":1744208992676,"id":"qn5dsrh6z3r1yi0","previousEventId":"07z90sj7ej8sf30","operationId":"jrsl638dk2s76w0"}
{"type":"log","timestamp":1744208992676,"level":"info","message":"Starting rendering request 100","meta":{"rootId":"1lgi13vqay42z3s","id":"1lgi13vqay42z3s"},"id":"uqqdwmjwomn0kzr","previousOperationId":"jrsl638dk2s76w0"}
{"type":"log","timestamp":1744208992676,"level":"info","message":"Rendering template { name: myTemplate, recipe: chrome-pdf, engine: handlebars, preview: true }","meta":{"rootId":"1lgi13vqay42z3s","id":"1lgi13vqay42z3s"},"id":"4kz26zfzz9ifk0h","previousOperationId":"jrsl638dk2s76w0"}
{"type":"log","timestamp":1744208992677,"level":"debug","message":"Inline data specified.","meta":{"rootId":"1lgi13vqay42z3s","id":"1lgi13vqay42z3s"},"id":"be544ela66t2dwl","previousOperationId":"jrsl638dk2s76w0"}
{"type":"log","timestamp":1744208992679,"level":"debug","message":"Base url not specified, skipping its injection.","meta":{"rootId":"1lgi13vqay42z3s","id":"1lgi13vqay42z3s"},"id":"phrxe5jxkamn22f","previousOperationId":"jrsl638dk2s76w0"}
{"type":"operationStart","subtype":"engine","name":"handlebars","timestamp":1744208992679,"id":"475u58c5yxk6tsl","previousEventId":"qn5dsrh6z3r1yi0","operationId":"u4cg0qtyllt00dv","previousOperationId":"jrsl638dk2s76w0"}
{"type":"log","timestamp":1744208992679,"level":"debug","message":"Rendering engine handlebars","meta":{"rootId":"1lgi13vqay42z3s","id":"1lgi13vqay42z3s"},"id":"8qh8ejrqzoeoy75","previousOperationId":"u4cg0qtyllt00dv"}
{"type":"operationEnd","operationId":"u4cg0qtyllt00dv","timestamp":1744208992734,"id":"zzdt1hx030hgpcb","previousEventId":"475u58c5yxk6tsl","previousOperationId":"u4cg0qtyllt00dv"}
{"type":"operationStart","subtype":"recipe","name":"chrome-pdf","timestamp":1744208992734,"id":"97mlx27j8kz2jnm","previousEventId":"zzdt1hx030hgpcb","operationId":"7qpg65c27t0cmye","previousOperationId":"u4cg0qtyllt00dv"}
{"type":"log","timestamp":1744208992734,"level":"debug","message":"Executing recipe chrome-pdf","meta":{"rootId":"1lgi13vqay42z3s","id":"1lgi13vqay42z3s"},"id":"vyd47hr91wrtt2k","previousOperationId":"7qpg65c27t0cmye"}
{"type":"log","timestamp":1744208992739,"level":"debug","message":"Converting with chrome Chrome/133.0.6943.126 using chrome-pool strategy","meta":{"rootId":"1lgi13vqay42z3s","id":"1lgi13vqay42z3s"},"id":"it5fi6jiezqa1fb","previousOperationId":"7qpg65c27t0cmye"}
{"type":"log","timestamp":1744208992827,"level":"debug","message":"Page request: GET (document) file:///C:/Users/Patheo24/AppData/Local/Temp/jsreport/autocleanup/e16eceb3-3cee-4651-9d09-97cfe407b809-chrome-pdf.html","meta":{"rootId":"1lgi13vqay42z3s","id":"1lgi13vqay42z3s"},"id":"hklqvcrao890a3n","previousOperationId":"7qpg65c27t0cmye"}
{"type":"log","timestamp":1744208992854,"level":"debug","message":"Page request finished: GET (document) 200 file:///C:/Users/Patheo24/AppData/Local/Temp/jsreport/autocleanup/e16eceb3-3cee-4651-9d09-97cfe407b809-chrome-pdf.html","meta":{"rootId":"1lgi13vqay42z3s","id":"1lgi13vqay42z3s"},"id":"tu0blcpu1iafdof","previousOperationId":"7qpg65c27t0cmye"}
{"type":"log","timestamp":1744208992854,"level":"debug","message":"Page request: GET (image) https://res.cloudinary.com/dpes1dyqb/image/upload/v1738768933/logo_myycxt.jpg","meta":{"rootId":"1lgi13vqay42z3s","id":"1lgi13vqay42z3s"},"id":"hpsdsx8sss0x0oe","previousOperationId":"7qpg65c27t0cmye"}
{"type":"log","timestamp":1744208992859,"level":"debug","message":"(console:info) Slow network is detected. See https://www.chromestatus.com/feature/5636954674692096 for more details. Fallback font will be used while loading: http://localhost:5488/fonts/kalpurush.ttf","meta":{"userLevel":true,"rootId":"1lgi13vqay42z3s","id":"1lgi13vqay42z3s"},"id":"36z4kssvi3ka9ts","previousOperationId":"7qpg65c27t0cmye"}
{"type":"log","timestamp":1744208992859,"level":"debug","message":"Page request: GET (font) http://localhost:5488/fonts/kalpurush.ttf","meta":{"rootId":"1lgi13vqay42z3s","id":"1lgi13vqay42z3s"},"id":"xytygwts7tf7u3v","previousOperationId":"7qpg65c27t0cmye"}
{"type":"log","timestamp":1744208992863,"level":"debug","message":"Page request: GET (font) http://localhost:5488/fonts/kalpurush.ttf","meta":{"rootId":"1lgi13vqay42z3s","id":"1lgi13vqay42z3s"},"id":"0gcsfqwhzdqe0zx","previousOperationId":"7qpg65c27t0cmye"}
{"type":"log","timestamp":1744208992864,"level":"debug","message":"Page request finished: GET (image) 200 https://res.cloudinary.com/dpes1dyqb/image/upload/v1738768933/logo_myycxt.jpg","meta":{"rootId":"1lgi13vqay42z3s","id":"1lgi13vqay42z3s"},"id":"koj4serykoih7ey","previousOperationId":"7qpg65c27t0cmye"}
{"type":"log","timestamp":1744208992868,"level":"debug","message":"(console:error) Failed to load resource: the server responded with a status of 404 (Not Found)","meta":{"userLevel":true,"rootId":"1lgi13vqay42z3s","id":"1lgi13vqay42z3s"},"id":"skxvrpkcojxj05y","previousOperationId":"7qpg65c27t0cmye"}
{"type":"log","timestamp":1744208992869,"level":"warn","message":"Page request failed: GET (font) http://localhost:5488/fonts/kalpurush.ttf, failure: net::ERR_ABORTED","meta":{"rootId":"1lgi13vqay42z3s","id":"1lgi13vqay42z3s"},"id":"48bk5u2z2hpgw4t","previousOperationId":"7qpg65c27t0cmye"}
{"type":"log","timestamp":1744208992895,"level":"debug","message":"Running chrome with params {\"printBackground\":true,\"format\":\"A5\",\"marginRight\":\"\",\"height\":\"\",\"marginTop\":\"\",\"marginBottom\":\"\",\"marginLeft\":\"\",\"displayHeaderFooter\":true,\"width\":\"\",\"timeout\":59890,\"margin\":{\"top\":\"\",\"right\":\"\",\"bottom\":\"\",\"left\":\"\"}}","meta":{"rootId":"1lgi13vqay42z3s","id":"1lgi13vqay42z3s"},"id":"k64iilk0fw13y4i","previousOperationId":"7qpg65c27t0cmye"}
{"type":"operationEnd","operationId":"7qpg65c27t0cmye","timestamp":1744208993213,"id":"bjyu4jem881n8cr","previousEventId":"97mlx27j8kz2jnm","previousOperationId":"7qpg65c27t0cmye"}
{"type":"log","timestamp":1744208993214,"level":"debug","message":"Skipping storing report.","meta":{"rootId":"1lgi13vqay42z3s","id":"1lgi13vqay42z3s"},"id":"jfmjux9eqfrjrap","previousOperationId":"7qpg65c27t0cmye"}
{"type":"log","timestamp":1744208993214,"level":"info","message":"Rendering request 100 finished in 587 ms","meta":{"rootId":"1lgi13vqay42z3s","id":"1lgi13vqay42z3s"},"id":"zyrp3vpbw0y7kxp","previousOperationId":"7qpg65c27t0cmye"}
{"type":"operationEnd","subtype":"render","operationId":"jrsl638dk2s76w0","timestamp":1744208993214,"id":"3cwubvf4fimajef","previousEventId":"bjyu4jem881n8cr","previousOperationId":"7qpg65c27t0cmye"}
{"type":"operationEnd","doDiffs":false,"previousEventId":"07z90sj7ej8sf30","previousOperationId":"ywqm2fjupo5awi7","operationId":"ywqm2fjupo5awi7","timestamp":1744208993217,"id":"9g31wi7pccoubfc"}
