{"type":"operationStart","subtype":"profile","data":{"_id":"BI2CxRnBXkFRgND1","timestamp":"2025-04-09T13:54:51.739Z","state":"queued","mode":"standard","creationDate":"2025-04-09T13:54:51.740Z","modificationDate":"2025-04-09T13:54:51.740Z","shortid":"7aKl3hu","$entitySet":"profiles"},"doDiffs":false,"timestamp":1744206891740,"id":"sgbhql40lmgyoo2","previousOperationId":null,"operationId":"d5ton4751fue4lf"}
{"type":"log","level":"info","message":"Render request 49 queued for execution and waiting for available worker","previousOperationId":"d5ton4751fue4lf","timestamp":1744206891740,"id":"cfnugqu7u1bw0cl"}
{"type":"operationStart","subtype":"render","name":"myTemplate","previousOperationId":"d5ton4751fue4lf","timestamp":1744206891752,"id":"hje6pf7ru4j7zql","previousEventId":"sgbhql40lmgyoo2","operationId":"qibsr17gakj5ng4"}
{"type":"log","timestamp":1744206891752,"level":"info","message":"Starting rendering request 49","meta":{"rootId":"236b3ojhwcphivy","id":"236b3ojhwcphivy"},"id":"uus5wjh1pr5s9a3","previousOperationId":"qibsr17gakj5ng4"}
{"type":"log","timestamp":1744206891752,"level":"info","message":"Rendering template { name: myTemplate, recipe: chrome-pdf, engine: handlebars, preview: true }","meta":{"rootId":"236b3ojhwcphivy","id":"236b3ojhwcphivy"},"id":"r9pgs61i0umqmo0","previousOperationId":"qibsr17gakj5ng4"}
{"type":"log","timestamp":1744206891753,"level":"debug","message":"Adding sample data HUavgV0Kc","meta":{"rootId":"236b3ojhwcphivy","id":"236b3ojhwcphivy"},"id":"smmokqpdfvpl6ch","previousOperationId":"qibsr17gakj5ng4"}
{"type":"log","timestamp":1744206891754,"level":"debug","message":"Base url not specified, skipping its injection.","meta":{"rootId":"236b3ojhwcphivy","id":"236b3ojhwcphivy"},"id":"jpc0gkv30j7mt65","previousOperationId":"qibsr17gakj5ng4"}
{"type":"operationStart","subtype":"engine","name":"handlebars","timestamp":1744206891754,"id":"loivgnn84o1mfcu","previousEventId":"hje6pf7ru4j7zql","operationId":"u4a389x3xfj5g1l","previousOperationId":"qibsr17gakj5ng4"}
{"type":"log","timestamp":1744206891754,"level":"debug","message":"Rendering engine handlebars","meta":{"rootId":"236b3ojhwcphivy","id":"236b3ojhwcphivy"},"id":"wwyuir6fas78nxn","previousOperationId":"u4a389x3xfj5g1l"}
{"type":"operationEnd","operationId":"u4a389x3xfj5g1l","timestamp":1744206891776,"id":"ptp9b2x2o8hz650","previousEventId":"loivgnn84o1mfcu","previousOperationId":"u4a389x3xfj5g1l"}
{"type":"operationStart","subtype":"recipe","name":"chrome-pdf","timestamp":1744206891777,"id":"8nz7zr09d3zb9xj","previousEventId":"ptp9b2x2o8hz650","operationId":"72pcs6kj6g2sg9t","previousOperationId":"u4a389x3xfj5g1l"}
{"type":"log","timestamp":1744206891777,"level":"debug","message":"Executing recipe chrome-pdf","meta":{"rootId":"236b3ojhwcphivy","id":"236b3ojhwcphivy"},"id":"wt3dtczecf3zcm1","previousOperationId":"72pcs6kj6g2sg9t"}
{"type":"log","timestamp":1744206891780,"level":"debug","message":"Converting with chrome Chrome/133.0.6943.126 using chrome-pool strategy","meta":{"rootId":"236b3ojhwcphivy","id":"236b3ojhwcphivy"},"id":"37a0zmbw1ofx9va","previousOperationId":"72pcs6kj6g2sg9t"}
{"type":"log","timestamp":1744206891850,"level":"debug","message":"Page request: GET (document) file:///C:/Users/Patheo24/AppData/Local/Temp/jsreport/autocleanup/c1cc4d45-5999-4edb-99c1-9f97359c1021-chrome-pdf.html","meta":{"rootId":"236b3ojhwcphivy","id":"236b3ojhwcphivy"},"id":"nhod4dez7me6czz","previousOperationId":"72pcs6kj6g2sg9t"}
{"type":"log","timestamp":1744206891879,"level":"debug","message":"Page request finished: GET (document) 200 file:///C:/Users/Patheo24/AppData/Local/Temp/jsreport/autocleanup/c1cc4d45-5999-4edb-99c1-9f97359c1021-chrome-pdf.html","meta":{"rootId":"236b3ojhwcphivy","id":"236b3ojhwcphivy"},"id":"eboawpnhlojptev","previousOperationId":"72pcs6kj6g2sg9t"}
{"type":"log","timestamp":1744206891886,"level":"debug","message":"Page request: GET (font) http://localhost:5488/fonts/kalpurush.ttf","meta":{"rootId":"236b3ojhwcphivy","id":"236b3ojhwcphivy"},"id":"hwskwuqxoxi7qds","previousOperationId":"72pcs6kj6g2sg9t"}
{"type":"log","timestamp":1744206891888,"level":"debug","message":"Page request: GET (image) https://res.cloudinary.com/dpes1dyqb/image/upload/v1738768933/logo_myycxt.jpg","meta":{"rootId":"236b3ojhwcphivy","id":"236b3ojhwcphivy"},"id":"g6vpivnteee5hqg","previousOperationId":"72pcs6kj6g2sg9t"}
{"type":"log","timestamp":1744206891892,"level":"debug","message":"Page request: GET (font) http://localhost:5488/fonts/kalpurush.ttf","meta":{"rootId":"236b3ojhwcphivy","id":"236b3ojhwcphivy"},"id":"ltpfx8wmujhg0hu","previousOperationId":"72pcs6kj6g2sg9t"}
{"type":"log","timestamp":1744206891948,"level":"debug","message":"Page request finished: GET (image) 200 https://res.cloudinary.com/dpes1dyqb/image/upload/v1738768933/logo_myycxt.jpg","meta":{"rootId":"236b3ojhwcphivy","id":"236b3ojhwcphivy"},"id":"9clp03mi05caeeu","previousOperationId":"72pcs6kj6g2sg9t"}
{"type":"log","timestamp":1744206891948,"level":"debug","message":"(console:error) Failed to load resource: the server responded with a status of 404 (Not Found)","meta":{"userLevel":true,"rootId":"236b3ojhwcphivy","id":"236b3ojhwcphivy"},"id":"a3xqpju2rruf8zu","previousOperationId":"72pcs6kj6g2sg9t"}
{"type":"log","timestamp":1744206891952,"level":"warn","message":"Page request failed: GET (font) http://localhost:5488/fonts/kalpurush.ttf, failure: net::ERR_ABORTED","meta":{"rootId":"236b3ojhwcphivy","id":"236b3ojhwcphivy"},"id":"pw7gveyjvfw8abu","previousOperationId":"72pcs6kj6g2sg9t"}
{"type":"log","timestamp":1744206891960,"level":"debug","message":"Running chrome with params {\"printBackground\":true,\"format\":\"A5\",\"marginRight\":\"\",\"timeout\":59960,\"margin\":{\"right\":\"\"}}","meta":{"rootId":"236b3ojhwcphivy","id":"236b3ojhwcphivy"},"id":"6fm7opq6sjxz0ne","previousOperationId":"72pcs6kj6g2sg9t"}
{"type":"operationEnd","operationId":"72pcs6kj6g2sg9t","timestamp":1744206892329,"id":"tkmuvyw3a9v7avp","previousEventId":"8nz7zr09d3zb9xj","previousOperationId":"72pcs6kj6g2sg9t"}
{"type":"log","timestamp":1744206892329,"level":"debug","message":"Skipping storing report.","meta":{"rootId":"236b3ojhwcphivy","id":"236b3ojhwcphivy"},"id":"iv4ob8g4wrp4k3x","previousOperationId":"72pcs6kj6g2sg9t"}
{"type":"log","timestamp":1744206892329,"level":"info","message":"Rendering request 49 finished in 590 ms","meta":{"rootId":"236b3ojhwcphivy","id":"236b3ojhwcphivy"},"id":"1t04wx5xfje134w","previousOperationId":"72pcs6kj6g2sg9t"}
{"type":"operationEnd","subtype":"render","operationId":"qibsr17gakj5ng4","timestamp":1744206892329,"id":"53n34z7479879p6","previousEventId":"tkmuvyw3a9v7avp","previousOperationId":"72pcs6kj6g2sg9t"}
{"type":"operationEnd","doDiffs":false,"previousEventId":"sgbhql40lmgyoo2","previousOperationId":"d5ton4751fue4lf","operationId":"d5ton4751fue4lf","timestamp":1744206892342,"id":"43x0emcgnf0inzd"}
