{"type":"operationStart","subtype":"profile","data":{"_id":"RVgDDcNpj0hNMNK2","timestamp":"2025-04-09T10:13:09.505Z","state":"queued","mode":"standard","creationDate":"2025-04-09T10:13:09.506Z","modificationDate":"2025-04-09T10:13:09.506Z","shortid":"7lqYiF2","$entitySet":"profiles"},"doDiffs":false,"timestamp":1744193589506,"id":"5abaieef1kp54gk","previousOperationId":null,"operationId":"ad58x0dxfknnwzw"}
{"type":"log","level":"info","message":"Render request 9 queued for execution and waiting for available worker","previousOperationId":"ad58x0dxfknnwzw","timestamp":1744193589506,"id":"9wkbnoiv4yipv03"}
{"type":"operationStart","subtype":"render","name":"myTemplate","previousOperationId":"ad58x0dxfknnwzw","timestamp":1744193589518,"id":"sc6isco6sywe5v2","previousEventId":"5abaieef1kp54gk","operationId":"uodikr8cw9vj522"}
{"type":"log","timestamp":1744193589519,"level":"info","message":"Starting rendering request 9","meta":{"rootId":"24db4f0m6i26ovb","id":"24db4f0m6i26ovb"},"id":"9iwydvw8e9jffof","previousOperationId":"uodikr8cw9vj522"}
{"type":"log","timestamp":1744193589519,"level":"info","message":"Rendering template { name: myTemplate, recipe: chrome-pdf, engine: handlebars, preview: true }","meta":{"rootId":"24db4f0m6i26ovb","id":"24db4f0m6i26ovb"},"id":"h1rq3lt6nxunbs1","previousOperationId":"uodikr8cw9vj522"}
{"type":"log","timestamp":1744193589519,"level":"debug","message":"Inline data specified.","meta":{"rootId":"24db4f0m6i26ovb","id":"24db4f0m6i26ovb"},"id":"nqfzxvv9bdipt5z","previousOperationId":"uodikr8cw9vj522"}
{"type":"log","timestamp":1744193589520,"level":"debug","message":"Base url not specified, skipping its injection.","meta":{"rootId":"24db4f0m6i26ovb","id":"24db4f0m6i26ovb"},"id":"8ux5nfncq8l5jai","previousOperationId":"uodikr8cw9vj522"}
{"type":"operationStart","subtype":"engine","name":"handlebars","timestamp":1744193589520,"id":"f1eknx63dhn2ktv","previousEventId":"sc6isco6sywe5v2","operationId":"xh2hi56mt7006ym","previousOperationId":"uodikr8cw9vj522"}
{"type":"log","timestamp":1744193589520,"level":"debug","message":"Rendering engine handlebars","meta":{"rootId":"24db4f0m6i26ovb","id":"24db4f0m6i26ovb"},"id":"pl75oylbzsvrfiu","previousOperationId":"xh2hi56mt7006ym"}
{"type":"operationEnd","operationId":"xh2hi56mt7006ym","timestamp":1744193589536,"id":"04iwxfbtr9tf1fb","previousEventId":"f1eknx63dhn2ktv","previousOperationId":"xh2hi56mt7006ym"}
{"type":"operationStart","subtype":"recipe","name":"chrome-pdf","timestamp":1744193589536,"id":"9l26imjbn7j8q23","previousEventId":"04iwxfbtr9tf1fb","operationId":"te1j43uabv1992y","previousOperationId":"xh2hi56mt7006ym"}
{"type":"log","timestamp":1744193589536,"level":"debug","message":"Executing recipe chrome-pdf","meta":{"rootId":"24db4f0m6i26ovb","id":"24db4f0m6i26ovb"},"id":"1m6lyci9tj8kpxd","previousOperationId":"te1j43uabv1992y"}
{"type":"log","timestamp":1744193589539,"level":"debug","message":"Converting with chrome Chrome/133.0.6943.126 using chrome-pool strategy","meta":{"rootId":"24db4f0m6i26ovb","id":"24db4f0m6i26ovb"},"id":"euwzlmxhty6l7nc","previousOperationId":"te1j43uabv1992y"}
{"type":"log","timestamp":1744193589609,"level":"debug","message":"Page request: GET (document) file:///C:/Users/Patheo24/AppData/Local/Temp/jsreport/autocleanup/03ccea4c-35a2-4f39-bc23-dec383b481c2-chrome-pdf.html","meta":{"rootId":"24db4f0m6i26ovb","id":"24db4f0m6i26ovb"},"id":"ccktew43szm0j4n","previousOperationId":"te1j43uabv1992y"}
{"type":"log","timestamp":1744193589634,"level":"debug","message":"Page request finished: GET (document) 200 file:///C:/Users/Patheo24/AppData/Local/Temp/jsreport/autocleanup/03ccea4c-35a2-4f39-bc23-dec383b481c2-chrome-pdf.html","meta":{"rootId":"24db4f0m6i26ovb","id":"24db4f0m6i26ovb"},"id":"bapmt2ol6y3oglq","previousOperationId":"te1j43uabv1992y"}
{"type":"log","timestamp":1744193589641,"level":"debug","message":"(console:info) Slow network is detected. See https://www.chromestatus.com/feature/5636954674692096 for more details. Fallback font will be used while loading: http://localhost:5488/fonts/kalpurush.ttf","meta":{"userLevel":true,"rootId":"24db4f0m6i26ovb","id":"24db4f0m6i26ovb"},"id":"46i8syijmo3gqwj","previousOperationId":"te1j43uabv1992y"}
{"type":"log","timestamp":1744193589641,"level":"debug","message":"Page request: GET (font) http://localhost:5488/fonts/kalpurush.ttf","meta":{"rootId":"24db4f0m6i26ovb","id":"24db4f0m6i26ovb"},"id":"vhs7hzgjjeuye50","previousOperationId":"te1j43uabv1992y"}
{"type":"log","timestamp":1744193589642,"level":"debug","message":"Page request: GET (image) https://res.cloudinary.com/dpes1dyqb/image/upload/v1738768933/logo_myycxt.jpg","meta":{"rootId":"24db4f0m6i26ovb","id":"24db4f0m6i26ovb"},"id":"0py90p2ywhkrhh5","previousOperationId":"te1j43uabv1992y"}
{"type":"log","timestamp":1744193589648,"level":"debug","message":"Page request: GET (font) http://localhost:5488/fonts/kalpurush.ttf","meta":{"rootId":"24db4f0m6i26ovb","id":"24db4f0m6i26ovb"},"id":"mo2o7nfwaw5lc1f","previousOperationId":"te1j43uabv1992y"}
{"type":"log","timestamp":1744193589690,"level":"debug","message":"Page request finished: GET (image) 200 https://res.cloudinary.com/dpes1dyqb/image/upload/v1738768933/logo_myycxt.jpg","meta":{"rootId":"24db4f0m6i26ovb","id":"24db4f0m6i26ovb"},"id":"08sbzozmu593605","previousOperationId":"te1j43uabv1992y"}
{"type":"log","timestamp":1744193589690,"level":"debug","message":"(console:error) Failed to load resource: the server responded with a status of 404 (Not Found)","meta":{"userLevel":true,"rootId":"24db4f0m6i26ovb","id":"24db4f0m6i26ovb"},"id":"jpww5dveuihrkse","previousOperationId":"te1j43uabv1992y"}
{"type":"log","timestamp":1744193589690,"level":"warn","message":"Page request failed: GET (font) http://localhost:5488/fonts/kalpurush.ttf, failure: net::ERR_ABORTED","meta":{"rootId":"24db4f0m6i26ovb","id":"24db4f0m6i26ovb"},"id":"cpbk3ufgacbixvl","previousOperationId":"te1j43uabv1992y"}
{"type":"log","timestamp":1744193589701,"level":"debug","message":"Running chrome with params {\"printBackground\":true,\"timeout\":59966,\"margin\":{}}","meta":{"rootId":"24db4f0m6i26ovb","id":"24db4f0m6i26ovb"},"id":"vegzlf5nli3zdy1","previousOperationId":"te1j43uabv1992y"}
{"type":"operationEnd","operationId":"te1j43uabv1992y","timestamp":1744193589984,"id":"xlk1x3m77fjztgl","previousEventId":"9l26imjbn7j8q23","previousOperationId":"te1j43uabv1992y"}
{"type":"log","timestamp":1744193589984,"level":"debug","message":"Skipping storing report.","meta":{"rootId":"24db4f0m6i26ovb","id":"24db4f0m6i26ovb"},"id":"6f6e99gvdwzfn5k","previousOperationId":"te1j43uabv1992y"}
{"type":"log","timestamp":1744193589984,"level":"info","message":"Rendering request 9 finished in 480 ms","meta":{"rootId":"24db4f0m6i26ovb","id":"24db4f0m6i26ovb"},"id":"ig5bp71ujhjsscu","previousOperationId":"te1j43uabv1992y"}
{"type":"operationEnd","subtype":"render","operationId":"uodikr8cw9vj522","timestamp":1744193589984,"id":"w642lmwid67ym4e","previousEventId":"xlk1x3m77fjztgl","previousOperationId":"te1j43uabv1992y"}
{"type":"operationEnd","doDiffs":false,"previousEventId":"5abaieef1kp54gk","previousOperationId":"ad58x0dxfknnwzw","operationId":"ad58x0dxfknnwzw","timestamp":1744193589988,"id":"liexddvgyetty6m"}
