{"type":"operationStart","subtype":"profile","data":{"_id":"EuMxCbJd3ljzTC11","timestamp":"2025-04-09T09:34:59.400Z","state":"queued","mode":"standard","creationDate":"2025-04-09T09:34:59.402Z","modificationDate":"2025-04-09T09:34:59.402Z","shortid":"NPooi6M","$entitySet":"profiles"},"doDiffs":false,"timestamp":1744191299401,"id":"da9g9y50qlfxw8k","previousOperationId":null,"operationId":"59zcq24idrx2yxh"}
{"type":"log","level":"info","message":"Render request 56 queued for execution and waiting for available worker","previousOperationId":"59zcq24idrx2yxh","timestamp":1744191299401,"id":"t86mc1vtdpzthe2"}
{"type":"operationStart","subtype":"render","name":"myTemplate","previousOperationId":"59zcq24idrx2yxh","timestamp":1744191299413,"id":"bowkasm1ldx26cu","previousEventId":"da9g9y50qlfxw8k","operationId":"893lz3agz37ladw"}
{"type":"log","timestamp":1744191299413,"level":"info","message":"Starting rendering request 56","meta":{"rootId":"24pfg4gk5ii6bbm","id":"24pfg4gk5ii6bbm"},"id":"ws10kv35cgqdfj6","previousOperationId":"893lz3agz37ladw"}
{"type":"log","timestamp":1744191299414,"level":"info","message":"Rendering template { name: myTemplate, recipe: chrome-pdf, engine: handlebars, preview: true }","meta":{"rootId":"24pfg4gk5ii6bbm","id":"24pfg4gk5ii6bbm"},"id":"f4ktdxxrwaulgjv","previousOperationId":"893lz3agz37ladw"}
{"type":"log","timestamp":1744191299414,"level":"debug","message":"Inline data specified.","meta":{"rootId":"24pfg4gk5ii6bbm","id":"24pfg4gk5ii6bbm"},"id":"r6c151adhibfbo9","previousOperationId":"893lz3agz37ladw"}
{"type":"log","timestamp":1744191299415,"level":"debug","message":"Base url not specified, skipping its injection.","meta":{"rootId":"24pfg4gk5ii6bbm","id":"24pfg4gk5ii6bbm"},"id":"ut696aog1hvqt3s","previousOperationId":"893lz3agz37ladw"}
{"type":"operationStart","subtype":"engine","name":"handlebars","timestamp":1744191299415,"id":"iawe6462q0khpni","previousEventId":"bowkasm1ldx26cu","operationId":"0tlwv8q5pq3iw9o","previousOperationId":"893lz3agz37ladw"}
{"type":"log","timestamp":1744191299415,"level":"debug","message":"Rendering engine handlebars","meta":{"rootId":"24pfg4gk5ii6bbm","id":"24pfg4gk5ii6bbm"},"id":"kfhtyhltxx5zhfm","previousOperationId":"0tlwv8q5pq3iw9o"}
{"type":"operationEnd","operationId":"0tlwv8q5pq3iw9o","timestamp":1744191299428,"id":"88g7kju12bedx84","previousEventId":"iawe6462q0khpni","previousOperationId":"0tlwv8q5pq3iw9o"}
{"type":"operationStart","subtype":"recipe","name":"chrome-pdf","timestamp":1744191299428,"id":"mnptb9hoxoy86jg","previousEventId":"88g7kju12bedx84","operationId":"peucmy584wkixs8","previousOperationId":"0tlwv8q5pq3iw9o"}
{"type":"log","timestamp":1744191299428,"level":"debug","message":"Executing recipe chrome-pdf","meta":{"rootId":"24pfg4gk5ii6bbm","id":"24pfg4gk5ii6bbm"},"id":"fut0hdr5w5ccr86","previousOperationId":"peucmy584wkixs8"}
{"type":"log","timestamp":1744191299430,"level":"debug","message":"Converting with chrome Chrome/133.0.6943.126 using chrome-pool strategy","meta":{"rootId":"24pfg4gk5ii6bbm","id":"24pfg4gk5ii6bbm"},"id":"03jqo2wufx21wgv","previousOperationId":"peucmy584wkixs8"}
{"type":"log","timestamp":1744191299487,"level":"debug","message":"Page request: GET (document) file:///C:/Users/Patheo24/AppData/Local/Temp/jsreport/autocleanup/f53e8ed7-bdfb-461d-af02-fe7dfd6dcee8-chrome-pdf.html","meta":{"rootId":"24pfg4gk5ii6bbm","id":"24pfg4gk5ii6bbm"},"id":"1jbqav60f6brdyq","previousOperationId":"peucmy584wkixs8"}
{"type":"log","timestamp":1744191299512,"level":"debug","message":"Page request finished: GET (document) 200 file:///C:/Users/Patheo24/AppData/Local/Temp/jsreport/autocleanup/f53e8ed7-bdfb-461d-af02-fe7dfd6dcee8-chrome-pdf.html","meta":{"rootId":"24pfg4gk5ii6bbm","id":"24pfg4gk5ii6bbm"},"id":"9i1s7etl4dk33ec","previousOperationId":"peucmy584wkixs8"}
{"type":"log","timestamp":1744191299517,"level":"debug","message":"Page request: GET (image) https://res.cloudinary.com/dpes1dyqb/image/upload/v1738768933/logo_myycxt.jpg","meta":{"rootId":"24pfg4gk5ii6bbm","id":"24pfg4gk5ii6bbm"},"id":"lvqdictjnpmz60w","previousOperationId":"peucmy584wkixs8"}
{"type":"log","timestamp":1744191299519,"level":"debug","message":"(console:info) Slow network is detected. See https://www.chromestatus.com/feature/5636954674692096 for more details. Fallback font will be used while loading: http://localhost:5488/fonts/kalpurush.ttf","meta":{"userLevel":true,"rootId":"24pfg4gk5ii6bbm","id":"24pfg4gk5ii6bbm"},"id":"hi1y3zk8dw1z4w1","previousOperationId":"peucmy584wkixs8"}
{"type":"log","timestamp":1744191299520,"level":"debug","message":"Page request: GET (font) http://localhost:5488/fonts/kalpurush.ttf","meta":{"rootId":"24pfg4gk5ii6bbm","id":"24pfg4gk5ii6bbm"},"id":"bobo1szl44rfrmw","previousOperationId":"peucmy584wkixs8"}
{"type":"log","timestamp":1744191299557,"level":"debug","message":"Page request: GET (font) http://localhost:5488/fonts/kalpurush.ttf","meta":{"rootId":"24pfg4gk5ii6bbm","id":"24pfg4gk5ii6bbm"},"id":"zdj04wtqhbvrnfk","previousOperationId":"peucmy584wkixs8"}
{"type":"log","timestamp":1744191299557,"level":"debug","message":"Page request finished: GET (image) 200 https://res.cloudinary.com/dpes1dyqb/image/upload/v1738768933/logo_myycxt.jpg","meta":{"rootId":"24pfg4gk5ii6bbm","id":"24pfg4gk5ii6bbm"},"id":"syfm17k9g7y9bh6","previousOperationId":"peucmy584wkixs8"}
{"type":"log","timestamp":1744191299563,"level":"debug","message":"(console:error) Failed to load resource: the server responded with a status of 404 (Not Found)","meta":{"userLevel":true,"rootId":"24pfg4gk5ii6bbm","id":"24pfg4gk5ii6bbm"},"id":"tuh05im1986k3wb","previousOperationId":"peucmy584wkixs8"}
{"type":"log","timestamp":1744191299563,"level":"warn","message":"Page request failed: GET (font) http://localhost:5488/fonts/kalpurush.ttf, failure: net::ERR_ABORTED","meta":{"rootId":"24pfg4gk5ii6bbm","id":"24pfg4gk5ii6bbm"},"id":"yeysl3khc6t00t1","previousOperationId":"peucmy584wkixs8"}
{"type":"log","timestamp":1744191299571,"level":"debug","message":"Running chrome with params {\"printBackground\":true,\"timeout\":59970,\"margin\":{}}","meta":{"rootId":"24pfg4gk5ii6bbm","id":"24pfg4gk5ii6bbm"},"id":"shn2i1aigt1j9mi","previousOperationId":"peucmy584wkixs8"}
{"type":"operationEnd","operationId":"peucmy584wkixs8","timestamp":1744191300120,"id":"kagxg4rd7euowu1","previousEventId":"mnptb9hoxoy86jg","previousOperationId":"peucmy584wkixs8"}
{"type":"log","timestamp":1744191300120,"level":"debug","message":"Skipping storing report.","meta":{"rootId":"24pfg4gk5ii6bbm","id":"24pfg4gk5ii6bbm"},"id":"qzfmcolmsjzetm3","previousOperationId":"peucmy584wkixs8"}
{"type":"log","timestamp":1744191300120,"level":"info","message":"Rendering request 56 finished in 720 ms","meta":{"rootId":"24pfg4gk5ii6bbm","id":"24pfg4gk5ii6bbm"},"id":"ie1hzdjn22we29g","previousOperationId":"peucmy584wkixs8"}
{"type":"operationEnd","subtype":"render","operationId":"893lz3agz37ladw","timestamp":1744191300120,"id":"rtmpkyj6rrue3b8","previousEventId":"kagxg4rd7euowu1","previousOperationId":"peucmy584wkixs8"}
{"type":"operationEnd","doDiffs":false,"previousEventId":"da9g9y50qlfxw8k","previousOperationId":"59zcq24idrx2yxh","operationId":"59zcq24idrx2yxh","timestamp":1744191300124,"id":"h5pr3k1njovgecw"}
