{"type":"operationStart","subtype":"profile","data":{"_id":"O8qOBS3ei434lSsg","timestamp":"2025-04-09T13:46:47.749Z","state":"queued","mode":"standard","creationDate":"2025-04-09T13:46:47.751Z","modificationDate":"2025-04-09T13:46:47.751Z","shortid":"OcTWDqP","$entitySet":"profiles"},"doDiffs":false,"timestamp":1744206407750,"id":"9kqaji7ulr3fy5x","previousOperationId":null,"operationId":"qwvm5ko7fijq2qm"}
{"type":"log","level":"info","message":"Render request 27 queued for execution and waiting for available worker","previousOperationId":"qwvm5ko7fijq2qm","timestamp":1744206407750,"id":"nf1o9jrbm9xcryk"}
{"type":"operationStart","subtype":"render","name":"myTemplate","previousOperationId":"qwvm5ko7fijq2qm","timestamp":1744206407763,"id":"dm7jp441kcnq368","previousEventId":"9kqaji7ulr3fy5x","operationId":"ulu6ibvny4asol5"}
{"type":"log","timestamp":1744206407763,"level":"info","message":"Starting rendering request 27","meta":{"rootId":"2fh7e2ygurcurwd","id":"2fh7e2ygurcurwd"},"id":"g2uaitc7da94vdp","previousOperationId":"ulu6ibvny4asol5"}
{"type":"log","timestamp":1744206407763,"level":"info","message":"Rendering template { name: myTemplate, recipe: chrome-pdf, engine: handlebars, preview: true }","meta":{"rootId":"2fh7e2ygurcurwd","id":"2fh7e2ygurcurwd"},"id":"uzsbanefhyvitv9","previousOperationId":"ulu6ibvny4asol5"}
{"type":"log","timestamp":1744206407764,"level":"debug","message":"Adding sample data HUavgV0Kc","meta":{"rootId":"2fh7e2ygurcurwd","id":"2fh7e2ygurcurwd"},"id":"erx3jtz5pz7l0v9","previousOperationId":"ulu6ibvny4asol5"}
{"type":"log","timestamp":1744206407766,"level":"debug","message":"Base url not specified, skipping its injection.","meta":{"rootId":"2fh7e2ygurcurwd","id":"2fh7e2ygurcurwd"},"id":"gur5qyqcrbp1swy","previousOperationId":"ulu6ibvny4asol5"}
{"type":"operationStart","subtype":"engine","name":"handlebars","timestamp":1744206407766,"id":"rqralpuvkt9ge4c","previousEventId":"dm7jp441kcnq368","operationId":"ygxgkqmf9butyo1","previousOperationId":"ulu6ibvny4asol5"}
{"type":"log","timestamp":1744206407766,"level":"debug","message":"Rendering engine handlebars","meta":{"rootId":"2fh7e2ygurcurwd","id":"2fh7e2ygurcurwd"},"id":"4r9k6t239lnc5kt","previousOperationId":"ygxgkqmf9butyo1"}
{"type":"operationEnd","operationId":"ygxgkqmf9butyo1","timestamp":1744206407789,"id":"v3qvqdtabbjgh20","previousEventId":"rqralpuvkt9ge4c","previousOperationId":"ygxgkqmf9butyo1"}
{"type":"operationStart","subtype":"recipe","name":"chrome-pdf","timestamp":1744206407790,"id":"nqhx4vxv48ercuy","previousEventId":"v3qvqdtabbjgh20","operationId":"nlf4u9nujsz67j2","previousOperationId":"ygxgkqmf9butyo1"}
{"type":"log","timestamp":1744206407790,"level":"debug","message":"Executing recipe chrome-pdf","meta":{"rootId":"2fh7e2ygurcurwd","id":"2fh7e2ygurcurwd"},"id":"zb3kr4ny4v2ky9p","previousOperationId":"nlf4u9nujsz67j2"}
{"type":"log","timestamp":1744206407795,"level":"debug","message":"Converting with chrome Chrome/133.0.6943.126 using chrome-pool strategy","meta":{"rootId":"2fh7e2ygurcurwd","id":"2fh7e2ygurcurwd"},"id":"v28s6y8a0yjttqf","previousOperationId":"nlf4u9nujsz67j2"}
{"type":"log","timestamp":1744206407866,"level":"debug","message":"Page request: GET (document) file:///C:/Users/Patheo24/AppData/Local/Temp/jsreport/autocleanup/f100628e-8781-4ecd-9495-ab61c9711105-chrome-pdf.html","meta":{"rootId":"2fh7e2ygurcurwd","id":"2fh7e2ygurcurwd"},"id":"461azpia7kpo499","previousOperationId":"nlf4u9nujsz67j2"}
{"type":"log","timestamp":1744206407891,"level":"debug","message":"Page request finished: GET (document) 200 file:///C:/Users/Patheo24/AppData/Local/Temp/jsreport/autocleanup/f100628e-8781-4ecd-9495-ab61c9711105-chrome-pdf.html","meta":{"rootId":"2fh7e2ygurcurwd","id":"2fh7e2ygurcurwd"},"id":"h1vd1i4t1n87xv8","previousOperationId":"nlf4u9nujsz67j2"}
{"type":"log","timestamp":1744206407893,"level":"debug","message":"Page request: GET (font) http://localhost:5488/fonts/kalpurush.ttf","meta":{"rootId":"2fh7e2ygurcurwd","id":"2fh7e2ygurcurwd"},"id":"1izfasawjh4arrb","previousOperationId":"nlf4u9nujsz67j2"}
{"type":"log","timestamp":1744206407893,"level":"debug","message":"Page request: GET (image) https://res.cloudinary.com/dpes1dyqb/image/upload/v1738768933/logo_myycxt.jpg","meta":{"rootId":"2fh7e2ygurcurwd","id":"2fh7e2ygurcurwd"},"id":"ln3g03aowyiwsn8","previousOperationId":"nlf4u9nujsz67j2"}
{"type":"log","timestamp":1744206407950,"level":"debug","message":"Page request: GET (font) http://localhost:5488/fonts/kalpurush.ttf","meta":{"rootId":"2fh7e2ygurcurwd","id":"2fh7e2ygurcurwd"},"id":"bwbklkgmkd14ekz","previousOperationId":"nlf4u9nujsz67j2"}
{"type":"log","timestamp":1744206407951,"level":"debug","message":"Page request finished: GET (image) 200 https://res.cloudinary.com/dpes1dyqb/image/upload/v1738768933/logo_myycxt.jpg","meta":{"rootId":"2fh7e2ygurcurwd","id":"2fh7e2ygurcurwd"},"id":"u86khbly29be0yf","previousOperationId":"nlf4u9nujsz67j2"}
{"type":"log","timestamp":1744206407980,"level":"debug","message":"(console:error) Failed to load resource: the server responded with a status of 404 (Not Found)","meta":{"userLevel":true,"rootId":"2fh7e2ygurcurwd","id":"2fh7e2ygurcurwd"},"id":"h3gky9t4h41637p","previousOperationId":"nlf4u9nujsz67j2"}
{"type":"log","timestamp":1744206407981,"level":"warn","message":"Page request failed: GET (font) http://localhost:5488/fonts/kalpurush.ttf, failure: net::ERR_ABORTED","meta":{"rootId":"2fh7e2ygurcurwd","id":"2fh7e2ygurcurwd"},"id":"l1sbulobrqncx43","previousOperationId":"nlf4u9nujsz67j2"}
{"type":"log","timestamp":1744206407990,"level":"debug","message":"Running chrome with params {\"printBackground\":true,\"timeout\":59955,\"margin\":{}}","meta":{"rootId":"2fh7e2ygurcurwd","id":"2fh7e2ygurcurwd"},"id":"sivyb8mv8f684hj","previousOperationId":"nlf4u9nujsz67j2"}
{"type":"operationEnd","operationId":"nlf4u9nujsz67j2","timestamp":1744206408312,"id":"s1r3msito2y10us","previousEventId":"nqhx4vxv48ercuy","previousOperationId":"nlf4u9nujsz67j2"}
{"type":"log","timestamp":1744206408312,"level":"debug","message":"Skipping storing report.","meta":{"rootId":"2fh7e2ygurcurwd","id":"2fh7e2ygurcurwd"},"id":"g6sq5s7p16lxv8q","previousOperationId":"nlf4u9nujsz67j2"}
{"type":"log","timestamp":1744206408312,"level":"info","message":"Rendering request 27 finished in 563 ms","meta":{"rootId":"2fh7e2ygurcurwd","id":"2fh7e2ygurcurwd"},"id":"rnjp18a2zy8wd29","previousOperationId":"nlf4u9nujsz67j2"}
{"type":"operationEnd","subtype":"render","operationId":"ulu6ibvny4asol5","timestamp":1744206408312,"id":"vok0of5rjmw2563","previousEventId":"s1r3msito2y10us","previousOperationId":"nlf4u9nujsz67j2"}
{"type":"operationEnd","doDiffs":false,"previousEventId":"9kqaji7ulr3fy5x","previousOperationId":"qwvm5ko7fijq2qm","operationId":"qwvm5ko7fijq2qm","timestamp":1744206408317,"id":"ne0sel771sqcwe7"}
