{"type":"operationStart","subtype":"profile","data":{"_id":"heVfBrk3tgJvoCZy","timestamp":"2025-04-11T14:20:05.805Z","state":"queued","mode":"standard","creationDate":"2025-04-11T14:20:05.808Z","modificationDate":"2025-04-11T14:20:05.808Z","shortid":"bazfghy","$entitySet":"profiles"},"doDiffs":false,"timestamp":1744381205807,"id":"pr8vg5if9nc9cd9","previousOperationId":null,"operationId":"lwuw4wbv7az8ioh"}
{"type":"log","level":"info","message":"Render request 53 queued for execution and waiting for available worker","previousOperationId":"lwuw4wbv7az8ioh","timestamp":1744381205807,"id":"vepq5mcv7v8xug2"}
{"type":"operationStart","subtype":"render","name":"myTemplate","previousOperationId":"lwuw4wbv7az8ioh","timestamp":1744381205821,"id":"94nx3xy46tr49yt","previousEventId":"pr8vg5if9nc9cd9","operationId":"03xl9qlbhcagdyj"}
{"type":"log","timestamp":1744381205821,"level":"info","message":"Starting rendering request 53","meta":{"rootId":"2iahng6cjp43q90","id":"2iahng6cjp43q90"},"id":"8emz6stjj1m6mg4","previousOperationId":"03xl9qlbhcagdyj"}
{"type":"log","timestamp":1744381205821,"level":"info","message":"Rendering template { name: myTemplate, recipe: chrome-pdf, engine: handlebars, preview: true }","meta":{"rootId":"2iahng6cjp43q90","id":"2iahng6cjp43q90"},"id":"dl6mmxc28lvvxcs","previousOperationId":"03xl9qlbhcagdyj"}
{"type":"log","timestamp":1744381205822,"level":"debug","message":"Adding sample data HUavgV0Kc","meta":{"rootId":"2iahng6cjp43q90","id":"2iahng6cjp43q90"},"id":"966cnybhsl2vx4c","previousOperationId":"03xl9qlbhcagdyj"}
{"type":"log","timestamp":1744381205825,"level":"debug","message":"Base url not specified, skipping its injection.","meta":{"rootId":"2iahng6cjp43q90","id":"2iahng6cjp43q90"},"id":"k0bxctihdeusz9v","previousOperationId":"03xl9qlbhcagdyj"}
{"type":"operationStart","subtype":"engine","name":"handlebars","timestamp":1744381205825,"id":"ovc78tjm29l6rcp","previousEventId":"94nx3xy46tr49yt","operationId":"327t1916wfz4mlz","previousOperationId":"03xl9qlbhcagdyj"}
{"type":"log","timestamp":1744381205825,"level":"debug","message":"Rendering engine handlebars","meta":{"rootId":"2iahng6cjp43q90","id":"2iahng6cjp43q90"},"id":"qaoq1czgak47eav","previousOperationId":"327t1916wfz4mlz"}
{"type":"operationEnd","operationId":"327t1916wfz4mlz","timestamp":1744381205837,"id":"p7xn47o670lg2rx","previousEventId":"ovc78tjm29l6rcp","previousOperationId":"327t1916wfz4mlz"}
{"type":"operationStart","subtype":"recipe","name":"chrome-pdf","timestamp":1744381205837,"id":"sppmyx84w3gmqn1","previousEventId":"p7xn47o670lg2rx","operationId":"n2yxqk8slytvapk","previousOperationId":"327t1916wfz4mlz"}
{"type":"log","timestamp":1744381205837,"level":"debug","message":"Executing recipe chrome-pdf","meta":{"rootId":"2iahng6cjp43q90","id":"2iahng6cjp43q90"},"id":"zevapal05ow50ba","previousOperationId":"n2yxqk8slytvapk"}
{"type":"log","timestamp":1744381205841,"level":"debug","message":"Converting with chrome Chrome/133.0.6943.126 using chrome-pool strategy","meta":{"rootId":"2iahng6cjp43q90","id":"2iahng6cjp43q90"},"id":"jb4vdjs45fso8h1","previousOperationId":"n2yxqk8slytvapk"}
{"type":"log","timestamp":1744381205913,"level":"debug","message":"Page request: GET (document) file:///C:/Users/Patheo24/AppData/Local/Temp/jsreport/autocleanup/e735eb70-b87f-43b4-9fed-ad044d116fbd-chrome-pdf.html","meta":{"rootId":"2iahng6cjp43q90","id":"2iahng6cjp43q90"},"id":"t51odjuzvhbpu4f","previousOperationId":"n2yxqk8slytvapk"}
{"type":"log","timestamp":1744381205935,"level":"debug","message":"Page request finished: GET (document) 200 file:///C:/Users/Patheo24/AppData/Local/Temp/jsreport/autocleanup/e735eb70-b87f-43b4-9fed-ad044d116fbd-chrome-pdf.html","meta":{"rootId":"2iahng6cjp43q90","id":"2iahng6cjp43q90"},"id":"f3p111x3k05sqje","previousOperationId":"n2yxqk8slytvapk"}
{"type":"log","timestamp":1744381205936,"level":"debug","message":"Page request: GET (image) https://res.cloudinary.com/dpes1dyqb/image/upload/v1738768933/logo_myycxt.jpg","meta":{"rootId":"2iahng6cjp43q90","id":"2iahng6cjp43q90"},"id":"5dpfyf3w3kmnq18","previousOperationId":"n2yxqk8slytvapk"}
{"type":"log","timestamp":1744381205938,"level":"debug","message":"Page request: GET (font) http://localhost:5488/fonts/kalpurush.ttf","meta":{"rootId":"2iahng6cjp43q90","id":"2iahng6cjp43q90"},"id":"ygc3bftgh6cwabj","previousOperationId":"n2yxqk8slytvapk"}
{"type":"log","timestamp":1744381205997,"level":"debug","message":"Page request: GET (font) http://localhost:5488/fonts/kalpurush.ttf","meta":{"rootId":"2iahng6cjp43q90","id":"2iahng6cjp43q90"},"id":"63dsv9fxkrsxoip","previousOperationId":"n2yxqk8slytvapk"}
{"type":"log","timestamp":1744381205998,"level":"debug","message":"Page request finished: GET (image) 200 https://res.cloudinary.com/dpes1dyqb/image/upload/v1738768933/logo_myycxt.jpg","meta":{"rootId":"2iahng6cjp43q90","id":"2iahng6cjp43q90"},"id":"43e0kdi272ki7ik","previousOperationId":"n2yxqk8slytvapk"}
{"type":"log","timestamp":1744381206007,"level":"debug","message":"(console:error) Failed to load resource: the server responded with a status of 404 (Not Found)","meta":{"userLevel":true,"rootId":"2iahng6cjp43q90","id":"2iahng6cjp43q90"},"id":"8p70okj76atwleq","previousOperationId":"n2yxqk8slytvapk"}
{"type":"log","timestamp":1744381206010,"level":"warn","message":"Page request failed: GET (font) http://localhost:5488/fonts/kalpurush.ttf, failure: net::ERR_ABORTED","meta":{"rootId":"2iahng6cjp43q90","id":"2iahng6cjp43q90"},"id":"ecj64kpc5e8mplk","previousOperationId":"n2yxqk8slytvapk"}
{"type":"log","timestamp":1744381206015,"level":"debug","message":"Running chrome with params {\"printBackground\":true,\"format\":\"A5\",\"marginRight\":\"\",\"height\":\"\",\"marginTop\":\"\",\"marginBottom\":\"\",\"marginLeft\":\"\",\"displayHeaderFooter\":true,\"width\":\"\",\"timeout\":59966,\"margin\":{\"top\":\"\",\"right\":\"\",\"bottom\":\"\",\"left\":\"\"}}","meta":{"rootId":"2iahng6cjp43q90","id":"2iahng6cjp43q90"},"id":"07top0zhbxdixv4","previousOperationId":"n2yxqk8slytvapk"}
{"type":"operationEnd","operationId":"n2yxqk8slytvapk","timestamp":1744381206360,"id":"1de5zgd64jlzksm","previousEventId":"sppmyx84w3gmqn1","previousOperationId":"n2yxqk8slytvapk"}
{"type":"log","timestamp":1744381206360,"level":"debug","message":"Skipping storing report.","meta":{"rootId":"2iahng6cjp43q90","id":"2iahng6cjp43q90"},"id":"7v5mkbikrvgwqeh","previousOperationId":"n2yxqk8slytvapk"}
{"type":"log","timestamp":1744381206360,"level":"info","message":"Rendering request 53 finished in 555 ms","meta":{"rootId":"2iahng6cjp43q90","id":"2iahng6cjp43q90"},"id":"3uvxngnt0wywbld","previousOperationId":"n2yxqk8slytvapk"}
{"type":"operationEnd","subtype":"render","operationId":"03xl9qlbhcagdyj","timestamp":1744381206360,"id":"w5dsusl7lpvbzkl","previousEventId":"1de5zgd64jlzksm","previousOperationId":"n2yxqk8slytvapk"}
{"type":"operationEnd","doDiffs":false,"previousEventId":"pr8vg5if9nc9cd9","previousOperationId":"lwuw4wbv7az8ioh","operationId":"lwuw4wbv7az8ioh","timestamp":1744381206364,"id":"2xqzx0cgjynxnsz"}
