{"type":"operationStart","subtype":"profile","data":{"_id":"Lg8Hyuzwq1S4aTMf","timestamp":"2025-04-09T13:48:33.911Z","state":"queued","mode":"standard","creationDate":"2025-04-09T13:48:33.912Z","modificationDate":"2025-04-09T13:48:33.912Z","shortid":"CDotWFL","$entitySet":"profiles"},"doDiffs":false,"timestamp":1744206513912,"id":"ywnswwuclsloz20","previousOperationId":null,"operationId":"x84c99yqkc2icgm"}
{"type":"log","level":"info","message":"Render request 30 queued for execution and waiting for available worker","previousOperationId":"x84c99yqkc2icgm","timestamp":1744206513912,"id":"45ot3wwaip70r7a"}
{"type":"operationStart","subtype":"render","name":"myTemplate","previousOperationId":"x84c99yqkc2icgm","timestamp":1744206513928,"id":"m7qyn55mmb8z4cg","previousEventId":"ywnswwuclsloz20","operationId":"0jkuejz39085ah4"}
{"type":"log","timestamp":1744206513928,"level":"info","message":"Starting rendering request 30","meta":{"rootId":"2krv8gog35v5l93","id":"2krv8gog35v5l93"},"id":"phus1qhog61qn8j","previousOperationId":"0jkuejz39085ah4"}
{"type":"log","timestamp":1744206513928,"level":"info","message":"Rendering template { name: myTemplate, recipe: chrome-pdf, engine: handlebars, preview: true }","meta":{"rootId":"2krv8gog35v5l93","id":"2krv8gog35v5l93"},"id":"pezlji4j65h5gno","previousOperationId":"0jkuejz39085ah4"}
{"type":"log","timestamp":1744206513931,"level":"debug","message":"Adding sample data HUavgV0Kc","meta":{"rootId":"2krv8gog35v5l93","id":"2krv8gog35v5l93"},"id":"dda39df5pro1mew","previousOperationId":"0jkuejz39085ah4"}
{"type":"log","timestamp":1744206513932,"level":"debug","message":"Base url not specified, skipping its injection.","meta":{"rootId":"2krv8gog35v5l93","id":"2krv8gog35v5l93"},"id":"h7s4oglt9cxmoz1","previousOperationId":"0jkuejz39085ah4"}
{"type":"operationStart","subtype":"engine","name":"handlebars","timestamp":1744206513933,"id":"82zw77zzod71h8t","previousEventId":"m7qyn55mmb8z4cg","operationId":"llb9t2mb5jtb1n5","previousOperationId":"0jkuejz39085ah4"}
{"type":"log","timestamp":1744206513933,"level":"debug","message":"Rendering engine handlebars","meta":{"rootId":"2krv8gog35v5l93","id":"2krv8gog35v5l93"},"id":"eglgwa9ka7zr68z","previousOperationId":"llb9t2mb5jtb1n5"}
{"type":"operationEnd","operationId":"llb9t2mb5jtb1n5","timestamp":1744206513958,"id":"7417n3xj5zn0g2m","previousEventId":"82zw77zzod71h8t","previousOperationId":"llb9t2mb5jtb1n5"}
{"type":"operationStart","subtype":"recipe","name":"chrome-pdf","timestamp":1744206513958,"id":"2lppt5gj4jc8nid","previousEventId":"7417n3xj5zn0g2m","operationId":"es1pwlqion7wf56","previousOperationId":"llb9t2mb5jtb1n5"}
{"type":"log","timestamp":1744206513958,"level":"debug","message":"Executing recipe chrome-pdf","meta":{"rootId":"2krv8gog35v5l93","id":"2krv8gog35v5l93"},"id":"ue24f7vpmb6o3lr","previousOperationId":"es1pwlqion7wf56"}
{"type":"log","timestamp":1744206514013,"level":"debug","message":"Converting with chrome Chrome/133.0.6943.126 using chrome-pool strategy","meta":{"rootId":"2krv8gog35v5l93","id":"2krv8gog35v5l93"},"id":"jcacqe55e13gzsr","previousOperationId":"es1pwlqion7wf56"}
{"type":"log","timestamp":1744206514095,"level":"debug","message":"Page request: GET (document) file:///C:/Users/Patheo24/AppData/Local/Temp/jsreport/autocleanup/4c0f6a3a-2f41-418f-993c-7eea988e252f-chrome-pdf.html","meta":{"rootId":"2krv8gog35v5l93","id":"2krv8gog35v5l93"},"id":"7mnuo2xk1pjpzx1","previousOperationId":"es1pwlqion7wf56"}
{"type":"log","timestamp":1744206514131,"level":"debug","message":"Page request finished: GET (document) 200 file:///C:/Users/Patheo24/AppData/Local/Temp/jsreport/autocleanup/4c0f6a3a-2f41-418f-993c-7eea988e252f-chrome-pdf.html","meta":{"rootId":"2krv8gog35v5l93","id":"2krv8gog35v5l93"},"id":"a267opsv4mprwsv","previousOperationId":"es1pwlqion7wf56"}
{"type":"log","timestamp":1744206514132,"level":"debug","message":"(console:info) Slow network is detected. See https://www.chromestatus.com/feature/5636954674692096 for more details. Fallback font will be used while loading: http://localhost:5488/fonts/kalpurush.ttf","meta":{"userLevel":true,"rootId":"2krv8gog35v5l93","id":"2krv8gog35v5l93"},"id":"aua7oqy9fsovqi1","previousOperationId":"es1pwlqion7wf56"}
{"type":"log","timestamp":1744206514132,"level":"debug","message":"Page request: GET (font) http://localhost:5488/fonts/kalpurush.ttf","meta":{"rootId":"2krv8gog35v5l93","id":"2krv8gog35v5l93"},"id":"ymlcb12lbkujo8s","previousOperationId":"es1pwlqion7wf56"}
{"type":"log","timestamp":1744206514132,"level":"debug","message":"Page request: GET (image) https://res.cloudinary.com/dpes1dyqb/image/upload/v1738768933/logo_myycxt.jpg","meta":{"rootId":"2krv8gog35v5l93","id":"2krv8gog35v5l93"},"id":"pr5kokw0wv5kv2v","previousOperationId":"es1pwlqion7wf56"}
{"type":"log","timestamp":1744206514189,"level":"debug","message":"Page request: GET (font) http://localhost:5488/fonts/kalpurush.ttf","meta":{"rootId":"2krv8gog35v5l93","id":"2krv8gog35v5l93"},"id":"fyys1k5aditrcji","previousOperationId":"es1pwlqion7wf56"}
{"type":"log","timestamp":1744206514190,"level":"debug","message":"Page request finished: GET (image) 200 https://res.cloudinary.com/dpes1dyqb/image/upload/v1738768933/logo_myycxt.jpg","meta":{"rootId":"2krv8gog35v5l93","id":"2krv8gog35v5l93"},"id":"ygkgviftu6twyf4","previousOperationId":"es1pwlqion7wf56"}
{"type":"log","timestamp":1744206514199,"level":"debug","message":"(console:error) Failed to load resource: the server responded with a status of 404 (Not Found)","meta":{"userLevel":true,"rootId":"2krv8gog35v5l93","id":"2krv8gog35v5l93"},"id":"98c576upedogod7","previousOperationId":"es1pwlqion7wf56"}
{"type":"log","timestamp":1744206514199,"level":"warn","message":"Page request failed: GET (font) http://localhost:5488/fonts/kalpurush.ttf, failure: net::ERR_ABORTED","meta":{"rootId":"2krv8gog35v5l93","id":"2krv8gog35v5l93"},"id":"7byy5644mt9gubw","previousOperationId":"es1pwlqion7wf56"}
{"type":"log","timestamp":1744206514209,"level":"debug","message":"Running chrome with params {\"printBackground\":true,\"format\":\"A5\",\"marginRight\":\"\",\"timeout\":59900,\"margin\":{\"right\":\"\"}}","meta":{"rootId":"2krv8gog35v5l93","id":"2krv8gog35v5l93"},"id":"vbnxmd84chq3nw8","previousOperationId":"es1pwlqion7wf56"}
{"type":"operationEnd","operationId":"es1pwlqion7wf56","timestamp":1744206514513,"id":"048dru2xdf02mfo","previousEventId":"2lppt5gj4jc8nid","previousOperationId":"es1pwlqion7wf56"}
{"type":"log","timestamp":1744206514513,"level":"debug","message":"Skipping storing report.","meta":{"rootId":"2krv8gog35v5l93","id":"2krv8gog35v5l93"},"id":"voksmhqqn5apc9h","previousOperationId":"es1pwlqion7wf56"}
{"type":"log","timestamp":1744206514513,"level":"info","message":"Rendering request 30 finished in 602 ms","meta":{"rootId":"2krv8gog35v5l93","id":"2krv8gog35v5l93"},"id":"2clpph4em5whulk","previousOperationId":"es1pwlqion7wf56"}
{"type":"operationEnd","subtype":"render","operationId":"0jkuejz39085ah4","timestamp":1744206514513,"id":"al5q26s8y97uhdl","previousEventId":"048dru2xdf02mfo","previousOperationId":"es1pwlqion7wf56"}
{"type":"operationEnd","doDiffs":false,"previousEventId":"ywnswwuclsloz20","previousOperationId":"x84c99yqkc2icgm","operationId":"x84c99yqkc2icgm","timestamp":1744206514517,"id":"pxgh9czu60lzpkp"}
