{"type":"operationStart","subtype":"profile","data":{"_id":"31M9REaUHWI4RsgP","timestamp":"2025-04-11T12:46:23.747Z","state":"queued","mode":"standard","creationDate":"2025-04-11T12:46:23.748Z","modificationDate":"2025-04-11T12:46:23.748Z","shortid":"qpVxFs3","$entitySet":"profiles"},"doDiffs":false,"timestamp":1744375583748,"id":"q39yt8v1li3ghb8","previousOperationId":null,"operationId":"cw43pv7n28i94jp"}
{"type":"log","level":"info","message":"Render request 25 queued for execution and waiting for available worker","previousOperationId":"cw43pv7n28i94jp","timestamp":1744375583748,"id":"ep87fzmc8spmd12"}
{"type":"operationStart","subtype":"render","name":"myTemplate","previousOperationId":"cw43pv7n28i94jp","timestamp":1744375583763,"id":"974t4wvwd0cuvnd","previousEventId":"q39yt8v1li3ghb8","operationId":"o04ph9d7vu24kh4"}
{"type":"log","timestamp":1744375583763,"level":"info","message":"Starting rendering request 25","meta":{"rootId":"2l3cbahnbu7xz6w","id":"2l3cbahnbu7xz6w"},"id":"xy7mqifujbhxsuc","previousOperationId":"o04ph9d7vu24kh4"}
{"type":"log","timestamp":1744375583763,"level":"info","message":"Rendering template { name: myTemplate, recipe: chrome-pdf, engine: handlebars, preview: true }","meta":{"rootId":"2l3cbahnbu7xz6w","id":"2l3cbahnbu7xz6w"},"id":"ogc9vclmbsc23sg","previousOperationId":"o04ph9d7vu24kh4"}
{"type":"log","timestamp":1744375583764,"level":"debug","message":"Inline data specified.","meta":{"rootId":"2l3cbahnbu7xz6w","id":"2l3cbahnbu7xz6w"},"id":"mz8z76j2ht54urf","previousOperationId":"o04ph9d7vu24kh4"}
{"type":"log","timestamp":1744375583764,"level":"debug","message":"Base url not specified, skipping its injection.","meta":{"rootId":"2l3cbahnbu7xz6w","id":"2l3cbahnbu7xz6w"},"id":"e40ru5y19y5wto3","previousOperationId":"o04ph9d7vu24kh4"}
{"type":"operationStart","subtype":"engine","name":"handlebars","timestamp":1744375583765,"id":"6wcpoucmesmbygd","previousEventId":"974t4wvwd0cuvnd","operationId":"jbnuxx1tv6ue9th","previousOperationId":"o04ph9d7vu24kh4"}
{"type":"log","timestamp":1744375583765,"level":"debug","message":"Rendering engine handlebars","meta":{"rootId":"2l3cbahnbu7xz6w","id":"2l3cbahnbu7xz6w"},"id":"rk6uuejl452v9st","previousOperationId":"jbnuxx1tv6ue9th"}
{"type":"operationEnd","operationId":"jbnuxx1tv6ue9th","timestamp":1744375583786,"id":"s78torczi7q97p9","previousEventId":"6wcpoucmesmbygd","previousOperationId":"jbnuxx1tv6ue9th"}
{"type":"operationStart","subtype":"recipe","name":"chrome-pdf","timestamp":1744375583786,"id":"jghgk38ci9e9ija","previousEventId":"s78torczi7q97p9","operationId":"aro12z8h9bfvdmg","previousOperationId":"jbnuxx1tv6ue9th"}
{"type":"log","timestamp":1744375583787,"level":"debug","message":"Executing recipe chrome-pdf","meta":{"rootId":"2l3cbahnbu7xz6w","id":"2l3cbahnbu7xz6w"},"id":"l7txneaafifg9uy","previousOperationId":"aro12z8h9bfvdmg"}
{"type":"log","timestamp":1744375583791,"level":"debug","message":"Converting with chrome Chrome/133.0.6943.126 using chrome-pool strategy","meta":{"rootId":"2l3cbahnbu7xz6w","id":"2l3cbahnbu7xz6w"},"id":"p7yh0nadtz3hr14","previousOperationId":"aro12z8h9bfvdmg"}
{"type":"log","timestamp":1744375583859,"level":"debug","message":"Page request: GET (document) file:///C:/Users/Patheo24/AppData/Local/Temp/jsreport/autocleanup/92cf4519-124d-4f2e-9ca5-45472f8ae497-chrome-pdf.html","meta":{"rootId":"2l3cbahnbu7xz6w","id":"2l3cbahnbu7xz6w"},"id":"qe70fi0p4t4ww0e","previousOperationId":"aro12z8h9bfvdmg"}
{"type":"log","timestamp":1744375583880,"level":"debug","message":"Page request finished: GET (document) 200 file:///C:/Users/Patheo24/AppData/Local/Temp/jsreport/autocleanup/92cf4519-124d-4f2e-9ca5-45472f8ae497-chrome-pdf.html","meta":{"rootId":"2l3cbahnbu7xz6w","id":"2l3cbahnbu7xz6w"},"id":"tall66irid8995g","previousOperationId":"aro12z8h9bfvdmg"}
{"type":"log","timestamp":1744375583880,"level":"debug","message":"Page request: GET (image) https://res.cloudinary.com/dpes1dyqb/image/upload/v1738768933/logo_myycxt.jpg","meta":{"rootId":"2l3cbahnbu7xz6w","id":"2l3cbahnbu7xz6w"},"id":"txlttc9z31xh0ft","previousOperationId":"aro12z8h9bfvdmg"}
{"type":"log","timestamp":1744375583884,"level":"debug","message":"Page request: GET (font) http://localhost:5488/fonts/kalpurush.ttf","meta":{"rootId":"2l3cbahnbu7xz6w","id":"2l3cbahnbu7xz6w"},"id":"5vf4sm9d8cd7r23","previousOperationId":"aro12z8h9bfvdmg"}
{"type":"log","timestamp":1744375583945,"level":"debug","message":"Page request finished: GET (image) 200 https://res.cloudinary.com/dpes1dyqb/image/upload/v1738768933/logo_myycxt.jpg","meta":{"rootId":"2l3cbahnbu7xz6w","id":"2l3cbahnbu7xz6w"},"id":"qnaqnkb64zglezw","previousOperationId":"aro12z8h9bfvdmg"}
{"type":"log","timestamp":1744375583948,"level":"debug","message":"Page request: GET (font) http://localhost:5488/fonts/kalpurush.ttf","meta":{"rootId":"2l3cbahnbu7xz6w","id":"2l3cbahnbu7xz6w"},"id":"4bnq197kfp997x1","previousOperationId":"aro12z8h9bfvdmg"}
{"type":"log","timestamp":1744375583956,"level":"debug","message":"(console:error) Failed to load resource: the server responded with a status of 404 (Not Found)","meta":{"userLevel":true,"rootId":"2l3cbahnbu7xz6w","id":"2l3cbahnbu7xz6w"},"id":"eeed0tpmm43kdgt","previousOperationId":"aro12z8h9bfvdmg"}
{"type":"log","timestamp":1744375583957,"level":"warn","message":"Page request failed: GET (font) http://localhost:5488/fonts/kalpurush.ttf, failure: net::ERR_ABORTED","meta":{"rootId":"2l3cbahnbu7xz6w","id":"2l3cbahnbu7xz6w"},"id":"4y4pbe6nr372lar","previousOperationId":"aro12z8h9bfvdmg"}
{"type":"log","timestamp":1744375583972,"level":"debug","message":"Running chrome with params {\"printBackground\":true,\"format\":\"A5\",\"marginRight\":\"\",\"height\":\"\",\"marginTop\":\"\",\"marginBottom\":\"\",\"marginLeft\":\"\",\"displayHeaderFooter\":true,\"width\":\"\",\"timeout\":59957,\"margin\":{\"top\":\"\",\"right\":\"\",\"bottom\":\"\",\"left\":\"\"}}","meta":{"rootId":"2l3cbahnbu7xz6w","id":"2l3cbahnbu7xz6w"},"id":"gprvdm1el4ucw74","previousOperationId":"aro12z8h9bfvdmg"}
{"type":"operationEnd","operationId":"aro12z8h9bfvdmg","timestamp":1744375584307,"id":"wjwpxmoarero3xd","previousEventId":"jghgk38ci9e9ija","previousOperationId":"aro12z8h9bfvdmg"}
{"type":"log","timestamp":1744375584308,"level":"debug","message":"Skipping storing report.","meta":{"rootId":"2l3cbahnbu7xz6w","id":"2l3cbahnbu7xz6w"},"id":"f1s8newrqxu66l6","previousOperationId":"aro12z8h9bfvdmg"}
{"type":"log","timestamp":1744375584308,"level":"info","message":"Rendering request 25 finished in 561 ms","meta":{"rootId":"2l3cbahnbu7xz6w","id":"2l3cbahnbu7xz6w"},"id":"eqaolycf1kdpj0l","previousOperationId":"aro12z8h9bfvdmg"}
{"type":"operationEnd","subtype":"render","operationId":"o04ph9d7vu24kh4","timestamp":1744375584308,"id":"y25ajcp1u88aq6m","previousEventId":"wjwpxmoarero3xd","previousOperationId":"aro12z8h9bfvdmg"}
{"type":"operationEnd","doDiffs":false,"previousEventId":"q39yt8v1li3ghb8","previousOperationId":"cw43pv7n28i94jp","operationId":"cw43pv7n28i94jp","timestamp":1744375584311,"id":"eber96zk684oko3"}
