{"type":"operationStart","subtype":"profile","data":{"_id":"fsSIzCh5cH3rtFK5","timestamp":"2025-04-09T14:12:09.423Z","state":"queued","mode":"standard","creationDate":"2025-04-09T14:12:09.424Z","modificationDate":"2025-04-09T14:12:09.424Z","shortid":"5j-zWqL","$entitySet":"profiles"},"doDiffs":false,"timestamp":1744207929423,"id":"byhykn5nj5948dt","previousOperationId":null,"operationId":"rzdtb9kw05ud1nq"}
{"type":"log","level":"info","message":"Render request 78 queued for execution and waiting for available worker","previousOperationId":"rzdtb9kw05ud1nq","timestamp":1744207929424,"id":"78tsayhra3i8iyy"}
{"type":"operationStart","subtype":"render","name":"myTemplate","previousOperationId":"rzdtb9kw05ud1nq","timestamp":1744207929459,"id":"1ysrz3kboa8n9c6","previousEventId":"byhykn5nj5948dt","operationId":"m4vv53a96aq5hhf"}
{"type":"log","timestamp":1744207929459,"level":"info","message":"Starting rendering request 78","meta":{"rootId":"2ojeh0zdwv7krjv","id":"2ojeh0zdwv7krjv"},"id":"0zy1jm1o5sdfp9b","previousOperationId":"m4vv53a96aq5hhf"}
{"type":"log","timestamp":1744207929459,"level":"info","message":"Rendering template { name: myTemplate, recipe: chrome-pdf, engine: handlebars, preview: true }","meta":{"rootId":"2ojeh0zdwv7krjv","id":"2ojeh0zdwv7krjv"},"id":"k2ojsccnl4tcoj8","previousOperationId":"m4vv53a96aq5hhf"}
{"type":"log","timestamp":1744207929461,"level":"debug","message":"Adding sample data HUavgV0Kc","meta":{"rootId":"2ojeh0zdwv7krjv","id":"2ojeh0zdwv7krjv"},"id":"vhru36qjiaepw2g","previousOperationId":"m4vv53a96aq5hhf"}
{"type":"log","timestamp":1744207929464,"level":"debug","message":"Base url not specified, skipping its injection.","meta":{"rootId":"2ojeh0zdwv7krjv","id":"2ojeh0zdwv7krjv"},"id":"czsif98mn3vz276","previousOperationId":"m4vv53a96aq5hhf"}
{"type":"operationStart","subtype":"engine","name":"handlebars","timestamp":1744207929464,"id":"ih0aanse9sdynze","previousEventId":"1ysrz3kboa8n9c6","operationId":"wuftism2w1bhsgc","previousOperationId":"m4vv53a96aq5hhf"}
{"type":"log","timestamp":1744207929464,"level":"debug","message":"Rendering engine handlebars","meta":{"rootId":"2ojeh0zdwv7krjv","id":"2ojeh0zdwv7krjv"},"id":"qf17v353ahry1s4","previousOperationId":"wuftism2w1bhsgc"}
{"type":"operationEnd","operationId":"wuftism2w1bhsgc","timestamp":1744207929476,"id":"kx1vic31b7js0kb","previousEventId":"ih0aanse9sdynze","previousOperationId":"wuftism2w1bhsgc"}
{"type":"operationStart","subtype":"recipe","name":"chrome-pdf","timestamp":1744207929476,"id":"duzk0f2srt3ol2h","previousEventId":"kx1vic31b7js0kb","operationId":"tji1wh31qpw6n44","previousOperationId":"wuftism2w1bhsgc"}
{"type":"log","timestamp":1744207929476,"level":"debug","message":"Executing recipe chrome-pdf","meta":{"rootId":"2ojeh0zdwv7krjv","id":"2ojeh0zdwv7krjv"},"id":"mrhnxs2klznerv6","previousOperationId":"tji1wh31qpw6n44"}
{"type":"log","timestamp":1744207929479,"level":"debug","message":"Converting with chrome Chrome/133.0.6943.126 using chrome-pool strategy","meta":{"rootId":"2ojeh0zdwv7krjv","id":"2ojeh0zdwv7krjv"},"id":"xdybb4c6oe15rt1","previousOperationId":"tji1wh31qpw6n44"}
{"type":"log","timestamp":1744207929557,"level":"debug","message":"Page request: GET (document) file:///C:/Users/Patheo24/AppData/Local/Temp/jsreport/autocleanup/56835b77-ffdf-4025-993d-37b8cd8e6354-chrome-pdf.html","meta":{"rootId":"2ojeh0zdwv7krjv","id":"2ojeh0zdwv7krjv"},"id":"6s5y4mcblb0537h","previousOperationId":"tji1wh31qpw6n44"}
{"type":"log","timestamp":1744207929579,"level":"debug","message":"Page request finished: GET (document) 200 file:///C:/Users/Patheo24/AppData/Local/Temp/jsreport/autocleanup/56835b77-ffdf-4025-993d-37b8cd8e6354-chrome-pdf.html","meta":{"rootId":"2ojeh0zdwv7krjv","id":"2ojeh0zdwv7krjv"},"id":"9vmnruuw9hfdqox","previousOperationId":"tji1wh31qpw6n44"}
{"type":"log","timestamp":1744207929579,"level":"debug","message":"(console:info) Slow network is detected. See https://www.chromestatus.com/feature/5636954674692096 for more details. Fallback font will be used while loading: http://localhost:5488/fonts/kalpurush.ttf","meta":{"userLevel":true,"rootId":"2ojeh0zdwv7krjv","id":"2ojeh0zdwv7krjv"},"id":"2mg7mkh6t2u2n9h","previousOperationId":"tji1wh31qpw6n44"}
{"type":"log","timestamp":1744207929583,"level":"debug","message":"Page request: GET (font) http://localhost:5488/fonts/kalpurush.ttf","meta":{"rootId":"2ojeh0zdwv7krjv","id":"2ojeh0zdwv7krjv"},"id":"jrk9qvzxrrpfzrg","previousOperationId":"tji1wh31qpw6n44"}
{"type":"log","timestamp":1744207929584,"level":"debug","message":"Page request: GET (image) https://res.cloudinary.com/dpes1dyqb/image/upload/v1738768933/logo_myycxt.jpg","meta":{"rootId":"2ojeh0zdwv7krjv","id":"2ojeh0zdwv7krjv"},"id":"wxie6ed7ysa6m64","previousOperationId":"tji1wh31qpw6n44"}
{"type":"log","timestamp":1744207929628,"level":"debug","message":"Page request: GET (font) http://localhost:5488/fonts/kalpurush.ttf","meta":{"rootId":"2ojeh0zdwv7krjv","id":"2ojeh0zdwv7krjv"},"id":"5m6xefow7z4efph","previousOperationId":"tji1wh31qpw6n44"}
{"type":"log","timestamp":1744207929629,"level":"debug","message":"Page request finished: GET (image) 200 https://res.cloudinary.com/dpes1dyqb/image/upload/v1738768933/logo_myycxt.jpg","meta":{"rootId":"2ojeh0zdwv7krjv","id":"2ojeh0zdwv7krjv"},"id":"i87ox1sc8en4jnd","previousOperationId":"tji1wh31qpw6n44"}
{"type":"log","timestamp":1744207929635,"level":"debug","message":"(console:error) Failed to load resource: the server responded with a status of 404 (Not Found)","meta":{"userLevel":true,"rootId":"2ojeh0zdwv7krjv","id":"2ojeh0zdwv7krjv"},"id":"nmck78yz8cdb9mo","previousOperationId":"tji1wh31qpw6n44"}
{"type":"log","timestamp":1744207929639,"level":"warn","message":"Page request failed: GET (font) http://localhost:5488/fonts/kalpurush.ttf, failure: net::ERR_ABORTED","meta":{"rootId":"2ojeh0zdwv7krjv","id":"2ojeh0zdwv7krjv"},"id":"ipvgoisvwc6aazy","previousOperationId":"tji1wh31qpw6n44"}
{"type":"log","timestamp":1744207929643,"level":"debug","message":"Running chrome with params {\"printBackground\":true,\"format\":\"A5\",\"marginRight\":\"\",\"height\":\"\",\"marginTop\":\"\",\"marginBottom\":\"\",\"marginLeft\":\"\",\"displayHeaderFooter\":true,\"width\":\"\",\"timeout\":59944,\"margin\":{\"top\":\"\",\"right\":\"\",\"bottom\":\"\",\"left\":\"\"}}","meta":{"rootId":"2ojeh0zdwv7krjv","id":"2ojeh0zdwv7krjv"},"id":"ugg8y5nqsf9lfwt","previousOperationId":"tji1wh31qpw6n44"}
{"type":"operationEnd","operationId":"tji1wh31qpw6n44","timestamp":1744207929969,"id":"7bwuqwglhiah999","previousEventId":"duzk0f2srt3ol2h","previousOperationId":"tji1wh31qpw6n44"}
{"type":"log","timestamp":1744207929969,"level":"debug","message":"Skipping storing report.","meta":{"rootId":"2ojeh0zdwv7krjv","id":"2ojeh0zdwv7krjv"},"id":"qh6k7yxi8zmsipq","previousOperationId":"tji1wh31qpw6n44"}
{"type":"log","timestamp":1744207929969,"level":"info","message":"Rendering request 78 finished in 547 ms","meta":{"rootId":"2ojeh0zdwv7krjv","id":"2ojeh0zdwv7krjv"},"id":"7wgxaeka4nax1hv","previousOperationId":"tji1wh31qpw6n44"}
{"type":"operationEnd","subtype":"render","operationId":"m4vv53a96aq5hhf","timestamp":1744207929970,"id":"ewqcwoo835bitut","previousEventId":"7bwuqwglhiah999","previousOperationId":"tji1wh31qpw6n44"}
{"type":"operationEnd","doDiffs":false,"previousEventId":"byhykn5nj5948dt","previousOperationId":"rzdtb9kw05ud1nq","operationId":"rzdtb9kw05ud1nq","timestamp":1744207929974,"id":"jn136hptfklwsqu"}
