{"type":"operationStart","subtype":"profile","data":{"_id":"qa7m3ty9iFUz9b3o","timestamp":"2025-04-09T13:35:16.012Z","state":"queued","mode":"standard","creationDate":"2025-04-09T13:35:16.015Z","modificationDate":"2025-04-09T13:35:16.015Z","shortid":"Jn2RrK0","$entitySet":"profiles"},"doDiffs":false,"timestamp":1744205716013,"id":"hyo96iks2pxc3o5","previousOperationId":null,"operationId":"v5ihutha6tgqlvi"}
{"type":"log","level":"info","message":"Render request 9 queued for execution and waiting for available worker","previousOperationId":"v5ihutha6tgqlvi","timestamp":1744205716014,"id":"os7wlsjfl26qj5w"}
{"type":"operationStart","subtype":"render","name":"myTemplate","previousOperationId":"v5ihutha6tgqlvi","timestamp":1744205716028,"id":"5bmwgnmwrbqz7im","previousEventId":"hyo96iks2pxc3o5","operationId":"3c84ms2stupy9mq"}
{"type":"log","timestamp":1744205716028,"level":"info","message":"Starting rendering request 9","meta":{"rootId":"2pwzitql9gj2psn","id":"2pwzitql9gj2psn"},"id":"5pj8qfm5m8xq88i","previousOperationId":"3c84ms2stupy9mq"}
{"type":"log","timestamp":1744205716028,"level":"info","message":"Rendering template { name: myTemplate, recipe: chrome-pdf, engine: handlebars, preview: true }","meta":{"rootId":"2pwzitql9gj2psn","id":"2pwzitql9gj2psn"},"id":"p38ocmo5d483h25","previousOperationId":"3c84ms2stupy9mq"}
{"type":"log","timestamp":1744205716029,"level":"debug","message":"Adding sample data HUavgV0Kc","meta":{"rootId":"2pwzitql9gj2psn","id":"2pwzitql9gj2psn"},"id":"m621v6dz1hn438r","previousOperationId":"3c84ms2stupy9mq"}
{"type":"log","timestamp":1744205716030,"level":"debug","message":"Base url not specified, skipping its injection.","meta":{"rootId":"2pwzitql9gj2psn","id":"2pwzitql9gj2psn"},"id":"l3qd9b4ir06d3dx","previousOperationId":"3c84ms2stupy9mq"}
{"type":"operationStart","subtype":"engine","name":"handlebars","timestamp":1744205716030,"id":"5rdqwg4i80vl19y","previousEventId":"5bmwgnmwrbqz7im","operationId":"y4zk4eotizqdlig","previousOperationId":"3c84ms2stupy9mq"}
{"type":"log","timestamp":1744205716030,"level":"debug","message":"Rendering engine handlebars","meta":{"rootId":"2pwzitql9gj2psn","id":"2pwzitql9gj2psn"},"id":"2vn1fn0rr4svjy2","previousOperationId":"y4zk4eotizqdlig"}
{"type":"operationEnd","operationId":"y4zk4eotizqdlig","timestamp":1744205716058,"id":"pm52gj2zecbzwk1","previousEventId":"5rdqwg4i80vl19y","previousOperationId":"y4zk4eotizqdlig"}
{"type":"operationStart","subtype":"recipe","name":"chrome-pdf","timestamp":1744205716058,"id":"bxjzwfwpkl907z1","previousEventId":"pm52gj2zecbzwk1","operationId":"2292wuq0p2pr5su","previousOperationId":"y4zk4eotizqdlig"}
{"type":"log","timestamp":1744205716058,"level":"debug","message":"Executing recipe chrome-pdf","meta":{"rootId":"2pwzitql9gj2psn","id":"2pwzitql9gj2psn"},"id":"clt8h5vjz24m89c","previousOperationId":"2292wuq0p2pr5su"}
{"type":"log","timestamp":1744205716061,"level":"debug","message":"Converting with chrome Chrome/133.0.6943.126 using chrome-pool strategy","meta":{"rootId":"2pwzitql9gj2psn","id":"2pwzitql9gj2psn"},"id":"6q5z21ql8o0nf6k","previousOperationId":"2292wuq0p2pr5su"}
{"type":"log","timestamp":1744205716121,"level":"debug","message":"Page request: GET (document) file:///C:/Users/Patheo24/AppData/Local/Temp/jsreport/autocleanup/83ec2065-b1e4-4816-9e93-b2a4b5bdfb1e-chrome-pdf.html","meta":{"rootId":"2pwzitql9gj2psn","id":"2pwzitql9gj2psn"},"id":"ew67k5rgadnd2ve","previousOperationId":"2292wuq0p2pr5su"}
{"type":"log","timestamp":1744205716143,"level":"debug","message":"Page request finished: GET (document) 200 file:///C:/Users/Patheo24/AppData/Local/Temp/jsreport/autocleanup/83ec2065-b1e4-4816-9e93-b2a4b5bdfb1e-chrome-pdf.html","meta":{"rootId":"2pwzitql9gj2psn","id":"2pwzitql9gj2psn"},"id":"u4kewg305552575","previousOperationId":"2292wuq0p2pr5su"}
{"type":"log","timestamp":1744205716147,"level":"debug","message":"Page request: GET (image) https://res.cloudinary.com/dpes1dyqb/image/upload/v1738768933/logo_myycxt.jpg","meta":{"rootId":"2pwzitql9gj2psn","id":"2pwzitql9gj2psn"},"id":"z2i3tuqtfmrj028","previousOperationId":"2292wuq0p2pr5su"}
{"type":"log","timestamp":1744205716148,"level":"debug","message":"Page request: GET (font) http://localhost:5488/fonts/kalpurush.ttf","meta":{"rootId":"2pwzitql9gj2psn","id":"2pwzitql9gj2psn"},"id":"yhn16pxm855ut1m","previousOperationId":"2292wuq0p2pr5su"}
{"type":"log","timestamp":1744205716184,"level":"debug","message":"Page request: GET (font) http://localhost:5488/fonts/kalpurush.ttf","meta":{"rootId":"2pwzitql9gj2psn","id":"2pwzitql9gj2psn"},"id":"mhgb8b30m5l0hu4","previousOperationId":"2292wuq0p2pr5su"}
{"type":"log","timestamp":1744205716185,"level":"debug","message":"Page request finished: GET (image) 200 https://res.cloudinary.com/dpes1dyqb/image/upload/v1738768933/logo_myycxt.jpg","meta":{"rootId":"2pwzitql9gj2psn","id":"2pwzitql9gj2psn"},"id":"aha9unqzszacjmj","previousOperationId":"2292wuq0p2pr5su"}
{"type":"log","timestamp":1744205716194,"level":"debug","message":"(console:error) Failed to load resource: the server responded with a status of 404 (Not Found)","meta":{"userLevel":true,"rootId":"2pwzitql9gj2psn","id":"2pwzitql9gj2psn"},"id":"ibcx0aj0hol2dko","previousOperationId":"2292wuq0p2pr5su"}
{"type":"log","timestamp":1744205716194,"level":"warn","message":"Page request failed: GET (font) http://localhost:5488/fonts/kalpurush.ttf, failure: net::ERR_ABORTED","meta":{"rootId":"2pwzitql9gj2psn","id":"2pwzitql9gj2psn"},"id":"2vrwafmz4g3w2fn","previousOperationId":"2292wuq0p2pr5su"}
{"type":"log","timestamp":1744205716200,"level":"debug","message":"Running chrome with params {\"printBackground\":true,\"timeout\":59952,\"margin\":{}}","meta":{"rootId":"2pwzitql9gj2psn","id":"2pwzitql9gj2psn"},"id":"6saqxuzitp5zcfu","previousOperationId":"2292wuq0p2pr5su"}
{"type":"operationEnd","operationId":"2292wuq0p2pr5su","timestamp":1744205716532,"id":"fqfk31qalm79ht9","previousEventId":"bxjzwfwpkl907z1","previousOperationId":"2292wuq0p2pr5su"}
{"type":"log","timestamp":1744205716532,"level":"debug","message":"Skipping storing report.","meta":{"rootId":"2pwzitql9gj2psn","id":"2pwzitql9gj2psn"},"id":"dl7va4a4a7eestd","previousOperationId":"2292wuq0p2pr5su"}
{"type":"log","timestamp":1744205716532,"level":"info","message":"Rendering request 9 finished in 520 ms","meta":{"rootId":"2pwzitql9gj2psn","id":"2pwzitql9gj2psn"},"id":"4ologrpub4lagnm","previousOperationId":"2292wuq0p2pr5su"}
{"type":"operationEnd","subtype":"render","operationId":"3c84ms2stupy9mq","timestamp":1744205716532,"id":"yaughpsjs2tcae2","previousEventId":"fqfk31qalm79ht9","previousOperationId":"2292wuq0p2pr5su"}
{"type":"operationEnd","doDiffs":false,"previousEventId":"hyo96iks2pxc3o5","previousOperationId":"v5ihutha6tgqlvi","operationId":"v5ihutha6tgqlvi","timestamp":1744205716536,"id":"yma6gcv076xzrpg"}
