{"type":"operationStart","subtype":"profile","data":{"_id":"Y4zaYhk7g7fP11Vm","timestamp":"2025-04-11T12:53:22.782Z","state":"queued","mode":"standard","creationDate":"2025-04-11T12:53:22.785Z","modificationDate":"2025-04-11T12:53:22.785Z","shortid":"A0p1XmP","$entitySet":"profiles"},"doDiffs":false,"timestamp":1744376002783,"id":"xwjvx7b679lbe5o","previousOperationId":null,"operationId":"8fkkmp59hhzd060"}
{"type":"log","level":"info","message":"Render request 27 queued for execution and waiting for available worker","previousOperationId":"8fkkmp59hhzd060","timestamp":1744376002784,"id":"87793tnvt67pxkq"}
{"type":"operationStart","subtype":"render","name":"myTemplate","previousOperationId":"8fkkmp59hhzd060","timestamp":1744376002803,"id":"w85ebptlwzm6bn7","previousEventId":"xwjvx7b679lbe5o","operationId":"0ezq5ps4j6zyviy"}
{"type":"log","timestamp":1744376002803,"level":"info","message":"Starting rendering request 27","meta":{"rootId":"2rngux9zl00juoy","id":"2rngux9zl00juoy"},"id":"g4wk82qu0lq6z83","previousOperationId":"0ezq5ps4j6zyviy"}
{"type":"log","timestamp":1744376002803,"level":"info","message":"Rendering template { name: myTemplate, recipe: chrome-pdf, engine: handlebars, preview: true }","meta":{"rootId":"2rngux9zl00juoy","id":"2rngux9zl00juoy"},"id":"ejlwbtfp2zg9p44","previousOperationId":"0ezq5ps4j6zyviy"}
{"type":"log","timestamp":1744376002803,"level":"debug","message":"Inline data specified.","meta":{"rootId":"2rngux9zl00juoy","id":"2rngux9zl00juoy"},"id":"3fu5fw1u3n0nr5q","previousOperationId":"0ezq5ps4j6zyviy"}
{"type":"log","timestamp":1744376002809,"level":"debug","message":"Base url not specified, skipping its injection.","meta":{"rootId":"2rngux9zl00juoy","id":"2rngux9zl00juoy"},"id":"5ryi4ppbfglc8oc","previousOperationId":"0ezq5ps4j6zyviy"}
{"type":"operationStart","subtype":"engine","name":"handlebars","timestamp":1744376002809,"id":"v00sly1pq3k9ipv","previousEventId":"w85ebptlwzm6bn7","operationId":"j7ww637d1aqerc7","previousOperationId":"0ezq5ps4j6zyviy"}
{"type":"log","timestamp":1744376002809,"level":"debug","message":"Rendering engine handlebars","meta":{"rootId":"2rngux9zl00juoy","id":"2rngux9zl00juoy"},"id":"uxz70ykj8197ab9","previousOperationId":"j7ww637d1aqerc7"}
{"type":"operationEnd","operationId":"j7ww637d1aqerc7","timestamp":1744376002847,"id":"umev5ffcc5tbles","previousEventId":"v00sly1pq3k9ipv","previousOperationId":"j7ww637d1aqerc7"}
{"type":"operationStart","subtype":"recipe","name":"chrome-pdf","timestamp":1744376002848,"id":"zgn07l7aykv4yft","previousEventId":"umev5ffcc5tbles","operationId":"cpvlsc5gayeq5kt","previousOperationId":"j7ww637d1aqerc7"}
{"type":"log","timestamp":1744376002848,"level":"debug","message":"Executing recipe chrome-pdf","meta":{"rootId":"2rngux9zl00juoy","id":"2rngux9zl00juoy"},"id":"4ka15spuz5ls3gu","previousOperationId":"cpvlsc5gayeq5kt"}
{"type":"log","timestamp":1744376002851,"level":"debug","message":"Converting with chrome Chrome/133.0.6943.126 using chrome-pool strategy","meta":{"rootId":"2rngux9zl00juoy","id":"2rngux9zl00juoy"},"id":"4spsk1p4fj7u4wq","previousOperationId":"cpvlsc5gayeq5kt"}
{"type":"log","timestamp":1744376002920,"level":"debug","message":"Page request: GET (document) file:///C:/Users/Patheo24/AppData/Local/Temp/jsreport/autocleanup/01f93fa4-1625-4512-9501-ab0f6dc6d071-chrome-pdf.html","meta":{"rootId":"2rngux9zl00juoy","id":"2rngux9zl00juoy"},"id":"ta9eod3evi5wc9u","previousOperationId":"cpvlsc5gayeq5kt"}
{"type":"log","timestamp":1744376002948,"level":"debug","message":"Page request finished: GET (document) 200 file:///C:/Users/Patheo24/AppData/Local/Temp/jsreport/autocleanup/01f93fa4-1625-4512-9501-ab0f6dc6d071-chrome-pdf.html","meta":{"rootId":"2rngux9zl00juoy","id":"2rngux9zl00juoy"},"id":"3qw97yeat9ha6i1","previousOperationId":"cpvlsc5gayeq5kt"}
{"type":"log","timestamp":1744376002951,"level":"debug","message":"Page request: GET (image) https://res.cloudinary.com/dpes1dyqb/image/upload/v1738768933/logo_myycxt.jpg","meta":{"rootId":"2rngux9zl00juoy","id":"2rngux9zl00juoy"},"id":"512s6jzclcaa22c","previousOperationId":"cpvlsc5gayeq5kt"}
{"type":"log","timestamp":1744376002952,"level":"debug","message":"Page request: GET (font) http://localhost:5488/fonts/kalpurush.ttf","meta":{"rootId":"2rngux9zl00juoy","id":"2rngux9zl00juoy"},"id":"mn85jyxlwcg9saj","previousOperationId":"cpvlsc5gayeq5kt"}
{"type":"log","timestamp":1744376002955,"level":"debug","message":"Page request: GET (font) http://localhost:5488/fonts/kalpurush.ttf","meta":{"rootId":"2rngux9zl00juoy","id":"2rngux9zl00juoy"},"id":"pt6vx9kvz9r2tv6","previousOperationId":"cpvlsc5gayeq5kt"}
{"type":"log","timestamp":1744376002956,"level":"debug","message":"Page request finished: GET (image) 200 https://res.cloudinary.com/dpes1dyqb/image/upload/v1738768933/logo_myycxt.jpg","meta":{"rootId":"2rngux9zl00juoy","id":"2rngux9zl00juoy"},"id":"699typa61ueevfm","previousOperationId":"cpvlsc5gayeq5kt"}
{"type":"log","timestamp":1744376003009,"level":"debug","message":"(console:error) Failed to load resource: the server responded with a status of 404 (Not Found)","meta":{"userLevel":true,"rootId":"2rngux9zl00juoy","id":"2rngux9zl00juoy"},"id":"spu7nb0sabqq6vs","previousOperationId":"cpvlsc5gayeq5kt"}
{"type":"log","timestamp":1744376003009,"level":"warn","message":"Page request failed: GET (font) http://localhost:5488/fonts/kalpurush.ttf, failure: net::ERR_ABORTED","meta":{"rootId":"2rngux9zl00juoy","id":"2rngux9zl00juoy"},"id":"ithl4faqvasi7zk","previousOperationId":"cpvlsc5gayeq5kt"}
{"type":"log","timestamp":1744376003024,"level":"debug","message":"Running chrome with params {\"printBackground\":true,\"format\":\"A5\",\"marginRight\":\"\",\"height\":\"\",\"marginTop\":\"\",\"marginBottom\":\"\",\"marginLeft\":\"\",\"displayHeaderFooter\":true,\"width\":\"\",\"timeout\":59932,\"margin\":{\"top\":\"\",\"right\":\"\",\"bottom\":\"\",\"left\":\"\"}}","meta":{"rootId":"2rngux9zl00juoy","id":"2rngux9zl00juoy"},"id":"6gnkcu148k5mxzo","previousOperationId":"cpvlsc5gayeq5kt"}
{"type":"operationEnd","operationId":"cpvlsc5gayeq5kt","timestamp":1744376003402,"id":"anca3io0o267i5v","previousEventId":"zgn07l7aykv4yft","previousOperationId":"cpvlsc5gayeq5kt"}
{"type":"log","timestamp":1744376003403,"level":"debug","message":"Skipping storing report.","meta":{"rootId":"2rngux9zl00juoy","id":"2rngux9zl00juoy"},"id":"tk3wyb8v3edayl5","previousOperationId":"cpvlsc5gayeq5kt"}
{"type":"log","timestamp":1744376003403,"level":"info","message":"Rendering request 27 finished in 621 ms","meta":{"rootId":"2rngux9zl00juoy","id":"2rngux9zl00juoy"},"id":"zrs7llb7k1ehcmy","previousOperationId":"cpvlsc5gayeq5kt"}
{"type":"operationEnd","subtype":"render","operationId":"0ezq5ps4j6zyviy","timestamp":1744376003403,"id":"labmutgaw01ffgd","previousEventId":"anca3io0o267i5v","previousOperationId":"cpvlsc5gayeq5kt"}
{"type":"operationEnd","doDiffs":false,"previousEventId":"xwjvx7b679lbe5o","previousOperationId":"8fkkmp59hhzd060","operationId":"8fkkmp59hhzd060","timestamp":1744376003407,"id":"w31n4783mi9xzfc"}
