{"type":"operationStart","subtype":"profile","data":{"_id":"yCnVFimViMWJStQw","timestamp":"2025-04-09T13:53:09.633Z","state":"queued","mode":"standard","creationDate":"2025-04-09T13:53:09.636Z","modificationDate":"2025-04-09T13:53:09.636Z","shortid":"00zkgr9","$entitySet":"profiles"},"doDiffs":false,"timestamp":1744206789635,"id":"lnk0df8fyalqcpl","previousOperationId":null,"operationId":"t9ghl4h2c5bzvra"}
{"type":"log","level":"info","message":"Render request 43 queued for execution and waiting for available worker","previousOperationId":"t9ghl4h2c5bzvra","timestamp":1744206789635,"id":"1ldlobccpb5sagp"}
{"type":"operationStart","subtype":"render","name":"myTemplate","previousOperationId":"t9ghl4h2c5bzvra","timestamp":1744206789651,"id":"q53pdn4c4craot9","previousEventId":"lnk0df8fyalqcpl","operationId":"cqi7erzc1j68nxa"}
{"type":"log","timestamp":1744206789651,"level":"info","message":"Starting rendering request 43","meta":{"rootId":"3eaf9vholmcxvor","id":"3eaf9vholmcxvor"},"id":"ywl35hzxvttm2hg","previousOperationId":"cqi7erzc1j68nxa"}
{"type":"log","timestamp":1744206789652,"level":"info","message":"Rendering template { name: myTemplate, recipe: chrome-pdf, engine: handlebars, preview: true }","meta":{"rootId":"3eaf9vholmcxvor","id":"3eaf9vholmcxvor"},"id":"2vnwp03bngp57qt","previousOperationId":"cqi7erzc1j68nxa"}
{"type":"log","timestamp":1744206789653,"level":"debug","message":"Adding sample data HUavgV0Kc","meta":{"rootId":"3eaf9vholmcxvor","id":"3eaf9vholmcxvor"},"id":"x1ofk2ge3r2ap7v","previousOperationId":"cqi7erzc1j68nxa"}
{"type":"log","timestamp":1744206789654,"level":"debug","message":"Base url not specified, skipping its injection.","meta":{"rootId":"3eaf9vholmcxvor","id":"3eaf9vholmcxvor"},"id":"4kefxvojyyn5o7k","previousOperationId":"cqi7erzc1j68nxa"}
{"type":"operationStart","subtype":"engine","name":"handlebars","timestamp":1744206789655,"id":"kjxwyuyrx16ucdb","previousEventId":"q53pdn4c4craot9","operationId":"6dne15vtssnpgbl","previousOperationId":"cqi7erzc1j68nxa"}
{"type":"log","timestamp":1744206789655,"level":"debug","message":"Rendering engine handlebars","meta":{"rootId":"3eaf9vholmcxvor","id":"3eaf9vholmcxvor"},"id":"anj1wap0ybjdh2x","previousOperationId":"6dne15vtssnpgbl"}
{"type":"operationEnd","operationId":"6dne15vtssnpgbl","timestamp":1744206789675,"id":"thq9k28alol308p","previousEventId":"kjxwyuyrx16ucdb","previousOperationId":"6dne15vtssnpgbl"}
{"type":"operationStart","subtype":"recipe","name":"chrome-pdf","timestamp":1744206789675,"id":"f3ab3co4ccf1e4s","previousEventId":"thq9k28alol308p","operationId":"hj5b8tzrt9lnqkc","previousOperationId":"6dne15vtssnpgbl"}
{"type":"log","timestamp":1744206789675,"level":"debug","message":"Executing recipe chrome-pdf","meta":{"rootId":"3eaf9vholmcxvor","id":"3eaf9vholmcxvor"},"id":"tlmfntjuams0dyf","previousOperationId":"hj5b8tzrt9lnqkc"}
{"type":"log","timestamp":1744206789702,"level":"debug","message":"Converting with chrome Chrome/133.0.6943.126 using chrome-pool strategy","meta":{"rootId":"3eaf9vholmcxvor","id":"3eaf9vholmcxvor"},"id":"a9eyj5ryxzmheeq","previousOperationId":"hj5b8tzrt9lnqkc"}
{"type":"log","timestamp":1744206789770,"level":"debug","message":"Page request: GET (document) file:///C:/Users/Patheo24/AppData/Local/Temp/jsreport/autocleanup/d31857d6-5a89-43ba-9695-4496e3fa9f46-chrome-pdf.html","meta":{"rootId":"3eaf9vholmcxvor","id":"3eaf9vholmcxvor"},"id":"gfvnxelsfvpi7qw","previousOperationId":"hj5b8tzrt9lnqkc"}
{"type":"log","timestamp":1744206789804,"level":"debug","message":"Page request finished: GET (document) 200 file:///C:/Users/Patheo24/AppData/Local/Temp/jsreport/autocleanup/d31857d6-5a89-43ba-9695-4496e3fa9f46-chrome-pdf.html","meta":{"rootId":"3eaf9vholmcxvor","id":"3eaf9vholmcxvor"},"id":"jeteks608h831ui","previousOperationId":"hj5b8tzrt9lnqkc"}
{"type":"log","timestamp":1744206789810,"level":"debug","message":"Page request: GET (font) http://localhost:5488/fonts/kalpurush.ttf","meta":{"rootId":"3eaf9vholmcxvor","id":"3eaf9vholmcxvor"},"id":"5wqr3c2zx0o64m1","previousOperationId":"hj5b8tzrt9lnqkc"}
{"type":"log","timestamp":1744206789810,"level":"debug","message":"Page request: GET (image) https://res.cloudinary.com/dpes1dyqb/image/upload/v1738768933/logo_myycxt.jpg","meta":{"rootId":"3eaf9vholmcxvor","id":"3eaf9vholmcxvor"},"id":"tftu5n14r1x28xm","previousOperationId":"hj5b8tzrt9lnqkc"}
{"type":"log","timestamp":1744206789859,"level":"debug","message":"Page request: GET (font) http://localhost:5488/fonts/kalpurush.ttf","meta":{"rootId":"3eaf9vholmcxvor","id":"3eaf9vholmcxvor"},"id":"54w4bor3pz89rhc","previousOperationId":"hj5b8tzrt9lnqkc"}
{"type":"log","timestamp":1744206789860,"level":"debug","message":"Page request finished: GET (image) 200 https://res.cloudinary.com/dpes1dyqb/image/upload/v1738768933/logo_myycxt.jpg","meta":{"rootId":"3eaf9vholmcxvor","id":"3eaf9vholmcxvor"},"id":"erooxwectya4efm","previousOperationId":"hj5b8tzrt9lnqkc"}
{"type":"log","timestamp":1744206789870,"level":"debug","message":"(console:error) Failed to load resource: the server responded with a status of 404 (Not Found)","meta":{"userLevel":true,"rootId":"3eaf9vholmcxvor","id":"3eaf9vholmcxvor"},"id":"l7hbhdyybpxuhty","previousOperationId":"hj5b8tzrt9lnqkc"}
{"type":"log","timestamp":1744206789870,"level":"warn","message":"Page request failed: GET (font) http://localhost:5488/fonts/kalpurush.ttf, failure: net::ERR_ABORTED","meta":{"rootId":"3eaf9vholmcxvor","id":"3eaf9vholmcxvor"},"id":"543m7a9kzxdbrpw","previousOperationId":"hj5b8tzrt9lnqkc"}
{"type":"log","timestamp":1744206789879,"level":"debug","message":"Running chrome with params {\"printBackground\":true,\"format\":\"A5\",\"marginRight\":\"\",\"timeout\":59932,\"margin\":{\"right\":\"\"}}","meta":{"rootId":"3eaf9vholmcxvor","id":"3eaf9vholmcxvor"},"id":"zc636w0xnnvila0","previousOperationId":"hj5b8tzrt9lnqkc"}
{"type":"operationEnd","operationId":"hj5b8tzrt9lnqkc","timestamp":1744206790159,"id":"9nypfpvw3g1kmyo","previousEventId":"f3ab3co4ccf1e4s","previousOperationId":"hj5b8tzrt9lnqkc"}
{"type":"log","timestamp":1744206790159,"level":"debug","message":"Skipping storing report.","meta":{"rootId":"3eaf9vholmcxvor","id":"3eaf9vholmcxvor"},"id":"n65jh7ak2e3rwu2","previousOperationId":"hj5b8tzrt9lnqkc"}
{"type":"log","timestamp":1744206790159,"level":"info","message":"Rendering request 43 finished in 526 ms","meta":{"rootId":"3eaf9vholmcxvor","id":"3eaf9vholmcxvor"},"id":"vyg1thaairqa891","previousOperationId":"hj5b8tzrt9lnqkc"}
{"type":"operationEnd","subtype":"render","operationId":"cqi7erzc1j68nxa","timestamp":1744206790159,"id":"r732cbt70wz1q82","previousEventId":"9nypfpvw3g1kmyo","previousOperationId":"hj5b8tzrt9lnqkc"}
{"type":"operationEnd","doDiffs":false,"previousEventId":"lnk0df8fyalqcpl","previousOperationId":"t9ghl4h2c5bzvra","operationId":"t9ghl4h2c5bzvra","timestamp":1744206790163,"id":"g0cbskaydd6bd6d"}
