{"type":"operationStart","subtype":"profile","data":{"_id":"fOeBNjH3JDyhWxc3","timestamp":"2025-04-09T13:34:18.421Z","state":"queued","mode":"standard","creationDate":"2025-04-09T13:34:18.423Z","modificationDate":"2025-04-09T13:34:18.423Z","shortid":"RA49uhh","$entitySet":"profiles"},"doDiffs":false,"timestamp":1744205658422,"id":"50mr4rgvklj2343","previousOperationId":null,"operationId":"ejbxzas0j8mcknb"}
{"type":"log","level":"info","message":"Render request 8 queued for execution and waiting for available worker","previousOperationId":"ejbxzas0j8mcknb","timestamp":1744205658422,"id":"6mh5f6r91wndpj7"}
{"type":"operationStart","subtype":"render","name":"myTemplate","previousOperationId":"ejbxzas0j8mcknb","timestamp":1744205658438,"id":"yrxrkgfe5qo4qbv","previousEventId":"50mr4rgvklj2343","operationId":"mramzfvebh9aak2"}
{"type":"log","timestamp":1744205658438,"level":"info","message":"Starting rendering request 8","meta":{"rootId":"3jwoeti8bxolhqs","id":"3jwoeti8bxolhqs"},"id":"58aar84u2p637qz","previousOperationId":"mramzfvebh9aak2"}
{"type":"log","timestamp":1744205658438,"level":"info","message":"Rendering template { name: myTemplate, recipe: chrome-pdf, engine: handlebars, preview: true }","meta":{"rootId":"3jwoeti8bxolhqs","id":"3jwoeti8bxolhqs"},"id":"83enoovun07clu3","previousOperationId":"mramzfvebh9aak2"}
{"type":"log","timestamp":1744205658440,"level":"debug","message":"Adding sample data HUavgV0Kc","meta":{"rootId":"3jwoeti8bxolhqs","id":"3jwoeti8bxolhqs"},"id":"mulma4lg14yka12","previousOperationId":"mramzfvebh9aak2"}
{"type":"log","timestamp":1744205658443,"level":"debug","message":"Base url not specified, skipping its injection.","meta":{"rootId":"3jwoeti8bxolhqs","id":"3jwoeti8bxolhqs"},"id":"owy7u7siscq6h9j","previousOperationId":"mramzfvebh9aak2"}
{"type":"operationStart","subtype":"engine","name":"handlebars","timestamp":1744205658443,"id":"lsg37a1fzvc98lq","previousEventId":"yrxrkgfe5qo4qbv","operationId":"xirzve00k1l4tcu","previousOperationId":"mramzfvebh9aak2"}
{"type":"log","timestamp":1744205658443,"level":"debug","message":"Rendering engine handlebars","meta":{"rootId":"3jwoeti8bxolhqs","id":"3jwoeti8bxolhqs"},"id":"1p7vzr5asxnw71z","previousOperationId":"xirzve00k1l4tcu"}
{"type":"operationEnd","operationId":"xirzve00k1l4tcu","timestamp":1744205658464,"id":"yaie7wwispwtruj","previousEventId":"lsg37a1fzvc98lq","previousOperationId":"xirzve00k1l4tcu"}
{"type":"operationStart","subtype":"recipe","name":"chrome-pdf","timestamp":1744205658465,"id":"8g8dwni0ysk6sz9","previousEventId":"yaie7wwispwtruj","operationId":"u794s7ufjdsyx8h","previousOperationId":"xirzve00k1l4tcu"}
{"type":"log","timestamp":1744205658465,"level":"debug","message":"Executing recipe chrome-pdf","meta":{"rootId":"3jwoeti8bxolhqs","id":"3jwoeti8bxolhqs"},"id":"48p2yfrdyslvodo","previousOperationId":"u794s7ufjdsyx8h"}
{"type":"log","timestamp":1744205658467,"level":"debug","message":"Converting with chrome Chrome/133.0.6943.126 using chrome-pool strategy","meta":{"rootId":"3jwoeti8bxolhqs","id":"3jwoeti8bxolhqs"},"id":"x2o5ipnpkd3bbiw","previousOperationId":"u794s7ufjdsyx8h"}
{"type":"log","timestamp":1744205658550,"level":"debug","message":"Page request: GET (document) file:///C:/Users/Patheo24/AppData/Local/Temp/jsreport/autocleanup/f94272c2-7a4c-462c-ab79-d7939550607c-chrome-pdf.html","meta":{"rootId":"3jwoeti8bxolhqs","id":"3jwoeti8bxolhqs"},"id":"xdh0k5ohs08r6ux","previousOperationId":"u794s7ufjdsyx8h"}
{"type":"log","timestamp":1744205658583,"level":"debug","message":"Page request finished: GET (document) 200 file:///C:/Users/Patheo24/AppData/Local/Temp/jsreport/autocleanup/f94272c2-7a4c-462c-ab79-d7939550607c-chrome-pdf.html","meta":{"rootId":"3jwoeti8bxolhqs","id":"3jwoeti8bxolhqs"},"id":"13gi16w4ko9rimu","previousOperationId":"u794s7ufjdsyx8h"}
{"type":"log","timestamp":1744205658586,"level":"debug","message":"Page request: GET (font) http://localhost:5488/fonts/kalpurush.ttf","meta":{"rootId":"3jwoeti8bxolhqs","id":"3jwoeti8bxolhqs"},"id":"81majh2941hrzoq","previousOperationId":"u794s7ufjdsyx8h"}
{"type":"log","timestamp":1744205658586,"level":"debug","message":"Page request: GET (image) https://res.cloudinary.com/dpes1dyqb/image/upload/v1738768933/logo_myycxt.jpg","meta":{"rootId":"3jwoeti8bxolhqs","id":"3jwoeti8bxolhqs"},"id":"ih1mxq4n4oottbc","previousOperationId":"u794s7ufjdsyx8h"}
{"type":"log","timestamp":1744205658590,"level":"debug","message":"Page request: GET (font) http://localhost:5488/fonts/kalpurush.ttf","meta":{"rootId":"3jwoeti8bxolhqs","id":"3jwoeti8bxolhqs"},"id":"u2xxt2lkxmh3ygs","previousOperationId":"u794s7ufjdsyx8h"}
{"type":"log","timestamp":1744205658592,"level":"debug","message":"Page request finished: GET (image) 200 https://res.cloudinary.com/dpes1dyqb/image/upload/v1738768933/logo_myycxt.jpg","meta":{"rootId":"3jwoeti8bxolhqs","id":"3jwoeti8bxolhqs"},"id":"yexlxwdp4tdto27","previousOperationId":"u794s7ufjdsyx8h"}
{"type":"log","timestamp":1744205658633,"level":"debug","message":"(console:error) Failed to load resource: the server responded with a status of 404 (Not Found)","meta":{"userLevel":true,"rootId":"3jwoeti8bxolhqs","id":"3jwoeti8bxolhqs"},"id":"3mwp7n4dcf84ee9","previousOperationId":"u794s7ufjdsyx8h"}
{"type":"log","timestamp":1744205658633,"level":"warn","message":"Page request failed: GET (font) http://localhost:5488/fonts/kalpurush.ttf, failure: net::ERR_ABORTED","meta":{"rootId":"3jwoeti8bxolhqs","id":"3jwoeti8bxolhqs"},"id":"e86rljsxe1ouj34","previousOperationId":"u794s7ufjdsyx8h"}
{"type":"log","timestamp":1744205658642,"level":"debug","message":"Running chrome with params {\"printBackground\":true,\"timeout\":59955,\"margin\":{}}","meta":{"rootId":"3jwoeti8bxolhqs","id":"3jwoeti8bxolhqs"},"id":"j5tito10d3kxkgf","previousOperationId":"u794s7ufjdsyx8h"}
{"type":"operationEnd","operationId":"u794s7ufjdsyx8h","timestamp":1744205658989,"id":"dq02rhw70g0nbj8","previousEventId":"8g8dwni0ysk6sz9","previousOperationId":"u794s7ufjdsyx8h"}
{"type":"log","timestamp":1744205658990,"level":"debug","message":"Skipping storing report.","meta":{"rootId":"3jwoeti8bxolhqs","id":"3jwoeti8bxolhqs"},"id":"ihd03j9r4i65hz4","previousOperationId":"u794s7ufjdsyx8h"}
{"type":"log","timestamp":1744205658990,"level":"info","message":"Rendering request 8 finished in 569 ms","meta":{"rootId":"3jwoeti8bxolhqs","id":"3jwoeti8bxolhqs"},"id":"733of7n5dgi9jnm","previousOperationId":"u794s7ufjdsyx8h"}
{"type":"operationEnd","subtype":"render","operationId":"mramzfvebh9aak2","timestamp":1744205658990,"id":"7zs8y7ygl1dhq12","previousEventId":"dq02rhw70g0nbj8","previousOperationId":"u794s7ufjdsyx8h"}
{"type":"operationEnd","doDiffs":false,"previousEventId":"50mr4rgvklj2343","previousOperationId":"ejbxzas0j8mcknb","operationId":"ejbxzas0j8mcknb","timestamp":1744205658994,"id":"68dgnsctqsuv4lc"}
