{"type":"operationStart","subtype":"profile","data":{"_id":"rElPvZNuiW72iaOW","timestamp":"2025-04-09T13:54:29.238Z","state":"queued","mode":"standard","creationDate":"2025-04-09T13:54:29.239Z","modificationDate":"2025-04-09T13:54:29.239Z","shortid":"apTW9B-","$entitySet":"profiles"},"doDiffs":false,"timestamp":1744206869238,"id":"pi5eo3cf686n4kj","previousOperationId":null,"operationId":"lhdoh6943xdc12g"}
{"type":"log","level":"info","message":"Render request 48 queued for execution and waiting for available worker","previousOperationId":"lhdoh6943xdc12g","timestamp":1744206869238,"id":"dgtkzn4sprtpvkh"}
{"type":"operationStart","subtype":"render","name":"myTemplate","previousOperationId":"lhdoh6943xdc12g","timestamp":1744206869251,"id":"4jlcispbrw1o9b3","previousEventId":"pi5eo3cf686n4kj","operationId":"qd7cj5tsi5kxeu1"}
{"type":"log","timestamp":1744206869251,"level":"info","message":"Starting rendering request 48","meta":{"rootId":"3lje6q6tfuepfch","id":"3lje6q6tfuepfch"},"id":"cdx09e206ytmlek","previousOperationId":"qd7cj5tsi5kxeu1"}
{"type":"log","timestamp":1744206869251,"level":"info","message":"Rendering template { name: myTemplate, recipe: chrome-pdf, engine: handlebars, preview: true }","meta":{"rootId":"3lje6q6tfuepfch","id":"3lje6q6tfuepfch"},"id":"thbtgck2s8c091o","previousOperationId":"qd7cj5tsi5kxeu1"}
{"type":"log","timestamp":1744206869252,"level":"debug","message":"Adding sample data HUavgV0Kc","meta":{"rootId":"3lje6q6tfuepfch","id":"3lje6q6tfuepfch"},"id":"usyl67fj0spzng4","previousOperationId":"qd7cj5tsi5kxeu1"}
{"type":"log","timestamp":1744206869254,"level":"debug","message":"Base url not specified, skipping its injection.","meta":{"rootId":"3lje6q6tfuepfch","id":"3lje6q6tfuepfch"},"id":"x3rbsx5djflzhlw","previousOperationId":"qd7cj5tsi5kxeu1"}
{"type":"operationStart","subtype":"engine","name":"handlebars","timestamp":1744206869254,"id":"jsjkv24qpo1wcfx","previousEventId":"4jlcispbrw1o9b3","operationId":"0q7qdm7ibcxb9f2","previousOperationId":"qd7cj5tsi5kxeu1"}
{"type":"log","timestamp":1744206869254,"level":"debug","message":"Rendering engine handlebars","meta":{"rootId":"3lje6q6tfuepfch","id":"3lje6q6tfuepfch"},"id":"j6evxa19l87ze8h","previousOperationId":"0q7qdm7ibcxb9f2"}
{"type":"operationEnd","operationId":"0q7qdm7ibcxb9f2","timestamp":1744206869276,"id":"ykq5ersmw8y1fn8","previousEventId":"jsjkv24qpo1wcfx","previousOperationId":"0q7qdm7ibcxb9f2"}
{"type":"operationStart","subtype":"recipe","name":"chrome-pdf","timestamp":1744206869278,"id":"84b35atyoz9kzk7","previousEventId":"ykq5ersmw8y1fn8","operationId":"wwopcjx1p4jh0so","previousOperationId":"0q7qdm7ibcxb9f2"}
{"type":"log","timestamp":1744206869278,"level":"debug","message":"Executing recipe chrome-pdf","meta":{"rootId":"3lje6q6tfuepfch","id":"3lje6q6tfuepfch"},"id":"rbh2sp4u44ar7wb","previousOperationId":"wwopcjx1p4jh0so"}
{"type":"log","timestamp":1744206869281,"level":"debug","message":"Converting with chrome Chrome/133.0.6943.126 using chrome-pool strategy","meta":{"rootId":"3lje6q6tfuepfch","id":"3lje6q6tfuepfch"},"id":"5npsehh5osu301n","previousOperationId":"wwopcjx1p4jh0so"}
{"type":"log","timestamp":1744206869368,"level":"debug","message":"Page request: GET (document) file:///C:/Users/Patheo24/AppData/Local/Temp/jsreport/autocleanup/7040d665-33ec-4813-8c4a-97bbfaa73230-chrome-pdf.html","meta":{"rootId":"3lje6q6tfuepfch","id":"3lje6q6tfuepfch"},"id":"6yvuliomxggrfpd","previousOperationId":"wwopcjx1p4jh0so"}
{"type":"log","timestamp":1744206869398,"level":"debug","message":"Page request finished: GET (document) 200 file:///C:/Users/Patheo24/AppData/Local/Temp/jsreport/autocleanup/7040d665-33ec-4813-8c4a-97bbfaa73230-chrome-pdf.html","meta":{"rootId":"3lje6q6tfuepfch","id":"3lje6q6tfuepfch"},"id":"jz0fldi7ug3mojh","previousOperationId":"wwopcjx1p4jh0so"}
{"type":"log","timestamp":1744206869408,"level":"debug","message":"Page request: GET (font) http://localhost:5488/fonts/kalpurush.ttf","meta":{"rootId":"3lje6q6tfuepfch","id":"3lje6q6tfuepfch"},"id":"92f5u5lya52pbaf","previousOperationId":"wwopcjx1p4jh0so"}
{"type":"log","timestamp":1744206869408,"level":"debug","message":"Page request: GET (image) https://res.cloudinary.com/dpes1dyqb/image/upload/v1738768933/logo_myycxt.jpg","meta":{"rootId":"3lje6q6tfuepfch","id":"3lje6q6tfuepfch"},"id":"haasvnqc6qtbwln","previousOperationId":"wwopcjx1p4jh0so"}
{"type":"log","timestamp":1744206869465,"level":"debug","message":"Page request: GET (font) http://localhost:5488/fonts/kalpurush.ttf","meta":{"rootId":"3lje6q6tfuepfch","id":"3lje6q6tfuepfch"},"id":"cblu8emt7uvxay6","previousOperationId":"wwopcjx1p4jh0so"}
{"type":"log","timestamp":1744206869466,"level":"debug","message":"Page request finished: GET (image) 200 https://res.cloudinary.com/dpes1dyqb/image/upload/v1738768933/logo_myycxt.jpg","meta":{"rootId":"3lje6q6tfuepfch","id":"3lje6q6tfuepfch"},"id":"je1yndmpoca6czv","previousOperationId":"wwopcjx1p4jh0so"}
{"type":"log","timestamp":1744206869473,"level":"debug","message":"(console:error) Failed to load resource: the server responded with a status of 404 (Not Found)","meta":{"userLevel":true,"rootId":"3lje6q6tfuepfch","id":"3lje6q6tfuepfch"},"id":"wi3867cyu0wb8hr","previousOperationId":"wwopcjx1p4jh0so"}
{"type":"log","timestamp":1744206869473,"level":"warn","message":"Page request failed: GET (font) http://localhost:5488/fonts/kalpurush.ttf, failure: net::ERR_ABORTED","meta":{"rootId":"3lje6q6tfuepfch","id":"3lje6q6tfuepfch"},"id":"g6xuio78cinlf8g","previousOperationId":"wwopcjx1p4jh0so"}
{"type":"log","timestamp":1744206869482,"level":"debug","message":"Running chrome with params {\"printBackground\":true,\"format\":\"A5\",\"marginRight\":\"\",\"timeout\":59957,\"margin\":{\"right\":\"\"}}","meta":{"rootId":"3lje6q6tfuepfch","id":"3lje6q6tfuepfch"},"id":"pbiucbwmbweixn0","previousOperationId":"wwopcjx1p4jh0so"}
{"type":"operationEnd","operationId":"wwopcjx1p4jh0so","timestamp":1744206869774,"id":"9qyzda97pnggjzb","previousEventId":"84b35atyoz9kzk7","previousOperationId":"wwopcjx1p4jh0so"}
{"type":"log","timestamp":1744206869774,"level":"debug","message":"Skipping storing report.","meta":{"rootId":"3lje6q6tfuepfch","id":"3lje6q6tfuepfch"},"id":"6v245rumtdbts7r","previousOperationId":"wwopcjx1p4jh0so"}
{"type":"log","timestamp":1744206869774,"level":"info","message":"Rendering request 48 finished in 537 ms","meta":{"rootId":"3lje6q6tfuepfch","id":"3lje6q6tfuepfch"},"id":"vbhr57tgw3q46ok","previousOperationId":"wwopcjx1p4jh0so"}
{"type":"operationEnd","subtype":"render","operationId":"qd7cj5tsi5kxeu1","timestamp":1744206869774,"id":"thatn3qqpm3pq2y","previousEventId":"9qyzda97pnggjzb","previousOperationId":"wwopcjx1p4jh0so"}
{"type":"operationEnd","doDiffs":false,"previousEventId":"pi5eo3cf686n4kj","previousOperationId":"lhdoh6943xdc12g","operationId":"lhdoh6943xdc12g","timestamp":1744206869779,"id":"ys1xdezvcqbvefx"}
