{"type":"operationStart","subtype":"profile","data":{"_id":"q77toPDJjPscdOnB","timestamp":"2025-04-09T09:29:30.981Z","state":"queued","mode":"standard","creationDate":"2025-04-09T09:29:30.983Z","modificationDate":"2025-04-09T09:29:30.983Z","shortid":"1JC5AMY","$entitySet":"profiles"},"doDiffs":false,"timestamp":1744190970982,"id":"42ylvcmibaymxl2","previousOperationId":null,"operationId":"5ebj1ovx7olw0t3"}
{"type":"log","level":"info","message":"Render request 49 queued for execution and waiting for available worker","previousOperationId":"5ebj1ovx7olw0t3","timestamp":1744190970982,"id":"tq91ogbg1ri1on8"}
{"type":"operationStart","subtype":"render","name":"myTemplate","previousOperationId":"5ebj1ovx7olw0t3","timestamp":1744190971007,"id":"xi42tfofb9iq01b","previousEventId":"42ylvcmibaymxl2","operationId":"9jcawj9skqcrm0k"}
{"type":"log","timestamp":1744190971008,"level":"info","message":"Starting rendering request 49","meta":{"rootId":"3nq3z7ixey858r9","id":"3nq3z7ixey858r9"},"id":"x06xgn8wwo22ozz","previousOperationId":"9jcawj9skqcrm0k"}
{"type":"log","timestamp":1744190971008,"level":"info","message":"Rendering template { name: myTemplate, recipe: chrome-pdf, engine: handlebars, preview: true }","meta":{"rootId":"3nq3z7ixey858r9","id":"3nq3z7ixey858r9"},"id":"h5xgcp1jxxc2kda","previousOperationId":"9jcawj9skqcrm0k"}
{"type":"log","timestamp":1744190971008,"level":"debug","message":"Inline data specified.","meta":{"rootId":"3nq3z7ixey858r9","id":"3nq3z7ixey858r9"},"id":"dsdl86zhqor9mhw","previousOperationId":"9jcawj9skqcrm0k"}
{"type":"log","timestamp":1744190971013,"level":"debug","message":"Base url not specified, skipping its injection.","meta":{"rootId":"3nq3z7ixey858r9","id":"3nq3z7ixey858r9"},"id":"4el1x6nvu7eswa1","previousOperationId":"9jcawj9skqcrm0k"}
{"type":"operationStart","subtype":"engine","name":"handlebars","timestamp":1744190971013,"id":"2ceo8x7tuhj3qdq","previousEventId":"xi42tfofb9iq01b","operationId":"bymj1efufmrm30p","previousOperationId":"9jcawj9skqcrm0k"}
{"type":"log","timestamp":1744190971013,"level":"debug","message":"Rendering engine handlebars","meta":{"rootId":"3nq3z7ixey858r9","id":"3nq3z7ixey858r9"},"id":"kd1c96sntbo6jqq","previousOperationId":"bymj1efufmrm30p"}
{"type":"operationEnd","operationId":"bymj1efufmrm30p","timestamp":1744190971031,"id":"rrwmjyfbff7e9lw","previousEventId":"2ceo8x7tuhj3qdq","previousOperationId":"bymj1efufmrm30p"}
{"type":"operationStart","subtype":"recipe","name":"chrome-pdf","timestamp":1744190971032,"id":"vlh4q0y2sxy5o8e","previousEventId":"rrwmjyfbff7e9lw","operationId":"jik7gj6tidaykgw","previousOperationId":"bymj1efufmrm30p"}
{"type":"log","timestamp":1744190971032,"level":"debug","message":"Executing recipe chrome-pdf","meta":{"rootId":"3nq3z7ixey858r9","id":"3nq3z7ixey858r9"},"id":"98y3kz4sohbos52","previousOperationId":"jik7gj6tidaykgw"}
{"type":"log","timestamp":1744190971035,"level":"debug","message":"Converting with chrome Chrome/133.0.6943.126 using chrome-pool strategy","meta":{"rootId":"3nq3z7ixey858r9","id":"3nq3z7ixey858r9"},"id":"qdowbd87vmsyuol","previousOperationId":"jik7gj6tidaykgw"}
{"type":"log","timestamp":1744190971841,"level":"debug","message":"Page request: GET (document) file:///C:/Users/Patheo24/AppData/Local/Temp/jsreport/autocleanup/d0c39a72-4e9e-488a-a766-1d4fb4cb4c74-chrome-pdf.html","meta":{"rootId":"3nq3z7ixey858r9","id":"3nq3z7ixey858r9"},"id":"i49pttc1jpli0u7","previousOperationId":"jik7gj6tidaykgw"}
{"type":"log","timestamp":1744190971861,"level":"debug","message":"Page request finished: GET (document) 200 file:///C:/Users/Patheo24/AppData/Local/Temp/jsreport/autocleanup/d0c39a72-4e9e-488a-a766-1d4fb4cb4c74-chrome-pdf.html","meta":{"rootId":"3nq3z7ixey858r9","id":"3nq3z7ixey858r9"},"id":"7x13l8jd6a1j5ai","previousOperationId":"jik7gj6tidaykgw"}
{"type":"log","timestamp":1744190971861,"level":"debug","message":"Page request: GET (image) https://res.cloudinary.com/dpes1dyqb/image/upload/v1738768933/logo_myycxt.jpg","meta":{"rootId":"3nq3z7ixey858r9","id":"3nq3z7ixey858r9"},"id":"w6pewa3x3ccbhxl","previousOperationId":"jik7gj6tidaykgw"}
{"type":"log","timestamp":1744190971862,"level":"debug","message":"(console:info) Slow network is detected. See https://www.chromestatus.com/feature/5636954674692096 for more details. Fallback font will be used while loading: http://localhost:5488/fonts/kalpurush.ttf","meta":{"userLevel":true,"rootId":"3nq3z7ixey858r9","id":"3nq3z7ixey858r9"},"id":"mjc3m3y9ujqiaco","previousOperationId":"jik7gj6tidaykgw"}
{"type":"log","timestamp":1744190971862,"level":"debug","message":"Page request: GET (font) http://localhost:5488/fonts/kalpurush.ttf","meta":{"rootId":"3nq3z7ixey858r9","id":"3nq3z7ixey858r9"},"id":"kn5k57c8nf90ik6","previousOperationId":"jik7gj6tidaykgw"}
{"type":"log","timestamp":1744190971868,"level":"debug","message":"Page request: GET (font) http://localhost:5488/fonts/kalpurush.ttf","meta":{"rootId":"3nq3z7ixey858r9","id":"3nq3z7ixey858r9"},"id":"7gjdiklbby7tauo","previousOperationId":"jik7gj6tidaykgw"}
{"type":"log","timestamp":1744190971915,"level":"debug","message":"Page request finished: GET (image) 200 https://res.cloudinary.com/dpes1dyqb/image/upload/v1738768933/logo_myycxt.jpg","meta":{"rootId":"3nq3z7ixey858r9","id":"3nq3z7ixey858r9"},"id":"qte535efaxo0ijw","previousOperationId":"jik7gj6tidaykgw"}
{"type":"log","timestamp":1744190971915,"level":"debug","message":"(console:error) Failed to load resource: the server responded with a status of 404 (Not Found)","meta":{"userLevel":true,"rootId":"3nq3z7ixey858r9","id":"3nq3z7ixey858r9"},"id":"bpbrmedw5jfuwuq","previousOperationId":"jik7gj6tidaykgw"}
{"type":"log","timestamp":1744190971915,"level":"warn","message":"Page request failed: GET (font) http://localhost:5488/fonts/kalpurush.ttf, failure: net::ERR_ABORTED","meta":{"rootId":"3nq3z7ixey858r9","id":"3nq3z7ixey858r9"},"id":"cbe2kxu8segj3ub","previousOperationId":"jik7gj6tidaykgw"}
{"type":"log","timestamp":1744190971927,"level":"debug","message":"Running chrome with params {\"printBackground\":true,\"timeout\":59947,\"margin\":{}}","meta":{"rootId":"3nq3z7ixey858r9","id":"3nq3z7ixey858r9"},"id":"pxvzv9gk21xmfvv","previousOperationId":"jik7gj6tidaykgw"}
{"type":"operationEnd","operationId":"jik7gj6tidaykgw","timestamp":1744190972234,"id":"91edf8e2j541kbt","previousEventId":"vlh4q0y2sxy5o8e","previousOperationId":"jik7gj6tidaykgw"}
{"type":"log","timestamp":1744190972234,"level":"debug","message":"Skipping storing report.","meta":{"rootId":"3nq3z7ixey858r9","id":"3nq3z7ixey858r9"},"id":"omo4zbn8pq538bx","previousOperationId":"jik7gj6tidaykgw"}
{"type":"log","timestamp":1744190972234,"level":"info","message":"Rendering request 49 finished in 1253 ms","meta":{"rootId":"3nq3z7ixey858r9","id":"3nq3z7ixey858r9"},"id":"ek5v4vlg0mj457s","previousOperationId":"jik7gj6tidaykgw"}
{"type":"operationEnd","subtype":"render","operationId":"9jcawj9skqcrm0k","timestamp":1744190972234,"id":"xrk4wdd31jktzdk","previousEventId":"91edf8e2j541kbt","previousOperationId":"jik7gj6tidaykgw"}
{"type":"operationEnd","doDiffs":false,"previousEventId":"42ylvcmibaymxl2","previousOperationId":"5ebj1ovx7olw0t3","operationId":"5ebj1ovx7olw0t3","timestamp":1744190972239,"id":"pcuws36clup3q9c"}
