{"type":"operationStart","subtype":"profile","data":{"_id":"SWMMZ4Ud9Z8iBfha","timestamp":"2025-04-11T13:00:40.469Z","state":"running","mode":"standard","creationDate":"2025-04-11T13:00:40.471Z","modificationDate":"2025-04-11T13:00:40.471Z","shortid":"4mgp0aU","$entitySet":"profiles","timeout":60000,"templateShortid":"2tjN-EB9Yu"},"doDiffs":false,"timestamp":1744376440470,"id":"hvt4gf8owd7q14q","previousOperationId":null,"operationId":"via0ycxgp0um3v6"}
{"type":"log","level":"info","message":"Render request 41 queued for execution and waiting for available worker","previousOperationId":"via0ycxgp0um3v6","timestamp":1744376440470,"id":"zj81r9rhny6a3gc"}
{"type":"operationStart","subtype":"render","name":"myTemplate","previousOperationId":"via0ycxgp0um3v6","timestamp":1744376440476,"id":"j9f7n2lin8p1a13","previousEventId":"hvt4gf8owd7q14q","operationId":"v3b4tlpy0o5w6yb"}
{"type":"log","timestamp":1744376440476,"level":"info","message":"Starting rendering request 41","meta":{"rootId":"3pyzcd3yd36xl9e","id":"3pyzcd3yd36xl9e"},"id":"r13486mnvzeu3ey","previousOperationId":"v3b4tlpy0o5w6yb"}
{"type":"log","timestamp":1744376440476,"level":"info","message":"Rendering template { name: myTemplate, recipe: chrome-pdf, engine: handlebars, preview: false }","meta":{"rootId":"3pyzcd3yd36xl9e","id":"3pyzcd3yd36xl9e"},"id":"ofeoir2g4zsxd2x","previousOperationId":"v3b4tlpy0o5w6yb"}
{"type":"log","timestamp":1744376440477,"level":"debug","message":"Inline data specified.","meta":{"rootId":"3pyzcd3yd36xl9e","id":"3pyzcd3yd36xl9e"},"id":"gvar0n51vs1lbcu","previousOperationId":"v3b4tlpy0o5w6yb"}
{"type":"log","timestamp":1744376440481,"level":"debug","message":"Base url not specified, skipping its injection.","meta":{"rootId":"3pyzcd3yd36xl9e","id":"3pyzcd3yd36xl9e"},"id":"appz1ukmk0xh66q","previousOperationId":"v3b4tlpy0o5w6yb"}
{"type":"operationStart","subtype":"engine","name":"handlebars","timestamp":1744376440481,"id":"67u49kbr7awim84","previousEventId":"j9f7n2lin8p1a13","operationId":"xadpjezrjvnu4s4","previousOperationId":"v3b4tlpy0o5w6yb"}
{"type":"log","timestamp":1744376440481,"level":"debug","message":"Rendering engine handlebars","meta":{"rootId":"3pyzcd3yd36xl9e","id":"3pyzcd3yd36xl9e"},"id":"ypnduf9m0til3wr","previousOperationId":"xadpjezrjvnu4s4"}
{"type":"operationEnd","operationId":"xadpjezrjvnu4s4","timestamp":1744376440507,"id":"swevehfl1p14906","previousEventId":"67u49kbr7awim84","previousOperationId":"xadpjezrjvnu4s4"}
{"type":"operationStart","subtype":"recipe","name":"chrome-pdf","timestamp":1744376440508,"id":"bdvhmgkq2sn4by7","previousEventId":"swevehfl1p14906","operationId":"2nijidq5lvvvd10","previousOperationId":"xadpjezrjvnu4s4"}
{"type":"log","timestamp":1744376440508,"level":"debug","message":"Executing recipe chrome-pdf","meta":{"rootId":"3pyzcd3yd36xl9e","id":"3pyzcd3yd36xl9e"},"id":"i9znz9e5wy6o37y","previousOperationId":"2nijidq5lvvvd10"}
{"type":"log","timestamp":1744376440512,"level":"debug","message":"Converting with chrome Chrome/133.0.6943.126 using chrome-pool strategy","meta":{"rootId":"3pyzcd3yd36xl9e","id":"3pyzcd3yd36xl9e"},"id":"z5o8721cfkbxhw3","previousOperationId":"2nijidq5lvvvd10"}
{"type":"log","timestamp":1744376440574,"level":"debug","message":"Page request: GET (document) file:///C:/Users/Patheo24/AppData/Local/Temp/jsreport/autocleanup/283430c9-b09f-4dd7-beaa-8cdcebdd2763-chrome-pdf.html","meta":{"rootId":"3pyzcd3yd36xl9e","id":"3pyzcd3yd36xl9e"},"id":"t37aoqn0hfmv3j2","previousOperationId":"2nijidq5lvvvd10"}
{"type":"log","timestamp":1744376440595,"level":"debug","message":"Page request finished: GET (document) 200 file:///C:/Users/Patheo24/AppData/Local/Temp/jsreport/autocleanup/283430c9-b09f-4dd7-beaa-8cdcebdd2763-chrome-pdf.html","meta":{"rootId":"3pyzcd3yd36xl9e","id":"3pyzcd3yd36xl9e"},"id":"4pk85qtgpnj74o5","previousOperationId":"2nijidq5lvvvd10"}
{"type":"log","timestamp":1744376440596,"level":"debug","message":"Page request: GET (image) https://res.cloudinary.com/dpes1dyqb/image/upload/v1738768933/logo_myycxt.jpg","meta":{"rootId":"3pyzcd3yd36xl9e","id":"3pyzcd3yd36xl9e"},"id":"r4z9cwpfnub8adx","previousOperationId":"2nijidq5lvvvd10"}
{"type":"log","timestamp":1744376440597,"level":"debug","message":"Page request: GET (font) http://localhost:5488/fonts/kalpurush.ttf","meta":{"rootId":"3pyzcd3yd36xl9e","id":"3pyzcd3yd36xl9e"},"id":"qqgcte45jm9tjss","previousOperationId":"2nijidq5lvvvd10"}
{"type":"log","timestamp":1744376440642,"level":"debug","message":"Page request: GET (font) http://localhost:5488/fonts/kalpurush.ttf","meta":{"rootId":"3pyzcd3yd36xl9e","id":"3pyzcd3yd36xl9e"},"id":"g5tcdvbnabm9kfk","previousOperationId":"2nijidq5lvvvd10"}
{"type":"log","timestamp":1744376440643,"level":"debug","message":"Page request finished: GET (image) 200 https://res.cloudinary.com/dpes1dyqb/image/upload/v1738768933/logo_myycxt.jpg","meta":{"rootId":"3pyzcd3yd36xl9e","id":"3pyzcd3yd36xl9e"},"id":"149c3chduz2kde4","previousOperationId":"2nijidq5lvvvd10"}
{"type":"log","timestamp":1744376440650,"level":"debug","message":"(console:error) Failed to load resource: the server responded with a status of 404 (Not Found)","meta":{"userLevel":true,"rootId":"3pyzcd3yd36xl9e","id":"3pyzcd3yd36xl9e"},"id":"qxxy73yh9a42qty","previousOperationId":"2nijidq5lvvvd10"}
{"type":"log","timestamp":1744376440650,"level":"warn","message":"Page request failed: GET (font) http://localhost:5488/fonts/kalpurush.ttf, failure: net::ERR_ABORTED","meta":{"rootId":"3pyzcd3yd36xl9e","id":"3pyzcd3yd36xl9e"},"id":"4cksge7xd79x04w","previousOperationId":"2nijidq5lvvvd10"}
{"type":"log","timestamp":1744376440658,"level":"debug","message":"Running chrome with params {\"printBackground\":true,\"format\":\"A5\",\"marginRight\":\"\",\"height\":\"\",\"marginTop\":\"\",\"marginBottom\":\"\",\"marginLeft\":\"\",\"displayHeaderFooter\":true,\"width\":\"\",\"timeout\":59959,\"margin\":{\"top\":\"\",\"right\":\"\",\"bottom\":\"\",\"left\":\"\"}}","meta":{"rootId":"3pyzcd3yd36xl9e","id":"3pyzcd3yd36xl9e"},"id":"sjxeb3pdmntjr17","previousOperationId":"2nijidq5lvvvd10"}
{"type":"operationEnd","operationId":"2nijidq5lvvvd10","timestamp":1744376440955,"id":"fb9mu642zwyoj7e","previousEventId":"bdvhmgkq2sn4by7","previousOperationId":"2nijidq5lvvvd10"}
{"type":"log","timestamp":1744376440955,"level":"debug","message":"Skipping storing report.","meta":{"rootId":"3pyzcd3yd36xl9e","id":"3pyzcd3yd36xl9e"},"id":"rhdkjj3ky41vjzh","previousOperationId":"2nijidq5lvvvd10"}
{"type":"log","timestamp":1744376440955,"level":"info","message":"Rendering request 41 finished in 486 ms","meta":{"rootId":"3pyzcd3yd36xl9e","id":"3pyzcd3yd36xl9e"},"id":"6dx5h5a040gxjow","previousOperationId":"2nijidq5lvvvd10"}
{"type":"operationEnd","subtype":"render","operationId":"v3b4tlpy0o5w6yb","timestamp":1744376440955,"id":"5h24p74dimy3sqi","previousEventId":"fb9mu642zwyoj7e","previousOperationId":"2nijidq5lvvvd10"}
{"type":"operationEnd","doDiffs":false,"previousEventId":"hvt4gf8owd7q14q","previousOperationId":"via0ycxgp0um3v6","operationId":"via0ycxgp0um3v6","timestamp":1744376440958,"id":"rmn00un45moci78"}
