{"type":"operationStart","subtype":"profile","data":{"_id":"RmIkJb7yIwDCYMR6","timestamp":"2025-04-09T10:43:12.335Z","state":"queued","mode":"standard","creationDate":"2025-04-09T10:43:12.337Z","modificationDate":"2025-04-09T10:43:12.337Z","shortid":"8Lh1YSo","$entitySet":"profiles"},"doDiffs":false,"timestamp":1744195392336,"id":"y0a0tsw3e1q8nm1","previousOperationId":null,"operationId":"c9db93d71iyijh1"}
{"type":"log","level":"info","message":"Render request 21 queued for execution and waiting for available worker","previousOperationId":"c9db93d71iyijh1","timestamp":1744195392336,"id":"u9lepzgb6farr6i"}
{"type":"operationStart","subtype":"render","name":"myTemplate","previousOperationId":"c9db93d71iyijh1","timestamp":1744195392348,"id":"3nms7rvke2srjud","previousEventId":"y0a0tsw3e1q8nm1","operationId":"2yh2q1jzfw80awx"}
{"type":"log","timestamp":1744195392348,"level":"info","message":"Starting rendering request 21","meta":{"rootId":"3q06afy0vknp2ma","id":"3q06afy0vknp2ma"},"id":"q9bri0u5pq3mzew","previousOperationId":"2yh2q1jzfw80awx"}
{"type":"log","timestamp":1744195392348,"level":"info","message":"Rendering template { name: myTemplate, recipe: chrome-pdf, engine: handlebars, preview: true }","meta":{"rootId":"3q06afy0vknp2ma","id":"3q06afy0vknp2ma"},"id":"32w96rx9rkb2ot7","previousOperationId":"2yh2q1jzfw80awx"}
{"type":"log","timestamp":1744195392351,"level":"debug","message":"Inline data specified.","meta":{"rootId":"3q06afy0vknp2ma","id":"3q06afy0vknp2ma"},"id":"dnwpkjcqyfncqc5","previousOperationId":"2yh2q1jzfw80awx"}
{"type":"log","timestamp":1744195392353,"level":"debug","message":"Base url not specified, skipping its injection.","meta":{"rootId":"3q06afy0vknp2ma","id":"3q06afy0vknp2ma"},"id":"bfnwvf7dhdrtzug","previousOperationId":"2yh2q1jzfw80awx"}
{"type":"operationStart","subtype":"engine","name":"handlebars","timestamp":1744195392353,"id":"pst44rf6y2slmr0","previousEventId":"3nms7rvke2srjud","operationId":"2d0i28cbrermhyj","previousOperationId":"2yh2q1jzfw80awx"}
{"type":"log","timestamp":1744195392353,"level":"debug","message":"Rendering engine handlebars","meta":{"rootId":"3q06afy0vknp2ma","id":"3q06afy0vknp2ma"},"id":"zb3a351jtsrmhuz","previousOperationId":"2d0i28cbrermhyj"}
{"type":"operationEnd","operationId":"2d0i28cbrermhyj","timestamp":1744195392364,"id":"uohrz6tpvp855kx","previousEventId":"pst44rf6y2slmr0","previousOperationId":"2d0i28cbrermhyj"}
{"type":"operationStart","subtype":"recipe","name":"chrome-pdf","timestamp":1744195392365,"id":"1ia74x8kipnc4k0","previousEventId":"uohrz6tpvp855kx","operationId":"f57pqyn86kzecrf","previousOperationId":"2d0i28cbrermhyj"}
{"type":"log","timestamp":1744195392365,"level":"debug","message":"Executing recipe chrome-pdf","meta":{"rootId":"3q06afy0vknp2ma","id":"3q06afy0vknp2ma"},"id":"lfrhhnyo9hbl9og","previousOperationId":"f57pqyn86kzecrf"}
{"type":"log","timestamp":1744195392369,"level":"debug","message":"Converting with chrome Chrome/133.0.6943.126 using chrome-pool strategy","meta":{"rootId":"3q06afy0vknp2ma","id":"3q06afy0vknp2ma"},"id":"smy08tut4a6chky","previousOperationId":"f57pqyn86kzecrf"}
{"type":"log","timestamp":1744195392437,"level":"debug","message":"Page request: GET (document) file:///C:/Users/Patheo24/AppData/Local/Temp/jsreport/autocleanup/486cc2b6-032d-4114-955c-caf15a2e9abb-chrome-pdf.html","meta":{"rootId":"3q06afy0vknp2ma","id":"3q06afy0vknp2ma"},"id":"klms7cv92b0u4ig","previousOperationId":"f57pqyn86kzecrf"}
{"type":"log","timestamp":1744195392463,"level":"debug","message":"Page request finished: GET (document) 200 file:///C:/Users/Patheo24/AppData/Local/Temp/jsreport/autocleanup/486cc2b6-032d-4114-955c-caf15a2e9abb-chrome-pdf.html","meta":{"rootId":"3q06afy0vknp2ma","id":"3q06afy0vknp2ma"},"id":"jl94zvmrdsrbjfs","previousOperationId":"f57pqyn86kzecrf"}
{"type":"log","timestamp":1744195392464,"level":"debug","message":"Page request: GET (font) http://localhost:5488/fonts/kalpurush.ttf","meta":{"rootId":"3q06afy0vknp2ma","id":"3q06afy0vknp2ma"},"id":"inhe9z6d0atgh7a","previousOperationId":"f57pqyn86kzecrf"}
{"type":"log","timestamp":1744195392465,"level":"debug","message":"Page request: GET (image) https://res.cloudinary.com/dpes1dyqb/image/upload/v1738768933/logo_myycxt.jpg","meta":{"rootId":"3q06afy0vknp2ma","id":"3q06afy0vknp2ma"},"id":"8btp5f85f7bp2yl","previousOperationId":"f57pqyn86kzecrf"}
{"type":"log","timestamp":1744195392523,"level":"debug","message":"Page request finished: GET (image) 200 https://res.cloudinary.com/dpes1dyqb/image/upload/v1738768933/logo_myycxt.jpg","meta":{"rootId":"3q06afy0vknp2ma","id":"3q06afy0vknp2ma"},"id":"qnujt8c3h5mffzv","previousOperationId":"f57pqyn86kzecrf"}
{"type":"log","timestamp":1744195392523,"level":"debug","message":"Page request: GET (font) http://localhost:5488/fonts/kalpurush.ttf","meta":{"rootId":"3q06afy0vknp2ma","id":"3q06afy0vknp2ma"},"id":"i8i0m4y0qur9mix","previousOperationId":"f57pqyn86kzecrf"}
{"type":"log","timestamp":1744195392532,"level":"debug","message":"(console:error) Failed to load resource: the server responded with a status of 404 (Not Found)","meta":{"userLevel":true,"rootId":"3q06afy0vknp2ma","id":"3q06afy0vknp2ma"},"id":"c3ybu6onvgxf8g0","previousOperationId":"f57pqyn86kzecrf"}
{"type":"log","timestamp":1744195392532,"level":"warn","message":"Page request failed: GET (font) http://localhost:5488/fonts/kalpurush.ttf, failure: net::ERR_ABORTED","meta":{"rootId":"3q06afy0vknp2ma","id":"3q06afy0vknp2ma"},"id":"m08mm8lxywpn8t2","previousOperationId":"f57pqyn86kzecrf"}
{"type":"log","timestamp":1744195392544,"level":"debug","message":"Running chrome with params {\"printBackground\":true,\"timeout\":59967,\"margin\":{}}","meta":{"rootId":"3q06afy0vknp2ma","id":"3q06afy0vknp2ma"},"id":"wcs9gcea97iic42","previousOperationId":"f57pqyn86kzecrf"}
{"type":"operationEnd","operationId":"f57pqyn86kzecrf","timestamp":1744195392847,"id":"kop7c3wc4tuua88","previousEventId":"1ia74x8kipnc4k0","previousOperationId":"f57pqyn86kzecrf"}
{"type":"log","timestamp":1744195392847,"level":"debug","message":"Skipping storing report.","meta":{"rootId":"3q06afy0vknp2ma","id":"3q06afy0vknp2ma"},"id":"bkb7mh4oy2pnj7r","previousOperationId":"f57pqyn86kzecrf"}
{"type":"log","timestamp":1744195392848,"level":"info","message":"Rendering request 21 finished in 513 ms","meta":{"rootId":"3q06afy0vknp2ma","id":"3q06afy0vknp2ma"},"id":"pwkcm0akb9tybxu","previousOperationId":"f57pqyn86kzecrf"}
{"type":"operationEnd","subtype":"render","operationId":"2yh2q1jzfw80awx","timestamp":1744195392848,"id":"q41jvie6i0ft4ty","previousEventId":"kop7c3wc4tuua88","previousOperationId":"f57pqyn86kzecrf"}
{"type":"operationEnd","doDiffs":false,"previousEventId":"y0a0tsw3e1q8nm1","previousOperationId":"c9db93d71iyijh1","operationId":"c9db93d71iyijh1","timestamp":1744195392854,"id":"vq4qmokcl8ugyit"}
