{"type":"operationStart","subtype":"profile","data":{"_id":"mlqmup6tJ1YPbtHC","timestamp":"2025-04-09T13:49:35.707Z","state":"queued","mode":"standard","creationDate":"2025-04-09T13:49:35.709Z","modificationDate":"2025-04-09T13:49:35.709Z","shortid":"0-xxjZk","$entitySet":"profiles"},"doDiffs":false,"timestamp":1744206575708,"id":"psajzwa5aou4nn1","previousOperationId":null,"operationId":"3p8o2v6u1jczqbe"}
{"type":"log","level":"info","message":"Render request 31 queued for execution and waiting for available worker","previousOperationId":"3p8o2v6u1jczqbe","timestamp":1744206575708,"id":"tazskbejjnfw4cv"}
{"type":"operationStart","subtype":"render","name":"myTemplate","previousOperationId":"3p8o2v6u1jczqbe","timestamp":1744206575723,"id":"zd56wwxt9s79ah0","previousEventId":"psajzwa5aou4nn1","operationId":"4vid6716oyr9u8o"}
{"type":"log","timestamp":1744206575723,"level":"info","message":"Starting rendering request 31","meta":{"rootId":"3y8dllgwxs1bo30","id":"3y8dllgwxs1bo30"},"id":"p44chi41lwy8eaf","previousOperationId":"4vid6716oyr9u8o"}
{"type":"log","timestamp":1744206575724,"level":"info","message":"Rendering template { name: myTemplate, recipe: chrome-pdf, engine: handlebars, preview: true }","meta":{"rootId":"3y8dllgwxs1bo30","id":"3y8dllgwxs1bo30"},"id":"5b6oh8x21xogl8o","previousOperationId":"4vid6716oyr9u8o"}
{"type":"log","timestamp":1744206575729,"level":"debug","message":"Adding sample data HUavgV0Kc","meta":{"rootId":"3y8dllgwxs1bo30","id":"3y8dllgwxs1bo30"},"id":"g4imqh55cdunh2j","previousOperationId":"4vid6716oyr9u8o"}
{"type":"log","timestamp":1744206575731,"level":"debug","message":"Base url not specified, skipping its injection.","meta":{"rootId":"3y8dllgwxs1bo30","id":"3y8dllgwxs1bo30"},"id":"u7c6snha4nlnyn7","previousOperationId":"4vid6716oyr9u8o"}
{"type":"operationStart","subtype":"engine","name":"handlebars","timestamp":1744206575732,"id":"yzuud8wcn7wfldp","previousEventId":"zd56wwxt9s79ah0","operationId":"gt6yozw4e1ciw4d","previousOperationId":"4vid6716oyr9u8o"}
{"type":"log","timestamp":1744206575732,"level":"debug","message":"Rendering engine handlebars","meta":{"rootId":"3y8dllgwxs1bo30","id":"3y8dllgwxs1bo30"},"id":"bsmowhpvasxxarz","previousOperationId":"gt6yozw4e1ciw4d"}
{"type":"operationEnd","operationId":"gt6yozw4e1ciw4d","timestamp":1744206575750,"id":"uxdt73fpa9971tf","previousEventId":"yzuud8wcn7wfldp","previousOperationId":"gt6yozw4e1ciw4d"}
{"type":"operationStart","subtype":"recipe","name":"chrome-pdf","timestamp":1744206575751,"id":"u0kpnrru198yez0","previousEventId":"uxdt73fpa9971tf","operationId":"u5qo3jl4085vy8f","previousOperationId":"gt6yozw4e1ciw4d"}
{"type":"log","timestamp":1744206575751,"level":"debug","message":"Executing recipe chrome-pdf","meta":{"rootId":"3y8dllgwxs1bo30","id":"3y8dllgwxs1bo30"},"id":"rs9xtwlo3tsb581","previousOperationId":"u5qo3jl4085vy8f"}
{"type":"log","timestamp":1744206575754,"level":"debug","message":"Converting with chrome Chrome/133.0.6943.126 using chrome-pool strategy","meta":{"rootId":"3y8dllgwxs1bo30","id":"3y8dllgwxs1bo30"},"id":"v7s01esdesnr99k","previousOperationId":"u5qo3jl4085vy8f"}
{"type":"log","timestamp":1744206575819,"level":"debug","message":"Page request: GET (document) file:///C:/Users/Patheo24/AppData/Local/Temp/jsreport/autocleanup/26b451a7-7c4b-464d-86a9-c90291ec6562-chrome-pdf.html","meta":{"rootId":"3y8dllgwxs1bo30","id":"3y8dllgwxs1bo30"},"id":"d0q9lecbgsbt108","previousOperationId":"u5qo3jl4085vy8f"}
{"type":"log","timestamp":1744206575847,"level":"debug","message":"Page request finished: GET (document) 200 file:///C:/Users/Patheo24/AppData/Local/Temp/jsreport/autocleanup/26b451a7-7c4b-464d-86a9-c90291ec6562-chrome-pdf.html","meta":{"rootId":"3y8dllgwxs1bo30","id":"3y8dllgwxs1bo30"},"id":"96u3s8khac89z02","previousOperationId":"u5qo3jl4085vy8f"}
{"type":"log","timestamp":1744206575848,"level":"debug","message":"Page request: GET (font) http://localhost:5488/fonts/kalpurush.ttf","meta":{"rootId":"3y8dllgwxs1bo30","id":"3y8dllgwxs1bo30"},"id":"5d2tf7reuwa57xi","previousOperationId":"u5qo3jl4085vy8f"}
{"type":"log","timestamp":1744206575848,"level":"debug","message":"Page request: GET (image) https://res.cloudinary.com/dpes1dyqb/image/upload/v1738768933/logo_myycxt.jpg","meta":{"rootId":"3y8dllgwxs1bo30","id":"3y8dllgwxs1bo30"},"id":"kblrm7k5s7ilk9t","previousOperationId":"u5qo3jl4085vy8f"}
{"type":"log","timestamp":1744206575905,"level":"debug","message":"Page request finished: GET (image) 200 https://res.cloudinary.com/dpes1dyqb/image/upload/v1738768933/logo_myycxt.jpg","meta":{"rootId":"3y8dllgwxs1bo30","id":"3y8dllgwxs1bo30"},"id":"gtfqi7g9cq758he","previousOperationId":"u5qo3jl4085vy8f"}
{"type":"log","timestamp":1744206575906,"level":"debug","message":"Page request: GET (font) http://localhost:5488/fonts/kalpurush.ttf","meta":{"rootId":"3y8dllgwxs1bo30","id":"3y8dllgwxs1bo30"},"id":"zmbhgbmlxh2v1f2","previousOperationId":"u5qo3jl4085vy8f"}
{"type":"log","timestamp":1744206575916,"level":"debug","message":"(console:error) Failed to load resource: the server responded with a status of 404 (Not Found)","meta":{"userLevel":true,"rootId":"3y8dllgwxs1bo30","id":"3y8dllgwxs1bo30"},"id":"1ho5wus2v1d2g69","previousOperationId":"u5qo3jl4085vy8f"}
{"type":"log","timestamp":1744206575916,"level":"warn","message":"Page request failed: GET (font) http://localhost:5488/fonts/kalpurush.ttf, failure: net::ERR_ABORTED","meta":{"rootId":"3y8dllgwxs1bo30","id":"3y8dllgwxs1bo30"},"id":"kfzh4fqwy4on6iv","previousOperationId":"u5qo3jl4085vy8f"}
{"type":"log","timestamp":1744206575925,"level":"debug","message":"Running chrome with params {\"printBackground\":true,\"format\":\"A4\",\"marginRight\":\"\",\"timeout\":59954,\"margin\":{\"right\":\"\"}}","meta":{"rootId":"3y8dllgwxs1bo30","id":"3y8dllgwxs1bo30"},"id":"jh88gbjbd3wuouq","previousOperationId":"u5qo3jl4085vy8f"}
{"type":"operationEnd","operationId":"u5qo3jl4085vy8f","timestamp":1744206576222,"id":"tsaprnezqwchvta","previousEventId":"u0kpnrru198yez0","previousOperationId":"u5qo3jl4085vy8f"}
{"type":"log","timestamp":1744206576222,"level":"debug","message":"Skipping storing report.","meta":{"rootId":"3y8dllgwxs1bo30","id":"3y8dllgwxs1bo30"},"id":"lcyxfxqkv89mm41","previousOperationId":"u5qo3jl4085vy8f"}
{"type":"log","timestamp":1744206576222,"level":"info","message":"Rendering request 31 finished in 515 ms","meta":{"rootId":"3y8dllgwxs1bo30","id":"3y8dllgwxs1bo30"},"id":"3u6pfndgej7pfpe","previousOperationId":"u5qo3jl4085vy8f"}
{"type":"operationEnd","subtype":"render","operationId":"4vid6716oyr9u8o","timestamp":1744206576222,"id":"wd340hwdr4k38wo","previousEventId":"tsaprnezqwchvta","previousOperationId":"u5qo3jl4085vy8f"}
{"type":"operationEnd","doDiffs":false,"previousEventId":"psajzwa5aou4nn1","previousOperationId":"3p8o2v6u1jczqbe","operationId":"3p8o2v6u1jczqbe","timestamp":1744206576228,"id":"bbifoi8f0fja06j"}
