{"type":"operationStart","subtype":"profile","data":{"_id":"9PmVab4azSLUqRoC","timestamp":"2025-04-09T14:45:01.650Z","state":"queued","mode":"standard","creationDate":"2025-04-09T14:45:01.652Z","modificationDate":"2025-04-09T14:45:01.652Z","shortid":"Ujad4cN","$entitySet":"profiles"},"doDiffs":false,"timestamp":1744209901651,"id":"0a29r89jsq6dsaf","previousOperationId":null,"operationId":"kovbzomu2un03yf"}
{"type":"log","level":"info","message":"Render request 122 queued for execution and waiting for available worker","previousOperationId":"kovbzomu2un03yf","timestamp":1744209901651,"id":"pm5rfnk1p781hf9"}
{"type":"operationStart","subtype":"render","name":"myTemplate","previousOperationId":"kovbzomu2un03yf","timestamp":1744209901682,"id":"ir5a8swltuke2y2","previousEventId":"0a29r89jsq6dsaf","operationId":"na0hz38xdvwt41t"}
{"type":"log","timestamp":1744209901682,"level":"info","message":"Starting rendering request 122","meta":{"rootId":"3yn39r15pahkart","id":"3yn39r15pahkart"},"id":"onmubro2rmp4f3r","previousOperationId":"na0hz38xdvwt41t"}
{"type":"log","timestamp":1744209901682,"level":"info","message":"Rendering template { name: myTemplate, recipe: chrome-pdf, engine: handlebars, preview: true }","meta":{"rootId":"3yn39r15pahkart","id":"3yn39r15pahkart"},"id":"phf9xkddx6mujk1","previousOperationId":"na0hz38xdvwt41t"}
{"type":"log","timestamp":1744209901683,"level":"debug","message":"Adding sample data HUavgV0Kc","meta":{"rootId":"3yn39r15pahkart","id":"3yn39r15pahkart"},"id":"6izxzzpjulumc38","previousOperationId":"na0hz38xdvwt41t"}
{"type":"log","timestamp":1744209901690,"level":"debug","message":"Base url not specified, skipping its injection.","meta":{"rootId":"3yn39r15pahkart","id":"3yn39r15pahkart"},"id":"we8q0qnirt2g1hi","previousOperationId":"na0hz38xdvwt41t"}
{"type":"operationStart","subtype":"engine","name":"handlebars","timestamp":1744209901691,"id":"8qt6x71d74vwffp","previousEventId":"ir5a8swltuke2y2","operationId":"6d98xh0tywac3bl","previousOperationId":"na0hz38xdvwt41t"}
{"type":"log","timestamp":1744209901691,"level":"debug","message":"Rendering engine handlebars","meta":{"rootId":"3yn39r15pahkart","id":"3yn39r15pahkart"},"id":"o38rl90naw54622","previousOperationId":"6d98xh0tywac3bl"}
{"type":"operationEnd","operationId":"6d98xh0tywac3bl","timestamp":1744209901726,"id":"6gexue3buuill90","previousEventId":"8qt6x71d74vwffp","previousOperationId":"6d98xh0tywac3bl"}
{"type":"operationStart","subtype":"recipe","name":"chrome-pdf","timestamp":1744209901726,"id":"rdmio4vzf9z9bw7","previousEventId":"6gexue3buuill90","operationId":"k1isn42aehye4zb","previousOperationId":"6d98xh0tywac3bl"}
{"type":"log","timestamp":1744209901726,"level":"debug","message":"Executing recipe chrome-pdf","meta":{"rootId":"3yn39r15pahkart","id":"3yn39r15pahkart"},"id":"a41mbn82p02whds","previousOperationId":"k1isn42aehye4zb"}
{"type":"log","timestamp":1744209901728,"level":"debug","message":"Converting with chrome Chrome/133.0.6943.126 using chrome-pool strategy","meta":{"rootId":"3yn39r15pahkart","id":"3yn39r15pahkart"},"id":"e7mh7l11vrq73ag","previousOperationId":"k1isn42aehye4zb"}
{"type":"log","timestamp":1744209901820,"level":"debug","message":"Page request: GET (document) file:///C:/Users/Patheo24/AppData/Local/Temp/jsreport/autocleanup/c4610735-fd91-4ab6-b12f-d5cdcfe44dec-chrome-pdf.html","meta":{"rootId":"3yn39r15pahkart","id":"3yn39r15pahkart"},"id":"m1j0zm2offwe17x","previousOperationId":"k1isn42aehye4zb"}
{"type":"log","timestamp":1744209901840,"level":"debug","message":"Page request finished: GET (document) 200 file:///C:/Users/Patheo24/AppData/Local/Temp/jsreport/autocleanup/c4610735-fd91-4ab6-b12f-d5cdcfe44dec-chrome-pdf.html","meta":{"rootId":"3yn39r15pahkart","id":"3yn39r15pahkart"},"id":"o74nn8yd77xnd84","previousOperationId":"k1isn42aehye4zb"}
{"type":"log","timestamp":1744209901841,"level":"debug","message":"Page request: GET (font) http://localhost:5488/fonts/kalpurush.ttf","meta":{"rootId":"3yn39r15pahkart","id":"3yn39r15pahkart"},"id":"03oveto40e4zpm0","previousOperationId":"k1isn42aehye4zb"}
{"type":"log","timestamp":1744209901841,"level":"debug","message":"Page request: GET (image) https://res.cloudinary.com/dpes1dyqb/image/upload/v1738768933/logo_myycxt.jpg","meta":{"rootId":"3yn39r15pahkart","id":"3yn39r15pahkart"},"id":"yfkwh1gvs4xa1i2","previousOperationId":"k1isn42aehye4zb"}
{"type":"log","timestamp":1744209901847,"level":"debug","message":"Page request: GET (font) http://localhost:5488/fonts/kalpurush.ttf","meta":{"rootId":"3yn39r15pahkart","id":"3yn39r15pahkart"},"id":"uq5alx5dme1ny2p","previousOperationId":"k1isn42aehye4zb"}
{"type":"log","timestamp":1744209901901,"level":"debug","message":"Page request finished: GET (image) 200 https://res.cloudinary.com/dpes1dyqb/image/upload/v1738768933/logo_myycxt.jpg","meta":{"rootId":"3yn39r15pahkart","id":"3yn39r15pahkart"},"id":"ozm4s2jnl6q70l7","previousOperationId":"k1isn42aehye4zb"}
{"type":"log","timestamp":1744209901902,"level":"debug","message":"(console:error) Failed to load resource: the server responded with a status of 404 (Not Found)","meta":{"userLevel":true,"rootId":"3yn39r15pahkart","id":"3yn39r15pahkart"},"id":"gtih37t56zk36kg","previousOperationId":"k1isn42aehye4zb"}
{"type":"log","timestamp":1744209901906,"level":"warn","message":"Page request failed: GET (font) http://localhost:5488/fonts/kalpurush.ttf, failure: net::ERR_ABORTED","meta":{"rootId":"3yn39r15pahkart","id":"3yn39r15pahkart"},"id":"hx0algq3edou8e6","previousOperationId":"k1isn42aehye4zb"}
{"type":"log","timestamp":1744209901911,"level":"debug","message":"Running chrome with params {\"printBackground\":true,\"format\":\"A5\",\"marginRight\":\"\",\"height\":\"\",\"marginTop\":\"\",\"marginBottom\":\"\",\"marginLeft\":\"\",\"displayHeaderFooter\":true,\"width\":\"\",\"timeout\":59922,\"margin\":{\"top\":\"\",\"right\":\"\",\"bottom\":\"\",\"left\":\"\"}}","meta":{"rootId":"3yn39r15pahkart","id":"3yn39r15pahkart"},"id":"hdlrux0f5e1s0wh","previousOperationId":"k1isn42aehye4zb"}
{"type":"operationEnd","operationId":"k1isn42aehye4zb","timestamp":1744209902238,"id":"84kqrmsifniv26w","previousEventId":"rdmio4vzf9z9bw7","previousOperationId":"k1isn42aehye4zb"}
{"type":"log","timestamp":1744209902238,"level":"debug","message":"Skipping storing report.","meta":{"rootId":"3yn39r15pahkart","id":"3yn39r15pahkart"},"id":"t7c5da4t7wpcco4","previousOperationId":"k1isn42aehye4zb"}
{"type":"log","timestamp":1744209902238,"level":"info","message":"Rendering request 122 finished in 589 ms","meta":{"rootId":"3yn39r15pahkart","id":"3yn39r15pahkart"},"id":"ek3te3slclmk410","previousOperationId":"k1isn42aehye4zb"}
{"type":"operationEnd","subtype":"render","operationId":"na0hz38xdvwt41t","timestamp":1744209902238,"id":"l5guby7l79iglw5","previousEventId":"84kqrmsifniv26w","previousOperationId":"k1isn42aehye4zb"}
{"type":"operationEnd","doDiffs":false,"previousEventId":"0a29r89jsq6dsaf","previousOperationId":"kovbzomu2un03yf","operationId":"kovbzomu2un03yf","timestamp":1744209902240,"id":"npfgzegqj71mcig"}
