{"type":"operationStart","subtype":"profile","data":{"_id":"xs2qfnGXOWZiGqnf","timestamp":"2025-04-09T06:51:12.215Z","state":"queued","mode":"standard","creationDate":"2025-04-09T06:51:12.216Z","modificationDate":"2025-04-09T06:51:12.216Z","shortid":"K6G59ud","$entitySet":"profiles"},"doDiffs":false,"timestamp":1744181472215,"id":"6tet1ukgz8st4eu","previousOperationId":null,"operationId":"uor3q97k3u9sln2"}
{"type":"log","level":"info","message":"Render request 23 queued for execution and waiting for available worker","previousOperationId":"uor3q97k3u9sln2","timestamp":1744181472215,"id":"y8bs5dslo2q6fxe"}
{"type":"operationStart","subtype":"render","name":"myTemplate","previousOperationId":"uor3q97k3u9sln2","timestamp":1744181472231,"id":"1mao4051jvwsq8h","previousEventId":"6tet1ukgz8st4eu","operationId":"xcqimuu4ynpjqlp"}
{"type":"log","timestamp":1744181472231,"level":"info","message":"Starting rendering request 23","meta":{"rootId":"49oeq5lq9wdyyrp","id":"49oeq5lq9wdyyrp"},"id":"3xfm7o5azdt1ftf","previousOperationId":"xcqimuu4ynpjqlp"}
{"type":"log","timestamp":1744181472231,"level":"info","message":"Rendering template { name: myTemplate, recipe: chrome-pdf, engine: handlebars, preview: true }","meta":{"rootId":"49oeq5lq9wdyyrp","id":"49oeq5lq9wdyyrp"},"id":"faqicq4tbkvi71f","previousOperationId":"xcqimuu4ynpjqlp"}
{"type":"log","timestamp":1744181472232,"level":"debug","message":"Inline data specified.","meta":{"rootId":"49oeq5lq9wdyyrp","id":"49oeq5lq9wdyyrp"},"id":"lixe2dh0sjhkibh","previousOperationId":"xcqimuu4ynpjqlp"}
{"type":"log","timestamp":1744181472234,"level":"debug","message":"Base url not specified, skipping its injection.","meta":{"rootId":"49oeq5lq9wdyyrp","id":"49oeq5lq9wdyyrp"},"id":"8mf8wcv82ppwwi9","previousOperationId":"xcqimuu4ynpjqlp"}
{"type":"operationStart","subtype":"engine","name":"handlebars","timestamp":1744181472234,"id":"gqxwtpfmts4ivj2","previousEventId":"1mao4051jvwsq8h","operationId":"qk1vcwovrai4hcf","previousOperationId":"xcqimuu4ynpjqlp"}
{"type":"log","timestamp":1744181472234,"level":"debug","message":"Rendering engine handlebars","meta":{"rootId":"49oeq5lq9wdyyrp","id":"49oeq5lq9wdyyrp"},"id":"1dzv91f6yvkg1n3","previousOperationId":"qk1vcwovrai4hcf"}
{"type":"operationEnd","operationId":"qk1vcwovrai4hcf","timestamp":1744181472249,"id":"vis6gaw4oroz4t3","previousEventId":"gqxwtpfmts4ivj2","previousOperationId":"qk1vcwovrai4hcf"}
{"type":"operationStart","subtype":"recipe","name":"chrome-pdf","timestamp":1744181472249,"id":"knsotu448dpfjak","previousEventId":"vis6gaw4oroz4t3","operationId":"fypgae4a4mxn1il","previousOperationId":"qk1vcwovrai4hcf"}
{"type":"log","timestamp":1744181472249,"level":"debug","message":"Executing recipe chrome-pdf","meta":{"rootId":"49oeq5lq9wdyyrp","id":"49oeq5lq9wdyyrp"},"id":"hhcavhwte5qte6c","previousOperationId":"fypgae4a4mxn1il"}
{"type":"log","timestamp":1744181472252,"level":"debug","message":"Converting with chrome Chrome/133.0.6943.126 using chrome-pool strategy","meta":{"rootId":"49oeq5lq9wdyyrp","id":"49oeq5lq9wdyyrp"},"id":"b68pupzyxlgjmsz","previousOperationId":"fypgae4a4mxn1il"}
{"type":"log","timestamp":1744181472334,"level":"debug","message":"Page request: GET (document) file:///C:/Users/Patheo24/AppData/Local/Temp/jsreport/autocleanup/b2f7a019-4db6-4f04-b722-d2563b0d2e5c-chrome-pdf.html","meta":{"rootId":"49oeq5lq9wdyyrp","id":"49oeq5lq9wdyyrp"},"id":"b1xylmaez0knr0v","previousOperationId":"fypgae4a4mxn1il"}
{"type":"log","timestamp":1744181472362,"level":"debug","message":"Page request finished: GET (document) 200 file:///C:/Users/Patheo24/AppData/Local/Temp/jsreport/autocleanup/b2f7a019-4db6-4f04-b722-d2563b0d2e5c-chrome-pdf.html","meta":{"rootId":"49oeq5lq9wdyyrp","id":"49oeq5lq9wdyyrp"},"id":"c4lwi613nmn7c59","previousOperationId":"fypgae4a4mxn1il"}
{"type":"log","timestamp":1744181472368,"level":"debug","message":"Page request: GET (image) https://res.cloudinary.com/dpes1dyqb/image/upload/v1738768933/logo_myycxt.jpg","meta":{"rootId":"49oeq5lq9wdyyrp","id":"49oeq5lq9wdyyrp"},"id":"6t31riiz4bw75ub","previousOperationId":"fypgae4a4mxn1il"}
{"type":"log","timestamp":1744181472369,"level":"debug","message":"Page request: GET (font) http://localhost:5488/fonts/kalpurush.ttf","meta":{"rootId":"49oeq5lq9wdyyrp","id":"49oeq5lq9wdyyrp"},"id":"r6somfsc3lu7958","previousOperationId":"fypgae4a4mxn1il"}
{"type":"log","timestamp":1744181472434,"level":"debug","message":"Page request: GET (font) http://localhost:5488/fonts/kalpurush.ttf","meta":{"rootId":"49oeq5lq9wdyyrp","id":"49oeq5lq9wdyyrp"},"id":"0qu4eyirghzrj6g","previousOperationId":"fypgae4a4mxn1il"}
{"type":"log","timestamp":1744181472435,"level":"debug","message":"Page request finished: GET (image) 200 https://res.cloudinary.com/dpes1dyqb/image/upload/v1738768933/logo_myycxt.jpg","meta":{"rootId":"49oeq5lq9wdyyrp","id":"49oeq5lq9wdyyrp"},"id":"9qzqkwy8fbb8fxp","previousOperationId":"fypgae4a4mxn1il"}
{"type":"log","timestamp":1744181472453,"level":"debug","message":"(console:error) Failed to load resource: the server responded with a status of 404 (Not Found)","meta":{"userLevel":true,"rootId":"49oeq5lq9wdyyrp","id":"49oeq5lq9wdyyrp"},"id":"0aa3db41qycsluu","previousOperationId":"fypgae4a4mxn1il"}
{"type":"log","timestamp":1744181472453,"level":"warn","message":"Page request failed: GET (font) http://localhost:5488/fonts/kalpurush.ttf, failure: net::ERR_ABORTED","meta":{"rootId":"49oeq5lq9wdyyrp","id":"49oeq5lq9wdyyrp"},"id":"yf79deajwkm6dm7","previousOperationId":"fypgae4a4mxn1il"}
{"type":"log","timestamp":1744181472466,"level":"debug","message":"Running chrome with params {\"printBackground\":true,\"timeout\":59964,\"margin\":{}}","meta":{"rootId":"49oeq5lq9wdyyrp","id":"49oeq5lq9wdyyrp"},"id":"zl5tnu01m8bndpi","previousOperationId":"fypgae4a4mxn1il"}
{"type":"operationEnd","operationId":"fypgae4a4mxn1il","timestamp":1744181472852,"id":"z76oondwc43bzun","previousEventId":"knsotu448dpfjak","previousOperationId":"fypgae4a4mxn1il"}
{"type":"log","timestamp":1744181472852,"level":"debug","message":"Skipping storing report.","meta":{"rootId":"49oeq5lq9wdyyrp","id":"49oeq5lq9wdyyrp"},"id":"iii2x0gnnwthf6f","previousOperationId":"fypgae4a4mxn1il"}
{"type":"log","timestamp":1744181472853,"level":"info","message":"Rendering request 23 finished in 638 ms","meta":{"rootId":"49oeq5lq9wdyyrp","id":"49oeq5lq9wdyyrp"},"id":"rcy0nil16q4yvmi","previousOperationId":"fypgae4a4mxn1il"}
{"type":"operationEnd","subtype":"render","operationId":"xcqimuu4ynpjqlp","timestamp":1744181472853,"id":"oj3b1ah4khz6f8v","previousEventId":"z76oondwc43bzun","previousOperationId":"fypgae4a4mxn1il"}
{"type":"operationEnd","doDiffs":false,"previousEventId":"6tet1ukgz8st4eu","previousOperationId":"uor3q97k3u9sln2","operationId":"uor3q97k3u9sln2","timestamp":1744181472859,"id":"qlz3vxga1yqukza"}
