{"type":"operationStart","subtype":"profile","data":{"_id":"wsCzGsWfAsAhPno7","timestamp":"2025-04-09T14:59:00.451Z","state":"queued","mode":"standard","creationDate":"2025-04-09T14:59:00.454Z","modificationDate":"2025-04-09T14:59:00.454Z","shortid":"ZX_M3IJ","$entitySet":"profiles"},"doDiffs":false,"timestamp":1744210740453,"id":"xtivgazzzedk9df","previousOperationId":null,"operationId":"d7bufr9p7m4v78g"}
{"type":"log","level":"info","message":"Render request 7 queued for execution and waiting for available worker","previousOperationId":"d7bufr9p7m4v78g","timestamp":1744210740453,"id":"tamp9pox2uty7ws"}
{"type":"operationStart","subtype":"render","name":"myTemplate","previousOperationId":"d7bufr9p7m4v78g","timestamp":1744210740467,"id":"crm522pa4av4cin","previousEventId":"xtivgazzzedk9df","operationId":"s7o06nm1keua0d1"}
{"type":"log","timestamp":1744210740467,"level":"info","message":"Starting rendering request 7","meta":{"rootId":"4gatmp0ns3zs2aw","id":"4gatmp0ns3zs2aw"},"id":"afnf3p3ztrx0p0e","previousOperationId":"s7o06nm1keua0d1"}
{"type":"log","timestamp":1744210740467,"level":"info","message":"Rendering template { name: myTemplate, recipe: chrome-pdf, engine: handlebars, preview: true }","meta":{"rootId":"4gatmp0ns3zs2aw","id":"4gatmp0ns3zs2aw"},"id":"lxubiek0l0gjrzt","previousOperationId":"s7o06nm1keua0d1"}
{"type":"log","timestamp":1744210740468,"level":"debug","message":"Inline data specified.","meta":{"rootId":"4gatmp0ns3zs2aw","id":"4gatmp0ns3zs2aw"},"id":"yz0r9akmi3gpg9a","previousOperationId":"s7o06nm1keua0d1"}
{"type":"log","timestamp":1744210740469,"level":"debug","message":"Base url not specified, skipping its injection.","meta":{"rootId":"4gatmp0ns3zs2aw","id":"4gatmp0ns3zs2aw"},"id":"4cte4tlxhdnz01z","previousOperationId":"s7o06nm1keua0d1"}
{"type":"operationStart","subtype":"engine","name":"handlebars","timestamp":1744210740470,"id":"e62bcd63gemxsn8","previousEventId":"crm522pa4av4cin","operationId":"o5htguh1c0f89ls","previousOperationId":"s7o06nm1keua0d1"}
{"type":"log","timestamp":1744210740470,"level":"debug","message":"Rendering engine handlebars","meta":{"rootId":"4gatmp0ns3zs2aw","id":"4gatmp0ns3zs2aw"},"id":"jxoowmykmopg8eb","previousOperationId":"o5htguh1c0f89ls"}
{"type":"operationEnd","operationId":"o5htguh1c0f89ls","timestamp":1744210740544,"id":"fabzuz6gi79t1lq","previousEventId":"e62bcd63gemxsn8","previousOperationId":"o5htguh1c0f89ls"}
{"type":"operationStart","subtype":"recipe","name":"chrome-pdf","timestamp":1744210740545,"id":"y2xed5ctns0b81b","previousEventId":"fabzuz6gi79t1lq","operationId":"ow35c859rno3u8k","previousOperationId":"o5htguh1c0f89ls"}
{"type":"log","timestamp":1744210740545,"level":"debug","message":"Executing recipe chrome-pdf","meta":{"rootId":"4gatmp0ns3zs2aw","id":"4gatmp0ns3zs2aw"},"id":"u0nzs236jkju8ys","previousOperationId":"ow35c859rno3u8k"}
{"type":"log","timestamp":1744210740547,"level":"debug","message":"Converting with chrome Chrome/133.0.6943.126 using chrome-pool strategy","meta":{"rootId":"4gatmp0ns3zs2aw","id":"4gatmp0ns3zs2aw"},"id":"ypt476kb9bzcaot","previousOperationId":"ow35c859rno3u8k"}
{"type":"log","timestamp":1744210740638,"level":"debug","message":"Page request: GET (document) file:///C:/Users/Patheo24/AppData/Local/Temp/jsreport/autocleanup/83206b0b-20fb-4094-85a3-fd4fc15b8667-chrome-pdf.html","meta":{"rootId":"4gatmp0ns3zs2aw","id":"4gatmp0ns3zs2aw"},"id":"vmgjkaygewh405v","previousOperationId":"ow35c859rno3u8k"}
{"type":"log","timestamp":1744210740685,"level":"debug","message":"Page request finished: GET (document) 200 file:///C:/Users/Patheo24/AppData/Local/Temp/jsreport/autocleanup/83206b0b-20fb-4094-85a3-fd4fc15b8667-chrome-pdf.html","meta":{"rootId":"4gatmp0ns3zs2aw","id":"4gatmp0ns3zs2aw"},"id":"50rzufa7no5dbi4","previousOperationId":"ow35c859rno3u8k"}
{"type":"log","timestamp":1744210740694,"level":"debug","message":"Page request: GET (image) https://res.cloudinary.com/dpes1dyqb/image/upload/v1738768933/logo_myycxt.jpg","meta":{"rootId":"4gatmp0ns3zs2aw","id":"4gatmp0ns3zs2aw"},"id":"lgui1bv4g3qtj48","previousOperationId":"ow35c859rno3u8k"}
{"type":"log","timestamp":1744210740695,"level":"debug","message":"Page request: GET (font) http://localhost:5488/fonts/kalpurush.ttf","meta":{"rootId":"4gatmp0ns3zs2aw","id":"4gatmp0ns3zs2aw"},"id":"rvhe0wjfkf3qzpy","previousOperationId":"ow35c859rno3u8k"}
{"type":"log","timestamp":1744210740746,"level":"debug","message":"Page request finished: GET (image) 200 https://res.cloudinary.com/dpes1dyqb/image/upload/v1738768933/logo_myycxt.jpg","meta":{"rootId":"4gatmp0ns3zs2aw","id":"4gatmp0ns3zs2aw"},"id":"y57f9zdfrdz7z6b","previousOperationId":"ow35c859rno3u8k"}
{"type":"log","timestamp":1744210740749,"level":"debug","message":"Page request: GET (font) http://localhost:5488/fonts/kalpurush.ttf","meta":{"rootId":"4gatmp0ns3zs2aw","id":"4gatmp0ns3zs2aw"},"id":"8e477y9ovarwhji","previousOperationId":"ow35c859rno3u8k"}
{"type":"log","timestamp":1744210740761,"level":"debug","message":"(console:error) Failed to load resource: the server responded with a status of 404 (Not Found)","meta":{"userLevel":true,"rootId":"4gatmp0ns3zs2aw","id":"4gatmp0ns3zs2aw"},"id":"ll45bsvlkrgpxdj","previousOperationId":"ow35c859rno3u8k"}
{"type":"log","timestamp":1744210740762,"level":"warn","message":"Page request failed: GET (font) http://localhost:5488/fonts/kalpurush.ttf, failure: net::ERR_ABORTED","meta":{"rootId":"4gatmp0ns3zs2aw","id":"4gatmp0ns3zs2aw"},"id":"kv460k7jfvdmjmr","previousOperationId":"ow35c859rno3u8k"}
{"type":"log","timestamp":1744210740777,"level":"debug","message":"Running chrome with params {\"printBackground\":true,\"format\":\"A5\",\"marginRight\":\"\",\"height\":\"\",\"marginTop\":\"\",\"marginBottom\":\"\",\"marginLeft\":\"\",\"displayHeaderFooter\":true,\"width\":\"\",\"timeout\":59905,\"margin\":{\"top\":\"\",\"right\":\"\",\"bottom\":\"\",\"left\":\"\"}}","meta":{"rootId":"4gatmp0ns3zs2aw","id":"4gatmp0ns3zs2aw"},"id":"g4at5k8dnk4zhh0","previousOperationId":"ow35c859rno3u8k"}
{"type":"operationEnd","operationId":"ow35c859rno3u8k","timestamp":1744210741143,"id":"4t3zqcchnx0fnyi","previousEventId":"y2xed5ctns0b81b","previousOperationId":"ow35c859rno3u8k"}
{"type":"log","timestamp":1744210741143,"level":"debug","message":"Skipping storing report.","meta":{"rootId":"4gatmp0ns3zs2aw","id":"4gatmp0ns3zs2aw"},"id":"y45gxrjrs3sx0bk","previousOperationId":"ow35c859rno3u8k"}
{"type":"log","timestamp":1744210741143,"level":"info","message":"Rendering request 7 finished in 692 ms","meta":{"rootId":"4gatmp0ns3zs2aw","id":"4gatmp0ns3zs2aw"},"id":"brti5qgnpmo5ypf","previousOperationId":"ow35c859rno3u8k"}
{"type":"operationEnd","subtype":"render","operationId":"s7o06nm1keua0d1","timestamp":1744210741143,"id":"tz268vp9540pytz","previousEventId":"4t3zqcchnx0fnyi","previousOperationId":"ow35c859rno3u8k"}
{"type":"operationEnd","doDiffs":false,"previousEventId":"xtivgazzzedk9df","previousOperationId":"d7bufr9p7m4v78g","operationId":"d7bufr9p7m4v78g","timestamp":1744210741147,"id":"t92m3uxapdqc262"}
