{"type":"operationStart","subtype":"profile","data":{"_id":"7rtNb2aOfSMxBveZ","timestamp":"2025-04-10T17:08:20.964Z","state":"queued","mode":"standard","creationDate":"2025-04-10T17:08:20.967Z","modificationDate":"2025-04-10T17:08:20.967Z","shortid":"Wd6o5b9","$entitySet":"profiles"},"doDiffs":false,"timestamp":1744304900965,"id":"nrk4u1iumhekvwg","previousOperationId":null,"operationId":"8yebbkkpjj3skrj"}
{"type":"log","level":"info","message":"Render request 5 queued for execution and waiting for available worker","previousOperationId":"8yebbkkpjj3skrj","timestamp":1744304900965,"id":"fn74zuk8maclaed"}
{"type":"operationStart","subtype":"render","name":"myTemplate","previousOperationId":"8yebbkkpjj3skrj","timestamp":1744304900982,"id":"79i2aq1ssks6x9e","previousEventId":"nrk4u1iumhekvwg","operationId":"92kjheoh2c0ogrr"}
{"type":"log","timestamp":1744304900983,"level":"info","message":"Starting rendering request 5","meta":{"rootId":"4h8q4hb0zsr4mk6","id":"4h8q4hb0zsr4mk6"},"id":"67qgkw1o1dogi79","previousOperationId":"92kjheoh2c0ogrr"}
{"type":"log","timestamp":1744304900983,"level":"info","message":"Rendering template { name: myTemplate, recipe: chrome-pdf, engine: handlebars, preview: true }","meta":{"rootId":"4h8q4hb0zsr4mk6","id":"4h8q4hb0zsr4mk6"},"id":"hx6pfezkblaypm4","previousOperationId":"92kjheoh2c0ogrr"}
{"type":"log","timestamp":1744304900984,"level":"debug","message":"Inline data specified.","meta":{"rootId":"4h8q4hb0zsr4mk6","id":"4h8q4hb0zsr4mk6"},"id":"nnnl0mtd0fodnyc","previousOperationId":"92kjheoh2c0ogrr"}
{"type":"log","timestamp":1744304900986,"level":"debug","message":"Base url not specified, skipping its injection.","meta":{"rootId":"4h8q4hb0zsr4mk6","id":"4h8q4hb0zsr4mk6"},"id":"uh2v4wvff51p1cw","previousOperationId":"92kjheoh2c0ogrr"}
{"type":"operationStart","subtype":"engine","name":"handlebars","timestamp":1744304900986,"id":"fz0hxhxaz83f3qr","previousEventId":"79i2aq1ssks6x9e","operationId":"b50m0720s6u892m","previousOperationId":"92kjheoh2c0ogrr"}
{"type":"log","timestamp":1744304900986,"level":"debug","message":"Rendering engine handlebars","meta":{"rootId":"4h8q4hb0zsr4mk6","id":"4h8q4hb0zsr4mk6"},"id":"ct60us5wrmwm137","previousOperationId":"b50m0720s6u892m"}
{"type":"operationEnd","operationId":"b50m0720s6u892m","timestamp":1744304901027,"id":"f7a3did9l7y4ig4","previousEventId":"fz0hxhxaz83f3qr","previousOperationId":"b50m0720s6u892m"}
{"type":"operationStart","subtype":"recipe","name":"chrome-pdf","timestamp":1744304901027,"id":"9eeps7fpev3gxx8","previousEventId":"f7a3did9l7y4ig4","operationId":"wvlu1pxf3ihnz76","previousOperationId":"b50m0720s6u892m"}
{"type":"log","timestamp":1744304901027,"level":"debug","message":"Executing recipe chrome-pdf","meta":{"rootId":"4h8q4hb0zsr4mk6","id":"4h8q4hb0zsr4mk6"},"id":"lvslwewznwc0wk3","previousOperationId":"wvlu1pxf3ihnz76"}
{"type":"log","timestamp":1744304901030,"level":"debug","message":"Converting with chrome Chrome/133.0.6943.126 using chrome-pool strategy","meta":{"rootId":"4h8q4hb0zsr4mk6","id":"4h8q4hb0zsr4mk6"},"id":"fvg6b4nsnrt6be9","previousOperationId":"wvlu1pxf3ihnz76"}
{"type":"log","timestamp":1744304901144,"level":"debug","message":"Page request: GET (document) file:///C:/Users/Patheo24/AppData/Local/Temp/jsreport/autocleanup/afd80cf7-01d9-4958-99d4-6b3da8f93bad-chrome-pdf.html","meta":{"rootId":"4h8q4hb0zsr4mk6","id":"4h8q4hb0zsr4mk6"},"id":"fezlu445idq0txm","previousOperationId":"wvlu1pxf3ihnz76"}
{"type":"log","timestamp":1744304901158,"level":"debug","message":"Page request finished: GET (document) 200 file:///C:/Users/Patheo24/AppData/Local/Temp/jsreport/autocleanup/afd80cf7-01d9-4958-99d4-6b3da8f93bad-chrome-pdf.html","meta":{"rootId":"4h8q4hb0zsr4mk6","id":"4h8q4hb0zsr4mk6"},"id":"onemldq3a2x51pa","previousOperationId":"wvlu1pxf3ihnz76"}
{"type":"log","timestamp":1744304901159,"level":"debug","message":"(console:info) Slow network is detected. See https://www.chromestatus.com/feature/5636954674692096 for more details. Fallback font will be used while loading: http://localhost:5488/fonts/kalpurush.ttf","meta":{"userLevel":true,"rootId":"4h8q4hb0zsr4mk6","id":"4h8q4hb0zsr4mk6"},"id":"lsb6qc32l65iw5h","previousOperationId":"wvlu1pxf3ihnz76"}
{"type":"log","timestamp":1744304901159,"level":"debug","message":"Page request: GET (image) https://res.cloudinary.com/dpes1dyqb/image/upload/v1738768933/logo_myycxt.jpg","meta":{"rootId":"4h8q4hb0zsr4mk6","id":"4h8q4hb0zsr4mk6"},"id":"ruivrdcv9zpzb6s","previousOperationId":"wvlu1pxf3ihnz76"}
{"type":"log","timestamp":1744304901160,"level":"debug","message":"Page request: GET (font) http://localhost:5488/fonts/kalpurush.ttf","meta":{"rootId":"4h8q4hb0zsr4mk6","id":"4h8q4hb0zsr4mk6"},"id":"98nbx8s2lptf2dd","previousOperationId":"wvlu1pxf3ihnz76"}
{"type":"log","timestamp":1744304901209,"level":"debug","message":"Page request finished: GET (image) 200 https://res.cloudinary.com/dpes1dyqb/image/upload/v1738768933/logo_myycxt.jpg","meta":{"rootId":"4h8q4hb0zsr4mk6","id":"4h8q4hb0zsr4mk6"},"id":"5s199c03ba4b4j7","previousOperationId":"wvlu1pxf3ihnz76"}
{"type":"log","timestamp":1744304901209,"level":"debug","message":"Page request: GET (font) http://localhost:5488/fonts/kalpurush.ttf","meta":{"rootId":"4h8q4hb0zsr4mk6","id":"4h8q4hb0zsr4mk6"},"id":"jkibx76lp6ijs9r","previousOperationId":"wvlu1pxf3ihnz76"}
{"type":"log","timestamp":1744304901215,"level":"debug","message":"(console:error) Failed to load resource: the server responded with a status of 404 (Not Found)","meta":{"userLevel":true,"rootId":"4h8q4hb0zsr4mk6","id":"4h8q4hb0zsr4mk6"},"id":"jvkmeab0ebxiuz5","previousOperationId":"wvlu1pxf3ihnz76"}
{"type":"log","timestamp":1744304901215,"level":"warn","message":"Page request failed: GET (font) http://localhost:5488/fonts/kalpurush.ttf, failure: net::ERR_ABORTED","meta":{"rootId":"4h8q4hb0zsr4mk6","id":"4h8q4hb0zsr4mk6"},"id":"rx4h1ifq6mlogxn","previousOperationId":"wvlu1pxf3ihnz76"}
{"type":"log","timestamp":1744304901228,"level":"debug","message":"Running chrome with params {\"printBackground\":true,\"format\":\"A5\",\"marginRight\":\"\",\"height\":\"\",\"marginTop\":\"\",\"marginBottom\":\"\",\"marginLeft\":\"\",\"displayHeaderFooter\":true,\"width\":\"\",\"timeout\":59935,\"margin\":{\"top\":\"\",\"right\":\"\",\"bottom\":\"\",\"left\":\"\"}}","meta":{"rootId":"4h8q4hb0zsr4mk6","id":"4h8q4hb0zsr4mk6"},"id":"ibe3lh6jg27077q","previousOperationId":"wvlu1pxf3ihnz76"}
{"type":"operationEnd","operationId":"wvlu1pxf3ihnz76","timestamp":1744304901548,"id":"9niwz7bsr3srniw","previousEventId":"9eeps7fpev3gxx8","previousOperationId":"wvlu1pxf3ihnz76"}
{"type":"log","timestamp":1744304901548,"level":"debug","message":"Skipping storing report.","meta":{"rootId":"4h8q4hb0zsr4mk6","id":"4h8q4hb0zsr4mk6"},"id":"z7mjkfkyg881fpv","previousOperationId":"wvlu1pxf3ihnz76"}
{"type":"log","timestamp":1744304901548,"level":"info","message":"Rendering request 5 finished in 584 ms","meta":{"rootId":"4h8q4hb0zsr4mk6","id":"4h8q4hb0zsr4mk6"},"id":"i8110go66rr4om2","previousOperationId":"wvlu1pxf3ihnz76"}
{"type":"operationEnd","subtype":"render","operationId":"92kjheoh2c0ogrr","timestamp":1744304901548,"id":"y8q4h3nkzee0fz6","previousEventId":"9niwz7bsr3srniw","previousOperationId":"wvlu1pxf3ihnz76"}
{"type":"operationEnd","doDiffs":false,"previousEventId":"nrk4u1iumhekvwg","previousOperationId":"8yebbkkpjj3skrj","operationId":"8yebbkkpjj3skrj","timestamp":1744304901556,"id":"i2mzcnqxjv0wqs4"}
