{"type":"operationStart","subtype":"profile","data":{"_id":"JVkhwMim3AoklwXV","timestamp":"2025-04-10T13:12:25.702Z","state":"queued","mode":"standard","creationDate":"2025-04-10T13:12:25.704Z","modificationDate":"2025-04-10T13:12:25.704Z","shortid":"F_ldcWz","$entitySet":"profiles"},"doDiffs":false,"timestamp":1744290745703,"id":"h4yeycydv1c4tsb","previousOperationId":null,"operationId":"ift52ssitp3mhwz"}
{"type":"log","level":"info","message":"Render request 9 queued for execution and waiting for available worker","previousOperationId":"ift52ssitp3mhwz","timestamp":1744290745703,"id":"2fpkxi1t6ms97ze"}
{"type":"operationStart","subtype":"render","name":"myTemplate","previousOperationId":"ift52ssitp3mhwz","timestamp":1744290745736,"id":"q2y9oojcgtc2xeb","previousEventId":"h4yeycydv1c4tsb","operationId":"mqfuye6ndknw9ad"}
{"type":"log","timestamp":1744290745737,"level":"info","message":"Starting rendering request 9","meta":{"rootId":"4ino5oqsqiyy78z","id":"4ino5oqsqiyy78z"},"id":"5m98strpqy9n3gv","previousOperationId":"mqfuye6ndknw9ad"}
{"type":"log","timestamp":1744290745737,"level":"info","message":"Rendering template { name: myTemplate, recipe: chrome-pdf, engine: handlebars, preview: true }","meta":{"rootId":"4ino5oqsqiyy78z","id":"4ino5oqsqiyy78z"},"id":"w8e9yotj2sll9sy","previousOperationId":"mqfuye6ndknw9ad"}
{"type":"log","timestamp":1744290745738,"level":"debug","message":"Adding sample data HUavgV0Kc","meta":{"rootId":"4ino5oqsqiyy78z","id":"4ino5oqsqiyy78z"},"id":"mo04h586ch0rpa1","previousOperationId":"mqfuye6ndknw9ad"}
{"type":"log","timestamp":1744290745745,"level":"debug","message":"Base url not specified, skipping its injection.","meta":{"rootId":"4ino5oqsqiyy78z","id":"4ino5oqsqiyy78z"},"id":"qpo5mnpfrs88knu","previousOperationId":"mqfuye6ndknw9ad"}
{"type":"operationStart","subtype":"engine","name":"handlebars","timestamp":1744290745745,"id":"nyb35odlqagl3zv","previousEventId":"q2y9oojcgtc2xeb","operationId":"upxwejxgnx8z4ep","previousOperationId":"mqfuye6ndknw9ad"}
{"type":"log","timestamp":1744290745745,"level":"debug","message":"Rendering engine handlebars","meta":{"rootId":"4ino5oqsqiyy78z","id":"4ino5oqsqiyy78z"},"id":"g23rywcb4swg0sm","previousOperationId":"upxwejxgnx8z4ep"}
{"type":"operationEnd","operationId":"upxwejxgnx8z4ep","timestamp":1744290745804,"id":"la42k7e4rfyd7h7","previousEventId":"nyb35odlqagl3zv","previousOperationId":"upxwejxgnx8z4ep"}
{"type":"operationStart","subtype":"recipe","name":"chrome-pdf","timestamp":1744290745804,"id":"5szfcrpqjix5uej","previousEventId":"la42k7e4rfyd7h7","operationId":"osjj947a9gne1zy","previousOperationId":"upxwejxgnx8z4ep"}
{"type":"log","timestamp":1744290745804,"level":"debug","message":"Executing recipe chrome-pdf","meta":{"rootId":"4ino5oqsqiyy78z","id":"4ino5oqsqiyy78z"},"id":"1djp1gw3shz91ni","previousOperationId":"osjj947a9gne1zy"}
{"type":"log","timestamp":1744290745807,"level":"debug","message":"Converting with chrome Chrome/133.0.6943.126 using chrome-pool strategy","meta":{"rootId":"4ino5oqsqiyy78z","id":"4ino5oqsqiyy78z"},"id":"jj8yf6zd219apis","previousOperationId":"osjj947a9gne1zy"}
{"type":"log","timestamp":1744290745874,"level":"debug","message":"Page request: GET (document) file:///C:/Users/Patheo24/AppData/Local/Temp/jsreport/autocleanup/03dcc8d9-6de9-4cb7-85b0-0bf33011275a-chrome-pdf.html","meta":{"rootId":"4ino5oqsqiyy78z","id":"4ino5oqsqiyy78z"},"id":"tx5kh5qd70jbnd4","previousOperationId":"osjj947a9gne1zy"}
{"type":"log","timestamp":1744290745897,"level":"debug","message":"Page request finished: GET (document) 200 file:///C:/Users/Patheo24/AppData/Local/Temp/jsreport/autocleanup/03dcc8d9-6de9-4cb7-85b0-0bf33011275a-chrome-pdf.html","meta":{"rootId":"4ino5oqsqiyy78z","id":"4ino5oqsqiyy78z"},"id":"ejo00kr9dxcuuui","previousOperationId":"osjj947a9gne1zy"}
{"type":"log","timestamp":1744290745898,"level":"debug","message":"Page request: GET (image) https://res.cloudinary.com/dpes1dyqb/image/upload/v1738768933/logo_myycxt.jpg","meta":{"rootId":"4ino5oqsqiyy78z","id":"4ino5oqsqiyy78z"},"id":"rz1p7bakgibarr5","previousOperationId":"osjj947a9gne1zy"}
{"type":"log","timestamp":1744290745898,"level":"debug","message":"(console:info) Slow network is detected. See https://www.chromestatus.com/feature/5636954674692096 for more details. Fallback font will be used while loading: http://localhost:5488/fonts/kalpurush.ttf","meta":{"userLevel":true,"rootId":"4ino5oqsqiyy78z","id":"4ino5oqsqiyy78z"},"id":"dq28h58iyn3qw72","previousOperationId":"osjj947a9gne1zy"}
{"type":"log","timestamp":1744290745901,"level":"debug","message":"Page request: GET (font) http://localhost:5488/fonts/kalpurush.ttf","meta":{"rootId":"4ino5oqsqiyy78z","id":"4ino5oqsqiyy78z"},"id":"hv5bdiw3ucfs4cx","previousOperationId":"osjj947a9gne1zy"}
{"type":"log","timestamp":1744290745946,"level":"debug","message":"Page request: GET (font) http://localhost:5488/fonts/kalpurush.ttf","meta":{"rootId":"4ino5oqsqiyy78z","id":"4ino5oqsqiyy78z"},"id":"f6yxpkfo1hrjxr5","previousOperationId":"osjj947a9gne1zy"}
{"type":"log","timestamp":1744290745947,"level":"debug","message":"Page request finished: GET (image) 200 https://res.cloudinary.com/dpes1dyqb/image/upload/v1738768933/logo_myycxt.jpg","meta":{"rootId":"4ino5oqsqiyy78z","id":"4ino5oqsqiyy78z"},"id":"5c6l96xtj2353w8","previousOperationId":"osjj947a9gne1zy"}
{"type":"log","timestamp":1744290745953,"level":"debug","message":"(console:error) Failed to load resource: the server responded with a status of 404 (Not Found)","meta":{"userLevel":true,"rootId":"4ino5oqsqiyy78z","id":"4ino5oqsqiyy78z"},"id":"qytwx4e3w6r1ql1","previousOperationId":"osjj947a9gne1zy"}
{"type":"log","timestamp":1744290745953,"level":"warn","message":"Page request failed: GET (font) http://localhost:5488/fonts/kalpurush.ttf, failure: net::ERR_ABORTED","meta":{"rootId":"4ino5oqsqiyy78z","id":"4ino5oqsqiyy78z"},"id":"jvn2hq85g4vqhgp","previousOperationId":"osjj947a9gne1zy"}
{"type":"log","timestamp":1744290745962,"level":"debug","message":"Running chrome with params {\"printBackground\":true,\"format\":\"A5\",\"marginRight\":\"\",\"height\":\"\",\"marginTop\":\"\",\"marginBottom\":\"\",\"marginLeft\":\"\",\"displayHeaderFooter\":true,\"width\":\"\",\"timeout\":59895,\"margin\":{\"top\":\"\",\"right\":\"\",\"bottom\":\"\",\"left\":\"\"}}","meta":{"rootId":"4ino5oqsqiyy78z","id":"4ino5oqsqiyy78z"},"id":"6j6gqfjoxydih3z","previousOperationId":"osjj947a9gne1zy"}
{"type":"operationEnd","operationId":"osjj947a9gne1zy","timestamp":1744290746291,"id":"bfvkul9uqxnmfi3","previousEventId":"5szfcrpqjix5uej","previousOperationId":"osjj947a9gne1zy"}
{"type":"log","timestamp":1744290746291,"level":"debug","message":"Skipping storing report.","meta":{"rootId":"4ino5oqsqiyy78z","id":"4ino5oqsqiyy78z"},"id":"v0g89vd7t5j5zo7","previousOperationId":"osjj947a9gne1zy"}
{"type":"log","timestamp":1744290746291,"level":"info","message":"Rendering request 9 finished in 590 ms","meta":{"rootId":"4ino5oqsqiyy78z","id":"4ino5oqsqiyy78z"},"id":"rb4cvd6reumxpos","previousOperationId":"osjj947a9gne1zy"}
{"type":"operationEnd","subtype":"render","operationId":"mqfuye6ndknw9ad","timestamp":1744290746291,"id":"dg2947de0mxg4gy","previousEventId":"bfvkul9uqxnmfi3","previousOperationId":"osjj947a9gne1zy"}
{"type":"operationEnd","doDiffs":false,"previousEventId":"h4yeycydv1c4tsb","previousOperationId":"ift52ssitp3mhwz","operationId":"ift52ssitp3mhwz","timestamp":1744290746296,"id":"nohi3ob4kh4s3yh"}
