{"type":"operationStart","subtype":"profile","data":{"_id":"YtXgKb37bEHXQPFT","timestamp":"2025-04-09T11:38:31.319Z","state":"queued","mode":"standard","creationDate":"2025-04-09T11:38:31.321Z","modificationDate":"2025-04-09T11:38:31.321Z","shortid":"enWcl09","$entitySet":"profiles"},"doDiffs":false,"timestamp":1744198711320,"id":"omugxkqvsjqkqed","previousOperationId":null,"operationId":"ydipsj5ly3uxd6n"}
{"type":"log","level":"info","message":"Render request 40 queued for execution and waiting for available worker","previousOperationId":"ydipsj5ly3uxd6n","timestamp":1744198711320,"id":"678d30vjx7oj14t"}
{"type":"operationStart","subtype":"render","name":"myTemplate","previousOperationId":"ydipsj5ly3uxd6n","timestamp":1744198711335,"id":"2fk63sgbddviolg","previousEventId":"omugxkqvsjqkqed","operationId":"0xpq8n0d289kdkj"}
{"type":"log","timestamp":1744198711335,"level":"info","message":"Starting rendering request 40","meta":{"rootId":"4k60j45wvvwejh1","id":"4k60j45wvvwejh1"},"id":"3q4297sici8ficg","previousOperationId":"0xpq8n0d289kdkj"}
{"type":"log","timestamp":1744198711336,"level":"info","message":"Rendering template { name: myTemplate, recipe: chrome-pdf, engine: handlebars, preview: true }","meta":{"rootId":"4k60j45wvvwejh1","id":"4k60j45wvvwejh1"},"id":"kgj2qmkwbjgo89t","previousOperationId":"0xpq8n0d289kdkj"}
{"type":"log","timestamp":1744198711336,"level":"debug","message":"Inline data specified.","meta":{"rootId":"4k60j45wvvwejh1","id":"4k60j45wvvwejh1"},"id":"f8jfrdzc93totod","previousOperationId":"0xpq8n0d289kdkj"}
{"type":"log","timestamp":1744198711338,"level":"debug","message":"Base url not specified, skipping its injection.","meta":{"rootId":"4k60j45wvvwejh1","id":"4k60j45wvvwejh1"},"id":"qhl4qq7a3e2zgc3","previousOperationId":"0xpq8n0d289kdkj"}
{"type":"operationStart","subtype":"engine","name":"handlebars","timestamp":1744198711339,"id":"o200ejc8zmp2qk8","previousEventId":"2fk63sgbddviolg","operationId":"m2azn2czw07ibm8","previousOperationId":"0xpq8n0d289kdkj"}
{"type":"log","timestamp":1744198711339,"level":"debug","message":"Rendering engine handlebars","meta":{"rootId":"4k60j45wvvwejh1","id":"4k60j45wvvwejh1"},"id":"10pp7jyu01dlebv","previousOperationId":"m2azn2czw07ibm8"}
{"type":"operationEnd","operationId":"m2azn2czw07ibm8","timestamp":1744198711352,"id":"nm6tnn3ck6v66x3","previousEventId":"o200ejc8zmp2qk8","previousOperationId":"m2azn2czw07ibm8"}
{"type":"operationStart","subtype":"recipe","name":"chrome-pdf","timestamp":1744198711352,"id":"xhuc1yleqev1jbw","previousEventId":"nm6tnn3ck6v66x3","operationId":"xg3qq0r5kjzyp89","previousOperationId":"m2azn2czw07ibm8"}
{"type":"log","timestamp":1744198711352,"level":"debug","message":"Executing recipe chrome-pdf","meta":{"rootId":"4k60j45wvvwejh1","id":"4k60j45wvvwejh1"},"id":"28z36kwxwsjde1s","previousOperationId":"xg3qq0r5kjzyp89"}
{"type":"log","timestamp":1744198711355,"level":"debug","message":"Converting with chrome Chrome/133.0.6943.126 using chrome-pool strategy","meta":{"rootId":"4k60j45wvvwejh1","id":"4k60j45wvvwejh1"},"id":"ix9frmc46s49tn7","previousOperationId":"xg3qq0r5kjzyp89"}
{"type":"log","timestamp":1744198711435,"level":"debug","message":"Page request: GET (document) file:///C:/Users/Patheo24/AppData/Local/Temp/jsreport/autocleanup/69dda198-1671-4366-a5d3-5cc88b7aaf45-chrome-pdf.html","meta":{"rootId":"4k60j45wvvwejh1","id":"4k60j45wvvwejh1"},"id":"yg3cyjwhyuh3i96","previousOperationId":"xg3qq0r5kjzyp89"}
{"type":"log","timestamp":1744198711469,"level":"debug","message":"Page request finished: GET (document) 200 file:///C:/Users/Patheo24/AppData/Local/Temp/jsreport/autocleanup/69dda198-1671-4366-a5d3-5cc88b7aaf45-chrome-pdf.html","meta":{"rootId":"4k60j45wvvwejh1","id":"4k60j45wvvwejh1"},"id":"7uf88893uakxuqe","previousOperationId":"xg3qq0r5kjzyp89"}
{"type":"log","timestamp":1744198711470,"level":"debug","message":"(console:info) Slow network is detected. See https://www.chromestatus.com/feature/5636954674692096 for more details. Fallback font will be used while loading: http://localhost:5488/fonts/kalpurush.ttf","meta":{"userLevel":true,"rootId":"4k60j45wvvwejh1","id":"4k60j45wvvwejh1"},"id":"mvfkivt6782azd0","previousOperationId":"xg3qq0r5kjzyp89"}
{"type":"log","timestamp":1744198711481,"level":"debug","message":"Page request: GET (font) http://localhost:5488/fonts/kalpurush.ttf","meta":{"rootId":"4k60j45wvvwejh1","id":"4k60j45wvvwejh1"},"id":"ceevugsqs5s43np","previousOperationId":"xg3qq0r5kjzyp89"}
{"type":"log","timestamp":1744198711481,"level":"debug","message":"Page request: GET (image) https://res.cloudinary.com/dpes1dyqb/image/upload/v1738768933/logo_myycxt.jpg","meta":{"rootId":"4k60j45wvvwejh1","id":"4k60j45wvvwejh1"},"id":"hiyo9xousne9jyk","previousOperationId":"xg3qq0r5kjzyp89"}
{"type":"log","timestamp":1744198711534,"level":"debug","message":"Page request: GET (font) http://localhost:5488/fonts/kalpurush.ttf","meta":{"rootId":"4k60j45wvvwejh1","id":"4k60j45wvvwejh1"},"id":"8qc0cmu5yb9pj2h","previousOperationId":"xg3qq0r5kjzyp89"}
{"type":"log","timestamp":1744198711535,"level":"debug","message":"Page request finished: GET (image) 200 https://res.cloudinary.com/dpes1dyqb/image/upload/v1738768933/logo_myycxt.jpg","meta":{"rootId":"4k60j45wvvwejh1","id":"4k60j45wvvwejh1"},"id":"w77d35hmox3d1os","previousOperationId":"xg3qq0r5kjzyp89"}
{"type":"log","timestamp":1744198711540,"level":"debug","message":"(console:error) Failed to load resource: the server responded with a status of 404 (Not Found)","meta":{"userLevel":true,"rootId":"4k60j45wvvwejh1","id":"4k60j45wvvwejh1"},"id":"gqqn2e7xxqiscyi","previousOperationId":"xg3qq0r5kjzyp89"}
{"type":"log","timestamp":1744198711541,"level":"warn","message":"Page request failed: GET (font) http://localhost:5488/fonts/kalpurush.ttf, failure: net::ERR_ABORTED","meta":{"rootId":"4k60j45wvvwejh1","id":"4k60j45wvvwejh1"},"id":"2e2lec7e0v6rbq1","previousOperationId":"xg3qq0r5kjzyp89"}
{"type":"log","timestamp":1744198711552,"level":"debug","message":"Running chrome with params {\"printBackground\":true,\"timeout\":59965,\"margin\":{}}","meta":{"rootId":"4k60j45wvvwejh1","id":"4k60j45wvvwejh1"},"id":"fefz6nzz6wkq52s","previousOperationId":"xg3qq0r5kjzyp89"}
{"type":"operationEnd","operationId":"xg3qq0r5kjzyp89","timestamp":1744198711873,"id":"tpoxtm09qigtz7f","previousEventId":"xhuc1yleqev1jbw","previousOperationId":"xg3qq0r5kjzyp89"}
{"type":"log","timestamp":1744198711873,"level":"debug","message":"Skipping storing report.","meta":{"rootId":"4k60j45wvvwejh1","id":"4k60j45wvvwejh1"},"id":"faia8l4lfuhe3bm","previousOperationId":"xg3qq0r5kjzyp89"}
{"type":"log","timestamp":1744198711873,"level":"info","message":"Rendering request 40 finished in 554 ms","meta":{"rootId":"4k60j45wvvwejh1","id":"4k60j45wvvwejh1"},"id":"c95pid5mb27b2m7","previousOperationId":"xg3qq0r5kjzyp89"}
{"type":"operationEnd","subtype":"render","operationId":"0xpq8n0d289kdkj","timestamp":1744198711873,"id":"p4yu5kbsvko7obk","previousEventId":"tpoxtm09qigtz7f","previousOperationId":"xg3qq0r5kjzyp89"}
{"type":"operationEnd","doDiffs":false,"previousEventId":"omugxkqvsjqkqed","previousOperationId":"ydipsj5ly3uxd6n","operationId":"ydipsj5ly3uxd6n","timestamp":1744198711877,"id":"omyaticgmflonhj"}
