{"type":"operationStart","subtype":"profile","data":{"_id":"tppP0v8dax63GdMj","timestamp":"2025-04-09T13:50:55.221Z","state":"queued","mode":"standard","creationDate":"2025-04-09T13:50:55.223Z","modificationDate":"2025-04-09T13:50:55.223Z","shortid":"6Df-dCS","$entitySet":"profiles"},"doDiffs":false,"timestamp":1744206655222,"id":"egp9piwiw3ww7eh","previousOperationId":null,"operationId":"2n2prohn7f2cxhr"}
{"type":"log","level":"info","message":"Render request 34 queued for execution and waiting for available worker","previousOperationId":"2n2prohn7f2cxhr","timestamp":1744206655222,"id":"ef4fflwmqi9tnfe"}
{"type":"operationStart","subtype":"render","name":"myTemplate","previousOperationId":"2n2prohn7f2cxhr","timestamp":1744206655236,"id":"tp3gh0dk6vm1n49","previousEventId":"egp9piwiw3ww7eh","operationId":"io3hav1zbvoq8zq"}
{"type":"log","timestamp":1744206655236,"level":"info","message":"Starting rendering request 34","meta":{"rootId":"4otfebj5djnfn3y","id":"4otfebj5djnfn3y"},"id":"od42kg0eozp9ox0","previousOperationId":"io3hav1zbvoq8zq"}
{"type":"log","timestamp":1744206655236,"level":"info","message":"Rendering template { name: myTemplate, recipe: chrome-pdf, engine: handlebars, preview: true }","meta":{"rootId":"4otfebj5djnfn3y","id":"4otfebj5djnfn3y"},"id":"47693ykrfxr3vyw","previousOperationId":"io3hav1zbvoq8zq"}
{"type":"log","timestamp":1744206655237,"level":"debug","message":"Adding sample data HUavgV0Kc","meta":{"rootId":"4otfebj5djnfn3y","id":"4otfebj5djnfn3y"},"id":"iq5vbbwjsexdvwe","previousOperationId":"io3hav1zbvoq8zq"}
{"type":"log","timestamp":1744206655239,"level":"debug","message":"Base url not specified, skipping its injection.","meta":{"rootId":"4otfebj5djnfn3y","id":"4otfebj5djnfn3y"},"id":"ahu69frrbwy5isr","previousOperationId":"io3hav1zbvoq8zq"}
{"type":"operationStart","subtype":"engine","name":"handlebars","timestamp":1744206655239,"id":"dg7f3gsxvbsg2ml","previousEventId":"tp3gh0dk6vm1n49","operationId":"qy6ajx6utf3r99m","previousOperationId":"io3hav1zbvoq8zq"}
{"type":"log","timestamp":1744206655239,"level":"debug","message":"Rendering engine handlebars","meta":{"rootId":"4otfebj5djnfn3y","id":"4otfebj5djnfn3y"},"id":"cu8prnyjeyinmuo","previousOperationId":"qy6ajx6utf3r99m"}
{"type":"operationEnd","operationId":"qy6ajx6utf3r99m","timestamp":1744206655261,"id":"5imb8y2aeqzf99i","previousEventId":"dg7f3gsxvbsg2ml","previousOperationId":"qy6ajx6utf3r99m"}
{"type":"operationStart","subtype":"recipe","name":"chrome-pdf","timestamp":1744206655262,"id":"936hu8za4n5c4wx","previousEventId":"5imb8y2aeqzf99i","operationId":"k4jlkk1ll2t3cxm","previousOperationId":"qy6ajx6utf3r99m"}
{"type":"log","timestamp":1744206655262,"level":"debug","message":"Executing recipe chrome-pdf","meta":{"rootId":"4otfebj5djnfn3y","id":"4otfebj5djnfn3y"},"id":"026kqodnvqj7336","previousOperationId":"k4jlkk1ll2t3cxm"}
{"type":"log","timestamp":1744206655264,"level":"debug","message":"Converting with chrome Chrome/133.0.6943.126 using chrome-pool strategy","meta":{"rootId":"4otfebj5djnfn3y","id":"4otfebj5djnfn3y"},"id":"iukvw9yprbluam4","previousOperationId":"k4jlkk1ll2t3cxm"}
{"type":"log","timestamp":1744206655338,"level":"debug","message":"Page request: GET (document) file:///C:/Users/Patheo24/AppData/Local/Temp/jsreport/autocleanup/d451248f-90c7-4e80-b9fa-d6d327946ca2-chrome-pdf.html","meta":{"rootId":"4otfebj5djnfn3y","id":"4otfebj5djnfn3y"},"id":"gmpyytlwhikbdlg","previousOperationId":"k4jlkk1ll2t3cxm"}
{"type":"log","timestamp":1744206655379,"level":"debug","message":"Page request finished: GET (document) 200 file:///C:/Users/Patheo24/AppData/Local/Temp/jsreport/autocleanup/d451248f-90c7-4e80-b9fa-d6d327946ca2-chrome-pdf.html","meta":{"rootId":"4otfebj5djnfn3y","id":"4otfebj5djnfn3y"},"id":"1xrjtap4jk193xs","previousOperationId":"k4jlkk1ll2t3cxm"}
{"type":"log","timestamp":1744206655381,"level":"debug","message":"(console:info) Slow network is detected. See https://www.chromestatus.com/feature/5636954674692096 for more details. Fallback font will be used while loading: http://localhost:5488/fonts/kalpurush.ttf","meta":{"userLevel":true,"rootId":"4otfebj5djnfn3y","id":"4otfebj5djnfn3y"},"id":"duyr0qncmsswop8","previousOperationId":"k4jlkk1ll2t3cxm"}
{"type":"log","timestamp":1744206655382,"level":"debug","message":"Page request: GET (font) http://localhost:5488/fonts/kalpurush.ttf","meta":{"rootId":"4otfebj5djnfn3y","id":"4otfebj5djnfn3y"},"id":"pt8nuw0bd9eq7jl","previousOperationId":"k4jlkk1ll2t3cxm"}
{"type":"log","timestamp":1744206655383,"level":"debug","message":"Page request: GET (image) https://res.cloudinary.com/dpes1dyqb/image/upload/v1738768933/logo_myycxt.jpg","meta":{"rootId":"4otfebj5djnfn3y","id":"4otfebj5djnfn3y"},"id":"yohividpuv76w93","previousOperationId":"k4jlkk1ll2t3cxm"}
{"type":"log","timestamp":1744206655428,"level":"debug","message":"Page request: GET (font) http://localhost:5488/fonts/kalpurush.ttf","meta":{"rootId":"4otfebj5djnfn3y","id":"4otfebj5djnfn3y"},"id":"597v507dtn8vj6l","previousOperationId":"k4jlkk1ll2t3cxm"}
{"type":"log","timestamp":1744206655430,"level":"debug","message":"Page request finished: GET (image) 200 https://res.cloudinary.com/dpes1dyqb/image/upload/v1738768933/logo_myycxt.jpg","meta":{"rootId":"4otfebj5djnfn3y","id":"4otfebj5djnfn3y"},"id":"m0333vsqpptzx8k","previousOperationId":"k4jlkk1ll2t3cxm"}
{"type":"log","timestamp":1744206655436,"level":"debug","message":"(console:error) Failed to load resource: the server responded with a status of 404 (Not Found)","meta":{"userLevel":true,"rootId":"4otfebj5djnfn3y","id":"4otfebj5djnfn3y"},"id":"mvb6ll87dd7tv3a","previousOperationId":"k4jlkk1ll2t3cxm"}
{"type":"log","timestamp":1744206655436,"level":"warn","message":"Page request failed: GET (font) http://localhost:5488/fonts/kalpurush.ttf, failure: net::ERR_ABORTED","meta":{"rootId":"4otfebj5djnfn3y","id":"4otfebj5djnfn3y"},"id":"9jy1pa4j80n96gb","previousOperationId":"k4jlkk1ll2t3cxm"}
{"type":"log","timestamp":1744206655444,"level":"debug","message":"Running chrome with params {\"printBackground\":true,\"format\":\"A5\",\"marginRight\":\"\",\"timeout\":59958,\"margin\":{\"right\":\"\"}}","meta":{"rootId":"4otfebj5djnfn3y","id":"4otfebj5djnfn3y"},"id":"ufxzok4zpremicd","previousOperationId":"k4jlkk1ll2t3cxm"}
{"type":"operationEnd","operationId":"k4jlkk1ll2t3cxm","timestamp":1744206655728,"id":"ii7gpr577174t3q","previousEventId":"936hu8za4n5c4wx","previousOperationId":"k4jlkk1ll2t3cxm"}
{"type":"log","timestamp":1744206655728,"level":"debug","message":"Skipping storing report.","meta":{"rootId":"4otfebj5djnfn3y","id":"4otfebj5djnfn3y"},"id":"snkgtiakhj8u0fy","previousOperationId":"k4jlkk1ll2t3cxm"}
{"type":"log","timestamp":1744206655728,"level":"info","message":"Rendering request 34 finished in 507 ms","meta":{"rootId":"4otfebj5djnfn3y","id":"4otfebj5djnfn3y"},"id":"6ment9svskgmxa7","previousOperationId":"k4jlkk1ll2t3cxm"}
{"type":"operationEnd","subtype":"render","operationId":"io3hav1zbvoq8zq","timestamp":1744206655728,"id":"ogda4l3mticrysc","previousEventId":"ii7gpr577174t3q","previousOperationId":"k4jlkk1ll2t3cxm"}
{"type":"operationEnd","doDiffs":false,"previousEventId":"egp9piwiw3ww7eh","previousOperationId":"2n2prohn7f2cxhr","operationId":"2n2prohn7f2cxhr","timestamp":1744206655733,"id":"g5v387auaz3tfns"}
