{"type":"operationStart","subtype":"profile","data":{"_id":"xblaHKaeGK1df91E","timestamp":"2025-04-10T13:05:13.506Z","state":"queued","mode":"standard","creationDate":"2025-04-10T13:05:13.509Z","modificationDate":"2025-04-10T13:05:13.509Z","shortid":"zWR3Hk5","$entitySet":"profiles"},"doDiffs":false,"timestamp":1744290313508,"id":"cnpfzyaeoly2sxq","previousOperationId":null,"operationId":"sfp2c27i0pof2we"}
{"type":"log","level":"info","message":"Render request 4 queued for execution and waiting for available worker","previousOperationId":"sfp2c27i0pof2we","timestamp":1744290313508,"id":"wg1bi3mhztd11qn"}
{"type":"operationStart","subtype":"render","name":"myTemplate","previousOperationId":"sfp2c27i0pof2we","timestamp":1744290313525,"id":"i2rhp7gpaviacws","previousEventId":"cnpfzyaeoly2sxq","operationId":"kcuk6558r48oktg"}
{"type":"log","timestamp":1744290313526,"level":"info","message":"Starting rendering request 4","meta":{"rootId":"4pd8xw9u08vacpi","id":"4pd8xw9u08vacpi"},"id":"x0zdas736ug2kzz","previousOperationId":"kcuk6558r48oktg"}
{"type":"log","timestamp":1744290313526,"level":"info","message":"Rendering template { name: myTemplate, recipe: chrome-pdf, engine: handlebars, preview: true }","meta":{"rootId":"4pd8xw9u08vacpi","id":"4pd8xw9u08vacpi"},"id":"sg4gkl1agtu9kb5","previousOperationId":"kcuk6558r48oktg"}
{"type":"log","timestamp":1744290313527,"level":"debug","message":"Adding sample data HUavgV0Kc","meta":{"rootId":"4pd8xw9u08vacpi","id":"4pd8xw9u08vacpi"},"id":"qpk7yq9jg58plw2","previousOperationId":"kcuk6558r48oktg"}
{"type":"log","timestamp":1744290313529,"level":"debug","message":"Base url not specified, skipping its injection.","meta":{"rootId":"4pd8xw9u08vacpi","id":"4pd8xw9u08vacpi"},"id":"lfu5fu59k3qbtw9","previousOperationId":"kcuk6558r48oktg"}
{"type":"operationStart","subtype":"engine","name":"handlebars","timestamp":1744290313529,"id":"32farf06knykklw","previousEventId":"i2rhp7gpaviacws","operationId":"la0ij579q3rqocw","previousOperationId":"kcuk6558r48oktg"}
{"type":"log","timestamp":1744290313529,"level":"debug","message":"Rendering engine handlebars","meta":{"rootId":"4pd8xw9u08vacpi","id":"4pd8xw9u08vacpi"},"id":"c3d4jtfeh3c4d0b","previousOperationId":"la0ij579q3rqocw"}
{"type":"operationEnd","operationId":"la0ij579q3rqocw","timestamp":1744290313602,"id":"fnr0agxsfh5cjaw","previousEventId":"32farf06knykklw","previousOperationId":"la0ij579q3rqocw"}
{"type":"operationStart","subtype":"recipe","name":"chrome-pdf","timestamp":1744290313603,"id":"juoor8stbnarrun","previousEventId":"fnr0agxsfh5cjaw","operationId":"82qg7qspv75a5fb","previousOperationId":"la0ij579q3rqocw"}
{"type":"log","timestamp":1744290313603,"level":"debug","message":"Executing recipe chrome-pdf","meta":{"rootId":"4pd8xw9u08vacpi","id":"4pd8xw9u08vacpi"},"id":"b7vw138ojyqdxin","previousOperationId":"82qg7qspv75a5fb"}
{"type":"log","timestamp":1744290313608,"level":"debug","message":"Converting with chrome Chrome/133.0.6943.126 using chrome-pool strategy","meta":{"rootId":"4pd8xw9u08vacpi","id":"4pd8xw9u08vacpi"},"id":"p3unp4z73uhfzsx","previousOperationId":"82qg7qspv75a5fb"}
{"type":"log","timestamp":1744290313778,"level":"debug","message":"Page request: GET (document) file:///C:/Users/Patheo24/AppData/Local/Temp/jsreport/autocleanup/8f2a3d86-9f62-4706-8cbd-481e2b4cac38-chrome-pdf.html","meta":{"rootId":"4pd8xw9u08vacpi","id":"4pd8xw9u08vacpi"},"id":"7sd49987b88brwo","previousOperationId":"82qg7qspv75a5fb"}
{"type":"log","timestamp":1744290313798,"level":"debug","message":"Page request finished: GET (document) 200 file:///C:/Users/Patheo24/AppData/Local/Temp/jsreport/autocleanup/8f2a3d86-9f62-4706-8cbd-481e2b4cac38-chrome-pdf.html","meta":{"rootId":"4pd8xw9u08vacpi","id":"4pd8xw9u08vacpi"},"id":"v5co50rh3efwvk9","previousOperationId":"82qg7qspv75a5fb"}
{"type":"log","timestamp":1744290313798,"level":"debug","message":"(console:info) Slow network is detected. See https://www.chromestatus.com/feature/5636954674692096 for more details. Fallback font will be used while loading: http://localhost:5488/fonts/kalpurush.ttf","meta":{"userLevel":true,"rootId":"4pd8xw9u08vacpi","id":"4pd8xw9u08vacpi"},"id":"p3g0vqumvngk8r3","previousOperationId":"82qg7qspv75a5fb"}
{"type":"log","timestamp":1744290313798,"level":"debug","message":"Page request: GET (image) https://res.cloudinary.com/dpes1dyqb/image/upload/v1738768933/logo_myycxt.jpg","meta":{"rootId":"4pd8xw9u08vacpi","id":"4pd8xw9u08vacpi"},"id":"lllwk4h4v1ndvxw","previousOperationId":"82qg7qspv75a5fb"}
{"type":"log","timestamp":1744290313799,"level":"debug","message":"Page request: GET (font) http://localhost:5488/fonts/kalpurush.ttf","meta":{"rootId":"4pd8xw9u08vacpi","id":"4pd8xw9u08vacpi"},"id":"vctxkzahcbt9yj7","previousOperationId":"82qg7qspv75a5fb"}
{"type":"log","timestamp":1744290313852,"level":"debug","message":"Page request: GET (font) http://localhost:5488/fonts/kalpurush.ttf","meta":{"rootId":"4pd8xw9u08vacpi","id":"4pd8xw9u08vacpi"},"id":"e27butx3mv3h84m","previousOperationId":"82qg7qspv75a5fb"}
{"type":"log","timestamp":1744290313853,"level":"debug","message":"Page request finished: GET (image) 200 https://res.cloudinary.com/dpes1dyqb/image/upload/v1738768933/logo_myycxt.jpg","meta":{"rootId":"4pd8xw9u08vacpi","id":"4pd8xw9u08vacpi"},"id":"1f0rwi88q08fir4","previousOperationId":"82qg7qspv75a5fb"}
{"type":"log","timestamp":1744290313870,"level":"debug","message":"(console:error) Failed to load resource: the server responded with a status of 404 (Not Found)","meta":{"userLevel":true,"rootId":"4pd8xw9u08vacpi","id":"4pd8xw9u08vacpi"},"id":"wra7myk4sqeiifo","previousOperationId":"82qg7qspv75a5fb"}
{"type":"log","timestamp":1744290313871,"level":"warn","message":"Page request failed: GET (font) http://localhost:5488/fonts/kalpurush.ttf, failure: net::ERR_ABORTED","meta":{"rootId":"4pd8xw9u08vacpi","id":"4pd8xw9u08vacpi"},"id":"dbxeg0mt0ddihht","previousOperationId":"82qg7qspv75a5fb"}
{"type":"log","timestamp":1744290313883,"level":"debug","message":"Running chrome with params {\"printBackground\":true,\"format\":\"A5\",\"marginRight\":\"\",\"height\":\"\",\"marginTop\":\"\",\"marginBottom\":\"\",\"marginLeft\":\"\",\"displayHeaderFooter\":true,\"width\":\"\",\"timeout\":59901,\"margin\":{\"top\":\"\",\"right\":\"\",\"bottom\":\"\",\"left\":\"\"}}","meta":{"rootId":"4pd8xw9u08vacpi","id":"4pd8xw9u08vacpi"},"id":"7gskusz9qz9p4g2","previousOperationId":"82qg7qspv75a5fb"}
{"type":"operationEnd","operationId":"82qg7qspv75a5fb","timestamp":1744290314405,"id":"v3louckfffr2294","previousEventId":"juoor8stbnarrun","previousOperationId":"82qg7qspv75a5fb"}
{"type":"log","timestamp":1744290314405,"level":"debug","message":"Skipping storing report.","meta":{"rootId":"4pd8xw9u08vacpi","id":"4pd8xw9u08vacpi"},"id":"g1eoywuky5tyjc0","previousOperationId":"82qg7qspv75a5fb"}
{"type":"log","timestamp":1744290314405,"level":"info","message":"Rendering request 4 finished in 899 ms","meta":{"rootId":"4pd8xw9u08vacpi","id":"4pd8xw9u08vacpi"},"id":"4kp4yly1a897ve1","previousOperationId":"82qg7qspv75a5fb"}
{"type":"operationEnd","subtype":"render","operationId":"kcuk6558r48oktg","timestamp":1744290314405,"id":"iunwyefk7euvigr","previousEventId":"v3louckfffr2294","previousOperationId":"82qg7qspv75a5fb"}
{"type":"operationEnd","doDiffs":false,"previousEventId":"cnpfzyaeoly2sxq","previousOperationId":"sfp2c27i0pof2we","operationId":"sfp2c27i0pof2we","timestamp":1744290314410,"id":"wgksdpm6ajsqipu"}
