{"type":"operationStart","subtype":"profile","data":{"_id":"AYyMWHTdMghRulQP","timestamp":"2025-04-09T14:16:15.681Z","state":"queued","mode":"standard","creationDate":"2025-04-09T14:16:15.683Z","modificationDate":"2025-04-09T14:16:15.683Z","shortid":"HfJkMkL","$entitySet":"profiles"},"doDiffs":false,"timestamp":1744208175682,"id":"7fg45skgkygzs4s","previousOperationId":null,"operationId":"0xf4l8iwrvgpqe9"}
{"type":"log","level":"info","message":"Render request 84 queued for execution and waiting for available worker","previousOperationId":"0xf4l8iwrvgpqe9","timestamp":1744208175682,"id":"f4uk5y56ldxd5hd"}
{"type":"operationStart","subtype":"render","name":"myTemplate","previousOperationId":"0xf4l8iwrvgpqe9","timestamp":1744208175693,"id":"mbyqqgo3od94ytw","previousEventId":"7fg45skgkygzs4s","operationId":"i1e63932sltx0nl"}
{"type":"log","timestamp":1744208175693,"level":"info","message":"Starting rendering request 84","meta":{"rootId":"4r9rjctc9ysdqh3","id":"4r9rjctc9ysdqh3"},"id":"ul9bnjyth276fzu","previousOperationId":"i1e63932sltx0nl"}
{"type":"log","timestamp":1744208175694,"level":"info","message":"Rendering template { name: myTemplate, recipe: chrome-pdf, engine: handlebars, preview: true }","meta":{"rootId":"4r9rjctc9ysdqh3","id":"4r9rjctc9ysdqh3"},"id":"b0rmxu0htyom27t","previousOperationId":"i1e63932sltx0nl"}
{"type":"log","timestamp":1744208175694,"level":"debug","message":"Adding sample data HUavgV0Kc","meta":{"rootId":"4r9rjctc9ysdqh3","id":"4r9rjctc9ysdqh3"},"id":"co9ktg3smdl3rz8","previousOperationId":"i1e63932sltx0nl"}
{"type":"log","timestamp":1744208175696,"level":"debug","message":"Base url not specified, skipping its injection.","meta":{"rootId":"4r9rjctc9ysdqh3","id":"4r9rjctc9ysdqh3"},"id":"qxzekvr5w64b4a7","previousOperationId":"i1e63932sltx0nl"}
{"type":"operationStart","subtype":"engine","name":"handlebars","timestamp":1744208175696,"id":"8e6lelmzwt532vl","previousEventId":"mbyqqgo3od94ytw","operationId":"lfcz6n3fuoabcbe","previousOperationId":"i1e63932sltx0nl"}
{"type":"log","timestamp":1744208175696,"level":"debug","message":"Rendering engine handlebars","meta":{"rootId":"4r9rjctc9ysdqh3","id":"4r9rjctc9ysdqh3"},"id":"petwfdfeouj0nki","previousOperationId":"lfcz6n3fuoabcbe"}
{"type":"operationEnd","operationId":"lfcz6n3fuoabcbe","timestamp":1744208175717,"id":"eaiwoqi7cpg85gd","previousEventId":"8e6lelmzwt532vl","previousOperationId":"lfcz6n3fuoabcbe"}
{"type":"operationStart","subtype":"recipe","name":"chrome-pdf","timestamp":1744208175717,"id":"ac46bperoy3k8om","previousEventId":"eaiwoqi7cpg85gd","operationId":"2ybcpv0mal4tlo9","previousOperationId":"lfcz6n3fuoabcbe"}
{"type":"log","timestamp":1744208175717,"level":"debug","message":"Executing recipe chrome-pdf","meta":{"rootId":"4r9rjctc9ysdqh3","id":"4r9rjctc9ysdqh3"},"id":"ard1nbf9uf4xo62","previousOperationId":"2ybcpv0mal4tlo9"}
{"type":"log","timestamp":1744208175720,"level":"debug","message":"Converting with chrome Chrome/133.0.6943.126 using chrome-pool strategy","meta":{"rootId":"4r9rjctc9ysdqh3","id":"4r9rjctc9ysdqh3"},"id":"52sof47fsoqzeju","previousOperationId":"2ybcpv0mal4tlo9"}
{"type":"log","timestamp":1744208175796,"level":"debug","message":"Page request: GET (document) file:///C:/Users/Patheo24/AppData/Local/Temp/jsreport/autocleanup/1e989a48-1149-428f-ba27-982b2deb2399-chrome-pdf.html","meta":{"rootId":"4r9rjctc9ysdqh3","id":"4r9rjctc9ysdqh3"},"id":"i59nwci6peyoby4","previousOperationId":"2ybcpv0mal4tlo9"}
{"type":"log","timestamp":1744208175826,"level":"debug","message":"Page request finished: GET (document) 200 file:///C:/Users/Patheo24/AppData/Local/Temp/jsreport/autocleanup/1e989a48-1149-428f-ba27-982b2deb2399-chrome-pdf.html","meta":{"rootId":"4r9rjctc9ysdqh3","id":"4r9rjctc9ysdqh3"},"id":"hu5srnrh8wbdwf2","previousOperationId":"2ybcpv0mal4tlo9"}
{"type":"log","timestamp":1744208175827,"level":"debug","message":"Page request: GET (font) http://localhost:5488/fonts/kalpurush.ttf","meta":{"rootId":"4r9rjctc9ysdqh3","id":"4r9rjctc9ysdqh3"},"id":"m1nbyqfrwb31pyd","previousOperationId":"2ybcpv0mal4tlo9"}
{"type":"log","timestamp":1744208175828,"level":"debug","message":"Page request: GET (image) https://res.cloudinary.com/dpes1dyqb/image/upload/v1738768933/logo_myycxt.jpg","meta":{"rootId":"4r9rjctc9ysdqh3","id":"4r9rjctc9ysdqh3"},"id":"fu5i9uzndlfuflo","previousOperationId":"2ybcpv0mal4tlo9"}
{"type":"log","timestamp":1744208175886,"level":"debug","message":"Page request: GET (font) http://localhost:5488/fonts/kalpurush.ttf","meta":{"rootId":"4r9rjctc9ysdqh3","id":"4r9rjctc9ysdqh3"},"id":"4w7366w9g3tgea7","previousOperationId":"2ybcpv0mal4tlo9"}
{"type":"log","timestamp":1744208175887,"level":"debug","message":"Page request finished: GET (image) 200 https://res.cloudinary.com/dpes1dyqb/image/upload/v1738768933/logo_myycxt.jpg","meta":{"rootId":"4r9rjctc9ysdqh3","id":"4r9rjctc9ysdqh3"},"id":"rw6ow2piausqws6","previousOperationId":"2ybcpv0mal4tlo9"}
{"type":"log","timestamp":1744208175902,"level":"debug","message":"(console:error) Failed to load resource: the server responded with a status of 404 (Not Found)","meta":{"userLevel":true,"rootId":"4r9rjctc9ysdqh3","id":"4r9rjctc9ysdqh3"},"id":"mvd7dy1rsmkou68","previousOperationId":"2ybcpv0mal4tlo9"}
{"type":"log","timestamp":1744208175902,"level":"warn","message":"Page request failed: GET (font) http://localhost:5488/fonts/kalpurush.ttf, failure: net::ERR_ABORTED","meta":{"rootId":"4r9rjctc9ysdqh3","id":"4r9rjctc9ysdqh3"},"id":"8d3cdug1466z8fc","previousOperationId":"2ybcpv0mal4tlo9"}
{"type":"log","timestamp":1744208175914,"level":"debug","message":"Running chrome with params {\"printBackground\":true,\"format\":\"A5\",\"marginRight\":\"\",\"height\":\"\",\"marginTop\":\"\",\"marginBottom\":\"\",\"marginLeft\":\"\",\"displayHeaderFooter\":true,\"width\":\"\",\"timeout\":59962,\"margin\":{\"top\":\"\",\"right\":\"\",\"bottom\":\"\",\"left\":\"\"}}","meta":{"rootId":"4r9rjctc9ysdqh3","id":"4r9rjctc9ysdqh3"},"id":"s3dsn4mh3jn5fd6","previousOperationId":"2ybcpv0mal4tlo9"}
{"type":"operationEnd","operationId":"2ybcpv0mal4tlo9","timestamp":1744208176222,"id":"al84wvbzo3u2ewz","previousEventId":"ac46bperoy3k8om","previousOperationId":"2ybcpv0mal4tlo9"}
{"type":"log","timestamp":1744208176222,"level":"debug","message":"Skipping storing report.","meta":{"rootId":"4r9rjctc9ysdqh3","id":"4r9rjctc9ysdqh3"},"id":"3b4504vl4kztjxs","previousOperationId":"2ybcpv0mal4tlo9"}
{"type":"log","timestamp":1744208176222,"level":"info","message":"Rendering request 84 finished in 541 ms","meta":{"rootId":"4r9rjctc9ysdqh3","id":"4r9rjctc9ysdqh3"},"id":"hwm4zdd4mmmzhvu","previousOperationId":"2ybcpv0mal4tlo9"}
{"type":"operationEnd","subtype":"render","operationId":"i1e63932sltx0nl","timestamp":1744208176222,"id":"qk2gvjl4qrnth3k","previousEventId":"al84wvbzo3u2ewz","previousOperationId":"2ybcpv0mal4tlo9"}
{"type":"operationEnd","doDiffs":false,"previousEventId":"7fg45skgkygzs4s","previousOperationId":"0xf4l8iwrvgpqe9","operationId":"0xf4l8iwrvgpqe9","timestamp":1744208176226,"id":"p5jwmwp3qiku3ro"}
