{"type":"operationStart","subtype":"profile","data":{"_id":"V2aaR0aLlwWEp7Js","timestamp":"2025-04-09T14:40:02.097Z","state":"queued","mode":"standard","creationDate":"2025-04-09T14:40:02.099Z","modificationDate":"2025-04-09T14:40:02.099Z","shortid":"fYy7gYx","$entitySet":"profiles"},"doDiffs":false,"timestamp":1744209602098,"id":"a72xet5xq7goxty","previousOperationId":null,"operationId":"1xhkdrv059uu3x8"}
{"type":"log","level":"info","message":"Render request 118 queued for execution and waiting for available worker","previousOperationId":"1xhkdrv059uu3x8","timestamp":1744209602098,"id":"pg7fl4lyr4a9vy1"}
{"type":"operationStart","subtype":"render","name":"myTemplate","previousOperationId":"1xhkdrv059uu3x8","timestamp":1744209602113,"id":"xohmqnr79em3zv1","previousEventId":"a72xet5xq7goxty","operationId":"00o5z4pk7ia5j95"}
{"type":"log","timestamp":1744209602113,"level":"info","message":"Starting rendering request 118","meta":{"rootId":"4rkvjodwc0a55y2","id":"4rkvjodwc0a55y2"},"id":"n8wl1yx91b6jnlg","previousOperationId":"00o5z4pk7ia5j95"}
{"type":"log","timestamp":1744209602114,"level":"info","message":"Rendering template { name: myTemplate, recipe: chrome-pdf, engine: handlebars, preview: true }","meta":{"rootId":"4rkvjodwc0a55y2","id":"4rkvjodwc0a55y2"},"id":"7shvmu9imi29x1m","previousOperationId":"00o5z4pk7ia5j95"}
{"type":"log","timestamp":1744209602114,"level":"debug","message":"Inline data specified.","meta":{"rootId":"4rkvjodwc0a55y2","id":"4rkvjodwc0a55y2"},"id":"jo53a3xhut8u6f9","previousOperationId":"00o5z4pk7ia5j95"}
{"type":"log","timestamp":1744209602117,"level":"debug","message":"Base url not specified, skipping its injection.","meta":{"rootId":"4rkvjodwc0a55y2","id":"4rkvjodwc0a55y2"},"id":"l7m4pkug5gba1ya","previousOperationId":"00o5z4pk7ia5j95"}
{"type":"operationStart","subtype":"engine","name":"handlebars","timestamp":1744209602117,"id":"poe3l7ism6ob6ou","previousEventId":"xohmqnr79em3zv1","operationId":"5lvlzfj1ws1ze4p","previousOperationId":"00o5z4pk7ia5j95"}
{"type":"log","timestamp":1744209602117,"level":"debug","message":"Rendering engine handlebars","meta":{"rootId":"4rkvjodwc0a55y2","id":"4rkvjodwc0a55y2"},"id":"vezg9l2o2lt48so","previousOperationId":"5lvlzfj1ws1ze4p"}
{"type":"operationEnd","operationId":"5lvlzfj1ws1ze4p","timestamp":1744209602146,"id":"lppc2t79q8zfl02","previousEventId":"poe3l7ism6ob6ou","previousOperationId":"5lvlzfj1ws1ze4p"}
{"type":"operationStart","subtype":"recipe","name":"chrome-pdf","timestamp":1744209602146,"id":"o008eammtnvb8sm","previousEventId":"lppc2t79q8zfl02","operationId":"glzuoaaz5y6fhiv","previousOperationId":"5lvlzfj1ws1ze4p"}
{"type":"log","timestamp":1744209602146,"level":"debug","message":"Executing recipe chrome-pdf","meta":{"rootId":"4rkvjodwc0a55y2","id":"4rkvjodwc0a55y2"},"id":"4g2l7ijupgp0yb6","previousOperationId":"glzuoaaz5y6fhiv"}
{"type":"log","timestamp":1744209602148,"level":"debug","message":"Converting with chrome Chrome/133.0.6943.126 using chrome-pool strategy","meta":{"rootId":"4rkvjodwc0a55y2","id":"4rkvjodwc0a55y2"},"id":"abf7mur94o2lx3t","previousOperationId":"glzuoaaz5y6fhiv"}
{"type":"log","timestamp":1744209602228,"level":"debug","message":"Page request: GET (document) file:///C:/Users/Patheo24/AppData/Local/Temp/jsreport/autocleanup/62900d18-7b04-480a-8f42-05211f5d6774-chrome-pdf.html","meta":{"rootId":"4rkvjodwc0a55y2","id":"4rkvjodwc0a55y2"},"id":"oiy8v5azmn45y7q","previousOperationId":"glzuoaaz5y6fhiv"}
{"type":"log","timestamp":1744209602260,"level":"debug","message":"Page request finished: GET (document) 200 file:///C:/Users/Patheo24/AppData/Local/Temp/jsreport/autocleanup/62900d18-7b04-480a-8f42-05211f5d6774-chrome-pdf.html","meta":{"rootId":"4rkvjodwc0a55y2","id":"4rkvjodwc0a55y2"},"id":"1l62sjrgs6hy6rw","previousOperationId":"glzuoaaz5y6fhiv"}
{"type":"log","timestamp":1744209602267,"level":"debug","message":"Page request: GET (font) http://localhost:5488/fonts/kalpurush.ttf","meta":{"rootId":"4rkvjodwc0a55y2","id":"4rkvjodwc0a55y2"},"id":"cbpcd10t5vp7rwe","previousOperationId":"glzuoaaz5y6fhiv"}
{"type":"log","timestamp":1744209602268,"level":"debug","message":"Page request: GET (image) https://res.cloudinary.com/dpes1dyqb/image/upload/v1738768933/logo_myycxt.jpg","meta":{"rootId":"4rkvjodwc0a55y2","id":"4rkvjodwc0a55y2"},"id":"dyq54oura5vkvxf","previousOperationId":"glzuoaaz5y6fhiv"}
{"type":"log","timestamp":1744209602344,"level":"debug","message":"Page request: GET (font) http://localhost:5488/fonts/kalpurush.ttf","meta":{"rootId":"4rkvjodwc0a55y2","id":"4rkvjodwc0a55y2"},"id":"1s2jfwntj3egf3h","previousOperationId":"glzuoaaz5y6fhiv"}
{"type":"log","timestamp":1744209602345,"level":"debug","message":"Page request finished: GET (image) 200 https://res.cloudinary.com/dpes1dyqb/image/upload/v1738768933/logo_myycxt.jpg","meta":{"rootId":"4rkvjodwc0a55y2","id":"4rkvjodwc0a55y2"},"id":"0p8cq5zulvwbfgf","previousOperationId":"glzuoaaz5y6fhiv"}
{"type":"log","timestamp":1744209602351,"level":"debug","message":"(console:error) Failed to load resource: the server responded with a status of 404 (Not Found)","meta":{"userLevel":true,"rootId":"4rkvjodwc0a55y2","id":"4rkvjodwc0a55y2"},"id":"8tnh2mwdxptlu6s","previousOperationId":"glzuoaaz5y6fhiv"}
{"type":"log","timestamp":1744209602352,"level":"warn","message":"Page request failed: GET (font) http://localhost:5488/fonts/kalpurush.ttf, failure: net::ERR_ABORTED","meta":{"rootId":"4rkvjodwc0a55y2","id":"4rkvjodwc0a55y2"},"id":"z3x5z1yucpv57pr","previousOperationId":"glzuoaaz5y6fhiv"}
{"type":"log","timestamp":1744209602361,"level":"debug","message":"Running chrome with params {\"printBackground\":true,\"format\":\"A5\",\"marginRight\":\"\",\"height\":\"\",\"marginTop\":\"\",\"marginBottom\":\"\",\"marginLeft\":\"\",\"displayHeaderFooter\":true,\"width\":\"\",\"timeout\":59950,\"margin\":{\"top\":\"\",\"right\":\"\",\"bottom\":\"\",\"left\":\"\"}}","meta":{"rootId":"4rkvjodwc0a55y2","id":"4rkvjodwc0a55y2"},"id":"3chnru4vtkpubbn","previousOperationId":"glzuoaaz5y6fhiv"}
{"type":"operationEnd","operationId":"glzuoaaz5y6fhiv","timestamp":1744209602748,"id":"x0kfcopgbzse70t","previousEventId":"o008eammtnvb8sm","previousOperationId":"glzuoaaz5y6fhiv"}
{"type":"log","timestamp":1744209602748,"level":"debug","message":"Skipping storing report.","meta":{"rootId":"4rkvjodwc0a55y2","id":"4rkvjodwc0a55y2"},"id":"fcain3hh6hrbl8f","previousOperationId":"glzuoaaz5y6fhiv"}
{"type":"log","timestamp":1744209602748,"level":"info","message":"Rendering request 118 finished in 651 ms","meta":{"rootId":"4rkvjodwc0a55y2","id":"4rkvjodwc0a55y2"},"id":"n3yu8yrxzkh0pmc","previousOperationId":"glzuoaaz5y6fhiv"}
{"type":"operationEnd","subtype":"render","operationId":"00o5z4pk7ia5j95","timestamp":1744209602748,"id":"aq5nlobfw7aducb","previousEventId":"x0kfcopgbzse70t","previousOperationId":"glzuoaaz5y6fhiv"}
{"type":"operationEnd","doDiffs":false,"previousEventId":"a72xet5xq7goxty","previousOperationId":"1xhkdrv059uu3x8","operationId":"1xhkdrv059uu3x8","timestamp":1744209602751,"id":"fy4gs96he9pcw4b"}
