{"type":"operationStart","subtype":"profile","data":{"_id":"yV3caS699At1CDsY","timestamp":"2025-04-09T10:07:20.218Z","state":"queued","mode":"standard","creationDate":"2025-04-09T10:07:20.220Z","modificationDate":"2025-04-09T10:07:20.220Z","shortid":"RP-5sFh","$entitySet":"profiles"},"doDiffs":false,"timestamp":1744193240219,"id":"zm6y9yjhajk84oo","previousOperationId":null,"operationId":"8trqhrerqu5fg1h"}
{"type":"log","level":"info","message":"Render request 5 queued for execution and waiting for available worker","previousOperationId":"8trqhrerqu5fg1h","timestamp":1744193240219,"id":"z46nxee2c0x57ua"}
{"type":"operationStart","subtype":"render","name":"myTemplate","previousOperationId":"8trqhrerqu5fg1h","timestamp":1744193240233,"id":"o0xk9j9toro06h0","previousEventId":"zm6y9yjhajk84oo","operationId":"k4eh54unhtq5akk"}
{"type":"log","timestamp":1744193240233,"level":"info","message":"Starting rendering request 5","meta":{"rootId":"4szcwkhjxxofrms","id":"4szcwkhjxxofrms"},"id":"0jbhzsr5niww0hd","previousOperationId":"k4eh54unhtq5akk"}
{"type":"log","timestamp":1744193240233,"level":"info","message":"Rendering template { name: myTemplate, recipe: chrome-pdf, engine: handlebars, preview: true }","meta":{"rootId":"4szcwkhjxxofrms","id":"4szcwkhjxxofrms"},"id":"webbyka41lkaqla","previousOperationId":"k4eh54unhtq5akk"}
{"type":"log","timestamp":1744193240233,"level":"debug","message":"Inline data specified.","meta":{"rootId":"4szcwkhjxxofrms","id":"4szcwkhjxxofrms"},"id":"dl0b5a72uriubbh","previousOperationId":"k4eh54unhtq5akk"}
{"type":"log","timestamp":1744193240235,"level":"debug","message":"Base url not specified, skipping its injection.","meta":{"rootId":"4szcwkhjxxofrms","id":"4szcwkhjxxofrms"},"id":"vqr99h8sn9a1gg3","previousOperationId":"k4eh54unhtq5akk"}
{"type":"operationStart","subtype":"engine","name":"handlebars","timestamp":1744193240235,"id":"4asjhhu8qsk5rtl","previousEventId":"o0xk9j9toro06h0","operationId":"z49dshbc2zwobym","previousOperationId":"k4eh54unhtq5akk"}
{"type":"log","timestamp":1744193240235,"level":"debug","message":"Rendering engine handlebars","meta":{"rootId":"4szcwkhjxxofrms","id":"4szcwkhjxxofrms"},"id":"rl8cmt9lxrhocho","previousOperationId":"z49dshbc2zwobym"}
{"type":"operationEnd","operationId":"z49dshbc2zwobym","timestamp":1744193240253,"id":"yozxey0osjj0zex","previousEventId":"4asjhhu8qsk5rtl","previousOperationId":"z49dshbc2zwobym"}
{"type":"operationStart","subtype":"recipe","name":"chrome-pdf","timestamp":1744193240255,"id":"oy6bmhz2sc3k764","previousEventId":"yozxey0osjj0zex","operationId":"8sqqy20kbaph0gj","previousOperationId":"z49dshbc2zwobym"}
{"type":"log","timestamp":1744193240255,"level":"debug","message":"Executing recipe chrome-pdf","meta":{"rootId":"4szcwkhjxxofrms","id":"4szcwkhjxxofrms"},"id":"xaojhzwboxvtz88","previousOperationId":"8sqqy20kbaph0gj"}
{"type":"log","timestamp":1744193240260,"level":"debug","message":"Converting with chrome Chrome/133.0.6943.126 using chrome-pool strategy","meta":{"rootId":"4szcwkhjxxofrms","id":"4szcwkhjxxofrms"},"id":"pg9ogdrpkarzja4","previousOperationId":"8sqqy20kbaph0gj"}
{"type":"log","timestamp":1744193240499,"level":"debug","message":"Page request: GET (document) file:///C:/Users/Patheo24/AppData/Local/Temp/jsreport/autocleanup/4c970b26-c714-4563-aebb-f390f3ced16b-chrome-pdf.html","meta":{"rootId":"4szcwkhjxxofrms","id":"4szcwkhjxxofrms"},"id":"2y7apwi6buyh7p5","previousOperationId":"8sqqy20kbaph0gj"}
{"type":"log","timestamp":1744193240513,"level":"debug","message":"Page request finished: GET (document) 200 file:///C:/Users/Patheo24/AppData/Local/Temp/jsreport/autocleanup/4c970b26-c714-4563-aebb-f390f3ced16b-chrome-pdf.html","meta":{"rootId":"4szcwkhjxxofrms","id":"4szcwkhjxxofrms"},"id":"q6x4bzeskd4hzjt","previousOperationId":"8sqqy20kbaph0gj"}
{"type":"log","timestamp":1744193240513,"level":"debug","message":"Page request: GET (image) https://res.cloudinary.com/dpes1dyqb/image/upload/v1738768933/logo_myycxt.jpg","meta":{"rootId":"4szcwkhjxxofrms","id":"4szcwkhjxxofrms"},"id":"e8r5ogci5ep7o3x","previousOperationId":"8sqqy20kbaph0gj"}
{"type":"log","timestamp":1744193240514,"level":"debug","message":"Page request: GET (font) http://localhost:5488/fonts/kalpurush.ttf","meta":{"rootId":"4szcwkhjxxofrms","id":"4szcwkhjxxofrms"},"id":"oujt0g9ncbik7gk","previousOperationId":"8sqqy20kbaph0gj"}
{"type":"log","timestamp":1744193240550,"level":"debug","message":"Page request: GET (font) http://localhost:5488/fonts/kalpurush.ttf","meta":{"rootId":"4szcwkhjxxofrms","id":"4szcwkhjxxofrms"},"id":"5h5ud0gfcirhfhy","previousOperationId":"8sqqy20kbaph0gj"}
{"type":"log","timestamp":1744193240551,"level":"debug","message":"Page request finished: GET (image) 200 https://res.cloudinary.com/dpes1dyqb/image/upload/v1738768933/logo_myycxt.jpg","meta":{"rootId":"4szcwkhjxxofrms","id":"4szcwkhjxxofrms"},"id":"39bvxz0n4ikknb3","previousOperationId":"8sqqy20kbaph0gj"}
{"type":"log","timestamp":1744193240565,"level":"debug","message":"(console:error) Failed to load resource: the server responded with a status of 404 (Not Found)","meta":{"userLevel":true,"rootId":"4szcwkhjxxofrms","id":"4szcwkhjxxofrms"},"id":"h6eptxi0eqxjbuy","previousOperationId":"8sqqy20kbaph0gj"}
{"type":"log","timestamp":1744193240565,"level":"warn","message":"Page request failed: GET (font) http://localhost:5488/fonts/kalpurush.ttf, failure: net::ERR_ABORTED","meta":{"rootId":"4szcwkhjxxofrms","id":"4szcwkhjxxofrms"},"id":"ho9w8eya089m17h","previousOperationId":"8sqqy20kbaph0gj"}
{"type":"log","timestamp":1744193240571,"level":"debug","message":"Running chrome with params {\"printBackground\":true,\"timeout\":59959,\"margin\":{}}","meta":{"rootId":"4szcwkhjxxofrms","id":"4szcwkhjxxofrms"},"id":"lms4fm78ijwtc1h","previousOperationId":"8sqqy20kbaph0gj"}
{"type":"operationEnd","operationId":"8sqqy20kbaph0gj","timestamp":1744193240867,"id":"fy7poaic841wa1z","previousEventId":"oy6bmhz2sc3k764","previousOperationId":"8sqqy20kbaph0gj"}
{"type":"log","timestamp":1744193240867,"level":"debug","message":"Skipping storing report.","meta":{"rootId":"4szcwkhjxxofrms","id":"4szcwkhjxxofrms"},"id":"0qqnc4sobwbsb3a","previousOperationId":"8sqqy20kbaph0gj"}
{"type":"log","timestamp":1744193240867,"level":"info","message":"Rendering request 5 finished in 650 ms","meta":{"rootId":"4szcwkhjxxofrms","id":"4szcwkhjxxofrms"},"id":"iw0gna13fg2ih2b","previousOperationId":"8sqqy20kbaph0gj"}
{"type":"operationEnd","subtype":"render","operationId":"k4eh54unhtq5akk","timestamp":1744193240867,"id":"313ihgrdm1fnv97","previousEventId":"fy7poaic841wa1z","previousOperationId":"8sqqy20kbaph0gj"}
{"type":"operationEnd","doDiffs":false,"previousEventId":"zm6y9yjhajk84oo","previousOperationId":"8trqhrerqu5fg1h","operationId":"8trqhrerqu5fg1h","timestamp":1744193240874,"id":"bl4kcvxclvqby6b"}
