{"type":"operationStart","subtype":"profile","data":{"_id":"TGC9jymZAIeH08vx","timestamp":"2025-04-09T13:31:52.718Z","state":"queued","mode":"standard","creationDate":"2025-04-09T13:31:52.721Z","modificationDate":"2025-04-09T13:31:52.721Z","shortid":"f0UBhuy","$entitySet":"profiles"},"doDiffs":false,"timestamp":1744205512720,"id":"fxxrqcxmsgpgm9w","previousOperationId":null,"operationId":"z6dncxpgxfu3tl8"}
{"type":"log","level":"info","message":"Render request 4 queued for execution and waiting for available worker","previousOperationId":"z6dncxpgxfu3tl8","timestamp":1744205512720,"id":"0lpsx2j6zfzhetc"}
{"type":"operationStart","subtype":"render","name":"myTemplate","previousOperationId":"z6dncxpgxfu3tl8","timestamp":1744205512734,"id":"7qevez12xmresn1","previousEventId":"fxxrqcxmsgpgm9w","operationId":"zb7k5p5a0gt0qyo"}
{"type":"log","timestamp":1744205512735,"level":"info","message":"Starting rendering request 4","meta":{"rootId":"4tv8qsk3tnwi079","id":"4tv8qsk3tnwi079"},"id":"f1crfjjkdj94u68","previousOperationId":"zb7k5p5a0gt0qyo"}
{"type":"log","timestamp":1744205512735,"level":"info","message":"Rendering template { name: myTemplate, recipe: chrome-pdf, engine: handlebars, preview: true }","meta":{"rootId":"4tv8qsk3tnwi079","id":"4tv8qsk3tnwi079"},"id":"hhxn4pex0tzjsi0","previousOperationId":"zb7k5p5a0gt0qyo"}
{"type":"log","timestamp":1744205512736,"level":"debug","message":"Adding sample data HUavgV0Kc","meta":{"rootId":"4tv8qsk3tnwi079","id":"4tv8qsk3tnwi079"},"id":"clzwqrji0npbojs","previousOperationId":"zb7k5p5a0gt0qyo"}
{"type":"log","timestamp":1744205512739,"level":"debug","message":"Base url not specified, skipping its injection.","meta":{"rootId":"4tv8qsk3tnwi079","id":"4tv8qsk3tnwi079"},"id":"4djtz5sol7wnz6x","previousOperationId":"zb7k5p5a0gt0qyo"}
{"type":"operationStart","subtype":"engine","name":"handlebars","timestamp":1744205512739,"id":"4yv9nxupe0wpdxn","previousEventId":"7qevez12xmresn1","operationId":"13bfhkpf0o82nd1","previousOperationId":"zb7k5p5a0gt0qyo"}
{"type":"log","timestamp":1744205512739,"level":"debug","message":"Rendering engine handlebars","meta":{"rootId":"4tv8qsk3tnwi079","id":"4tv8qsk3tnwi079"},"id":"0eep9kkd1z7f6py","previousOperationId":"13bfhkpf0o82nd1"}
{"type":"operationEnd","operationId":"13bfhkpf0o82nd1","timestamp":1744205512785,"id":"jrw95eorz7cf2vs","previousEventId":"4yv9nxupe0wpdxn","previousOperationId":"13bfhkpf0o82nd1"}
{"type":"operationStart","subtype":"recipe","name":"chrome-pdf","timestamp":1744205512787,"id":"ga4v5hym3wu5qze","previousEventId":"jrw95eorz7cf2vs","operationId":"kpvx0ix50la91od","previousOperationId":"13bfhkpf0o82nd1"}
{"type":"log","timestamp":1744205512787,"level":"debug","message":"Executing recipe chrome-pdf","meta":{"rootId":"4tv8qsk3tnwi079","id":"4tv8qsk3tnwi079"},"id":"0rpkkfu9jmlpqed","previousOperationId":"kpvx0ix50la91od"}
{"type":"log","timestamp":1744205513585,"level":"debug","message":"Converting with chrome Chrome/133.0.6943.126 using chrome-pool strategy","meta":{"rootId":"4tv8qsk3tnwi079","id":"4tv8qsk3tnwi079"},"id":"w51zvvygp4vibkg","previousOperationId":"kpvx0ix50la91od"}
{"type":"log","timestamp":1744205513651,"level":"debug","message":"Page request: GET (document) file:///C:/Users/Patheo24/AppData/Local/Temp/jsreport/autocleanup/dbcbe8d3-f77f-4f52-8b73-a7c2bb73d1c5-chrome-pdf.html","meta":{"rootId":"4tv8qsk3tnwi079","id":"4tv8qsk3tnwi079"},"id":"z02hyt0k9enoawo","previousOperationId":"kpvx0ix50la91od"}
{"type":"log","timestamp":1744205513676,"level":"debug","message":"Page request finished: GET (document) 200 file:///C:/Users/Patheo24/AppData/Local/Temp/jsreport/autocleanup/dbcbe8d3-f77f-4f52-8b73-a7c2bb73d1c5-chrome-pdf.html","meta":{"rootId":"4tv8qsk3tnwi079","id":"4tv8qsk3tnwi079"},"id":"oxzre4q4rry3vgu","previousOperationId":"kpvx0ix50la91od"}
{"type":"log","timestamp":1744205513677,"level":"debug","message":"Page request: GET (font) http://localhost:5488/fonts/kalpurush.ttf","meta":{"rootId":"4tv8qsk3tnwi079","id":"4tv8qsk3tnwi079"},"id":"8biw8kmbyz9owzm","previousOperationId":"kpvx0ix50la91od"}
{"type":"log","timestamp":1744205513677,"level":"debug","message":"Page request: GET (image) https://res.cloudinary.com/dpes1dyqb/image/upload/v1738768933/logo_myycxt.jpg","meta":{"rootId":"4tv8qsk3tnwi079","id":"4tv8qsk3tnwi079"},"id":"ysaip0pcgvyfk42","previousOperationId":"kpvx0ix50la91od"}
{"type":"log","timestamp":1744205513685,"level":"debug","message":"Page request: GET (font) http://localhost:5488/fonts/kalpurush.ttf","meta":{"rootId":"4tv8qsk3tnwi079","id":"4tv8qsk3tnwi079"},"id":"l1oppf0ch46t9d9","previousOperationId":"kpvx0ix50la91od"}
{"type":"log","timestamp":1744205513694,"level":"debug","message":"(console:error) Failed to load resource: the server responded with a status of 404 (Not Found)","meta":{"userLevel":true,"rootId":"4tv8qsk3tnwi079","id":"4tv8qsk3tnwi079"},"id":"ibq1ah8cgsprwll","previousOperationId":"kpvx0ix50la91od"}
{"type":"log","timestamp":1744205513694,"level":"warn","message":"Page request failed: GET (font) http://localhost:5488/fonts/kalpurush.ttf, failure: net::ERR_ABORTED","meta":{"rootId":"4tv8qsk3tnwi079","id":"4tv8qsk3tnwi079"},"id":"4q1hb7w3ipgepfc","previousOperationId":"kpvx0ix50la91od"}
{"type":"log","timestamp":1744205514587,"level":"debug","message":"Page request finished: GET (image) 200 https://res.cloudinary.com/dpes1dyqb/image/upload/v1738768933/logo_myycxt.jpg","meta":{"rootId":"4tv8qsk3tnwi079","id":"4tv8qsk3tnwi079"},"id":"7fotf8ul1e9j1fc","previousOperationId":"kpvx0ix50la91od"}
{"type":"log","timestamp":1744205514590,"level":"debug","message":"Running chrome with params {\"printBackground\":true,\"timeout\":59537,\"margin\":{}}","meta":{"rootId":"4tv8qsk3tnwi079","id":"4tv8qsk3tnwi079"},"id":"rgbh1xnhrqjk4rb","previousOperationId":"kpvx0ix50la91od"}
{"type":"operationEnd","operationId":"kpvx0ix50la91od","timestamp":1744205514983,"id":"1crf2v49ka7v9ey","previousEventId":"ga4v5hym3wu5qze","previousOperationId":"kpvx0ix50la91od"}
{"type":"log","timestamp":1744205514984,"level":"debug","message":"Skipping storing report.","meta":{"rootId":"4tv8qsk3tnwi079","id":"4tv8qsk3tnwi079"},"id":"vcc7wxijm3fktil","previousOperationId":"kpvx0ix50la91od"}
{"type":"log","timestamp":1744205514984,"level":"info","message":"Rendering request 4 finished in 2266 ms","meta":{"rootId":"4tv8qsk3tnwi079","id":"4tv8qsk3tnwi079"},"id":"rpa2h5nt0su9jch","previousOperationId":"kpvx0ix50la91od"}
{"type":"operationEnd","subtype":"render","operationId":"zb7k5p5a0gt0qyo","timestamp":1744205514984,"id":"tlquyj9pflfrbkb","previousEventId":"1crf2v49ka7v9ey","previousOperationId":"kpvx0ix50la91od"}
{"type":"operationEnd","doDiffs":false,"previousEventId":"fxxrqcxmsgpgm9w","previousOperationId":"z6dncxpgxfu3tl8","operationId":"z6dncxpgxfu3tl8","timestamp":1744205514988,"id":"ry4c1blqbe6vo2r"}
