{"type":"operationStart","subtype":"profile","data":{"_id":"LdGKic7cIkORKnR2","timestamp":"2025-04-10T11:29:46.806Z","state":"queued","mode":"standard","creationDate":"2025-04-10T11:29:46.816Z","modificationDate":"2025-04-10T11:29:46.816Z","shortid":"CttLa3d","$entitySet":"profiles"},"doDiffs":false,"timestamp":1744284586814,"id":"n4ho2r3is3rv1ts","previousOperationId":null,"operationId":"0i01nf9ja5phas5"}
{"type":"log","level":"info","message":"Render request 1 queued for execution and waiting for available worker","previousOperationId":"0i01nf9ja5phas5","timestamp":1744284586815,"id":"um1sty0ywgxu89e"}
{"type":"operationStart","subtype":"render","name":"myTemplate","previousOperationId":"0i01nf9ja5phas5","timestamp":1744284586865,"id":"6iag1rblbspbs7o","previousEventId":"n4ho2r3is3rv1ts","operationId":"hd2k4juoamctkt9"}
{"type":"log","timestamp":1744284586866,"level":"info","message":"Starting rendering request 1","meta":{"rootId":"4wchs53r067pptz","id":"4wchs53r067pptz"},"id":"azsnan8ffmwiiah","previousOperationId":"hd2k4juoamctkt9"}
{"type":"log","timestamp":1744284586868,"level":"info","message":"Rendering template { name: myTemplate, recipe: chrome-pdf, engine: handlebars, preview: true }","meta":{"rootId":"4wchs53r067pptz","id":"4wchs53r067pptz"},"id":"og7nbq60ldirtzc","previousOperationId":"hd2k4juoamctkt9"}
{"type":"log","timestamp":1744284586872,"level":"debug","message":"Adding sample data HUavgV0Kc","meta":{"rootId":"4wchs53r067pptz","id":"4wchs53r067pptz"},"id":"r4be372gzd44bl0","previousOperationId":"hd2k4juoamctkt9"}
{"type":"log","timestamp":1744284586876,"level":"debug","message":"Base url not specified, skipping its injection.","meta":{"rootId":"4wchs53r067pptz","id":"4wchs53r067pptz"},"id":"dr47tzurgrcpr5i","previousOperationId":"hd2k4juoamctkt9"}
{"type":"operationStart","subtype":"engine","name":"handlebars","timestamp":1744284586878,"id":"ijdvv8wquj5z1az","previousEventId":"6iag1rblbspbs7o","operationId":"w70o8k8hf9dtinm","previousOperationId":"hd2k4juoamctkt9"}
{"type":"log","timestamp":1744284586878,"level":"debug","message":"Rendering engine handlebars","meta":{"rootId":"4wchs53r067pptz","id":"4wchs53r067pptz"},"id":"hxxyr6h39d04xwn","previousOperationId":"w70o8k8hf9dtinm"}
{"type":"operationEnd","operationId":"w70o8k8hf9dtinm","timestamp":1744284587835,"id":"p84kpjkctfljrim","previousEventId":"ijdvv8wquj5z1az","previousOperationId":"w70o8k8hf9dtinm"}
{"type":"operationStart","subtype":"recipe","name":"chrome-pdf","timestamp":1744284587836,"id":"p9m9hea1iyw0tw5","previousEventId":"p84kpjkctfljrim","operationId":"mmn7dzltb1tkawg","previousOperationId":"w70o8k8hf9dtinm"}
{"type":"log","timestamp":1744284587836,"level":"debug","message":"Executing recipe chrome-pdf","meta":{"rootId":"4wchs53r067pptz","id":"4wchs53r067pptz"},"id":"btf6cm8nx1d54cv","previousOperationId":"mmn7dzltb1tkawg"}
{"type":"log","timestamp":1744284589477,"level":"debug","message":"Converting with chrome Chrome/133.0.6943.126 using chrome-pool strategy","meta":{"rootId":"4wchs53r067pptz","id":"4wchs53r067pptz"},"id":"a4e2qbelop85s1i","previousOperationId":"mmn7dzltb1tkawg"}
{"type":"log","timestamp":1744284589560,"level":"debug","message":"Page request: GET (document) file:///C:/Users/Patheo24/AppData/Local/Temp/jsreport/autocleanup/723315bb-a41c-45cd-9548-d30fe697bffd-chrome-pdf.html","meta":{"rootId":"4wchs53r067pptz","id":"4wchs53r067pptz"},"id":"lt9c1z66pmfukgn","previousOperationId":"mmn7dzltb1tkawg"}
{"type":"log","timestamp":1744284589586,"level":"debug","message":"Page request finished: GET (document) 200 file:///C:/Users/Patheo24/AppData/Local/Temp/jsreport/autocleanup/723315bb-a41c-45cd-9548-d30fe697bffd-chrome-pdf.html","meta":{"rootId":"4wchs53r067pptz","id":"4wchs53r067pptz"},"id":"1bv5q9afedzwoo0","previousOperationId":"mmn7dzltb1tkawg"}
{"type":"log","timestamp":1744284589589,"level":"debug","message":"Page request: GET (font) http://localhost:5488/fonts/kalpurush.ttf","meta":{"rootId":"4wchs53r067pptz","id":"4wchs53r067pptz"},"id":"1n6sf3n4jbemvvc","previousOperationId":"mmn7dzltb1tkawg"}
{"type":"log","timestamp":1744284589590,"level":"debug","message":"Page request: GET (image) https://res.cloudinary.com/dpes1dyqb/image/upload/v1738768933/logo_myycxt.jpg","meta":{"rootId":"4wchs53r067pptz","id":"4wchs53r067pptz"},"id":"r2fsbt2xent21dp","previousOperationId":"mmn7dzltb1tkawg"}
{"type":"log","timestamp":1744284589671,"level":"debug","message":"Page request: GET (font) http://localhost:5488/fonts/kalpurush.ttf","meta":{"rootId":"4wchs53r067pptz","id":"4wchs53r067pptz"},"id":"ooigoqehuumiph1","previousOperationId":"mmn7dzltb1tkawg"}
{"type":"log","timestamp":1744284589704,"level":"debug","message":"(console:error) Failed to load resource: the server responded with a status of 404 (Not Found)","meta":{"userLevel":true,"rootId":"4wchs53r067pptz","id":"4wchs53r067pptz"},"id":"fcwa253hgtyhdnb","previousOperationId":"mmn7dzltb1tkawg"}
{"type":"log","timestamp":1744284589705,"level":"warn","message":"Page request failed: GET (font) http://localhost:5488/fonts/kalpurush.ttf, failure: net::ERR_ABORTED","meta":{"rootId":"4wchs53r067pptz","id":"4wchs53r067pptz"},"id":"ajerqi9lg746gqm","previousOperationId":"mmn7dzltb1tkawg"}
{"type":"log","timestamp":1744284589833,"level":"debug","message":"Page request finished: GET (image) 200 https://res.cloudinary.com/dpes1dyqb/image/upload/v1738768933/logo_myycxt.jpg","meta":{"rootId":"4wchs53r067pptz","id":"4wchs53r067pptz"},"id":"7ugmn3d1fmkbwt4","previousOperationId":"mmn7dzltb1tkawg"}
{"type":"log","timestamp":1744284589836,"level":"debug","message":"Running chrome with params {\"printBackground\":true,\"format\":\"A5\",\"marginRight\":\"\",\"height\":\"\",\"marginTop\":\"\",\"marginBottom\":\"\",\"marginLeft\":\"\",\"displayHeaderFooter\":true,\"width\":\"\",\"timeout\":58338,\"margin\":{\"top\":\"\",\"right\":\"\",\"bottom\":\"\",\"left\":\"\"}}","meta":{"rootId":"4wchs53r067pptz","id":"4wchs53r067pptz"},"id":"6gcjtea5uf051j4","previousOperationId":"mmn7dzltb1tkawg"}
{"type":"operationEnd","operationId":"mmn7dzltb1tkawg","timestamp":1744284590231,"id":"0623hpfvvizokgz","previousEventId":"p9m9hea1iyw0tw5","previousOperationId":"mmn7dzltb1tkawg"}
{"type":"log","timestamp":1744284590232,"level":"debug","message":"Skipping storing report.","meta":{"rootId":"4wchs53r067pptz","id":"4wchs53r067pptz"},"id":"v4ae6z9ci1tks6x","previousOperationId":"mmn7dzltb1tkawg"}
{"type":"log","timestamp":1744284590232,"level":"info","message":"Rendering request 1 finished in 3427 ms","meta":{"rootId":"4wchs53r067pptz","id":"4wchs53r067pptz"},"id":"8gn54ww43y5uqxc","previousOperationId":"mmn7dzltb1tkawg"}
{"type":"operationEnd","subtype":"render","operationId":"hd2k4juoamctkt9","timestamp":1744284590232,"id":"qbmlf9yrfcb1e1i","previousEventId":"0623hpfvvizokgz","previousOperationId":"mmn7dzltb1tkawg"}
{"type":"operationEnd","doDiffs":false,"previousEventId":"n4ho2r3is3rv1ts","previousOperationId":"0i01nf9ja5phas5","operationId":"0i01nf9ja5phas5","timestamp":1744284590235,"id":"f77cf3niq5txkh7"}
