{"type":"operationStart","subtype":"profile","data":{"_id":"QMv4PGFp8SUVkNvp","timestamp":"2025-04-09T13:45:27.531Z","state":"queued","mode":"standard","creationDate":"2025-04-09T13:45:27.533Z","modificationDate":"2025-04-09T13:45:27.533Z","shortid":"C8eGu4R","$entitySet":"profiles"},"doDiffs":false,"timestamp":1744206327532,"id":"to18crsnequax6b","previousOperationId":null,"operationId":"k0dfzbw8bw7qnr9"}
{"type":"log","level":"info","message":"Render request 24 queued for execution and waiting for available worker","previousOperationId":"k0dfzbw8bw7qnr9","timestamp":1744206327532,"id":"m10ohpncpcbwoar"}
{"type":"operationStart","subtype":"render","name":"myTemplate","previousOperationId":"k0dfzbw8bw7qnr9","timestamp":1744206327548,"id":"jtalr2pv0s4c1xa","previousEventId":"to18crsnequax6b","operationId":"pxr6ckr22jt751o"}
{"type":"log","timestamp":1744206327548,"level":"info","message":"Starting rendering request 24","meta":{"rootId":"5426k3sz4zfu8n6","id":"5426k3sz4zfu8n6"},"id":"z5e4qfc19k9qw3f","previousOperationId":"pxr6ckr22jt751o"}
{"type":"log","timestamp":1744206327548,"level":"info","message":"Rendering template { name: myTemplate, recipe: chrome-pdf, engine: handlebars, preview: true }","meta":{"rootId":"5426k3sz4zfu8n6","id":"5426k3sz4zfu8n6"},"id":"26k3bieypaozfzf","previousOperationId":"pxr6ckr22jt751o"}
{"type":"log","timestamp":1744206327552,"level":"debug","message":"Adding sample data HUavgV0Kc","meta":{"rootId":"5426k3sz4zfu8n6","id":"5426k3sz4zfu8n6"},"id":"7q8myvq74ea7t3c","previousOperationId":"pxr6ckr22jt751o"}
{"type":"log","timestamp":1744206327554,"level":"debug","message":"Base url not specified, skipping its injection.","meta":{"rootId":"5426k3sz4zfu8n6","id":"5426k3sz4zfu8n6"},"id":"4cs05fiawi2ctnn","previousOperationId":"pxr6ckr22jt751o"}
{"type":"operationStart","subtype":"engine","name":"handlebars","timestamp":1744206327554,"id":"wtuicdcmy6ar1s1","previousEventId":"jtalr2pv0s4c1xa","operationId":"kk1diaswe4a1vu1","previousOperationId":"pxr6ckr22jt751o"}
{"type":"log","timestamp":1744206327554,"level":"debug","message":"Rendering engine handlebars","meta":{"rootId":"5426k3sz4zfu8n6","id":"5426k3sz4zfu8n6"},"id":"j7vaakaitwqpgpv","previousOperationId":"kk1diaswe4a1vu1"}
{"type":"operationEnd","operationId":"kk1diaswe4a1vu1","timestamp":1744206327576,"id":"wugp86vra7ce8iy","previousEventId":"wtuicdcmy6ar1s1","previousOperationId":"kk1diaswe4a1vu1"}
{"type":"operationStart","subtype":"recipe","name":"chrome-pdf","timestamp":1744206327577,"id":"5t9ir6m0d30zae0","previousEventId":"wugp86vra7ce8iy","operationId":"jn3opdq8lulc4ht","previousOperationId":"kk1diaswe4a1vu1"}
{"type":"log","timestamp":1744206327577,"level":"debug","message":"Executing recipe chrome-pdf","meta":{"rootId":"5426k3sz4zfu8n6","id":"5426k3sz4zfu8n6"},"id":"csjn5wg9836e4c0","previousOperationId":"jn3opdq8lulc4ht"}
{"type":"log","timestamp":1744206327580,"level":"debug","message":"Converting with chrome Chrome/133.0.6943.126 using chrome-pool strategy","meta":{"rootId":"5426k3sz4zfu8n6","id":"5426k3sz4zfu8n6"},"id":"812ddaueuebf86l","previousOperationId":"jn3opdq8lulc4ht"}
{"type":"log","timestamp":1744206327680,"level":"debug","message":"Page request: GET (document) file:///C:/Users/Patheo24/AppData/Local/Temp/jsreport/autocleanup/56928bec-0f07-47fe-843e-4e1309815e22-chrome-pdf.html","meta":{"rootId":"5426k3sz4zfu8n6","id":"5426k3sz4zfu8n6"},"id":"s4ppe0nynb0e4eo","previousOperationId":"jn3opdq8lulc4ht"}
{"type":"log","timestamp":1744206327722,"level":"debug","message":"Page request finished: GET (document) 200 file:///C:/Users/Patheo24/AppData/Local/Temp/jsreport/autocleanup/56928bec-0f07-47fe-843e-4e1309815e22-chrome-pdf.html","meta":{"rootId":"5426k3sz4zfu8n6","id":"5426k3sz4zfu8n6"},"id":"3svh0e0q8fksiw3","previousOperationId":"jn3opdq8lulc4ht"}
{"type":"log","timestamp":1744206327723,"level":"debug","message":"(console:info) Slow network is detected. See https://www.chromestatus.com/feature/5636954674692096 for more details. Fallback font will be used while loading: http://localhost:5488/fonts/kalpurush.ttf","meta":{"userLevel":true,"rootId":"5426k3sz4zfu8n6","id":"5426k3sz4zfu8n6"},"id":"4vxvqk0b408jaxw","previousOperationId":"jn3opdq8lulc4ht"}
{"type":"log","timestamp":1744206327731,"level":"debug","message":"Page request: GET (font) http://localhost:5488/fonts/kalpurush.ttf","meta":{"rootId":"5426k3sz4zfu8n6","id":"5426k3sz4zfu8n6"},"id":"nzajeo2ws38rhvh","previousOperationId":"jn3opdq8lulc4ht"}
{"type":"log","timestamp":1744206327731,"level":"debug","message":"Page request: GET (image) https://res.cloudinary.com/dpes1dyqb/image/upload/v1738768933/logo_myycxt.jpg","meta":{"rootId":"5426k3sz4zfu8n6","id":"5426k3sz4zfu8n6"},"id":"1b8jb693dkr7p5c","previousOperationId":"jn3opdq8lulc4ht"}
{"type":"log","timestamp":1744206327777,"level":"debug","message":"Page request: GET (font) http://localhost:5488/fonts/kalpurush.ttf","meta":{"rootId":"5426k3sz4zfu8n6","id":"5426k3sz4zfu8n6"},"id":"c4e8almlaftnzdv","previousOperationId":"jn3opdq8lulc4ht"}
{"type":"log","timestamp":1744206327778,"level":"debug","message":"Page request finished: GET (image) 200 https://res.cloudinary.com/dpes1dyqb/image/upload/v1738768933/logo_myycxt.jpg","meta":{"rootId":"5426k3sz4zfu8n6","id":"5426k3sz4zfu8n6"},"id":"jfdv5fpu6hdbh9d","previousOperationId":"jn3opdq8lulc4ht"}
{"type":"log","timestamp":1744206327788,"level":"debug","message":"(console:error) Failed to load resource: the server responded with a status of 404 (Not Found)","meta":{"userLevel":true,"rootId":"5426k3sz4zfu8n6","id":"5426k3sz4zfu8n6"},"id":"z2lvkzfmcdhh2qh","previousOperationId":"jn3opdq8lulc4ht"}
{"type":"log","timestamp":1744206327789,"level":"warn","message":"Page request failed: GET (font) http://localhost:5488/fonts/kalpurush.ttf, failure: net::ERR_ABORTED","meta":{"rootId":"5426k3sz4zfu8n6","id":"5426k3sz4zfu8n6"},"id":"xkyvopcaxuzdxhj","previousOperationId":"jn3opdq8lulc4ht"}
{"type":"log","timestamp":1744206327802,"level":"debug","message":"Running chrome with params {\"printBackground\":true,\"timeout\":59952,\"margin\":{}}","meta":{"rootId":"5426k3sz4zfu8n6","id":"5426k3sz4zfu8n6"},"id":"qpzb708qmsoulo7","previousOperationId":"jn3opdq8lulc4ht"}
{"type":"operationEnd","operationId":"jn3opdq8lulc4ht","timestamp":1744206328111,"id":"9v0o1iptw5fsytz","previousEventId":"5t9ir6m0d30zae0","previousOperationId":"jn3opdq8lulc4ht"}
{"type":"log","timestamp":1744206328111,"level":"debug","message":"Skipping storing report.","meta":{"rootId":"5426k3sz4zfu8n6","id":"5426k3sz4zfu8n6"},"id":"5pgdpxhjaz3brkf","previousOperationId":"jn3opdq8lulc4ht"}
{"type":"log","timestamp":1744206328111,"level":"info","message":"Rendering request 24 finished in 580 ms","meta":{"rootId":"5426k3sz4zfu8n6","id":"5426k3sz4zfu8n6"},"id":"fi8aricpki8r3cr","previousOperationId":"jn3opdq8lulc4ht"}
{"type":"operationEnd","subtype":"render","operationId":"pxr6ckr22jt751o","timestamp":1744206328111,"id":"db9n5byw6grrhfi","previousEventId":"9v0o1iptw5fsytz","previousOperationId":"jn3opdq8lulc4ht"}
{"type":"operationEnd","doDiffs":false,"previousEventId":"to18crsnequax6b","previousOperationId":"k0dfzbw8bw7qnr9","operationId":"k0dfzbw8bw7qnr9","timestamp":1744206328122,"id":"vvwwi6k29vu3brq"}
