{"type":"operationStart","subtype":"profile","data":{"_id":"Kk9RfWLuY7hMCJsP","timestamp":"2025-04-09T14:24:47.772Z","state":"queued","mode":"standard","creationDate":"2025-04-09T14:24:47.773Z","modificationDate":"2025-04-09T14:24:47.773Z","shortid":"9DrAaZJ","$entitySet":"profiles"},"doDiffs":false,"timestamp":1744208687773,"id":"j3l4szo9dosyir4","previousOperationId":null,"operationId":"pve6gbi7qza921k"}
{"type":"log","level":"info","message":"Render request 95 queued for execution and waiting for available worker","previousOperationId":"pve6gbi7qza921k","timestamp":1744208687773,"id":"wmv2db4tai5pwkp"}
{"type":"operationStart","subtype":"render","name":"myTemplate","previousOperationId":"pve6gbi7qza921k","timestamp":1744208687783,"id":"o0fqypyapm5llkp","previousEventId":"j3l4szo9dosyir4","operationId":"7znz4pvocs9zn51"}
{"type":"log","timestamp":1744208687783,"level":"info","message":"Starting rendering request 95","meta":{"rootId":"54pi753sphb64p4","id":"54pi753sphb64p4"},"id":"spct5bq6dlx6jtk","previousOperationId":"7znz4pvocs9zn51"}
{"type":"log","timestamp":1744208687783,"level":"info","message":"Rendering template { name: myTemplate, recipe: chrome-pdf, engine: handlebars, preview: false }","meta":{"rootId":"54pi753sphb64p4","id":"54pi753sphb64p4"},"id":"63jk4w5jsy2ie5z","previousOperationId":"7znz4pvocs9zn51"}
{"type":"log","timestamp":1744208687783,"level":"debug","message":"Inline data specified.","meta":{"rootId":"54pi753sphb64p4","id":"54pi753sphb64p4"},"id":"q0knbnk6t8x2vmy","previousOperationId":"7znz4pvocs9zn51"}
{"type":"log","timestamp":1744208687785,"level":"debug","message":"Base url not specified, skipping its injection.","meta":{"rootId":"54pi753sphb64p4","id":"54pi753sphb64p4"},"id":"ctpmyy4q3qm0cib","previousOperationId":"7znz4pvocs9zn51"}
{"type":"operationStart","subtype":"engine","name":"handlebars","timestamp":1744208687786,"id":"1q975h6f12vviny","previousEventId":"o0fqypyapm5llkp","operationId":"9x5f4dxyv4ieseu","previousOperationId":"7znz4pvocs9zn51"}
{"type":"log","timestamp":1744208687786,"level":"debug","message":"Rendering engine handlebars","meta":{"rootId":"54pi753sphb64p4","id":"54pi753sphb64p4"},"id":"tbveswsz7l0ss2b","previousOperationId":"9x5f4dxyv4ieseu"}
{"type":"operationEnd","operationId":"9x5f4dxyv4ieseu","timestamp":1744208687805,"id":"m4jj83v94480wn3","previousEventId":"1q975h6f12vviny","previousOperationId":"9x5f4dxyv4ieseu"}
{"type":"operationStart","subtype":"recipe","name":"chrome-pdf","timestamp":1744208687806,"id":"ias598fiz7t9qde","previousEventId":"m4jj83v94480wn3","operationId":"drlw89hd4sheg8t","previousOperationId":"9x5f4dxyv4ieseu"}
{"type":"log","timestamp":1744208687806,"level":"debug","message":"Executing recipe chrome-pdf","meta":{"rootId":"54pi753sphb64p4","id":"54pi753sphb64p4"},"id":"tvl70rgpsmdcav0","previousOperationId":"drlw89hd4sheg8t"}
{"type":"log","timestamp":1744208687809,"level":"debug","message":"Converting with chrome Chrome/133.0.6943.126 using chrome-pool strategy","meta":{"rootId":"54pi753sphb64p4","id":"54pi753sphb64p4"},"id":"lizen603ep90bgn","previousOperationId":"drlw89hd4sheg8t"}
{"type":"log","timestamp":1744208688539,"level":"debug","message":"Page request: GET (document) file:///C:/Users/Patheo24/AppData/Local/Temp/jsreport/autocleanup/67f183f6-09f7-4328-b175-826bc3732227-chrome-pdf.html","meta":{"rootId":"54pi753sphb64p4","id":"54pi753sphb64p4"},"id":"tpppfwtti2kpi7y","previousOperationId":"drlw89hd4sheg8t"}
{"type":"log","timestamp":1744208688565,"level":"debug","message":"Page request finished: GET (document) 200 file:///C:/Users/Patheo24/AppData/Local/Temp/jsreport/autocleanup/67f183f6-09f7-4328-b175-826bc3732227-chrome-pdf.html","meta":{"rootId":"54pi753sphb64p4","id":"54pi753sphb64p4"},"id":"0k8hcv5etx6j55k","previousOperationId":"drlw89hd4sheg8t"}
{"type":"log","timestamp":1744208688566,"level":"debug","message":"Page request: GET (image) https://res.cloudinary.com/dpes1dyqb/image/upload/v1738768933/logo_myycxt.jpg","meta":{"rootId":"54pi753sphb64p4","id":"54pi753sphb64p4"},"id":"8ukpz6ynr86eweq","previousOperationId":"drlw89hd4sheg8t"}
{"type":"log","timestamp":1744208688566,"level":"debug","message":"Page request: GET (font) http://localhost:5488/fonts/kalpurush.ttf","meta":{"rootId":"54pi753sphb64p4","id":"54pi753sphb64p4"},"id":"ty9gccda4fo3bah","previousOperationId":"drlw89hd4sheg8t"}
{"type":"log","timestamp":1744208688646,"level":"debug","message":"Page request: GET (font) http://localhost:5488/fonts/kalpurush.ttf","meta":{"rootId":"54pi753sphb64p4","id":"54pi753sphb64p4"},"id":"avqbvgodk9gmnrl","previousOperationId":"drlw89hd4sheg8t"}
{"type":"log","timestamp":1744208688647,"level":"debug","message":"Page request finished: GET (image) 200 https://res.cloudinary.com/dpes1dyqb/image/upload/v1738768933/logo_myycxt.jpg","meta":{"rootId":"54pi753sphb64p4","id":"54pi753sphb64p4"},"id":"dntns4m5x811g7o","previousOperationId":"drlw89hd4sheg8t"}
{"type":"log","timestamp":1744208688659,"level":"debug","message":"(console:error) Failed to load resource: the server responded with a status of 404 (Not Found)","meta":{"userLevel":true,"rootId":"54pi753sphb64p4","id":"54pi753sphb64p4"},"id":"wjgwvlssd8sjmi9","previousOperationId":"drlw89hd4sheg8t"}
{"type":"log","timestamp":1744208688659,"level":"warn","message":"Page request failed: GET (font) http://localhost:5488/fonts/kalpurush.ttf, failure: net::ERR_ABORTED","meta":{"rootId":"54pi753sphb64p4","id":"54pi753sphb64p4"},"id":"l4iqu8gl4yljaff","previousOperationId":"drlw89hd4sheg8t"}
{"type":"log","timestamp":1744208688669,"level":"debug","message":"Running chrome with params {\"printBackground\":true,\"format\":\"A5\",\"marginRight\":\"\",\"height\":\"\",\"marginTop\":\"\",\"marginBottom\":\"\",\"marginLeft\":\"\",\"displayHeaderFooter\":true,\"width\":\"\",\"timeout\":59964,\"margin\":{\"top\":\"\",\"right\":\"\",\"bottom\":\"\",\"left\":\"\"}}","meta":{"rootId":"54pi753sphb64p4","id":"54pi753sphb64p4"},"id":"xndbw3k8syns2rf","previousOperationId":"drlw89hd4sheg8t"}
{"type":"operationEnd","operationId":"drlw89hd4sheg8t","timestamp":1744208689008,"id":"xdlxd694eeheaib","previousEventId":"ias598fiz7t9qde","previousOperationId":"drlw89hd4sheg8t"}
{"type":"log","timestamp":1744208689008,"level":"debug","message":"Skipping storing report.","meta":{"rootId":"54pi753sphb64p4","id":"54pi753sphb64p4"},"id":"2nfpejsj2luxopo","previousOperationId":"drlw89hd4sheg8t"}
{"type":"log","timestamp":1744208689008,"level":"info","message":"Rendering request 95 finished in 1236 ms","meta":{"rootId":"54pi753sphb64p4","id":"54pi753sphb64p4"},"id":"521tpptke8wbqk0","previousOperationId":"drlw89hd4sheg8t"}
{"type":"operationEnd","subtype":"render","operationId":"7znz4pvocs9zn51","timestamp":1744208689008,"id":"0xgssklh0fayffp","previousEventId":"xdlxd694eeheaib","previousOperationId":"drlw89hd4sheg8t"}
{"type":"operationEnd","doDiffs":false,"previousEventId":"j3l4szo9dosyir4","previousOperationId":"pve6gbi7qza921k","operationId":"pve6gbi7qza921k","timestamp":1744208689010,"id":"phzv8mnjhr0mhks"}
