{"type":"operationStart","subtype":"profile","data":{"_id":"r1OMBUcdxOedmrym","timestamp":"2025-04-09T14:33:20.375Z","state":"queued","mode":"standard","creationDate":"2025-04-09T14:33:20.377Z","modificationDate":"2025-04-09T14:33:20.377Z","shortid":"IvhMUu6","$entitySet":"profiles"},"doDiffs":false,"timestamp":1744209200376,"id":"pk28nuptdnxejy6","previousOperationId":null,"operationId":"qq6hvmidf623b9v"}
{"type":"log","level":"info","message":"Render request 105 queued for execution and waiting for available worker","previousOperationId":"qq6hvmidf623b9v","timestamp":1744209200376,"id":"ewtmn4c2qzqid8s"}
{"type":"operationStart","subtype":"render","name":"myTemplate","previousOperationId":"qq6hvmidf623b9v","timestamp":1744209200389,"id":"58q1yppdtjfbyif","previousEventId":"pk28nuptdnxejy6","operationId":"b7oinmu7zhc9bcl"}
{"type":"log","timestamp":1744209200389,"level":"info","message":"Starting rendering request 105","meta":{"rootId":"57wvoc92tld8n2b","id":"57wvoc92tld8n2b"},"id":"noy2y9povo0pv02","previousOperationId":"b7oinmu7zhc9bcl"}
{"type":"log","timestamp":1744209200389,"level":"info","message":"Rendering template { name: myTemplate, recipe: chrome-pdf, engine: handlebars, preview: true }","meta":{"rootId":"57wvoc92tld8n2b","id":"57wvoc92tld8n2b"},"id":"7r0rwckmckkvu18","previousOperationId":"b7oinmu7zhc9bcl"}
{"type":"log","timestamp":1744209200390,"level":"debug","message":"Inline data specified.","meta":{"rootId":"57wvoc92tld8n2b","id":"57wvoc92tld8n2b"},"id":"d71xwxjsfeik83l","previousOperationId":"b7oinmu7zhc9bcl"}
{"type":"log","timestamp":1744209200391,"level":"debug","message":"Base url not specified, skipping its injection.","meta":{"rootId":"57wvoc92tld8n2b","id":"57wvoc92tld8n2b"},"id":"45rn7rnfd90duh3","previousOperationId":"b7oinmu7zhc9bcl"}
{"type":"operationStart","subtype":"engine","name":"handlebars","timestamp":1744209200391,"id":"23kzfnbtplftncv","previousEventId":"58q1yppdtjfbyif","operationId":"msy12c75zihlbrp","previousOperationId":"b7oinmu7zhc9bcl"}
{"type":"log","timestamp":1744209200391,"level":"debug","message":"Rendering engine handlebars","meta":{"rootId":"57wvoc92tld8n2b","id":"57wvoc92tld8n2b"},"id":"zdykry10o95a0lk","previousOperationId":"msy12c75zihlbrp"}
{"type":"operationEnd","operationId":"msy12c75zihlbrp","timestamp":1744209200420,"id":"n0ku3s5dpa8zqpu","previousEventId":"23kzfnbtplftncv","previousOperationId":"msy12c75zihlbrp"}
{"type":"operationStart","subtype":"recipe","name":"chrome-pdf","timestamp":1744209200420,"id":"5qr9rov8cbft241","previousEventId":"n0ku3s5dpa8zqpu","operationId":"s7mgm8i3yx5lugk","previousOperationId":"msy12c75zihlbrp"}
{"type":"log","timestamp":1744209200420,"level":"debug","message":"Executing recipe chrome-pdf","meta":{"rootId":"57wvoc92tld8n2b","id":"57wvoc92tld8n2b"},"id":"bbhl7h1h3oc0t8w","previousOperationId":"s7mgm8i3yx5lugk"}
{"type":"log","timestamp":1744209200423,"level":"debug","message":"Converting with chrome Chrome/133.0.6943.126 using chrome-pool strategy","meta":{"rootId":"57wvoc92tld8n2b","id":"57wvoc92tld8n2b"},"id":"q26sbxughxsl2w0","previousOperationId":"s7mgm8i3yx5lugk"}
{"type":"log","timestamp":1744209200505,"level":"debug","message":"Page request: GET (document) file:///C:/Users/Patheo24/AppData/Local/Temp/jsreport/autocleanup/ae06fda0-a674-4ce1-ab07-a33b5d32680f-chrome-pdf.html","meta":{"rootId":"57wvoc92tld8n2b","id":"57wvoc92tld8n2b"},"id":"dasac3zqmr1omjl","previousOperationId":"s7mgm8i3yx5lugk"}
{"type":"log","timestamp":1744209200533,"level":"debug","message":"Page request finished: GET (document) 200 file:///C:/Users/Patheo24/AppData/Local/Temp/jsreport/autocleanup/ae06fda0-a674-4ce1-ab07-a33b5d32680f-chrome-pdf.html","meta":{"rootId":"57wvoc92tld8n2b","id":"57wvoc92tld8n2b"},"id":"il6jwvlb0290stw","previousOperationId":"s7mgm8i3yx5lugk"}
{"type":"log","timestamp":1744209200534,"level":"debug","message":"Page request: GET (image) https://res.cloudinary.com/dpes1dyqb/image/upload/v1738768933/logo_myycxt.jpg","meta":{"rootId":"57wvoc92tld8n2b","id":"57wvoc92tld8n2b"},"id":"m9nnp2qx372ywc3","previousOperationId":"s7mgm8i3yx5lugk"}
{"type":"log","timestamp":1744209200542,"level":"debug","message":"Page request: GET (font) http://localhost:5488/fonts/kalpurush.ttf","meta":{"rootId":"57wvoc92tld8n2b","id":"57wvoc92tld8n2b"},"id":"dujwddezcqgf5b6","previousOperationId":"s7mgm8i3yx5lugk"}
{"type":"log","timestamp":1744209200549,"level":"debug","message":"Page request: GET (font) http://localhost:5488/fonts/kalpurush.ttf","meta":{"rootId":"57wvoc92tld8n2b","id":"57wvoc92tld8n2b"},"id":"wynkyeqetvxz9hd","previousOperationId":"s7mgm8i3yx5lugk"}
{"type":"log","timestamp":1744209200617,"level":"debug","message":"Page request finished: GET (image) 200 https://res.cloudinary.com/dpes1dyqb/image/upload/v1738768933/logo_myycxt.jpg","meta":{"rootId":"57wvoc92tld8n2b","id":"57wvoc92tld8n2b"},"id":"onbz8rvpv87lni7","previousOperationId":"s7mgm8i3yx5lugk"}
{"type":"log","timestamp":1744209200617,"level":"debug","message":"(console:error) Failed to load resource: the server responded with a status of 404 (Not Found)","meta":{"userLevel":true,"rootId":"57wvoc92tld8n2b","id":"57wvoc92tld8n2b"},"id":"i4ucaqr7fk1482x","previousOperationId":"s7mgm8i3yx5lugk"}
{"type":"log","timestamp":1744209200618,"level":"warn","message":"Page request failed: GET (font) http://localhost:5488/fonts/kalpurush.ttf, failure: net::ERR_ABORTED","meta":{"rootId":"57wvoc92tld8n2b","id":"57wvoc92tld8n2b"},"id":"4kbel8bm13qi517","previousOperationId":"s7mgm8i3yx5lugk"}
{"type":"log","timestamp":1744209200640,"level":"debug","message":"Running chrome with params {\"printBackground\":true,\"format\":\"A5\",\"marginRight\":\"\",\"height\":\"\",\"marginTop\":\"\",\"marginBottom\":\"\",\"marginLeft\":\"\",\"displayHeaderFooter\":true,\"width\":\"\",\"timeout\":59953,\"margin\":{\"top\":\"\",\"right\":\"\",\"bottom\":\"\",\"left\":\"\"}}","meta":{"rootId":"57wvoc92tld8n2b","id":"57wvoc92tld8n2b"},"id":"ls8xmgngnncecn7","previousOperationId":"s7mgm8i3yx5lugk"}
{"type":"operationEnd","operationId":"s7mgm8i3yx5lugk","timestamp":1744209201074,"id":"axcvmxtqltptx00","previousEventId":"5qr9rov8cbft241","previousOperationId":"s7mgm8i3yx5lugk"}
{"type":"log","timestamp":1744209201074,"level":"debug","message":"Skipping storing report.","meta":{"rootId":"57wvoc92tld8n2b","id":"57wvoc92tld8n2b"},"id":"b6hxss7rtj18dmo","previousOperationId":"s7mgm8i3yx5lugk"}
{"type":"log","timestamp":1744209201074,"level":"info","message":"Rendering request 105 finished in 699 ms","meta":{"rootId":"57wvoc92tld8n2b","id":"57wvoc92tld8n2b"},"id":"9jxbjq11k49p7j2","previousOperationId":"s7mgm8i3yx5lugk"}
{"type":"operationEnd","subtype":"render","operationId":"b7oinmu7zhc9bcl","timestamp":1744209201074,"id":"ho612gp5ndthwlh","previousEventId":"axcvmxtqltptx00","previousOperationId":"s7mgm8i3yx5lugk"}
{"type":"operationEnd","doDiffs":false,"previousEventId":"pk28nuptdnxejy6","previousOperationId":"qq6hvmidf623b9v","operationId":"qq6hvmidf623b9v","timestamp":1744209201078,"id":"j9slrq67zatmy20"}
