{"type":"operationStart","subtype":"profile","data":{"_id":"TAvCocvOtF0pEJIm","timestamp":"2025-04-10T12:41:58.620Z","state":"queued","mode":"standard","creationDate":"2025-04-10T12:41:58.621Z","modificationDate":"2025-04-10T12:41:58.621Z","shortid":"nKj8F8m","$entitySet":"profiles"},"doDiffs":false,"timestamp":1744288918621,"id":"xrx3va82tpel8e9","previousOperationId":null,"operationId":"l1tpngutwcti7fw"}
{"type":"log","level":"info","message":"Render request 5 queued for execution and waiting for available worker","previousOperationId":"l1tpngutwcti7fw","timestamp":1744288918621,"id":"h2xrwlljsq56qr4"}
{"type":"operationStart","subtype":"render","name":"myTemplate","previousOperationId":"l1tpngutwcti7fw","timestamp":1744288918635,"id":"pqn8cpghj5kn99a","previousEventId":"xrx3va82tpel8e9","operationId":"5xhxlei1adyu8mc"}
{"type":"log","timestamp":1744288918635,"level":"info","message":"Starting rendering request 5","meta":{"rootId":"5d0xbudomo9aisl","id":"5d0xbudomo9aisl"},"id":"ir60rxphprqnjnk","previousOperationId":"5xhxlei1adyu8mc"}
{"type":"log","timestamp":1744288918635,"level":"info","message":"Rendering template { name: myTemplate, recipe: chrome-pdf, engine: handlebars, preview: true }","meta":{"rootId":"5d0xbudomo9aisl","id":"5d0xbudomo9aisl"},"id":"tjql1t9nponbf1d","previousOperationId":"5xhxlei1adyu8mc"}
{"type":"log","timestamp":1744288918636,"level":"debug","message":"Inline data specified.","meta":{"rootId":"5d0xbudomo9aisl","id":"5d0xbudomo9aisl"},"id":"nfofxx7flim65x2","previousOperationId":"5xhxlei1adyu8mc"}
{"type":"log","timestamp":1744288918639,"level":"debug","message":"Base url not specified, skipping its injection.","meta":{"rootId":"5d0xbudomo9aisl","id":"5d0xbudomo9aisl"},"id":"m64a0zrydvm3ve5","previousOperationId":"5xhxlei1adyu8mc"}
{"type":"operationStart","subtype":"engine","name":"handlebars","timestamp":1744288918640,"id":"9xktyfmw9m2ocsd","previousEventId":"pqn8cpghj5kn99a","operationId":"m65iftee2a5i8zu","previousOperationId":"5xhxlei1adyu8mc"}
{"type":"log","timestamp":1744288918640,"level":"debug","message":"Rendering engine handlebars","meta":{"rootId":"5d0xbudomo9aisl","id":"5d0xbudomo9aisl"},"id":"1a5lhlztfo2z89n","previousOperationId":"m65iftee2a5i8zu"}
{"type":"operationEnd","operationId":"m65iftee2a5i8zu","timestamp":1744288918670,"id":"62if963wruhtiet","previousEventId":"9xktyfmw9m2ocsd","previousOperationId":"m65iftee2a5i8zu"}
{"type":"operationStart","subtype":"recipe","name":"chrome-pdf","timestamp":1744288918670,"id":"jpezxpfqoyrifj2","previousEventId":"62if963wruhtiet","operationId":"9bdvh0frj7ga3wv","previousOperationId":"m65iftee2a5i8zu"}
{"type":"log","timestamp":1744288918670,"level":"debug","message":"Executing recipe chrome-pdf","meta":{"rootId":"5d0xbudomo9aisl","id":"5d0xbudomo9aisl"},"id":"r366xzm6soc1c37","previousOperationId":"9bdvh0frj7ga3wv"}
{"type":"log","timestamp":1744288918673,"level":"debug","message":"Converting with chrome Chrome/133.0.6943.126 using chrome-pool strategy","meta":{"rootId":"5d0xbudomo9aisl","id":"5d0xbudomo9aisl"},"id":"1w79pp3m59z7kxa","previousOperationId":"9bdvh0frj7ga3wv"}
{"type":"log","timestamp":1744288918752,"level":"debug","message":"Page request: GET (document) file:///C:/Users/Patheo24/AppData/Local/Temp/jsreport/autocleanup/d4b1d333-d12a-4355-ae0c-afafe5da31c0-chrome-pdf.html","meta":{"rootId":"5d0xbudomo9aisl","id":"5d0xbudomo9aisl"},"id":"yccjv0uo8efi7a5","previousOperationId":"9bdvh0frj7ga3wv"}
{"type":"log","timestamp":1744288918790,"level":"debug","message":"Page request finished: GET (document) 200 file:///C:/Users/Patheo24/AppData/Local/Temp/jsreport/autocleanup/d4b1d333-d12a-4355-ae0c-afafe5da31c0-chrome-pdf.html","meta":{"rootId":"5d0xbudomo9aisl","id":"5d0xbudomo9aisl"},"id":"4mdyczjtqolmoo1","previousOperationId":"9bdvh0frj7ga3wv"}
{"type":"log","timestamp":1744288918791,"level":"debug","message":"Page request: GET (font) http://localhost:5488/fonts/kalpurush.ttf","meta":{"rootId":"5d0xbudomo9aisl","id":"5d0xbudomo9aisl"},"id":"nysf471op58l53r","previousOperationId":"9bdvh0frj7ga3wv"}
{"type":"log","timestamp":1744288918792,"level":"debug","message":"Page request: GET (image) https://res.cloudinary.com/dpes1dyqb/image/upload/v1738768933/logo_myycxt.jpg","meta":{"rootId":"5d0xbudomo9aisl","id":"5d0xbudomo9aisl"},"id":"nhewhaelwl2ilhh","previousOperationId":"9bdvh0frj7ga3wv"}
{"type":"log","timestamp":1744288918846,"level":"debug","message":"Page request: GET (font) http://localhost:5488/fonts/kalpurush.ttf","meta":{"rootId":"5d0xbudomo9aisl","id":"5d0xbudomo9aisl"},"id":"j0621c2uzhs3n1k","previousOperationId":"9bdvh0frj7ga3wv"}
{"type":"log","timestamp":1744288918847,"level":"debug","message":"Page request finished: GET (image) 200 https://res.cloudinary.com/dpes1dyqb/image/upload/v1738768933/logo_myycxt.jpg","meta":{"rootId":"5d0xbudomo9aisl","id":"5d0xbudomo9aisl"},"id":"6ntfn7egnwgo8nm","previousOperationId":"9bdvh0frj7ga3wv"}
{"type":"log","timestamp":1744288918854,"level":"debug","message":"(console:error) Failed to load resource: the server responded with a status of 404 (Not Found)","meta":{"userLevel":true,"rootId":"5d0xbudomo9aisl","id":"5d0xbudomo9aisl"},"id":"xx5zwjtrd808td0","previousOperationId":"9bdvh0frj7ga3wv"}
{"type":"log","timestamp":1744288918854,"level":"warn","message":"Page request failed: GET (font) http://localhost:5488/fonts/kalpurush.ttf, failure: net::ERR_ABORTED","meta":{"rootId":"5d0xbudomo9aisl","id":"5d0xbudomo9aisl"},"id":"dbmn0amj2o044s8","previousOperationId":"9bdvh0frj7ga3wv"}
{"type":"log","timestamp":1744288918863,"level":"debug","message":"Running chrome with params {\"printBackground\":true,\"format\":\"A5\",\"marginRight\":\"\",\"height\":\"\",\"marginTop\":\"\",\"marginBottom\":\"\",\"marginLeft\":\"\",\"displayHeaderFooter\":true,\"width\":\"\",\"timeout\":59947,\"margin\":{\"top\":\"\",\"right\":\"\",\"bottom\":\"\",\"left\":\"\"}}","meta":{"rootId":"5d0xbudomo9aisl","id":"5d0xbudomo9aisl"},"id":"jf9q98bnh5vez3q","previousOperationId":"9bdvh0frj7ga3wv"}
{"type":"operationEnd","operationId":"9bdvh0frj7ga3wv","timestamp":1744288919198,"id":"xxr2nuk22n7rvx6","previousEventId":"jpezxpfqoyrifj2","previousOperationId":"9bdvh0frj7ga3wv"}
{"type":"log","timestamp":1744288919198,"level":"debug","message":"Skipping storing report.","meta":{"rootId":"5d0xbudomo9aisl","id":"5d0xbudomo9aisl"},"id":"htuzs5n8m7yrzwq","previousOperationId":"9bdvh0frj7ga3wv"}
{"type":"log","timestamp":1744288919198,"level":"info","message":"Rendering request 5 finished in 579 ms","meta":{"rootId":"5d0xbudomo9aisl","id":"5d0xbudomo9aisl"},"id":"2r7v1kpe0fw341y","previousOperationId":"9bdvh0frj7ga3wv"}
{"type":"operationEnd","subtype":"render","operationId":"5xhxlei1adyu8mc","timestamp":1744288919198,"id":"s08znhsygd9ncaa","previousEventId":"xxr2nuk22n7rvx6","previousOperationId":"9bdvh0frj7ga3wv"}
{"type":"operationEnd","doDiffs":false,"previousEventId":"xrx3va82tpel8e9","previousOperationId":"l1tpngutwcti7fw","operationId":"l1tpngutwcti7fw","timestamp":1744288919205,"id":"pgb30maoqdf1ey7"}
