{"type":"operationStart","subtype":"profile","data":{"_id":"6mOzqrgiA1W93qGc","timestamp":"2025-04-10T12:24:27.821Z","state":"running","mode":"standard","creationDate":"2025-04-10T12:24:27.826Z","modificationDate":"2025-04-10T12:24:27.826Z","shortid":"33taFFk","$entitySet":"profiles","timeout":60000,"templateShortid":"2tjN-EB9Yu"},"doDiffs":false,"timestamp":1744287867824,"id":"2uz0jd3kuw9u5jn","previousOperationId":null,"operationId":"5n3fkv07u3a8ykd"}
{"type":"log","level":"info","message":"Render request 1 queued for execution and waiting for available worker","previousOperationId":"5n3fkv07u3a8ykd","timestamp":1744287867824,"id":"4eyjzugxnuoyycw"}
{"type":"operationStart","subtype":"render","name":"myTemplate","previousOperationId":"5n3fkv07u3a8ykd","timestamp":1744287867852,"id":"lu675buhwygynkm","previousEventId":"2uz0jd3kuw9u5jn","operationId":"afvcv5pgd1m1tkk"}
{"type":"log","timestamp":1744287867853,"level":"info","message":"Starting rendering request 1","meta":{"rootId":"5qgbzcbn33a1obc","id":"5qgbzcbn33a1obc"},"id":"yf647gtq581g9yz","previousOperationId":"afvcv5pgd1m1tkk"}
{"type":"log","timestamp":1744287867856,"level":"info","message":"Rendering template { name: myTemplate, recipe: chrome-pdf, engine: handlebars, preview: false }","meta":{"rootId":"5qgbzcbn33a1obc","id":"5qgbzcbn33a1obc"},"id":"v1ilseao9twav86","previousOperationId":"afvcv5pgd1m1tkk"}
{"type":"log","timestamp":1744287867862,"level":"debug","message":"Inline data specified.","meta":{"rootId":"5qgbzcbn33a1obc","id":"5qgbzcbn33a1obc"},"id":"9646437sep58btj","previousOperationId":"afvcv5pgd1m1tkk"}
{"type":"log","timestamp":1744287867866,"level":"debug","message":"Base url not specified, skipping its injection.","meta":{"rootId":"5qgbzcbn33a1obc","id":"5qgbzcbn33a1obc"},"id":"julorq662m4cf3p","previousOperationId":"afvcv5pgd1m1tkk"}
{"type":"operationStart","subtype":"engine","name":"handlebars","timestamp":1744287867867,"id":"76hdi820kd16gny","previousEventId":"lu675buhwygynkm","operationId":"4sor45g17q2efbw","previousOperationId":"afvcv5pgd1m1tkk"}
{"type":"log","timestamp":1744287867867,"level":"debug","message":"Rendering engine handlebars","meta":{"rootId":"5qgbzcbn33a1obc","id":"5qgbzcbn33a1obc"},"id":"lmjtgh9jqcz8f78","previousOperationId":"4sor45g17q2efbw"}
{"type":"operationEnd","operationId":"4sor45g17q2efbw","timestamp":1744287868535,"id":"lc5lafn16a1vkyx","previousEventId":"76hdi820kd16gny","previousOperationId":"4sor45g17q2efbw"}
{"type":"operationStart","subtype":"recipe","name":"chrome-pdf","timestamp":1744287868536,"id":"cc2c14x83sed2q4","previousEventId":"lc5lafn16a1vkyx","operationId":"lgkn08h25s9mth5","previousOperationId":"4sor45g17q2efbw"}
{"type":"log","timestamp":1744287868536,"level":"debug","message":"Executing recipe chrome-pdf","meta":{"rootId":"5qgbzcbn33a1obc","id":"5qgbzcbn33a1obc"},"id":"7y9q9p09d0eiuyy","previousOperationId":"lgkn08h25s9mth5"}
{"type":"log","timestamp":1744287869415,"level":"debug","message":"Converting with chrome Chrome/133.0.6943.126 using chrome-pool strategy","meta":{"rootId":"5qgbzcbn33a1obc","id":"5qgbzcbn33a1obc"},"id":"nc0rk5znuzicjok","previousOperationId":"lgkn08h25s9mth5"}
{"type":"log","timestamp":1744287869506,"level":"debug","message":"Page request: GET (document) file:///C:/Users/Patheo24/AppData/Local/Temp/jsreport/autocleanup/2288062f-be08-44f5-9301-fa3d97b8c137-chrome-pdf.html","meta":{"rootId":"5qgbzcbn33a1obc","id":"5qgbzcbn33a1obc"},"id":"9l3igdkptclplzo","previousOperationId":"lgkn08h25s9mth5"}
{"type":"log","timestamp":1744287869536,"level":"debug","message":"Page request finished: GET (document) 200 file:///C:/Users/Patheo24/AppData/Local/Temp/jsreport/autocleanup/2288062f-be08-44f5-9301-fa3d97b8c137-chrome-pdf.html","meta":{"rootId":"5qgbzcbn33a1obc","id":"5qgbzcbn33a1obc"},"id":"3biefjhkbmvit2r","previousOperationId":"lgkn08h25s9mth5"}
{"type":"log","timestamp":1744287869539,"level":"debug","message":"Page request: GET (image) https://res.cloudinary.com/dpes1dyqb/image/upload/v1738768933/logo_myycxt.jpg","meta":{"rootId":"5qgbzcbn33a1obc","id":"5qgbzcbn33a1obc"},"id":"kut83870rvwsti3","previousOperationId":"lgkn08h25s9mth5"}
{"type":"log","timestamp":1744287869540,"level":"debug","message":"Page request: GET (font) http://localhost:5488/fonts/kalpurush.ttf","meta":{"rootId":"5qgbzcbn33a1obc","id":"5qgbzcbn33a1obc"},"id":"gnih5btchiwf277","previousOperationId":"lgkn08h25s9mth5"}
{"type":"log","timestamp":1744287869556,"level":"debug","message":"Page request: GET (font) http://localhost:5488/fonts/kalpurush.ttf","meta":{"rootId":"5qgbzcbn33a1obc","id":"5qgbzcbn33a1obc"},"id":"ttkpjpvqeixis7l","previousOperationId":"lgkn08h25s9mth5"}
{"type":"log","timestamp":1744287869626,"level":"debug","message":"(console:error) Failed to load resource: the server responded with a status of 404 (Not Found)","meta":{"userLevel":true,"rootId":"5qgbzcbn33a1obc","id":"5qgbzcbn33a1obc"},"id":"sa83i0w51i5ev0k","previousOperationId":"lgkn08h25s9mth5"}
{"type":"log","timestamp":1744287869630,"level":"warn","message":"Page request failed: GET (font) http://localhost:5488/fonts/kalpurush.ttf, failure: net::ERR_ABORTED","meta":{"rootId":"5qgbzcbn33a1obc","id":"5qgbzcbn33a1obc"},"id":"hldrditx5vdwzhv","previousOperationId":"lgkn08h25s9mth5"}
{"type":"log","timestamp":1744287869781,"level":"debug","message":"Page request finished: GET (image) 200 https://res.cloudinary.com/dpes1dyqb/image/upload/v1738768933/logo_myycxt.jpg","meta":{"rootId":"5qgbzcbn33a1obc","id":"5qgbzcbn33a1obc"},"id":"fg21ejg5o90vxcw","previousOperationId":"lgkn08h25s9mth5"}
{"type":"log","timestamp":1744287869783,"level":"debug","message":"Running chrome with params {\"printBackground\":true,\"format\":\"A5\",\"marginRight\":\"\",\"height\":\"\",\"marginTop\":\"\",\"marginBottom\":\"\",\"marginLeft\":\"\",\"displayHeaderFooter\":true,\"width\":\"\",\"timeout\":58919,\"margin\":{\"top\":\"\",\"right\":\"\",\"bottom\":\"\",\"left\":\"\"}}","meta":{"rootId":"5qgbzcbn33a1obc","id":"5qgbzcbn33a1obc"},"id":"k2bkm3va37j3xh5","previousOperationId":"lgkn08h25s9mth5"}
{"type":"operationEnd","operationId":"lgkn08h25s9mth5","timestamp":1744287870184,"id":"546p2vaqp8vbg9i","previousEventId":"cc2c14x83sed2q4","previousOperationId":"lgkn08h25s9mth5"}
{"type":"log","timestamp":1744287870185,"level":"debug","message":"Skipping storing report.","meta":{"rootId":"5qgbzcbn33a1obc","id":"5qgbzcbn33a1obc"},"id":"ahys4op64lv5kra","previousOperationId":"lgkn08h25s9mth5"}
{"type":"log","timestamp":1744287870185,"level":"info","message":"Rendering request 1 finished in 2365 ms","meta":{"rootId":"5qgbzcbn33a1obc","id":"5qgbzcbn33a1obc"},"id":"2fdskmv05xtvw8b","previousOperationId":"lgkn08h25s9mth5"}
{"type":"operationEnd","subtype":"render","operationId":"afvcv5pgd1m1tkk","timestamp":1744287870186,"id":"7q6zd44d79wt2db","previousEventId":"546p2vaqp8vbg9i","previousOperationId":"lgkn08h25s9mth5"}
{"type":"operationEnd","doDiffs":false,"previousEventId":"2uz0jd3kuw9u5jn","previousOperationId":"5n3fkv07u3a8ykd","operationId":"5n3fkv07u3a8ykd","timestamp":1744287870190,"id":"1aolsg25j16e2zk"}
