{"type":"operationStart","subtype":"profile","data":{"_id":"cWAaJxE5AwUl9G6u","timestamp":"2025-04-09T11:59:54.754Z","state":"queued","mode":"standard","creationDate":"2025-04-09T11:59:54.759Z","modificationDate":"2025-04-09T11:59:54.759Z","shortid":"vFIcfY9","$entitySet":"profiles"},"doDiffs":false,"timestamp":1744199994755,"id":"hws18r80po4x2pa","previousOperationId":null,"operationId":"drqwwvt46cpbmof"}
{"type":"log","level":"info","message":"Render request 43 queued for execution and waiting for available worker","previousOperationId":"drqwwvt46cpbmof","timestamp":1744199994756,"id":"x24j1k2121xne8m"}
{"type":"operationStart","subtype":"render","name":"myTemplate","previousOperationId":"drqwwvt46cpbmof","timestamp":1744199994790,"id":"yevcuu7949qoqin","previousEventId":"hws18r80po4x2pa","operationId":"ws33ojfiykecb4q"}
{"type":"log","timestamp":1744199994790,"level":"info","message":"Starting rendering request 43","meta":{"rootId":"5sxmbh5o4rp2qit","id":"5sxmbh5o4rp2qit"},"id":"fh6rwiyx2u7fzom","previousOperationId":"ws33ojfiykecb4q"}
{"type":"log","timestamp":1744199994791,"level":"info","message":"Rendering template { name: myTemplate, recipe: chrome-pdf, engine: handlebars, preview: false }","meta":{"rootId":"5sxmbh5o4rp2qit","id":"5sxmbh5o4rp2qit"},"id":"lro9xbyt0ccc1uk","previousOperationId":"ws33ojfiykecb4q"}
{"type":"log","timestamp":1744199994791,"level":"debug","message":"Inline data specified.","meta":{"rootId":"5sxmbh5o4rp2qit","id":"5sxmbh5o4rp2qit"},"id":"1h7zvcmy24jzhz0","previousOperationId":"ws33ojfiykecb4q"}
{"type":"log","timestamp":1744199994798,"level":"debug","message":"Base url not specified, skipping its injection.","meta":{"rootId":"5sxmbh5o4rp2qit","id":"5sxmbh5o4rp2qit"},"id":"a0l9mpmjbmyr8le","previousOperationId":"ws33ojfiykecb4q"}
{"type":"operationStart","subtype":"engine","name":"handlebars","timestamp":1744199994798,"id":"ooy7lw90zsu40d3","previousEventId":"yevcuu7949qoqin","operationId":"wj4xcape1joynzv","previousOperationId":"ws33ojfiykecb4q"}
{"type":"log","timestamp":1744199994798,"level":"debug","message":"Rendering engine handlebars","meta":{"rootId":"5sxmbh5o4rp2qit","id":"5sxmbh5o4rp2qit"},"id":"0n2vhhyxe2tvnio","previousOperationId":"wj4xcape1joynzv"}
{"type":"operationEnd","operationId":"wj4xcape1joynzv","timestamp":1744199994823,"id":"zbxa8ju2qm8zvha","previousEventId":"ooy7lw90zsu40d3","previousOperationId":"wj4xcape1joynzv"}
{"type":"operationStart","subtype":"recipe","name":"chrome-pdf","timestamp":1744199994823,"id":"ps5h968fmxf7bfv","previousEventId":"zbxa8ju2qm8zvha","operationId":"impro7rhyj1sjea","previousOperationId":"wj4xcape1joynzv"}
{"type":"log","timestamp":1744199994823,"level":"debug","message":"Executing recipe chrome-pdf","meta":{"rootId":"5sxmbh5o4rp2qit","id":"5sxmbh5o4rp2qit"},"id":"3qmx590fk2r21yo","previousOperationId":"impro7rhyj1sjea"}
{"type":"log","timestamp":1744199994827,"level":"debug","message":"Converting with chrome Chrome/133.0.6943.126 using chrome-pool strategy","meta":{"rootId":"5sxmbh5o4rp2qit","id":"5sxmbh5o4rp2qit"},"id":"pcjrckkmz7nrbjz","previousOperationId":"impro7rhyj1sjea"}
{"type":"log","timestamp":1744199994957,"level":"debug","message":"Page request: GET (document) file:///C:/Users/Patheo24/AppData/Local/Temp/jsreport/autocleanup/8444a49f-5429-4cfa-825f-c60aec9b327e-chrome-pdf.html","meta":{"rootId":"5sxmbh5o4rp2qit","id":"5sxmbh5o4rp2qit"},"id":"7o05wpqcgrzzz35","previousOperationId":"impro7rhyj1sjea"}
{"type":"log","timestamp":1744199994985,"level":"debug","message":"Page request finished: GET (document) 200 file:///C:/Users/Patheo24/AppData/Local/Temp/jsreport/autocleanup/8444a49f-5429-4cfa-825f-c60aec9b327e-chrome-pdf.html","meta":{"rootId":"5sxmbh5o4rp2qit","id":"5sxmbh5o4rp2qit"},"id":"hefd24gaui4gd8m","previousOperationId":"impro7rhyj1sjea"}
{"type":"log","timestamp":1744199994989,"level":"debug","message":"(console:info) Slow network is detected. See https://www.chromestatus.com/feature/5636954674692096 for more details. Fallback font will be used while loading: http://localhost:5488/fonts/kalpurush.ttf","meta":{"userLevel":true,"rootId":"5sxmbh5o4rp2qit","id":"5sxmbh5o4rp2qit"},"id":"rsh93lc63brv9pj","previousOperationId":"impro7rhyj1sjea"}
{"type":"log","timestamp":1744199994989,"level":"debug","message":"Page request: GET (font) http://localhost:5488/fonts/kalpurush.ttf","meta":{"rootId":"5sxmbh5o4rp2qit","id":"5sxmbh5o4rp2qit"},"id":"5he4wu33rfrvf97","previousOperationId":"impro7rhyj1sjea"}
{"type":"log","timestamp":1744199995019,"level":"debug","message":"Page request: GET (font) http://localhost:5488/fonts/kalpurush.ttf","meta":{"rootId":"5sxmbh5o4rp2qit","id":"5sxmbh5o4rp2qit"},"id":"lsp6ziorm36w13l","previousOperationId":"impro7rhyj1sjea"}
{"type":"log","timestamp":1744199995027,"level":"debug","message":"(console:error) Failed to load resource: the server responded with a status of 404 (Not Found)","meta":{"userLevel":true,"rootId":"5sxmbh5o4rp2qit","id":"5sxmbh5o4rp2qit"},"id":"ixhqwqmts1s86av","previousOperationId":"impro7rhyj1sjea"}
{"type":"log","timestamp":1744199995027,"level":"warn","message":"Page request failed: GET (font) http://localhost:5488/fonts/kalpurush.ttf, failure: net::ERR_ABORTED","meta":{"rootId":"5sxmbh5o4rp2qit","id":"5sxmbh5o4rp2qit"},"id":"maeql239k8rsbwt","previousOperationId":"impro7rhyj1sjea"}
{"type":"log","timestamp":1744199995032,"level":"debug","message":"Running chrome with params {\"printBackground\":true,\"timeout\":59929,\"margin\":{}}","meta":{"rootId":"5sxmbh5o4rp2qit","id":"5sxmbh5o4rp2qit"},"id":"vdlrlr4d5q85u9y","previousOperationId":"impro7rhyj1sjea"}
{"type":"operationEnd","operationId":"impro7rhyj1sjea","timestamp":1744199995196,"id":"qc6eeyqtm3g3paj","previousEventId":"ps5h968fmxf7bfv","previousOperationId":"impro7rhyj1sjea"}
{"type":"log","timestamp":1744199995196,"level":"debug","message":"Skipping storing report.","meta":{"rootId":"5sxmbh5o4rp2qit","id":"5sxmbh5o4rp2qit"},"id":"e49u211avs8lwkv","previousOperationId":"impro7rhyj1sjea"}
{"type":"log","timestamp":1744199995196,"level":"info","message":"Rendering request 43 finished in 442 ms","meta":{"rootId":"5sxmbh5o4rp2qit","id":"5sxmbh5o4rp2qit"},"id":"l2xvzbmq42njuxr","previousOperationId":"impro7rhyj1sjea"}
{"type":"operationEnd","subtype":"render","operationId":"ws33ojfiykecb4q","timestamp":1744199995196,"id":"68f0vo0vb0090nw","previousEventId":"qc6eeyqtm3g3paj","previousOperationId":"impro7rhyj1sjea"}
{"type":"operationEnd","doDiffs":false,"previousEventId":"hws18r80po4x2pa","previousOperationId":"drqwwvt46cpbmof","operationId":"drqwwvt46cpbmof","timestamp":1744199995198,"id":"zfbt95mbkqraxo9"}
