{"type":"operationStart","subtype":"profile","data":{"_id":"vRPKOdfC1bH8d7dP","timestamp":"2025-04-09T13:54:10.368Z","state":"queued","mode":"standard","creationDate":"2025-04-09T13:54:10.370Z","modificationDate":"2025-04-09T13:54:10.370Z","shortid":"iHoc_gP","$entitySet":"profiles"},"doDiffs":false,"timestamp":1744206850369,"id":"25l7xxqui7w5s84","previousOperationId":null,"operationId":"9zm7854dr8xy74y"}
{"type":"log","level":"info","message":"Render request 46 queued for execution and waiting for available worker","previousOperationId":"9zm7854dr8xy74y","timestamp":1744206850369,"id":"lf7p8yhpgvbfanb"}
{"type":"operationStart","subtype":"render","name":"myTemplate","previousOperationId":"9zm7854dr8xy74y","timestamp":1744206850382,"id":"22vlt9ioc5ukcv8","previousEventId":"25l7xxqui7w5s84","operationId":"p2pvnjzvvk8o5hr"}
{"type":"log","timestamp":1744206850382,"level":"info","message":"Starting rendering request 46","meta":{"rootId":"5t700ow02tsuuii","id":"5t700ow02tsuuii"},"id":"mgxo33kti8qrwcw","previousOperationId":"p2pvnjzvvk8o5hr"}
{"type":"log","timestamp":1744206850382,"level":"info","message":"Rendering template { name: myTemplate, recipe: chrome-pdf, engine: handlebars, preview: true }","meta":{"rootId":"5t700ow02tsuuii","id":"5t700ow02tsuuii"},"id":"x0cse32vz6d91bj","previousOperationId":"p2pvnjzvvk8o5hr"}
{"type":"log","timestamp":1744206850383,"level":"debug","message":"Adding sample data HUavgV0Kc","meta":{"rootId":"5t700ow02tsuuii","id":"5t700ow02tsuuii"},"id":"ro0tqemn2laimf2","previousOperationId":"p2pvnjzvvk8o5hr"}
{"type":"log","timestamp":1744206850385,"level":"debug","message":"Base url not specified, skipping its injection.","meta":{"rootId":"5t700ow02tsuuii","id":"5t700ow02tsuuii"},"id":"l3al7439h9554tb","previousOperationId":"p2pvnjzvvk8o5hr"}
{"type":"operationStart","subtype":"engine","name":"handlebars","timestamp":1744206850385,"id":"km40fj53uuo6aze","previousEventId":"22vlt9ioc5ukcv8","operationId":"b6obi0cd1gim1bv","previousOperationId":"p2pvnjzvvk8o5hr"}
{"type":"log","timestamp":1744206850385,"level":"debug","message":"Rendering engine handlebars","meta":{"rootId":"5t700ow02tsuuii","id":"5t700ow02tsuuii"},"id":"bfghr3tq7p3igi7","previousOperationId":"b6obi0cd1gim1bv"}
{"type":"operationEnd","operationId":"b6obi0cd1gim1bv","timestamp":1744206850404,"id":"gys784k0j6eemqp","previousEventId":"km40fj53uuo6aze","previousOperationId":"b6obi0cd1gim1bv"}
{"type":"operationStart","subtype":"recipe","name":"chrome-pdf","timestamp":1744206850405,"id":"jl5nbv2lcutnuh9","previousEventId":"gys784k0j6eemqp","operationId":"39jpvfaw8j390ur","previousOperationId":"b6obi0cd1gim1bv"}
{"type":"log","timestamp":1744206850405,"level":"debug","message":"Executing recipe chrome-pdf","meta":{"rootId":"5t700ow02tsuuii","id":"5t700ow02tsuuii"},"id":"hf9i46u2yfgw5xm","previousOperationId":"39jpvfaw8j390ur"}
{"type":"log","timestamp":1744206850407,"level":"debug","message":"Converting with chrome Chrome/133.0.6943.126 using chrome-pool strategy","meta":{"rootId":"5t700ow02tsuuii","id":"5t700ow02tsuuii"},"id":"2vjw3lw2it32tst","previousOperationId":"39jpvfaw8j390ur"}
{"type":"log","timestamp":1744206850476,"level":"debug","message":"Page request: GET (document) file:///C:/Users/Patheo24/AppData/Local/Temp/jsreport/autocleanup/ed55b042-b800-4f97-87bd-55ac1aea973b-chrome-pdf.html","meta":{"rootId":"5t700ow02tsuuii","id":"5t700ow02tsuuii"},"id":"ccxnpyysojws65c","previousOperationId":"39jpvfaw8j390ur"}
{"type":"log","timestamp":1744206850500,"level":"debug","message":"Page request finished: GET (document) 200 file:///C:/Users/Patheo24/AppData/Local/Temp/jsreport/autocleanup/ed55b042-b800-4f97-87bd-55ac1aea973b-chrome-pdf.html","meta":{"rootId":"5t700ow02tsuuii","id":"5t700ow02tsuuii"},"id":"in9hl3yh8w5epws","previousOperationId":"39jpvfaw8j390ur"}
{"type":"log","timestamp":1744206850507,"level":"debug","message":"(console:info) Slow network is detected. See https://www.chromestatus.com/feature/5636954674692096 for more details. Fallback font will be used while loading: http://localhost:5488/fonts/kalpurush.ttf","meta":{"userLevel":true,"rootId":"5t700ow02tsuuii","id":"5t700ow02tsuuii"},"id":"fc6ni3f7ahcml2p","previousOperationId":"39jpvfaw8j390ur"}
{"type":"log","timestamp":1744206850508,"level":"debug","message":"Page request: GET (font) http://localhost:5488/fonts/kalpurush.ttf","meta":{"rootId":"5t700ow02tsuuii","id":"5t700ow02tsuuii"},"id":"1lobrnu3rz2x96d","previousOperationId":"39jpvfaw8j390ur"}
{"type":"log","timestamp":1744206850509,"level":"debug","message":"Page request: GET (image) https://res.cloudinary.com/dpes1dyqb/image/upload/v1738768933/logo_myycxt.jpg","meta":{"rootId":"5t700ow02tsuuii","id":"5t700ow02tsuuii"},"id":"fkznomgd9n6offn","previousOperationId":"39jpvfaw8j390ur"}
{"type":"log","timestamp":1744206850553,"level":"debug","message":"Page request: GET (font) http://localhost:5488/fonts/kalpurush.ttf","meta":{"rootId":"5t700ow02tsuuii","id":"5t700ow02tsuuii"},"id":"ld293hmkfzike9n","previousOperationId":"39jpvfaw8j390ur"}
{"type":"log","timestamp":1744206850553,"level":"debug","message":"Page request finished: GET (image) 200 https://res.cloudinary.com/dpes1dyqb/image/upload/v1738768933/logo_myycxt.jpg","meta":{"rootId":"5t700ow02tsuuii","id":"5t700ow02tsuuii"},"id":"lakllcmt2ln0brp","previousOperationId":"39jpvfaw8j390ur"}
{"type":"log","timestamp":1744206850562,"level":"debug","message":"(console:error) Failed to load resource: the server responded with a status of 404 (Not Found)","meta":{"userLevel":true,"rootId":"5t700ow02tsuuii","id":"5t700ow02tsuuii"},"id":"r35jrepy1egs6v4","previousOperationId":"39jpvfaw8j390ur"}
{"type":"log","timestamp":1744206850562,"level":"warn","message":"Page request failed: GET (font) http://localhost:5488/fonts/kalpurush.ttf, failure: net::ERR_ABORTED","meta":{"rootId":"5t700ow02tsuuii","id":"5t700ow02tsuuii"},"id":"2zlmn1utrv7mcnk","previousOperationId":"39jpvfaw8j390ur"}
{"type":"log","timestamp":1744206850571,"level":"debug","message":"Running chrome with params {\"printBackground\":true,\"format\":\"A5\",\"marginRight\":\"\",\"timeout\":59962,\"margin\":{\"right\":\"\"}}","meta":{"rootId":"5t700ow02tsuuii","id":"5t700ow02tsuuii"},"id":"1trszmcm3ouhd8a","previousOperationId":"39jpvfaw8j390ur"}
{"type":"operationEnd","operationId":"39jpvfaw8j390ur","timestamp":1744206850866,"id":"70a7akmz5torhn1","previousEventId":"jl5nbv2lcutnuh9","previousOperationId":"39jpvfaw8j390ur"}
{"type":"log","timestamp":1744206850866,"level":"debug","message":"Skipping storing report.","meta":{"rootId":"5t700ow02tsuuii","id":"5t700ow02tsuuii"},"id":"lh1khratqjp6yep","previousOperationId":"39jpvfaw8j390ur"}
{"type":"log","timestamp":1744206850866,"level":"info","message":"Rendering request 46 finished in 498 ms","meta":{"rootId":"5t700ow02tsuuii","id":"5t700ow02tsuuii"},"id":"ij6guvs7xbo2to6","previousOperationId":"39jpvfaw8j390ur"}
{"type":"operationEnd","subtype":"render","operationId":"p2pvnjzvvk8o5hr","timestamp":1744206850866,"id":"eka5s053vbqf26s","previousEventId":"70a7akmz5torhn1","previousOperationId":"39jpvfaw8j390ur"}
{"type":"operationEnd","doDiffs":false,"previousEventId":"25l7xxqui7w5s84","previousOperationId":"9zm7854dr8xy74y","operationId":"9zm7854dr8xy74y","timestamp":1744206850873,"id":"dz5ewdbp9u6gezs"}
