{"type":"operationStart","subtype":"profile","data":{"_id":"szxRZGSulcQl8bWt","timestamp":"2025-04-11T12:29:04.245Z","state":"queued","mode":"standard","creationDate":"2025-04-11T12:29:04.248Z","modificationDate":"2025-04-11T12:29:04.248Z","shortid":"e5pxeHV","$entitySet":"profiles"},"doDiffs":false,"timestamp":1744374544246,"id":"un04w386jde8du2","previousOperationId":null,"operationId":"qb2byk0z0acil2y"}
{"type":"log","level":"info","message":"Render request 7 queued for execution and waiting for available worker","previousOperationId":"qb2byk0z0acil2y","timestamp":1744374544247,"id":"x2kzsljvhtq1wcj"}
{"type":"operationStart","subtype":"render","name":"myTemplate","previousOperationId":"qb2byk0z0acil2y","timestamp":1744374544269,"id":"hkynqe1ohzu5bog","previousEventId":"un04w386jde8du2","operationId":"b4106584o0lpis5"}
{"type":"log","timestamp":1744374544269,"level":"info","message":"Starting rendering request 7","meta":{"rootId":"5t8f9x4g08yydsq","id":"5t8f9x4g08yydsq"},"id":"bz0pnoptab4q5em","previousOperationId":"b4106584o0lpis5"}
{"type":"log","timestamp":1744374544269,"level":"info","message":"Rendering template { name: myTemplate, recipe: chrome-pdf, engine: handlebars, preview: true }","meta":{"rootId":"5t8f9x4g08yydsq","id":"5t8f9x4g08yydsq"},"id":"wgh2dhr2qzragxj","previousOperationId":"b4106584o0lpis5"}
{"type":"log","timestamp":1744374544270,"level":"debug","message":"Inline data specified.","meta":{"rootId":"5t8f9x4g08yydsq","id":"5t8f9x4g08yydsq"},"id":"78qw3e073pw1yhk","previousOperationId":"b4106584o0lpis5"}
{"type":"log","timestamp":1744374544276,"level":"debug","message":"Base url not specified, skipping its injection.","meta":{"rootId":"5t8f9x4g08yydsq","id":"5t8f9x4g08yydsq"},"id":"9iajhns49idw8d9","previousOperationId":"b4106584o0lpis5"}
{"type":"operationStart","subtype":"engine","name":"handlebars","timestamp":1744374544276,"id":"17p1qagpnv4ex0d","previousEventId":"hkynqe1ohzu5bog","operationId":"n1m9mslyq7lsxuw","previousOperationId":"b4106584o0lpis5"}
{"type":"log","timestamp":1744374544276,"level":"debug","message":"Rendering engine handlebars","meta":{"rootId":"5t8f9x4g08yydsq","id":"5t8f9x4g08yydsq"},"id":"svlw205ovsalols","previousOperationId":"n1m9mslyq7lsxuw"}
{"type":"operationEnd","operationId":"n1m9mslyq7lsxuw","timestamp":1744374544309,"id":"79cqiumz6plm876","previousEventId":"17p1qagpnv4ex0d","previousOperationId":"n1m9mslyq7lsxuw"}
{"type":"operationStart","subtype":"recipe","name":"chrome-pdf","timestamp":1744374544309,"id":"86a9uvk48in83db","previousEventId":"79cqiumz6plm876","operationId":"v7j58f3nytvcbai","previousOperationId":"n1m9mslyq7lsxuw"}
{"type":"log","timestamp":1744374544309,"level":"debug","message":"Executing recipe chrome-pdf","meta":{"rootId":"5t8f9x4g08yydsq","id":"5t8f9x4g08yydsq"},"id":"roop7wxomom7bhy","previousOperationId":"v7j58f3nytvcbai"}
{"type":"log","timestamp":1744374544312,"level":"debug","message":"Converting with chrome Chrome/133.0.6943.126 using chrome-pool strategy","meta":{"rootId":"5t8f9x4g08yydsq","id":"5t8f9x4g08yydsq"},"id":"w7ja6mdqdapkcus","previousOperationId":"v7j58f3nytvcbai"}
{"type":"log","timestamp":1744374544391,"level":"debug","message":"Page request: GET (document) file:///C:/Users/Patheo24/AppData/Local/Temp/jsreport/autocleanup/115610e8-7d86-4455-9703-414f8a3178b4-chrome-pdf.html","meta":{"rootId":"5t8f9x4g08yydsq","id":"5t8f9x4g08yydsq"},"id":"jsrj3txej7686qx","previousOperationId":"v7j58f3nytvcbai"}
{"type":"log","timestamp":1744374544419,"level":"debug","message":"Page request finished: GET (document) 200 file:///C:/Users/Patheo24/AppData/Local/Temp/jsreport/autocleanup/115610e8-7d86-4455-9703-414f8a3178b4-chrome-pdf.html","meta":{"rootId":"5t8f9x4g08yydsq","id":"5t8f9x4g08yydsq"},"id":"iqjq1vjxtwf3x4o","previousOperationId":"v7j58f3nytvcbai"}
{"type":"log","timestamp":1744374544420,"level":"debug","message":"Page request: GET (font) http://localhost:5488/fonts/kalpurush.ttf","meta":{"rootId":"5t8f9x4g08yydsq","id":"5t8f9x4g08yydsq"},"id":"hmvj1oz28nn7s8c","previousOperationId":"v7j58f3nytvcbai"}
{"type":"log","timestamp":1744374544423,"level":"debug","message":"Page request: GET (image) https://res.cloudinary.com/dpes1dyqb/image/upload/v1738768933/logo_myycxt.jpg","meta":{"rootId":"5t8f9x4g08yydsq","id":"5t8f9x4g08yydsq"},"id":"4q6sz320qccnzbk","previousOperationId":"v7j58f3nytvcbai"}
{"type":"log","timestamp":1744374544475,"level":"debug","message":"Page request: GET (font) http://localhost:5488/fonts/kalpurush.ttf","meta":{"rootId":"5t8f9x4g08yydsq","id":"5t8f9x4g08yydsq"},"id":"2c4xol5q3jinei4","previousOperationId":"v7j58f3nytvcbai"}
{"type":"log","timestamp":1744374544476,"level":"debug","message":"Page request finished: GET (image) 200 https://res.cloudinary.com/dpes1dyqb/image/upload/v1738768933/logo_myycxt.jpg","meta":{"rootId":"5t8f9x4g08yydsq","id":"5t8f9x4g08yydsq"},"id":"wjs8rllw4e285rp","previousOperationId":"v7j58f3nytvcbai"}
{"type":"log","timestamp":1744374544493,"level":"debug","message":"(console:error) Failed to load resource: the server responded with a status of 404 (Not Found)","meta":{"userLevel":true,"rootId":"5t8f9x4g08yydsq","id":"5t8f9x4g08yydsq"},"id":"fdzmjx4xtpmdi5l","previousOperationId":"v7j58f3nytvcbai"}
{"type":"log","timestamp":1744374544493,"level":"warn","message":"Page request failed: GET (font) http://localhost:5488/fonts/kalpurush.ttf, failure: net::ERR_ABORTED","meta":{"rootId":"5t8f9x4g08yydsq","id":"5t8f9x4g08yydsq"},"id":"inwxa24bbgecm0t","previousOperationId":"v7j58f3nytvcbai"}
{"type":"log","timestamp":1744374544504,"level":"debug","message":"Running chrome with params {\"printBackground\":true,\"format\":\"A5\",\"marginRight\":\"\",\"height\":\"\",\"marginTop\":\"\",\"marginBottom\":\"\",\"marginLeft\":\"\",\"displayHeaderFooter\":true,\"width\":\"\",\"timeout\":59934,\"margin\":{\"top\":\"\",\"right\":\"\",\"bottom\":\"\",\"left\":\"\"}}","meta":{"rootId":"5t8f9x4g08yydsq","id":"5t8f9x4g08yydsq"},"id":"h7bvqmwce6mo5ud","previousOperationId":"v7j58f3nytvcbai"}
{"type":"operationEnd","operationId":"v7j58f3nytvcbai","timestamp":1744374544836,"id":"km3t1qgj85x06hm","previousEventId":"86a9uvk48in83db","previousOperationId":"v7j58f3nytvcbai"}
{"type":"log","timestamp":1744374544836,"level":"debug","message":"Skipping storing report.","meta":{"rootId":"5t8f9x4g08yydsq","id":"5t8f9x4g08yydsq"},"id":"xda8in4kaxarnuh","previousOperationId":"v7j58f3nytvcbai"}
{"type":"log","timestamp":1744374544836,"level":"info","message":"Rendering request 7 finished in 591 ms","meta":{"rootId":"5t8f9x4g08yydsq","id":"5t8f9x4g08yydsq"},"id":"32ricmd5v5q9abf","previousOperationId":"v7j58f3nytvcbai"}
{"type":"operationEnd","subtype":"render","operationId":"b4106584o0lpis5","timestamp":1744374544836,"id":"eb21n0fbzu7c184","previousEventId":"km3t1qgj85x06hm","previousOperationId":"v7j58f3nytvcbai"}
{"type":"operationEnd","doDiffs":false,"previousEventId":"un04w386jde8du2","previousOperationId":"qb2byk0z0acil2y","operationId":"qb2byk0z0acil2y","timestamp":1744374544842,"id":"lgeqljq8npqzmgn"}
