{"type":"operationStart","subtype":"profile","data":{"_id":"ETujB4bOT5P1r2wA","timestamp":"2025-04-10T13:27:47.255Z","state":"queued","mode":"standard","creationDate":"2025-04-10T13:27:47.257Z","modificationDate":"2025-04-10T13:27:47.257Z","shortid":"wY_Tr_w","$entitySet":"profiles"},"doDiffs":false,"timestamp":1744291667256,"id":"fupi4pewqtyfdqw","previousOperationId":null,"operationId":"vh2r95dza8mcnl6"}
{"type":"log","level":"info","message":"Render request 30 queued for execution and waiting for available worker","previousOperationId":"vh2r95dza8mcnl6","timestamp":1744291667256,"id":"1dc8gnpdmuuqhw5"}
{"type":"operationStart","subtype":"render","name":"myTemplate","previousOperationId":"vh2r95dza8mcnl6","timestamp":1744291667274,"id":"eb19f0r3nx8ho52","previousEventId":"fupi4pewqtyfdqw","operationId":"gj8vs5va62nq4hq"}
{"type":"log","timestamp":1744291667274,"level":"info","message":"Starting rendering request 30","meta":{"rootId":"5wawkh7xsmv2h1c","id":"5wawkh7xsmv2h1c"},"id":"tcjtcf0xr8nex2y","previousOperationId":"gj8vs5va62nq4hq"}
{"type":"log","timestamp":1744291667274,"level":"info","message":"Rendering template { name: myTemplate, recipe: chrome-pdf, engine: handlebars, preview: true }","meta":{"rootId":"5wawkh7xsmv2h1c","id":"5wawkh7xsmv2h1c"},"id":"8ziyety0tq46lp4","previousOperationId":"gj8vs5va62nq4hq"}
{"type":"log","timestamp":1744291667276,"level":"debug","message":"Adding sample data HUavgV0Kc","meta":{"rootId":"5wawkh7xsmv2h1c","id":"5wawkh7xsmv2h1c"},"id":"1gr8ph9ttcvnujl","previousOperationId":"gj8vs5va62nq4hq"}
{"type":"log","timestamp":1744291667277,"level":"debug","message":"Base url not specified, skipping its injection.","meta":{"rootId":"5wawkh7xsmv2h1c","id":"5wawkh7xsmv2h1c"},"id":"w4kfo3lni6x3244","previousOperationId":"gj8vs5va62nq4hq"}
{"type":"operationStart","subtype":"engine","name":"handlebars","timestamp":1744291667277,"id":"m96wgvl1cq4i3yj","previousEventId":"eb19f0r3nx8ho52","operationId":"dw92dblejd6ctaf","previousOperationId":"gj8vs5va62nq4hq"}
{"type":"log","timestamp":1744291667277,"level":"debug","message":"Rendering engine handlebars","meta":{"rootId":"5wawkh7xsmv2h1c","id":"5wawkh7xsmv2h1c"},"id":"f0usxu04ysvy4kq","previousOperationId":"dw92dblejd6ctaf"}
{"type":"operationEnd","operationId":"dw92dblejd6ctaf","timestamp":1744291667296,"id":"fifi4w58n86b9zi","previousEventId":"m96wgvl1cq4i3yj","previousOperationId":"dw92dblejd6ctaf"}
{"type":"operationStart","subtype":"recipe","name":"chrome-pdf","timestamp":1744291667296,"id":"3rap10vilr66rh2","previousEventId":"fifi4w58n86b9zi","operationId":"7mk2e9eyhloi6z9","previousOperationId":"dw92dblejd6ctaf"}
{"type":"log","timestamp":1744291667296,"level":"debug","message":"Executing recipe chrome-pdf","meta":{"rootId":"5wawkh7xsmv2h1c","id":"5wawkh7xsmv2h1c"},"id":"f2hl8ukvtu0g3mr","previousOperationId":"7mk2e9eyhloi6z9"}
{"type":"log","timestamp":1744291667300,"level":"debug","message":"Converting with chrome Chrome/133.0.6943.126 using chrome-pool strategy","meta":{"rootId":"5wawkh7xsmv2h1c","id":"5wawkh7xsmv2h1c"},"id":"zfqhcuvzlu6f4q5","previousOperationId":"7mk2e9eyhloi6z9"}
{"type":"log","timestamp":1744291667380,"level":"debug","message":"Page request: GET (document) file:///C:/Users/Patheo24/AppData/Local/Temp/jsreport/autocleanup/6d6bd572-32d2-4756-babe-fe48f7c18e8c-chrome-pdf.html","meta":{"rootId":"5wawkh7xsmv2h1c","id":"5wawkh7xsmv2h1c"},"id":"sysqopze55z8p1c","previousOperationId":"7mk2e9eyhloi6z9"}
{"type":"log","timestamp":1744291667398,"level":"debug","message":"Page request finished: GET (document) 200 file:///C:/Users/Patheo24/AppData/Local/Temp/jsreport/autocleanup/6d6bd572-32d2-4756-babe-fe48f7c18e8c-chrome-pdf.html","meta":{"rootId":"5wawkh7xsmv2h1c","id":"5wawkh7xsmv2h1c"},"id":"6aqsokhv3s9tvtb","previousOperationId":"7mk2e9eyhloi6z9"}
{"type":"log","timestamp":1744291667399,"level":"debug","message":"Page request: GET (image) https://res.cloudinary.com/dpes1dyqb/image/upload/v1738768933/logo_myycxt.jpg","meta":{"rootId":"5wawkh7xsmv2h1c","id":"5wawkh7xsmv2h1c"},"id":"ezyzzecp0bnr90t","previousOperationId":"7mk2e9eyhloi6z9"}
{"type":"log","timestamp":1744291667400,"level":"debug","message":"Page request: GET (font) http://localhost:5488/fonts/kalpurush.ttf","meta":{"rootId":"5wawkh7xsmv2h1c","id":"5wawkh7xsmv2h1c"},"id":"d9f1b8amhscympl","previousOperationId":"7mk2e9eyhloi6z9"}
{"type":"log","timestamp":1744291667451,"level":"debug","message":"Page request: GET (font) http://localhost:5488/fonts/kalpurush.ttf","meta":{"rootId":"5wawkh7xsmv2h1c","id":"5wawkh7xsmv2h1c"},"id":"3can131so7zi8oi","previousOperationId":"7mk2e9eyhloi6z9"}
{"type":"log","timestamp":1744291667452,"level":"debug","message":"Page request finished: GET (image) 200 https://res.cloudinary.com/dpes1dyqb/image/upload/v1738768933/logo_myycxt.jpg","meta":{"rootId":"5wawkh7xsmv2h1c","id":"5wawkh7xsmv2h1c"},"id":"n437kmxgqic2mou","previousOperationId":"7mk2e9eyhloi6z9"}
{"type":"log","timestamp":1744291667465,"level":"debug","message":"(console:error) Failed to load resource: the server responded with a status of 404 (Not Found)","meta":{"userLevel":true,"rootId":"5wawkh7xsmv2h1c","id":"5wawkh7xsmv2h1c"},"id":"3w1eh85o1f285us","previousOperationId":"7mk2e9eyhloi6z9"}
{"type":"log","timestamp":1744291667465,"level":"warn","message":"Page request failed: GET (font) http://localhost:5488/fonts/kalpurush.ttf, failure: net::ERR_ABORTED","meta":{"rootId":"5wawkh7xsmv2h1c","id":"5wawkh7xsmv2h1c"},"id":"etdyp896bonoz83","previousOperationId":"7mk2e9eyhloi6z9"}
{"type":"log","timestamp":1744291667472,"level":"debug","message":"Running chrome with params {\"printBackground\":true,\"format\":\"A5\",\"marginRight\":\"\",\"height\":\"\",\"marginTop\":\"\",\"marginBottom\":\"\",\"marginLeft\":\"\",\"displayHeaderFooter\":true,\"width\":\"\",\"timeout\":59956,\"margin\":{\"top\":\"\",\"right\":\"\",\"bottom\":\"\",\"left\":\"\"}}","meta":{"rootId":"5wawkh7xsmv2h1c","id":"5wawkh7xsmv2h1c"},"id":"yt1yymqh654wk5j","previousOperationId":"7mk2e9eyhloi6z9"}
{"type":"operationEnd","operationId":"7mk2e9eyhloi6z9","timestamp":1744291667797,"id":"bf60otjmi7nr70t","previousEventId":"3rap10vilr66rh2","previousOperationId":"7mk2e9eyhloi6z9"}
{"type":"log","timestamp":1744291667797,"level":"debug","message":"Skipping storing report.","meta":{"rootId":"5wawkh7xsmv2h1c","id":"5wawkh7xsmv2h1c"},"id":"xfrg9f7cvbk6i3e","previousOperationId":"7mk2e9eyhloi6z9"}
{"type":"log","timestamp":1744291667797,"level":"info","message":"Rendering request 30 finished in 542 ms","meta":{"rootId":"5wawkh7xsmv2h1c","id":"5wawkh7xsmv2h1c"},"id":"lp0z65317q3x52g","previousOperationId":"7mk2e9eyhloi6z9"}
{"type":"operationEnd","subtype":"render","operationId":"gj8vs5va62nq4hq","timestamp":1744291667797,"id":"q1cmxz58xxtta0f","previousEventId":"bf60otjmi7nr70t","previousOperationId":"7mk2e9eyhloi6z9"}
{"type":"operationEnd","doDiffs":false,"previousEventId":"fupi4pewqtyfdqw","previousOperationId":"vh2r95dza8mcnl6","operationId":"vh2r95dza8mcnl6","timestamp":1744291667801,"id":"bgb048xuqjiu1rl"}
