{"type":"operationStart","subtype":"profile","data":{"_id":"Hb4iT2ih3Dp9hWAQ","timestamp":"2025-04-11T12:45:07.736Z","state":"queued","mode":"standard","creationDate":"2025-04-11T12:45:07.738Z","modificationDate":"2025-04-11T12:45:07.738Z","shortid":"p1bAFL9","$entitySet":"profiles"},"doDiffs":false,"timestamp":1744375507736,"id":"oqf0pmpccjg32si","previousOperationId":null,"operationId":"kqhyj2xgg53iv89"}
{"type":"log","level":"info","message":"Render request 23 queued for execution and waiting for available worker","previousOperationId":"kqhyj2xgg53iv89","timestamp":1744375507737,"id":"iywdcia1xhmk5iy"}
{"type":"operationStart","subtype":"render","name":"myTemplate","previousOperationId":"kqhyj2xgg53iv89","timestamp":1744375507752,"id":"huc146ebr3iexbc","previousEventId":"oqf0pmpccjg32si","operationId":"x8xxg9gjlqqso17"}
{"type":"log","timestamp":1744375507752,"level":"info","message":"Starting rendering request 23","meta":{"rootId":"63o9qn03mr47lzf","id":"63o9qn03mr47lzf"},"id":"ox1ja9giz1y3sc4","previousOperationId":"x8xxg9gjlqqso17"}
{"type":"log","timestamp":1744375507752,"level":"info","message":"Rendering template { name: myTemplate, recipe: chrome-pdf, engine: handlebars, preview: true }","meta":{"rootId":"63o9qn03mr47lzf","id":"63o9qn03mr47lzf"},"id":"6yi8bq9xrkwz9bw","previousOperationId":"x8xxg9gjlqqso17"}
{"type":"log","timestamp":1744375507753,"level":"debug","message":"Inline data specified.","meta":{"rootId":"63o9qn03mr47lzf","id":"63o9qn03mr47lzf"},"id":"2dj76982lr9ut3y","previousOperationId":"x8xxg9gjlqqso17"}
{"type":"log","timestamp":1744375507755,"level":"debug","message":"Base url not specified, skipping its injection.","meta":{"rootId":"63o9qn03mr47lzf","id":"63o9qn03mr47lzf"},"id":"godm7q7oxisci71","previousOperationId":"x8xxg9gjlqqso17"}
{"type":"operationStart","subtype":"engine","name":"handlebars","timestamp":1744375507756,"id":"6kx6mzfnhh0v74e","previousEventId":"huc146ebr3iexbc","operationId":"vlsmosljplmn1nc","previousOperationId":"x8xxg9gjlqqso17"}
{"type":"log","timestamp":1744375507756,"level":"debug","message":"Rendering engine handlebars","meta":{"rootId":"63o9qn03mr47lzf","id":"63o9qn03mr47lzf"},"id":"mmxc3cpwzezo94h","previousOperationId":"vlsmosljplmn1nc"}
{"type":"operationEnd","operationId":"vlsmosljplmn1nc","timestamp":1744375507781,"id":"2xuqszqv2f0annw","previousEventId":"6kx6mzfnhh0v74e","previousOperationId":"vlsmosljplmn1nc"}
{"type":"operationStart","subtype":"recipe","name":"chrome-pdf","timestamp":1744375507781,"id":"kuh0snl96cnob7c","previousEventId":"2xuqszqv2f0annw","operationId":"hux62p4ee841al5","previousOperationId":"vlsmosljplmn1nc"}
{"type":"log","timestamp":1744375507781,"level":"debug","message":"Executing recipe chrome-pdf","meta":{"rootId":"63o9qn03mr47lzf","id":"63o9qn03mr47lzf"},"id":"xsjn20mb550rs1n","previousOperationId":"hux62p4ee841al5"}
{"type":"log","timestamp":1744375507784,"level":"debug","message":"Converting with chrome Chrome/133.0.6943.126 using chrome-pool strategy","meta":{"rootId":"63o9qn03mr47lzf","id":"63o9qn03mr47lzf"},"id":"3xjagezzgab424n","previousOperationId":"hux62p4ee841al5"}
{"type":"log","timestamp":1744375507853,"level":"debug","message":"Page request: GET (document) file:///C:/Users/Patheo24/AppData/Local/Temp/jsreport/autocleanup/e0c435da-8ec1-406b-a0cd-b4e6ce327a04-chrome-pdf.html","meta":{"rootId":"63o9qn03mr47lzf","id":"63o9qn03mr47lzf"},"id":"bos4y0txvce43nq","previousOperationId":"hux62p4ee841al5"}
{"type":"log","timestamp":1744375507876,"level":"debug","message":"Page request finished: GET (document) 200 file:///C:/Users/Patheo24/AppData/Local/Temp/jsreport/autocleanup/e0c435da-8ec1-406b-a0cd-b4e6ce327a04-chrome-pdf.html","meta":{"rootId":"63o9qn03mr47lzf","id":"63o9qn03mr47lzf"},"id":"yi6fe4zmtx5znyw","previousOperationId":"hux62p4ee841al5"}
{"type":"log","timestamp":1744375507881,"level":"debug","message":"Page request: GET (image) https://res.cloudinary.com/dpes1dyqb/image/upload/v1738768933/logo_myycxt.jpg","meta":{"rootId":"63o9qn03mr47lzf","id":"63o9qn03mr47lzf"},"id":"jnct48wmi5hnjzk","previousOperationId":"hux62p4ee841al5"}
{"type":"log","timestamp":1744375507882,"level":"debug","message":"Page request: GET (font) http://localhost:5488/fonts/kalpurush.ttf","meta":{"rootId":"63o9qn03mr47lzf","id":"63o9qn03mr47lzf"},"id":"0r8av4n55iofkrl","previousOperationId":"hux62p4ee841al5"}
{"type":"log","timestamp":1744375507934,"level":"debug","message":"Page request: GET (font) http://localhost:5488/fonts/kalpurush.ttf","meta":{"rootId":"63o9qn03mr47lzf","id":"63o9qn03mr47lzf"},"id":"t0wqubwgn5tpgv6","previousOperationId":"hux62p4ee841al5"}
{"type":"log","timestamp":1744375507935,"level":"debug","message":"Page request finished: GET (image) 200 https://res.cloudinary.com/dpes1dyqb/image/upload/v1738768933/logo_myycxt.jpg","meta":{"rootId":"63o9qn03mr47lzf","id":"63o9qn03mr47lzf"},"id":"vwv1wnj1ewdadb5","previousOperationId":"hux62p4ee841al5"}
{"type":"log","timestamp":1744375507946,"level":"debug","message":"(console:error) Failed to load resource: the server responded with a status of 404 (Not Found)","meta":{"userLevel":true,"rootId":"63o9qn03mr47lzf","id":"63o9qn03mr47lzf"},"id":"1wkb0eyljrwg2q2","previousOperationId":"hux62p4ee841al5"}
{"type":"log","timestamp":1744375507946,"level":"warn","message":"Page request failed: GET (font) http://localhost:5488/fonts/kalpurush.ttf, failure: net::ERR_ABORTED","meta":{"rootId":"63o9qn03mr47lzf","id":"63o9qn03mr47lzf"},"id":"9vgyhg0czzispxz","previousOperationId":"hux62p4ee841al5"}
{"type":"log","timestamp":1744375507955,"level":"debug","message":"Running chrome with params {\"printBackground\":true,\"format\":\"A5\",\"marginRight\":\"\",\"height\":\"\",\"marginTop\":\"\",\"marginBottom\":\"\",\"marginLeft\":\"\",\"displayHeaderFooter\":true,\"width\":\"\",\"timeout\":59952,\"margin\":{\"top\":\"\",\"right\":\"\",\"bottom\":\"\",\"left\":\"\"}}","meta":{"rootId":"63o9qn03mr47lzf","id":"63o9qn03mr47lzf"},"id":"gpy3sp3a2t3gsvx","previousOperationId":"hux62p4ee841al5"}
{"type":"operationEnd","operationId":"hux62p4ee841al5","timestamp":1744375508291,"id":"ztu22u92dnihgl2","previousEventId":"kuh0snl96cnob7c","previousOperationId":"hux62p4ee841al5"}
{"type":"log","timestamp":1744375508291,"level":"debug","message":"Skipping storing report.","meta":{"rootId":"63o9qn03mr47lzf","id":"63o9qn03mr47lzf"},"id":"7uatocrbqa8h4zg","previousOperationId":"hux62p4ee841al5"}
{"type":"log","timestamp":1744375508291,"level":"info","message":"Rendering request 23 finished in 556 ms","meta":{"rootId":"63o9qn03mr47lzf","id":"63o9qn03mr47lzf"},"id":"2ztn6tkxbiwf5g4","previousOperationId":"hux62p4ee841al5"}
{"type":"operationEnd","subtype":"render","operationId":"x8xxg9gjlqqso17","timestamp":1744375508291,"id":"n44w2az5z2n82f1","previousEventId":"ztu22u92dnihgl2","previousOperationId":"hux62p4ee841al5"}
{"type":"operationEnd","doDiffs":false,"previousEventId":"oqf0pmpccjg32si","previousOperationId":"kqhyj2xgg53iv89","operationId":"kqhyj2xgg53iv89","timestamp":1744375508296,"id":"z7f3yppx7homqvy"}
