{"type":"operationStart","subtype":"profile","data":{"_id":"O5orOK9aSvJPqilY","timestamp":"2025-04-10T10:42:25.537Z","state":"queued","mode":"standard","creationDate":"2025-04-10T10:42:25.540Z","modificationDate":"2025-04-10T10:42:25.540Z","shortid":"04g5pK_","$entitySet":"profiles"},"doDiffs":false,"timestamp":1744281745538,"id":"y822s1js4ikne3h","previousOperationId":null,"operationId":"6utjytrw29qg84b"}
{"type":"log","level":"info","message":"Render request 8 queued for execution and waiting for available worker","previousOperationId":"6utjytrw29qg84b","timestamp":1744281745538,"id":"45x5ria0fbbfnzg"}
{"type":"operationStart","subtype":"render","name":"myTemplate","previousOperationId":"6utjytrw29qg84b","timestamp":1744281745577,"id":"9iql2n6pcr6ljtx","previousEventId":"y822s1js4ikne3h","operationId":"d975dm2wnz4lb12"}
{"type":"log","timestamp":1744281745578,"level":"info","message":"Starting rendering request 8","meta":{"rootId":"64kvxh7z7ga0dfy","id":"64kvxh7z7ga0dfy"},"id":"j9oimjh66kgislg","previousOperationId":"d975dm2wnz4lb12"}
{"type":"log","timestamp":1744281745579,"level":"info","message":"Rendering template { name: myTemplate, recipe: chrome-pdf, engine: handlebars, preview: false }","meta":{"rootId":"64kvxh7z7ga0dfy","id":"64kvxh7z7ga0dfy"},"id":"rlqk8ff39d0me8c","previousOperationId":"d975dm2wnz4lb12"}
{"type":"log","timestamp":1744281745580,"level":"debug","message":"Inline data specified.","meta":{"rootId":"64kvxh7z7ga0dfy","id":"64kvxh7z7ga0dfy"},"id":"atoxa1ooego1qmo","previousOperationId":"d975dm2wnz4lb12"}
{"type":"log","timestamp":1744281745582,"level":"debug","message":"Base url not specified, skipping its injection.","meta":{"rootId":"64kvxh7z7ga0dfy","id":"64kvxh7z7ga0dfy"},"id":"a266vcp4fewd0lk","previousOperationId":"d975dm2wnz4lb12"}
{"type":"operationStart","subtype":"engine","name":"handlebars","timestamp":1744281745595,"id":"60p9h5fahvtrgaq","previousEventId":"9iql2n6pcr6ljtx","operationId":"cqjin1mzu6wwijb","previousOperationId":"d975dm2wnz4lb12"}
{"type":"log","timestamp":1744281745595,"level":"debug","message":"Rendering engine handlebars","meta":{"rootId":"64kvxh7z7ga0dfy","id":"64kvxh7z7ga0dfy"},"id":"a32ji3sd2zwne1z","previousOperationId":"cqjin1mzu6wwijb"}
{"type":"operationEnd","operationId":"cqjin1mzu6wwijb","timestamp":1744281745650,"id":"ruse2hq1cl6ocjp","previousEventId":"60p9h5fahvtrgaq","previousOperationId":"cqjin1mzu6wwijb"}
{"type":"operationStart","subtype":"recipe","name":"chrome-pdf","timestamp":1744281745651,"id":"9ug4y5jnijaiax9","previousEventId":"ruse2hq1cl6ocjp","operationId":"auw6m256cidtqvf","previousOperationId":"cqjin1mzu6wwijb"}
{"type":"log","timestamp":1744281745651,"level":"debug","message":"Executing recipe chrome-pdf","meta":{"rootId":"64kvxh7z7ga0dfy","id":"64kvxh7z7ga0dfy"},"id":"sbpj5xvh5iiyjaf","previousOperationId":"auw6m256cidtqvf"}
{"type":"log","timestamp":1744281745662,"level":"debug","message":"Converting with chrome Chrome/133.0.6943.126 using chrome-pool strategy","meta":{"rootId":"64kvxh7z7ga0dfy","id":"64kvxh7z7ga0dfy"},"id":"unrsi2cxo8fqtmf","previousOperationId":"auw6m256cidtqvf"}
{"type":"log","timestamp":1744281746525,"level":"debug","message":"Page request: GET (document) file:///C:/Users/Patheo24/AppData/Local/Temp/jsreport/autocleanup/84d6b591-8bce-4b9c-9c8a-11213e4d7abd-chrome-pdf.html","meta":{"rootId":"64kvxh7z7ga0dfy","id":"64kvxh7z7ga0dfy"},"id":"zx0nl2imbg8g5ky","previousOperationId":"auw6m256cidtqvf"}
{"type":"log","timestamp":1744281746540,"level":"debug","message":"Page request finished: GET (document) 200 file:///C:/Users/Patheo24/AppData/Local/Temp/jsreport/autocleanup/84d6b591-8bce-4b9c-9c8a-11213e4d7abd-chrome-pdf.html","meta":{"rootId":"64kvxh7z7ga0dfy","id":"64kvxh7z7ga0dfy"},"id":"t4kz6sydlznjvh3","previousOperationId":"auw6m256cidtqvf"}
{"type":"log","timestamp":1744281746541,"level":"debug","message":"Page request: GET (image) https://res.cloudinary.com/dpes1dyqb/image/upload/v1738768933/logo_myycxt.jpg","meta":{"rootId":"64kvxh7z7ga0dfy","id":"64kvxh7z7ga0dfy"},"id":"lc7le5vhd8epz45","previousOperationId":"auw6m256cidtqvf"}
{"type":"log","timestamp":1744281746542,"level":"debug","message":"(console:info) Slow network is detected. See https://www.chromestatus.com/feature/5636954674692096 for more details. Fallback font will be used while loading: http://localhost:5488/fonts/kalpurush.ttf","meta":{"userLevel":true,"rootId":"64kvxh7z7ga0dfy","id":"64kvxh7z7ga0dfy"},"id":"0o55jhe1891cxpc","previousOperationId":"auw6m256cidtqvf"}
{"type":"log","timestamp":1744281746545,"level":"debug","message":"Page request: GET (font) http://localhost:5488/fonts/kalpurush.ttf","meta":{"rootId":"64kvxh7z7ga0dfy","id":"64kvxh7z7ga0dfy"},"id":"uraguvjwjn8qtif","previousOperationId":"auw6m256cidtqvf"}
{"type":"log","timestamp":1744281746597,"level":"debug","message":"Page request finished: GET (image) 200 https://res.cloudinary.com/dpes1dyqb/image/upload/v1738768933/logo_myycxt.jpg","meta":{"rootId":"64kvxh7z7ga0dfy","id":"64kvxh7z7ga0dfy"},"id":"kg923jq8gfknjtb","previousOperationId":"auw6m256cidtqvf"}
{"type":"log","timestamp":1744281746598,"level":"debug","message":"Page request: GET (font) http://localhost:5488/fonts/kalpurush.ttf","meta":{"rootId":"64kvxh7z7ga0dfy","id":"64kvxh7z7ga0dfy"},"id":"m7rrfuwj7k6i9oq","previousOperationId":"auw6m256cidtqvf"}
{"type":"log","timestamp":1744281746611,"level":"debug","message":"(console:error) Failed to load resource: the server responded with a status of 404 (Not Found)","meta":{"userLevel":true,"rootId":"64kvxh7z7ga0dfy","id":"64kvxh7z7ga0dfy"},"id":"athhf0ixa47bv9n","previousOperationId":"auw6m256cidtqvf"}
{"type":"log","timestamp":1744281746613,"level":"warn","message":"Page request failed: GET (font) http://localhost:5488/fonts/kalpurush.ttf, failure: net::ERR_ABORTED","meta":{"rootId":"64kvxh7z7ga0dfy","id":"64kvxh7z7ga0dfy"},"id":"9avugcy9g76002d","previousOperationId":"auw6m256cidtqvf"}
{"type":"log","timestamp":1744281746619,"level":"debug","message":"Running chrome with params {\"printBackground\":true,\"format\":\"A5\",\"marginRight\":\"\",\"height\":\"\",\"marginTop\":\"\",\"marginBottom\":\"\",\"marginLeft\":\"\",\"displayHeaderFooter\":true,\"width\":\"\",\"timeout\":59880,\"margin\":{\"top\":\"\",\"right\":\"\",\"bottom\":\"\",\"left\":\"\"}}","meta":{"rootId":"64kvxh7z7ga0dfy","id":"64kvxh7z7ga0dfy"},"id":"gk1fz03hmkiamwg","previousOperationId":"auw6m256cidtqvf"}
{"type":"operationEnd","operationId":"auw6m256cidtqvf","timestamp":1744281747166,"id":"bujjyhz85cs9e8d","previousEventId":"9ug4y5jnijaiax9","previousOperationId":"auw6m256cidtqvf"}
{"type":"log","timestamp":1744281747166,"level":"debug","message":"Skipping storing report.","meta":{"rootId":"64kvxh7z7ga0dfy","id":"64kvxh7z7ga0dfy"},"id":"n73khim6lbqcu45","previousOperationId":"auw6m256cidtqvf"}
{"type":"log","timestamp":1744281747166,"level":"info","message":"Rendering request 8 finished in 1630 ms","meta":{"rootId":"64kvxh7z7ga0dfy","id":"64kvxh7z7ga0dfy"},"id":"5yrfsej1kaadw5i","previousOperationId":"auw6m256cidtqvf"}
{"type":"operationEnd","subtype":"render","operationId":"d975dm2wnz4lb12","timestamp":1744281747166,"id":"wck4l28dirfqeg5","previousEventId":"bujjyhz85cs9e8d","previousOperationId":"auw6m256cidtqvf"}
{"type":"operationEnd","doDiffs":false,"previousEventId":"y822s1js4ikne3h","previousOperationId":"6utjytrw29qg84b","operationId":"6utjytrw29qg84b","timestamp":1744281747170,"id":"pal6b1s9wrumsd1"}
