{"type":"operationStart","subtype":"profile","data":{"_id":"0dZe3cbMKEHneBIF","timestamp":"2025-04-09T14:56:11.961Z","state":"queued","mode":"standard","creationDate":"2025-04-09T14:56:11.964Z","modificationDate":"2025-04-09T14:56:11.964Z","shortid":"O0kCEgB","$entitySet":"profiles"},"doDiffs":false,"timestamp":1744210571963,"id":"lsabhtc3t3co2an","previousOperationId":null,"operationId":"re60fhg5yz9gcjg"}
{"type":"log","level":"info","message":"Render request 2 queued for execution and waiting for available worker","previousOperationId":"re60fhg5yz9gcjg","timestamp":1744210571963,"id":"onz7as3jvm5z590"}
{"type":"operationStart","subtype":"render","name":"myTemplate","previousOperationId":"re60fhg5yz9gcjg","timestamp":1744210571983,"id":"gvl7ttia9po8md2","previousEventId":"lsabhtc3t3co2an","operationId":"u96qzn80yzrorw6"}
{"type":"log","timestamp":1744210571983,"level":"info","message":"Starting rendering request 2","meta":{"rootId":"64nxg76mtgdgg3m","id":"64nxg76mtgdgg3m"},"id":"cziloldqakmm3tn","previousOperationId":"u96qzn80yzrorw6"}
{"type":"log","timestamp":1744210571984,"level":"info","message":"Rendering template { name: myTemplate, recipe: chrome-pdf, engine: handlebars, preview: true }","meta":{"rootId":"64nxg76mtgdgg3m","id":"64nxg76mtgdgg3m"},"id":"ibrr5qomt0056yj","previousOperationId":"u96qzn80yzrorw6"}
{"type":"log","timestamp":1744210571986,"level":"debug","message":"Inline data specified.","meta":{"rootId":"64nxg76mtgdgg3m","id":"64nxg76mtgdgg3m"},"id":"1ug596d33q8kr7u","previousOperationId":"u96qzn80yzrorw6"}
{"type":"log","timestamp":1744210571993,"level":"debug","message":"Base url not specified, skipping its injection.","meta":{"rootId":"64nxg76mtgdgg3m","id":"64nxg76mtgdgg3m"},"id":"seglhwfsl5grgk0","previousOperationId":"u96qzn80yzrorw6"}
{"type":"operationStart","subtype":"engine","name":"handlebars","timestamp":1744210571994,"id":"fo6m672ksx64p8a","previousEventId":"gvl7ttia9po8md2","operationId":"d7kbf2issp9yj43","previousOperationId":"u96qzn80yzrorw6"}
{"type":"log","timestamp":1744210571994,"level":"debug","message":"Rendering engine handlebars","meta":{"rootId":"64nxg76mtgdgg3m","id":"64nxg76mtgdgg3m"},"id":"lmbykp0418fvh07","previousOperationId":"d7kbf2issp9yj43"}
{"type":"operationEnd","operationId":"d7kbf2issp9yj43","timestamp":1744210572660,"id":"33batpe0kcld6yp","previousEventId":"fo6m672ksx64p8a","previousOperationId":"d7kbf2issp9yj43"}
{"type":"operationStart","subtype":"recipe","name":"chrome-pdf","timestamp":1744210572661,"id":"vimf6h2lrwt790p","previousEventId":"33batpe0kcld6yp","operationId":"64i6cyj90hc8r12","previousOperationId":"d7kbf2issp9yj43"}
{"type":"log","timestamp":1744210572661,"level":"debug","message":"Executing recipe chrome-pdf","meta":{"rootId":"64nxg76mtgdgg3m","id":"64nxg76mtgdgg3m"},"id":"268w4vytobo45ah","previousOperationId":"64i6cyj90hc8r12"}
{"type":"log","timestamp":1744210574198,"level":"debug","message":"Converting with chrome Chrome/133.0.6943.126 using chrome-pool strategy","meta":{"rootId":"64nxg76mtgdgg3m","id":"64nxg76mtgdgg3m"},"id":"2n3zxso1tykcf7g","previousOperationId":"64i6cyj90hc8r12"}
{"type":"log","timestamp":1744210575240,"level":"debug","message":"Page request: GET (document) file:///C:/Users/Patheo24/AppData/Local/Temp/jsreport/autocleanup/d2656ce9-75be-41e7-bdcc-e06af0f337a1-chrome-pdf.html","meta":{"rootId":"64nxg76mtgdgg3m","id":"64nxg76mtgdgg3m"},"id":"f3cc2rvw4i0jgz4","previousOperationId":"64i6cyj90hc8r12"}
{"type":"log","timestamp":1744210575268,"level":"debug","message":"Page request finished: GET (document) 200 file:///C:/Users/Patheo24/AppData/Local/Temp/jsreport/autocleanup/d2656ce9-75be-41e7-bdcc-e06af0f337a1-chrome-pdf.html","meta":{"rootId":"64nxg76mtgdgg3m","id":"64nxg76mtgdgg3m"},"id":"rsbqdbkquy42wdv","previousOperationId":"64i6cyj90hc8r12"}
{"type":"log","timestamp":1744210575271,"level":"debug","message":"Page request: GET (font) http://localhost:5488/fonts/kalpurush.ttf","meta":{"rootId":"64nxg76mtgdgg3m","id":"64nxg76mtgdgg3m"},"id":"gakr1k1kt95asr2","previousOperationId":"64i6cyj90hc8r12"}
{"type":"log","timestamp":1744210575272,"level":"debug","message":"Page request: GET (image) https://res.cloudinary.com/dpes1dyqb/image/upload/v1738768933/logo_myycxt.jpg","meta":{"rootId":"64nxg76mtgdgg3m","id":"64nxg76mtgdgg3m"},"id":"bsn0afssmuy1h2o","previousOperationId":"64i6cyj90hc8r12"}
{"type":"log","timestamp":1744210575418,"level":"debug","message":"Page request: GET (font) http://localhost:5488/fonts/kalpurush.ttf","meta":{"rootId":"64nxg76mtgdgg3m","id":"64nxg76mtgdgg3m"},"id":"p1agnf9pmjmcx6y","previousOperationId":"64i6cyj90hc8r12"}
{"type":"log","timestamp":1744210575427,"level":"debug","message":"(console:error) Failed to load resource: the server responded with a status of 404 (Not Found)","meta":{"userLevel":true,"rootId":"64nxg76mtgdgg3m","id":"64nxg76mtgdgg3m"},"id":"f8swft84j77ykpn","previousOperationId":"64i6cyj90hc8r12"}
{"type":"log","timestamp":1744210575428,"level":"warn","message":"Page request failed: GET (font) http://localhost:5488/fonts/kalpurush.ttf, failure: net::ERR_ABORTED","meta":{"rootId":"64nxg76mtgdgg3m","id":"64nxg76mtgdgg3m"},"id":"ccgdvddus7ks3pb","previousOperationId":"64i6cyj90hc8r12"}
{"type":"log","timestamp":1744210575496,"level":"debug","message":"Page request finished: GET (image) 200 https://res.cloudinary.com/dpes1dyqb/image/upload/v1738768933/logo_myycxt.jpg","meta":{"rootId":"64nxg76mtgdgg3m","id":"64nxg76mtgdgg3m"},"id":"qn6q0rbplvf5xs3","previousOperationId":"64i6cyj90hc8r12"}
{"type":"log","timestamp":1744210575506,"level":"debug","message":"Running chrome with params {\"printBackground\":true,\"format\":\"A5\",\"marginRight\":\"\",\"height\":\"\",\"marginTop\":\"\",\"marginBottom\":\"\",\"marginLeft\":\"\",\"displayHeaderFooter\":true,\"width\":\"\",\"timeout\":58931,\"margin\":{\"top\":\"\",\"right\":\"\",\"bottom\":\"\",\"left\":\"\"}}","meta":{"rootId":"64nxg76mtgdgg3m","id":"64nxg76mtgdgg3m"},"id":"tmubbw1hvvwsfmm","previousOperationId":"64i6cyj90hc8r12"}
{"type":"operationEnd","operationId":"64i6cyj90hc8r12","timestamp":1744210576080,"id":"w5mwpira6mzrtns","previousEventId":"vimf6h2lrwt790p","previousOperationId":"64i6cyj90hc8r12"}
{"type":"log","timestamp":1744210576082,"level":"debug","message":"Skipping storing report.","meta":{"rootId":"64nxg76mtgdgg3m","id":"64nxg76mtgdgg3m"},"id":"2x1v1n7glnku5to","previousOperationId":"64i6cyj90hc8r12"}
{"type":"log","timestamp":1744210576082,"level":"info","message":"Rendering request 2 finished in 4121 ms","meta":{"rootId":"64nxg76mtgdgg3m","id":"64nxg76mtgdgg3m"},"id":"w39z770vdmib0rt","previousOperationId":"64i6cyj90hc8r12"}
{"type":"operationEnd","subtype":"render","operationId":"u96qzn80yzrorw6","timestamp":1744210576082,"id":"jfx4xapy06uo369","previousEventId":"w5mwpira6mzrtns","previousOperationId":"64i6cyj90hc8r12"}
{"type":"operationEnd","doDiffs":false,"previousEventId":"lsabhtc3t3co2an","previousOperationId":"re60fhg5yz9gcjg","operationId":"re60fhg5yz9gcjg","timestamp":1744210576104,"id":"1mcy4n4iidsbdgj"}
