{"type":"operationStart","subtype":"profile","data":{"_id":"MUuelgmUJU5qP4Ue","timestamp":"2025-04-11T12:59:04.691Z","state":"queued","mode":"standard","creationDate":"2025-04-11T12:59:04.693Z","modificationDate":"2025-04-11T12:59:04.693Z","shortid":"GVuKbLQ","$entitySet":"profiles"},"doDiffs":false,"timestamp":1744376344692,"id":"h0n6w01m9shbhwu","previousOperationId":null,"operationId":"31fvuyg1e78e280"}
{"type":"log","level":"info","message":"Render request 37 queued for execution and waiting for available worker","previousOperationId":"31fvuyg1e78e280","timestamp":1744376344692,"id":"hgad6npazcm6omr"}
{"type":"operationStart","subtype":"render","name":"myTemplate","previousOperationId":"31fvuyg1e78e280","timestamp":1744376344709,"id":"5y06yzm8s9a592w","previousEventId":"h0n6w01m9shbhwu","operationId":"kgr170vf4gim3df"}
{"type":"log","timestamp":1744376344709,"level":"info","message":"Starting rendering request 37","meta":{"rootId":"67w8lap52j1c64x","id":"67w8lap52j1c64x"},"id":"hhx8o3fmuzld8q5","previousOperationId":"kgr170vf4gim3df"}
{"type":"log","timestamp":1744376344710,"level":"info","message":"Rendering template { name: myTemplate, recipe: chrome-pdf, engine: handlebars, preview: true }","meta":{"rootId":"67w8lap52j1c64x","id":"67w8lap52j1c64x"},"id":"1b9c2lpfoqteiqa","previousOperationId":"kgr170vf4gim3df"}
{"type":"log","timestamp":1744376344710,"level":"debug","message":"Inline data specified.","meta":{"rootId":"67w8lap52j1c64x","id":"67w8lap52j1c64x"},"id":"nd7sfc1ml3ixgxa","previousOperationId":"kgr170vf4gim3df"}
{"type":"log","timestamp":1744376344712,"level":"debug","message":"Base url not specified, skipping its injection.","meta":{"rootId":"67w8lap52j1c64x","id":"67w8lap52j1c64x"},"id":"jyiz562c6u22xzx","previousOperationId":"kgr170vf4gim3df"}
{"type":"operationStart","subtype":"engine","name":"handlebars","timestamp":1744376344712,"id":"nm8zoccltdcy59l","previousEventId":"5y06yzm8s9a592w","operationId":"3dpovckw0ipgqgi","previousOperationId":"kgr170vf4gim3df"}
{"type":"log","timestamp":1744376344712,"level":"debug","message":"Rendering engine handlebars","meta":{"rootId":"67w8lap52j1c64x","id":"67w8lap52j1c64x"},"id":"a9kvm79ysbyrzef","previousOperationId":"3dpovckw0ipgqgi"}
{"type":"operationEnd","operationId":"3dpovckw0ipgqgi","timestamp":1744376344735,"id":"qa57p56ho2e9pk4","previousEventId":"nm8zoccltdcy59l","previousOperationId":"3dpovckw0ipgqgi"}
{"type":"operationStart","subtype":"recipe","name":"chrome-pdf","timestamp":1744376344735,"id":"jf3fzlz6io66rno","previousEventId":"qa57p56ho2e9pk4","operationId":"1184d9y4j2c701b","previousOperationId":"3dpovckw0ipgqgi"}
{"type":"log","timestamp":1744376344735,"level":"debug","message":"Executing recipe chrome-pdf","meta":{"rootId":"67w8lap52j1c64x","id":"67w8lap52j1c64x"},"id":"9t03pblrj7a5ig5","previousOperationId":"1184d9y4j2c701b"}
{"type":"log","timestamp":1744376344739,"level":"debug","message":"Converting with chrome Chrome/133.0.6943.126 using chrome-pool strategy","meta":{"rootId":"67w8lap52j1c64x","id":"67w8lap52j1c64x"},"id":"hywanve81t514pq","previousOperationId":"1184d9y4j2c701b"}
{"type":"log","timestamp":1744376344810,"level":"debug","message":"Page request: GET (document) file:///C:/Users/Patheo24/AppData/Local/Temp/jsreport/autocleanup/e4273d29-9348-4aba-a9bc-fddb8e0253ae-chrome-pdf.html","meta":{"rootId":"67w8lap52j1c64x","id":"67w8lap52j1c64x"},"id":"ejjv1bve6mtakay","previousOperationId":"1184d9y4j2c701b"}
{"type":"log","timestamp":1744376344846,"level":"debug","message":"Page request finished: GET (document) 200 file:///C:/Users/Patheo24/AppData/Local/Temp/jsreport/autocleanup/e4273d29-9348-4aba-a9bc-fddb8e0253ae-chrome-pdf.html","meta":{"rootId":"67w8lap52j1c64x","id":"67w8lap52j1c64x"},"id":"7mfvlnjgdh0ingt","previousOperationId":"1184d9y4j2c701b"}
{"type":"log","timestamp":1744376344847,"level":"debug","message":"Page request: GET (font) http://localhost:5488/fonts/kalpurush.ttf","meta":{"rootId":"67w8lap52j1c64x","id":"67w8lap52j1c64x"},"id":"ffox98xwpb2fe73","previousOperationId":"1184d9y4j2c701b"}
{"type":"log","timestamp":1744376344847,"level":"debug","message":"Page request: GET (image) https://res.cloudinary.com/dpes1dyqb/image/upload/v1738768933/logo_myycxt.jpg","meta":{"rootId":"67w8lap52j1c64x","id":"67w8lap52j1c64x"},"id":"ucroqm3kbdltnku","previousOperationId":"1184d9y4j2c701b"}
{"type":"log","timestamp":1744376344913,"level":"debug","message":"Page request: GET (font) http://localhost:5488/fonts/kalpurush.ttf","meta":{"rootId":"67w8lap52j1c64x","id":"67w8lap52j1c64x"},"id":"jgrmbsz26kmp77n","previousOperationId":"1184d9y4j2c701b"}
{"type":"log","timestamp":1744376344917,"level":"debug","message":"Page request finished: GET (image) 200 https://res.cloudinary.com/dpes1dyqb/image/upload/v1738768933/logo_myycxt.jpg","meta":{"rootId":"67w8lap52j1c64x","id":"67w8lap52j1c64x"},"id":"4zt70jdiq63p2cv","previousOperationId":"1184d9y4j2c701b"}
{"type":"log","timestamp":1744376344926,"level":"debug","message":"(console:error) Failed to load resource: the server responded with a status of 404 (Not Found)","meta":{"userLevel":true,"rootId":"67w8lap52j1c64x","id":"67w8lap52j1c64x"},"id":"2ivte17vygfpp8i","previousOperationId":"1184d9y4j2c701b"}
{"type":"log","timestamp":1744376344926,"level":"warn","message":"Page request failed: GET (font) http://localhost:5488/fonts/kalpurush.ttf, failure: net::ERR_ABORTED","meta":{"rootId":"67w8lap52j1c64x","id":"67w8lap52j1c64x"},"id":"96smsfadgqt6kg3","previousOperationId":"1184d9y4j2c701b"}
{"type":"log","timestamp":1744376344936,"level":"debug","message":"Running chrome with params {\"printBackground\":true,\"format\":\"A5\",\"marginRight\":\"\",\"height\":\"\",\"marginTop\":\"\",\"marginBottom\":\"\",\"marginLeft\":\"\",\"displayHeaderFooter\":true,\"width\":\"\",\"timeout\":59953,\"margin\":{\"top\":\"\",\"right\":\"\",\"bottom\":\"\",\"left\":\"\"}}","meta":{"rootId":"67w8lap52j1c64x","id":"67w8lap52j1c64x"},"id":"3j7v2mtjk5vja3v","previousOperationId":"1184d9y4j2c701b"}
{"type":"operationEnd","operationId":"1184d9y4j2c701b","timestamp":1744376345328,"id":"ewt1vv7cusuco2b","previousEventId":"jf3fzlz6io66rno","previousOperationId":"1184d9y4j2c701b"}
{"type":"log","timestamp":1744376345328,"level":"debug","message":"Skipping storing report.","meta":{"rootId":"67w8lap52j1c64x","id":"67w8lap52j1c64x"},"id":"n5dalnt3fmueysv","previousOperationId":"1184d9y4j2c701b"}
{"type":"log","timestamp":1744376345328,"level":"info","message":"Rendering request 37 finished in 637 ms","meta":{"rootId":"67w8lap52j1c64x","id":"67w8lap52j1c64x"},"id":"kxmcidtok4rainy","previousOperationId":"1184d9y4j2c701b"}
{"type":"operationEnd","subtype":"render","operationId":"kgr170vf4gim3df","timestamp":1744376345328,"id":"st97ehpnbl53c2h","previousEventId":"ewt1vv7cusuco2b","previousOperationId":"1184d9y4j2c701b"}
{"type":"operationEnd","doDiffs":false,"previousEventId":"h0n6w01m9shbhwu","previousOperationId":"31fvuyg1e78e280","operationId":"31fvuyg1e78e280","timestamp":1744376345335,"id":"iqbkpocxl2sbzh0"}
