{"type":"operationStart","subtype":"profile","data":{"_id":"9sOrgKyQZgE10sot","timestamp":"2025-04-10T17:29:31.739Z","state":"running","mode":"standard","creationDate":"2025-04-10T17:29:31.743Z","modificationDate":"2025-04-10T17:29:31.743Z","shortid":"p-SvXzo","$entitySet":"profiles","timeout":60000,"templateShortid":"2tjN-EB9Yu"},"doDiffs":false,"timestamp":1744306171741,"id":"kculrwzd45vcica","previousOperationId":null,"operationId":"4l9ev4kmfg9lrlg"}
{"type":"log","level":"info","message":"Render request 9 queued for execution and waiting for available worker","previousOperationId":"4l9ev4kmfg9lrlg","timestamp":1744306171741,"id":"wy05mr9fpt8afxc"}
{"type":"operationStart","subtype":"render","name":"myTemplate","previousOperationId":"4l9ev4kmfg9lrlg","timestamp":1744306171753,"id":"wi9g1eoj7au5dmf","previousEventId":"kculrwzd45vcica","operationId":"60s0s5wfi09tqy9"}
{"type":"log","timestamp":1744306171753,"level":"info","message":"Starting rendering request 9","meta":{"rootId":"6h14hpi9h64hraf","id":"6h14hpi9h64hraf"},"id":"16hvptw7jet4ol1","previousOperationId":"60s0s5wfi09tqy9"}
{"type":"log","timestamp":1744306171753,"level":"info","message":"Rendering template { name: myTemplate, recipe: chrome-pdf, engine: handlebars, preview: false }","meta":{"rootId":"6h14hpi9h64hraf","id":"6h14hpi9h64hraf"},"id":"vm25nya1rlbngxx","previousOperationId":"60s0s5wfi09tqy9"}
{"type":"log","timestamp":1744306171754,"level":"debug","message":"Inline data specified.","meta":{"rootId":"6h14hpi9h64hraf","id":"6h14hpi9h64hraf"},"id":"zhta4mmtzktd219","previousOperationId":"60s0s5wfi09tqy9"}
{"type":"log","timestamp":1744306171757,"level":"debug","message":"Base url not specified, skipping its injection.","meta":{"rootId":"6h14hpi9h64hraf","id":"6h14hpi9h64hraf"},"id":"algrxip188fyx22","previousOperationId":"60s0s5wfi09tqy9"}
{"type":"operationStart","subtype":"engine","name":"handlebars","timestamp":1744306171757,"id":"mxuw3ttbmuthddb","previousEventId":"wi9g1eoj7au5dmf","operationId":"pzewoytjqe5i76j","previousOperationId":"60s0s5wfi09tqy9"}
{"type":"log","timestamp":1744306171758,"level":"debug","message":"Rendering engine handlebars","meta":{"rootId":"6h14hpi9h64hraf","id":"6h14hpi9h64hraf"},"id":"bwhtuql48l1jeqg","previousOperationId":"pzewoytjqe5i76j"}
{"type":"operationEnd","operationId":"pzewoytjqe5i76j","timestamp":1744306171813,"id":"79lylva7koi37uh","previousEventId":"mxuw3ttbmuthddb","previousOperationId":"pzewoytjqe5i76j"}
{"type":"operationStart","subtype":"recipe","name":"chrome-pdf","timestamp":1744306171813,"id":"68wa69k0noy5dif","previousEventId":"79lylva7koi37uh","operationId":"7mz1ay9jodkumzl","previousOperationId":"pzewoytjqe5i76j"}
{"type":"log","timestamp":1744306171813,"level":"debug","message":"Executing recipe chrome-pdf","meta":{"rootId":"6h14hpi9h64hraf","id":"6h14hpi9h64hraf"},"id":"cxqt5x7hgilr7ri","previousOperationId":"7mz1ay9jodkumzl"}
{"type":"log","timestamp":1744306171823,"level":"debug","message":"Converting with chrome Chrome/133.0.6943.126 using chrome-pool strategy","meta":{"rootId":"6h14hpi9h64hraf","id":"6h14hpi9h64hraf"},"id":"lqlu4ph0jtmdf3f","previousOperationId":"7mz1ay9jodkumzl"}
{"type":"log","timestamp":1744306171896,"level":"debug","message":"Page request: GET (document) file:///C:/Users/Patheo24/AppData/Local/Temp/jsreport/autocleanup/815a64e7-43a2-42b6-97b3-63bd650ad720-chrome-pdf.html","meta":{"rootId":"6h14hpi9h64hraf","id":"6h14hpi9h64hraf"},"id":"upvn5gka3h80cu1","previousOperationId":"7mz1ay9jodkumzl"}
{"type":"log","timestamp":1744306171928,"level":"debug","message":"Page request finished: GET (document) 200 file:///C:/Users/Patheo24/AppData/Local/Temp/jsreport/autocleanup/815a64e7-43a2-42b6-97b3-63bd650ad720-chrome-pdf.html","meta":{"rootId":"6h14hpi9h64hraf","id":"6h14hpi9h64hraf"},"id":"gm8mk2vwp4mub8p","previousOperationId":"7mz1ay9jodkumzl"}
{"type":"log","timestamp":1744306171930,"level":"debug","message":"Page request: GET (font) http://localhost:5488/fonts/kalpurush.ttf","meta":{"rootId":"6h14hpi9h64hraf","id":"6h14hpi9h64hraf"},"id":"ymg6y2muhil2wic","previousOperationId":"7mz1ay9jodkumzl"}
{"type":"log","timestamp":1744306171931,"level":"debug","message":"Page request: GET (image) https://res.cloudinary.com/dpes1dyqb/image/upload/v1738768933/logo_myycxt.jpg","meta":{"rootId":"6h14hpi9h64hraf","id":"6h14hpi9h64hraf"},"id":"709ljn37uoyksxv","previousOperationId":"7mz1ay9jodkumzl"}
{"type":"log","timestamp":1744306171986,"level":"debug","message":"Page request: GET (font) http://localhost:5488/fonts/kalpurush.ttf","meta":{"rootId":"6h14hpi9h64hraf","id":"6h14hpi9h64hraf"},"id":"ik2xerep8gogapt","previousOperationId":"7mz1ay9jodkumzl"}
{"type":"log","timestamp":1744306171987,"level":"debug","message":"Page request finished: GET (image) 200 https://res.cloudinary.com/dpes1dyqb/image/upload/v1738768933/logo_myycxt.jpg","meta":{"rootId":"6h14hpi9h64hraf","id":"6h14hpi9h64hraf"},"id":"pi7lah32o2tkrf7","previousOperationId":"7mz1ay9jodkumzl"}
{"type":"log","timestamp":1744306171995,"level":"debug","message":"(console:error) Failed to load resource: the server responded with a status of 404 (Not Found)","meta":{"userLevel":true,"rootId":"6h14hpi9h64hraf","id":"6h14hpi9h64hraf"},"id":"flm32j8ps4q2pgi","previousOperationId":"7mz1ay9jodkumzl"}
{"type":"log","timestamp":1744306171995,"level":"warn","message":"Page request failed: GET (font) http://localhost:5488/fonts/kalpurush.ttf, failure: net::ERR_ABORTED","meta":{"rootId":"6h14hpi9h64hraf","id":"6h14hpi9h64hraf"},"id":"i56jbi1p79wfqmx","previousOperationId":"7mz1ay9jodkumzl"}
{"type":"log","timestamp":1744306172004,"level":"debug","message":"Running chrome with params {\"printBackground\":true,\"format\":\"A5\",\"marginRight\":\"\",\"height\":\"\",\"marginTop\":\"\",\"marginBottom\":\"\",\"marginLeft\":\"\",\"displayHeaderFooter\":true,\"width\":\"\",\"timeout\":59915,\"margin\":{\"top\":\"\",\"right\":\"\",\"bottom\":\"\",\"left\":\"\"}}","meta":{"rootId":"6h14hpi9h64hraf","id":"6h14hpi9h64hraf"},"id":"xga6lh1fzl96oqv","previousOperationId":"7mz1ay9jodkumzl"}
{"type":"operationEnd","operationId":"7mz1ay9jodkumzl","timestamp":1744306172340,"id":"54cy4uug9n0joyy","previousEventId":"68wa69k0noy5dif","previousOperationId":"7mz1ay9jodkumzl"}
{"type":"log","timestamp":1744306172340,"level":"debug","message":"Skipping storing report.","meta":{"rootId":"6h14hpi9h64hraf","id":"6h14hpi9h64hraf"},"id":"z535img0dyk53qu","previousOperationId":"7mz1ay9jodkumzl"}
{"type":"log","timestamp":1744306172341,"level":"info","message":"Rendering request 9 finished in 604 ms","meta":{"rootId":"6h14hpi9h64hraf","id":"6h14hpi9h64hraf"},"id":"d4ns4vh5u9v23d1","previousOperationId":"7mz1ay9jodkumzl"}
{"type":"operationEnd","subtype":"render","operationId":"60s0s5wfi09tqy9","timestamp":1744306172341,"id":"fmy7yt4wq7fgxs4","previousEventId":"54cy4uug9n0joyy","previousOperationId":"7mz1ay9jodkumzl"}
{"type":"operationEnd","doDiffs":false,"previousEventId":"kculrwzd45vcica","previousOperationId":"4l9ev4kmfg9lrlg","operationId":"4l9ev4kmfg9lrlg","timestamp":1744306172344,"id":"yylh2q23y1lvhhx"}
