{"type":"operationStart","subtype":"profile","data":{"_id":"4SSZ27XChCjA8Fbq","timestamp":"2025-04-10T13:00:40.385Z","state":"queued","mode":"standard","creationDate":"2025-04-10T13:00:40.387Z","modificationDate":"2025-04-10T13:00:40.387Z","shortid":"0f4wfSW","$entitySet":"profiles"},"doDiffs":false,"timestamp":1744290040386,"id":"muuhymop9hvspjq","previousOperationId":null,"operationId":"pb2fcveiqj4tb5v"}
{"type":"log","level":"info","message":"Render request 2 queued for execution and waiting for available worker","previousOperationId":"pb2fcveiqj4tb5v","timestamp":1744290040386,"id":"9936p7698m5yw30"}
{"type":"operationStart","subtype":"render","name":"myTemplate","previousOperationId":"pb2fcveiqj4tb5v","timestamp":1744290040405,"id":"b89tgokh1f1o9f1","previousEventId":"muuhymop9hvspjq","operationId":"r44tdteagnrvzqh"}
{"type":"log","timestamp":1744290040405,"level":"info","message":"Starting rendering request 2","meta":{"rootId":"6l5h9ngl52ys3bg","id":"6l5h9ngl52ys3bg"},"id":"eblp8157i5jrnmv","previousOperationId":"r44tdteagnrvzqh"}
{"type":"log","timestamp":1744290040406,"level":"info","message":"Rendering template { name: myTemplate, recipe: chrome-pdf, engine: handlebars, preview: true }","meta":{"rootId":"6l5h9ngl52ys3bg","id":"6l5h9ngl52ys3bg"},"id":"5yde834lcc0d981","previousOperationId":"r44tdteagnrvzqh"}
{"type":"log","timestamp":1744290040409,"level":"debug","message":"Adding sample data HUavgV0Kc","meta":{"rootId":"6l5h9ngl52ys3bg","id":"6l5h9ngl52ys3bg"},"id":"36fhe7rwzacepp2","previousOperationId":"r44tdteagnrvzqh"}
{"type":"log","timestamp":1744290040414,"level":"debug","message":"Base url not specified, skipping its injection.","meta":{"rootId":"6l5h9ngl52ys3bg","id":"6l5h9ngl52ys3bg"},"id":"ien6cd8kk79bqsw","previousOperationId":"r44tdteagnrvzqh"}
{"type":"operationStart","subtype":"engine","name":"handlebars","timestamp":1744290040415,"id":"25lmrg8cqoayeve","previousEventId":"b89tgokh1f1o9f1","operationId":"jr35hozhb37rfeu","previousOperationId":"r44tdteagnrvzqh"}
{"type":"log","timestamp":1744290040415,"level":"debug","message":"Rendering engine handlebars","meta":{"rootId":"6l5h9ngl52ys3bg","id":"6l5h9ngl52ys3bg"},"id":"qn6qly0x9beijuu","previousOperationId":"jr35hozhb37rfeu"}
{"type":"operationEnd","operationId":"jr35hozhb37rfeu","timestamp":1744290041005,"id":"av5l7m4tou67t6x","previousEventId":"25lmrg8cqoayeve","previousOperationId":"jr35hozhb37rfeu"}
{"type":"operationStart","subtype":"recipe","name":"chrome-pdf","timestamp":1744290041006,"id":"ei8rvph2n5odms2","previousEventId":"av5l7m4tou67t6x","operationId":"xagv1umwzwkmf89","previousOperationId":"jr35hozhb37rfeu"}
{"type":"log","timestamp":1744290041006,"level":"debug","message":"Executing recipe chrome-pdf","meta":{"rootId":"6l5h9ngl52ys3bg","id":"6l5h9ngl52ys3bg"},"id":"76bl9jbz37vvirr","previousOperationId":"xagv1umwzwkmf89"}
{"type":"log","timestamp":1744290041717,"level":"debug","message":"Converting with chrome Chrome/133.0.6943.126 using chrome-pool strategy","meta":{"rootId":"6l5h9ngl52ys3bg","id":"6l5h9ngl52ys3bg"},"id":"7uulioqe1vcy9lj","previousOperationId":"xagv1umwzwkmf89"}
{"type":"log","timestamp":1744290041797,"level":"debug","message":"Page request: GET (document) file:///C:/Users/Patheo24/AppData/Local/Temp/jsreport/autocleanup/e2a9c8a4-779c-4f4a-99f5-132ea926bba0-chrome-pdf.html","meta":{"rootId":"6l5h9ngl52ys3bg","id":"6l5h9ngl52ys3bg"},"id":"et83zpo5xnwzhag","previousOperationId":"xagv1umwzwkmf89"}
{"type":"log","timestamp":1744290041834,"level":"debug","message":"Page request finished: GET (document) 200 file:///C:/Users/Patheo24/AppData/Local/Temp/jsreport/autocleanup/e2a9c8a4-779c-4f4a-99f5-132ea926bba0-chrome-pdf.html","meta":{"rootId":"6l5h9ngl52ys3bg","id":"6l5h9ngl52ys3bg"},"id":"qybig2corraem30","previousOperationId":"xagv1umwzwkmf89"}
{"type":"log","timestamp":1744290041837,"level":"debug","message":"Page request: GET (font) http://localhost:5488/fonts/kalpurush.ttf","meta":{"rootId":"6l5h9ngl52ys3bg","id":"6l5h9ngl52ys3bg"},"id":"5enfs1ehsnsnooq","previousOperationId":"xagv1umwzwkmf89"}
{"type":"log","timestamp":1744290041837,"level":"debug","message":"Page request: GET (image) https://res.cloudinary.com/dpes1dyqb/image/upload/v1738768933/logo_myycxt.jpg","meta":{"rootId":"6l5h9ngl52ys3bg","id":"6l5h9ngl52ys3bg"},"id":"etzgjk0zo3vdpm3","previousOperationId":"xagv1umwzwkmf89"}
{"type":"log","timestamp":1744290041891,"level":"debug","message":"Page request: GET (font) http://localhost:5488/fonts/kalpurush.ttf","meta":{"rootId":"6l5h9ngl52ys3bg","id":"6l5h9ngl52ys3bg"},"id":"cso4rfj16xywvjh","previousOperationId":"xagv1umwzwkmf89"}
{"type":"log","timestamp":1744290041907,"level":"debug","message":"(console:error) Failed to load resource: the server responded with a status of 404 (Not Found)","meta":{"userLevel":true,"rootId":"6l5h9ngl52ys3bg","id":"6l5h9ngl52ys3bg"},"id":"4ue23a8n5vkoi1e","previousOperationId":"xagv1umwzwkmf89"}
{"type":"log","timestamp":1744290041907,"level":"warn","message":"Page request failed: GET (font) http://localhost:5488/fonts/kalpurush.ttf, failure: net::ERR_ABORTED","meta":{"rootId":"6l5h9ngl52ys3bg","id":"6l5h9ngl52ys3bg"},"id":"svvtyxdciq57rmq","previousOperationId":"xagv1umwzwkmf89"}
{"type":"log","timestamp":1744290041975,"level":"debug","message":"Page request finished: GET (image) 200 https://res.cloudinary.com/dpes1dyqb/image/upload/v1738768933/logo_myycxt.jpg","meta":{"rootId":"6l5h9ngl52ys3bg","id":"6l5h9ngl52ys3bg"},"id":"v5a4jn19lp84nkw","previousOperationId":"xagv1umwzwkmf89"}
{"type":"log","timestamp":1744290041977,"level":"debug","message":"Running chrome with params {\"printBackground\":true,\"format\":\"A5\",\"marginRight\":\"\",\"height\":\"\",\"marginTop\":\"\",\"marginBottom\":\"\",\"marginLeft\":\"\",\"displayHeaderFooter\":true,\"width\":\"\",\"timeout\":59055,\"margin\":{\"top\":\"\",\"right\":\"\",\"bottom\":\"\",\"left\":\"\"}}","meta":{"rootId":"6l5h9ngl52ys3bg","id":"6l5h9ngl52ys3bg"},"id":"lxrvlecdai51f4n","previousOperationId":"xagv1umwzwkmf89"}
{"type":"operationEnd","operationId":"xagv1umwzwkmf89","timestamp":1744290042370,"id":"d9h98a13y9ii6jy","previousEventId":"ei8rvph2n5odms2","previousOperationId":"xagv1umwzwkmf89"}
{"type":"log","timestamp":1744290042371,"level":"debug","message":"Skipping storing report.","meta":{"rootId":"6l5h9ngl52ys3bg","id":"6l5h9ngl52ys3bg"},"id":"il9uxawd4m3xjha","previousOperationId":"xagv1umwzwkmf89"}
{"type":"log","timestamp":1744290042371,"level":"info","message":"Rendering request 2 finished in 1986 ms","meta":{"rootId":"6l5h9ngl52ys3bg","id":"6l5h9ngl52ys3bg"},"id":"870072yi374szr2","previousOperationId":"xagv1umwzwkmf89"}
{"type":"operationEnd","subtype":"render","operationId":"r44tdteagnrvzqh","timestamp":1744290042371,"id":"y7efmvwh0mmweoi","previousEventId":"d9h98a13y9ii6jy","previousOperationId":"xagv1umwzwkmf89"}
{"type":"operationEnd","doDiffs":false,"previousEventId":"muuhymop9hvspjq","previousOperationId":"pb2fcveiqj4tb5v","operationId":"pb2fcveiqj4tb5v","timestamp":1744290042377,"id":"17m1xvrkc8zqr8l"}
