{"type":"operationStart","subtype":"profile","data":{"_id":"m9UlcdBfxqbdLnHL","timestamp":"2025-04-09T07:06:32.118Z","state":"queued","mode":"standard","creationDate":"2025-04-09T07:06:32.120Z","modificationDate":"2025-04-09T07:06:32.120Z","shortid":"XxzP5ZV","$entitySet":"profiles"},"doDiffs":false,"timestamp":1744182392119,"id":"5nykwmzbh23gztf","previousOperationId":null,"operationId":"kx128i3mpulghd9"}
{"type":"log","level":"info","message":"Render request 41 queued for execution and waiting for available worker","previousOperationId":"kx128i3mpulghd9","timestamp":1744182392119,"id":"ekldni08yywowor"}
{"type":"operationStart","subtype":"render","name":"myTemplate","previousOperationId":"kx128i3mpulghd9","timestamp":1744182392129,"id":"95jvj0nerfsp78f","previousEventId":"5nykwmzbh23gztf","operationId":"p3ik10di8jz80tt"}
{"type":"log","timestamp":1744182392129,"level":"info","message":"Starting rendering request 41","meta":{"rootId":"6n9z714nzz4ok2e","id":"6n9z714nzz4ok2e"},"id":"iigcqlsepw2a4ys","previousOperationId":"p3ik10di8jz80tt"}
{"type":"log","timestamp":1744182392130,"level":"info","message":"Rendering template { name: myTemplate, recipe: chrome-pdf, engine: handlebars, preview: true }","meta":{"rootId":"6n9z714nzz4ok2e","id":"6n9z714nzz4ok2e"},"id":"8zso5txafkivg3c","previousOperationId":"p3ik10di8jz80tt"}
{"type":"log","timestamp":1744182392130,"level":"debug","message":"Inline data specified.","meta":{"rootId":"6n9z714nzz4ok2e","id":"6n9z714nzz4ok2e"},"id":"u396cm63ljbsfrm","previousOperationId":"p3ik10di8jz80tt"}
{"type":"log","timestamp":1744182392132,"level":"debug","message":"Base url not specified, skipping its injection.","meta":{"rootId":"6n9z714nzz4ok2e","id":"6n9z714nzz4ok2e"},"id":"632dotj5li50so7","previousOperationId":"p3ik10di8jz80tt"}
{"type":"operationStart","subtype":"engine","name":"handlebars","timestamp":1744182392134,"id":"9hnkmywfsrc15tv","previousEventId":"95jvj0nerfsp78f","operationId":"9zuxsicszuhr0xz","previousOperationId":"p3ik10di8jz80tt"}
{"type":"log","timestamp":1744182392134,"level":"debug","message":"Rendering engine handlebars","meta":{"rootId":"6n9z714nzz4ok2e","id":"6n9z714nzz4ok2e"},"id":"o9ntdvxwj2f8yao","previousOperationId":"9zuxsicszuhr0xz"}
{"type":"operationEnd","operationId":"9zuxsicszuhr0xz","timestamp":1744182392145,"id":"yzxrrrmub451775","previousEventId":"9hnkmywfsrc15tv","previousOperationId":"9zuxsicszuhr0xz"}
{"type":"operationStart","subtype":"recipe","name":"chrome-pdf","timestamp":1744182392146,"id":"xfmtefdphs6z05q","previousEventId":"yzxrrrmub451775","operationId":"8zqs675ue6pe1rf","previousOperationId":"9zuxsicszuhr0xz"}
{"type":"log","timestamp":1744182392146,"level":"debug","message":"Executing recipe chrome-pdf","meta":{"rootId":"6n9z714nzz4ok2e","id":"6n9z714nzz4ok2e"},"id":"4llfq3iw3o45g93","previousOperationId":"8zqs675ue6pe1rf"}
{"type":"log","timestamp":1744182392149,"level":"debug","message":"Converting with chrome Chrome/133.0.6943.126 using chrome-pool strategy","meta":{"rootId":"6n9z714nzz4ok2e","id":"6n9z714nzz4ok2e"},"id":"3hw517n5yfnlhau","previousOperationId":"8zqs675ue6pe1rf"}
{"type":"log","timestamp":1744182392208,"level":"debug","message":"Page request: GET (document) file:///C:/Users/Patheo24/AppData/Local/Temp/jsreport/autocleanup/a50882c7-e580-41de-becb-61d2facfabdb-chrome-pdf.html","meta":{"rootId":"6n9z714nzz4ok2e","id":"6n9z714nzz4ok2e"},"id":"8dx315ugl4pjy7i","previousOperationId":"8zqs675ue6pe1rf"}
{"type":"log","timestamp":1744182392234,"level":"debug","message":"Page request finished: GET (document) 200 file:///C:/Users/Patheo24/AppData/Local/Temp/jsreport/autocleanup/a50882c7-e580-41de-becb-61d2facfabdb-chrome-pdf.html","meta":{"rootId":"6n9z714nzz4ok2e","id":"6n9z714nzz4ok2e"},"id":"129998lhvq6qrat","previousOperationId":"8zqs675ue6pe1rf"}
{"type":"log","timestamp":1744182392235,"level":"debug","message":"Page request: GET (image) https://res.cloudinary.com/dpes1dyqb/image/upload/v1738768933/logo_myycxt.jpg","meta":{"rootId":"6n9z714nzz4ok2e","id":"6n9z714nzz4ok2e"},"id":"h6xpo2nqsnmot6g","previousOperationId":"8zqs675ue6pe1rf"}
{"type":"log","timestamp":1744182392240,"level":"debug","message":"(console:info) Slow network is detected. See https://www.chromestatus.com/feature/5636954674692096 for more details. Fallback font will be used while loading: http://localhost:5488/fonts/kalpurush.ttf","meta":{"userLevel":true,"rootId":"6n9z714nzz4ok2e","id":"6n9z714nzz4ok2e"},"id":"29278thrfknwdp1","previousOperationId":"8zqs675ue6pe1rf"}
{"type":"log","timestamp":1744182392240,"level":"debug","message":"Page request: GET (font) http://localhost:5488/fonts/kalpurush.ttf","meta":{"rootId":"6n9z714nzz4ok2e","id":"6n9z714nzz4ok2e"},"id":"s7f488a1pvhkwl1","previousOperationId":"8zqs675ue6pe1rf"}
{"type":"log","timestamp":1744182392243,"level":"debug","message":"Page request: GET (font) http://localhost:5488/fonts/kalpurush.ttf","meta":{"rootId":"6n9z714nzz4ok2e","id":"6n9z714nzz4ok2e"},"id":"76g70v2u95n8oi5","previousOperationId":"8zqs675ue6pe1rf"}
{"type":"log","timestamp":1744182392314,"level":"debug","message":"Page request finished: GET (image) 200 https://res.cloudinary.com/dpes1dyqb/image/upload/v1738768933/logo_myycxt.jpg","meta":{"rootId":"6n9z714nzz4ok2e","id":"6n9z714nzz4ok2e"},"id":"ybaal925z4buy21","previousOperationId":"8zqs675ue6pe1rf"}
{"type":"log","timestamp":1744182392314,"level":"debug","message":"(console:error) Failed to load resource: the server responded with a status of 404 (Not Found)","meta":{"userLevel":true,"rootId":"6n9z714nzz4ok2e","id":"6n9z714nzz4ok2e"},"id":"t4abvjggphpvlhh","previousOperationId":"8zqs675ue6pe1rf"}
{"type":"log","timestamp":1744182392315,"level":"warn","message":"Page request failed: GET (font) http://localhost:5488/fonts/kalpurush.ttf, failure: net::ERR_ABORTED","meta":{"rootId":"6n9z714nzz4ok2e","id":"6n9z714nzz4ok2e"},"id":"jv9iu6jrb3ugmbi","previousOperationId":"8zqs675ue6pe1rf"}
{"type":"log","timestamp":1744182392323,"level":"debug","message":"Running chrome with params {\"printBackground\":true,\"timeout\":59970,\"margin\":{}}","meta":{"rootId":"6n9z714nzz4ok2e","id":"6n9z714nzz4ok2e"},"id":"akicmso067k84uo","previousOperationId":"8zqs675ue6pe1rf"}
{"type":"operationEnd","operationId":"8zqs675ue6pe1rf","timestamp":1744182392670,"id":"ed5kc1hejkb508u","previousEventId":"xfmtefdphs6z05q","previousOperationId":"8zqs675ue6pe1rf"}
{"type":"log","timestamp":1744182392671,"level":"debug","message":"Skipping storing report.","meta":{"rootId":"6n9z714nzz4ok2e","id":"6n9z714nzz4ok2e"},"id":"wlfvmidjdar7iqf","previousOperationId":"8zqs675ue6pe1rf"}
{"type":"log","timestamp":1744182392671,"level":"info","message":"Rendering request 41 finished in 554 ms","meta":{"rootId":"6n9z714nzz4ok2e","id":"6n9z714nzz4ok2e"},"id":"9016a25hgpsbfq9","previousOperationId":"8zqs675ue6pe1rf"}
{"type":"operationEnd","subtype":"render","operationId":"p3ik10di8jz80tt","timestamp":1744182392671,"id":"i9xu2vfwh2atlff","previousEventId":"ed5kc1hejkb508u","previousOperationId":"8zqs675ue6pe1rf"}
{"type":"operationEnd","doDiffs":false,"previousEventId":"5nykwmzbh23gztf","previousOperationId":"kx128i3mpulghd9","operationId":"kx128i3mpulghd9","timestamp":1744182392675,"id":"sk8c5eqkrkbggzi"}
