{"type":"operationStart","subtype":"profile","data":{"_id":"mt1br3sHZlQkiSRD","timestamp":"2025-04-09T10:02:59.746Z","state":"queued","mode":"standard","creationDate":"2025-04-09T10:02:59.749Z","modificationDate":"2025-04-09T10:02:59.749Z","shortid":"eJcANqn","$entitySet":"profiles"},"doDiffs":false,"timestamp":1744192979747,"id":"3kfte4y8q2u7mlq","previousOperationId":null,"operationId":"aytkiape2fgfyaf"}
{"type":"log","level":"info","message":"Render request 2 queued for execution and waiting for available worker","previousOperationId":"aytkiape2fgfyaf","timestamp":1744192979747,"id":"nfa8qtyna5nspq5"}
{"type":"operationStart","subtype":"render","name":"myTemplate","previousOperationId":"aytkiape2fgfyaf","timestamp":1744192979761,"id":"ydxm1946wozo4rx","previousEventId":"3kfte4y8q2u7mlq","operationId":"9ui7ihqwi1k9m35"}
{"type":"log","timestamp":1744192979762,"level":"info","message":"Starting rendering request 2","meta":{"rootId":"70xwmog2l5do1nr","id":"70xwmog2l5do1nr"},"id":"dvdavwertvc5po6","previousOperationId":"9ui7ihqwi1k9m35"}
{"type":"log","timestamp":1744192979762,"level":"info","message":"Rendering template { name: myTemplate, recipe: chrome-pdf, engine: handlebars, preview: true }","meta":{"rootId":"70xwmog2l5do1nr","id":"70xwmog2l5do1nr"},"id":"tklg6clu9vb4qfk","previousOperationId":"9ui7ihqwi1k9m35"}
{"type":"log","timestamp":1744192979764,"level":"debug","message":"Inline data specified.","meta":{"rootId":"70xwmog2l5do1nr","id":"70xwmog2l5do1nr"},"id":"q3tikn9s1anp0i6","previousOperationId":"9ui7ihqwi1k9m35"}
{"type":"log","timestamp":1744192979771,"level":"debug","message":"Base url not specified, skipping its injection.","meta":{"rootId":"70xwmog2l5do1nr","id":"70xwmog2l5do1nr"},"id":"08yhcgzqwx3jj6l","previousOperationId":"9ui7ihqwi1k9m35"}
{"type":"operationStart","subtype":"engine","name":"handlebars","timestamp":1744192979772,"id":"23scvtmjdol77ac","previousEventId":"ydxm1946wozo4rx","operationId":"5pl3jq6mbiiq03p","previousOperationId":"9ui7ihqwi1k9m35"}
{"type":"log","timestamp":1744192979772,"level":"debug","message":"Rendering engine handlebars","meta":{"rootId":"70xwmog2l5do1nr","id":"70xwmog2l5do1nr"},"id":"ykhjux9vve9onw9","previousOperationId":"5pl3jq6mbiiq03p"}
{"type":"operationEnd","operationId":"5pl3jq6mbiiq03p","timestamp":1744192980432,"id":"l2da3goh7mfgh5t","previousEventId":"23scvtmjdol77ac","previousOperationId":"5pl3jq6mbiiq03p"}
{"type":"operationStart","subtype":"recipe","name":"chrome-pdf","timestamp":1744192980433,"id":"8rvtawvpwnxjgc3","previousEventId":"l2da3goh7mfgh5t","operationId":"y3ifgll6io70ea5","previousOperationId":"5pl3jq6mbiiq03p"}
{"type":"log","timestamp":1744192980433,"level":"debug","message":"Executing recipe chrome-pdf","meta":{"rootId":"70xwmog2l5do1nr","id":"70xwmog2l5do1nr"},"id":"rx1397pr7jlh7pv","previousOperationId":"y3ifgll6io70ea5"}
{"type":"log","timestamp":1744192981313,"level":"debug","message":"Converting with chrome Chrome/133.0.6943.126 using chrome-pool strategy","meta":{"rootId":"70xwmog2l5do1nr","id":"70xwmog2l5do1nr"},"id":"y0hi6tu7ydo3wtn","previousOperationId":"y3ifgll6io70ea5"}
{"type":"log","timestamp":1744192981371,"level":"debug","message":"Page request: GET (document) file:///C:/Users/Patheo24/AppData/Local/Temp/jsreport/autocleanup/ce08e2e5-7ae6-4528-b499-2fbbb478a3d7-chrome-pdf.html","meta":{"rootId":"70xwmog2l5do1nr","id":"70xwmog2l5do1nr"},"id":"0z1ys72t8peabuc","previousOperationId":"y3ifgll6io70ea5"}
{"type":"log","timestamp":1744192981390,"level":"debug","message":"Page request finished: GET (document) 200 file:///C:/Users/Patheo24/AppData/Local/Temp/jsreport/autocleanup/ce08e2e5-7ae6-4528-b499-2fbbb478a3d7-chrome-pdf.html","meta":{"rootId":"70xwmog2l5do1nr","id":"70xwmog2l5do1nr"},"id":"vrn5c58f078myp4","previousOperationId":"y3ifgll6io70ea5"}
{"type":"log","timestamp":1744192981391,"level":"debug","message":"Page request: GET (image) https://res.cloudinary.com/dpes1dyqb/image/upload/v1738768933/logo_myycxt.jpg","meta":{"rootId":"70xwmog2l5do1nr","id":"70xwmog2l5do1nr"},"id":"lwekoz2fbqrs8gr","previousOperationId":"y3ifgll6io70ea5"}
{"type":"log","timestamp":1744192981391,"level":"debug","message":"Page request: GET (font) http://localhost:5488/fonts/kalpurush.ttf","meta":{"rootId":"70xwmog2l5do1nr","id":"70xwmog2l5do1nr"},"id":"7gnuz10oegitsr3","previousOperationId":"y3ifgll6io70ea5"}
{"type":"log","timestamp":1744192981398,"level":"debug","message":"Page request: GET (font) http://localhost:5488/fonts/kalpurush.ttf","meta":{"rootId":"70xwmog2l5do1nr","id":"70xwmog2l5do1nr"},"id":"crkpakkrpbvn6i8","previousOperationId":"y3ifgll6io70ea5"}
{"type":"log","timestamp":1744192981408,"level":"debug","message":"(console:error) Failed to load resource: the server responded with a status of 404 (Not Found)","meta":{"userLevel":true,"rootId":"70xwmog2l5do1nr","id":"70xwmog2l5do1nr"},"id":"rfq7vj53fs68kxh","previousOperationId":"y3ifgll6io70ea5"}
{"type":"log","timestamp":1744192981408,"level":"warn","message":"Page request failed: GET (font) http://localhost:5488/fonts/kalpurush.ttf, failure: net::ERR_ABORTED","meta":{"rootId":"70xwmog2l5do1nr","id":"70xwmog2l5do1nr"},"id":"mkjy2g2cdot2h4q","previousOperationId":"y3ifgll6io70ea5"}
{"type":"log","timestamp":1744192982206,"level":"debug","message":"Page request finished: GET (image) 200 https://res.cloudinary.com/dpes1dyqb/image/upload/v1738768933/logo_myycxt.jpg","meta":{"rootId":"70xwmog2l5do1nr","id":"70xwmog2l5do1nr"},"id":"57n3rxufpfitwdh","previousOperationId":"y3ifgll6io70ea5"}
{"type":"log","timestamp":1744192982208,"level":"debug","message":"Running chrome with params {\"printBackground\":true,\"timeout\":58968,\"margin\":{}}","meta":{"rootId":"70xwmog2l5do1nr","id":"70xwmog2l5do1nr"},"id":"qf85pl4b0qppzug","previousOperationId":"y3ifgll6io70ea5"}
{"type":"operationEnd","operationId":"y3ifgll6io70ea5","timestamp":1744192982524,"id":"apcn5kymvtqa6dv","previousEventId":"8rvtawvpwnxjgc3","previousOperationId":"y3ifgll6io70ea5"}
{"type":"log","timestamp":1744192982525,"level":"debug","message":"Skipping storing report.","meta":{"rootId":"70xwmog2l5do1nr","id":"70xwmog2l5do1nr"},"id":"3aekrkttog730wd","previousOperationId":"y3ifgll6io70ea5"}
{"type":"log","timestamp":1744192982525,"level":"info","message":"Rendering request 2 finished in 2780 ms","meta":{"rootId":"70xwmog2l5do1nr","id":"70xwmog2l5do1nr"},"id":"lohrdk0bkp8qulk","previousOperationId":"y3ifgll6io70ea5"}
{"type":"operationEnd","subtype":"render","operationId":"9ui7ihqwi1k9m35","timestamp":1744192982525,"id":"u4dun62zauc2fqm","previousEventId":"apcn5kymvtqa6dv","previousOperationId":"y3ifgll6io70ea5"}
{"type":"operationEnd","doDiffs":false,"previousEventId":"3kfte4y8q2u7mlq","previousOperationId":"aytkiape2fgfyaf","operationId":"aytkiape2fgfyaf","timestamp":1744192982534,"id":"t3ry53oftcxo3e5"}
