{"type":"operationStart","subtype":"profile","data":{"_id":"cpD8pd1QBRSFukoy","timestamp":"2025-04-11T12:33:26.408Z","state":"queued","mode":"standard","creationDate":"2025-04-11T12:33:26.411Z","modificationDate":"2025-04-11T12:33:26.411Z","shortid":"SRO62va","$entitySet":"profiles"},"doDiffs":false,"timestamp":1744374806410,"id":"q9qi5rg41qrdgz9","previousOperationId":null,"operationId":"52ltgxy3c3ucsuy"}
{"type":"log","level":"info","message":"Render request 15 queued for execution and waiting for available worker","previousOperationId":"52ltgxy3c3ucsuy","timestamp":1744374806410,"id":"v6o7jg3cxxzh7p2"}
{"type":"operationStart","subtype":"render","name":"myTemplate","previousOperationId":"52ltgxy3c3ucsuy","timestamp":1744374806432,"id":"8m8nrlq4lgyip14","previousEventId":"q9qi5rg41qrdgz9","operationId":"ahzsv1b0gppehhm"}
{"type":"log","timestamp":1744374806432,"level":"info","message":"Starting rendering request 15","meta":{"rootId":"738aqia6fyr4p3z","id":"738aqia6fyr4p3z"},"id":"4j1be4qulirxzn4","previousOperationId":"ahzsv1b0gppehhm"}
{"type":"log","timestamp":1744374806432,"level":"info","message":"Rendering template { name: myTemplate, recipe: chrome-pdf, engine: handlebars, preview: true }","meta":{"rootId":"738aqia6fyr4p3z","id":"738aqia6fyr4p3z"},"id":"hy50g446f9y2ehn","previousOperationId":"ahzsv1b0gppehhm"}
{"type":"log","timestamp":1744374806433,"level":"debug","message":"Inline data specified.","meta":{"rootId":"738aqia6fyr4p3z","id":"738aqia6fyr4p3z"},"id":"7whmodjpt826fre","previousOperationId":"ahzsv1b0gppehhm"}
{"type":"log","timestamp":1744374806435,"level":"debug","message":"Base url not specified, skipping its injection.","meta":{"rootId":"738aqia6fyr4p3z","id":"738aqia6fyr4p3z"},"id":"y9scny80td7h7lp","previousOperationId":"ahzsv1b0gppehhm"}
{"type":"operationStart","subtype":"engine","name":"handlebars","timestamp":1744374806435,"id":"w8vj13qq8xp1atg","previousEventId":"8m8nrlq4lgyip14","operationId":"2d1pkrj7qxbbrr5","previousOperationId":"ahzsv1b0gppehhm"}
{"type":"log","timestamp":1744374806435,"level":"debug","message":"Rendering engine handlebars","meta":{"rootId":"738aqia6fyr4p3z","id":"738aqia6fyr4p3z"},"id":"90m0t2azgpoayze","previousOperationId":"2d1pkrj7qxbbrr5"}
{"type":"operationEnd","operationId":"2d1pkrj7qxbbrr5","timestamp":1744374806459,"id":"6nwmkoldm3i3m2l","previousEventId":"w8vj13qq8xp1atg","previousOperationId":"2d1pkrj7qxbbrr5"}
{"type":"operationStart","subtype":"recipe","name":"chrome-pdf","timestamp":1744374806460,"id":"lprbmhkbrwd2e2s","previousEventId":"6nwmkoldm3i3m2l","operationId":"di4zrlldchohbn0","previousOperationId":"2d1pkrj7qxbbrr5"}
{"type":"log","timestamp":1744374806460,"level":"debug","message":"Executing recipe chrome-pdf","meta":{"rootId":"738aqia6fyr4p3z","id":"738aqia6fyr4p3z"},"id":"gkdczlt43owlw5g","previousOperationId":"di4zrlldchohbn0"}
{"type":"log","timestamp":1744374806465,"level":"debug","message":"Converting with chrome Chrome/133.0.6943.126 using chrome-pool strategy","meta":{"rootId":"738aqia6fyr4p3z","id":"738aqia6fyr4p3z"},"id":"kj3ot73ovazixaw","previousOperationId":"di4zrlldchohbn0"}
{"type":"log","timestamp":1744374806540,"level":"debug","message":"Page request: GET (document) file:///C:/Users/Patheo24/AppData/Local/Temp/jsreport/autocleanup/d91c4597-0138-4443-b42a-31047cd7d4f1-chrome-pdf.html","meta":{"rootId":"738aqia6fyr4p3z","id":"738aqia6fyr4p3z"},"id":"e5xyoam77g37kfc","previousOperationId":"di4zrlldchohbn0"}
{"type":"log","timestamp":1744374806566,"level":"debug","message":"Page request finished: GET (document) 200 file:///C:/Users/Patheo24/AppData/Local/Temp/jsreport/autocleanup/d91c4597-0138-4443-b42a-31047cd7d4f1-chrome-pdf.html","meta":{"rootId":"738aqia6fyr4p3z","id":"738aqia6fyr4p3z"},"id":"orjmuis8bksr8q8","previousOperationId":"di4zrlldchohbn0"}
{"type":"log","timestamp":1744374806570,"level":"debug","message":"Page request: GET (image) https://res.cloudinary.com/dpes1dyqb/image/upload/v1738768933/logo_myycxt.jpg","meta":{"rootId":"738aqia6fyr4p3z","id":"738aqia6fyr4p3z"},"id":"bmghcqistxjkpas","previousOperationId":"di4zrlldchohbn0"}
{"type":"log","timestamp":1744374806570,"level":"debug","message":"Page request: GET (font) http://localhost:5488/fonts/kalpurush.ttf","meta":{"rootId":"738aqia6fyr4p3z","id":"738aqia6fyr4p3z"},"id":"uvbu90b09cit5z8","previousOperationId":"di4zrlldchohbn0"}
{"type":"log","timestamp":1744374806648,"level":"debug","message":"Page request: GET (font) http://localhost:5488/fonts/kalpurush.ttf","meta":{"rootId":"738aqia6fyr4p3z","id":"738aqia6fyr4p3z"},"id":"cnuv0e3q37rqhsg","previousOperationId":"di4zrlldchohbn0"}
{"type":"log","timestamp":1744374806650,"level":"debug","message":"Page request finished: GET (image) 200 https://res.cloudinary.com/dpes1dyqb/image/upload/v1738768933/logo_myycxt.jpg","meta":{"rootId":"738aqia6fyr4p3z","id":"738aqia6fyr4p3z"},"id":"0nt2ummwp5q9o2z","previousOperationId":"di4zrlldchohbn0"}
{"type":"log","timestamp":1744374806657,"level":"debug","message":"(console:error) Failed to load resource: the server responded with a status of 404 (Not Found)","meta":{"userLevel":true,"rootId":"738aqia6fyr4p3z","id":"738aqia6fyr4p3z"},"id":"or1670rxfuyqgz5","previousOperationId":"di4zrlldchohbn0"}
{"type":"log","timestamp":1744374806658,"level":"warn","message":"Page request failed: GET (font) http://localhost:5488/fonts/kalpurush.ttf, failure: net::ERR_ABORTED","meta":{"rootId":"738aqia6fyr4p3z","id":"738aqia6fyr4p3z"},"id":"unb2npobw735ojx","previousOperationId":"di4zrlldchohbn0"}
{"type":"log","timestamp":1744374806670,"level":"debug","message":"Running chrome with params {\"printBackground\":true,\"format\":\"A5\",\"marginRight\":\"\",\"height\":\"\",\"marginTop\":\"\",\"marginBottom\":\"\",\"marginLeft\":\"\",\"displayHeaderFooter\":true,\"width\":\"\",\"timeout\":59945,\"margin\":{\"top\":\"\",\"right\":\"\",\"bottom\":\"\",\"left\":\"\"}}","meta":{"rootId":"738aqia6fyr4p3z","id":"738aqia6fyr4p3z"},"id":"obyrdue1l8mo90p","previousOperationId":"di4zrlldchohbn0"}
{"type":"operationEnd","operationId":"di4zrlldchohbn0","timestamp":1744374807011,"id":"2gylfp5yao1k7y3","previousEventId":"lprbmhkbrwd2e2s","previousOperationId":"di4zrlldchohbn0"}
{"type":"log","timestamp":1744374807011,"level":"debug","message":"Skipping storing report.","meta":{"rootId":"738aqia6fyr4p3z","id":"738aqia6fyr4p3z"},"id":"3e1xcxrgx9m0ofo","previousOperationId":"di4zrlldchohbn0"}
{"type":"log","timestamp":1744374807012,"level":"info","message":"Rendering request 15 finished in 604 ms","meta":{"rootId":"738aqia6fyr4p3z","id":"738aqia6fyr4p3z"},"id":"2rdzycjktkads6c","previousOperationId":"di4zrlldchohbn0"}
{"type":"operationEnd","subtype":"render","operationId":"ahzsv1b0gppehhm","timestamp":1744374807012,"id":"4py1v6l0c2kb7gm","previousEventId":"2gylfp5yao1k7y3","previousOperationId":"di4zrlldchohbn0"}
{"type":"operationEnd","doDiffs":false,"previousEventId":"q9qi5rg41qrdgz9","previousOperationId":"52ltgxy3c3ucsuy","operationId":"52ltgxy3c3ucsuy","timestamp":1744374807018,"id":"mjemc212yhcs3sw"}
