{"type":"operationStart","subtype":"profile","data":{"_id":"UrrrdvTfw9gENl4x","timestamp":"2025-04-09T06:25:32.557Z","state":"queued","mode":"standard","creationDate":"2025-04-09T06:25:32.559Z","modificationDate":"2025-04-09T06:25:32.559Z","shortid":"sbEiBsR","$entitySet":"profiles"},"doDiffs":false,"timestamp":1744179932558,"id":"jr9zbl11133er7u","previousOperationId":null,"operationId":"s277zcm83720n8p"}
{"type":"log","level":"info","message":"Render request 13 queued for execution and waiting for available worker","previousOperationId":"s277zcm83720n8p","timestamp":1744179932558,"id":"ait3mtxbs4tbcir"}
{"type":"operationStart","subtype":"render","name":"myTemplate","previousOperationId":"s277zcm83720n8p","timestamp":1744179932570,"id":"rb171gmu58m3xxj","previousEventId":"jr9zbl11133er7u","operationId":"yfj9ibdkqbx6yhv"}
{"type":"log","timestamp":1744179932570,"level":"info","message":"Starting rendering request 13","meta":{"rootId":"7b07ctdrqbx9e1b","id":"7b07ctdrqbx9e1b"},"id":"1qm69b8unsqk7q9","previousOperationId":"yfj9ibdkqbx6yhv"}
{"type":"log","timestamp":1744179932570,"level":"info","message":"Rendering template { name: myTemplate, recipe: chrome-pdf, engine: handlebars, preview: true }","meta":{"rootId":"7b07ctdrqbx9e1b","id":"7b07ctdrqbx9e1b"},"id":"03winnahj2i9yye","previousOperationId":"yfj9ibdkqbx6yhv"}
{"type":"log","timestamp":1744179932571,"level":"debug","message":"Inline data specified.","meta":{"rootId":"7b07ctdrqbx9e1b","id":"7b07ctdrqbx9e1b"},"id":"1iu1d3o9k274ebf","previousOperationId":"yfj9ibdkqbx6yhv"}
{"type":"log","timestamp":1744179932572,"level":"debug","message":"Base url not specified, skipping its injection.","meta":{"rootId":"7b07ctdrqbx9e1b","id":"7b07ctdrqbx9e1b"},"id":"whhcv7kummnjj8s","previousOperationId":"yfj9ibdkqbx6yhv"}
{"type":"operationStart","subtype":"engine","name":"handlebars","timestamp":1744179932572,"id":"wk0go8f6s9wu9mg","previousEventId":"rb171gmu58m3xxj","operationId":"qlxaezzsghm4yor","previousOperationId":"yfj9ibdkqbx6yhv"}
{"type":"log","timestamp":1744179932572,"level":"debug","message":"Rendering engine handlebars","meta":{"rootId":"7b07ctdrqbx9e1b","id":"7b07ctdrqbx9e1b"},"id":"mhgczf4kg14vbmr","previousOperationId":"qlxaezzsghm4yor"}
{"type":"operationEnd","operationId":"qlxaezzsghm4yor","timestamp":1744179932585,"id":"ze9un49mh3nnq9c","previousEventId":"wk0go8f6s9wu9mg","previousOperationId":"qlxaezzsghm4yor"}
{"type":"operationStart","subtype":"recipe","name":"chrome-pdf","timestamp":1744179932585,"id":"o5nwb2irsjyupv4","previousEventId":"ze9un49mh3nnq9c","operationId":"dcqpu28qxj10pt9","previousOperationId":"qlxaezzsghm4yor"}
{"type":"log","timestamp":1744179932585,"level":"debug","message":"Executing recipe chrome-pdf","meta":{"rootId":"7b07ctdrqbx9e1b","id":"7b07ctdrqbx9e1b"},"id":"vdh8e79wg1ytpkq","previousOperationId":"dcqpu28qxj10pt9"}
{"type":"log","timestamp":1744179932588,"level":"debug","message":"Converting with chrome Chrome/133.0.6943.126 using chrome-pool strategy","meta":{"rootId":"7b07ctdrqbx9e1b","id":"7b07ctdrqbx9e1b"},"id":"g7bf5kkurqqriox","previousOperationId":"dcqpu28qxj10pt9"}
{"type":"log","timestamp":1744179932654,"level":"debug","message":"Page request: GET (document) file:///C:/Users/Patheo24/AppData/Local/Temp/jsreport/autocleanup/3667c8b2-a1af-4327-b6e6-30fd06e79103-chrome-pdf.html","meta":{"rootId":"7b07ctdrqbx9e1b","id":"7b07ctdrqbx9e1b"},"id":"fbbzsgcfdv46z1o","previousOperationId":"dcqpu28qxj10pt9"}
{"type":"log","timestamp":1744179932680,"level":"debug","message":"Page request finished: GET (document) 200 file:///C:/Users/Patheo24/AppData/Local/Temp/jsreport/autocleanup/3667c8b2-a1af-4327-b6e6-30fd06e79103-chrome-pdf.html","meta":{"rootId":"7b07ctdrqbx9e1b","id":"7b07ctdrqbx9e1b"},"id":"ygmi1w0zjo4yd95","previousOperationId":"dcqpu28qxj10pt9"}
{"type":"log","timestamp":1744179932680,"level":"debug","message":"(console:info) Slow network is detected. See https://www.chromestatus.com/feature/5636954674692096 for more details. Fallback font will be used while loading: http://localhost:5488/fonts/kalpurush.ttf","meta":{"userLevel":true,"rootId":"7b07ctdrqbx9e1b","id":"7b07ctdrqbx9e1b"},"id":"onbtlpvq6t59moo","previousOperationId":"dcqpu28qxj10pt9"}
{"type":"log","timestamp":1744179932681,"level":"debug","message":"Page request: GET (font) http://localhost:5488/fonts/kalpurush.ttf","meta":{"rootId":"7b07ctdrqbx9e1b","id":"7b07ctdrqbx9e1b"},"id":"1bw6aiypx3k63rd","previousOperationId":"dcqpu28qxj10pt9"}
{"type":"log","timestamp":1744179932682,"level":"debug","message":"Page request: GET (image) https://res.cloudinary.com/dpes1dyqb/image/upload/v1738768933/logo_myycxt.jpg","meta":{"rootId":"7b07ctdrqbx9e1b","id":"7b07ctdrqbx9e1b"},"id":"qkq33gfubhycpos","previousOperationId":"dcqpu28qxj10pt9"}
{"type":"log","timestamp":1744179932718,"level":"debug","message":"Page request: GET (font) http://localhost:5488/fonts/kalpurush.ttf","meta":{"rootId":"7b07ctdrqbx9e1b","id":"7b07ctdrqbx9e1b"},"id":"ejvlk0evma1njmt","previousOperationId":"dcqpu28qxj10pt9"}
{"type":"log","timestamp":1744179932724,"level":"debug","message":"(console:error) Failed to load resource: the server responded with a status of 404 (Not Found)","meta":{"userLevel":true,"rootId":"7b07ctdrqbx9e1b","id":"7b07ctdrqbx9e1b"},"id":"lan4ut1nxw6hpw9","previousOperationId":"dcqpu28qxj10pt9"}
{"type":"log","timestamp":1744179932724,"level":"warn","message":"Page request failed: GET (font) http://localhost:5488/fonts/kalpurush.ttf, failure: net::ERR_ABORTED","meta":{"rootId":"7b07ctdrqbx9e1b","id":"7b07ctdrqbx9e1b"},"id":"8qhq1a41zhoy96a","previousOperationId":"dcqpu28qxj10pt9"}
{"type":"log","timestamp":1744179932916,"level":"debug","message":"Page request finished: GET (image) 200 https://res.cloudinary.com/dpes1dyqb/image/upload/v1738768933/logo_myycxt.jpg","meta":{"rootId":"7b07ctdrqbx9e1b","id":"7b07ctdrqbx9e1b"},"id":"onc2qdvcchj1dxb","previousOperationId":"dcqpu28qxj10pt9"}
{"type":"log","timestamp":1744179932919,"level":"debug","message":"Running chrome with params {\"printBackground\":true,\"timeout\":59970,\"margin\":{}}","meta":{"rootId":"7b07ctdrqbx9e1b","id":"7b07ctdrqbx9e1b"},"id":"hxqeov0b6xfah7l","previousOperationId":"dcqpu28qxj10pt9"}
{"type":"operationEnd","operationId":"dcqpu28qxj10pt9","timestamp":1744179933139,"id":"i2v31mc04ai6v76","previousEventId":"o5nwb2irsjyupv4","previousOperationId":"dcqpu28qxj10pt9"}
{"type":"log","timestamp":1744179933139,"level":"debug","message":"Skipping storing report.","meta":{"rootId":"7b07ctdrqbx9e1b","id":"7b07ctdrqbx9e1b"},"id":"lz8zpvytsyydp85","previousOperationId":"dcqpu28qxj10pt9"}
{"type":"log","timestamp":1744179933139,"level":"info","message":"Rendering request 13 finished in 582 ms","meta":{"rootId":"7b07ctdrqbx9e1b","id":"7b07ctdrqbx9e1b"},"id":"okxphfdjr2rb9un","previousOperationId":"dcqpu28qxj10pt9"}
{"type":"operationEnd","subtype":"render","operationId":"yfj9ibdkqbx6yhv","timestamp":1744179933139,"id":"s0xupdh3xfj9qg8","previousEventId":"i2v31mc04ai6v76","previousOperationId":"dcqpu28qxj10pt9"}
{"type":"operationEnd","doDiffs":false,"previousEventId":"jr9zbl11133er7u","previousOperationId":"s277zcm83720n8p","operationId":"s277zcm83720n8p","timestamp":1744179933144,"id":"1xl4gvfy027df3a"}
