{"type":"operationStart","subtype":"profile","data":{"_id":"Ybk0GZvxd8i0K4Jt","timestamp":"2025-04-09T13:48:00.121Z","state":"queued","mode":"standard","creationDate":"2025-04-09T13:48:00.123Z","modificationDate":"2025-04-09T13:48:00.123Z","shortid":"kMJJERO","$entitySet":"profiles"},"doDiffs":false,"timestamp":1744206480122,"id":"1faaqk4tc1fejkv","previousOperationId":null,"operationId":"bn0qsnin1n12e99"}
{"type":"log","level":"info","message":"Render request 29 queued for execution and waiting for available worker","previousOperationId":"bn0qsnin1n12e99","timestamp":1744206480122,"id":"nge5afr4qkms4l8"}
{"type":"operationStart","subtype":"render","name":"myTemplate","previousOperationId":"bn0qsnin1n12e99","timestamp":1744206480137,"id":"hxffrmhvga1mw70","previousEventId":"1faaqk4tc1fejkv","operationId":"udq9f20nmk4hht2"}
{"type":"log","timestamp":1744206480138,"level":"info","message":"Starting rendering request 29","meta":{"rootId":"7dyieraeurehzfg","id":"7dyieraeurehzfg"},"id":"7dzecemgp0pdos5","previousOperationId":"udq9f20nmk4hht2"}
{"type":"log","timestamp":1744206480138,"level":"info","message":"Rendering template { name: myTemplate, recipe: chrome-pdf, engine: handlebars, preview: true }","meta":{"rootId":"7dyieraeurehzfg","id":"7dyieraeurehzfg"},"id":"n3e56gq7uulpz9n","previousOperationId":"udq9f20nmk4hht2"}
{"type":"log","timestamp":1744206480142,"level":"debug","message":"Adding sample data HUavgV0Kc","meta":{"rootId":"7dyieraeurehzfg","id":"7dyieraeurehzfg"},"id":"7zj1jhx1m1z030s","previousOperationId":"udq9f20nmk4hht2"}
{"type":"log","timestamp":1744206480145,"level":"debug","message":"Base url not specified, skipping its injection.","meta":{"rootId":"7dyieraeurehzfg","id":"7dyieraeurehzfg"},"id":"bipevbbbwueqwyp","previousOperationId":"udq9f20nmk4hht2"}
{"type":"operationStart","subtype":"engine","name":"handlebars","timestamp":1744206480145,"id":"iiataxhv2jds822","previousEventId":"hxffrmhvga1mw70","operationId":"4amqt673uk6y5kh","previousOperationId":"udq9f20nmk4hht2"}
{"type":"log","timestamp":1744206480145,"level":"debug","message":"Rendering engine handlebars","meta":{"rootId":"7dyieraeurehzfg","id":"7dyieraeurehzfg"},"id":"zlp5osi2kdl64wi","previousOperationId":"4amqt673uk6y5kh"}
{"type":"operationEnd","operationId":"4amqt673uk6y5kh","timestamp":1744206480155,"id":"5fwy2avm8xxljxr","previousEventId":"iiataxhv2jds822","previousOperationId":"4amqt673uk6y5kh"}
{"type":"operationStart","subtype":"recipe","name":"chrome-pdf","timestamp":1744206480155,"id":"33impk5xnmfu1jb","previousEventId":"5fwy2avm8xxljxr","operationId":"r9oohyo590ugqlu","previousOperationId":"4amqt673uk6y5kh"}
{"type":"log","timestamp":1744206480155,"level":"debug","message":"Executing recipe chrome-pdf","meta":{"rootId":"7dyieraeurehzfg","id":"7dyieraeurehzfg"},"id":"psbxnqy2lb9m64i","previousOperationId":"r9oohyo590ugqlu"}
{"type":"log","timestamp":1744206480158,"level":"debug","message":"Converting with chrome Chrome/133.0.6943.126 using chrome-pool strategy","meta":{"rootId":"7dyieraeurehzfg","id":"7dyieraeurehzfg"},"id":"nv65nqgv8txkqtl","previousOperationId":"r9oohyo590ugqlu"}
{"type":"log","timestamp":1744206480232,"level":"debug","message":"Page request: GET (document) file:///C:/Users/Patheo24/AppData/Local/Temp/jsreport/autocleanup/bab03ebb-91de-4e10-bfcc-866f115f6bbc-chrome-pdf.html","meta":{"rootId":"7dyieraeurehzfg","id":"7dyieraeurehzfg"},"id":"645rey64250pkqi","previousOperationId":"r9oohyo590ugqlu"}
{"type":"log","timestamp":1744206480259,"level":"debug","message":"Page request finished: GET (document) 200 file:///C:/Users/Patheo24/AppData/Local/Temp/jsreport/autocleanup/bab03ebb-91de-4e10-bfcc-866f115f6bbc-chrome-pdf.html","meta":{"rootId":"7dyieraeurehzfg","id":"7dyieraeurehzfg"},"id":"xz42xf7mtkiiwlo","previousOperationId":"r9oohyo590ugqlu"}
{"type":"log","timestamp":1744206480267,"level":"debug","message":"Page request: GET (image) https://res.cloudinary.com/dpes1dyqb/image/upload/v1738768933/logo_myycxt.jpg","meta":{"rootId":"7dyieraeurehzfg","id":"7dyieraeurehzfg"},"id":"pwj97f49lcxp0wj","previousOperationId":"r9oohyo590ugqlu"}
{"type":"log","timestamp":1744206480268,"level":"debug","message":"Page request: GET (font) http://localhost:5488/fonts/kalpurush.ttf","meta":{"rootId":"7dyieraeurehzfg","id":"7dyieraeurehzfg"},"id":"xgdy5kbf6lv889c","previousOperationId":"r9oohyo590ugqlu"}
{"type":"log","timestamp":1744206480321,"level":"debug","message":"Page request: GET (font) http://localhost:5488/fonts/kalpurush.ttf","meta":{"rootId":"7dyieraeurehzfg","id":"7dyieraeurehzfg"},"id":"2897ilpapgrcfbr","previousOperationId":"r9oohyo590ugqlu"}
{"type":"log","timestamp":1744206480325,"level":"debug","message":"Page request finished: GET (image) 200 https://res.cloudinary.com/dpes1dyqb/image/upload/v1738768933/logo_myycxt.jpg","meta":{"rootId":"7dyieraeurehzfg","id":"7dyieraeurehzfg"},"id":"myge100gv799p13","previousOperationId":"r9oohyo590ugqlu"}
{"type":"log","timestamp":1744206480336,"level":"debug","message":"(console:error) Failed to load resource: the server responded with a status of 404 (Not Found)","meta":{"userLevel":true,"rootId":"7dyieraeurehzfg","id":"7dyieraeurehzfg"},"id":"skra5idylfdynrh","previousOperationId":"r9oohyo590ugqlu"}
{"type":"log","timestamp":1744206480336,"level":"warn","message":"Page request failed: GET (font) http://localhost:5488/fonts/kalpurush.ttf, failure: net::ERR_ABORTED","meta":{"rootId":"7dyieraeurehzfg","id":"7dyieraeurehzfg"},"id":"sdrsdgpua3bgb3i","previousOperationId":"r9oohyo590ugqlu"}
{"type":"log","timestamp":1744206480346,"level":"debug","message":"Running chrome with params {\"printBackground\":true,\"format\":\"A5\",\"timeout\":59964,\"margin\":{}}","meta":{"rootId":"7dyieraeurehzfg","id":"7dyieraeurehzfg"},"id":"y07c2wf6srazxmh","previousOperationId":"r9oohyo590ugqlu"}
{"type":"operationEnd","operationId":"r9oohyo590ugqlu","timestamp":1744206480715,"id":"ogophhzr7y6kfzq","previousEventId":"33impk5xnmfu1jb","previousOperationId":"r9oohyo590ugqlu"}
{"type":"log","timestamp":1744206480716,"level":"debug","message":"Skipping storing report.","meta":{"rootId":"7dyieraeurehzfg","id":"7dyieraeurehzfg"},"id":"6sijfdfw921q9c0","previousOperationId":"r9oohyo590ugqlu"}
{"type":"log","timestamp":1744206480716,"level":"info","message":"Rendering request 29 finished in 595 ms","meta":{"rootId":"7dyieraeurehzfg","id":"7dyieraeurehzfg"},"id":"kaoo09u26vvysk1","previousOperationId":"r9oohyo590ugqlu"}
{"type":"operationEnd","subtype":"render","operationId":"udq9f20nmk4hht2","timestamp":1744206480716,"id":"48xpibm63c5ranc","previousEventId":"ogophhzr7y6kfzq","previousOperationId":"r9oohyo590ugqlu"}
{"type":"operationEnd","doDiffs":false,"previousEventId":"1faaqk4tc1fejkv","previousOperationId":"bn0qsnin1n12e99","operationId":"bn0qsnin1n12e99","timestamp":1744206480719,"id":"ugzwesx3pd010pk"}
