{"type":"operationStart","subtype":"profile","data":{"_id":"0F48oz7jZ0dRqkuG","timestamp":"2025-04-09T10:04:36.406Z","state":"queued","mode":"standard","creationDate":"2025-04-09T10:04:36.408Z","modificationDate":"2025-04-09T10:04:36.408Z","shortid":"040H8nn","$entitySet":"profiles"},"doDiffs":false,"timestamp":1744193076407,"id":"cdyiczhpl3n69s1","previousOperationId":null,"operationId":"skqm3f0tjbmajfg"}
{"type":"log","level":"info","message":"Render request 3 queued for execution and waiting for available worker","previousOperationId":"skqm3f0tjbmajfg","timestamp":1744193076407,"id":"1dhzaibfzabfb4n"}
{"type":"operationStart","subtype":"render","name":"myTemplate","previousOperationId":"skqm3f0tjbmajfg","timestamp":1744193076422,"id":"zfs5fh6xeo15abo","previousEventId":"cdyiczhpl3n69s1","operationId":"9k1plfgjecnu27s"}
{"type":"log","timestamp":1744193076422,"level":"info","message":"Starting rendering request 3","meta":{"rootId":"7f0tmmnku9gfair","id":"7f0tmmnku9gfair"},"id":"s1bvm7vpwm6ldi7","previousOperationId":"9k1plfgjecnu27s"}
{"type":"log","timestamp":1744193076422,"level":"info","message":"Rendering template { name: myTemplate, recipe: chrome-pdf, engine: handlebars, preview: true }","meta":{"rootId":"7f0tmmnku9gfair","id":"7f0tmmnku9gfair"},"id":"biwhzyuhcnngvna","previousOperationId":"9k1plfgjecnu27s"}
{"type":"log","timestamp":1744193076423,"level":"debug","message":"Inline data specified.","meta":{"rootId":"7f0tmmnku9gfair","id":"7f0tmmnku9gfair"},"id":"1m7za973zktcb3o","previousOperationId":"9k1plfgjecnu27s"}
{"type":"log","timestamp":1744193076425,"level":"debug","message":"Base url not specified, skipping its injection.","meta":{"rootId":"7f0tmmnku9gfair","id":"7f0tmmnku9gfair"},"id":"qfsihcx6plaz99g","previousOperationId":"9k1plfgjecnu27s"}
{"type":"operationStart","subtype":"engine","name":"handlebars","timestamp":1744193076425,"id":"ta9i56d2km8nj69","previousEventId":"zfs5fh6xeo15abo","operationId":"zl28ffqyy7bi475","previousOperationId":"9k1plfgjecnu27s"}
{"type":"log","timestamp":1744193076425,"level":"debug","message":"Rendering engine handlebars","meta":{"rootId":"7f0tmmnku9gfair","id":"7f0tmmnku9gfair"},"id":"7cz5zmq1ydb41s0","previousOperationId":"zl28ffqyy7bi475"}
{"type":"operationEnd","operationId":"zl28ffqyy7bi475","timestamp":1744193076451,"id":"libgloalggfv32g","previousEventId":"ta9i56d2km8nj69","previousOperationId":"zl28ffqyy7bi475"}
{"type":"operationStart","subtype":"recipe","name":"chrome-pdf","timestamp":1744193076452,"id":"zr3d1ql9rggz72u","previousEventId":"libgloalggfv32g","operationId":"x9j0poxvhs85n9l","previousOperationId":"zl28ffqyy7bi475"}
{"type":"log","timestamp":1744193076452,"level":"debug","message":"Executing recipe chrome-pdf","meta":{"rootId":"7f0tmmnku9gfair","id":"7f0tmmnku9gfair"},"id":"nw2fl475dv0njwb","previousOperationId":"x9j0poxvhs85n9l"}
{"type":"log","timestamp":1744193077225,"level":"debug","message":"Converting with chrome Chrome/133.0.6943.126 using chrome-pool strategy","meta":{"rootId":"7f0tmmnku9gfair","id":"7f0tmmnku9gfair"},"id":"of67m97ucseeixz","previousOperationId":"x9j0poxvhs85n9l"}
{"type":"log","timestamp":1744193077358,"level":"debug","message":"Page request: GET (document) file:///C:/Users/Patheo24/AppData/Local/Temp/jsreport/autocleanup/7be79bdb-d6c2-46ee-aaa3-69e596c5170c-chrome-pdf.html","meta":{"rootId":"7f0tmmnku9gfair","id":"7f0tmmnku9gfair"},"id":"rehylzs0u6nh4gf","previousOperationId":"x9j0poxvhs85n9l"}
{"type":"log","timestamp":1744193077408,"level":"debug","message":"Page request finished: GET (document) 200 file:///C:/Users/Patheo24/AppData/Local/Temp/jsreport/autocleanup/7be79bdb-d6c2-46ee-aaa3-69e596c5170c-chrome-pdf.html","meta":{"rootId":"7f0tmmnku9gfair","id":"7f0tmmnku9gfair"},"id":"ep52w4hcbocyw5w","previousOperationId":"x9j0poxvhs85n9l"}
{"type":"log","timestamp":1744193077409,"level":"debug","message":"Page request: GET (image) https://res.cloudinary.com/dpes1dyqb/image/upload/v1738768933/logo_myycxt.jpg","meta":{"rootId":"7f0tmmnku9gfair","id":"7f0tmmnku9gfair"},"id":"66ujiuxvxw4wm28","previousOperationId":"x9j0poxvhs85n9l"}
{"type":"log","timestamp":1744193077410,"level":"debug","message":"Page request: GET (font) http://localhost:5488/fonts/kalpurush.ttf","meta":{"rootId":"7f0tmmnku9gfair","id":"7f0tmmnku9gfair"},"id":"nr7wkb8lk0a03wg","previousOperationId":"x9j0poxvhs85n9l"}
{"type":"log","timestamp":1744193077473,"level":"debug","message":"Page request: GET (font) http://localhost:5488/fonts/kalpurush.ttf","meta":{"rootId":"7f0tmmnku9gfair","id":"7f0tmmnku9gfair"},"id":"yjv1hn8tta7q2y5","previousOperationId":"x9j0poxvhs85n9l"}
{"type":"log","timestamp":1744193077500,"level":"debug","message":"(console:error) Failed to load resource: the server responded with a status of 404 (Not Found)","meta":{"userLevel":true,"rootId":"7f0tmmnku9gfair","id":"7f0tmmnku9gfair"},"id":"ttara2gqgqhq7yb","previousOperationId":"x9j0poxvhs85n9l"}
{"type":"log","timestamp":1744193077501,"level":"warn","message":"Page request failed: GET (font) http://localhost:5488/fonts/kalpurush.ttf, failure: net::ERR_ABORTED","meta":{"rootId":"7f0tmmnku9gfair","id":"7f0tmmnku9gfair"},"id":"jvh5zbicl9ip0uj","previousOperationId":"x9j0poxvhs85n9l"}
{"type":"log","timestamp":1744193077748,"level":"debug","message":"Page request finished: GET (image) 200 https://res.cloudinary.com/dpes1dyqb/image/upload/v1738768933/logo_myycxt.jpg","meta":{"rootId":"7f0tmmnku9gfair","id":"7f0tmmnku9gfair"},"id":"fi6ggx1u58rdmgm","previousOperationId":"x9j0poxvhs85n9l"}
{"type":"log","timestamp":1744193077756,"level":"debug","message":"Running chrome with params {\"printBackground\":true,\"timeout\":59614,\"margin\":{}}","meta":{"rootId":"7f0tmmnku9gfair","id":"7f0tmmnku9gfair"},"id":"0rz0n1vva4tx2cz","previousOperationId":"x9j0poxvhs85n9l"}
{"type":"operationEnd","operationId":"x9j0poxvhs85n9l","timestamp":1744193078125,"id":"yjqnorb0jysw0z6","previousEventId":"zr3d1ql9rggz72u","previousOperationId":"x9j0poxvhs85n9l"}
{"type":"log","timestamp":1744193078126,"level":"debug","message":"Skipping storing report.","meta":{"rootId":"7f0tmmnku9gfair","id":"7f0tmmnku9gfair"},"id":"erlylg1im7t8y5u","previousOperationId":"x9j0poxvhs85n9l"}
{"type":"log","timestamp":1744193078126,"level":"info","message":"Rendering request 3 finished in 1720 ms","meta":{"rootId":"7f0tmmnku9gfair","id":"7f0tmmnku9gfair"},"id":"8x41934kzw7khv6","previousOperationId":"x9j0poxvhs85n9l"}
{"type":"operationEnd","subtype":"render","operationId":"9k1plfgjecnu27s","timestamp":1744193078126,"id":"4opd58lrhbfksme","previousEventId":"yjqnorb0jysw0z6","previousOperationId":"x9j0poxvhs85n9l"}
{"type":"operationEnd","doDiffs":false,"previousEventId":"cdyiczhpl3n69s1","previousOperationId":"skqm3f0tjbmajfg","operationId":"skqm3f0tjbmajfg","timestamp":1744193078131,"id":"g5sjwf083syhwk7"}
