{"type":"operationStart","subtype":"profile","data":{"_id":"2tFZkKYhjMusQIHt","timestamp":"2025-04-09T13:52:36.497Z","state":"queued","mode":"standard","creationDate":"2025-04-09T13:52:36.498Z","modificationDate":"2025-04-09T13:52:36.498Z","shortid":"YtYOzn8","$entitySet":"profiles"},"doDiffs":false,"timestamp":1744206756498,"id":"cjrk9twxemdte9n","previousOperationId":null,"operationId":"7662w3iymuwpfeb"}
{"type":"log","level":"info","message":"Render request 40 queued for execution and waiting for available worker","previousOperationId":"7662w3iymuwpfeb","timestamp":1744206756498,"id":"lubiqcxkmhtawgj"}
{"type":"operationStart","subtype":"render","name":"myTemplate","previousOperationId":"7662w3iymuwpfeb","timestamp":1744206756509,"id":"trylgngao9nn650","previousEventId":"cjrk9twxemdte9n","operationId":"7vx8o9vo19hj68a"}
{"type":"log","timestamp":1744206756509,"level":"info","message":"Starting rendering request 40","meta":{"rootId":"7nywnmgspelgsiy","id":"7nywnmgspelgsiy"},"id":"t14z8btls70iszt","previousOperationId":"7vx8o9vo19hj68a"}
{"type":"log","timestamp":1744206756509,"level":"info","message":"Rendering template { name: myTemplate, recipe: chrome-pdf, engine: handlebars, preview: true }","meta":{"rootId":"7nywnmgspelgsiy","id":"7nywnmgspelgsiy"},"id":"c34a85zrmuwcl3p","previousOperationId":"7vx8o9vo19hj68a"}
{"type":"log","timestamp":1744206756510,"level":"debug","message":"Adding sample data HUavgV0Kc","meta":{"rootId":"7nywnmgspelgsiy","id":"7nywnmgspelgsiy"},"id":"w3n4qo5mdrainc9","previousOperationId":"7vx8o9vo19hj68a"}
{"type":"log","timestamp":1744206756511,"level":"debug","message":"Base url not specified, skipping its injection.","meta":{"rootId":"7nywnmgspelgsiy","id":"7nywnmgspelgsiy"},"id":"4p4bjuh9ee71dwa","previousOperationId":"7vx8o9vo19hj68a"}
{"type":"operationStart","subtype":"engine","name":"handlebars","timestamp":1744206756511,"id":"2fdi4fv6oqp8i0b","previousEventId":"trylgngao9nn650","operationId":"5ct350lhu24xow9","previousOperationId":"7vx8o9vo19hj68a"}
{"type":"log","timestamp":1744206756511,"level":"debug","message":"Rendering engine handlebars","meta":{"rootId":"7nywnmgspelgsiy","id":"7nywnmgspelgsiy"},"id":"rt9z71qxelk263j","previousOperationId":"5ct350lhu24xow9"}
{"type":"operationEnd","operationId":"5ct350lhu24xow9","timestamp":1744206756533,"id":"30f18plldigcour","previousEventId":"2fdi4fv6oqp8i0b","previousOperationId":"5ct350lhu24xow9"}
{"type":"operationStart","subtype":"recipe","name":"chrome-pdf","timestamp":1744206756534,"id":"fnjrc0ios2693qg","previousEventId":"30f18plldigcour","operationId":"52vrrdh5kb6enq5","previousOperationId":"5ct350lhu24xow9"}
{"type":"log","timestamp":1744206756534,"level":"debug","message":"Executing recipe chrome-pdf","meta":{"rootId":"7nywnmgspelgsiy","id":"7nywnmgspelgsiy"},"id":"jvxgqcn3g0siwgq","previousOperationId":"52vrrdh5kb6enq5"}
{"type":"log","timestamp":1744206756537,"level":"debug","message":"Converting with chrome Chrome/133.0.6943.126 using chrome-pool strategy","meta":{"rootId":"7nywnmgspelgsiy","id":"7nywnmgspelgsiy"},"id":"xfaukaoku2oq2xy","previousOperationId":"52vrrdh5kb6enq5"}
{"type":"log","timestamp":1744206756622,"level":"debug","message":"Page request: GET (document) file:///C:/Users/Patheo24/AppData/Local/Temp/jsreport/autocleanup/4b7faebb-f259-4d23-b327-0a55a23def34-chrome-pdf.html","meta":{"rootId":"7nywnmgspelgsiy","id":"7nywnmgspelgsiy"},"id":"89tpzsjzspszay8","previousOperationId":"52vrrdh5kb6enq5"}
{"type":"log","timestamp":1744206756657,"level":"debug","message":"Page request finished: GET (document) 200 file:///C:/Users/Patheo24/AppData/Local/Temp/jsreport/autocleanup/4b7faebb-f259-4d23-b327-0a55a23def34-chrome-pdf.html","meta":{"rootId":"7nywnmgspelgsiy","id":"7nywnmgspelgsiy"},"id":"6bfc17nrtm3wic9","previousOperationId":"52vrrdh5kb6enq5"}
{"type":"log","timestamp":1744206756665,"level":"debug","message":"Page request: GET (font) http://localhost:5488/fonts/kalpurush.ttf","meta":{"rootId":"7nywnmgspelgsiy","id":"7nywnmgspelgsiy"},"id":"vr2ulosz1y49gli","previousOperationId":"52vrrdh5kb6enq5"}
{"type":"log","timestamp":1744206756666,"level":"debug","message":"Page request: GET (image) https://res.cloudinary.com/dpes1dyqb/image/upload/v1738768933/logo_myycxt.jpg","meta":{"rootId":"7nywnmgspelgsiy","id":"7nywnmgspelgsiy"},"id":"s10rwdqr2s8yj3k","previousOperationId":"52vrrdh5kb6enq5"}
{"type":"log","timestamp":1744206756712,"level":"debug","message":"Page request: GET (font) http://localhost:5488/fonts/kalpurush.ttf","meta":{"rootId":"7nywnmgspelgsiy","id":"7nywnmgspelgsiy"},"id":"cl2mhtuxvqoy3ez","previousOperationId":"52vrrdh5kb6enq5"}
{"type":"log","timestamp":1744206756715,"level":"debug","message":"Page request finished: GET (image) 200 https://res.cloudinary.com/dpes1dyqb/image/upload/v1738768933/logo_myycxt.jpg","meta":{"rootId":"7nywnmgspelgsiy","id":"7nywnmgspelgsiy"},"id":"ioze7t8fmlhxmd2","previousOperationId":"52vrrdh5kb6enq5"}
{"type":"log","timestamp":1744206756725,"level":"debug","message":"(console:error) Failed to load resource: the server responded with a status of 404 (Not Found)","meta":{"userLevel":true,"rootId":"7nywnmgspelgsiy","id":"7nywnmgspelgsiy"},"id":"xxpb3ss57j60jog","previousOperationId":"52vrrdh5kb6enq5"}
{"type":"log","timestamp":1744206756725,"level":"warn","message":"Page request failed: GET (font) http://localhost:5488/fonts/kalpurush.ttf, failure: net::ERR_ABORTED","meta":{"rootId":"7nywnmgspelgsiy","id":"7nywnmgspelgsiy"},"id":"0w6wnvctvsc0b7u","previousOperationId":"52vrrdh5kb6enq5"}
{"type":"log","timestamp":1744206756735,"level":"debug","message":"Running chrome with params {\"printBackground\":true,\"format\":\"A5\",\"marginRight\":\"\",\"timeout\":59961,\"margin\":{\"right\":\"\"}}","meta":{"rootId":"7nywnmgspelgsiy","id":"7nywnmgspelgsiy"},"id":"eg3a8gacgiomlqc","previousOperationId":"52vrrdh5kb6enq5"}
{"type":"operationEnd","operationId":"52vrrdh5kb6enq5","timestamp":1744206757009,"id":"8l9r3cy0izerwov","previousEventId":"fnjrc0ios2693qg","previousOperationId":"52vrrdh5kb6enq5"}
{"type":"log","timestamp":1744206757009,"level":"debug","message":"Skipping storing report.","meta":{"rootId":"7nywnmgspelgsiy","id":"7nywnmgspelgsiy"},"id":"n2dzilq7t7sfyvj","previousOperationId":"52vrrdh5kb6enq5"}
{"type":"log","timestamp":1744206757009,"level":"info","message":"Rendering request 40 finished in 512 ms","meta":{"rootId":"7nywnmgspelgsiy","id":"7nywnmgspelgsiy"},"id":"hfmxbg3n7om2pbc","previousOperationId":"52vrrdh5kb6enq5"}
{"type":"operationEnd","subtype":"render","operationId":"7vx8o9vo19hj68a","timestamp":1744206757009,"id":"v5ozc5p4rhexuwy","previousEventId":"8l9r3cy0izerwov","previousOperationId":"52vrrdh5kb6enq5"}
{"type":"operationEnd","doDiffs":false,"previousEventId":"cjrk9twxemdte9n","previousOperationId":"7662w3iymuwpfeb","operationId":"7662w3iymuwpfeb","timestamp":1744206757014,"id":"4icp105dftknatd"}
