{"type":"operationStart","subtype":"profile","data":{"_id":"8RD7d47UKl38YrVz","timestamp":"2025-04-11T12:31:31.431Z","state":"queued","mode":"standard","creationDate":"2025-04-11T12:31:31.435Z","modificationDate":"2025-04-11T12:31:31.435Z","shortid":"lnuAW0_","$entitySet":"profiles"},"doDiffs":false,"timestamp":1744374691434,"id":"v3lvvdxq0cj0nmg","previousOperationId":null,"operationId":"w8trj8gpatx5opq"}
{"type":"log","level":"info","message":"Render request 10 queued for execution and waiting for available worker","previousOperationId":"w8trj8gpatx5opq","timestamp":1744374691434,"id":"35noavu2y1o1t1k"}
{"type":"operationStart","subtype":"render","name":"myTemplate","previousOperationId":"w8trj8gpatx5opq","timestamp":1744374691455,"id":"z8nl90htwvvkxul","previousEventId":"v3lvvdxq0cj0nmg","operationId":"x5umdvuuraqn009"}
{"type":"log","timestamp":1744374691455,"level":"info","message":"Starting rendering request 10","meta":{"rootId":"7qpquj8uxhnwb4b","id":"7qpquj8uxhnwb4b"},"id":"nod916kt43nb9jm","previousOperationId":"x5umdvuuraqn009"}
{"type":"log","timestamp":1744374691455,"level":"info","message":"Rendering template { name: myTemplate, recipe: chrome-pdf, engine: handlebars, preview: true }","meta":{"rootId":"7qpquj8uxhnwb4b","id":"7qpquj8uxhnwb4b"},"id":"8of8r5wz9g9a8cq","previousOperationId":"x5umdvuuraqn009"}
{"type":"log","timestamp":1744374691456,"level":"debug","message":"Inline data specified.","meta":{"rootId":"7qpquj8uxhnwb4b","id":"7qpquj8uxhnwb4b"},"id":"eowx2w9ezdu4pul","previousOperationId":"x5umdvuuraqn009"}
{"type":"log","timestamp":1744374691461,"level":"debug","message":"Base url not specified, skipping its injection.","meta":{"rootId":"7qpquj8uxhnwb4b","id":"7qpquj8uxhnwb4b"},"id":"spd0tpbmg54y4s6","previousOperationId":"x5umdvuuraqn009"}
{"type":"operationStart","subtype":"engine","name":"handlebars","timestamp":1744374691461,"id":"4ow1nc490jkmbpz","previousEventId":"z8nl90htwvvkxul","operationId":"l0ep5g730swtqy6","previousOperationId":"x5umdvuuraqn009"}
{"type":"log","timestamp":1744374691461,"level":"debug","message":"Rendering engine handlebars","meta":{"rootId":"7qpquj8uxhnwb4b","id":"7qpquj8uxhnwb4b"},"id":"cajksspcknf6mk9","previousOperationId":"l0ep5g730swtqy6"}
{"type":"operationEnd","operationId":"l0ep5g730swtqy6","timestamp":1744374691505,"id":"9un4n4c2o2g9wn7","previousEventId":"4ow1nc490jkmbpz","previousOperationId":"l0ep5g730swtqy6"}
{"type":"operationStart","subtype":"recipe","name":"chrome-pdf","timestamp":1744374691506,"id":"gqu4gsayo3q2j79","previousEventId":"9un4n4c2o2g9wn7","operationId":"urnjsn21sdw08ow","previousOperationId":"l0ep5g730swtqy6"}
{"type":"log","timestamp":1744374691506,"level":"debug","message":"Executing recipe chrome-pdf","meta":{"rootId":"7qpquj8uxhnwb4b","id":"7qpquj8uxhnwb4b"},"id":"z6c5qqixoyw9k97","previousOperationId":"urnjsn21sdw08ow"}
{"type":"log","timestamp":1744374691509,"level":"debug","message":"Converting with chrome Chrome/133.0.6943.126 using chrome-pool strategy","meta":{"rootId":"7qpquj8uxhnwb4b","id":"7qpquj8uxhnwb4b"},"id":"tgm60tsq5p4f1sx","previousOperationId":"urnjsn21sdw08ow"}
{"type":"log","timestamp":1744374691588,"level":"debug","message":"Page request: GET (document) file:///C:/Users/Patheo24/AppData/Local/Temp/jsreport/autocleanup/4faf1e1e-76a1-4bf5-8a48-5dbd162c2a56-chrome-pdf.html","meta":{"rootId":"7qpquj8uxhnwb4b","id":"7qpquj8uxhnwb4b"},"id":"fnw8tjirpyt6wp0","previousOperationId":"urnjsn21sdw08ow"}
{"type":"log","timestamp":1744374691616,"level":"debug","message":"Page request finished: GET (document) 200 file:///C:/Users/Patheo24/AppData/Local/Temp/jsreport/autocleanup/4faf1e1e-76a1-4bf5-8a48-5dbd162c2a56-chrome-pdf.html","meta":{"rootId":"7qpquj8uxhnwb4b","id":"7qpquj8uxhnwb4b"},"id":"h7n99n04ih897tj","previousOperationId":"urnjsn21sdw08ow"}
{"type":"log","timestamp":1744374691624,"level":"debug","message":"Page request: GET (image) https://res.cloudinary.com/dpes1dyqb/image/upload/v1738768933/logo_myycxt.jpg","meta":{"rootId":"7qpquj8uxhnwb4b","id":"7qpquj8uxhnwb4b"},"id":"zjvhp2k4hvk219q","previousOperationId":"urnjsn21sdw08ow"}
{"type":"log","timestamp":1744374691627,"level":"debug","message":"Page request: GET (font) http://localhost:5488/fonts/kalpurush.ttf","meta":{"rootId":"7qpquj8uxhnwb4b","id":"7qpquj8uxhnwb4b"},"id":"gp8locouz3sb9uk","previousOperationId":"urnjsn21sdw08ow"}
{"type":"log","timestamp":1744374691720,"level":"debug","message":"Page request: GET (font) http://localhost:5488/fonts/kalpurush.ttf","meta":{"rootId":"7qpquj8uxhnwb4b","id":"7qpquj8uxhnwb4b"},"id":"fgrrrpdperhois8","previousOperationId":"urnjsn21sdw08ow"}
{"type":"log","timestamp":1744374691722,"level":"debug","message":"Page request finished: GET (image) 200 https://res.cloudinary.com/dpes1dyqb/image/upload/v1738768933/logo_myycxt.jpg","meta":{"rootId":"7qpquj8uxhnwb4b","id":"7qpquj8uxhnwb4b"},"id":"prc8qo2njpg75ji","previousOperationId":"urnjsn21sdw08ow"}
{"type":"log","timestamp":1744374691734,"level":"debug","message":"(console:error) Failed to load resource: the server responded with a status of 404 (Not Found)","meta":{"userLevel":true,"rootId":"7qpquj8uxhnwb4b","id":"7qpquj8uxhnwb4b"},"id":"hnws6j44psot4m9","previousOperationId":"urnjsn21sdw08ow"}
{"type":"log","timestamp":1744374691734,"level":"warn","message":"Page request failed: GET (font) http://localhost:5488/fonts/kalpurush.ttf, failure: net::ERR_ABORTED","meta":{"rootId":"7qpquj8uxhnwb4b","id":"7qpquj8uxhnwb4b"},"id":"ce2yb4f1f5mrbrf","previousOperationId":"urnjsn21sdw08ow"}
{"type":"log","timestamp":1744374691746,"level":"debug","message":"Running chrome with params {\"printBackground\":true,\"format\":\"A5\",\"marginRight\":\"\",\"height\":\"\",\"marginTop\":\"\",\"marginBottom\":\"\",\"marginLeft\":\"\",\"displayHeaderFooter\":true,\"width\":\"\",\"timeout\":59923,\"margin\":{\"top\":\"\",\"right\":\"\",\"bottom\":\"\",\"left\":\"\"}}","meta":{"rootId":"7qpquj8uxhnwb4b","id":"7qpquj8uxhnwb4b"},"id":"lf4v04qw9eatsxt","previousOperationId":"urnjsn21sdw08ow"}
{"type":"operationEnd","operationId":"urnjsn21sdw08ow","timestamp":1744374692111,"id":"ob8o6m9xtgevcgn","previousEventId":"gqu4gsayo3q2j79","previousOperationId":"urnjsn21sdw08ow"}
{"type":"log","timestamp":1744374692112,"level":"debug","message":"Skipping storing report.","meta":{"rootId":"7qpquj8uxhnwb4b","id":"7qpquj8uxhnwb4b"},"id":"kks1bvnov8x5dk6","previousOperationId":"urnjsn21sdw08ow"}
{"type":"log","timestamp":1744374692112,"level":"info","message":"Rendering request 10 finished in 681 ms","meta":{"rootId":"7qpquj8uxhnwb4b","id":"7qpquj8uxhnwb4b"},"id":"etn65mq7gmf1jjp","previousOperationId":"urnjsn21sdw08ow"}
{"type":"operationEnd","subtype":"render","operationId":"x5umdvuuraqn009","timestamp":1744374692112,"id":"l2mlgkg4duwvmk1","previousEventId":"ob8o6m9xtgevcgn","previousOperationId":"urnjsn21sdw08ow"}
{"type":"operationEnd","doDiffs":false,"previousEventId":"v3lvvdxq0cj0nmg","previousOperationId":"w8trj8gpatx5opq","operationId":"w8trj8gpatx5opq","timestamp":1744374692119,"id":"vaspwzheeu9os4v"}
