{"type":"operationStart","subtype":"profile","data":{"_id":"X3IOzLcraFovnMWw","timestamp":"2025-04-09T09:43:29.051Z","state":"queued","mode":"standard","creationDate":"2025-04-09T09:43:29.053Z","modificationDate":"2025-04-09T09:43:29.053Z","shortid":"jcORS9Q","$entitySet":"profiles"},"doDiffs":false,"timestamp":1744191809052,"id":"6uy1ehap72uwh85","previousOperationId":null,"operationId":"3gsb2t9zcbozl47"}
{"type":"log","level":"info","message":"Render request 60 queued for execution and waiting for available worker","previousOperationId":"3gsb2t9zcbozl47","timestamp":1744191809052,"id":"6s1zvx8qwnla2te"}
{"type":"operationStart","subtype":"render","name":"myTemplate","previousOperationId":"3gsb2t9zcbozl47","timestamp":1744191809063,"id":"t555elmdkg67yu7","previousEventId":"6uy1ehap72uwh85","operationId":"xjpoc0e51tj2567"}
{"type":"log","timestamp":1744191809063,"level":"info","message":"Starting rendering request 60","meta":{"rootId":"7w8mupki4qnouq8","id":"7w8mupki4qnouq8"},"id":"xkry64ndmwlud5m","previousOperationId":"xjpoc0e51tj2567"}
{"type":"log","timestamp":1744191809064,"level":"info","message":"Rendering template { name: myTemplate, recipe: chrome-pdf, engine: handlebars, preview: true }","meta":{"rootId":"7w8mupki4qnouq8","id":"7w8mupki4qnouq8"},"id":"q3ts9uwzf7qzm7d","previousOperationId":"xjpoc0e51tj2567"}
{"type":"log","timestamp":1744191809064,"level":"debug","message":"Inline data specified.","meta":{"rootId":"7w8mupki4qnouq8","id":"7w8mupki4qnouq8"},"id":"48u8h7lw2ovyptk","previousOperationId":"xjpoc0e51tj2567"}
{"type":"log","timestamp":1744191809070,"level":"debug","message":"Base url not specified, skipping its injection.","meta":{"rootId":"7w8mupki4qnouq8","id":"7w8mupki4qnouq8"},"id":"fxwd1cqqs8sruct","previousOperationId":"xjpoc0e51tj2567"}
{"type":"operationStart","subtype":"engine","name":"handlebars","timestamp":1744191809070,"id":"k95sctja952inrh","previousEventId":"t555elmdkg67yu7","operationId":"m4290lkuvlko2pi","previousOperationId":"xjpoc0e51tj2567"}
{"type":"log","timestamp":1744191809070,"level":"debug","message":"Rendering engine handlebars","meta":{"rootId":"7w8mupki4qnouq8","id":"7w8mupki4qnouq8"},"id":"jy5wgngbzncpuwl","previousOperationId":"m4290lkuvlko2pi"}
{"type":"operationEnd","operationId":"m4290lkuvlko2pi","timestamp":1744191809084,"id":"g2idad2z7dvj8w9","previousEventId":"k95sctja952inrh","previousOperationId":"m4290lkuvlko2pi"}
{"type":"operationStart","subtype":"recipe","name":"chrome-pdf","timestamp":1744191809084,"id":"r8wqi5as37izi3a","previousEventId":"g2idad2z7dvj8w9","operationId":"h41x5rqjevnno0x","previousOperationId":"m4290lkuvlko2pi"}
{"type":"log","timestamp":1744191809084,"level":"debug","message":"Executing recipe chrome-pdf","meta":{"rootId":"7w8mupki4qnouq8","id":"7w8mupki4qnouq8"},"id":"vmnulsy1esmhs6j","previousOperationId":"h41x5rqjevnno0x"}
{"type":"log","timestamp":1744191809087,"level":"debug","message":"Converting with chrome Chrome/133.0.6943.126 using chrome-pool strategy","meta":{"rootId":"7w8mupki4qnouq8","id":"7w8mupki4qnouq8"},"id":"nam084r287t95as","previousOperationId":"h41x5rqjevnno0x"}
{"type":"log","timestamp":1744191809161,"level":"debug","message":"Page request: GET (document) file:///C:/Users/Patheo24/AppData/Local/Temp/jsreport/autocleanup/ab1ab2ce-003e-45c9-8f7e-a83316c6f52d-chrome-pdf.html","meta":{"rootId":"7w8mupki4qnouq8","id":"7w8mupki4qnouq8"},"id":"up94lkx5tmzf2db","previousOperationId":"h41x5rqjevnno0x"}
{"type":"log","timestamp":1744191809192,"level":"debug","message":"Page request finished: GET (document) 200 file:///C:/Users/Patheo24/AppData/Local/Temp/jsreport/autocleanup/ab1ab2ce-003e-45c9-8f7e-a83316c6f52d-chrome-pdf.html","meta":{"rootId":"7w8mupki4qnouq8","id":"7w8mupki4qnouq8"},"id":"tx45pu525qgrjbn","previousOperationId":"h41x5rqjevnno0x"}
{"type":"log","timestamp":1744191809193,"level":"debug","message":"Page request: GET (font) http://localhost:5488/fonts/kalpurush.ttf","meta":{"rootId":"7w8mupki4qnouq8","id":"7w8mupki4qnouq8"},"id":"4o52gv0fy6i0jg4","previousOperationId":"h41x5rqjevnno0x"}
{"type":"log","timestamp":1744191809194,"level":"debug","message":"Page request: GET (image) https://res.cloudinary.com/dpes1dyqb/image/upload/v1738768933/logo_myycxt.jpg","meta":{"rootId":"7w8mupki4qnouq8","id":"7w8mupki4qnouq8"},"id":"0e3xtitkhwesezt","previousOperationId":"h41x5rqjevnno0x"}
{"type":"log","timestamp":1744191809233,"level":"debug","message":"Page request: GET (font) http://localhost:5488/fonts/kalpurush.ttf","meta":{"rootId":"7w8mupki4qnouq8","id":"7w8mupki4qnouq8"},"id":"d9leb0pj8zmp4xd","previousOperationId":"h41x5rqjevnno0x"}
{"type":"log","timestamp":1744191809233,"level":"debug","message":"Page request finished: GET (image) 200 https://res.cloudinary.com/dpes1dyqb/image/upload/v1738768933/logo_myycxt.jpg","meta":{"rootId":"7w8mupki4qnouq8","id":"7w8mupki4qnouq8"},"id":"a4eby1pawgt2zzc","previousOperationId":"h41x5rqjevnno0x"}
{"type":"log","timestamp":1744191809243,"level":"debug","message":"(console:error) Failed to load resource: the server responded with a status of 404 (Not Found)","meta":{"userLevel":true,"rootId":"7w8mupki4qnouq8","id":"7w8mupki4qnouq8"},"id":"w9q05x1655tc12g","previousOperationId":"h41x5rqjevnno0x"}
{"type":"log","timestamp":1744191809243,"level":"warn","message":"Page request failed: GET (font) http://localhost:5488/fonts/kalpurush.ttf, failure: net::ERR_ABORTED","meta":{"rootId":"7w8mupki4qnouq8","id":"7w8mupki4qnouq8"},"id":"ketpkcw4k2tr9j2","previousOperationId":"h41x5rqjevnno0x"}
{"type":"log","timestamp":1744191809250,"level":"debug","message":"Running chrome with params {\"printBackground\":true,\"timeout\":59966,\"margin\":{}}","meta":{"rootId":"7w8mupki4qnouq8","id":"7w8mupki4qnouq8"},"id":"jdr0m69cui1ljiu","previousOperationId":"h41x5rqjevnno0x"}
{"type":"operationEnd","operationId":"h41x5rqjevnno0x","timestamp":1744191809541,"id":"9fbu90ptkbi9jxd","previousEventId":"r8wqi5as37izi3a","previousOperationId":"h41x5rqjevnno0x"}
{"type":"log","timestamp":1744191809541,"level":"debug","message":"Skipping storing report.","meta":{"rootId":"7w8mupki4qnouq8","id":"7w8mupki4qnouq8"},"id":"3ivzgmwg3cfoz0y","previousOperationId":"h41x5rqjevnno0x"}
{"type":"log","timestamp":1744191809541,"level":"info","message":"Rendering request 60 finished in 490 ms","meta":{"rootId":"7w8mupki4qnouq8","id":"7w8mupki4qnouq8"},"id":"i3ua3z5omo3m1hx","previousOperationId":"h41x5rqjevnno0x"}
{"type":"operationEnd","subtype":"render","operationId":"xjpoc0e51tj2567","timestamp":1744191809541,"id":"q1vif0wnx4k5v8g","previousEventId":"9fbu90ptkbi9jxd","previousOperationId":"h41x5rqjevnno0x"}
{"type":"operationEnd","doDiffs":false,"previousEventId":"6uy1ehap72uwh85","previousOperationId":"3gsb2t9zcbozl47","operationId":"3gsb2t9zcbozl47","timestamp":1744191809545,"id":"ds8b4reuux1dxap"}
