{"type":"operationStart","subtype":"profile","data":{"_id":"7vEDfcXYtaZ6DJ7r","timestamp":"2025-04-11T12:58:06.608Z","state":"queued","mode":"standard","creationDate":"2025-04-11T12:58:06.610Z","modificationDate":"2025-04-11T12:58:06.610Z","shortid":"ya2cmnG","$entitySet":"profiles"},"doDiffs":false,"timestamp":1744376286609,"id":"xx10dym15sbuq8x","previousOperationId":null,"operationId":"8pjr46e6wuaryjp"}
{"type":"log","level":"info","message":"Render request 34 queued for execution and waiting for available worker","previousOperationId":"8pjr46e6wuaryjp","timestamp":1744376286609,"id":"mh5cssmvpgxbszf"}
{"type":"operationStart","subtype":"render","name":"myTemplate","previousOperationId":"8pjr46e6wuaryjp","timestamp":1744376286626,"id":"tk1me9voinom0ly","previousEventId":"xx10dym15sbuq8x","operationId":"lutfb170wtfgoxq"}
{"type":"log","timestamp":1744376286626,"level":"info","message":"Starting rendering request 34","meta":{"rootId":"7zdkw94vlhdnam6","id":"7zdkw94vlhdnam6"},"id":"v0huw1frfsqia8z","previousOperationId":"lutfb170wtfgoxq"}
{"type":"log","timestamp":1744376286627,"level":"info","message":"Rendering template { name: myTemplate, recipe: chrome-pdf, engine: handlebars, preview: true }","meta":{"rootId":"7zdkw94vlhdnam6","id":"7zdkw94vlhdnam6"},"id":"68kicpp0rnzfzzm","previousOperationId":"lutfb170wtfgoxq"}
{"type":"log","timestamp":1744376286627,"level":"debug","message":"Inline data specified.","meta":{"rootId":"7zdkw94vlhdnam6","id":"7zdkw94vlhdnam6"},"id":"8dgimdslp7csq08","previousOperationId":"lutfb170wtfgoxq"}
{"type":"log","timestamp":1744376286631,"level":"debug","message":"Base url not specified, skipping its injection.","meta":{"rootId":"7zdkw94vlhdnam6","id":"7zdkw94vlhdnam6"},"id":"jzko4zmv5foo87x","previousOperationId":"lutfb170wtfgoxq"}
{"type":"operationStart","subtype":"engine","name":"handlebars","timestamp":1744376286631,"id":"1oautgiofa3m9ga","previousEventId":"tk1me9voinom0ly","operationId":"oenvuf2d4bt3xku","previousOperationId":"lutfb170wtfgoxq"}
{"type":"log","timestamp":1744376286631,"level":"debug","message":"Rendering engine handlebars","meta":{"rootId":"7zdkw94vlhdnam6","id":"7zdkw94vlhdnam6"},"id":"23y2kyobdk8nmdf","previousOperationId":"oenvuf2d4bt3xku"}
{"type":"operationEnd","operationId":"oenvuf2d4bt3xku","timestamp":1744376286648,"id":"jyhvw8b3igt1j03","previousEventId":"1oautgiofa3m9ga","previousOperationId":"oenvuf2d4bt3xku"}
{"type":"operationStart","subtype":"recipe","name":"chrome-pdf","timestamp":1744376286648,"id":"az81hshtw5faaw0","previousEventId":"jyhvw8b3igt1j03","operationId":"5quz80ba1hjc572","previousOperationId":"oenvuf2d4bt3xku"}
{"type":"log","timestamp":1744376286648,"level":"debug","message":"Executing recipe chrome-pdf","meta":{"rootId":"7zdkw94vlhdnam6","id":"7zdkw94vlhdnam6"},"id":"gowlihwo6h7jnul","previousOperationId":"5quz80ba1hjc572"}
{"type":"log","timestamp":1744376286651,"level":"debug","message":"Converting with chrome Chrome/133.0.6943.126 using chrome-pool strategy","meta":{"rootId":"7zdkw94vlhdnam6","id":"7zdkw94vlhdnam6"},"id":"6m3xz5fd91otlnb","previousOperationId":"5quz80ba1hjc572"}
{"type":"log","timestamp":1744376286722,"level":"debug","message":"Page request: GET (document) file:///C:/Users/Patheo24/AppData/Local/Temp/jsreport/autocleanup/e400f1bb-9346-40f3-aed3-748c3f9712c8-chrome-pdf.html","meta":{"rootId":"7zdkw94vlhdnam6","id":"7zdkw94vlhdnam6"},"id":"fyiv7zr33vr0tad","previousOperationId":"5quz80ba1hjc572"}
{"type":"log","timestamp":1744376286746,"level":"debug","message":"Page request finished: GET (document) 200 file:///C:/Users/Patheo24/AppData/Local/Temp/jsreport/autocleanup/e400f1bb-9346-40f3-aed3-748c3f9712c8-chrome-pdf.html","meta":{"rootId":"7zdkw94vlhdnam6","id":"7zdkw94vlhdnam6"},"id":"hvnd0gc7vw176w5","previousOperationId":"5quz80ba1hjc572"}
{"type":"log","timestamp":1744376286746,"level":"debug","message":"Page request: GET (image) https://res.cloudinary.com/dpes1dyqb/image/upload/v1738768933/logo_myycxt.jpg","meta":{"rootId":"7zdkw94vlhdnam6","id":"7zdkw94vlhdnam6"},"id":"rp1eh0r24xh7z2z","previousOperationId":"5quz80ba1hjc572"}
{"type":"log","timestamp":1744376286747,"level":"debug","message":"Page request: GET (font) http://localhost:5488/fonts/kalpurush.ttf","meta":{"rootId":"7zdkw94vlhdnam6","id":"7zdkw94vlhdnam6"},"id":"v8pq9nfr4htjhtr","previousOperationId":"5quz80ba1hjc572"}
{"type":"log","timestamp":1744376286802,"level":"debug","message":"Page request: GET (font) http://localhost:5488/fonts/kalpurush.ttf","meta":{"rootId":"7zdkw94vlhdnam6","id":"7zdkw94vlhdnam6"},"id":"m1bg8ty7f2ip2hj","previousOperationId":"5quz80ba1hjc572"}
{"type":"log","timestamp":1744376286804,"level":"debug","message":"Page request finished: GET (image) 200 https://res.cloudinary.com/dpes1dyqb/image/upload/v1738768933/logo_myycxt.jpg","meta":{"rootId":"7zdkw94vlhdnam6","id":"7zdkw94vlhdnam6"},"id":"o7r09nsrp0ckhm6","previousOperationId":"5quz80ba1hjc572"}
{"type":"log","timestamp":1744376286814,"level":"debug","message":"(console:error) Failed to load resource: the server responded with a status of 404 (Not Found)","meta":{"userLevel":true,"rootId":"7zdkw94vlhdnam6","id":"7zdkw94vlhdnam6"},"id":"ueted6iaj4wb9lm","previousOperationId":"5quz80ba1hjc572"}
{"type":"log","timestamp":1744376286814,"level":"warn","message":"Page request failed: GET (font) http://localhost:5488/fonts/kalpurush.ttf, failure: net::ERR_ABORTED","meta":{"rootId":"7zdkw94vlhdnam6","id":"7zdkw94vlhdnam6"},"id":"3bsvs94vw8t1tep","previousOperationId":"5quz80ba1hjc572"}
{"type":"log","timestamp":1744376286825,"level":"debug","message":"Running chrome with params {\"printBackground\":true,\"format\":\"A5\",\"marginRight\":\"\",\"height\":\"\",\"marginTop\":\"\",\"marginBottom\":\"\",\"marginLeft\":\"\",\"displayHeaderFooter\":true,\"width\":\"\",\"timeout\":59958,\"margin\":{\"top\":\"\",\"right\":\"\",\"bottom\":\"\",\"left\":\"\"}}","meta":{"rootId":"7zdkw94vlhdnam6","id":"7zdkw94vlhdnam6"},"id":"piemjeow8rka1xc","previousOperationId":"5quz80ba1hjc572"}
{"type":"operationEnd","operationId":"5quz80ba1hjc572","timestamp":1744376287224,"id":"swn6t9ufm3nherq","previousEventId":"az81hshtw5faaw0","previousOperationId":"5quz80ba1hjc572"}
{"type":"log","timestamp":1744376287225,"level":"debug","message":"Skipping storing report.","meta":{"rootId":"7zdkw94vlhdnam6","id":"7zdkw94vlhdnam6"},"id":"iow8yr4wdtx8ba1","previousOperationId":"5quz80ba1hjc572"}
{"type":"log","timestamp":1744376287225,"level":"info","message":"Rendering request 34 finished in 617 ms","meta":{"rootId":"7zdkw94vlhdnam6","id":"7zdkw94vlhdnam6"},"id":"fa6orok01dgu510","previousOperationId":"5quz80ba1hjc572"}
{"type":"operationEnd","subtype":"render","operationId":"lutfb170wtfgoxq","timestamp":1744376287225,"id":"cs79owhionkbf3e","previousEventId":"swn6t9ufm3nherq","previousOperationId":"5quz80ba1hjc572"}
{"type":"operationEnd","doDiffs":false,"previousEventId":"xx10dym15sbuq8x","previousOperationId":"8pjr46e6wuaryjp","operationId":"8pjr46e6wuaryjp","timestamp":1744376287230,"id":"j051hdkoky619h7"}
