{"type":"operationStart","subtype":"profile","data":{"_id":"rNbEb28hD1WIep1x","timestamp":"2025-04-09T14:07:20.748Z","state":"queued","mode":"standard","creationDate":"2025-04-09T14:07:20.750Z","modificationDate":"2025-04-09T14:07:20.750Z","shortid":"bW00a7o","$entitySet":"profiles"},"doDiffs":false,"timestamp":1744207640749,"id":"izjb3sim5ouazz7","previousOperationId":null,"operationId":"4vwlb1hxl408aug"}
{"type":"log","level":"info","message":"Render request 68 queued for execution and waiting for available worker","previousOperationId":"4vwlb1hxl408aug","timestamp":1744207640749,"id":"ryl64lptytgco9e"}
{"type":"operationStart","subtype":"render","name":"myTemplate","previousOperationId":"4vwlb1hxl408aug","timestamp":1744207640760,"id":"wt41k2gd1i9dhlh","previousEventId":"izjb3sim5ouazz7","operationId":"64riex2iwuipfoz"}
{"type":"log","timestamp":1744207640761,"level":"info","message":"Starting rendering request 68","meta":{"rootId":"83hh49z5alzexml","id":"83hh49z5alzexml"},"id":"hppumdfdytb5njz","previousOperationId":"64riex2iwuipfoz"}
{"type":"log","timestamp":1744207640761,"level":"info","message":"Rendering template { name: myTemplate, recipe: chrome-pdf, engine: handlebars, preview: true }","meta":{"rootId":"83hh49z5alzexml","id":"83hh49z5alzexml"},"id":"6y3gh9epozq285q","previousOperationId":"64riex2iwuipfoz"}
{"type":"log","timestamp":1744207640762,"level":"debug","message":"Adding sample data HUavgV0Kc","meta":{"rootId":"83hh49z5alzexml","id":"83hh49z5alzexml"},"id":"qp3mat4tm1y3352","previousOperationId":"64riex2iwuipfoz"}
{"type":"log","timestamp":1744207640764,"level":"debug","message":"Base url not specified, skipping its injection.","meta":{"rootId":"83hh49z5alzexml","id":"83hh49z5alzexml"},"id":"8auzesfvg8mitrv","previousOperationId":"64riex2iwuipfoz"}
{"type":"operationStart","subtype":"engine","name":"handlebars","timestamp":1744207640765,"id":"75pktm8c6s2myal","previousEventId":"wt41k2gd1i9dhlh","operationId":"q1n1cwzgmv3qv57","previousOperationId":"64riex2iwuipfoz"}
{"type":"log","timestamp":1744207640765,"level":"debug","message":"Rendering engine handlebars","meta":{"rootId":"83hh49z5alzexml","id":"83hh49z5alzexml"},"id":"npvtwrwzp5gdzb0","previousOperationId":"q1n1cwzgmv3qv57"}
{"type":"operationEnd","operationId":"q1n1cwzgmv3qv57","timestamp":1744207640795,"id":"gt8bwupc7fcfbuy","previousEventId":"75pktm8c6s2myal","previousOperationId":"q1n1cwzgmv3qv57"}
{"type":"operationStart","subtype":"recipe","name":"chrome-pdf","timestamp":1744207640795,"id":"lovkfc3mtjnj74i","previousEventId":"gt8bwupc7fcfbuy","operationId":"hg72nscscebfwx3","previousOperationId":"q1n1cwzgmv3qv57"}
{"type":"log","timestamp":1744207640795,"level":"debug","message":"Executing recipe chrome-pdf","meta":{"rootId":"83hh49z5alzexml","id":"83hh49z5alzexml"},"id":"ne50ud1vyse1y7j","previousOperationId":"hg72nscscebfwx3"}
{"type":"log","timestamp":1744207640799,"level":"debug","message":"Converting with chrome Chrome/133.0.6943.126 using chrome-pool strategy","meta":{"rootId":"83hh49z5alzexml","id":"83hh49z5alzexml"},"id":"7uyonvlkz8lb5nc","previousOperationId":"hg72nscscebfwx3"}
{"type":"log","timestamp":1744207640867,"level":"debug","message":"Page request: GET (document) file:///C:/Users/Patheo24/AppData/Local/Temp/jsreport/autocleanup/2eb8a19c-77d2-49d5-a05c-5496e872fcf4-chrome-pdf.html","meta":{"rootId":"83hh49z5alzexml","id":"83hh49z5alzexml"},"id":"9iqogc9rwvwa3y1","previousOperationId":"hg72nscscebfwx3"}
{"type":"log","timestamp":1744207640895,"level":"debug","message":"Page request finished: GET (document) 200 file:///C:/Users/Patheo24/AppData/Local/Temp/jsreport/autocleanup/2eb8a19c-77d2-49d5-a05c-5496e872fcf4-chrome-pdf.html","meta":{"rootId":"83hh49z5alzexml","id":"83hh49z5alzexml"},"id":"x1im90w5dyx0uv0","previousOperationId":"hg72nscscebfwx3"}
{"type":"log","timestamp":1744207640902,"level":"debug","message":"Page request: GET (font) http://localhost:5488/fonts/kalpurush.ttf","meta":{"rootId":"83hh49z5alzexml","id":"83hh49z5alzexml"},"id":"flfsc95d36p26de","previousOperationId":"hg72nscscebfwx3"}
{"type":"log","timestamp":1744207640902,"level":"debug","message":"Page request: GET (image) https://res.cloudinary.com/dpes1dyqb/image/upload/v1738768933/logo_myycxt.jpg","meta":{"rootId":"83hh49z5alzexml","id":"83hh49z5alzexml"},"id":"nynlbr5714j2a56","previousOperationId":"hg72nscscebfwx3"}
{"type":"log","timestamp":1744207640953,"level":"debug","message":"Page request: GET (font) http://localhost:5488/fonts/kalpurush.ttf","meta":{"rootId":"83hh49z5alzexml","id":"83hh49z5alzexml"},"id":"vc7ld92rscgn8qi","previousOperationId":"hg72nscscebfwx3"}
{"type":"log","timestamp":1744207640954,"level":"debug","message":"Page request finished: GET (image) 200 https://res.cloudinary.com/dpes1dyqb/image/upload/v1738768933/logo_myycxt.jpg","meta":{"rootId":"83hh49z5alzexml","id":"83hh49z5alzexml"},"id":"lftzx6w13u4mhbk","previousOperationId":"hg72nscscebfwx3"}
{"type":"log","timestamp":1744207640966,"level":"debug","message":"(console:error) Failed to load resource: the server responded with a status of 404 (Not Found)","meta":{"userLevel":true,"rootId":"83hh49z5alzexml","id":"83hh49z5alzexml"},"id":"vb0r3bvl2vwmqd0","previousOperationId":"hg72nscscebfwx3"}
{"type":"log","timestamp":1744207640966,"level":"warn","message":"Page request failed: GET (font) http://localhost:5488/fonts/kalpurush.ttf, failure: net::ERR_ABORTED","meta":{"rootId":"83hh49z5alzexml","id":"83hh49z5alzexml"},"id":"i4n49j6az0jmd5j","previousOperationId":"hg72nscscebfwx3"}
{"type":"log","timestamp":1744207640974,"level":"debug","message":"Running chrome with params {\"printBackground\":true,\"format\":\"A5\",\"marginRight\":\"\",\"height\":\"full\",\"timeout\":59950,\"margin\":{\"right\":\"\"}}","meta":{"rootId":"83hh49z5alzexml","id":"83hh49z5alzexml"},"id":"c15u36uxy2k817q","previousOperationId":"hg72nscscebfwx3"}
{"type":"operationEnd","operationId":"hg72nscscebfwx3","timestamp":1744207641244,"id":"sqosubxsqrqsi5x","previousEventId":"lovkfc3mtjnj74i","previousOperationId":"hg72nscscebfwx3"}
{"type":"log","timestamp":1744207641245,"level":"debug","message":"Skipping storing report.","meta":{"rootId":"83hh49z5alzexml","id":"83hh49z5alzexml"},"id":"es8d1ogadppkzfl","previousOperationId":"hg72nscscebfwx3"}
{"type":"log","timestamp":1744207641245,"level":"info","message":"Rendering request 68 finished in 497 ms","meta":{"rootId":"83hh49z5alzexml","id":"83hh49z5alzexml"},"id":"xvcfu8sca8h0iyo","previousOperationId":"hg72nscscebfwx3"}
{"type":"operationEnd","subtype":"render","operationId":"64riex2iwuipfoz","timestamp":1744207641245,"id":"8g517q4c6jhfhgk","previousEventId":"sqosubxsqrqsi5x","previousOperationId":"hg72nscscebfwx3"}
{"type":"operationEnd","doDiffs":false,"previousEventId":"izjb3sim5ouazz7","previousOperationId":"4vwlb1hxl408aug","operationId":"4vwlb1hxl408aug","timestamp":1744207641249,"id":"1ca2byianzzibw2"}
