{"type":"operationStart","subtype":"profile","data":{"_id":"43oxCcXZ6s9rE84R","timestamp":"2025-04-09T14:04:09.487Z","state":"queued","mode":"standard","creationDate":"2025-04-09T14:04:09.489Z","modificationDate":"2025-04-09T14:04:09.489Z","shortid":"gLub1Yh","$entitySet":"profiles"},"doDiffs":false,"timestamp":1744207449488,"id":"ccxkmwxkmuvijj9","previousOperationId":null,"operationId":"5ywha76chef5i0e"}
{"type":"log","level":"info","message":"Render request 62 queued for execution and waiting for available worker","previousOperationId":"5ywha76chef5i0e","timestamp":1744207449488,"id":"fjj2uum2cjcml5r"}
{"type":"operationStart","subtype":"render","name":"myTemplate","previousOperationId":"5ywha76chef5i0e","timestamp":1744207449503,"id":"a5f4k5cvs5rttr5","previousEventId":"ccxkmwxkmuvijj9","operationId":"h2exc43b9ctkm0n"}
{"type":"log","timestamp":1744207449503,"level":"info","message":"Starting rendering request 62","meta":{"rootId":"8644vr6nvu1191w","id":"8644vr6nvu1191w"},"id":"4doktfwqh21ihoh","previousOperationId":"h2exc43b9ctkm0n"}
{"type":"log","timestamp":1744207449503,"level":"info","message":"Rendering template { name: myTemplate, recipe: chrome-pdf, engine: handlebars, preview: true }","meta":{"rootId":"8644vr6nvu1191w","id":"8644vr6nvu1191w"},"id":"fp3tyod9jchbqn1","previousOperationId":"h2exc43b9ctkm0n"}
{"type":"log","timestamp":1744207449505,"level":"debug","message":"Adding sample data HUavgV0Kc","meta":{"rootId":"8644vr6nvu1191w","id":"8644vr6nvu1191w"},"id":"jvsrfekdqdbo7y9","previousOperationId":"h2exc43b9ctkm0n"}
{"type":"log","timestamp":1744207449506,"level":"debug","message":"Base url not specified, skipping its injection.","meta":{"rootId":"8644vr6nvu1191w","id":"8644vr6nvu1191w"},"id":"rw3x4f0zb4r5tis","previousOperationId":"h2exc43b9ctkm0n"}
{"type":"operationStart","subtype":"engine","name":"handlebars","timestamp":1744207449506,"id":"9kvjka3k6ls6t4p","previousEventId":"a5f4k5cvs5rttr5","operationId":"1t9eds2vyupster","previousOperationId":"h2exc43b9ctkm0n"}
{"type":"log","timestamp":1744207449506,"level":"debug","message":"Rendering engine handlebars","meta":{"rootId":"8644vr6nvu1191w","id":"8644vr6nvu1191w"},"id":"irx0vs1ldjd50mq","previousOperationId":"1t9eds2vyupster"}
{"type":"operationEnd","operationId":"1t9eds2vyupster","timestamp":1744207449532,"id":"kgrsf8zddc5ubtc","previousEventId":"9kvjka3k6ls6t4p","previousOperationId":"1t9eds2vyupster"}
{"type":"operationStart","subtype":"recipe","name":"chrome-pdf","timestamp":1744207449533,"id":"qaugd5ij4ibvvbx","previousEventId":"kgrsf8zddc5ubtc","operationId":"q46r2bybn1mp4xl","previousOperationId":"1t9eds2vyupster"}
{"type":"log","timestamp":1744207449533,"level":"debug","message":"Executing recipe chrome-pdf","meta":{"rootId":"8644vr6nvu1191w","id":"8644vr6nvu1191w"},"id":"oihu9100h8ui4p8","previousOperationId":"q46r2bybn1mp4xl"}
{"type":"log","timestamp":1744207449536,"level":"debug","message":"Converting with chrome Chrome/133.0.6943.126 using chrome-pool strategy","meta":{"rootId":"8644vr6nvu1191w","id":"8644vr6nvu1191w"},"id":"5pbfrs6iahoytt5","previousOperationId":"q46r2bybn1mp4xl"}
{"type":"log","timestamp":1744207449618,"level":"debug","message":"Page request: GET (document) file:///C:/Users/Patheo24/AppData/Local/Temp/jsreport/autocleanup/cb698316-96d7-4d5d-97cb-d17be60bd79d-chrome-pdf.html","meta":{"rootId":"8644vr6nvu1191w","id":"8644vr6nvu1191w"},"id":"m6pwwthdtwi5w0y","previousOperationId":"q46r2bybn1mp4xl"}
{"type":"log","timestamp":1744207449647,"level":"debug","message":"Page request finished: GET (document) 200 file:///C:/Users/Patheo24/AppData/Local/Temp/jsreport/autocleanup/cb698316-96d7-4d5d-97cb-d17be60bd79d-chrome-pdf.html","meta":{"rootId":"8644vr6nvu1191w","id":"8644vr6nvu1191w"},"id":"89iqd1wpi3ujrsx","previousOperationId":"q46r2bybn1mp4xl"}
{"type":"log","timestamp":1744207449648,"level":"debug","message":"Page request: GET (image) https://res.cloudinary.com/dpes1dyqb/image/upload/v1738768933/logo_myycxt.jpg","meta":{"rootId":"8644vr6nvu1191w","id":"8644vr6nvu1191w"},"id":"2pql910ma3ogir5","previousOperationId":"q46r2bybn1mp4xl"}
{"type":"log","timestamp":1744207449654,"level":"debug","message":"Page request: GET (font) http://localhost:5488/fonts/kalpurush.ttf","meta":{"rootId":"8644vr6nvu1191w","id":"8644vr6nvu1191w"},"id":"vmtz6mcwswuzs2n","previousOperationId":"q46r2bybn1mp4xl"}
{"type":"log","timestamp":1744207449659,"level":"debug","message":"Page request: GET (font) http://localhost:5488/fonts/kalpurush.ttf","meta":{"rootId":"8644vr6nvu1191w","id":"8644vr6nvu1191w"},"id":"awzv122jmhgndaf","previousOperationId":"q46r2bybn1mp4xl"}
{"type":"log","timestamp":1744207449660,"level":"debug","message":"Page request finished: GET (image) 200 https://res.cloudinary.com/dpes1dyqb/image/upload/v1738768933/logo_myycxt.jpg","meta":{"rootId":"8644vr6nvu1191w","id":"8644vr6nvu1191w"},"id":"a50c0jr3ha6xhp0","previousOperationId":"q46r2bybn1mp4xl"}
{"type":"log","timestamp":1744207449713,"level":"debug","message":"(console:error) Failed to load resource: the server responded with a status of 404 (Not Found)","meta":{"userLevel":true,"rootId":"8644vr6nvu1191w","id":"8644vr6nvu1191w"},"id":"dhdlhi31g6rakb4","previousOperationId":"q46r2bybn1mp4xl"}
{"type":"log","timestamp":1744207449713,"level":"warn","message":"Page request failed: GET (font) http://localhost:5488/fonts/kalpurush.ttf, failure: net::ERR_ABORTED","meta":{"rootId":"8644vr6nvu1191w","id":"8644vr6nvu1191w"},"id":"dbc0gzuzspfkq0d","previousOperationId":"q46r2bybn1mp4xl"}
{"type":"log","timestamp":1744207449721,"level":"debug","message":"Running chrome with params {\"printBackground\":true,\"format\":\"A5\",\"marginRight\":\"\",\"timeout\":59953,\"margin\":{\"right\":\"\"}}","meta":{"rootId":"8644vr6nvu1191w","id":"8644vr6nvu1191w"},"id":"isnface87cgpj3y","previousOperationId":"q46r2bybn1mp4xl"}
{"type":"operationEnd","operationId":"q46r2bybn1mp4xl","timestamp":1744207450017,"id":"kd1y2y17vczr910","previousEventId":"qaugd5ij4ibvvbx","previousOperationId":"q46r2bybn1mp4xl"}
{"type":"log","timestamp":1744207450017,"level":"debug","message":"Skipping storing report.","meta":{"rootId":"8644vr6nvu1191w","id":"8644vr6nvu1191w"},"id":"54q3doheuqdm79c","previousOperationId":"q46r2bybn1mp4xl"}
{"type":"log","timestamp":1744207450018,"level":"info","message":"Rendering request 62 finished in 531 ms","meta":{"rootId":"8644vr6nvu1191w","id":"8644vr6nvu1191w"},"id":"mevk00i95yomy68","previousOperationId":"q46r2bybn1mp4xl"}
{"type":"operationEnd","subtype":"render","operationId":"h2exc43b9ctkm0n","timestamp":1744207450018,"id":"px8z3knjsbpatgv","previousEventId":"kd1y2y17vczr910","previousOperationId":"q46r2bybn1mp4xl"}
{"type":"operationEnd","doDiffs":false,"previousEventId":"ccxkmwxkmuvijj9","previousOperationId":"5ywha76chef5i0e","operationId":"5ywha76chef5i0e","timestamp":1744207450020,"id":"muytwlkci8ge85k"}
