{"type":"operationStart","subtype":"profile","data":{"_id":"2pH6KFpgF6rcJkzt","timestamp":"2025-04-09T13:33:38.634Z","state":"queued","mode":"standard","creationDate":"2025-04-09T13:33:38.636Z","modificationDate":"2025-04-09T13:33:38.636Z","shortid":"_SPPWID","$entitySet":"profiles"},"doDiffs":false,"timestamp":1744205618635,"id":"gqd89g7t896pwf1","previousOperationId":null,"operationId":"vomd5084r9qbex7"}
{"type":"log","level":"info","message":"Render request 6 queued for execution and waiting for available worker","previousOperationId":"vomd5084r9qbex7","timestamp":1744205618635,"id":"xqhjb0sjahsdami"}
{"type":"operationStart","subtype":"render","name":"myTemplate","previousOperationId":"vomd5084r9qbex7","timestamp":1744205618663,"id":"b0j1bom41791joe","previousEventId":"gqd89g7t896pwf1","operationId":"fgtk3r5uabonawq"}
{"type":"log","timestamp":1744205618664,"level":"info","message":"Starting rendering request 6","meta":{"rootId":"89elsoayor2lagy","id":"89elsoayor2lagy"},"id":"fcz1thbzqnc8z6k","previousOperationId":"fgtk3r5uabonawq"}
{"type":"log","timestamp":1744205618665,"level":"info","message":"Rendering template { name: myTemplate, recipe: chrome-pdf, engine: handlebars, preview: true }","meta":{"rootId":"89elsoayor2lagy","id":"89elsoayor2lagy"},"id":"00l0n3oymwlagwd","previousOperationId":"fgtk3r5uabonawq"}
{"type":"log","timestamp":1744205618667,"level":"debug","message":"Adding sample data HUavgV0Kc","meta":{"rootId":"89elsoayor2lagy","id":"89elsoayor2lagy"},"id":"0rrm6f8bekf70pj","previousOperationId":"fgtk3r5uabonawq"}
{"type":"log","timestamp":1744205618669,"level":"debug","message":"Base url not specified, skipping its injection.","meta":{"rootId":"89elsoayor2lagy","id":"89elsoayor2lagy"},"id":"ol6uio32yz43ocr","previousOperationId":"fgtk3r5uabonawq"}
{"type":"operationStart","subtype":"engine","name":"handlebars","timestamp":1744205618669,"id":"rfnqn8xmhjaotpp","previousEventId":"b0j1bom41791joe","operationId":"m7f2qi7r5jl1s9m","previousOperationId":"fgtk3r5uabonawq"}
{"type":"log","timestamp":1744205618670,"level":"debug","message":"Rendering engine handlebars","meta":{"rootId":"89elsoayor2lagy","id":"89elsoayor2lagy"},"id":"15ibuf26kqzpurq","previousOperationId":"m7f2qi7r5jl1s9m"}
{"type":"operationEnd","operationId":"m7f2qi7r5jl1s9m","timestamp":1744205618686,"id":"82rgjsbcjyrtjhb","previousEventId":"rfnqn8xmhjaotpp","previousOperationId":"m7f2qi7r5jl1s9m"}
{"type":"operationStart","subtype":"recipe","name":"chrome-pdf","timestamp":1744205618687,"id":"hi2oy4u3t14a9yn","previousEventId":"82rgjsbcjyrtjhb","operationId":"wzr1hppzeh1zss8","previousOperationId":"m7f2qi7r5jl1s9m"}
{"type":"log","timestamp":1744205618687,"level":"debug","message":"Executing recipe chrome-pdf","meta":{"rootId":"89elsoayor2lagy","id":"89elsoayor2lagy"},"id":"pf6amvavj0klx5r","previousOperationId":"wzr1hppzeh1zss8"}
{"type":"log","timestamp":1744205618690,"level":"debug","message":"Converting with chrome Chrome/133.0.6943.126 using chrome-pool strategy","meta":{"rootId":"89elsoayor2lagy","id":"89elsoayor2lagy"},"id":"z4x6czeylxbh3do","previousOperationId":"wzr1hppzeh1zss8"}
{"type":"log","timestamp":1744205618940,"level":"debug","message":"Page request: GET (document) file:///C:/Users/Patheo24/AppData/Local/Temp/jsreport/autocleanup/89b39d6e-867a-48cb-a029-d2691d588861-chrome-pdf.html","meta":{"rootId":"89elsoayor2lagy","id":"89elsoayor2lagy"},"id":"1qqouaqla0c460b","previousOperationId":"wzr1hppzeh1zss8"}
{"type":"log","timestamp":1744205618960,"level":"debug","message":"Page request finished: GET (document) 200 file:///C:/Users/Patheo24/AppData/Local/Temp/jsreport/autocleanup/89b39d6e-867a-48cb-a029-d2691d588861-chrome-pdf.html","meta":{"rootId":"89elsoayor2lagy","id":"89elsoayor2lagy"},"id":"br3ja82dhhcjl9a","previousOperationId":"wzr1hppzeh1zss8"}
{"type":"log","timestamp":1744205618961,"level":"debug","message":"Page request: GET (font) http://localhost:5488/fonts/kalpurush.ttf","meta":{"rootId":"89elsoayor2lagy","id":"89elsoayor2lagy"},"id":"56tmjzeeq7lapwy","previousOperationId":"wzr1hppzeh1zss8"}
{"type":"log","timestamp":1744205618961,"level":"debug","message":"Page request: GET (image) https://res.cloudinary.com/dpes1dyqb/image/upload/v1738768933/logo_myycxt.jpg","meta":{"rootId":"89elsoayor2lagy","id":"89elsoayor2lagy"},"id":"u7dk8t70xrrevl6","previousOperationId":"wzr1hppzeh1zss8"}
{"type":"log","timestamp":1744205619003,"level":"debug","message":"Page request: GET (font) http://localhost:5488/fonts/kalpurush.ttf","meta":{"rootId":"89elsoayor2lagy","id":"89elsoayor2lagy"},"id":"fhxxfw8x11afilo","previousOperationId":"wzr1hppzeh1zss8"}
{"type":"log","timestamp":1744205619005,"level":"debug","message":"Page request finished: GET (image) 200 https://res.cloudinary.com/dpes1dyqb/image/upload/v1738768933/logo_myycxt.jpg","meta":{"rootId":"89elsoayor2lagy","id":"89elsoayor2lagy"},"id":"1s9zxnyyrzmcyv0","previousOperationId":"wzr1hppzeh1zss8"}
{"type":"log","timestamp":1744205619012,"level":"debug","message":"(console:error) Failed to load resource: the server responded with a status of 404 (Not Found)","meta":{"userLevel":true,"rootId":"89elsoayor2lagy","id":"89elsoayor2lagy"},"id":"78a7hj9gq4u9rj2","previousOperationId":"wzr1hppzeh1zss8"}
{"type":"log","timestamp":1744205619012,"level":"warn","message":"Page request failed: GET (font) http://localhost:5488/fonts/kalpurush.ttf, failure: net::ERR_ABORTED","meta":{"rootId":"89elsoayor2lagy","id":"89elsoayor2lagy"},"id":"ghhibe8jbtvc4a2","previousOperationId":"wzr1hppzeh1zss8"}
{"type":"log","timestamp":1744205619022,"level":"debug","message":"Running chrome with params {\"printBackground\":true,\"timeout\":59946,\"margin\":{}}","meta":{"rootId":"89elsoayor2lagy","id":"89elsoayor2lagy"},"id":"kwm7fbj8apkhdzy","previousOperationId":"wzr1hppzeh1zss8"}
{"type":"operationEnd","operationId":"wzr1hppzeh1zss8","timestamp":1744205619331,"id":"yeqtlpd6lx94kfb","previousEventId":"hi2oy4u3t14a9yn","previousOperationId":"wzr1hppzeh1zss8"}
{"type":"log","timestamp":1744205619331,"level":"debug","message":"Skipping storing report.","meta":{"rootId":"89elsoayor2lagy","id":"89elsoayor2lagy"},"id":"ftlo74r2c8lpcv1","previousOperationId":"wzr1hppzeh1zss8"}
{"type":"log","timestamp":1744205619331,"level":"info","message":"Rendering request 6 finished in 697 ms","meta":{"rootId":"89elsoayor2lagy","id":"89elsoayor2lagy"},"id":"fheyqgy8hf06qfj","previousOperationId":"wzr1hppzeh1zss8"}
{"type":"operationEnd","subtype":"render","operationId":"fgtk3r5uabonawq","timestamp":1744205619331,"id":"ycjob5stpqdaikz","previousEventId":"yeqtlpd6lx94kfb","previousOperationId":"wzr1hppzeh1zss8"}
{"type":"operationEnd","doDiffs":false,"previousEventId":"gqd89g7t896pwf1","previousOperationId":"vomd5084r9qbex7","operationId":"vomd5084r9qbex7","timestamp":1744205619336,"id":"run6qak940n5zw0"}
