{"type":"operationStart","subtype":"profile","data":{"_id":"FIl0zJgvDKAWhKbI","timestamp":"2025-04-09T14:50:50.167Z","state":"queued","mode":"standard","creationDate":"2025-04-09T14:50:50.169Z","modificationDate":"2025-04-09T14:50:50.169Z","shortid":"Eev435G","$entitySet":"profiles"},"doDiffs":false,"timestamp":1744210250168,"id":"i798xtatigact4e","previousOperationId":null,"operationId":"r1johzxj3n7uymj"}
{"type":"log","level":"info","message":"Render request 129 queued for execution and waiting for available worker","previousOperationId":"r1johzxj3n7uymj","timestamp":1744210250168,"id":"ebvo9u8jg189lgh"}
{"type":"operationStart","subtype":"render","name":"myTemplate","previousOperationId":"r1johzxj3n7uymj","timestamp":1744210250178,"id":"jpmypxld32mhhv1","previousEventId":"i798xtatigact4e","operationId":"kpd2prmhpjbizm0"}
{"type":"log","timestamp":1744210250178,"level":"info","message":"Starting rendering request 129","meta":{"rootId":"8fsfuxh4uxqbtw8","id":"8fsfuxh4uxqbtw8"},"id":"b9uf0zeotx313iv","previousOperationId":"kpd2prmhpjbizm0"}
{"type":"log","timestamp":1744210250178,"level":"info","message":"Rendering template { name: myTemplate, recipe: chrome-pdf, engine: handlebars, preview: true }","meta":{"rootId":"8fsfuxh4uxqbtw8","id":"8fsfuxh4uxqbtw8"},"id":"242q6hcb5ja0gz7","previousOperationId":"kpd2prmhpjbizm0"}
{"type":"log","timestamp":1744210250179,"level":"debug","message":"Adding sample data HUavgV0Kc","meta":{"rootId":"8fsfuxh4uxqbtw8","id":"8fsfuxh4uxqbtw8"},"id":"scyfwgx9coeyorj","previousOperationId":"kpd2prmhpjbizm0"}
{"type":"log","timestamp":1744210250181,"level":"debug","message":"Base url not specified, skipping its injection.","meta":{"rootId":"8fsfuxh4uxqbtw8","id":"8fsfuxh4uxqbtw8"},"id":"yw6v375tun0fx0t","previousOperationId":"kpd2prmhpjbizm0"}
{"type":"operationStart","subtype":"engine","name":"handlebars","timestamp":1744210250181,"id":"cj170dg6h3erewg","previousEventId":"jpmypxld32mhhv1","operationId":"bkuclmnydwmug04","previousOperationId":"kpd2prmhpjbizm0"}
{"type":"log","timestamp":1744210250181,"level":"debug","message":"Rendering engine handlebars","meta":{"rootId":"8fsfuxh4uxqbtw8","id":"8fsfuxh4uxqbtw8"},"id":"rgaaku3thdxfoun","previousOperationId":"bkuclmnydwmug04"}
{"type":"operationEnd","operationId":"bkuclmnydwmug04","timestamp":1744210250203,"id":"1084urc0ht5zya8","previousEventId":"cj170dg6h3erewg","previousOperationId":"bkuclmnydwmug04"}
{"type":"operationStart","subtype":"recipe","name":"chrome-pdf","timestamp":1744210250204,"id":"zfoo8qyjepy4e20","previousEventId":"1084urc0ht5zya8","operationId":"r2g6l9xbwoyp8hh","previousOperationId":"bkuclmnydwmug04"}
{"type":"log","timestamp":1744210250204,"level":"debug","message":"Executing recipe chrome-pdf","meta":{"rootId":"8fsfuxh4uxqbtw8","id":"8fsfuxh4uxqbtw8"},"id":"lqoud1cvxmufh8w","previousOperationId":"r2g6l9xbwoyp8hh"}
{"type":"log","timestamp":1744210250228,"level":"debug","message":"Converting with chrome Chrome/133.0.6943.126 using chrome-pool strategy","meta":{"rootId":"8fsfuxh4uxqbtw8","id":"8fsfuxh4uxqbtw8"},"id":"1zb3fd5hhhzhz68","previousOperationId":"r2g6l9xbwoyp8hh"}
{"type":"log","timestamp":1744210250301,"level":"debug","message":"Page request: GET (document) file:///C:/Users/Patheo24/AppData/Local/Temp/jsreport/autocleanup/3b8530d8-4417-4e10-affb-0d829dc66382-chrome-pdf.html","meta":{"rootId":"8fsfuxh4uxqbtw8","id":"8fsfuxh4uxqbtw8"},"id":"wkux8erqm99x2d8","previousOperationId":"r2g6l9xbwoyp8hh"}
{"type":"log","timestamp":1744210250331,"level":"debug","message":"Page request finished: GET (document) 200 file:///C:/Users/Patheo24/AppData/Local/Temp/jsreport/autocleanup/3b8530d8-4417-4e10-affb-0d829dc66382-chrome-pdf.html","meta":{"rootId":"8fsfuxh4uxqbtw8","id":"8fsfuxh4uxqbtw8"},"id":"fl8qc6y7rsd1c12","previousOperationId":"r2g6l9xbwoyp8hh"}
{"type":"log","timestamp":1744210250340,"level":"debug","message":"Page request: GET (font) http://localhost:5488/fonts/kalpurush.ttf","meta":{"rootId":"8fsfuxh4uxqbtw8","id":"8fsfuxh4uxqbtw8"},"id":"8asieu8997zjf7r","previousOperationId":"r2g6l9xbwoyp8hh"}
{"type":"log","timestamp":1744210250340,"level":"debug","message":"Page request: GET (image) https://res.cloudinary.com/dpes1dyqb/image/upload/v1738768933/logo_myycxt.jpg","meta":{"rootId":"8fsfuxh4uxqbtw8","id":"8fsfuxh4uxqbtw8"},"id":"njaiuekn14o6kw4","previousOperationId":"r2g6l9xbwoyp8hh"}
{"type":"log","timestamp":1744210250388,"level":"debug","message":"Page request: GET (font) http://localhost:5488/fonts/kalpurush.ttf","meta":{"rootId":"8fsfuxh4uxqbtw8","id":"8fsfuxh4uxqbtw8"},"id":"j2bcjk7hiyu5lxy","previousOperationId":"r2g6l9xbwoyp8hh"}
{"type":"log","timestamp":1744210250389,"level":"debug","message":"Page request finished: GET (image) 200 https://res.cloudinary.com/dpes1dyqb/image/upload/v1738768933/logo_myycxt.jpg","meta":{"rootId":"8fsfuxh4uxqbtw8","id":"8fsfuxh4uxqbtw8"},"id":"0scm41r8v2nhmbe","previousOperationId":"r2g6l9xbwoyp8hh"}
{"type":"log","timestamp":1744210250393,"level":"debug","message":"(console:error) Failed to load resource: the server responded with a status of 404 (Not Found)","meta":{"userLevel":true,"rootId":"8fsfuxh4uxqbtw8","id":"8fsfuxh4uxqbtw8"},"id":"vstt88bgq4s1t2s","previousOperationId":"r2g6l9xbwoyp8hh"}
{"type":"log","timestamp":1744210250393,"level":"warn","message":"Page request failed: GET (font) http://localhost:5488/fonts/kalpurush.ttf, failure: net::ERR_ABORTED","meta":{"rootId":"8fsfuxh4uxqbtw8","id":"8fsfuxh4uxqbtw8"},"id":"3jw7mrn8vqofic8","previousOperationId":"r2g6l9xbwoyp8hh"}
{"type":"log","timestamp":1744210250403,"level":"debug","message":"Running chrome with params {\"printBackground\":true,\"format\":\"A5\",\"marginRight\":\"\",\"height\":\"\",\"marginTop\":\"\",\"marginBottom\":\"\",\"marginLeft\":\"\",\"displayHeaderFooter\":true,\"width\":\"\",\"timeout\":59941,\"margin\":{\"top\":\"\",\"right\":\"\",\"bottom\":\"\",\"left\":\"\"}}","meta":{"rootId":"8fsfuxh4uxqbtw8","id":"8fsfuxh4uxqbtw8"},"id":"l91viu20zctoekt","previousOperationId":"r2g6l9xbwoyp8hh"}
{"type":"operationEnd","operationId":"r2g6l9xbwoyp8hh","timestamp":1744210250736,"id":"1frxf3vvr2t63kg","previousEventId":"zfoo8qyjepy4e20","previousOperationId":"r2g6l9xbwoyp8hh"}
{"type":"log","timestamp":1744210250736,"level":"debug","message":"Skipping storing report.","meta":{"rootId":"8fsfuxh4uxqbtw8","id":"8fsfuxh4uxqbtw8"},"id":"d8zfwgugwtm5p01","previousOperationId":"r2g6l9xbwoyp8hh"}
{"type":"log","timestamp":1744210250737,"level":"info","message":"Rendering request 129 finished in 570 ms","meta":{"rootId":"8fsfuxh4uxqbtw8","id":"8fsfuxh4uxqbtw8"},"id":"ei3lsh8if5quthx","previousOperationId":"r2g6l9xbwoyp8hh"}
{"type":"operationEnd","subtype":"render","operationId":"kpd2prmhpjbizm0","timestamp":1744210250737,"id":"e5wpmj4lt2vty3c","previousEventId":"1frxf3vvr2t63kg","previousOperationId":"r2g6l9xbwoyp8hh"}
{"type":"operationEnd","doDiffs":false,"previousEventId":"i798xtatigact4e","previousOperationId":"r1johzxj3n7uymj","operationId":"r1johzxj3n7uymj","timestamp":1744210250741,"id":"7vhiadgo6c6y963"}
