{"type":"operationStart","subtype":"profile","data":{"_id":"IfjzyNXCPgLF0rIG","timestamp":"2025-04-09T14:58:01.599Z","state":"queued","mode":"standard","creationDate":"2025-04-09T14:58:01.602Z","modificationDate":"2025-04-09T14:58:01.602Z","shortid":"5BrKmzL","$entitySet":"profiles"},"doDiffs":false,"timestamp":1744210681601,"id":"lbec1mgmojt6js2","previousOperationId":null,"operationId":"8alkl6pmx43i58k"}
{"type":"log","level":"info","message":"Render request 5 queued for execution and waiting for available worker","previousOperationId":"8alkl6pmx43i58k","timestamp":1744210681601,"id":"w2z2zttkzl91d9e"}
{"type":"operationStart","subtype":"render","name":"myTemplate","previousOperationId":"8alkl6pmx43i58k","timestamp":1744210681616,"id":"c8qit2xmj4ja7sb","previousEventId":"lbec1mgmojt6js2","operationId":"23r7rhcf06n32b8"}
{"type":"log","timestamp":1744210681616,"level":"info","message":"Starting rendering request 5","meta":{"rootId":"8kz9mqozvz63u4s","id":"8kz9mqozvz63u4s"},"id":"kwm0jmt9e8q3rth","previousOperationId":"23r7rhcf06n32b8"}
{"type":"log","timestamp":1744210681616,"level":"info","message":"Rendering template { name: myTemplate, recipe: chrome-pdf, engine: handlebars, preview: true }","meta":{"rootId":"8kz9mqozvz63u4s","id":"8kz9mqozvz63u4s"},"id":"crbjvyc88e3qo1s","previousOperationId":"23r7rhcf06n32b8"}
{"type":"log","timestamp":1744210681617,"level":"debug","message":"Inline data specified.","meta":{"rootId":"8kz9mqozvz63u4s","id":"8kz9mqozvz63u4s"},"id":"j2y58z244ty33bq","previousOperationId":"23r7rhcf06n32b8"}
{"type":"log","timestamp":1744210681622,"level":"debug","message":"Base url not specified, skipping its injection.","meta":{"rootId":"8kz9mqozvz63u4s","id":"8kz9mqozvz63u4s"},"id":"75t5jgtprqsafir","previousOperationId":"23r7rhcf06n32b8"}
{"type":"operationStart","subtype":"engine","name":"handlebars","timestamp":1744210681623,"id":"d5o6uh71i2h9kwn","previousEventId":"c8qit2xmj4ja7sb","operationId":"cib484dceymbt0w","previousOperationId":"23r7rhcf06n32b8"}
{"type":"log","timestamp":1744210681623,"level":"debug","message":"Rendering engine handlebars","meta":{"rootId":"8kz9mqozvz63u4s","id":"8kz9mqozvz63u4s"},"id":"guftj4yltcjvd44","previousOperationId":"cib484dceymbt0w"}
{"type":"operationEnd","operationId":"cib484dceymbt0w","timestamp":1744210681646,"id":"j1ce16tbug2xpqp","previousEventId":"d5o6uh71i2h9kwn","previousOperationId":"cib484dceymbt0w"}
{"type":"operationStart","subtype":"recipe","name":"chrome-pdf","timestamp":1744210681647,"id":"5r5nwd89tdtvib6","previousEventId":"j1ce16tbug2xpqp","operationId":"atj8g4k0h3oiyb9","previousOperationId":"cib484dceymbt0w"}
{"type":"log","timestamp":1744210681647,"level":"debug","message":"Executing recipe chrome-pdf","meta":{"rootId":"8kz9mqozvz63u4s","id":"8kz9mqozvz63u4s"},"id":"otwvbqkb6hrt9ga","previousOperationId":"atj8g4k0h3oiyb9"}
{"type":"log","timestamp":1744210681649,"level":"debug","message":"Converting with chrome Chrome/133.0.6943.126 using chrome-pool strategy","meta":{"rootId":"8kz9mqozvz63u4s","id":"8kz9mqozvz63u4s"},"id":"o3ox688c41xpj2i","previousOperationId":"atj8g4k0h3oiyb9"}
{"type":"log","timestamp":1744210681712,"level":"debug","message":"Page request: GET (document) file:///C:/Users/Patheo24/AppData/Local/Temp/jsreport/autocleanup/86f06715-8e3b-4fdf-bc1d-f62c07bb96b8-chrome-pdf.html","meta":{"rootId":"8kz9mqozvz63u4s","id":"8kz9mqozvz63u4s"},"id":"fli0hc0jmmfo929","previousOperationId":"atj8g4k0h3oiyb9"}
{"type":"log","timestamp":1744210681738,"level":"debug","message":"Page request finished: GET (document) 200 file:///C:/Users/Patheo24/AppData/Local/Temp/jsreport/autocleanup/86f06715-8e3b-4fdf-bc1d-f62c07bb96b8-chrome-pdf.html","meta":{"rootId":"8kz9mqozvz63u4s","id":"8kz9mqozvz63u4s"},"id":"5ugaddit6lmtfpb","previousOperationId":"atj8g4k0h3oiyb9"}
{"type":"log","timestamp":1744210681739,"level":"debug","message":"Page request: GET (image) https://res.cloudinary.com/dpes1dyqb/image/upload/v1738768933/logo_myycxt.jpg","meta":{"rootId":"8kz9mqozvz63u4s","id":"8kz9mqozvz63u4s"},"id":"rhtimbcq7jav9pq","previousOperationId":"atj8g4k0h3oiyb9"}
{"type":"log","timestamp":1744210681740,"level":"debug","message":"Page request: GET (font) http://localhost:5488/fonts/kalpurush.ttf","meta":{"rootId":"8kz9mqozvz63u4s","id":"8kz9mqozvz63u4s"},"id":"v4dgxfqbew08d4p","previousOperationId":"atj8g4k0h3oiyb9"}
{"type":"log","timestamp":1744210681805,"level":"debug","message":"Page request: GET (font) http://localhost:5488/fonts/kalpurush.ttf","meta":{"rootId":"8kz9mqozvz63u4s","id":"8kz9mqozvz63u4s"},"id":"mvvgaqtk9wkv1mj","previousOperationId":"atj8g4k0h3oiyb9"}
{"type":"log","timestamp":1744210681806,"level":"debug","message":"Page request finished: GET (image) 200 https://res.cloudinary.com/dpes1dyqb/image/upload/v1738768933/logo_myycxt.jpg","meta":{"rootId":"8kz9mqozvz63u4s","id":"8kz9mqozvz63u4s"},"id":"da745g7wwvzizas","previousOperationId":"atj8g4k0h3oiyb9"}
{"type":"log","timestamp":1744210681812,"level":"debug","message":"(console:error) Failed to load resource: the server responded with a status of 404 (Not Found)","meta":{"userLevel":true,"rootId":"8kz9mqozvz63u4s","id":"8kz9mqozvz63u4s"},"id":"ys48sbhap2o0vt2","previousOperationId":"atj8g4k0h3oiyb9"}
{"type":"log","timestamp":1744210681812,"level":"warn","message":"Page request failed: GET (font) http://localhost:5488/fonts/kalpurush.ttf, failure: net::ERR_ABORTED","meta":{"rootId":"8kz9mqozvz63u4s","id":"8kz9mqozvz63u4s"},"id":"7jecxi5rvhb5gut","previousOperationId":"atj8g4k0h3oiyb9"}
{"type":"log","timestamp":1744210681819,"level":"debug","message":"Running chrome with params {\"printBackground\":true,\"format\":\"A5\",\"marginRight\":\"\",\"height\":\"\",\"marginTop\":\"\",\"marginBottom\":\"\",\"marginLeft\":\"\",\"displayHeaderFooter\":true,\"width\":\"\",\"timeout\":59951,\"margin\":{\"top\":\"\",\"right\":\"\",\"bottom\":\"\",\"left\":\"\"}}","meta":{"rootId":"8kz9mqozvz63u4s","id":"8kz9mqozvz63u4s"},"id":"jru6e6tamf1a67l","previousOperationId":"atj8g4k0h3oiyb9"}
{"type":"operationEnd","operationId":"atj8g4k0h3oiyb9","timestamp":1744210682336,"id":"pb0qto8gaesvwdt","previousEventId":"5r5nwd89tdtvib6","previousOperationId":"atj8g4k0h3oiyb9"}
{"type":"log","timestamp":1744210682336,"level":"debug","message":"Skipping storing report.","meta":{"rootId":"8kz9mqozvz63u4s","id":"8kz9mqozvz63u4s"},"id":"uqt8ufwv5yzhq4p","previousOperationId":"atj8g4k0h3oiyb9"}
{"type":"log","timestamp":1744210682336,"level":"info","message":"Rendering request 5 finished in 737 ms","meta":{"rootId":"8kz9mqozvz63u4s","id":"8kz9mqozvz63u4s"},"id":"a3w9f1p1h657eow","previousOperationId":"atj8g4k0h3oiyb9"}
{"type":"operationEnd","subtype":"render","operationId":"23r7rhcf06n32b8","timestamp":1744210682336,"id":"h0dl98p1orubhhh","previousEventId":"pb0qto8gaesvwdt","previousOperationId":"atj8g4k0h3oiyb9"}
{"type":"operationEnd","doDiffs":false,"previousEventId":"lbec1mgmojt6js2","previousOperationId":"8alkl6pmx43i58k","operationId":"8alkl6pmx43i58k","timestamp":1744210682344,"id":"tdd7crpiyr6nqbt"}
