{"type":"operationStart","subtype":"profile","data":{"_id":"M9kwjxgB0MszPV0K","timestamp":"2025-04-09T10:38:07.343Z","state":"queued","mode":"standard","creationDate":"2025-04-09T10:38:07.345Z","modificationDate":"2025-04-09T10:38:07.345Z","shortid":"jsMrM5i","$entitySet":"profiles"},"doDiffs":false,"timestamp":1744195087344,"id":"c5fnq0t06m75zgx","previousOperationId":null,"operationId":"2jlcxlhp6j5ml72"}
{"type":"log","level":"info","message":"Render request 14 queued for execution and waiting for available worker","previousOperationId":"2jlcxlhp6j5ml72","timestamp":1744195087344,"id":"ozfzgcs94s8vxaq"}
{"type":"operationStart","subtype":"render","name":"myTemplate","previousOperationId":"2jlcxlhp6j5ml72","timestamp":1744195087358,"id":"fxi86ifwtwym8hy","previousEventId":"c5fnq0t06m75zgx","operationId":"atrh1x2vhkpmmgg"}
{"type":"log","timestamp":1744195087358,"level":"info","message":"Starting rendering request 14","meta":{"rootId":"8l7f1vdl6xu1cy9","id":"8l7f1vdl6xu1cy9"},"id":"2jwwroj9cjmx2eg","previousOperationId":"atrh1x2vhkpmmgg"}
{"type":"log","timestamp":1744195087359,"level":"info","message":"Rendering template { name: myTemplate, recipe: chrome-pdf, engine: handlebars, preview: true }","meta":{"rootId":"8l7f1vdl6xu1cy9","id":"8l7f1vdl6xu1cy9"},"id":"n6h2l4wmwmk4knq","previousOperationId":"atrh1x2vhkpmmgg"}
{"type":"log","timestamp":1744195087360,"level":"debug","message":"Inline data specified.","meta":{"rootId":"8l7f1vdl6xu1cy9","id":"8l7f1vdl6xu1cy9"},"id":"inf2r7tmeb8l6pv","previousOperationId":"atrh1x2vhkpmmgg"}
{"type":"log","timestamp":1744195087365,"level":"debug","message":"Base url not specified, skipping its injection.","meta":{"rootId":"8l7f1vdl6xu1cy9","id":"8l7f1vdl6xu1cy9"},"id":"e2yb72k2w7gtlnu","previousOperationId":"atrh1x2vhkpmmgg"}
{"type":"operationStart","subtype":"engine","name":"handlebars","timestamp":1744195087365,"id":"blaepmua1oifofe","previousEventId":"fxi86ifwtwym8hy","operationId":"j2p6hway9hbk7vu","previousOperationId":"atrh1x2vhkpmmgg"}
{"type":"log","timestamp":1744195087365,"level":"debug","message":"Rendering engine handlebars","meta":{"rootId":"8l7f1vdl6xu1cy9","id":"8l7f1vdl6xu1cy9"},"id":"yl3ygnfl65zsaja","previousOperationId":"j2p6hway9hbk7vu"}
{"type":"operationEnd","operationId":"j2p6hway9hbk7vu","timestamp":1744195087382,"id":"7c91bh4e0tr3994","previousEventId":"blaepmua1oifofe","previousOperationId":"j2p6hway9hbk7vu"}
{"type":"operationStart","subtype":"recipe","name":"chrome-pdf","timestamp":1744195087382,"id":"jvlvujhld51bmzw","previousEventId":"7c91bh4e0tr3994","operationId":"mbnvnvd9maiqvkh","previousOperationId":"j2p6hway9hbk7vu"}
{"type":"log","timestamp":1744195087382,"level":"debug","message":"Executing recipe chrome-pdf","meta":{"rootId":"8l7f1vdl6xu1cy9","id":"8l7f1vdl6xu1cy9"},"id":"92rfcrypm8wxyjj","previousOperationId":"mbnvnvd9maiqvkh"}
{"type":"log","timestamp":1744195087386,"level":"debug","message":"Converting with chrome Chrome/133.0.6943.126 using chrome-pool strategy","meta":{"rootId":"8l7f1vdl6xu1cy9","id":"8l7f1vdl6xu1cy9"},"id":"ixjuv1cwo0kwmxb","previousOperationId":"mbnvnvd9maiqvkh"}
{"type":"log","timestamp":1744195087453,"level":"debug","message":"Page request: GET (document) file:///C:/Users/Patheo24/AppData/Local/Temp/jsreport/autocleanup/1e4bd742-b8f1-4037-92f3-6a447190ac53-chrome-pdf.html","meta":{"rootId":"8l7f1vdl6xu1cy9","id":"8l7f1vdl6xu1cy9"},"id":"r45upk6zzykki0t","previousOperationId":"mbnvnvd9maiqvkh"}
{"type":"log","timestamp":1744195087480,"level":"debug","message":"Page request finished: GET (document) 200 file:///C:/Users/Patheo24/AppData/Local/Temp/jsreport/autocleanup/1e4bd742-b8f1-4037-92f3-6a447190ac53-chrome-pdf.html","meta":{"rootId":"8l7f1vdl6xu1cy9","id":"8l7f1vdl6xu1cy9"},"id":"3dyx9mpoaheggd5","previousOperationId":"mbnvnvd9maiqvkh"}
{"type":"log","timestamp":1744195087488,"level":"debug","message":"(console:info) Slow network is detected. See https://www.chromestatus.com/feature/5636954674692096 for more details. Fallback font will be used while loading: http://localhost:5488/fonts/kalpurush.ttf","meta":{"userLevel":true,"rootId":"8l7f1vdl6xu1cy9","id":"8l7f1vdl6xu1cy9"},"id":"3yt1lr0wohy39tz","previousOperationId":"mbnvnvd9maiqvkh"}
{"type":"log","timestamp":1744195087489,"level":"debug","message":"Page request: GET (image) https://res.cloudinary.com/dpes1dyqb/image/upload/v1738768933/logo_myycxt.jpg","meta":{"rootId":"8l7f1vdl6xu1cy9","id":"8l7f1vdl6xu1cy9"},"id":"sqz39lubt5r2ja8","previousOperationId":"mbnvnvd9maiqvkh"}
{"type":"log","timestamp":1744195087490,"level":"debug","message":"Page request: GET (font) http://localhost:5488/fonts/kalpurush.ttf","meta":{"rootId":"8l7f1vdl6xu1cy9","id":"8l7f1vdl6xu1cy9"},"id":"ymoa4pn31jsfbcl","previousOperationId":"mbnvnvd9maiqvkh"}
{"type":"log","timestamp":1744195087538,"level":"debug","message":"Page request: GET (font) http://localhost:5488/fonts/kalpurush.ttf","meta":{"rootId":"8l7f1vdl6xu1cy9","id":"8l7f1vdl6xu1cy9"},"id":"k29dchu71lg84ul","previousOperationId":"mbnvnvd9maiqvkh"}
{"type":"log","timestamp":1744195087539,"level":"debug","message":"Page request finished: GET (image) 200 https://res.cloudinary.com/dpes1dyqb/image/upload/v1738768933/logo_myycxt.jpg","meta":{"rootId":"8l7f1vdl6xu1cy9","id":"8l7f1vdl6xu1cy9"},"id":"nnee9yxiwa34eby","previousOperationId":"mbnvnvd9maiqvkh"}
{"type":"log","timestamp":1744195087549,"level":"debug","message":"(console:error) Failed to load resource: the server responded with a status of 404 (Not Found)","meta":{"userLevel":true,"rootId":"8l7f1vdl6xu1cy9","id":"8l7f1vdl6xu1cy9"},"id":"v80z329qlm667p7","previousOperationId":"mbnvnvd9maiqvkh"}
{"type":"log","timestamp":1744195087549,"level":"warn","message":"Page request failed: GET (font) http://localhost:5488/fonts/kalpurush.ttf, failure: net::ERR_ABORTED","meta":{"rootId":"8l7f1vdl6xu1cy9","id":"8l7f1vdl6xu1cy9"},"id":"3cwz90shereavkk","previousOperationId":"mbnvnvd9maiqvkh"}
{"type":"log","timestamp":1744195087566,"level":"debug","message":"Running chrome with params {\"printBackground\":true,\"timeout\":59959,\"margin\":{}}","meta":{"rootId":"8l7f1vdl6xu1cy9","id":"8l7f1vdl6xu1cy9"},"id":"kvwgfuddsos25rv","previousOperationId":"mbnvnvd9maiqvkh"}
{"type":"operationEnd","operationId":"mbnvnvd9maiqvkh","timestamp":1744195087926,"id":"h4ml4qs7kfm8jrz","previousEventId":"jvlvujhld51bmzw","previousOperationId":"mbnvnvd9maiqvkh"}
{"type":"log","timestamp":1744195087926,"level":"debug","message":"Skipping storing report.","meta":{"rootId":"8l7f1vdl6xu1cy9","id":"8l7f1vdl6xu1cy9"},"id":"k3i6vsguccmmxwk","previousOperationId":"mbnvnvd9maiqvkh"}
{"type":"log","timestamp":1744195087926,"level":"info","message":"Rendering request 14 finished in 583 ms","meta":{"rootId":"8l7f1vdl6xu1cy9","id":"8l7f1vdl6xu1cy9"},"id":"8hwxdmxv6a5f5nj","previousOperationId":"mbnvnvd9maiqvkh"}
{"type":"operationEnd","subtype":"render","operationId":"atrh1x2vhkpmmgg","timestamp":1744195087926,"id":"hc0s8m0u20oq3lp","previousEventId":"h4ml4qs7kfm8jrz","previousOperationId":"mbnvnvd9maiqvkh"}
{"type":"operationEnd","doDiffs":false,"previousEventId":"c5fnq0t06m75zgx","previousOperationId":"2jlcxlhp6j5ml72","operationId":"2jlcxlhp6j5ml72","timestamp":1744195087932,"id":"rfgp59m51269dsw"}
