{"type":"operationStart","subtype":"profile","data":{"_id":"uPhdKfdAJ2TGzAzj","timestamp":"2025-04-09T10:50:36.469Z","state":"queued","mode":"standard","creationDate":"2025-04-09T10:50:36.470Z","modificationDate":"2025-04-09T10:50:36.470Z","shortid":"GRFFeeQ","$entitySet":"profiles"},"doDiffs":false,"timestamp":1744195836469,"id":"or3eau20tgpyi5t","previousOperationId":null,"operationId":"g0dym54iczaqorg"}
{"type":"log","level":"info","message":"Render request 26 queued for execution and waiting for available worker","previousOperationId":"g0dym54iczaqorg","timestamp":1744195836470,"id":"7qzdligysxbw46t"}
{"type":"operationStart","subtype":"render","name":"myTemplate","previousOperationId":"g0dym54iczaqorg","timestamp":1744195836482,"id":"tdn4aohse1cz5lb","previousEventId":"or3eau20tgpyi5t","operationId":"jjowf967tu4ztid"}
{"type":"log","timestamp":1744195836482,"level":"info","message":"Starting rendering request 26","meta":{"rootId":"8ligt44g8gneixl","id":"8ligt44g8gneixl"},"id":"066o00jwogr4gbr","previousOperationId":"jjowf967tu4ztid"}
{"type":"log","timestamp":1744195836482,"level":"info","message":"Rendering template { name: myTemplate, recipe: chrome-pdf, engine: handlebars, preview: true }","meta":{"rootId":"8ligt44g8gneixl","id":"8ligt44g8gneixl"},"id":"q4lou2uk9quhk8t","previousOperationId":"jjowf967tu4ztid"}
{"type":"log","timestamp":1744195836482,"level":"debug","message":"Inline data specified.","meta":{"rootId":"8ligt44g8gneixl","id":"8ligt44g8gneixl"},"id":"6n6y0ep99yah7q8","previousOperationId":"jjowf967tu4ztid"}
{"type":"log","timestamp":1744195836483,"level":"debug","message":"Base url not specified, skipping its injection.","meta":{"rootId":"8ligt44g8gneixl","id":"8ligt44g8gneixl"},"id":"shyyye48n9rz51p","previousOperationId":"jjowf967tu4ztid"}
{"type":"operationStart","subtype":"engine","name":"handlebars","timestamp":1744195836483,"id":"52c6u56dnxmfobq","previousEventId":"tdn4aohse1cz5lb","operationId":"of3ctob41qionqs","previousOperationId":"jjowf967tu4ztid"}
{"type":"log","timestamp":1744195836483,"level":"debug","message":"Rendering engine handlebars","meta":{"rootId":"8ligt44g8gneixl","id":"8ligt44g8gneixl"},"id":"8pdf92lexa6r40u","previousOperationId":"of3ctob41qionqs"}
{"type":"operationEnd","operationId":"of3ctob41qionqs","timestamp":1744195836497,"id":"kbn6ttcgbcy1kcr","previousEventId":"52c6u56dnxmfobq","previousOperationId":"of3ctob41qionqs"}
{"type":"operationStart","subtype":"recipe","name":"chrome-pdf","timestamp":1744195836498,"id":"9l5k4mjggl785qw","previousEventId":"kbn6ttcgbcy1kcr","operationId":"ejhtvbi9cljyngx","previousOperationId":"of3ctob41qionqs"}
{"type":"log","timestamp":1744195836498,"level":"debug","message":"Executing recipe chrome-pdf","meta":{"rootId":"8ligt44g8gneixl","id":"8ligt44g8gneixl"},"id":"hknhgo8jf6u6udm","previousOperationId":"ejhtvbi9cljyngx"}
{"type":"log","timestamp":1744195836501,"level":"debug","message":"Converting with chrome Chrome/133.0.6943.126 using chrome-pool strategy","meta":{"rootId":"8ligt44g8gneixl","id":"8ligt44g8gneixl"},"id":"tqbzzchc3g1oase","previousOperationId":"ejhtvbi9cljyngx"}
{"type":"log","timestamp":1744195836572,"level":"debug","message":"Page request: GET (document) file:///C:/Users/Patheo24/AppData/Local/Temp/jsreport/autocleanup/e31ecd57-3d87-4aba-bf67-3716738d16fe-chrome-pdf.html","meta":{"rootId":"8ligt44g8gneixl","id":"8ligt44g8gneixl"},"id":"aioz9uyejisa8al","previousOperationId":"ejhtvbi9cljyngx"}
{"type":"log","timestamp":1744195836601,"level":"debug","message":"Page request finished: GET (document) 200 file:///C:/Users/Patheo24/AppData/Local/Temp/jsreport/autocleanup/e31ecd57-3d87-4aba-bf67-3716738d16fe-chrome-pdf.html","meta":{"rootId":"8ligt44g8gneixl","id":"8ligt44g8gneixl"},"id":"1fw3mjuhtmv47yg","previousOperationId":"ejhtvbi9cljyngx"}
{"type":"log","timestamp":1744195836601,"level":"debug","message":"(console:info) Slow network is detected. See https://www.chromestatus.com/feature/5636954674692096 for more details. Fallback font will be used while loading: http://localhost:5488/fonts/kalpurush.ttf","meta":{"userLevel":true,"rootId":"8ligt44g8gneixl","id":"8ligt44g8gneixl"},"id":"wrng86s1uyz24cr","previousOperationId":"ejhtvbi9cljyngx"}
{"type":"log","timestamp":1744195836602,"level":"debug","message":"Page request: GET (font) http://localhost:5488/fonts/kalpurush.ttf","meta":{"rootId":"8ligt44g8gneixl","id":"8ligt44g8gneixl"},"id":"eaaesmrlmsrzsyr","previousOperationId":"ejhtvbi9cljyngx"}
{"type":"log","timestamp":1744195836602,"level":"debug","message":"Page request: GET (image) https://res.cloudinary.com/dpes1dyqb/image/upload/v1738768933/logo_myycxt.jpg","meta":{"rootId":"8ligt44g8gneixl","id":"8ligt44g8gneixl"},"id":"h2pzw2d9kwuqii2","previousOperationId":"ejhtvbi9cljyngx"}
{"type":"log","timestamp":1744195836635,"level":"debug","message":"Page request: GET (font) http://localhost:5488/fonts/kalpurush.ttf","meta":{"rootId":"8ligt44g8gneixl","id":"8ligt44g8gneixl"},"id":"n3dsw4wcn3v41qi","previousOperationId":"ejhtvbi9cljyngx"}
{"type":"log","timestamp":1744195836636,"level":"debug","message":"Page request finished: GET (image) 200 https://res.cloudinary.com/dpes1dyqb/image/upload/v1738768933/logo_myycxt.jpg","meta":{"rootId":"8ligt44g8gneixl","id":"8ligt44g8gneixl"},"id":"eq3imuzray1zxos","previousOperationId":"ejhtvbi9cljyngx"}
{"type":"log","timestamp":1744195836648,"level":"debug","message":"(console:error) Failed to load resource: the server responded with a status of 404 (Not Found)","meta":{"userLevel":true,"rootId":"8ligt44g8gneixl","id":"8ligt44g8gneixl"},"id":"nqtq6qditdfnjeq","previousOperationId":"ejhtvbi9cljyngx"}
{"type":"log","timestamp":1744195836649,"level":"warn","message":"Page request failed: GET (font) http://localhost:5488/fonts/kalpurush.ttf, failure: net::ERR_ABORTED","meta":{"rootId":"8ligt44g8gneixl","id":"8ligt44g8gneixl"},"id":"k5e4yv50stnbrz9","previousOperationId":"ejhtvbi9cljyngx"}
{"type":"log","timestamp":1744195836657,"level":"debug","message":"Running chrome with params {\"printBackground\":true,\"timeout\":59968,\"margin\":{}}","meta":{"rootId":"8ligt44g8gneixl","id":"8ligt44g8gneixl"},"id":"31v2vqvl8g3tk2t","previousOperationId":"ejhtvbi9cljyngx"}
{"type":"operationEnd","operationId":"ejhtvbi9cljyngx","timestamp":1744195836956,"id":"1jfs10accyctssu","previousEventId":"9l5k4mjggl785qw","previousOperationId":"ejhtvbi9cljyngx"}
{"type":"log","timestamp":1744195836957,"level":"debug","message":"Skipping storing report.","meta":{"rootId":"8ligt44g8gneixl","id":"8ligt44g8gneixl"},"id":"3w2y9h70cc7ldrc","previousOperationId":"ejhtvbi9cljyngx"}
{"type":"log","timestamp":1744195836957,"level":"info","message":"Rendering request 26 finished in 489 ms","meta":{"rootId":"8ligt44g8gneixl","id":"8ligt44g8gneixl"},"id":"bkyozaxpf9u1feb","previousOperationId":"ejhtvbi9cljyngx"}
{"type":"operationEnd","subtype":"render","operationId":"jjowf967tu4ztid","timestamp":1744195836957,"id":"wfq7kbp9l0ij5fq","previousEventId":"1jfs10accyctssu","previousOperationId":"ejhtvbi9cljyngx"}
{"type":"operationEnd","doDiffs":false,"previousEventId":"or3eau20tgpyi5t","previousOperationId":"g0dym54iczaqorg","operationId":"g0dym54iczaqorg","timestamp":1744195836960,"id":"nn7p9w6hdfowbfn"}
