{"type":"operationStart","subtype":"profile","data":{"_id":"UQC8WHx8L2zNnVEw","timestamp":"2025-04-09T13:49:56.946Z","state":"queued","mode":"standard","creationDate":"2025-04-09T13:49:56.948Z","modificationDate":"2025-04-09T13:49:56.948Z","shortid":"7mbK9_i","$entitySet":"profiles"},"doDiffs":false,"timestamp":1744206596947,"id":"58bri8ot60dav4y","previousOperationId":null,"operationId":"r8rsiituiumbogy"}
{"type":"log","level":"info","message":"Render request 32 queued for execution and waiting for available worker","previousOperationId":"r8rsiituiumbogy","timestamp":1744206596947,"id":"gsf3vvqno4oat9k"}
{"type":"operationStart","subtype":"render","name":"myTemplate","previousOperationId":"r8rsiituiumbogy","timestamp":1744206596959,"id":"g21lqotmapbka05","previousEventId":"58bri8ot60dav4y","operationId":"4xp8ylyxny1ui1g"}
{"type":"log","timestamp":1744206596959,"level":"info","message":"Starting rendering request 32","meta":{"rootId":"8m1ab9s4gzjorvk","id":"8m1ab9s4gzjorvk"},"id":"m82kzyeztlzg47p","previousOperationId":"4xp8ylyxny1ui1g"}
{"type":"log","timestamp":1744206596959,"level":"info","message":"Rendering template { name: myTemplate, recipe: chrome-pdf, engine: handlebars, preview: true }","meta":{"rootId":"8m1ab9s4gzjorvk","id":"8m1ab9s4gzjorvk"},"id":"g2d3o8cy0qknmn0","previousOperationId":"4xp8ylyxny1ui1g"}
{"type":"log","timestamp":1744206596960,"level":"debug","message":"Adding sample data HUavgV0Kc","meta":{"rootId":"8m1ab9s4gzjorvk","id":"8m1ab9s4gzjorvk"},"id":"utpagszj0rl4d0n","previousOperationId":"4xp8ylyxny1ui1g"}
{"type":"log","timestamp":1744206596962,"level":"debug","message":"Base url not specified, skipping its injection.","meta":{"rootId":"8m1ab9s4gzjorvk","id":"8m1ab9s4gzjorvk"},"id":"81j66lnthwzlzpe","previousOperationId":"4xp8ylyxny1ui1g"}
{"type":"operationStart","subtype":"engine","name":"handlebars","timestamp":1744206596962,"id":"pl3zp01tm1yrrf6","previousEventId":"g21lqotmapbka05","operationId":"4slqg3v6anv4doe","previousOperationId":"4xp8ylyxny1ui1g"}
{"type":"log","timestamp":1744206596962,"level":"debug","message":"Rendering engine handlebars","meta":{"rootId":"8m1ab9s4gzjorvk","id":"8m1ab9s4gzjorvk"},"id":"x2a9g6yuavv7yqo","previousOperationId":"4slqg3v6anv4doe"}
{"type":"operationEnd","operationId":"4slqg3v6anv4doe","timestamp":1744206596973,"id":"j9axdglb2e8jhqg","previousEventId":"pl3zp01tm1yrrf6","previousOperationId":"4slqg3v6anv4doe"}
{"type":"operationStart","subtype":"recipe","name":"chrome-pdf","timestamp":1744206596973,"id":"rm6a9gqgcz4tjlg","previousEventId":"j9axdglb2e8jhqg","operationId":"dltwuae67td3ybh","previousOperationId":"4slqg3v6anv4doe"}
{"type":"log","timestamp":1744206596973,"level":"debug","message":"Executing recipe chrome-pdf","meta":{"rootId":"8m1ab9s4gzjorvk","id":"8m1ab9s4gzjorvk"},"id":"b5u5feyk23aiy6h","previousOperationId":"dltwuae67td3ybh"}
{"type":"log","timestamp":1744206596977,"level":"debug","message":"Converting with chrome Chrome/133.0.6943.126 using chrome-pool strategy","meta":{"rootId":"8m1ab9s4gzjorvk","id":"8m1ab9s4gzjorvk"},"id":"05ts96xbexxed7u","previousOperationId":"dltwuae67td3ybh"}
{"type":"log","timestamp":1744206597042,"level":"debug","message":"Page request: GET (document) file:///C:/Users/Patheo24/AppData/Local/Temp/jsreport/autocleanup/7b8f7cc0-c3fa-4630-9a25-161dcc201850-chrome-pdf.html","meta":{"rootId":"8m1ab9s4gzjorvk","id":"8m1ab9s4gzjorvk"},"id":"0o0u2vzy48chdlw","previousOperationId":"dltwuae67td3ybh"}
{"type":"log","timestamp":1744206597065,"level":"debug","message":"Page request finished: GET (document) 200 file:///C:/Users/Patheo24/AppData/Local/Temp/jsreport/autocleanup/7b8f7cc0-c3fa-4630-9a25-161dcc201850-chrome-pdf.html","meta":{"rootId":"8m1ab9s4gzjorvk","id":"8m1ab9s4gzjorvk"},"id":"r8ebl7lhjez031t","previousOperationId":"dltwuae67td3ybh"}
{"type":"log","timestamp":1744206597068,"level":"debug","message":"Page request: GET (image) https://res.cloudinary.com/dpes1dyqb/image/upload/v1738768933/logo_myycxt.jpg","meta":{"rootId":"8m1ab9s4gzjorvk","id":"8m1ab9s4gzjorvk"},"id":"m0ge061ktn8djqr","previousOperationId":"dltwuae67td3ybh"}
{"type":"log","timestamp":1744206597073,"level":"debug","message":"Page request: GET (font) http://localhost:5488/fonts/kalpurush.ttf","meta":{"rootId":"8m1ab9s4gzjorvk","id":"8m1ab9s4gzjorvk"},"id":"mfzc95469jrgy6o","previousOperationId":"dltwuae67td3ybh"}
{"type":"log","timestamp":1744206597113,"level":"debug","message":"Page request: GET (font) http://localhost:5488/fonts/kalpurush.ttf","meta":{"rootId":"8m1ab9s4gzjorvk","id":"8m1ab9s4gzjorvk"},"id":"r84p6t81ushuoc1","previousOperationId":"dltwuae67td3ybh"}
{"type":"log","timestamp":1744206597114,"level":"debug","message":"Page request finished: GET (image) 200 https://res.cloudinary.com/dpes1dyqb/image/upload/v1738768933/logo_myycxt.jpg","meta":{"rootId":"8m1ab9s4gzjorvk","id":"8m1ab9s4gzjorvk"},"id":"cx8k88uzpc9urvr","previousOperationId":"dltwuae67td3ybh"}
{"type":"log","timestamp":1744206597127,"level":"debug","message":"(console:error) Failed to load resource: the server responded with a status of 404 (Not Found)","meta":{"userLevel":true,"rootId":"8m1ab9s4gzjorvk","id":"8m1ab9s4gzjorvk"},"id":"brbpduhi9hw1s7p","previousOperationId":"dltwuae67td3ybh"}
{"type":"log","timestamp":1744206597127,"level":"warn","message":"Page request failed: GET (font) http://localhost:5488/fonts/kalpurush.ttf, failure: net::ERR_ABORTED","meta":{"rootId":"8m1ab9s4gzjorvk","id":"8m1ab9s4gzjorvk"},"id":"o2cz54blw0xgmnn","previousOperationId":"dltwuae67td3ybh"}
{"type":"log","timestamp":1744206597139,"level":"debug","message":"Running chrome with params {\"printBackground\":true,\"format\":\"A5\",\"marginRight\":\"\",\"timeout\":59971,\"margin\":{\"right\":\"\"}}","meta":{"rootId":"8m1ab9s4gzjorvk","id":"8m1ab9s4gzjorvk"},"id":"vf3795xf3s6axd0","previousOperationId":"dltwuae67td3ybh"}
{"type":"operationEnd","operationId":"dltwuae67td3ybh","timestamp":1744206597442,"id":"evtz332qatkvoxd","previousEventId":"rm6a9gqgcz4tjlg","previousOperationId":"dltwuae67td3ybh"}
{"type":"log","timestamp":1744206597442,"level":"debug","message":"Skipping storing report.","meta":{"rootId":"8m1ab9s4gzjorvk","id":"8m1ab9s4gzjorvk"},"id":"86aaqjkx6kvkyei","previousOperationId":"dltwuae67td3ybh"}
{"type":"log","timestamp":1744206597442,"level":"info","message":"Rendering request 32 finished in 496 ms","meta":{"rootId":"8m1ab9s4gzjorvk","id":"8m1ab9s4gzjorvk"},"id":"pnbxaeh4vyelv2y","previousOperationId":"dltwuae67td3ybh"}
{"type":"operationEnd","subtype":"render","operationId":"4xp8ylyxny1ui1g","timestamp":1744206597442,"id":"7qx0slelycxhvfb","previousEventId":"evtz332qatkvoxd","previousOperationId":"dltwuae67td3ybh"}
{"type":"operationEnd","doDiffs":false,"previousEventId":"58bri8ot60dav4y","previousOperationId":"r8rsiituiumbogy","operationId":"r8rsiituiumbogy","timestamp":1744206597448,"id":"8dlti0hy0jqx90y"}
