{"type":"operationStart","subtype":"profile","data":{"_id":"eVMXfL5CI6hywwSN","timestamp":"2025-04-09T14:49:27.975Z","state":"queued","mode":"standard","creationDate":"2025-04-09T14:49:27.977Z","modificationDate":"2025-04-09T14:49:27.977Z","shortid":"-zjkgSy","$entitySet":"profiles"},"doDiffs":false,"timestamp":1744210167976,"id":"u0quf6wte479utn","previousOperationId":null,"operationId":"srsgqad2l1yqvag"}
{"type":"log","level":"info","message":"Render request 126 queued for execution and waiting for available worker","previousOperationId":"srsgqad2l1yqvag","timestamp":1744210167976,"id":"06mdx1nuxo37uvb"}
{"type":"operationStart","subtype":"render","name":"myTemplate","previousOperationId":"srsgqad2l1yqvag","timestamp":1744210167987,"id":"4w7soxe3dmko8qa","previousEventId":"u0quf6wte479utn","operationId":"prbcdycruhbm5wm"}
{"type":"log","timestamp":1744210167987,"level":"info","message":"Starting rendering request 126","meta":{"rootId":"8nv5yatvxlkh2xd","id":"8nv5yatvxlkh2xd"},"id":"6pqtltwrfpuhv4z","previousOperationId":"prbcdycruhbm5wm"}
{"type":"log","timestamp":1744210167987,"level":"info","message":"Rendering template { name: myTemplate, recipe: chrome-pdf, engine: handlebars, preview: true }","meta":{"rootId":"8nv5yatvxlkh2xd","id":"8nv5yatvxlkh2xd"},"id":"fk9tyqu3e99rm1v","previousOperationId":"prbcdycruhbm5wm"}
{"type":"log","timestamp":1744210167988,"level":"debug","message":"Adding sample data HUavgV0Kc","meta":{"rootId":"8nv5yatvxlkh2xd","id":"8nv5yatvxlkh2xd"},"id":"qm5tshfb57d76ap","previousOperationId":"prbcdycruhbm5wm"}
{"type":"log","timestamp":1744210167993,"level":"debug","message":"Base url not specified, skipping its injection.","meta":{"rootId":"8nv5yatvxlkh2xd","id":"8nv5yatvxlkh2xd"},"id":"5mp3czbt4i84z8f","previousOperationId":"prbcdycruhbm5wm"}
{"type":"operationStart","subtype":"engine","name":"handlebars","timestamp":1744210167993,"id":"07yigh43qpa037u","previousEventId":"4w7soxe3dmko8qa","operationId":"tcqxmuxybcckwga","previousOperationId":"prbcdycruhbm5wm"}
{"type":"log","timestamp":1744210167993,"level":"debug","message":"Rendering engine handlebars","meta":{"rootId":"8nv5yatvxlkh2xd","id":"8nv5yatvxlkh2xd"},"id":"r0ixb202m5zgyx6","previousOperationId":"tcqxmuxybcckwga"}
{"type":"operationEnd","operationId":"tcqxmuxybcckwga","timestamp":1744210168022,"id":"7gm8xzo0mugn2lj","previousEventId":"07yigh43qpa037u","previousOperationId":"tcqxmuxybcckwga"}
{"type":"operationStart","subtype":"recipe","name":"chrome-pdf","timestamp":1744210168022,"id":"3difnlwclj5lq8r","previousEventId":"7gm8xzo0mugn2lj","operationId":"xsrnzkdxkj6pwfr","previousOperationId":"tcqxmuxybcckwga"}
{"type":"log","timestamp":1744210168022,"level":"debug","message":"Executing recipe chrome-pdf","meta":{"rootId":"8nv5yatvxlkh2xd","id":"8nv5yatvxlkh2xd"},"id":"dxos0sx0jpsqhb4","previousOperationId":"xsrnzkdxkj6pwfr"}
{"type":"log","timestamp":1744210168026,"level":"debug","message":"Converting with chrome Chrome/133.0.6943.126 using chrome-pool strategy","meta":{"rootId":"8nv5yatvxlkh2xd","id":"8nv5yatvxlkh2xd"},"id":"flpozpkppdncmbq","previousOperationId":"xsrnzkdxkj6pwfr"}
{"type":"log","timestamp":1744210168097,"level":"debug","message":"Page request: GET (document) file:///C:/Users/Patheo24/AppData/Local/Temp/jsreport/autocleanup/d0321ff5-7d2b-4a82-9d44-f7713155f5cc-chrome-pdf.html","meta":{"rootId":"8nv5yatvxlkh2xd","id":"8nv5yatvxlkh2xd"},"id":"obyjf0aimjabk8t","previousOperationId":"xsrnzkdxkj6pwfr"}
{"type":"log","timestamp":1744210168141,"level":"debug","message":"Page request finished: GET (document) 200 file:///C:/Users/Patheo24/AppData/Local/Temp/jsreport/autocleanup/d0321ff5-7d2b-4a82-9d44-f7713155f5cc-chrome-pdf.html","meta":{"rootId":"8nv5yatvxlkh2xd","id":"8nv5yatvxlkh2xd"},"id":"8q6qw00wgp702ga","previousOperationId":"xsrnzkdxkj6pwfr"}
{"type":"log","timestamp":1744210168142,"level":"debug","message":"(console:info) Slow network is detected. See https://www.chromestatus.com/feature/5636954674692096 for more details. Fallback font will be used while loading: http://localhost:5488/fonts/kalpurush.ttf","meta":{"userLevel":true,"rootId":"8nv5yatvxlkh2xd","id":"8nv5yatvxlkh2xd"},"id":"casfwieirmqw2uw","previousOperationId":"xsrnzkdxkj6pwfr"}
{"type":"log","timestamp":1744210168146,"level":"debug","message":"Page request: GET (font) http://localhost:5488/fonts/kalpurush.ttf","meta":{"rootId":"8nv5yatvxlkh2xd","id":"8nv5yatvxlkh2xd"},"id":"k6jn8sx5y7iwf5m","previousOperationId":"xsrnzkdxkj6pwfr"}
{"type":"log","timestamp":1744210168147,"level":"debug","message":"Page request: GET (image) https://res.cloudinary.com/dpes1dyqb/image/upload/v1738768933/logo_myycxt.jpg","meta":{"rootId":"8nv5yatvxlkh2xd","id":"8nv5yatvxlkh2xd"},"id":"k2o1g0xdi2u18rs","previousOperationId":"xsrnzkdxkj6pwfr"}
{"type":"log","timestamp":1744210168193,"level":"debug","message":"Page request: GET (font) http://localhost:5488/fonts/kalpurush.ttf","meta":{"rootId":"8nv5yatvxlkh2xd","id":"8nv5yatvxlkh2xd"},"id":"6s7tf6wty4uhdv7","previousOperationId":"xsrnzkdxkj6pwfr"}
{"type":"log","timestamp":1744210168194,"level":"debug","message":"Page request finished: GET (image) 200 https://res.cloudinary.com/dpes1dyqb/image/upload/v1738768933/logo_myycxt.jpg","meta":{"rootId":"8nv5yatvxlkh2xd","id":"8nv5yatvxlkh2xd"},"id":"5vyv8uc4414szww","previousOperationId":"xsrnzkdxkj6pwfr"}
{"type":"log","timestamp":1744210168201,"level":"debug","message":"(console:error) Failed to load resource: the server responded with a status of 404 (Not Found)","meta":{"userLevel":true,"rootId":"8nv5yatvxlkh2xd","id":"8nv5yatvxlkh2xd"},"id":"0iwwlrtlq1kvwtq","previousOperationId":"xsrnzkdxkj6pwfr"}
{"type":"log","timestamp":1744210168201,"level":"warn","message":"Page request failed: GET (font) http://localhost:5488/fonts/kalpurush.ttf, failure: net::ERR_ABORTED","meta":{"rootId":"8nv5yatvxlkh2xd","id":"8nv5yatvxlkh2xd"},"id":"bmklgnr0mxmp3br","previousOperationId":"xsrnzkdxkj6pwfr"}
{"type":"log","timestamp":1744210168217,"level":"debug","message":"Running chrome with params {\"printBackground\":true,\"format\":\"A5\",\"marginRight\":\"\",\"height\":\"\",\"marginTop\":\"\",\"marginBottom\":\"\",\"marginLeft\":\"\",\"displayHeaderFooter\":true,\"width\":\"\",\"timeout\":59950,\"margin\":{\"top\":\"\",\"right\":\"\",\"bottom\":\"\",\"left\":\"\"}}","meta":{"rootId":"8nv5yatvxlkh2xd","id":"8nv5yatvxlkh2xd"},"id":"5hnzgwb57juzd6m","previousOperationId":"xsrnzkdxkj6pwfr"}
{"type":"operationEnd","operationId":"xsrnzkdxkj6pwfr","timestamp":1744210168556,"id":"08665ugmcqy7rat","previousEventId":"3difnlwclj5lq8r","previousOperationId":"xsrnzkdxkj6pwfr"}
{"type":"log","timestamp":1744210168556,"level":"debug","message":"Skipping storing report.","meta":{"rootId":"8nv5yatvxlkh2xd","id":"8nv5yatvxlkh2xd"},"id":"u2ug6udq87q3fb4","previousOperationId":"xsrnzkdxkj6pwfr"}
{"type":"log","timestamp":1744210168557,"level":"info","message":"Rendering request 126 finished in 582 ms","meta":{"rootId":"8nv5yatvxlkh2xd","id":"8nv5yatvxlkh2xd"},"id":"rimxtt0qixzn3ud","previousOperationId":"xsrnzkdxkj6pwfr"}
{"type":"operationEnd","subtype":"render","operationId":"prbcdycruhbm5wm","timestamp":1744210168557,"id":"umu08vkbdo1ppsh","previousEventId":"08665ugmcqy7rat","previousOperationId":"xsrnzkdxkj6pwfr"}
{"type":"operationEnd","doDiffs":false,"previousEventId":"u0quf6wte479utn","previousOperationId":"srsgqad2l1yqvag","operationId":"srsgqad2l1yqvag","timestamp":1744210168559,"id":"ebigavrds2grbc8"}
