{"type":"operationStart","subtype":"profile","data":{"_id":"1veZEj9Y4Fjo8Lj6","timestamp":"2025-04-09T07:05:30.999Z","state":"queued","mode":"standard","creationDate":"2025-04-09T07:05:31.000Z","modificationDate":"2025-04-09T07:05:31.000Z","shortid":"6rzq55z","$entitySet":"profiles"},"doDiffs":false,"timestamp":1744182331000,"id":"dw5vfho3l8q04g2","previousOperationId":null,"operationId":"mpt19cbic5ij3at"}
{"type":"log","level":"info","message":"Render request 39 queued for execution and waiting for available worker","previousOperationId":"mpt19cbic5ij3at","timestamp":1744182331000,"id":"vm0qlk70li4gouw"}
{"type":"operationStart","subtype":"render","name":"myTemplate","previousOperationId":"mpt19cbic5ij3at","timestamp":1744182331011,"id":"kothj825crcrhbw","previousEventId":"dw5vfho3l8q04g2","operationId":"sqkqkgsflaefdye"}
{"type":"log","timestamp":1744182331011,"level":"info","message":"Starting rendering request 39","meta":{"rootId":"8to36yz6m36lom7","id":"8to36yz6m36lom7"},"id":"ar40z86xu19jppa","previousOperationId":"sqkqkgsflaefdye"}
{"type":"log","timestamp":1744182331011,"level":"info","message":"Rendering template { name: myTemplate, recipe: chrome-pdf, engine: handlebars, preview: true }","meta":{"rootId":"8to36yz6m36lom7","id":"8to36yz6m36lom7"},"id":"641wgz8od3mpp8i","previousOperationId":"sqkqkgsflaefdye"}
{"type":"log","timestamp":1744182331012,"level":"debug","message":"Inline data specified.","meta":{"rootId":"8to36yz6m36lom7","id":"8to36yz6m36lom7"},"id":"9j1iehv404rau6c","previousOperationId":"sqkqkgsflaefdye"}
{"type":"log","timestamp":1744182331013,"level":"debug","message":"Base url not specified, skipping its injection.","meta":{"rootId":"8to36yz6m36lom7","id":"8to36yz6m36lom7"},"id":"yhfn2blp0ijgb6k","previousOperationId":"sqkqkgsflaefdye"}
{"type":"operationStart","subtype":"engine","name":"handlebars","timestamp":1744182331013,"id":"6o1mxldesa6viz5","previousEventId":"kothj825crcrhbw","operationId":"0ado5fd7r95hvpo","previousOperationId":"sqkqkgsflaefdye"}
{"type":"log","timestamp":1744182331013,"level":"debug","message":"Rendering engine handlebars","meta":{"rootId":"8to36yz6m36lom7","id":"8to36yz6m36lom7"},"id":"25ks3ctj8q5opyt","previousOperationId":"0ado5fd7r95hvpo"}
{"type":"operationEnd","operationId":"0ado5fd7r95hvpo","timestamp":1744182331025,"id":"66ergblr0kdde0z","previousEventId":"6o1mxldesa6viz5","previousOperationId":"0ado5fd7r95hvpo"}
{"type":"operationStart","subtype":"recipe","name":"chrome-pdf","timestamp":1744182331025,"id":"cesukr0sd3gbsil","previousEventId":"66ergblr0kdde0z","operationId":"t2ad2bss1cd7hqf","previousOperationId":"0ado5fd7r95hvpo"}
{"type":"log","timestamp":1744182331025,"level":"debug","message":"Executing recipe chrome-pdf","meta":{"rootId":"8to36yz6m36lom7","id":"8to36yz6m36lom7"},"id":"sigm7xl6spg6i9u","previousOperationId":"t2ad2bss1cd7hqf"}
{"type":"log","timestamp":1744182331027,"level":"debug","message":"Converting with chrome Chrome/133.0.6943.126 using chrome-pool strategy","meta":{"rootId":"8to36yz6m36lom7","id":"8to36yz6m36lom7"},"id":"gl83ugv9gelqbh3","previousOperationId":"t2ad2bss1cd7hqf"}
{"type":"log","timestamp":1744182331087,"level":"debug","message":"Page request: GET (document) file:///C:/Users/Patheo24/AppData/Local/Temp/jsreport/autocleanup/54e1852c-2aab-4318-87ac-44a91b61b5c3-chrome-pdf.html","meta":{"rootId":"8to36yz6m36lom7","id":"8to36yz6m36lom7"},"id":"ifj5ca3xcl5kgr0","previousOperationId":"t2ad2bss1cd7hqf"}
{"type":"log","timestamp":1744182331106,"level":"debug","message":"Page request finished: GET (document) 200 file:///C:/Users/Patheo24/AppData/Local/Temp/jsreport/autocleanup/54e1852c-2aab-4318-87ac-44a91b61b5c3-chrome-pdf.html","meta":{"rootId":"8to36yz6m36lom7","id":"8to36yz6m36lom7"},"id":"s6cqqzwyuq4uspo","previousOperationId":"t2ad2bss1cd7hqf"}
{"type":"log","timestamp":1744182331107,"level":"debug","message":"(console:info) Slow network is detected. See https://www.chromestatus.com/feature/5636954674692096 for more details. Fallback font will be used while loading: http://localhost:5488/fonts/kalpurush.ttf","meta":{"userLevel":true,"rootId":"8to36yz6m36lom7","id":"8to36yz6m36lom7"},"id":"ox718u55xrozo08","previousOperationId":"t2ad2bss1cd7hqf"}
{"type":"log","timestamp":1744182331113,"level":"debug","message":"Page request: GET (font) http://localhost:5488/fonts/kalpurush.ttf","meta":{"rootId":"8to36yz6m36lom7","id":"8to36yz6m36lom7"},"id":"vr4sbtcbstl658w","previousOperationId":"t2ad2bss1cd7hqf"}
{"type":"log","timestamp":1744182331113,"level":"debug","message":"Page request: GET (image) https://res.cloudinary.com/dpes1dyqb/image/upload/v1738768933/logo_myycxt.jpg","meta":{"rootId":"8to36yz6m36lom7","id":"8to36yz6m36lom7"},"id":"txba0muywnbn7i7","previousOperationId":"t2ad2bss1cd7hqf"}
{"type":"log","timestamp":1744182331152,"level":"debug","message":"Page request: GET (font) http://localhost:5488/fonts/kalpurush.ttf","meta":{"rootId":"8to36yz6m36lom7","id":"8to36yz6m36lom7"},"id":"2nqfou8t8tr58ue","previousOperationId":"t2ad2bss1cd7hqf"}
{"type":"log","timestamp":1744182331153,"level":"debug","message":"Page request finished: GET (image) 200 https://res.cloudinary.com/dpes1dyqb/image/upload/v1738768933/logo_myycxt.jpg","meta":{"rootId":"8to36yz6m36lom7","id":"8to36yz6m36lom7"},"id":"2n0py70olqa0xll","previousOperationId":"t2ad2bss1cd7hqf"}
{"type":"log","timestamp":1744182331157,"level":"debug","message":"(console:error) Failed to load resource: the server responded with a status of 404 (Not Found)","meta":{"userLevel":true,"rootId":"8to36yz6m36lom7","id":"8to36yz6m36lom7"},"id":"7cil31nyetlmlop","previousOperationId":"t2ad2bss1cd7hqf"}
{"type":"log","timestamp":1744182331157,"level":"warn","message":"Page request failed: GET (font) http://localhost:5488/fonts/kalpurush.ttf, failure: net::ERR_ABORTED","meta":{"rootId":"8to36yz6m36lom7","id":"8to36yz6m36lom7"},"id":"7zmc3rni4fuyy9c","previousOperationId":"t2ad2bss1cd7hqf"}
{"type":"log","timestamp":1744182331163,"level":"debug","message":"Running chrome with params {\"printBackground\":true,\"timeout\":59972,\"margin\":{}}","meta":{"rootId":"8to36yz6m36lom7","id":"8to36yz6m36lom7"},"id":"mss0or2kbw5ttyq","previousOperationId":"t2ad2bss1cd7hqf"}
{"type":"operationEnd","operationId":"t2ad2bss1cd7hqf","timestamp":1744182331468,"id":"032xyc1vsoszbcc","previousEventId":"cesukr0sd3gbsil","previousOperationId":"t2ad2bss1cd7hqf"}
{"type":"log","timestamp":1744182331469,"level":"debug","message":"Skipping storing report.","meta":{"rootId":"8to36yz6m36lom7","id":"8to36yz6m36lom7"},"id":"7jxpzhe087xqzi2","previousOperationId":"t2ad2bss1cd7hqf"}
{"type":"log","timestamp":1744182331469,"level":"info","message":"Rendering request 39 finished in 471 ms","meta":{"rootId":"8to36yz6m36lom7","id":"8to36yz6m36lom7"},"id":"8rls0j1072oglrt","previousOperationId":"t2ad2bss1cd7hqf"}
{"type":"operationEnd","subtype":"render","operationId":"sqkqkgsflaefdye","timestamp":1744182331469,"id":"w5sihvxb54a27zf","previousEventId":"032xyc1vsoszbcc","previousOperationId":"t2ad2bss1cd7hqf"}
{"type":"operationEnd","doDiffs":false,"previousEventId":"dw5vfho3l8q04g2","previousOperationId":"mpt19cbic5ij3at","operationId":"mpt19cbic5ij3at","timestamp":1744182331473,"id":"s7wepoqhh3j4u6c"}
