{"type":"operationStart","subtype":"profile","data":{"_id":"FfIBtDPAcOLf4hJK","timestamp":"2025-04-09T15:02:45.432Z","state":"queued","mode":"standard","creationDate":"2025-04-09T15:02:45.434Z","modificationDate":"2025-04-09T15:02:45.434Z","shortid":"yMoaPRG","$entitySet":"profiles"},"doDiffs":false,"timestamp":1744210965433,"id":"nvmh7lwjt5y41l5","previousOperationId":null,"operationId":"p3ylqpf2qtz5oov"}
{"type":"log","level":"info","message":"Render request 10 queued for execution and waiting for available worker","previousOperationId":"p3ylqpf2qtz5oov","timestamp":1744210965433,"id":"o2cnj7bthzidwp4"}
{"type":"operationStart","subtype":"render","name":"myTemplate","previousOperationId":"p3ylqpf2qtz5oov","timestamp":1744210965447,"id":"mw5fb9tizo7i97z","previousEventId":"nvmh7lwjt5y41l5","operationId":"kx3gtlc95w6gsod"}
{"type":"log","timestamp":1744210965447,"level":"info","message":"Starting rendering request 10","meta":{"rootId":"8xnkb2no7epd9ql","id":"8xnkb2no7epd9ql"},"id":"8gj9soyxu60qitu","previousOperationId":"kx3gtlc95w6gsod"}
{"type":"log","timestamp":1744210965447,"level":"info","message":"Rendering template { name: myTemplate, recipe: chrome-pdf, engine: handlebars, preview: false }","meta":{"rootId":"8xnkb2no7epd9ql","id":"8xnkb2no7epd9ql"},"id":"rpvz17g0cxw7v4t","previousOperationId":"kx3gtlc95w6gsod"}
{"type":"log","timestamp":1744210965447,"level":"debug","message":"Inline data specified.","meta":{"rootId":"8xnkb2no7epd9ql","id":"8xnkb2no7epd9ql"},"id":"s19dvnnl8fturls","previousOperationId":"kx3gtlc95w6gsod"}
{"type":"log","timestamp":1744210965449,"level":"debug","message":"Base url not specified, skipping its injection.","meta":{"rootId":"8xnkb2no7epd9ql","id":"8xnkb2no7epd9ql"},"id":"qsrcxlhc01iiifc","previousOperationId":"kx3gtlc95w6gsod"}
{"type":"operationStart","subtype":"engine","name":"handlebars","timestamp":1744210965449,"id":"7rtqeb43tiiem4q","previousEventId":"mw5fb9tizo7i97z","operationId":"wuh73hq5vu9n5cv","previousOperationId":"kx3gtlc95w6gsod"}
{"type":"log","timestamp":1744210965449,"level":"debug","message":"Rendering engine handlebars","meta":{"rootId":"8xnkb2no7epd9ql","id":"8xnkb2no7epd9ql"},"id":"zhgfg0w05jy27r4","previousOperationId":"wuh73hq5vu9n5cv"}
{"type":"operationEnd","operationId":"wuh73hq5vu9n5cv","timestamp":1744210965490,"id":"563rfvmsje6ehv1","previousEventId":"7rtqeb43tiiem4q","previousOperationId":"wuh73hq5vu9n5cv"}
{"type":"operationStart","subtype":"recipe","name":"chrome-pdf","timestamp":1744210965490,"id":"xq0dgooq26umnd5","previousEventId":"563rfvmsje6ehv1","operationId":"yq7uzdo27tbjig2","previousOperationId":"wuh73hq5vu9n5cv"}
{"type":"log","timestamp":1744210965490,"level":"debug","message":"Executing recipe chrome-pdf","meta":{"rootId":"8xnkb2no7epd9ql","id":"8xnkb2no7epd9ql"},"id":"w20iukz36vvcn0p","previousOperationId":"yq7uzdo27tbjig2"}
{"type":"log","timestamp":1744210965494,"level":"debug","message":"Converting with chrome Chrome/133.0.6943.126 using chrome-pool strategy","meta":{"rootId":"8xnkb2no7epd9ql","id":"8xnkb2no7epd9ql"},"id":"9xmq71n80aoopb0","previousOperationId":"yq7uzdo27tbjig2"}
{"type":"log","timestamp":1744210965570,"level":"debug","message":"Page request: GET (document) file:///C:/Users/Patheo24/AppData/Local/Temp/jsreport/autocleanup/6dbb38ba-01e9-4529-a60b-84f0ac7169bd-chrome-pdf.html","meta":{"rootId":"8xnkb2no7epd9ql","id":"8xnkb2no7epd9ql"},"id":"0h5j7w7w1vyitaf","previousOperationId":"yq7uzdo27tbjig2"}
{"type":"log","timestamp":1744210965593,"level":"debug","message":"Page request finished: GET (document) 200 file:///C:/Users/Patheo24/AppData/Local/Temp/jsreport/autocleanup/6dbb38ba-01e9-4529-a60b-84f0ac7169bd-chrome-pdf.html","meta":{"rootId":"8xnkb2no7epd9ql","id":"8xnkb2no7epd9ql"},"id":"ruxeesiq4v87rry","previousOperationId":"yq7uzdo27tbjig2"}
{"type":"log","timestamp":1744210965596,"level":"debug","message":"Page request: GET (image) https://res.cloudinary.com/dpes1dyqb/image/upload/v1738768933/logo_myycxt.jpg","meta":{"rootId":"8xnkb2no7epd9ql","id":"8xnkb2no7epd9ql"},"id":"2j8tfrl7k0u19qe","previousOperationId":"yq7uzdo27tbjig2"}
{"type":"log","timestamp":1744210965602,"level":"debug","message":"Page request: GET (font) http://localhost:5488/fonts/kalpurush.ttf","meta":{"rootId":"8xnkb2no7epd9ql","id":"8xnkb2no7epd9ql"},"id":"4r94ejatsbpjro8","previousOperationId":"yq7uzdo27tbjig2"}
{"type":"log","timestamp":1744210965655,"level":"debug","message":"Page request: GET (font) http://localhost:5488/fonts/kalpurush.ttf","meta":{"rootId":"8xnkb2no7epd9ql","id":"8xnkb2no7epd9ql"},"id":"4ejpchz9xc0ec1q","previousOperationId":"yq7uzdo27tbjig2"}
{"type":"log","timestamp":1744210965657,"level":"debug","message":"Page request finished: GET (image) 200 https://res.cloudinary.com/dpes1dyqb/image/upload/v1738768933/logo_myycxt.jpg","meta":{"rootId":"8xnkb2no7epd9ql","id":"8xnkb2no7epd9ql"},"id":"si8h6vasfmtbu43","previousOperationId":"yq7uzdo27tbjig2"}
{"type":"log","timestamp":1744210965668,"level":"debug","message":"(console:error) Failed to load resource: the server responded with a status of 404 (Not Found)","meta":{"userLevel":true,"rootId":"8xnkb2no7epd9ql","id":"8xnkb2no7epd9ql"},"id":"11rpjwvq2ps9xng","previousOperationId":"yq7uzdo27tbjig2"}
{"type":"log","timestamp":1744210965669,"level":"warn","message":"Page request failed: GET (font) http://localhost:5488/fonts/kalpurush.ttf, failure: net::ERR_ABORTED","meta":{"rootId":"8xnkb2no7epd9ql","id":"8xnkb2no7epd9ql"},"id":"x9p1xfxb6vbe5bn","previousOperationId":"yq7uzdo27tbjig2"}
{"type":"log","timestamp":1744210965680,"level":"debug","message":"Running chrome with params {\"printBackground\":true,\"format\":\"A5\",\"marginRight\":\"\",\"height\":\"\",\"marginTop\":\"\",\"marginBottom\":\"\",\"marginLeft\":\"\",\"displayHeaderFooter\":true,\"width\":\"\",\"timeout\":59938,\"margin\":{\"top\":\"\",\"right\":\"\",\"bottom\":\"\",\"left\":\"\"}}","meta":{"rootId":"8xnkb2no7epd9ql","id":"8xnkb2no7epd9ql"},"id":"xmxwbzkn3pfs9tc","previousOperationId":"yq7uzdo27tbjig2"}
{"type":"operationEnd","operationId":"yq7uzdo27tbjig2","timestamp":1744210966114,"id":"x5cb33el2wggstd","previousEventId":"xq0dgooq26umnd5","previousOperationId":"yq7uzdo27tbjig2"}
{"type":"log","timestamp":1744210966114,"level":"debug","message":"Skipping storing report.","meta":{"rootId":"8xnkb2no7epd9ql","id":"8xnkb2no7epd9ql"},"id":"d12u8dhpkxsjz01","previousOperationId":"yq7uzdo27tbjig2"}
{"type":"log","timestamp":1744210966114,"level":"info","message":"Rendering request 10 finished in 683 ms","meta":{"rootId":"8xnkb2no7epd9ql","id":"8xnkb2no7epd9ql"},"id":"i6007glqg0z7hmt","previousOperationId":"yq7uzdo27tbjig2"}
{"type":"operationEnd","subtype":"render","operationId":"kx3gtlc95w6gsod","timestamp":1744210966114,"id":"yv4xacyiylnxhik","previousEventId":"x5cb33el2wggstd","previousOperationId":"yq7uzdo27tbjig2"}
{"type":"operationEnd","doDiffs":false,"previousEventId":"nvmh7lwjt5y41l5","previousOperationId":"p3ylqpf2qtz5oov","operationId":"p3ylqpf2qtz5oov","timestamp":1744210966116,"id":"7r7nottn4dyl009"}
