{"type":"operationStart","subtype":"profile","data":{"_id":"U4feb1jJ7LU26DfF","timestamp":"2025-04-09T13:42:47.533Z","state":"queued","mode":"standard","creationDate":"2025-04-09T13:42:47.535Z","modificationDate":"2025-04-09T13:42:47.535Z","shortid":"dt6AiUW","$entitySet":"profiles"},"doDiffs":false,"timestamp":1744206167534,"id":"1g6447rm4f7rz3k","previousOperationId":null,"operationId":"yikv6tt9pq34d42"}
{"type":"log","level":"info","message":"Render request 22 queued for execution and waiting for available worker","previousOperationId":"yikv6tt9pq34d42","timestamp":1744206167535,"id":"aratpkuqk5cjnsh"}
{"type":"operationStart","subtype":"render","name":"myTemplate","previousOperationId":"yikv6tt9pq34d42","timestamp":1744206167547,"id":"6outhubh37gl001","previousEventId":"1g6447rm4f7rz3k","operationId":"6hahfcts37bk9y9"}
{"type":"log","timestamp":1744206167547,"level":"info","message":"Starting rendering request 22","meta":{"rootId":"8ysm4kxrug4eya6","id":"8ysm4kxrug4eya6"},"id":"x5nuchik40ghlfo","previousOperationId":"6hahfcts37bk9y9"}
{"type":"log","timestamp":1744206167548,"level":"info","message":"Rendering template { name: myTemplate, recipe: chrome-pdf, engine: handlebars, preview: true }","meta":{"rootId":"8ysm4kxrug4eya6","id":"8ysm4kxrug4eya6"},"id":"25u4qrp2psi2b6l","previousOperationId":"6hahfcts37bk9y9"}
{"type":"log","timestamp":1744206167549,"level":"debug","message":"Adding sample data HUavgV0Kc","meta":{"rootId":"8ysm4kxrug4eya6","id":"8ysm4kxrug4eya6"},"id":"t6s2t1ofghfqqjo","previousOperationId":"6hahfcts37bk9y9"}
{"type":"log","timestamp":1744206167550,"level":"debug","message":"Base url not specified, skipping its injection.","meta":{"rootId":"8ysm4kxrug4eya6","id":"8ysm4kxrug4eya6"},"id":"ksa16w7sm6xy46n","previousOperationId":"6hahfcts37bk9y9"}
{"type":"operationStart","subtype":"engine","name":"handlebars","timestamp":1744206167551,"id":"zegqvahzhs7wdo3","previousEventId":"6outhubh37gl001","operationId":"ucjf4rphonudt1d","previousOperationId":"6hahfcts37bk9y9"}
{"type":"log","timestamp":1744206167551,"level":"debug","message":"Rendering engine handlebars","meta":{"rootId":"8ysm4kxrug4eya6","id":"8ysm4kxrug4eya6"},"id":"t4wura42fjokdor","previousOperationId":"ucjf4rphonudt1d"}
{"type":"operationEnd","operationId":"ucjf4rphonudt1d","timestamp":1744206167567,"id":"dd1xic1ktu90l28","previousEventId":"zegqvahzhs7wdo3","previousOperationId":"ucjf4rphonudt1d"}
{"type":"operationStart","subtype":"recipe","name":"chrome-pdf","timestamp":1744206167567,"id":"05sbqsajrgssx1w","previousEventId":"dd1xic1ktu90l28","operationId":"k45phyr1r17ia0q","previousOperationId":"ucjf4rphonudt1d"}
{"type":"log","timestamp":1744206167567,"level":"debug","message":"Executing recipe chrome-pdf","meta":{"rootId":"8ysm4kxrug4eya6","id":"8ysm4kxrug4eya6"},"id":"r4k4kl2syu2113a","previousOperationId":"k45phyr1r17ia0q"}
{"type":"log","timestamp":1744206167570,"level":"debug","message":"Converting with chrome Chrome/133.0.6943.126 using chrome-pool strategy","meta":{"rootId":"8ysm4kxrug4eya6","id":"8ysm4kxrug4eya6"},"id":"gpx7gpscm3xfucs","previousOperationId":"k45phyr1r17ia0q"}
{"type":"log","timestamp":1744206167640,"level":"debug","message":"Page request: GET (document) file:///C:/Users/Patheo24/AppData/Local/Temp/jsreport/autocleanup/8f9d49b0-9609-4da1-9282-cf84e710b43d-chrome-pdf.html","meta":{"rootId":"8ysm4kxrug4eya6","id":"8ysm4kxrug4eya6"},"id":"ys8vbe1up6brxxf","previousOperationId":"k45phyr1r17ia0q"}
{"type":"log","timestamp":1744206167665,"level":"debug","message":"Page request finished: GET (document) 200 file:///C:/Users/Patheo24/AppData/Local/Temp/jsreport/autocleanup/8f9d49b0-9609-4da1-9282-cf84e710b43d-chrome-pdf.html","meta":{"rootId":"8ysm4kxrug4eya6","id":"8ysm4kxrug4eya6"},"id":"yt3nyqroi67f8i4","previousOperationId":"k45phyr1r17ia0q"}
{"type":"log","timestamp":1744206167669,"level":"debug","message":"Page request: GET (image) https://res.cloudinary.com/dpes1dyqb/image/upload/v1738768933/logo_myycxt.jpg","meta":{"rootId":"8ysm4kxrug4eya6","id":"8ysm4kxrug4eya6"},"id":"ogbv4b0pwf0ugau","previousOperationId":"k45phyr1r17ia0q"}
{"type":"log","timestamp":1744206167670,"level":"debug","message":"(console:info) Slow network is detected. See https://www.chromestatus.com/feature/5636954674692096 for more details. Fallback font will be used while loading: http://localhost:5488/fonts/kalpurush.ttf","meta":{"userLevel":true,"rootId":"8ysm4kxrug4eya6","id":"8ysm4kxrug4eya6"},"id":"1rvtvjx9hvv4t3s","previousOperationId":"k45phyr1r17ia0q"}
{"type":"log","timestamp":1744206167670,"level":"debug","message":"Page request: GET (font) http://localhost:5488/fonts/kalpurush.ttf","meta":{"rootId":"8ysm4kxrug4eya6","id":"8ysm4kxrug4eya6"},"id":"hpouz2zczpqyzko","previousOperationId":"k45phyr1r17ia0q"}
{"type":"log","timestamp":1744206167673,"level":"debug","message":"Page request: GET (font) http://localhost:5488/fonts/kalpurush.ttf","meta":{"rootId":"8ysm4kxrug4eya6","id":"8ysm4kxrug4eya6"},"id":"bvfbvu1brdj2egu","previousOperationId":"k45phyr1r17ia0q"}
{"type":"log","timestamp":1744206167674,"level":"debug","message":"Page request finished: GET (image) 200 https://res.cloudinary.com/dpes1dyqb/image/upload/v1738768933/logo_myycxt.jpg","meta":{"rootId":"8ysm4kxrug4eya6","id":"8ysm4kxrug4eya6"},"id":"hju1far3r3bb5uj","previousOperationId":"k45phyr1r17ia0q"}
{"type":"log","timestamp":1744206167718,"level":"debug","message":"(console:error) Failed to load resource: the server responded with a status of 404 (Not Found)","meta":{"userLevel":true,"rootId":"8ysm4kxrug4eya6","id":"8ysm4kxrug4eya6"},"id":"dfefrxjs8g2t6ce","previousOperationId":"k45phyr1r17ia0q"}
{"type":"log","timestamp":1744206167718,"level":"warn","message":"Page request failed: GET (font) http://localhost:5488/fonts/kalpurush.ttf, failure: net::ERR_ABORTED","meta":{"rootId":"8ysm4kxrug4eya6","id":"8ysm4kxrug4eya6"},"id":"94w2xue5hiy0ylg","previousOperationId":"k45phyr1r17ia0q"}
{"type":"log","timestamp":1744206167723,"level":"debug","message":"Running chrome with params {\"printBackground\":true,\"timeout\":59964,\"margin\":{}}","meta":{"rootId":"8ysm4kxrug4eya6","id":"8ysm4kxrug4eya6"},"id":"50jgxossfbepm8h","previousOperationId":"k45phyr1r17ia0q"}
{"type":"operationEnd","operationId":"k45phyr1r17ia0q","timestamp":1744206168010,"id":"jfueidku2lxupwy","previousEventId":"05sbqsajrgssx1w","previousOperationId":"k45phyr1r17ia0q"}
{"type":"log","timestamp":1744206168011,"level":"debug","message":"Skipping storing report.","meta":{"rootId":"8ysm4kxrug4eya6","id":"8ysm4kxrug4eya6"},"id":"56uo09c83cesbc3","previousOperationId":"k45phyr1r17ia0q"}
{"type":"log","timestamp":1744206168011,"level":"info","message":"Rendering request 22 finished in 478 ms","meta":{"rootId":"8ysm4kxrug4eya6","id":"8ysm4kxrug4eya6"},"id":"1t6gibg2cdk12p4","previousOperationId":"k45phyr1r17ia0q"}
{"type":"operationEnd","subtype":"render","operationId":"6hahfcts37bk9y9","timestamp":1744206168011,"id":"flcc5yayjeqommy","previousEventId":"jfueidku2lxupwy","previousOperationId":"k45phyr1r17ia0q"}
{"type":"operationEnd","doDiffs":false,"previousEventId":"1g6447rm4f7rz3k","previousOperationId":"yikv6tt9pq34d42","operationId":"yikv6tt9pq34d42","timestamp":1744206168016,"id":"sx4qs6ov9n0oae8"}
