{"type":"operationStart","subtype":"profile","data":{"_id":"dWzNBahOhGzJaZ3M","timestamp":"2025-04-10T13:13:18.170Z","state":"queued","mode":"standard","creationDate":"2025-04-10T13:13:18.172Z","modificationDate":"2025-04-10T13:13:18.172Z","shortid":"2-_j3SF","$entitySet":"profiles"},"doDiffs":false,"timestamp":1744290798171,"id":"4xko233lo0ahioy","previousOperationId":null,"operationId":"5i8ndfywwgeaks1"}
{"type":"log","level":"info","message":"Render request 10 queued for execution and waiting for available worker","previousOperationId":"5i8ndfywwgeaks1","timestamp":1744290798171,"id":"jghenz73twaj8ug"}
{"type":"operationStart","subtype":"render","name":"myTemplate","previousOperationId":"5i8ndfywwgeaks1","timestamp":1744290798187,"id":"koffx545m6j8w7s","previousEventId":"4xko233lo0ahioy","operationId":"zkkwp1kpfss5ro6"}
{"type":"log","timestamp":1744290798187,"level":"info","message":"Starting rendering request 10","meta":{"rootId":"902o1xryg8mp5j9","id":"902o1xryg8mp5j9"},"id":"abjsimbpwa46m7m","previousOperationId":"zkkwp1kpfss5ro6"}
{"type":"log","timestamp":1744290798187,"level":"info","message":"Rendering template { name: myTemplate, recipe: chrome-pdf, engine: handlebars, preview: true }","meta":{"rootId":"902o1xryg8mp5j9","id":"902o1xryg8mp5j9"},"id":"8zbshl7t1v583wh","previousOperationId":"zkkwp1kpfss5ro6"}
{"type":"log","timestamp":1744290798187,"level":"debug","message":"Adding sample data HUavgV0Kc","meta":{"rootId":"902o1xryg8mp5j9","id":"902o1xryg8mp5j9"},"id":"80tstdhqz6wx0fm","previousOperationId":"zkkwp1kpfss5ro6"}
{"type":"log","timestamp":1744290798189,"level":"debug","message":"Base url not specified, skipping its injection.","meta":{"rootId":"902o1xryg8mp5j9","id":"902o1xryg8mp5j9"},"id":"t9p2l37kco8ujef","previousOperationId":"zkkwp1kpfss5ro6"}
{"type":"operationStart","subtype":"engine","name":"handlebars","timestamp":1744290798189,"id":"wdq9otumebp8kcj","previousEventId":"koffx545m6j8w7s","operationId":"s2iaormkgqep12a","previousOperationId":"zkkwp1kpfss5ro6"}
{"type":"log","timestamp":1744290798189,"level":"debug","message":"Rendering engine handlebars","meta":{"rootId":"902o1xryg8mp5j9","id":"902o1xryg8mp5j9"},"id":"mjknkjtwz4s4e12","previousOperationId":"s2iaormkgqep12a"}
{"type":"operationEnd","operationId":"s2iaormkgqep12a","timestamp":1744290798234,"id":"7ut4unmgdrfnba3","previousEventId":"wdq9otumebp8kcj","previousOperationId":"s2iaormkgqep12a"}
{"type":"operationStart","subtype":"recipe","name":"chrome-pdf","timestamp":1744290798235,"id":"0fu44ex98elpafp","previousEventId":"7ut4unmgdrfnba3","operationId":"dlgs6u22o6z3qok","previousOperationId":"s2iaormkgqep12a"}
{"type":"log","timestamp":1744290798235,"level":"debug","message":"Executing recipe chrome-pdf","meta":{"rootId":"902o1xryg8mp5j9","id":"902o1xryg8mp5j9"},"id":"enf83ocb6lps9s6","previousOperationId":"dlgs6u22o6z3qok"}
{"type":"log","timestamp":1744290798239,"level":"debug","message":"Converting with chrome Chrome/133.0.6943.126 using chrome-pool strategy","meta":{"rootId":"902o1xryg8mp5j9","id":"902o1xryg8mp5j9"},"id":"kmoiwab99fbpsux","previousOperationId":"dlgs6u22o6z3qok"}
{"type":"log","timestamp":1744290798310,"level":"debug","message":"Page request: GET (document) file:///C:/Users/Patheo24/AppData/Local/Temp/jsreport/autocleanup/6a6e67e9-ed7c-4870-b39d-2c778a23c1e9-chrome-pdf.html","meta":{"rootId":"902o1xryg8mp5j9","id":"902o1xryg8mp5j9"},"id":"nbsx54djgpbuf3u","previousOperationId":"dlgs6u22o6z3qok"}
{"type":"log","timestamp":1744290798334,"level":"debug","message":"Page request finished: GET (document) 200 file:///C:/Users/Patheo24/AppData/Local/Temp/jsreport/autocleanup/6a6e67e9-ed7c-4870-b39d-2c778a23c1e9-chrome-pdf.html","meta":{"rootId":"902o1xryg8mp5j9","id":"902o1xryg8mp5j9"},"id":"vvqi7eb5ox6r46g","previousOperationId":"dlgs6u22o6z3qok"}
{"type":"log","timestamp":1744290798339,"level":"debug","message":"Page request: GET (image) https://res.cloudinary.com/dpes1dyqb/image/upload/v1738768933/logo_myycxt.jpg","meta":{"rootId":"902o1xryg8mp5j9","id":"902o1xryg8mp5j9"},"id":"l9obii1wee6d24b","previousOperationId":"dlgs6u22o6z3qok"}
{"type":"log","timestamp":1744290798340,"level":"debug","message":"Page request: GET (font) http://localhost:5488/fonts/kalpurush.ttf","meta":{"rootId":"902o1xryg8mp5j9","id":"902o1xryg8mp5j9"},"id":"vtijrk0hwlooq2e","previousOperationId":"dlgs6u22o6z3qok"}
{"type":"log","timestamp":1744290798391,"level":"debug","message":"Page request: GET (font) http://localhost:5488/fonts/kalpurush.ttf","meta":{"rootId":"902o1xryg8mp5j9","id":"902o1xryg8mp5j9"},"id":"aoyxlwrwzy7mkge","previousOperationId":"dlgs6u22o6z3qok"}
{"type":"log","timestamp":1744290798393,"level":"debug","message":"Page request finished: GET (image) 200 https://res.cloudinary.com/dpes1dyqb/image/upload/v1738768933/logo_myycxt.jpg","meta":{"rootId":"902o1xryg8mp5j9","id":"902o1xryg8mp5j9"},"id":"654jh428kso29so","previousOperationId":"dlgs6u22o6z3qok"}
{"type":"log","timestamp":1744290798404,"level":"debug","message":"(console:error) Failed to load resource: the server responded with a status of 404 (Not Found)","meta":{"userLevel":true,"rootId":"902o1xryg8mp5j9","id":"902o1xryg8mp5j9"},"id":"q67itfvu1ci82rw","previousOperationId":"dlgs6u22o6z3qok"}
{"type":"log","timestamp":1744290798405,"level":"warn","message":"Page request failed: GET (font) http://localhost:5488/fonts/kalpurush.ttf, failure: net::ERR_ABORTED","meta":{"rootId":"902o1xryg8mp5j9","id":"902o1xryg8mp5j9"},"id":"x7ikck9x8al8pt6","previousOperationId":"dlgs6u22o6z3qok"}
{"type":"log","timestamp":1744290798413,"level":"debug","message":"Running chrome with params {\"printBackground\":true,\"format\":\"A5\",\"marginRight\":\"\",\"height\":\"\",\"marginTop\":\"\",\"marginBottom\":\"\",\"marginLeft\":\"\",\"displayHeaderFooter\":true,\"width\":\"\",\"timeout\":59931,\"margin\":{\"top\":\"\",\"right\":\"\",\"bottom\":\"\",\"left\":\"\"}}","meta":{"rootId":"902o1xryg8mp5j9","id":"902o1xryg8mp5j9"},"id":"v3f1bz4gf3zdldk","previousOperationId":"dlgs6u22o6z3qok"}
{"type":"operationEnd","operationId":"dlgs6u22o6z3qok","timestamp":1744290798711,"id":"2q7bzccpx6myfl9","previousEventId":"0fu44ex98elpafp","previousOperationId":"dlgs6u22o6z3qok"}
{"type":"log","timestamp":1744290798711,"level":"debug","message":"Skipping storing report.","meta":{"rootId":"902o1xryg8mp5j9","id":"902o1xryg8mp5j9"},"id":"72ipqm4ncr0upuq","previousOperationId":"dlgs6u22o6z3qok"}
{"type":"log","timestamp":1744290798711,"level":"info","message":"Rendering request 10 finished in 542 ms","meta":{"rootId":"902o1xryg8mp5j9","id":"902o1xryg8mp5j9"},"id":"atmundlqi1hw7vr","previousOperationId":"dlgs6u22o6z3qok"}
{"type":"operationEnd","subtype":"render","operationId":"zkkwp1kpfss5ro6","timestamp":1744290798711,"id":"jfzb8l1xja9dg46","previousEventId":"2q7bzccpx6myfl9","previousOperationId":"dlgs6u22o6z3qok"}
{"type":"operationEnd","doDiffs":false,"previousEventId":"4xko233lo0ahioy","previousOperationId":"5i8ndfywwgeaks1","operationId":"5i8ndfywwgeaks1","timestamp":1744290798716,"id":"j0opk6ksq7f36s2"}
