{"type":"operationStart","subtype":"profile","data":{"_id":"Om0Xxp7hBI6R0DL3","timestamp":"2025-04-09T11:56:13.609Z","state":"queued","mode":"standard","creationDate":"2025-04-09T11:56:13.610Z","modificationDate":"2025-04-09T11:56:13.610Z","shortid":"b9PSJpf","$entitySet":"profiles"},"doDiffs":false,"timestamp":1744199773610,"id":"fpixz9g4feqe4tz","previousOperationId":null,"operationId":"4vkciiu9yxu0oog"}
{"type":"log","level":"info","message":"Render request 42 queued for execution and waiting for available worker","previousOperationId":"4vkciiu9yxu0oog","timestamp":1744199773610,"id":"b1tyfeooa9aofmz"}
{"type":"operationStart","subtype":"render","name":"myTemplate","previousOperationId":"4vkciiu9yxu0oog","timestamp":1744199773619,"id":"rdkb3fm5ta2f80f","previousEventId":"fpixz9g4feqe4tz","operationId":"795l9ctoboz72is"}
{"type":"log","timestamp":1744199773619,"level":"info","message":"Starting rendering request 42","meta":{"rootId":"95ea7ao80bj7gwb","id":"95ea7ao80bj7gwb"},"id":"4y6dssaz2qyky2e","previousOperationId":"795l9ctoboz72is"}
{"type":"log","timestamp":1744199773619,"level":"info","message":"Rendering template { name: myTemplate, recipe: chrome-pdf, engine: handlebars, preview: false }","meta":{"rootId":"95ea7ao80bj7gwb","id":"95ea7ao80bj7gwb"},"id":"08cx2ojgstyyqr4","previousOperationId":"795l9ctoboz72is"}
{"type":"log","timestamp":1744199773620,"level":"debug","message":"Inline data specified.","meta":{"rootId":"95ea7ao80bj7gwb","id":"95ea7ao80bj7gwb"},"id":"6lmjt4udck81it8","previousOperationId":"795l9ctoboz72is"}
{"type":"log","timestamp":1744199773621,"level":"debug","message":"Base url not specified, skipping its injection.","meta":{"rootId":"95ea7ao80bj7gwb","id":"95ea7ao80bj7gwb"},"id":"hvc03zzbf45h6wz","previousOperationId":"795l9ctoboz72is"}
{"type":"operationStart","subtype":"engine","name":"handlebars","timestamp":1744199773622,"id":"ygrdccthyowypsj","previousEventId":"rdkb3fm5ta2f80f","operationId":"234ffr1bpoilv62","previousOperationId":"795l9ctoboz72is"}
{"type":"log","timestamp":1744199773622,"level":"debug","message":"Rendering engine handlebars","meta":{"rootId":"95ea7ao80bj7gwb","id":"95ea7ao80bj7gwb"},"id":"e4gfnxp3f3j2zzu","previousOperationId":"234ffr1bpoilv62"}
{"type":"operationEnd","operationId":"234ffr1bpoilv62","timestamp":1744199773638,"id":"zq67q9qp0ig1osz","previousEventId":"ygrdccthyowypsj","previousOperationId":"234ffr1bpoilv62"}
{"type":"operationStart","subtype":"recipe","name":"chrome-pdf","timestamp":1744199773638,"id":"wgpock9xbgli2ne","previousEventId":"zq67q9qp0ig1osz","operationId":"8zx3h6hsi2y25el","previousOperationId":"234ffr1bpoilv62"}
{"type":"log","timestamp":1744199773638,"level":"debug","message":"Executing recipe chrome-pdf","meta":{"rootId":"95ea7ao80bj7gwb","id":"95ea7ao80bj7gwb"},"id":"a4w2nrckzmywlbq","previousOperationId":"8zx3h6hsi2y25el"}
{"type":"log","timestamp":1744199773641,"level":"debug","message":"Converting with chrome Chrome/133.0.6943.126 using chrome-pool strategy","meta":{"rootId":"95ea7ao80bj7gwb","id":"95ea7ao80bj7gwb"},"id":"yhbc9zj6cs0bd1m","previousOperationId":"8zx3h6hsi2y25el"}
{"type":"log","timestamp":1744199773850,"level":"debug","message":"Page request: GET (document) file:///C:/Users/Patheo24/AppData/Local/Temp/jsreport/autocleanup/a083e32d-e84d-4826-bd12-bea72f7c9376-chrome-pdf.html","meta":{"rootId":"95ea7ao80bj7gwb","id":"95ea7ao80bj7gwb"},"id":"g6l18hvsj9v0ynb","previousOperationId":"8zx3h6hsi2y25el"}
{"type":"log","timestamp":1744199773947,"level":"debug","message":"Page request finished: GET (document) 200 file:///C:/Users/Patheo24/AppData/Local/Temp/jsreport/autocleanup/a083e32d-e84d-4826-bd12-bea72f7c9376-chrome-pdf.html","meta":{"rootId":"95ea7ao80bj7gwb","id":"95ea7ao80bj7gwb"},"id":"39lv5x5fawlqpp7","previousOperationId":"8zx3h6hsi2y25el"}
{"type":"log","timestamp":1744199773947,"level":"debug","message":"(console:info) Slow network is detected. See https://www.chromestatus.com/feature/5636954674692096 for more details. Fallback font will be used while loading: http://localhost:5488/fonts/kalpurush.ttf","meta":{"userLevel":true,"rootId":"95ea7ao80bj7gwb","id":"95ea7ao80bj7gwb"},"id":"1jedvyw3wib5e1e","previousOperationId":"8zx3h6hsi2y25el"}
{"type":"log","timestamp":1744199773948,"level":"debug","message":"Page request: GET (font) http://localhost:5488/fonts/kalpurush.ttf","meta":{"rootId":"95ea7ao80bj7gwb","id":"95ea7ao80bj7gwb"},"id":"dfizjeivcgyl0hp","previousOperationId":"8zx3h6hsi2y25el"}
{"type":"log","timestamp":1744199773994,"level":"debug","message":"Page request: GET (font) http://localhost:5488/fonts/kalpurush.ttf","meta":{"rootId":"95ea7ao80bj7gwb","id":"95ea7ao80bj7gwb"},"id":"b05vh7qoefzbzyv","previousOperationId":"8zx3h6hsi2y25el"}
{"type":"log","timestamp":1744199774007,"level":"debug","message":"(console:error) Failed to load resource: the server responded with a status of 404 (Not Found)","meta":{"userLevel":true,"rootId":"95ea7ao80bj7gwb","id":"95ea7ao80bj7gwb"},"id":"5b5ur274rp2of9c","previousOperationId":"8zx3h6hsi2y25el"}
{"type":"log","timestamp":1744199774007,"level":"warn","message":"Page request failed: GET (font) http://localhost:5488/fonts/kalpurush.ttf, failure: net::ERR_ABORTED","meta":{"rootId":"95ea7ao80bj7gwb","id":"95ea7ao80bj7gwb"},"id":"cm4jqnsbb7ceee4","previousOperationId":"8zx3h6hsi2y25el"}
{"type":"log","timestamp":1744199774011,"level":"debug","message":"Running chrome with params {\"printBackground\":true,\"timeout\":59969,\"margin\":{}}","meta":{"rootId":"95ea7ao80bj7gwb","id":"95ea7ao80bj7gwb"},"id":"qrw5o4madh8gb70","previousOperationId":"8zx3h6hsi2y25el"}
{"type":"operationEnd","operationId":"8zx3h6hsi2y25el","timestamp":1744199774189,"id":"1xaf1x0ce8o6gmp","previousEventId":"wgpock9xbgli2ne","previousOperationId":"8zx3h6hsi2y25el"}
{"type":"log","timestamp":1744199774189,"level":"debug","message":"Skipping storing report.","meta":{"rootId":"95ea7ao80bj7gwb","id":"95ea7ao80bj7gwb"},"id":"a6vq5plzmd1oyu1","previousOperationId":"8zx3h6hsi2y25el"}
{"type":"log","timestamp":1744199774189,"level":"info","message":"Rendering request 42 finished in 580 ms","meta":{"rootId":"95ea7ao80bj7gwb","id":"95ea7ao80bj7gwb"},"id":"i512gp1cm11g6r3","previousOperationId":"8zx3h6hsi2y25el"}
{"type":"operationEnd","subtype":"render","operationId":"795l9ctoboz72is","timestamp":1744199774189,"id":"033bbyto2h3ltz8","previousEventId":"1xaf1x0ce8o6gmp","previousOperationId":"8zx3h6hsi2y25el"}
{"type":"operationEnd","doDiffs":false,"previousEventId":"fpixz9g4feqe4tz","previousOperationId":"4vkciiu9yxu0oog","operationId":"4vkciiu9yxu0oog","timestamp":1744199774191,"id":"74dtrexmoxf508p"}
