{"type":"operationStart","subtype":"profile","data":{"_id":"iRpbHpi0Iv3flXjp","timestamp":"2025-04-09T06:40:47.400Z","state":"queued","mode":"standard","creationDate":"2025-04-09T06:40:47.402Z","modificationDate":"2025-04-09T06:40:47.402Z","shortid":"DaXMNOx","$entitySet":"profiles"},"doDiffs":false,"timestamp":1744180847401,"id":"u5iy1gbi7rqvoi5","previousOperationId":null,"operationId":"mayjpo00vrgq07u"}
{"type":"log","level":"info","message":"Render request 18 queued for execution and waiting for available worker","previousOperationId":"mayjpo00vrgq07u","timestamp":1744180847401,"id":"0uts95p3ll3ni4r"}
{"type":"operationStart","subtype":"render","name":"myTemplate","previousOperationId":"mayjpo00vrgq07u","timestamp":1744180847415,"id":"4tnfr8nblnan3d5","previousEventId":"u5iy1gbi7rqvoi5","operationId":"7u1mmxfkp3co11f"}
{"type":"log","timestamp":1744180847415,"level":"info","message":"Starting rendering request 18","meta":{"rootId":"963cdqbwp4tp7uz","id":"963cdqbwp4tp7uz"},"id":"damvl63vch2u7kl","previousOperationId":"7u1mmxfkp3co11f"}
{"type":"log","timestamp":1744180847415,"level":"info","message":"Rendering template { name: myTemplate, recipe: chrome-pdf, engine: handlebars, preview: true }","meta":{"rootId":"963cdqbwp4tp7uz","id":"963cdqbwp4tp7uz"},"id":"ph89xak19lpe1r9","previousOperationId":"7u1mmxfkp3co11f"}
{"type":"log","timestamp":1744180847416,"level":"debug","message":"Inline data specified.","meta":{"rootId":"963cdqbwp4tp7uz","id":"963cdqbwp4tp7uz"},"id":"foxlpsimm10vwbm","previousOperationId":"7u1mmxfkp3co11f"}
{"type":"log","timestamp":1744180847418,"level":"debug","message":"Base url not specified, skipping its injection.","meta":{"rootId":"963cdqbwp4tp7uz","id":"963cdqbwp4tp7uz"},"id":"ayxg876zbhat226","previousOperationId":"7u1mmxfkp3co11f"}
{"type":"operationStart","subtype":"engine","name":"handlebars","timestamp":1744180847418,"id":"orgckavnwe9eexd","previousEventId":"4tnfr8nblnan3d5","operationId":"t9dl18bm4o5dxv4","previousOperationId":"7u1mmxfkp3co11f"}
{"type":"log","timestamp":1744180847418,"level":"debug","message":"Rendering engine handlebars","meta":{"rootId":"963cdqbwp4tp7uz","id":"963cdqbwp4tp7uz"},"id":"q2waq615cpmcm8u","previousOperationId":"t9dl18bm4o5dxv4"}
{"type":"operationEnd","operationId":"t9dl18bm4o5dxv4","timestamp":1744180847434,"id":"gfa34kk4c1oqywn","previousEventId":"orgckavnwe9eexd","previousOperationId":"t9dl18bm4o5dxv4"}
{"type":"operationStart","subtype":"recipe","name":"chrome-pdf","timestamp":1744180847434,"id":"vtf1jl2042w6bnz","previousEventId":"gfa34kk4c1oqywn","operationId":"8vdc6kzgljgp5ld","previousOperationId":"t9dl18bm4o5dxv4"}
{"type":"log","timestamp":1744180847434,"level":"debug","message":"Executing recipe chrome-pdf","meta":{"rootId":"963cdqbwp4tp7uz","id":"963cdqbwp4tp7uz"},"id":"71xegx9856lbvai","previousOperationId":"8vdc6kzgljgp5ld"}
{"type":"log","timestamp":1744180847436,"level":"debug","message":"Converting with chrome Chrome/133.0.6943.126 using chrome-pool strategy","meta":{"rootId":"963cdqbwp4tp7uz","id":"963cdqbwp4tp7uz"},"id":"0ej03ek0mo1ixuh","previousOperationId":"8vdc6kzgljgp5ld"}
{"type":"log","timestamp":1744180847515,"level":"debug","message":"Page request: GET (document) file:///C:/Users/Patheo24/AppData/Local/Temp/jsreport/autocleanup/9d0a620b-e929-4603-9a53-aa09d68c4bfc-chrome-pdf.html","meta":{"rootId":"963cdqbwp4tp7uz","id":"963cdqbwp4tp7uz"},"id":"kg2zcnhdq5y086r","previousOperationId":"8vdc6kzgljgp5ld"}
{"type":"log","timestamp":1744180847545,"level":"debug","message":"Page request finished: GET (document) 200 file:///C:/Users/Patheo24/AppData/Local/Temp/jsreport/autocleanup/9d0a620b-e929-4603-9a53-aa09d68c4bfc-chrome-pdf.html","meta":{"rootId":"963cdqbwp4tp7uz","id":"963cdqbwp4tp7uz"},"id":"5dcw18h03kl1qih","previousOperationId":"8vdc6kzgljgp5ld"}
{"type":"log","timestamp":1744180847545,"level":"debug","message":"(console:info) Slow network is detected. See https://www.chromestatus.com/feature/5636954674692096 for more details. Fallback font will be used while loading: http://localhost:5488/fonts/kalpurush.ttf","meta":{"userLevel":true,"rootId":"963cdqbwp4tp7uz","id":"963cdqbwp4tp7uz"},"id":"8b36lvowxe3xf3q","previousOperationId":"8vdc6kzgljgp5ld"}
{"type":"log","timestamp":1744180847551,"level":"debug","message":"Page request: GET (font) http://localhost:5488/fonts/kalpurush.ttf","meta":{"rootId":"963cdqbwp4tp7uz","id":"963cdqbwp4tp7uz"},"id":"26yeu9hapweimoz","previousOperationId":"8vdc6kzgljgp5ld"}
{"type":"log","timestamp":1744180847551,"level":"debug","message":"Page request: GET (image) https://res.cloudinary.com/dpes1dyqb/image/upload/v1738768933/logo_myycxt.jpg","meta":{"rootId":"963cdqbwp4tp7uz","id":"963cdqbwp4tp7uz"},"id":"8ummxxtcpiiwtn1","previousOperationId":"8vdc6kzgljgp5ld"}
{"type":"log","timestamp":1744180847555,"level":"debug","message":"Page request: GET (font) http://localhost:5488/fonts/kalpurush.ttf","meta":{"rootId":"963cdqbwp4tp7uz","id":"963cdqbwp4tp7uz"},"id":"aobcytnciecyng3","previousOperationId":"8vdc6kzgljgp5ld"}
{"type":"log","timestamp":1744180847558,"level":"debug","message":"Page request finished: GET (image) 200 https://res.cloudinary.com/dpes1dyqb/image/upload/v1738768933/logo_myycxt.jpg","meta":{"rootId":"963cdqbwp4tp7uz","id":"963cdqbwp4tp7uz"},"id":"c15o59w2q4nqgp9","previousOperationId":"8vdc6kzgljgp5ld"}
{"type":"log","timestamp":1744180847617,"level":"debug","message":"(console:error) Failed to load resource: the server responded with a status of 404 (Not Found)","meta":{"userLevel":true,"rootId":"963cdqbwp4tp7uz","id":"963cdqbwp4tp7uz"},"id":"a885glmmk3y7sxi","previousOperationId":"8vdc6kzgljgp5ld"}
{"type":"log","timestamp":1744180847617,"level":"warn","message":"Page request failed: GET (font) http://localhost:5488/fonts/kalpurush.ttf, failure: net::ERR_ABORTED","meta":{"rootId":"963cdqbwp4tp7uz","id":"963cdqbwp4tp7uz"},"id":"eb4kkfeq132tvmi","previousOperationId":"8vdc6kzgljgp5ld"}
{"type":"log","timestamp":1744180847628,"level":"debug","message":"Running chrome with params {\"printBackground\":true,\"timeout\":59965,\"margin\":{}}","meta":{"rootId":"963cdqbwp4tp7uz","id":"963cdqbwp4tp7uz"},"id":"3tykf88ztpbag2j","previousOperationId":"8vdc6kzgljgp5ld"}
{"type":"operationEnd","operationId":"8vdc6kzgljgp5ld","timestamp":1744180847935,"id":"w8391u58sg7wa4x","previousEventId":"vtf1jl2042w6bnz","previousOperationId":"8vdc6kzgljgp5ld"}
{"type":"log","timestamp":1744180847935,"level":"debug","message":"Skipping storing report.","meta":{"rootId":"963cdqbwp4tp7uz","id":"963cdqbwp4tp7uz"},"id":"105v7awuc67ecmx","previousOperationId":"8vdc6kzgljgp5ld"}
{"type":"log","timestamp":1744180847935,"level":"info","message":"Rendering request 18 finished in 535 ms","meta":{"rootId":"963cdqbwp4tp7uz","id":"963cdqbwp4tp7uz"},"id":"3i8wsmoibll74ko","previousOperationId":"8vdc6kzgljgp5ld"}
{"type":"operationEnd","subtype":"render","operationId":"7u1mmxfkp3co11f","timestamp":1744180847935,"id":"87qgz0sneo14a5m","previousEventId":"w8391u58sg7wa4x","previousOperationId":"8vdc6kzgljgp5ld"}
{"type":"operationEnd","doDiffs":false,"previousEventId":"u5iy1gbi7rqvoi5","previousOperationId":"mayjpo00vrgq07u","operationId":"mayjpo00vrgq07u","timestamp":1744180847942,"id":"kak9az9hjn6w3sy"}
