{"type":"operationStart","subtype":"profile","data":{"_id":"FQhRG9DX8o7frNIx","timestamp":"2025-04-09T14:02:47.409Z","state":"queued","mode":"standard","creationDate":"2025-04-09T14:02:47.411Z","modificationDate":"2025-04-09T14:02:47.411Z","shortid":"dcrSYVr","$entitySet":"profiles"},"doDiffs":false,"timestamp":1744207367410,"id":"3m07bn4drz3x48c","previousOperationId":null,"operationId":"sxz0ulg3cz0t1yl"}
{"type":"log","level":"info","message":"Render request 59 queued for execution and waiting for available worker","previousOperationId":"sxz0ulg3cz0t1yl","timestamp":1744207367410,"id":"rbcxpl7y69a0bar"}
{"type":"operationStart","subtype":"render","name":"myTemplate","previousOperationId":"sxz0ulg3cz0t1yl","timestamp":1744207367422,"id":"kvhbfv3smtghh1i","previousEventId":"3m07bn4drz3x48c","operationId":"a7d5t3phckuku9n"}
{"type":"log","timestamp":1744207367422,"level":"info","message":"Starting rendering request 59","meta":{"rootId":"9fpgez80fdad7a4","id":"9fpgez80fdad7a4"},"id":"36yhs0lzvbdlpzb","previousOperationId":"a7d5t3phckuku9n"}
{"type":"log","timestamp":1744207367422,"level":"info","message":"Rendering template { name: myTemplate, recipe: chrome-pdf, engine: handlebars, preview: true }","meta":{"rootId":"9fpgez80fdad7a4","id":"9fpgez80fdad7a4"},"id":"d1cql1pq9v4hw3q","previousOperationId":"a7d5t3phckuku9n"}
{"type":"log","timestamp":1744207367423,"level":"debug","message":"Adding sample data HUavgV0Kc","meta":{"rootId":"9fpgez80fdad7a4","id":"9fpgez80fdad7a4"},"id":"8rz3e9yj5x85bb7","previousOperationId":"a7d5t3phckuku9n"}
{"type":"log","timestamp":1744207367425,"level":"debug","message":"Base url not specified, skipping its injection.","meta":{"rootId":"9fpgez80fdad7a4","id":"9fpgez80fdad7a4"},"id":"fttmotqpgjpaac8","previousOperationId":"a7d5t3phckuku9n"}
{"type":"operationStart","subtype":"engine","name":"handlebars","timestamp":1744207367425,"id":"obe9i376o68lcb0","previousEventId":"kvhbfv3smtghh1i","operationId":"h9okrwnzovjt80r","previousOperationId":"a7d5t3phckuku9n"}
{"type":"log","timestamp":1744207367425,"level":"debug","message":"Rendering engine handlebars","meta":{"rootId":"9fpgez80fdad7a4","id":"9fpgez80fdad7a4"},"id":"0wlpt139n35u3eo","previousOperationId":"h9okrwnzovjt80r"}
{"type":"operationEnd","operationId":"h9okrwnzovjt80r","timestamp":1744207367445,"id":"8twgq3gmx21scch","previousEventId":"obe9i376o68lcb0","previousOperationId":"h9okrwnzovjt80r"}
{"type":"operationStart","subtype":"recipe","name":"chrome-pdf","timestamp":1744207367445,"id":"687t5o8muomovv4","previousEventId":"8twgq3gmx21scch","operationId":"1zvvg1phgx0lm2w","previousOperationId":"h9okrwnzovjt80r"}
{"type":"log","timestamp":1744207367445,"level":"debug","message":"Executing recipe chrome-pdf","meta":{"rootId":"9fpgez80fdad7a4","id":"9fpgez80fdad7a4"},"id":"xolae8v4ei34sql","previousOperationId":"1zvvg1phgx0lm2w"}
{"type":"log","timestamp":1744207367450,"level":"debug","message":"Converting with chrome Chrome/133.0.6943.126 using chrome-pool strategy","meta":{"rootId":"9fpgez80fdad7a4","id":"9fpgez80fdad7a4"},"id":"1fqrs46sxurrjhx","previousOperationId":"1zvvg1phgx0lm2w"}
{"type":"log","timestamp":1744207367524,"level":"debug","message":"Page request: GET (document) file:///C:/Users/Patheo24/AppData/Local/Temp/jsreport/autocleanup/6bb24178-173c-46cf-b226-6dadc55fafef-chrome-pdf.html","meta":{"rootId":"9fpgez80fdad7a4","id":"9fpgez80fdad7a4"},"id":"cglsqy6jgyigx62","previousOperationId":"1zvvg1phgx0lm2w"}
{"type":"log","timestamp":1744207367552,"level":"debug","message":"Page request finished: GET (document) 200 file:///C:/Users/Patheo24/AppData/Local/Temp/jsreport/autocleanup/6bb24178-173c-46cf-b226-6dadc55fafef-chrome-pdf.html","meta":{"rootId":"9fpgez80fdad7a4","id":"9fpgez80fdad7a4"},"id":"tukdc4sm90ia6yt","previousOperationId":"1zvvg1phgx0lm2w"}
{"type":"log","timestamp":1744207367558,"level":"debug","message":"Page request: GET (font) http://localhost:5488/fonts/kalpurush.ttf","meta":{"rootId":"9fpgez80fdad7a4","id":"9fpgez80fdad7a4"},"id":"25271z14c6pzu15","previousOperationId":"1zvvg1phgx0lm2w"}
{"type":"log","timestamp":1744207367559,"level":"debug","message":"Page request: GET (image) https://res.cloudinary.com/dpes1dyqb/image/upload/v1738768933/logo_myycxt.jpg","meta":{"rootId":"9fpgez80fdad7a4","id":"9fpgez80fdad7a4"},"id":"n6xzvzwnu6i0m9g","previousOperationId":"1zvvg1phgx0lm2w"}
{"type":"log","timestamp":1744207367564,"level":"debug","message":"Page request: GET (font) http://localhost:5488/fonts/kalpurush.ttf","meta":{"rootId":"9fpgez80fdad7a4","id":"9fpgez80fdad7a4"},"id":"6rtun035rgr6oo3","previousOperationId":"1zvvg1phgx0lm2w"}
{"type":"log","timestamp":1744207367611,"level":"debug","message":"Page request finished: GET (image) 200 https://res.cloudinary.com/dpes1dyqb/image/upload/v1738768933/logo_myycxt.jpg","meta":{"rootId":"9fpgez80fdad7a4","id":"9fpgez80fdad7a4"},"id":"lk06duq384qvxay","previousOperationId":"1zvvg1phgx0lm2w"}
{"type":"log","timestamp":1744207367616,"level":"debug","message":"(console:error) Failed to load resource: the server responded with a status of 404 (Not Found)","meta":{"userLevel":true,"rootId":"9fpgez80fdad7a4","id":"9fpgez80fdad7a4"},"id":"osvrsne8lz2b4pj","previousOperationId":"1zvvg1phgx0lm2w"}
{"type":"log","timestamp":1744207367616,"level":"warn","message":"Page request failed: GET (font) http://localhost:5488/fonts/kalpurush.ttf, failure: net::ERR_ABORTED","meta":{"rootId":"9fpgez80fdad7a4","id":"9fpgez80fdad7a4"},"id":"5g1of6bhqo2s932","previousOperationId":"1zvvg1phgx0lm2w"}
{"type":"log","timestamp":1744207367625,"level":"debug","message":"Running chrome with params {\"printBackground\":true,\"format\":\"A5\",\"marginRight\":\"\",\"timeout\":59960,\"margin\":{\"right\":\"\"}}","meta":{"rootId":"9fpgez80fdad7a4","id":"9fpgez80fdad7a4"},"id":"1xdkhqabbejklgc","previousOperationId":"1zvvg1phgx0lm2w"}
{"type":"operationEnd","operationId":"1zvvg1phgx0lm2w","timestamp":1744207367921,"id":"8lcnxvs8zjge5ub","previousEventId":"687t5o8muomovv4","previousOperationId":"1zvvg1phgx0lm2w"}
{"type":"log","timestamp":1744207367921,"level":"debug","message":"Skipping storing report.","meta":{"rootId":"9fpgez80fdad7a4","id":"9fpgez80fdad7a4"},"id":"38bcol470mj44sl","previousOperationId":"1zvvg1phgx0lm2w"}
{"type":"log","timestamp":1744207367921,"level":"info","message":"Rendering request 59 finished in 512 ms","meta":{"rootId":"9fpgez80fdad7a4","id":"9fpgez80fdad7a4"},"id":"9oku92hc5uchhf8","previousOperationId":"1zvvg1phgx0lm2w"}
{"type":"operationEnd","subtype":"render","operationId":"a7d5t3phckuku9n","timestamp":1744207367921,"id":"bq81wxd43fjqqbp","previousEventId":"8lcnxvs8zjge5ub","previousOperationId":"1zvvg1phgx0lm2w"}
{"type":"operationEnd","doDiffs":false,"previousEventId":"3m07bn4drz3x48c","previousOperationId":"sxz0ulg3cz0t1yl","operationId":"sxz0ulg3cz0t1yl","timestamp":1744207367925,"id":"ta3kzjn6tw1njen"}
