{"type":"operationStart","subtype":"profile","data":{"_id":"L34OHD6qc8tcl3tc","timestamp":"2025-04-10T11:00:31.012Z","state":"queued","mode":"standard","creationDate":"2025-04-10T11:00:31.015Z","modificationDate":"2025-04-10T11:00:31.015Z","shortid":"VkvQalM","$entitySet":"profiles"},"doDiffs":false,"timestamp":1744282831014,"id":"5yjcrjxga308781","previousOperationId":null,"operationId":"t725p096zytptx8"}
{"type":"log","level":"info","message":"Render request 9 queued for execution and waiting for available worker","previousOperationId":"t725p096zytptx8","timestamp":1744282831014,"id":"ewayupkpt8nmiwy"}
{"type":"operationStart","subtype":"render","name":"myTemplate","previousOperationId":"t725p096zytptx8","timestamp":1744282831035,"id":"n058xrbq3l4g47x","previousEventId":"5yjcrjxga308781","operationId":"9vxglba2iwebgsy"}
{"type":"log","timestamp":1744282831036,"level":"info","message":"Starting rendering request 9","meta":{"rootId":"9mcahrirayrvbe5","id":"9mcahrirayrvbe5"},"id":"zvwokvkaa5rs4p4","previousOperationId":"9vxglba2iwebgsy"}
{"type":"log","timestamp":1744282831037,"level":"info","message":"Rendering template { name: myTemplate, recipe: chrome-pdf, engine: handlebars, preview: false }","meta":{"rootId":"9mcahrirayrvbe5","id":"9mcahrirayrvbe5"},"id":"oq374fnrfd3ygj4","previousOperationId":"9vxglba2iwebgsy"}
{"type":"log","timestamp":1744282831040,"level":"debug","message":"Inline data specified.","meta":{"rootId":"9mcahrirayrvbe5","id":"9mcahrirayrvbe5"},"id":"mnc1g5lfef3kdne","previousOperationId":"9vxglba2iwebgsy"}
{"type":"log","timestamp":1744282831043,"level":"debug","message":"Base url not specified, skipping its injection.","meta":{"rootId":"9mcahrirayrvbe5","id":"9mcahrirayrvbe5"},"id":"c8vg2u2hall1wqx","previousOperationId":"9vxglba2iwebgsy"}
{"type":"operationStart","subtype":"engine","name":"handlebars","timestamp":1744282831046,"id":"gfhwrg805a7xp9c","previousEventId":"n058xrbq3l4g47x","operationId":"16ov2w1s3d5c5zc","previousOperationId":"9vxglba2iwebgsy"}
{"type":"log","timestamp":1744282831046,"level":"debug","message":"Rendering engine handlebars","meta":{"rootId":"9mcahrirayrvbe5","id":"9mcahrirayrvbe5"},"id":"xjorm65eeelsye5","previousOperationId":"16ov2w1s3d5c5zc"}
{"type":"operationEnd","operationId":"16ov2w1s3d5c5zc","timestamp":1744282831067,"id":"ovtccaam7vd7du1","previousEventId":"gfhwrg805a7xp9c","previousOperationId":"16ov2w1s3d5c5zc"}
{"type":"operationStart","subtype":"recipe","name":"chrome-pdf","timestamp":1744282831068,"id":"2nfzwefyiwffxtl","previousEventId":"ovtccaam7vd7du1","operationId":"h76zyqw36xnmb0z","previousOperationId":"16ov2w1s3d5c5zc"}
{"type":"log","timestamp":1744282831068,"level":"debug","message":"Executing recipe chrome-pdf","meta":{"rootId":"9mcahrirayrvbe5","id":"9mcahrirayrvbe5"},"id":"vsfgcb38z1ndkwz","previousOperationId":"h76zyqw36xnmb0z"}
{"type":"log","timestamp":1744282831075,"level":"debug","message":"Converting with chrome Chrome/133.0.6943.126 using chrome-pool strategy","meta":{"rootId":"9mcahrirayrvbe5","id":"9mcahrirayrvbe5"},"id":"m3f7gv5sx3lzcdf","previousOperationId":"h76zyqw36xnmb0z"}
{"type":"log","timestamp":1744282831155,"level":"debug","message":"Page request: GET (document) file:///C:/Users/Patheo24/AppData/Local/Temp/jsreport/autocleanup/958214b5-12fc-4f56-8385-fb0c14481eaa-chrome-pdf.html","meta":{"rootId":"9mcahrirayrvbe5","id":"9mcahrirayrvbe5"},"id":"utoc5nfpm38bz5a","previousOperationId":"h76zyqw36xnmb0z"}
{"type":"log","timestamp":1744282831178,"level":"debug","message":"Page request finished: GET (document) 200 file:///C:/Users/Patheo24/AppData/Local/Temp/jsreport/autocleanup/958214b5-12fc-4f56-8385-fb0c14481eaa-chrome-pdf.html","meta":{"rootId":"9mcahrirayrvbe5","id":"9mcahrirayrvbe5"},"id":"6nnoewdywo27z5k","previousOperationId":"h76zyqw36xnmb0z"}
{"type":"log","timestamp":1744282831182,"level":"debug","message":"Page request: GET (image) https://res.cloudinary.com/dpes1dyqb/image/upload/v1738768933/logo_myycxt.jpg","meta":{"rootId":"9mcahrirayrvbe5","id":"9mcahrirayrvbe5"},"id":"varbioaq6w26il9","previousOperationId":"h76zyqw36xnmb0z"}
{"type":"log","timestamp":1744282831183,"level":"debug","message":"Page request: GET (font) http://localhost:5488/fonts/kalpurush.ttf","meta":{"rootId":"9mcahrirayrvbe5","id":"9mcahrirayrvbe5"},"id":"icc917scnds8jkf","previousOperationId":"h76zyqw36xnmb0z"}
{"type":"log","timestamp":1744282831242,"level":"debug","message":"Page request: GET (font) http://localhost:5488/fonts/kalpurush.ttf","meta":{"rootId":"9mcahrirayrvbe5","id":"9mcahrirayrvbe5"},"id":"d7m9h2qkm38y9nd","previousOperationId":"h76zyqw36xnmb0z"}
{"type":"log","timestamp":1744282831243,"level":"debug","message":"Page request finished: GET (image) 200 https://res.cloudinary.com/dpes1dyqb/image/upload/v1738768933/logo_myycxt.jpg","meta":{"rootId":"9mcahrirayrvbe5","id":"9mcahrirayrvbe5"},"id":"9ci0b4v45emzgvj","previousOperationId":"h76zyqw36xnmb0z"}
{"type":"log","timestamp":1744282831251,"level":"debug","message":"(console:error) Failed to load resource: the server responded with a status of 404 (Not Found)","meta":{"userLevel":true,"rootId":"9mcahrirayrvbe5","id":"9mcahrirayrvbe5"},"id":"24e7vuhmlcr4k52","previousOperationId":"h76zyqw36xnmb0z"}
{"type":"log","timestamp":1744282831251,"level":"warn","message":"Page request failed: GET (font) http://localhost:5488/fonts/kalpurush.ttf, failure: net::ERR_ABORTED","meta":{"rootId":"9mcahrirayrvbe5","id":"9mcahrirayrvbe5"},"id":"zh1wvi5wsp2llhx","previousOperationId":"h76zyqw36xnmb0z"}
{"type":"log","timestamp":1744282831260,"level":"debug","message":"Running chrome with params {\"printBackground\":true,\"format\":\"A5\",\"marginRight\":\"\",\"height\":\"\",\"marginTop\":\"\",\"marginBottom\":\"\",\"marginLeft\":\"\",\"displayHeaderFooter\":true,\"width\":\"\",\"timeout\":59933,\"margin\":{\"top\":\"\",\"right\":\"\",\"bottom\":\"\",\"left\":\"\"}}","meta":{"rootId":"9mcahrirayrvbe5","id":"9mcahrirayrvbe5"},"id":"zl9tzs2retrrwso","previousOperationId":"h76zyqw36xnmb0z"}
{"type":"operationEnd","operationId":"h76zyqw36xnmb0z","timestamp":1744282831608,"id":"axfyhmkykjyl1vq","previousEventId":"2nfzwefyiwffxtl","previousOperationId":"h76zyqw36xnmb0z"}
{"type":"log","timestamp":1744282831608,"level":"debug","message":"Skipping storing report.","meta":{"rootId":"9mcahrirayrvbe5","id":"9mcahrirayrvbe5"},"id":"dqpnizxjurgsgjf","previousOperationId":"h76zyqw36xnmb0z"}
{"type":"log","timestamp":1744282831608,"level":"info","message":"Rendering request 9 finished in 603 ms","meta":{"rootId":"9mcahrirayrvbe5","id":"9mcahrirayrvbe5"},"id":"kmqjy3bt89tzp0s","previousOperationId":"h76zyqw36xnmb0z"}
{"type":"operationEnd","subtype":"render","operationId":"9vxglba2iwebgsy","timestamp":1744282831608,"id":"tn7ou6hopwx7lsa","previousEventId":"axfyhmkykjyl1vq","previousOperationId":"h76zyqw36xnmb0z"}
{"type":"operationEnd","doDiffs":false,"previousEventId":"5yjcrjxga308781","previousOperationId":"t725p096zytptx8","operationId":"t725p096zytptx8","timestamp":1744282831612,"id":"kxgq56x12z1w90h"}
