{"type":"operationStart","subtype":"profile","data":{"_id":"x94cLDpB0h0F4p1m","timestamp":"2025-04-10T16:58:14.529Z","state":"queued","mode":"standard","creationDate":"2025-04-10T16:58:14.532Z","modificationDate":"2025-04-10T16:58:14.532Z","shortid":"eg8cNyS","$entitySet":"profiles"},"doDiffs":false,"timestamp":1744304294530,"id":"bv4bwwcvslyqluy","previousOperationId":null,"operationId":"l3yczdltbvncnoo"}
{"type":"log","level":"info","message":"Render request 1 queued for execution and waiting for available worker","previousOperationId":"l3yczdltbvncnoo","timestamp":1744304294531,"id":"wfg0uussh19l7mr"}
{"type":"operationStart","subtype":"render","name":"myTemplate","previousOperationId":"l3yczdltbvncnoo","timestamp":1744304294571,"id":"f0imuodelwf5d34","previousEventId":"bv4bwwcvslyqluy","operationId":"r16l0ufszw9saxo"}
{"type":"log","timestamp":1744304294572,"level":"info","message":"Starting rendering request 1","meta":{"rootId":"9omgz7c7rhfc06f","id":"9omgz7c7rhfc06f"},"id":"fkith3k2jflaok1","previousOperationId":"r16l0ufszw9saxo"}
{"type":"log","timestamp":1744304294573,"level":"info","message":"Rendering template { name: myTemplate, recipe: chrome-pdf, engine: handlebars, preview: true }","meta":{"rootId":"9omgz7c7rhfc06f","id":"9omgz7c7rhfc06f"},"id":"r4g1go4k1v2g5bn","previousOperationId":"r16l0ufszw9saxo"}
{"type":"log","timestamp":1744304294575,"level":"debug","message":"Inline data specified.","meta":{"rootId":"9omgz7c7rhfc06f","id":"9omgz7c7rhfc06f"},"id":"04pk311xdnapo96","previousOperationId":"r16l0ufszw9saxo"}
{"type":"log","timestamp":1744304294579,"level":"debug","message":"Base url not specified, skipping its injection.","meta":{"rootId":"9omgz7c7rhfc06f","id":"9omgz7c7rhfc06f"},"id":"rj7mwdawgrhz8sb","previousOperationId":"r16l0ufszw9saxo"}
{"type":"operationStart","subtype":"engine","name":"handlebars","timestamp":1744304294580,"id":"ynj3bk7f4f77ue7","previousEventId":"f0imuodelwf5d34","operationId":"nbcesusw5aaqzdc","previousOperationId":"r16l0ufszw9saxo"}
{"type":"log","timestamp":1744304294581,"level":"debug","message":"Rendering engine handlebars","meta":{"rootId":"9omgz7c7rhfc06f","id":"9omgz7c7rhfc06f"},"id":"mr83ld98ixbey4m","previousOperationId":"nbcesusw5aaqzdc"}
{"type":"operationEnd","operationId":"nbcesusw5aaqzdc","timestamp":1744304295512,"id":"hr11j9ssg5qzc37","previousEventId":"ynj3bk7f4f77ue7","previousOperationId":"nbcesusw5aaqzdc"}
{"type":"operationStart","subtype":"recipe","name":"chrome-pdf","timestamp":1744304295512,"id":"8gk2d4yi6hkq531","previousEventId":"hr11j9ssg5qzc37","operationId":"ugc8bmxnrquqg2s","previousOperationId":"nbcesusw5aaqzdc"}
{"type":"log","timestamp":1744304295512,"level":"debug","message":"Executing recipe chrome-pdf","meta":{"rootId":"9omgz7c7rhfc06f","id":"9omgz7c7rhfc06f"},"id":"jmh98jfohrvfcnk","previousOperationId":"ugc8bmxnrquqg2s"}
{"type":"log","timestamp":1744304296564,"level":"debug","message":"Converting with chrome Chrome/133.0.6943.126 using chrome-pool strategy","meta":{"rootId":"9omgz7c7rhfc06f","id":"9omgz7c7rhfc06f"},"id":"jc2wpecdom29hxg","previousOperationId":"ugc8bmxnrquqg2s"}
{"type":"log","timestamp":1744304296654,"level":"debug","message":"Page request: GET (document) file:///C:/Users/Patheo24/AppData/Local/Temp/jsreport/autocleanup/2fe01d79-b163-42ed-837d-62a090e1618d-chrome-pdf.html","meta":{"rootId":"9omgz7c7rhfc06f","id":"9omgz7c7rhfc06f"},"id":"v60xvbxb2kyj0np","previousOperationId":"ugc8bmxnrquqg2s"}
{"type":"log","timestamp":1744304296677,"level":"debug","message":"Page request finished: GET (document) 200 file:///C:/Users/Patheo24/AppData/Local/Temp/jsreport/autocleanup/2fe01d79-b163-42ed-837d-62a090e1618d-chrome-pdf.html","meta":{"rootId":"9omgz7c7rhfc06f","id":"9omgz7c7rhfc06f"},"id":"fjgm3g9i3tiyejl","previousOperationId":"ugc8bmxnrquqg2s"}
{"type":"log","timestamp":1744304296678,"level":"debug","message":"Page request: GET (image) https://res.cloudinary.com/dpes1dyqb/image/upload/v1738768933/logo_myycxt.jpg","meta":{"rootId":"9omgz7c7rhfc06f","id":"9omgz7c7rhfc06f"},"id":"dmwh23c8vjmwfjl","previousOperationId":"ugc8bmxnrquqg2s"}
{"type":"log","timestamp":1744304296680,"level":"debug","message":"Page request: GET (font) http://localhost:5488/fonts/kalpurush.ttf","meta":{"rootId":"9omgz7c7rhfc06f","id":"9omgz7c7rhfc06f"},"id":"ym15el6xk0eerwg","previousOperationId":"ugc8bmxnrquqg2s"}
{"type":"log","timestamp":1744304296695,"level":"debug","message":"Page request: GET (font) http://localhost:5488/fonts/kalpurush.ttf","meta":{"rootId":"9omgz7c7rhfc06f","id":"9omgz7c7rhfc06f"},"id":"gg3odcpsfcyxhqj","previousOperationId":"ugc8bmxnrquqg2s"}
{"type":"log","timestamp":1744304296775,"level":"debug","message":"(console:error) Failed to load resource: the server responded with a status of 404 (Not Found)","meta":{"userLevel":true,"rootId":"9omgz7c7rhfc06f","id":"9omgz7c7rhfc06f"},"id":"g72105rvaze4ob0","previousOperationId":"ugc8bmxnrquqg2s"}
{"type":"log","timestamp":1744304296776,"level":"warn","message":"Page request failed: GET (font) http://localhost:5488/fonts/kalpurush.ttf, failure: net::ERR_ABORTED","meta":{"rootId":"9omgz7c7rhfc06f","id":"9omgz7c7rhfc06f"},"id":"hgdw2so12e8bpkj","previousOperationId":"ugc8bmxnrquqg2s"}
{"type":"log","timestamp":1744304296921,"level":"debug","message":"Page request finished: GET (image) 200 https://res.cloudinary.com/dpes1dyqb/image/upload/v1738768933/logo_myycxt.jpg","meta":{"rootId":"9omgz7c7rhfc06f","id":"9omgz7c7rhfc06f"},"id":"6ordvhlagtq3ayh","previousOperationId":"ugc8bmxnrquqg2s"}
{"type":"log","timestamp":1744304296925,"level":"debug","message":"Running chrome with params {\"printBackground\":true,\"format\":\"A5\",\"marginRight\":\"\",\"height\":\"\",\"marginTop\":\"\",\"marginBottom\":\"\",\"marginLeft\":\"\",\"displayHeaderFooter\":true,\"width\":\"\",\"timeout\":58391,\"margin\":{\"top\":\"\",\"right\":\"\",\"bottom\":\"\",\"left\":\"\"}}","meta":{"rootId":"9omgz7c7rhfc06f","id":"9omgz7c7rhfc06f"},"id":"va92fbfm2ypegso","previousOperationId":"ugc8bmxnrquqg2s"}
{"type":"operationEnd","operationId":"ugc8bmxnrquqg2s","timestamp":1744304297370,"id":"mbf7cwr31525hsh","previousEventId":"8gk2d4yi6hkq531","previousOperationId":"ugc8bmxnrquqg2s"}
{"type":"log","timestamp":1744304297371,"level":"debug","message":"Skipping storing report.","meta":{"rootId":"9omgz7c7rhfc06f","id":"9omgz7c7rhfc06f"},"id":"9iat5r4l3d4r09s","previousOperationId":"ugc8bmxnrquqg2s"}
{"type":"log","timestamp":1744304297371,"level":"info","message":"Rendering request 1 finished in 2843 ms","meta":{"rootId":"9omgz7c7rhfc06f","id":"9omgz7c7rhfc06f"},"id":"y1jjhxgpmrb2b5o","previousOperationId":"ugc8bmxnrquqg2s"}
{"type":"operationEnd","subtype":"render","operationId":"r16l0ufszw9saxo","timestamp":1744304297372,"id":"wqub1kxbvcnpx87","previousEventId":"mbf7cwr31525hsh","previousOperationId":"ugc8bmxnrquqg2s"}
{"type":"operationEnd","doDiffs":false,"previousEventId":"bv4bwwcvslyqluy","previousOperationId":"l3yczdltbvncnoo","operationId":"l3yczdltbvncnoo","timestamp":1744304297384,"id":"t20s77gthquj19r"}
