{"type":"operationStart","subtype":"profile","data":{"_id":"mwHPD8F5CF2obR0f","timestamp":"2025-04-09T10:39:06.795Z","state":"queued","mode":"standard","creationDate":"2025-04-09T10:39:06.797Z","modificationDate":"2025-04-09T10:39:06.797Z","shortid":"yeIbXFU","$entitySet":"profiles"},"doDiffs":false,"timestamp":1744195146796,"id":"v4dr5ounyi6e48u","previousOperationId":null,"operationId":"9ylnzok1httuzd6"}
{"type":"log","level":"info","message":"Render request 16 queued for execution and waiting for available worker","previousOperationId":"9ylnzok1httuzd6","timestamp":1744195146796,"id":"zf9baeopo8j69ex"}
{"type":"operationStart","subtype":"render","name":"myTemplate","previousOperationId":"9ylnzok1httuzd6","timestamp":1744195146808,"id":"uw5euk50u3dg9oy","previousEventId":"v4dr5ounyi6e48u","operationId":"vf6de6mkq210j7g"}
{"type":"log","timestamp":1744195146808,"level":"info","message":"Starting rendering request 16","meta":{"rootId":"9tgnfo55wipp8vr","id":"9tgnfo55wipp8vr"},"id":"2gre8y8uopcq70x","previousOperationId":"vf6de6mkq210j7g"}
{"type":"log","timestamp":1744195146808,"level":"info","message":"Rendering template { name: myTemplate, recipe: chrome-pdf, engine: handlebars, preview: true }","meta":{"rootId":"9tgnfo55wipp8vr","id":"9tgnfo55wipp8vr"},"id":"mgbecmlvwc5c2bf","previousOperationId":"vf6de6mkq210j7g"}
{"type":"log","timestamp":1744195146808,"level":"debug","message":"Inline data specified.","meta":{"rootId":"9tgnfo55wipp8vr","id":"9tgnfo55wipp8vr"},"id":"qg1lfa61w7xt5pe","previousOperationId":"vf6de6mkq210j7g"}
{"type":"log","timestamp":1744195146810,"level":"debug","message":"Base url not specified, skipping its injection.","meta":{"rootId":"9tgnfo55wipp8vr","id":"9tgnfo55wipp8vr"},"id":"29ciw268r9origf","previousOperationId":"vf6de6mkq210j7g"}
{"type":"operationStart","subtype":"engine","name":"handlebars","timestamp":1744195146810,"id":"1azaym3whl7xp6a","previousEventId":"uw5euk50u3dg9oy","operationId":"1jlzwy1nj0kado7","previousOperationId":"vf6de6mkq210j7g"}
{"type":"log","timestamp":1744195146810,"level":"debug","message":"Rendering engine handlebars","meta":{"rootId":"9tgnfo55wipp8vr","id":"9tgnfo55wipp8vr"},"id":"wzv88j0oup3ller","previousOperationId":"1jlzwy1nj0kado7"}
{"type":"operationEnd","operationId":"1jlzwy1nj0kado7","timestamp":1744195146823,"id":"oe32ies47futray","previousEventId":"1azaym3whl7xp6a","previousOperationId":"1jlzwy1nj0kado7"}
{"type":"operationStart","subtype":"recipe","name":"chrome-pdf","timestamp":1744195146824,"id":"3j5osjqjp4q374r","previousEventId":"oe32ies47futray","operationId":"92wyf0dlbrubup5","previousOperationId":"1jlzwy1nj0kado7"}
{"type":"log","timestamp":1744195146824,"level":"debug","message":"Executing recipe chrome-pdf","meta":{"rootId":"9tgnfo55wipp8vr","id":"9tgnfo55wipp8vr"},"id":"1ylaf980xv3xj21","previousOperationId":"92wyf0dlbrubup5"}
{"type":"log","timestamp":1744195146826,"level":"debug","message":"Converting with chrome Chrome/133.0.6943.126 using chrome-pool strategy","meta":{"rootId":"9tgnfo55wipp8vr","id":"9tgnfo55wipp8vr"},"id":"iay8cpl2t7ltls1","previousOperationId":"92wyf0dlbrubup5"}
{"type":"log","timestamp":1744195146897,"level":"debug","message":"Page request: GET (document) file:///C:/Users/Patheo24/AppData/Local/Temp/jsreport/autocleanup/3749ef27-4890-492f-a4d5-4cceb3d07173-chrome-pdf.html","meta":{"rootId":"9tgnfo55wipp8vr","id":"9tgnfo55wipp8vr"},"id":"uw8wqujvabvpqgr","previousOperationId":"92wyf0dlbrubup5"}
{"type":"log","timestamp":1744195146928,"level":"debug","message":"Page request finished: GET (document) 200 file:///C:/Users/Patheo24/AppData/Local/Temp/jsreport/autocleanup/3749ef27-4890-492f-a4d5-4cceb3d07173-chrome-pdf.html","meta":{"rootId":"9tgnfo55wipp8vr","id":"9tgnfo55wipp8vr"},"id":"jbx6gj3snjapmxy","previousOperationId":"92wyf0dlbrubup5"}
{"type":"log","timestamp":1744195146933,"level":"debug","message":"Page request: GET (image) https://res.cloudinary.com/dpes1dyqb/image/upload/v1738768933/logo_myycxt.jpg","meta":{"rootId":"9tgnfo55wipp8vr","id":"9tgnfo55wipp8vr"},"id":"8wapf9g0s3k1g2h","previousOperationId":"92wyf0dlbrubup5"}
{"type":"log","timestamp":1744195146933,"level":"debug","message":"(console:info) Slow network is detected. See https://www.chromestatus.com/feature/5636954674692096 for more details. Fallback font will be used while loading: http://localhost:5488/fonts/kalpurush.ttf","meta":{"userLevel":true,"rootId":"9tgnfo55wipp8vr","id":"9tgnfo55wipp8vr"},"id":"yhjg574ykpv1vfr","previousOperationId":"92wyf0dlbrubup5"}
{"type":"log","timestamp":1744195146934,"level":"debug","message":"Page request: GET (font) http://localhost:5488/fonts/kalpurush.ttf","meta":{"rootId":"9tgnfo55wipp8vr","id":"9tgnfo55wipp8vr"},"id":"c8ckffpmz6vkdbf","previousOperationId":"92wyf0dlbrubup5"}
{"type":"log","timestamp":1744195146937,"level":"debug","message":"Page request: GET (font) http://localhost:5488/fonts/kalpurush.ttf","meta":{"rootId":"9tgnfo55wipp8vr","id":"9tgnfo55wipp8vr"},"id":"hh45ta689r0047o","previousOperationId":"92wyf0dlbrubup5"}
{"type":"log","timestamp":1744195146938,"level":"debug","message":"Page request finished: GET (image) 200 https://res.cloudinary.com/dpes1dyqb/image/upload/v1738768933/logo_myycxt.jpg","meta":{"rootId":"9tgnfo55wipp8vr","id":"9tgnfo55wipp8vr"},"id":"pbrwpw3p1tz9d6d","previousOperationId":"92wyf0dlbrubup5"}
{"type":"log","timestamp":1744195146983,"level":"debug","message":"(console:error) Failed to load resource: the server responded with a status of 404 (Not Found)","meta":{"userLevel":true,"rootId":"9tgnfo55wipp8vr","id":"9tgnfo55wipp8vr"},"id":"kami084u7642w5l","previousOperationId":"92wyf0dlbrubup5"}
{"type":"log","timestamp":1744195146983,"level":"warn","message":"Page request failed: GET (font) http://localhost:5488/fonts/kalpurush.ttf, failure: net::ERR_ABORTED","meta":{"rootId":"9tgnfo55wipp8vr","id":"9tgnfo55wipp8vr"},"id":"tdh8t299knojpv6","previousOperationId":"92wyf0dlbrubup5"}
{"type":"log","timestamp":1744195146996,"level":"debug","message":"Running chrome with params {\"printBackground\":true,\"timeout\":59970,\"margin\":{}}","meta":{"rootId":"9tgnfo55wipp8vr","id":"9tgnfo55wipp8vr"},"id":"tfwuo6rp88upku5","previousOperationId":"92wyf0dlbrubup5"}
{"type":"operationEnd","operationId":"92wyf0dlbrubup5","timestamp":1744195147318,"id":"8pe7e4rfxelfk5m","previousEventId":"3j5osjqjp4q374r","previousOperationId":"92wyf0dlbrubup5"}
{"type":"log","timestamp":1744195147318,"level":"debug","message":"Skipping storing report.","meta":{"rootId":"9tgnfo55wipp8vr","id":"9tgnfo55wipp8vr"},"id":"g9b9ed5labe7smk","previousOperationId":"92wyf0dlbrubup5"}
{"type":"log","timestamp":1744195147318,"level":"info","message":"Rendering request 16 finished in 523 ms","meta":{"rootId":"9tgnfo55wipp8vr","id":"9tgnfo55wipp8vr"},"id":"qn967wv91f9wjjc","previousOperationId":"92wyf0dlbrubup5"}
{"type":"operationEnd","subtype":"render","operationId":"vf6de6mkq210j7g","timestamp":1744195147318,"id":"2b5a4jlhn3zvbwq","previousEventId":"8pe7e4rfxelfk5m","previousOperationId":"92wyf0dlbrubup5"}
{"type":"operationEnd","doDiffs":false,"previousEventId":"v4dr5ounyi6e48u","previousOperationId":"9ylnzok1httuzd6","operationId":"9ylnzok1httuzd6","timestamp":1744195147322,"id":"676i6h084ttta5r"}
