{"type":"operationStart","subtype":"profile","data":{"_id":"J0GNVfTrcLj4d9V5","timestamp":"2025-04-09T06:41:20.723Z","state":"queued","mode":"standard","creationDate":"2025-04-09T06:41:20.725Z","modificationDate":"2025-04-09T06:41:20.725Z","shortid":"ohDKgid","$entitySet":"profiles"},"doDiffs":false,"timestamp":1744180880724,"id":"n2imzuk4flurcrh","previousOperationId":null,"operationId":"kmxut848lf65fza"}
{"type":"log","level":"info","message":"Render request 19 queued for execution and waiting for available worker","previousOperationId":"kmxut848lf65fza","timestamp":1744180880724,"id":"j9rfcr594phr4g1"}
{"type":"operationStart","subtype":"render","name":"myTemplate","previousOperationId":"kmxut848lf65fza","timestamp":1744180880736,"id":"pzh5q3hueup9als","previousEventId":"n2imzuk4flurcrh","operationId":"nl987mfp64tb56j"}
{"type":"log","timestamp":1744180880736,"level":"info","message":"Starting rendering request 19","meta":{"rootId":"a0ty2sn5ajezg0f","id":"a0ty2sn5ajezg0f"},"id":"pxiyg5w01zol3sc","previousOperationId":"nl987mfp64tb56j"}
{"type":"log","timestamp":1744180880736,"level":"info","message":"Rendering template { name: myTemplate, recipe: chrome-pdf, engine: handlebars, preview: true }","meta":{"rootId":"a0ty2sn5ajezg0f","id":"a0ty2sn5ajezg0f"},"id":"1neq6muz875gsdl","previousOperationId":"nl987mfp64tb56j"}
{"type":"log","timestamp":1744180880737,"level":"debug","message":"Inline data specified.","meta":{"rootId":"a0ty2sn5ajezg0f","id":"a0ty2sn5ajezg0f"},"id":"xkslnxmxakrjmdk","previousOperationId":"nl987mfp64tb56j"}
{"type":"log","timestamp":1744180880742,"level":"debug","message":"Base url not specified, skipping its injection.","meta":{"rootId":"a0ty2sn5ajezg0f","id":"a0ty2sn5ajezg0f"},"id":"ubfk02owww9mih0","previousOperationId":"nl987mfp64tb56j"}
{"type":"operationStart","subtype":"engine","name":"handlebars","timestamp":1744180880742,"id":"4543fqy0grfejl1","previousEventId":"pzh5q3hueup9als","operationId":"13vh4erklwrdu60","previousOperationId":"nl987mfp64tb56j"}
{"type":"log","timestamp":1744180880742,"level":"debug","message":"Rendering engine handlebars","meta":{"rootId":"a0ty2sn5ajezg0f","id":"a0ty2sn5ajezg0f"},"id":"cb3j4ppa3znzum9","previousOperationId":"13vh4erklwrdu60"}
{"type":"operationEnd","operationId":"13vh4erklwrdu60","timestamp":1744180880755,"id":"2918tbv57cki2eg","previousEventId":"4543fqy0grfejl1","previousOperationId":"13vh4erklwrdu60"}
{"type":"operationStart","subtype":"recipe","name":"chrome-pdf","timestamp":1744180880756,"id":"ce2dx1maty49b5y","previousEventId":"2918tbv57cki2eg","operationId":"f4r8uma3ginpbf8","previousOperationId":"13vh4erklwrdu60"}
{"type":"log","timestamp":1744180880756,"level":"debug","message":"Executing recipe chrome-pdf","meta":{"rootId":"a0ty2sn5ajezg0f","id":"a0ty2sn5ajezg0f"},"id":"vthgml608r9z37s","previousOperationId":"f4r8uma3ginpbf8"}
{"type":"log","timestamp":1744180880758,"level":"debug","message":"Converting with chrome Chrome/133.0.6943.126 using chrome-pool strategy","meta":{"rootId":"a0ty2sn5ajezg0f","id":"a0ty2sn5ajezg0f"},"id":"eachl74sd8v0j3q","previousOperationId":"f4r8uma3ginpbf8"}
{"type":"log","timestamp":1744180880835,"level":"debug","message":"Page request: GET (document) file:///C:/Users/Patheo24/AppData/Local/Temp/jsreport/autocleanup/14a34371-9e75-445a-af5f-ede2002edbcd-chrome-pdf.html","meta":{"rootId":"a0ty2sn5ajezg0f","id":"a0ty2sn5ajezg0f"},"id":"vuozf35lj523a9f","previousOperationId":"f4r8uma3ginpbf8"}
{"type":"log","timestamp":1744180880853,"level":"debug","message":"Page request finished: GET (document) 200 file:///C:/Users/Patheo24/AppData/Local/Temp/jsreport/autocleanup/14a34371-9e75-445a-af5f-ede2002edbcd-chrome-pdf.html","meta":{"rootId":"a0ty2sn5ajezg0f","id":"a0ty2sn5ajezg0f"},"id":"a3oyz60rr15mxty","previousOperationId":"f4r8uma3ginpbf8"}
{"type":"log","timestamp":1744180880855,"level":"debug","message":"Page request: GET (font) http://localhost:5488/fonts/kalpurush.ttf","meta":{"rootId":"a0ty2sn5ajezg0f","id":"a0ty2sn5ajezg0f"},"id":"64ao4cx13roh866","previousOperationId":"f4r8uma3ginpbf8"}
{"type":"log","timestamp":1744180880857,"level":"debug","message":"Page request: GET (image) https://res.cloudinary.com/dpes1dyqb/image/upload/v1738768933/logo_myycxt.jpg","meta":{"rootId":"a0ty2sn5ajezg0f","id":"a0ty2sn5ajezg0f"},"id":"nc69c3hfyr34q4h","previousOperationId":"f4r8uma3ginpbf8"}
{"type":"log","timestamp":1744180880912,"level":"debug","message":"Page request: GET (font) http://localhost:5488/fonts/kalpurush.ttf","meta":{"rootId":"a0ty2sn5ajezg0f","id":"a0ty2sn5ajezg0f"},"id":"mfn2m38omc8xjzw","previousOperationId":"f4r8uma3ginpbf8"}
{"type":"log","timestamp":1744180880913,"level":"debug","message":"Page request finished: GET (image) 200 https://res.cloudinary.com/dpes1dyqb/image/upload/v1738768933/logo_myycxt.jpg","meta":{"rootId":"a0ty2sn5ajezg0f","id":"a0ty2sn5ajezg0f"},"id":"nad3eopqi37mxsv","previousOperationId":"f4r8uma3ginpbf8"}
{"type":"log","timestamp":1744180880924,"level":"debug","message":"(console:error) Failed to load resource: the server responded with a status of 404 (Not Found)","meta":{"userLevel":true,"rootId":"a0ty2sn5ajezg0f","id":"a0ty2sn5ajezg0f"},"id":"jsntojz43ryj00x","previousOperationId":"f4r8uma3ginpbf8"}
{"type":"log","timestamp":1744180880924,"level":"warn","message":"Page request failed: GET (font) http://localhost:5488/fonts/kalpurush.ttf, failure: net::ERR_ABORTED","meta":{"rootId":"a0ty2sn5ajezg0f","id":"a0ty2sn5ajezg0f"},"id":"v62n63mtv2kokkg","previousOperationId":"f4r8uma3ginpbf8"}
{"type":"log","timestamp":1744180880936,"level":"debug","message":"Running chrome with params {\"printBackground\":true,\"timeout\":59966,\"margin\":{}}","meta":{"rootId":"a0ty2sn5ajezg0f","id":"a0ty2sn5ajezg0f"},"id":"t5tth1xd3bj3thg","previousOperationId":"f4r8uma3ginpbf8"}
{"type":"operationEnd","operationId":"f4r8uma3ginpbf8","timestamp":1744180881246,"id":"xh0ao2679ys2qqv","previousEventId":"ce2dx1maty49b5y","previousOperationId":"f4r8uma3ginpbf8"}
{"type":"log","timestamp":1744180881246,"level":"debug","message":"Skipping storing report.","meta":{"rootId":"a0ty2sn5ajezg0f","id":"a0ty2sn5ajezg0f"},"id":"cppbz72tnbjxv3b","previousOperationId":"f4r8uma3ginpbf8"}
{"type":"log","timestamp":1744180881246,"level":"info","message":"Rendering request 19 finished in 523 ms","meta":{"rootId":"a0ty2sn5ajezg0f","id":"a0ty2sn5ajezg0f"},"id":"957y0bquadm8q6r","previousOperationId":"f4r8uma3ginpbf8"}
{"type":"operationEnd","subtype":"render","operationId":"nl987mfp64tb56j","timestamp":1744180881246,"id":"ruv6m236yxh3pw5","previousEventId":"xh0ao2679ys2qqv","previousOperationId":"f4r8uma3ginpbf8"}
{"type":"operationEnd","doDiffs":false,"previousEventId":"n2imzuk4flurcrh","previousOperationId":"kmxut848lf65fza","operationId":"kmxut848lf65fza","timestamp":1744180881251,"id":"qxssysveqbb8r21"}
