{"type":"operationStart","subtype":"profile","data":{"_id":"3jpWPTwopuUWF5X9","timestamp":"2025-04-11T13:00:48.114Z","state":"running","mode":"standard","creationDate":"2025-04-11T13:00:48.116Z","modificationDate":"2025-04-11T13:00:48.116Z","shortid":"X2O30c6","$entitySet":"profiles","timeout":60000,"templateShortid":"2tjN-EB9Yu"},"doDiffs":false,"timestamp":1744376448115,"id":"wtgcezpbvqyf31p","previousOperationId":null,"operationId":"09h3fap8etno5aa"}
{"type":"log","level":"info","message":"Render request 42 queued for execution and waiting for available worker","previousOperationId":"09h3fap8etno5aa","timestamp":1744376448115,"id":"ofznw5f8ev31dsb"}
{"type":"operationStart","subtype":"render","name":"myTemplate","previousOperationId":"09h3fap8etno5aa","timestamp":1744376448122,"id":"rbx1bplxm8uxtmd","previousEventId":"wtgcezpbvqyf31p","operationId":"xle5t1zy4fapk0y"}
{"type":"log","timestamp":1744376448122,"level":"info","message":"Starting rendering request 42","meta":{"rootId":"a3ckvt3ar8xzjjh","id":"a3ckvt3ar8xzjjh"},"id":"x9ewxoq6c2lnlx3","previousOperationId":"xle5t1zy4fapk0y"}
{"type":"log","timestamp":1744376448122,"level":"info","message":"Rendering template { name: myTemplate, recipe: chrome-pdf, engine: handlebars, preview: false }","meta":{"rootId":"a3ckvt3ar8xzjjh","id":"a3ckvt3ar8xzjjh"},"id":"5ptbyv1xlfcxtg5","previousOperationId":"xle5t1zy4fapk0y"}
{"type":"log","timestamp":1744376448123,"level":"debug","message":"Inline data specified.","meta":{"rootId":"a3ckvt3ar8xzjjh","id":"a3ckvt3ar8xzjjh"},"id":"4inchgpcakw6rey","previousOperationId":"xle5t1zy4fapk0y"}
{"type":"log","timestamp":1744376448126,"level":"debug","message":"Base url not specified, skipping its injection.","meta":{"rootId":"a3ckvt3ar8xzjjh","id":"a3ckvt3ar8xzjjh"},"id":"7g79anair1x6ogk","previousOperationId":"xle5t1zy4fapk0y"}
{"type":"operationStart","subtype":"engine","name":"handlebars","timestamp":1744376448126,"id":"12u9zkr283x72km","previousEventId":"rbx1bplxm8uxtmd","operationId":"axwmt72iap7skvd","previousOperationId":"xle5t1zy4fapk0y"}
{"type":"log","timestamp":1744376448126,"level":"debug","message":"Rendering engine handlebars","meta":{"rootId":"a3ckvt3ar8xzjjh","id":"a3ckvt3ar8xzjjh"},"id":"24k3oa3nww5d4q1","previousOperationId":"axwmt72iap7skvd"}
{"type":"operationEnd","operationId":"axwmt72iap7skvd","timestamp":1744376448141,"id":"71vus5wyft00rx4","previousEventId":"12u9zkr283x72km","previousOperationId":"axwmt72iap7skvd"}
{"type":"operationStart","subtype":"recipe","name":"chrome-pdf","timestamp":1744376448142,"id":"fu4xwbc4bpqivnx","previousEventId":"71vus5wyft00rx4","operationId":"kr642t0odfzdxe9","previousOperationId":"axwmt72iap7skvd"}
{"type":"log","timestamp":1744376448142,"level":"debug","message":"Executing recipe chrome-pdf","meta":{"rootId":"a3ckvt3ar8xzjjh","id":"a3ckvt3ar8xzjjh"},"id":"jz7jfqkg26v4doy","previousOperationId":"kr642t0odfzdxe9"}
{"type":"log","timestamp":1744376448145,"level":"debug","message":"Converting with chrome Chrome/133.0.6943.126 using chrome-pool strategy","meta":{"rootId":"a3ckvt3ar8xzjjh","id":"a3ckvt3ar8xzjjh"},"id":"cbggukec8bnuycb","previousOperationId":"kr642t0odfzdxe9"}
{"type":"log","timestamp":1744376448219,"level":"debug","message":"Page request: GET (document) file:///C:/Users/Patheo24/AppData/Local/Temp/jsreport/autocleanup/5e1a5cb2-7cf6-40b9-ba18-1c0cb766d991-chrome-pdf.html","meta":{"rootId":"a3ckvt3ar8xzjjh","id":"a3ckvt3ar8xzjjh"},"id":"g7gprzdpk20crgt","previousOperationId":"kr642t0odfzdxe9"}
{"type":"log","timestamp":1744376448247,"level":"debug","message":"Page request finished: GET (document) 200 file:///C:/Users/Patheo24/AppData/Local/Temp/jsreport/autocleanup/5e1a5cb2-7cf6-40b9-ba18-1c0cb766d991-chrome-pdf.html","meta":{"rootId":"a3ckvt3ar8xzjjh","id":"a3ckvt3ar8xzjjh"},"id":"yz70yjq9uvbzq60","previousOperationId":"kr642t0odfzdxe9"}
{"type":"log","timestamp":1744376448258,"level":"debug","message":"Page request: GET (image) https://res.cloudinary.com/dpes1dyqb/image/upload/v1738768933/logo_myycxt.jpg","meta":{"rootId":"a3ckvt3ar8xzjjh","id":"a3ckvt3ar8xzjjh"},"id":"brsjdsgt5ziix0t","previousOperationId":"kr642t0odfzdxe9"}
{"type":"log","timestamp":1744376448260,"level":"debug","message":"Page request: GET (font) http://localhost:5488/fonts/kalpurush.ttf","meta":{"rootId":"a3ckvt3ar8xzjjh","id":"a3ckvt3ar8xzjjh"},"id":"zw1e6gjtft86eth","previousOperationId":"kr642t0odfzdxe9"}
{"type":"log","timestamp":1744376448316,"level":"debug","message":"Page request: GET (font) http://localhost:5488/fonts/kalpurush.ttf","meta":{"rootId":"a3ckvt3ar8xzjjh","id":"a3ckvt3ar8xzjjh"},"id":"2v03a1sz30zbegu","previousOperationId":"kr642t0odfzdxe9"}
{"type":"log","timestamp":1744376448316,"level":"debug","message":"Page request finished: GET (image) 200 https://res.cloudinary.com/dpes1dyqb/image/upload/v1738768933/logo_myycxt.jpg","meta":{"rootId":"a3ckvt3ar8xzjjh","id":"a3ckvt3ar8xzjjh"},"id":"mlu3sq4zj3d8tpn","previousOperationId":"kr642t0odfzdxe9"}
{"type":"log","timestamp":1744376448323,"level":"debug","message":"(console:error) Failed to load resource: the server responded with a status of 404 (Not Found)","meta":{"userLevel":true,"rootId":"a3ckvt3ar8xzjjh","id":"a3ckvt3ar8xzjjh"},"id":"r4mrkzju75zj4e1","previousOperationId":"kr642t0odfzdxe9"}
{"type":"log","timestamp":1744376448323,"level":"warn","message":"Page request failed: GET (font) http://localhost:5488/fonts/kalpurush.ttf, failure: net::ERR_ABORTED","meta":{"rootId":"a3ckvt3ar8xzjjh","id":"a3ckvt3ar8xzjjh"},"id":"bsivm21vq9dagli","previousOperationId":"kr642t0odfzdxe9"}
{"type":"log","timestamp":1744376448331,"level":"debug","message":"Running chrome with params {\"printBackground\":true,\"format\":\"A5\",\"marginRight\":\"\",\"height\":\"\",\"marginTop\":\"\",\"marginBottom\":\"\",\"marginLeft\":\"\",\"displayHeaderFooter\":true,\"width\":\"\",\"timeout\":59970,\"margin\":{\"top\":\"\",\"right\":\"\",\"bottom\":\"\",\"left\":\"\"}}","meta":{"rootId":"a3ckvt3ar8xzjjh","id":"a3ckvt3ar8xzjjh"},"id":"pyn3l8wl1n0qu4j","previousOperationId":"kr642t0odfzdxe9"}
{"type":"operationEnd","operationId":"kr642t0odfzdxe9","timestamp":1744376448623,"id":"4osrmict6aulc60","previousEventId":"fu4xwbc4bpqivnx","previousOperationId":"kr642t0odfzdxe9"}
{"type":"log","timestamp":1744376448623,"level":"debug","message":"Skipping storing report.","meta":{"rootId":"a3ckvt3ar8xzjjh","id":"a3ckvt3ar8xzjjh"},"id":"7c4vhqaz7y2wb67","previousOperationId":"kr642t0odfzdxe9"}
{"type":"log","timestamp":1744376448623,"level":"info","message":"Rendering request 42 finished in 509 ms","meta":{"rootId":"a3ckvt3ar8xzjjh","id":"a3ckvt3ar8xzjjh"},"id":"5bm1w7thn6jn8yl","previousOperationId":"kr642t0odfzdxe9"}
{"type":"operationEnd","subtype":"render","operationId":"xle5t1zy4fapk0y","timestamp":1744376448623,"id":"gce2tmyydzva3fi","previousEventId":"4osrmict6aulc60","previousOperationId":"kr642t0odfzdxe9"}
{"type":"operationEnd","doDiffs":false,"previousEventId":"wtgcezpbvqyf31p","previousOperationId":"09h3fap8etno5aa","operationId":"09h3fap8etno5aa","timestamp":1744376448625,"id":"txm9lxjexbxnq6r"}
