{"type":"operationStart","subtype":"profile","data":{"_id":"4SpkXQ92s6w7MaLn","timestamp":"2025-04-09T10:40:52.990Z","state":"queued","mode":"standard","creationDate":"2025-04-09T10:40:52.992Z","modificationDate":"2025-04-09T10:40:52.992Z","shortid":"_E1cdhu","$entitySet":"profiles"},"doDiffs":false,"timestamp":1744195252991,"id":"4kmjng1b60wxqci","previousOperationId":null,"operationId":"2mlxqaxsx4sw5wu"}
{"type":"log","level":"info","message":"Render request 19 queued for execution and waiting for available worker","previousOperationId":"2mlxqaxsx4sw5wu","timestamp":1744195252991,"id":"4d8bqjbelvtmxfc"}
{"type":"operationStart","subtype":"render","name":"myTemplate","previousOperationId":"2mlxqaxsx4sw5wu","timestamp":1744195253003,"id":"sqwfctbh9id8qin","previousEventId":"4kmjng1b60wxqci","operationId":"f4f070gwzjudg84"}
{"type":"log","timestamp":1744195253004,"level":"info","message":"Starting rendering request 19","meta":{"rootId":"a42rmnm3ey0tnx1","id":"a42rmnm3ey0tnx1"},"id":"7gtf5erx5p1ztvr","previousOperationId":"f4f070gwzjudg84"}
{"type":"log","timestamp":1744195253004,"level":"info","message":"Rendering template { name: myTemplate, recipe: chrome-pdf, engine: handlebars, preview: true }","meta":{"rootId":"a42rmnm3ey0tnx1","id":"a42rmnm3ey0tnx1"},"id":"vnkb7pwbvx4pd6t","previousOperationId":"f4f070gwzjudg84"}
{"type":"log","timestamp":1744195253005,"level":"debug","message":"Inline data specified.","meta":{"rootId":"a42rmnm3ey0tnx1","id":"a42rmnm3ey0tnx1"},"id":"imm74vuwrlvsbg3","previousOperationId":"f4f070gwzjudg84"}
{"type":"log","timestamp":1744195253007,"level":"debug","message":"Base url not specified, skipping its injection.","meta":{"rootId":"a42rmnm3ey0tnx1","id":"a42rmnm3ey0tnx1"},"id":"x5hcdqaxkel16za","previousOperationId":"f4f070gwzjudg84"}
{"type":"operationStart","subtype":"engine","name":"handlebars","timestamp":1744195253007,"id":"m3z332g8bff8w0u","previousEventId":"sqwfctbh9id8qin","operationId":"bolvm4fuvyzlrba","previousOperationId":"f4f070gwzjudg84"}
{"type":"log","timestamp":1744195253007,"level":"debug","message":"Rendering engine handlebars","meta":{"rootId":"a42rmnm3ey0tnx1","id":"a42rmnm3ey0tnx1"},"id":"jt3k9akkvgmcqua","previousOperationId":"bolvm4fuvyzlrba"}
{"type":"operationEnd","operationId":"bolvm4fuvyzlrba","timestamp":1744195253033,"id":"gwoq7om69kzo7bt","previousEventId":"m3z332g8bff8w0u","previousOperationId":"bolvm4fuvyzlrba"}
{"type":"operationStart","subtype":"recipe","name":"chrome-pdf","timestamp":1744195253034,"id":"yalkiuh1vjkiura","previousEventId":"gwoq7om69kzo7bt","operationId":"yjjqq8k1v2q3c0h","previousOperationId":"bolvm4fuvyzlrba"}
{"type":"log","timestamp":1744195253034,"level":"debug","message":"Executing recipe chrome-pdf","meta":{"rootId":"a42rmnm3ey0tnx1","id":"a42rmnm3ey0tnx1"},"id":"nmtykzvz0bq1oyj","previousOperationId":"yjjqq8k1v2q3c0h"}
{"type":"log","timestamp":1744195253037,"level":"debug","message":"Converting with chrome Chrome/133.0.6943.126 using chrome-pool strategy","meta":{"rootId":"a42rmnm3ey0tnx1","id":"a42rmnm3ey0tnx1"},"id":"v9qyvj0faac87ju","previousOperationId":"yjjqq8k1v2q3c0h"}
{"type":"log","timestamp":1744195253104,"level":"debug","message":"Page request: GET (document) file:///C:/Users/Patheo24/AppData/Local/Temp/jsreport/autocleanup/21590f1a-a358-4335-9d4c-95ed6012e905-chrome-pdf.html","meta":{"rootId":"a42rmnm3ey0tnx1","id":"a42rmnm3ey0tnx1"},"id":"u1cj0kfk3tuvhfb","previousOperationId":"yjjqq8k1v2q3c0h"}
{"type":"log","timestamp":1744195253128,"level":"debug","message":"Page request finished: GET (document) 200 file:///C:/Users/Patheo24/AppData/Local/Temp/jsreport/autocleanup/21590f1a-a358-4335-9d4c-95ed6012e905-chrome-pdf.html","meta":{"rootId":"a42rmnm3ey0tnx1","id":"a42rmnm3ey0tnx1"},"id":"3h9v38ectwjwdzr","previousOperationId":"yjjqq8k1v2q3c0h"}
{"type":"log","timestamp":1744195253129,"level":"debug","message":"Page request: GET (image) https://res.cloudinary.com/dpes1dyqb/image/upload/v1738768933/logo_myycxt.jpg","meta":{"rootId":"a42rmnm3ey0tnx1","id":"a42rmnm3ey0tnx1"},"id":"jm3qi1h9trtvh0l","previousOperationId":"yjjqq8k1v2q3c0h"}
{"type":"log","timestamp":1744195253130,"level":"debug","message":"Page request: GET (font) http://localhost:5488/fonts/kalpurush.ttf","meta":{"rootId":"a42rmnm3ey0tnx1","id":"a42rmnm3ey0tnx1"},"id":"mdmwa8a1v6d067t","previousOperationId":"yjjqq8k1v2q3c0h"}
{"type":"log","timestamp":1744195253170,"level":"debug","message":"Page request finished: GET (image) 200 https://res.cloudinary.com/dpes1dyqb/image/upload/v1738768933/logo_myycxt.jpg","meta":{"rootId":"a42rmnm3ey0tnx1","id":"a42rmnm3ey0tnx1"},"id":"jsb0p4jwhqlee8h","previousOperationId":"yjjqq8k1v2q3c0h"}
{"type":"log","timestamp":1744195253172,"level":"debug","message":"Page request: GET (font) http://localhost:5488/fonts/kalpurush.ttf","meta":{"rootId":"a42rmnm3ey0tnx1","id":"a42rmnm3ey0tnx1"},"id":"2cz6u12vgbpaimm","previousOperationId":"yjjqq8k1v2q3c0h"}
{"type":"log","timestamp":1744195253180,"level":"debug","message":"(console:error) Failed to load resource: the server responded with a status of 404 (Not Found)","meta":{"userLevel":true,"rootId":"a42rmnm3ey0tnx1","id":"a42rmnm3ey0tnx1"},"id":"y2fg99h5t4jbyhp","previousOperationId":"yjjqq8k1v2q3c0h"}
{"type":"log","timestamp":1744195253181,"level":"warn","message":"Page request failed: GET (font) http://localhost:5488/fonts/kalpurush.ttf, failure: net::ERR_ABORTED","meta":{"rootId":"a42rmnm3ey0tnx1","id":"a42rmnm3ey0tnx1"},"id":"tignusb0inxae4a","previousOperationId":"yjjqq8k1v2q3c0h"}
{"type":"log","timestamp":1744195253190,"level":"debug","message":"Running chrome with params {\"printBackground\":true,\"timeout\":59955,\"margin\":{}}","meta":{"rootId":"a42rmnm3ey0tnx1","id":"a42rmnm3ey0tnx1"},"id":"8iy0aia5gfiq22v","previousOperationId":"yjjqq8k1v2q3c0h"}
{"type":"operationEnd","operationId":"yjjqq8k1v2q3c0h","timestamp":1744195253477,"id":"sod3in48108u6ua","previousEventId":"yalkiuh1vjkiura","previousOperationId":"yjjqq8k1v2q3c0h"}
{"type":"log","timestamp":1744195253478,"level":"debug","message":"Skipping storing report.","meta":{"rootId":"a42rmnm3ey0tnx1","id":"a42rmnm3ey0tnx1"},"id":"nbp9i3930pgumen","previousOperationId":"yjjqq8k1v2q3c0h"}
{"type":"log","timestamp":1744195253478,"level":"info","message":"Rendering request 19 finished in 488 ms","meta":{"rootId":"a42rmnm3ey0tnx1","id":"a42rmnm3ey0tnx1"},"id":"z6tfovzarg07akr","previousOperationId":"yjjqq8k1v2q3c0h"}
{"type":"operationEnd","subtype":"render","operationId":"f4f070gwzjudg84","timestamp":1744195253478,"id":"lnzgqgstusqz1uo","previousEventId":"sod3in48108u6ua","previousOperationId":"yjjqq8k1v2q3c0h"}
{"type":"operationEnd","doDiffs":false,"previousEventId":"4kmjng1b60wxqci","previousOperationId":"2mlxqaxsx4sw5wu","operationId":"2mlxqaxsx4sw5wu","timestamp":1744195253481,"id":"ehohvnhotjsikra"}
