{"type":"operationStart","subtype":"profile","data":{"_id":"dTCXOzErbHaqjZ71","timestamp":"2025-04-09T14:16:07.987Z","state":"queued","mode":"standard","creationDate":"2025-04-09T14:16:07.988Z","modificationDate":"2025-04-09T14:16:07.988Z","shortid":"AVlVVCY","$entitySet":"profiles"},"doDiffs":false,"timestamp":1744208167988,"id":"umne81lyo59v91a","previousOperationId":null,"operationId":"c4icbt09okh4kiy"}
{"type":"log","level":"info","message":"Render request 83 queued for execution and waiting for available worker","previousOperationId":"c4icbt09okh4kiy","timestamp":1744208167988,"id":"wel7cqesa22a5in"}
{"type":"operationStart","subtype":"render","name":"myTemplate","previousOperationId":"c4icbt09okh4kiy","timestamp":1744208167999,"id":"08ytt5z86pumq4h","previousEventId":"umne81lyo59v91a","operationId":"7yn4dy9ajtlwpv0"}
{"type":"log","timestamp":1744208167999,"level":"info","message":"Starting rendering request 83","meta":{"rootId":"a5fqfdopgxjftt6","id":"a5fqfdopgxjftt6"},"id":"54bevju2gkhilh7","previousOperationId":"7yn4dy9ajtlwpv0"}
{"type":"log","timestamp":1744208167999,"level":"info","message":"Rendering template { name: myTemplate, recipe: chrome-pdf, engine: handlebars, preview: true }","meta":{"rootId":"a5fqfdopgxjftt6","id":"a5fqfdopgxjftt6"},"id":"x9tn4drcwqssvxa","previousOperationId":"7yn4dy9ajtlwpv0"}
{"type":"log","timestamp":1744208168000,"level":"debug","message":"Adding sample data HUavgV0Kc","meta":{"rootId":"a5fqfdopgxjftt6","id":"a5fqfdopgxjftt6"},"id":"vkdynr1l6f44hr7","previousOperationId":"7yn4dy9ajtlwpv0"}
{"type":"log","timestamp":1744208168002,"level":"debug","message":"Base url not specified, skipping its injection.","meta":{"rootId":"a5fqfdopgxjftt6","id":"a5fqfdopgxjftt6"},"id":"f2rmk9gxm2ucj0t","previousOperationId":"7yn4dy9ajtlwpv0"}
{"type":"operationStart","subtype":"engine","name":"handlebars","timestamp":1744208168002,"id":"f6cdt1uhlhoe23i","previousEventId":"08ytt5z86pumq4h","operationId":"7xyz7gjzismigo8","previousOperationId":"7yn4dy9ajtlwpv0"}
{"type":"log","timestamp":1744208168002,"level":"debug","message":"Rendering engine handlebars","meta":{"rootId":"a5fqfdopgxjftt6","id":"a5fqfdopgxjftt6"},"id":"iyezunt6ienmemk","previousOperationId":"7xyz7gjzismigo8"}
{"type":"operationEnd","operationId":"7xyz7gjzismigo8","timestamp":1744208168028,"id":"mpicba6iftbh9d9","previousEventId":"f6cdt1uhlhoe23i","previousOperationId":"7xyz7gjzismigo8"}
{"type":"operationStart","subtype":"recipe","name":"chrome-pdf","timestamp":1744208168028,"id":"6u2rn0nbpq8gm6g","previousEventId":"mpicba6iftbh9d9","operationId":"mb2e6aycqfc0913","previousOperationId":"7xyz7gjzismigo8"}
{"type":"log","timestamp":1744208168028,"level":"debug","message":"Executing recipe chrome-pdf","meta":{"rootId":"a5fqfdopgxjftt6","id":"a5fqfdopgxjftt6"},"id":"jsxal8kf6ulqf92","previousOperationId":"mb2e6aycqfc0913"}
{"type":"log","timestamp":1744208168033,"level":"debug","message":"Converting with chrome Chrome/133.0.6943.126 using chrome-pool strategy","meta":{"rootId":"a5fqfdopgxjftt6","id":"a5fqfdopgxjftt6"},"id":"hwfi6ksqe35s3ap","previousOperationId":"mb2e6aycqfc0913"}
{"type":"log","timestamp":1744208168118,"level":"debug","message":"Page request: GET (document) file:///C:/Users/Patheo24/AppData/Local/Temp/jsreport/autocleanup/674196a0-bc94-4fde-880a-d49bfceb68bf-chrome-pdf.html","meta":{"rootId":"a5fqfdopgxjftt6","id":"a5fqfdopgxjftt6"},"id":"xuafunsjnb2eqwm","previousOperationId":"mb2e6aycqfc0913"}
{"type":"log","timestamp":1744208168147,"level":"debug","message":"Page request finished: GET (document) 200 file:///C:/Users/Patheo24/AppData/Local/Temp/jsreport/autocleanup/674196a0-bc94-4fde-880a-d49bfceb68bf-chrome-pdf.html","meta":{"rootId":"a5fqfdopgxjftt6","id":"a5fqfdopgxjftt6"},"id":"mwff10y4wjg88eq","previousOperationId":"mb2e6aycqfc0913"}
{"type":"log","timestamp":1744208168148,"level":"debug","message":"(console:info) Slow network is detected. See https://www.chromestatus.com/feature/5636954674692096 for more details. Fallback font will be used while loading: http://localhost:5488/fonts/kalpurush.ttf","meta":{"userLevel":true,"rootId":"a5fqfdopgxjftt6","id":"a5fqfdopgxjftt6"},"id":"8ceuxhd5qzolko0","previousOperationId":"mb2e6aycqfc0913"}
{"type":"log","timestamp":1744208168155,"level":"debug","message":"Page request: GET (font) http://localhost:5488/fonts/kalpurush.ttf","meta":{"rootId":"a5fqfdopgxjftt6","id":"a5fqfdopgxjftt6"},"id":"lag00v8tho7x3rx","previousOperationId":"mb2e6aycqfc0913"}
{"type":"log","timestamp":1744208168156,"level":"debug","message":"Page request: GET (image) https://res.cloudinary.com/dpes1dyqb/image/upload/v1738768933/logo_myycxt.jpg","meta":{"rootId":"a5fqfdopgxjftt6","id":"a5fqfdopgxjftt6"},"id":"m8byysfupgdmvy6","previousOperationId":"mb2e6aycqfc0913"}
{"type":"log","timestamp":1744208168220,"level":"debug","message":"Page request: GET (font) http://localhost:5488/fonts/kalpurush.ttf","meta":{"rootId":"a5fqfdopgxjftt6","id":"a5fqfdopgxjftt6"},"id":"z8tdfvp63eme0fw","previousOperationId":"mb2e6aycqfc0913"}
{"type":"log","timestamp":1744208168225,"level":"debug","message":"Page request finished: GET (image) 200 https://res.cloudinary.com/dpes1dyqb/image/upload/v1738768933/logo_myycxt.jpg","meta":{"rootId":"a5fqfdopgxjftt6","id":"a5fqfdopgxjftt6"},"id":"92jqvpyfd0268rj","previousOperationId":"mb2e6aycqfc0913"}
{"type":"log","timestamp":1744208168237,"level":"debug","message":"(console:error) Failed to load resource: the server responded with a status of 404 (Not Found)","meta":{"userLevel":true,"rootId":"a5fqfdopgxjftt6","id":"a5fqfdopgxjftt6"},"id":"pntefm4n19jvclq","previousOperationId":"mb2e6aycqfc0913"}
{"type":"log","timestamp":1744208168238,"level":"warn","message":"Page request failed: GET (font) http://localhost:5488/fonts/kalpurush.ttf, failure: net::ERR_ABORTED","meta":{"rootId":"a5fqfdopgxjftt6","id":"a5fqfdopgxjftt6"},"id":"1ag124edwe43riu","previousOperationId":"mb2e6aycqfc0913"}
{"type":"log","timestamp":1744208168248,"level":"debug","message":"Running chrome with params {\"printBackground\":true,\"format\":\"A5\",\"marginRight\":\"\",\"height\":\"\",\"marginTop\":\"\",\"marginBottom\":\"\",\"marginLeft\":\"\",\"displayHeaderFooter\":true,\"width\":\"\",\"timeout\":59955,\"margin\":{\"top\":\"\",\"right\":\"\",\"bottom\":\"\",\"left\":\"\"}}","meta":{"rootId":"a5fqfdopgxjftt6","id":"a5fqfdopgxjftt6"},"id":"qz0eg52uv7kw9ok","previousOperationId":"mb2e6aycqfc0913"}
{"type":"operationEnd","operationId":"mb2e6aycqfc0913","timestamp":1744208168595,"id":"r6k142e9233pf9e","previousEventId":"6u2rn0nbpq8gm6g","previousOperationId":"mb2e6aycqfc0913"}
{"type":"log","timestamp":1744208168595,"level":"debug","message":"Skipping storing report.","meta":{"rootId":"a5fqfdopgxjftt6","id":"a5fqfdopgxjftt6"},"id":"9vdi856qz5p4xf2","previousOperationId":"mb2e6aycqfc0913"}
{"type":"log","timestamp":1744208168595,"level":"info","message":"Rendering request 83 finished in 608 ms","meta":{"rootId":"a5fqfdopgxjftt6","id":"a5fqfdopgxjftt6"},"id":"lpp5ynaba5chejm","previousOperationId":"mb2e6aycqfc0913"}
{"type":"operationEnd","subtype":"render","operationId":"7yn4dy9ajtlwpv0","timestamp":1744208168595,"id":"g98irkl0w3j6km7","previousEventId":"r6k142e9233pf9e","previousOperationId":"mb2e6aycqfc0913"}
{"type":"operationEnd","doDiffs":false,"previousEventId":"umne81lyo59v91a","previousOperationId":"c4icbt09okh4kiy","operationId":"c4icbt09okh4kiy","timestamp":1744208168598,"id":"4o0zquom3rbu9cm"}
