{"type":"operationStart","subtype":"profile","data":{"_id":"e7XPmVQxF6rzGHfF","timestamp":"2025-04-10T17:41:16.291Z","state":"running","mode":"standard","creationDate":"2025-04-10T17:41:16.297Z","modificationDate":"2025-04-10T17:41:16.297Z","shortid":"mRjy-we","$entitySet":"profiles","timeout":60000,"templateShortid":"2tjN-EB9Yu"},"doDiffs":false,"timestamp":1744306876294,"id":"nmoe4yqjzl20m7m","previousOperationId":null,"operationId":"6ybrxhqizn0xgj5"}
{"type":"log","level":"info","message":"Render request 1 queued for execution and waiting for available worker","previousOperationId":"6ybrxhqizn0xgj5","timestamp":1744306876295,"id":"iqr2zkyuk8d57k9"}
{"type":"operationStart","subtype":"render","name":"myTemplate","previousOperationId":"6ybrxhqizn0xgj5","timestamp":1744306876332,"id":"kzme6319u2yo1ag","previousEventId":"nmoe4yqjzl20m7m","operationId":"0x07db6nc0o8aup"}
{"type":"log","timestamp":1744306876333,"level":"info","message":"Starting rendering request 1","meta":{"rootId":"a9k7wbjfn9ei3xj","id":"a9k7wbjfn9ei3xj"},"id":"1n5c56pb7c6z6v0","previousOperationId":"0x07db6nc0o8aup"}
{"type":"log","timestamp":1744306876339,"level":"info","message":"Rendering template { name: myTemplate, recipe: chrome-pdf, engine: handlebars, preview: false }","meta":{"rootId":"a9k7wbjfn9ei3xj","id":"a9k7wbjfn9ei3xj"},"id":"o6j9lfmve2es86m","previousOperationId":"0x07db6nc0o8aup"}
{"type":"log","timestamp":1744306876343,"level":"debug","message":"Inline data specified.","meta":{"rootId":"a9k7wbjfn9ei3xj","id":"a9k7wbjfn9ei3xj"},"id":"b3vcgyhsejbug6y","previousOperationId":"0x07db6nc0o8aup"}
{"type":"log","timestamp":1744306876356,"level":"debug","message":"Base url not specified, skipping its injection.","meta":{"rootId":"a9k7wbjfn9ei3xj","id":"a9k7wbjfn9ei3xj"},"id":"2u3nju8bylou6wy","previousOperationId":"0x07db6nc0o8aup"}
{"type":"operationStart","subtype":"engine","name":"handlebars","timestamp":1744306876357,"id":"8n8cmp18gfmy156","previousEventId":"kzme6319u2yo1ag","operationId":"pkp1mlzd9al0kvt","previousOperationId":"0x07db6nc0o8aup"}
{"type":"log","timestamp":1744306876357,"level":"debug","message":"Rendering engine handlebars","meta":{"rootId":"a9k7wbjfn9ei3xj","id":"a9k7wbjfn9ei3xj"},"id":"lsvs35zk96mdoo7","previousOperationId":"pkp1mlzd9al0kvt"}
{"type":"operationEnd","operationId":"pkp1mlzd9al0kvt","timestamp":1744306876988,"id":"hyq2mk453s89xin","previousEventId":"8n8cmp18gfmy156","previousOperationId":"pkp1mlzd9al0kvt"}
{"type":"operationStart","subtype":"recipe","name":"chrome-pdf","timestamp":1744306876989,"id":"iesvl0de32ndxwo","previousEventId":"hyq2mk453s89xin","operationId":"r9udulp77d5j4z8","previousOperationId":"pkp1mlzd9al0kvt"}
{"type":"log","timestamp":1744306876989,"level":"debug","message":"Executing recipe chrome-pdf","meta":{"rootId":"a9k7wbjfn9ei3xj","id":"a9k7wbjfn9ei3xj"},"id":"ulgze4i9n3vlj62","previousOperationId":"r9udulp77d5j4z8"}
{"type":"log","timestamp":1744306877711,"level":"debug","message":"Converting with chrome Chrome/133.0.6943.126 using chrome-pool strategy","meta":{"rootId":"a9k7wbjfn9ei3xj","id":"a9k7wbjfn9ei3xj"},"id":"z96tocfysutqkdf","previousOperationId":"r9udulp77d5j4z8"}
{"type":"log","timestamp":1744306877793,"level":"debug","message":"Page request: GET (document) file:///C:/Users/Patheo24/AppData/Local/Temp/jsreport/autocleanup/1eae129d-5e91-4d65-bc32-e2cb0e7ff232-chrome-pdf.html","meta":{"rootId":"a9k7wbjfn9ei3xj","id":"a9k7wbjfn9ei3xj"},"id":"nocv8j4w78ja2na","previousOperationId":"r9udulp77d5j4z8"}
{"type":"log","timestamp":1744306877812,"level":"debug","message":"Page request finished: GET (document) 200 file:///C:/Users/Patheo24/AppData/Local/Temp/jsreport/autocleanup/1eae129d-5e91-4d65-bc32-e2cb0e7ff232-chrome-pdf.html","meta":{"rootId":"a9k7wbjfn9ei3xj","id":"a9k7wbjfn9ei3xj"},"id":"j2ja5khvr5qx01o","previousOperationId":"r9udulp77d5j4z8"}
{"type":"log","timestamp":1744306877813,"level":"debug","message":"Page request: GET (image) https://res.cloudinary.com/dpes1dyqb/image/upload/v1738768933/logo_myycxt.jpg","meta":{"rootId":"a9k7wbjfn9ei3xj","id":"a9k7wbjfn9ei3xj"},"id":"jqkqf63j30afk25","previousOperationId":"r9udulp77d5j4z8"}
{"type":"log","timestamp":1744306877816,"level":"debug","message":"Page request: GET (font) http://localhost:5488/fonts/kalpurush.ttf","meta":{"rootId":"a9k7wbjfn9ei3xj","id":"a9k7wbjfn9ei3xj"},"id":"np6hpmonc5mn6pt","previousOperationId":"r9udulp77d5j4z8"}
{"type":"log","timestamp":1744306877829,"level":"debug","message":"Page request: GET (font) http://localhost:5488/fonts/kalpurush.ttf","meta":{"rootId":"a9k7wbjfn9ei3xj","id":"a9k7wbjfn9ei3xj"},"id":"7x0r50fkyfu1sv4","previousOperationId":"r9udulp77d5j4z8"}
{"type":"log","timestamp":1744306877890,"level":"debug","message":"(console:error) Failed to load resource: the server responded with a status of 404 (Not Found)","meta":{"userLevel":true,"rootId":"a9k7wbjfn9ei3xj","id":"a9k7wbjfn9ei3xj"},"id":"dwsq75ikzm1v434","previousOperationId":"r9udulp77d5j4z8"}
{"type":"log","timestamp":1744306877891,"level":"warn","message":"Page request failed: GET (font) http://localhost:5488/fonts/kalpurush.ttf, failure: net::ERR_ABORTED","meta":{"rootId":"a9k7wbjfn9ei3xj","id":"a9k7wbjfn9ei3xj"},"id":"uodqo46ydooenw7","previousOperationId":"r9udulp77d5j4z8"}
{"type":"log","timestamp":1744306877941,"level":"debug","message":"Page request finished: GET (image) 200 https://res.cloudinary.com/dpes1dyqb/image/upload/v1738768933/logo_myycxt.jpg","meta":{"rootId":"a9k7wbjfn9ei3xj","id":"a9k7wbjfn9ei3xj"},"id":"333xoearreuz2c9","previousOperationId":"r9udulp77d5j4z8"}
{"type":"log","timestamp":1744306877943,"level":"debug","message":"Running chrome with params {\"printBackground\":true,\"format\":\"A5\",\"marginRight\":\"\",\"height\":\"\",\"marginTop\":\"\",\"marginBottom\":\"\",\"marginLeft\":\"\",\"displayHeaderFooter\":true,\"width\":\"\",\"timeout\":58992,\"margin\":{\"top\":\"\",\"right\":\"\",\"bottom\":\"\",\"left\":\"\"}}","meta":{"rootId":"a9k7wbjfn9ei3xj","id":"a9k7wbjfn9ei3xj"},"id":"ty6xvcp8cve9ty2","previousOperationId":"r9udulp77d5j4z8"}
{"type":"operationEnd","operationId":"r9udulp77d5j4z8","timestamp":1744306878313,"id":"w350hukavs8tv9l","previousEventId":"iesvl0de32ndxwo","previousOperationId":"r9udulp77d5j4z8"}
{"type":"log","timestamp":1744306878313,"level":"debug","message":"Skipping storing report.","meta":{"rootId":"a9k7wbjfn9ei3xj","id":"a9k7wbjfn9ei3xj"},"id":"h9no4ds4x4vdowg","previousOperationId":"r9udulp77d5j4z8"}
{"type":"log","timestamp":1744306878314,"level":"info","message":"Rendering request 1 finished in 2024 ms","meta":{"rootId":"a9k7wbjfn9ei3xj","id":"a9k7wbjfn9ei3xj"},"id":"a55zrk76g5yzb4z","previousOperationId":"r9udulp77d5j4z8"}
{"type":"operationEnd","subtype":"render","operationId":"0x07db6nc0o8aup","timestamp":1744306878314,"id":"bsvhclz81dso5qk","previousEventId":"w350hukavs8tv9l","previousOperationId":"r9udulp77d5j4z8"}
{"type":"operationEnd","doDiffs":false,"previousEventId":"nmoe4yqjzl20m7m","previousOperationId":"6ybrxhqizn0xgj5","operationId":"6ybrxhqizn0xgj5","timestamp":1744306878317,"id":"s5tg0vv4pthun02"}
