{"type":"operationStart","subtype":"profile","data":{"_id":"aAGonsWNQbKcCVwo","timestamp":"2025-04-09T14:55:31.581Z","state":"queued","mode":"standard","creationDate":"2025-04-09T14:55:31.597Z","modificationDate":"2025-04-09T14:55:31.597Z","shortid":"Xd9io2K","$entitySet":"profiles"},"doDiffs":false,"timestamp":1744210531583,"id":"v18sz59lpm0zlch","previousOperationId":null,"operationId":"fnehvgi382pc74l"}
{"type":"log","level":"info","message":"Render request 1 queued for execution and waiting for available worker","previousOperationId":"fnehvgi382pc74l","timestamp":1744210531584,"id":"3duyhjlv2opcwmr"}
{"type":"operationStart","subtype":"render","name":"myTemplate","previousOperationId":"fnehvgi382pc74l","timestamp":1744210532444,"id":"xa4ylss8bo9pgox","previousEventId":"v18sz59lpm0zlch","operationId":"1h2dbcmtcqmkmdq"}
{"type":"log","timestamp":1744210532444,"level":"info","message":"Starting rendering request 1","meta":{"rootId":"ag9wyfdsf5e9bj0","id":"ag9wyfdsf5e9bj0"},"id":"5sqmto1fleoa69b","previousOperationId":"1h2dbcmtcqmkmdq"}
{"type":"log","timestamp":1744210532445,"level":"info","message":"Rendering template { name: myTemplate, recipe: chrome-pdf, engine: handlebars, preview: true }","meta":{"rootId":"ag9wyfdsf5e9bj0","id":"ag9wyfdsf5e9bj0"},"id":"1qoep44lyby8pm3","previousOperationId":"1h2dbcmtcqmkmdq"}
{"type":"log","timestamp":1744210532552,"level":"debug","message":"Adding sample data HUavgV0Kc","meta":{"rootId":"ag9wyfdsf5e9bj0","id":"ag9wyfdsf5e9bj0"},"id":"o2ingw08ayaqglg","previousOperationId":"1h2dbcmtcqmkmdq"}
{"type":"log","timestamp":1744210533047,"level":"debug","message":"Base url not specified, skipping its injection.","meta":{"rootId":"ag9wyfdsf5e9bj0","id":"ag9wyfdsf5e9bj0"},"id":"y5fkvcwtcxw0kko","previousOperationId":"1h2dbcmtcqmkmdq"}
{"type":"operationStart","subtype":"engine","name":"handlebars","timestamp":1744210533051,"id":"cctpz32dl3bwry7","previousEventId":"xa4ylss8bo9pgox","operationId":"y5sz9w74m686bfj","previousOperationId":"1h2dbcmtcqmkmdq"}
{"type":"log","timestamp":1744210533051,"level":"debug","message":"Rendering engine handlebars","meta":{"rootId":"ag9wyfdsf5e9bj0","id":"ag9wyfdsf5e9bj0"},"id":"i4rfo7c0bt44lpi","previousOperationId":"y5sz9w74m686bfj"}
{"type":"operationEnd","operationId":"y5sz9w74m686bfj","timestamp":1744210542811,"id":"f3k3xavavfx4pm9","previousEventId":"cctpz32dl3bwry7","previousOperationId":"y5sz9w74m686bfj"}
{"type":"operationStart","subtype":"recipe","name":"chrome-pdf","timestamp":1744210542815,"id":"otces8y0lkenx9y","previousEventId":"f3k3xavavfx4pm9","operationId":"sb8zl8qbs38ard9","previousOperationId":"y5sz9w74m686bfj"}
{"type":"log","timestamp":1744210542815,"level":"debug","message":"Executing recipe chrome-pdf","meta":{"rootId":"ag9wyfdsf5e9bj0","id":"ag9wyfdsf5e9bj0"},"id":"3u1m40cmw3ibgta","previousOperationId":"sb8zl8qbs38ard9"}
{"type":"log","timestamp":1744210547011,"level":"debug","message":"Converting with chrome Chrome/133.0.6943.126 using chrome-pool strategy","meta":{"rootId":"ag9wyfdsf5e9bj0","id":"ag9wyfdsf5e9bj0"},"id":"5k3qdl8962q4w3v","previousOperationId":"sb8zl8qbs38ard9"}
{"type":"log","timestamp":1744210547461,"level":"debug","message":"Page request: GET (document) file:///C:/Users/Patheo24/AppData/Local/Temp/jsreport/autocleanup/5d1d3e14-6bc2-4ffe-932f-060491b69751-chrome-pdf.html","meta":{"rootId":"ag9wyfdsf5e9bj0","id":"ag9wyfdsf5e9bj0"},"id":"4amu9mbbym6805t","previousOperationId":"sb8zl8qbs38ard9"}
{"type":"log","timestamp":1744210547488,"level":"debug","message":"Page request finished: GET (document) 200 file:///C:/Users/Patheo24/AppData/Local/Temp/jsreport/autocleanup/5d1d3e14-6bc2-4ffe-932f-060491b69751-chrome-pdf.html","meta":{"rootId":"ag9wyfdsf5e9bj0","id":"ag9wyfdsf5e9bj0"},"id":"zd52meiji5bp6yf","previousOperationId":"sb8zl8qbs38ard9"}
{"type":"log","timestamp":1744210547489,"level":"debug","message":"Page request: GET (font) http://localhost:5488/fonts/kalpurush.ttf","meta":{"rootId":"ag9wyfdsf5e9bj0","id":"ag9wyfdsf5e9bj0"},"id":"ye1b912f68uog48","previousOperationId":"sb8zl8qbs38ard9"}
{"type":"log","timestamp":1744210547490,"level":"debug","message":"Page request: GET (image) https://res.cloudinary.com/dpes1dyqb/image/upload/v1738768933/logo_myycxt.jpg","meta":{"rootId":"ag9wyfdsf5e9bj0","id":"ag9wyfdsf5e9bj0"},"id":"qa7026qpb8logno","previousOperationId":"sb8zl8qbs38ard9"}
{"type":"log","timestamp":1744210547498,"level":"debug","message":"Page request: GET (font) http://localhost:5488/fonts/kalpurush.ttf","meta":{"rootId":"ag9wyfdsf5e9bj0","id":"ag9wyfdsf5e9bj0"},"id":"sadfeweqoxjb3an","previousOperationId":"sb8zl8qbs38ard9"}
{"type":"log","timestamp":1744210547510,"level":"debug","message":"(console:error) Failed to load resource: the server responded with a status of 404 (Not Found)","meta":{"userLevel":true,"rootId":"ag9wyfdsf5e9bj0","id":"ag9wyfdsf5e9bj0"},"id":"9k6vmsqemsvqq8x","previousOperationId":"sb8zl8qbs38ard9"}
{"type":"log","timestamp":1744210547511,"level":"warn","message":"Page request failed: GET (font) http://localhost:5488/fonts/kalpurush.ttf, failure: net::ERR_ABORTED","meta":{"rootId":"ag9wyfdsf5e9bj0","id":"ag9wyfdsf5e9bj0"},"id":"ly3q5ns4a3d02m8","previousOperationId":"sb8zl8qbs38ard9"}
{"type":"log","timestamp":1744210548552,"level":"debug","message":"Page request finished: GET (image) 200 https://res.cloudinary.com/dpes1dyqb/image/upload/v1738768933/logo_myycxt.jpg","meta":{"rootId":"ag9wyfdsf5e9bj0","id":"ag9wyfdsf5e9bj0"},"id":"rhhz340v7jgji4r","previousOperationId":"sb8zl8qbs38ard9"}
{"type":"log","timestamp":1744210548622,"level":"debug","message":"Running chrome with params {\"printBackground\":true,\"format\":\"A5\",\"marginRight\":\"\",\"height\":\"\",\"marginTop\":\"\",\"marginBottom\":\"\",\"marginLeft\":\"\",\"displayHeaderFooter\":true,\"width\":\"\",\"timeout\":47476,\"margin\":{\"top\":\"\",\"right\":\"\",\"bottom\":\"\",\"left\":\"\"}}","meta":{"rootId":"ag9wyfdsf5e9bj0","id":"ag9wyfdsf5e9bj0"},"id":"g1rq64lw3gvhxbx","previousOperationId":"sb8zl8qbs38ard9"}
{"type":"operationEnd","operationId":"sb8zl8qbs38ard9","timestamp":1744210549387,"id":"260k5augjl534ll","previousEventId":"otces8y0lkenx9y","previousOperationId":"sb8zl8qbs38ard9"}
{"type":"log","timestamp":1744210549388,"level":"debug","message":"Skipping storing report.","meta":{"rootId":"ag9wyfdsf5e9bj0","id":"ag9wyfdsf5e9bj0"},"id":"wloge2f9061oa1z","previousOperationId":"sb8zl8qbs38ard9"}
{"type":"log","timestamp":1744210549388,"level":"info","message":"Rendering request 1 finished in 17809 ms","meta":{"rootId":"ag9wyfdsf5e9bj0","id":"ag9wyfdsf5e9bj0"},"id":"uznnjncwwjfxh3i","previousOperationId":"sb8zl8qbs38ard9"}
{"type":"operationEnd","subtype":"render","operationId":"1h2dbcmtcqmkmdq","timestamp":1744210549388,"id":"6n9qc93e9nmjtin","previousEventId":"260k5augjl534ll","previousOperationId":"sb8zl8qbs38ard9"}
{"type":"operationEnd","doDiffs":false,"previousEventId":"v18sz59lpm0zlch","previousOperationId":"fnehvgi382pc74l","operationId":"fnehvgi382pc74l","timestamp":1744210549409,"id":"yxj5wh0w2h7zfwy"}
