{"type":"operationStart","subtype":"profile","data":{"_id":"iSpPqmdMlBwI7SdO","timestamp":"2025-04-11T12:36:12.868Z","state":"queued","mode":"standard","creationDate":"2025-04-11T12:36:12.870Z","modificationDate":"2025-04-11T12:36:12.870Z","shortid":"fsUagGg","$entitySet":"profiles"},"doDiffs":false,"timestamp":1744374972869,"id":"u6dssvauwpoccpf","previousOperationId":null,"operationId":"pn34l6vztdpgn8d"}
{"type":"log","level":"info","message":"Render request 19 queued for execution and waiting for available worker","previousOperationId":"pn34l6vztdpgn8d","timestamp":1744374972869,"id":"2en3ne6e7yqzloh"}
{"type":"operationStart","subtype":"render","name":"myTemplate","previousOperationId":"pn34l6vztdpgn8d","timestamp":1744374972888,"id":"zu0khdb22derkco","previousEventId":"u6dssvauwpoccpf","operationId":"1dsik2mrvjsacdf"}
{"type":"log","timestamp":1744374972888,"level":"info","message":"Starting rendering request 19","meta":{"rootId":"ahlfn86ybqsri6g","id":"ahlfn86ybqsri6g"},"id":"gf8lpbnsi30kiv6","previousOperationId":"1dsik2mrvjsacdf"}
{"type":"log","timestamp":1744374972888,"level":"info","message":"Rendering template { name: myTemplate, recipe: chrome-pdf, engine: handlebars, preview: true }","meta":{"rootId":"ahlfn86ybqsri6g","id":"ahlfn86ybqsri6g"},"id":"dt42fu1tqev7mki","previousOperationId":"1dsik2mrvjsacdf"}
{"type":"log","timestamp":1744374972889,"level":"debug","message":"Inline data specified.","meta":{"rootId":"ahlfn86ybqsri6g","id":"ahlfn86ybqsri6g"},"id":"dk5eoeer8i4fp1f","previousOperationId":"1dsik2mrvjsacdf"}
{"type":"log","timestamp":1744374972891,"level":"debug","message":"Base url not specified, skipping its injection.","meta":{"rootId":"ahlfn86ybqsri6g","id":"ahlfn86ybqsri6g"},"id":"ua2mmql0rh9ujn3","previousOperationId":"1dsik2mrvjsacdf"}
{"type":"operationStart","subtype":"engine","name":"handlebars","timestamp":1744374972892,"id":"0umy4n8ax6be5wb","previousEventId":"zu0khdb22derkco","operationId":"0gk4pemc86l1qq1","previousOperationId":"1dsik2mrvjsacdf"}
{"type":"log","timestamp":1744374972892,"level":"debug","message":"Rendering engine handlebars","meta":{"rootId":"ahlfn86ybqsri6g","id":"ahlfn86ybqsri6g"},"id":"clcqvy8731c6op7","previousOperationId":"0gk4pemc86l1qq1"}
{"type":"operationEnd","operationId":"0gk4pemc86l1qq1","timestamp":1744374972931,"id":"wu5bn432xcb6s6u","previousEventId":"0umy4n8ax6be5wb","previousOperationId":"0gk4pemc86l1qq1"}
{"type":"operationStart","subtype":"recipe","name":"chrome-pdf","timestamp":1744374972932,"id":"opxn704ula6dfxl","previousEventId":"wu5bn432xcb6s6u","operationId":"vtq6dmoe92ubud8","previousOperationId":"0gk4pemc86l1qq1"}
{"type":"log","timestamp":1744374972932,"level":"debug","message":"Executing recipe chrome-pdf","meta":{"rootId":"ahlfn86ybqsri6g","id":"ahlfn86ybqsri6g"},"id":"2ukx0l0yhuq0766","previousOperationId":"vtq6dmoe92ubud8"}
{"type":"log","timestamp":1744374972936,"level":"debug","message":"Converting with chrome Chrome/133.0.6943.126 using chrome-pool strategy","meta":{"rootId":"ahlfn86ybqsri6g","id":"ahlfn86ybqsri6g"},"id":"orypwcs39zb8vp0","previousOperationId":"vtq6dmoe92ubud8"}
{"type":"log","timestamp":1744374973014,"level":"debug","message":"Page request: GET (document) file:///C:/Users/Patheo24/AppData/Local/Temp/jsreport/autocleanup/337f4c8f-06cc-45f1-8d97-30e54a293f84-chrome-pdf.html","meta":{"rootId":"ahlfn86ybqsri6g","id":"ahlfn86ybqsri6g"},"id":"ou7pqihrnepfzdo","previousOperationId":"vtq6dmoe92ubud8"}
{"type":"log","timestamp":1744374973042,"level":"debug","message":"Page request finished: GET (document) 200 file:///C:/Users/Patheo24/AppData/Local/Temp/jsreport/autocleanup/337f4c8f-06cc-45f1-8d97-30e54a293f84-chrome-pdf.html","meta":{"rootId":"ahlfn86ybqsri6g","id":"ahlfn86ybqsri6g"},"id":"nfwgu5bfr9caim4","previousOperationId":"vtq6dmoe92ubud8"}
{"type":"log","timestamp":1744374973047,"level":"debug","message":"Page request: GET (image) https://res.cloudinary.com/dpes1dyqb/image/upload/v1738768933/logo_myycxt.jpg","meta":{"rootId":"ahlfn86ybqsri6g","id":"ahlfn86ybqsri6g"},"id":"0caex4u2q1dl2bo","previousOperationId":"vtq6dmoe92ubud8"}
{"type":"log","timestamp":1744374973047,"level":"debug","message":"Page request: GET (font) http://localhost:5488/fonts/kalpurush.ttf","meta":{"rootId":"ahlfn86ybqsri6g","id":"ahlfn86ybqsri6g"},"id":"5f3ks8msx91z544","previousOperationId":"vtq6dmoe92ubud8"}
{"type":"log","timestamp":1744374973051,"level":"debug","message":"Page request: GET (font) http://localhost:5488/fonts/kalpurush.ttf","meta":{"rootId":"ahlfn86ybqsri6g","id":"ahlfn86ybqsri6g"},"id":"bts20bd1a9djl5y","previousOperationId":"vtq6dmoe92ubud8"}
{"type":"log","timestamp":1744374973053,"level":"debug","message":"Page request finished: GET (image) 200 https://res.cloudinary.com/dpes1dyqb/image/upload/v1738768933/logo_myycxt.jpg","meta":{"rootId":"ahlfn86ybqsri6g","id":"ahlfn86ybqsri6g"},"id":"zdo64w7mp7y8s1k","previousOperationId":"vtq6dmoe92ubud8"}
{"type":"log","timestamp":1744374973117,"level":"debug","message":"(console:error) Failed to load resource: the server responded with a status of 404 (Not Found)","meta":{"userLevel":true,"rootId":"ahlfn86ybqsri6g","id":"ahlfn86ybqsri6g"},"id":"1tpebt4c7xe3mhs","previousOperationId":"vtq6dmoe92ubud8"}
{"type":"log","timestamp":1744374973117,"level":"warn","message":"Page request failed: GET (font) http://localhost:5488/fonts/kalpurush.ttf, failure: net::ERR_ABORTED","meta":{"rootId":"ahlfn86ybqsri6g","id":"ahlfn86ybqsri6g"},"id":"6wxp4was15m09bo","previousOperationId":"vtq6dmoe92ubud8"}
{"type":"log","timestamp":1744374973129,"level":"debug","message":"Running chrome with params {\"printBackground\":true,\"format\":\"A5\",\"marginRight\":\"\",\"height\":\"\",\"marginTop\":\"\",\"marginBottom\":\"\",\"marginLeft\":\"\",\"displayHeaderFooter\":true,\"width\":\"\",\"timeout\":59933,\"margin\":{\"top\":\"\",\"right\":\"\",\"bottom\":\"\",\"left\":\"\"}}","meta":{"rootId":"ahlfn86ybqsri6g","id":"ahlfn86ybqsri6g"},"id":"h05vmd64ls2larg","previousOperationId":"vtq6dmoe92ubud8"}
{"type":"operationEnd","operationId":"vtq6dmoe92ubud8","timestamp":1744374973458,"id":"6iil1ij3e5zbaaf","previousEventId":"opxn704ula6dfxl","previousOperationId":"vtq6dmoe92ubud8"}
{"type":"log","timestamp":1744374973458,"level":"debug","message":"Skipping storing report.","meta":{"rootId":"ahlfn86ybqsri6g","id":"ahlfn86ybqsri6g"},"id":"zjw8fe32o1c15ee","previousOperationId":"vtq6dmoe92ubud8"}
{"type":"log","timestamp":1744374973458,"level":"info","message":"Rendering request 19 finished in 591 ms","meta":{"rootId":"ahlfn86ybqsri6g","id":"ahlfn86ybqsri6g"},"id":"rywysoiiuygfvh6","previousOperationId":"vtq6dmoe92ubud8"}
{"type":"operationEnd","subtype":"render","operationId":"1dsik2mrvjsacdf","timestamp":1744374973458,"id":"ruhcfszex4aevv7","previousEventId":"6iil1ij3e5zbaaf","previousOperationId":"vtq6dmoe92ubud8"}
{"type":"operationEnd","doDiffs":false,"previousEventId":"u6dssvauwpoccpf","previousOperationId":"pn34l6vztdpgn8d","operationId":"pn34l6vztdpgn8d","timestamp":1744374973463,"id":"cx9r7bzq9i8jw2a"}
