{"type":"operationStart","subtype":"profile","data":{"_id":"PHARBECHBkOUOhX0","timestamp":"2025-04-09T07:00:24.325Z","state":"queued","mode":"standard","creationDate":"2025-04-09T07:00:24.327Z","modificationDate":"2025-04-09T07:00:24.327Z","shortid":"KY7N7Zo","$entitySet":"profiles"},"doDiffs":false,"timestamp":1744182024326,"id":"w3xt0m74nqrixcq","previousOperationId":null,"operationId":"jrgwnyjw4clo83a"}
{"type":"log","level":"info","message":"Render request 30 queued for execution and waiting for available worker","previousOperationId":"jrgwnyjw4clo83a","timestamp":1744182024326,"id":"0ebbml4yq8jd4if"}
{"type":"operationStart","subtype":"render","name":"myTemplate","previousOperationId":"jrgwnyjw4clo83a","timestamp":1744182024339,"id":"95gedzgrj31aemk","previousEventId":"w3xt0m74nqrixcq","operationId":"2qw7im3ma0fws91"}
{"type":"log","timestamp":1744182024339,"level":"info","message":"Starting rendering request 30","meta":{"rootId":"alsq92123s6pbb4","id":"alsq92123s6pbb4"},"id":"za4i147jujiesdb","previousOperationId":"2qw7im3ma0fws91"}
{"type":"log","timestamp":1744182024340,"level":"info","message":"Rendering template { name: myTemplate, recipe: chrome-pdf, engine: handlebars, preview: true }","meta":{"rootId":"alsq92123s6pbb4","id":"alsq92123s6pbb4"},"id":"6jtbya730bv0im2","previousOperationId":"2qw7im3ma0fws91"}
{"type":"log","timestamp":1744182024353,"level":"debug","message":"Inline data specified.","meta":{"rootId":"alsq92123s6pbb4","id":"alsq92123s6pbb4"},"id":"9upe0zgcgwkgg5k","previousOperationId":"2qw7im3ma0fws91"}
{"type":"log","timestamp":1744182024355,"level":"debug","message":"Base url not specified, skipping its injection.","meta":{"rootId":"alsq92123s6pbb4","id":"alsq92123s6pbb4"},"id":"9nl36aycfzdw4tg","previousOperationId":"2qw7im3ma0fws91"}
{"type":"operationStart","subtype":"engine","name":"handlebars","timestamp":1744182024355,"id":"tb44gb5ixz1l7m1","previousEventId":"95gedzgrj31aemk","operationId":"difj9r6rmy0rcag","previousOperationId":"2qw7im3ma0fws91"}
{"type":"log","timestamp":1744182024355,"level":"debug","message":"Rendering engine handlebars","meta":{"rootId":"alsq92123s6pbb4","id":"alsq92123s6pbb4"},"id":"uy2nktbaz46925p","previousOperationId":"difj9r6rmy0rcag"}
{"type":"operationEnd","operationId":"difj9r6rmy0rcag","timestamp":1744182024369,"id":"m0pf7txen3m2cpv","previousEventId":"tb44gb5ixz1l7m1","previousOperationId":"difj9r6rmy0rcag"}
{"type":"operationStart","subtype":"recipe","name":"chrome-pdf","timestamp":1744182024370,"id":"hrf89ub2vblzsgh","previousEventId":"m0pf7txen3m2cpv","operationId":"u1rnlaznbr7niwo","previousOperationId":"difj9r6rmy0rcag"}
{"type":"log","timestamp":1744182024370,"level":"debug","message":"Executing recipe chrome-pdf","meta":{"rootId":"alsq92123s6pbb4","id":"alsq92123s6pbb4"},"id":"6gwwzwdgwrzife7","previousOperationId":"u1rnlaznbr7niwo"}
{"type":"log","timestamp":1744182024375,"level":"debug","message":"Converting with chrome Chrome/133.0.6943.126 using chrome-pool strategy","meta":{"rootId":"alsq92123s6pbb4","id":"alsq92123s6pbb4"},"id":"qk60480cj81gj62","previousOperationId":"u1rnlaznbr7niwo"}
{"type":"log","timestamp":1744182024441,"level":"debug","message":"Page request: GET (document) file:///C:/Users/Patheo24/AppData/Local/Temp/jsreport/autocleanup/0345e29e-b358-41a5-9cc6-77388c09fea2-chrome-pdf.html","meta":{"rootId":"alsq92123s6pbb4","id":"alsq92123s6pbb4"},"id":"tip4vrfsmjnfmla","previousOperationId":"u1rnlaznbr7niwo"}
{"type":"log","timestamp":1744182024463,"level":"debug","message":"Page request finished: GET (document) 200 file:///C:/Users/Patheo24/AppData/Local/Temp/jsreport/autocleanup/0345e29e-b358-41a5-9cc6-77388c09fea2-chrome-pdf.html","meta":{"rootId":"alsq92123s6pbb4","id":"alsq92123s6pbb4"},"id":"ggofp1ii2gcwye0","previousOperationId":"u1rnlaznbr7niwo"}
{"type":"log","timestamp":1744182024463,"level":"debug","message":"(console:info) Slow network is detected. See https://www.chromestatus.com/feature/5636954674692096 for more details. Fallback font will be used while loading: http://localhost:5488/fonts/kalpurush.ttf","meta":{"userLevel":true,"rootId":"alsq92123s6pbb4","id":"alsq92123s6pbb4"},"id":"ps20gcv3t7bgsrq","previousOperationId":"u1rnlaznbr7niwo"}
{"type":"log","timestamp":1744182024466,"level":"debug","message":"Page request: GET (font) http://localhost:5488/fonts/kalpurush.ttf","meta":{"rootId":"alsq92123s6pbb4","id":"alsq92123s6pbb4"},"id":"mxeefv5annxd22g","previousOperationId":"u1rnlaznbr7niwo"}
{"type":"log","timestamp":1744182024467,"level":"debug","message":"Page request: GET (image) https://res.cloudinary.com/dpes1dyqb/image/upload/v1738768933/logo_myycxt.jpg","meta":{"rootId":"alsq92123s6pbb4","id":"alsq92123s6pbb4"},"id":"6gwplcw73nosj6m","previousOperationId":"u1rnlaznbr7niwo"}
{"type":"log","timestamp":1744182024505,"level":"debug","message":"Page request: GET (font) http://localhost:5488/fonts/kalpurush.ttf","meta":{"rootId":"alsq92123s6pbb4","id":"alsq92123s6pbb4"},"id":"66o5februiaaotl","previousOperationId":"u1rnlaznbr7niwo"}
{"type":"log","timestamp":1744182024506,"level":"debug","message":"Page request finished: GET (image) 200 https://res.cloudinary.com/dpes1dyqb/image/upload/v1738768933/logo_myycxt.jpg","meta":{"rootId":"alsq92123s6pbb4","id":"alsq92123s6pbb4"},"id":"4f9dgg67zgrt284","previousOperationId":"u1rnlaznbr7niwo"}
{"type":"log","timestamp":1744182024513,"level":"debug","message":"(console:error) Failed to load resource: the server responded with a status of 404 (Not Found)","meta":{"userLevel":true,"rootId":"alsq92123s6pbb4","id":"alsq92123s6pbb4"},"id":"8y45tust4kwhg1h","previousOperationId":"u1rnlaznbr7niwo"}
{"type":"log","timestamp":1744182024514,"level":"warn","message":"Page request failed: GET (font) http://localhost:5488/fonts/kalpurush.ttf, failure: net::ERR_ABORTED","meta":{"rootId":"alsq92123s6pbb4","id":"alsq92123s6pbb4"},"id":"5aaopdt6m610gzr","previousOperationId":"u1rnlaznbr7niwo"}
{"type":"log","timestamp":1744182024522,"level":"debug","message":"Running chrome with params {\"printBackground\":true,\"timeout\":59951,\"margin\":{}}","meta":{"rootId":"alsq92123s6pbb4","id":"alsq92123s6pbb4"},"id":"asfnuea1dphtqgk","previousOperationId":"u1rnlaznbr7niwo"}
{"type":"operationEnd","operationId":"u1rnlaznbr7niwo","timestamp":1744182024818,"id":"4yoqu9rrj14whl4","previousEventId":"hrf89ub2vblzsgh","previousOperationId":"u1rnlaznbr7niwo"}
{"type":"log","timestamp":1744182024818,"level":"debug","message":"Skipping storing report.","meta":{"rootId":"alsq92123s6pbb4","id":"alsq92123s6pbb4"},"id":"4pw1z1lipx1dcwa","previousOperationId":"u1rnlaznbr7niwo"}
{"type":"log","timestamp":1744182024818,"level":"info","message":"Rendering request 30 finished in 493 ms","meta":{"rootId":"alsq92123s6pbb4","id":"alsq92123s6pbb4"},"id":"7mrfxmqa7cle0ea","previousOperationId":"u1rnlaznbr7niwo"}
{"type":"operationEnd","subtype":"render","operationId":"2qw7im3ma0fws91","timestamp":1744182024818,"id":"7lgkgsgyzr13zul","previousEventId":"4yoqu9rrj14whl4","previousOperationId":"u1rnlaznbr7niwo"}
{"type":"operationEnd","doDiffs":false,"previousEventId":"w3xt0m74nqrixcq","previousOperationId":"jrgwnyjw4clo83a","operationId":"jrgwnyjw4clo83a","timestamp":1744182024822,"id":"x7pb0nd3f6lswj6"}
