{"type":"operationStart","subtype":"profile","data":{"_id":"l790xnHQjk4aIgEy","timestamp":"2025-04-10T13:15:00.406Z","state":"queued","mode":"standard","creationDate":"2025-04-10T13:15:00.408Z","modificationDate":"2025-04-10T13:15:00.408Z","shortid":"yhLDt7g","$entitySet":"profiles"},"doDiffs":false,"timestamp":1744290900407,"id":"7mmys8ya9s0poq7","previousOperationId":null,"operationId":"5snnhcyo1t7psrh"}
{"type":"log","level":"info","message":"Render request 14 queued for execution and waiting for available worker","previousOperationId":"5snnhcyo1t7psrh","timestamp":1744290900407,"id":"4he97mhj1419phl"}
{"type":"operationStart","subtype":"render","name":"myTemplate","previousOperationId":"5snnhcyo1t7psrh","timestamp":1744290900435,"id":"ydt3xsidhkc955o","previousEventId":"7mmys8ya9s0poq7","operationId":"ej02ethmujz2bmb"}
{"type":"log","timestamp":1744290900435,"level":"info","message":"Starting rendering request 14","meta":{"rootId":"an3z0xc0ku5dgkf","id":"an3z0xc0ku5dgkf"},"id":"a9x5czchty3r2t0","previousOperationId":"ej02ethmujz2bmb"}
{"type":"log","timestamp":1744290900435,"level":"info","message":"Rendering template { name: myTemplate, recipe: chrome-pdf, engine: handlebars, preview: true }","meta":{"rootId":"an3z0xc0ku5dgkf","id":"an3z0xc0ku5dgkf"},"id":"0vddhse4nbbk94w","previousOperationId":"ej02ethmujz2bmb"}
{"type":"log","timestamp":1744290900449,"level":"debug","message":"Adding sample data HUavgV0Kc","meta":{"rootId":"an3z0xc0ku5dgkf","id":"an3z0xc0ku5dgkf"},"id":"rl876qufxw6p2h1","previousOperationId":"ej02ethmujz2bmb"}
{"type":"log","timestamp":1744290900451,"level":"debug","message":"Base url not specified, skipping its injection.","meta":{"rootId":"an3z0xc0ku5dgkf","id":"an3z0xc0ku5dgkf"},"id":"uzmdkniz74gieur","previousOperationId":"ej02ethmujz2bmb"}
{"type":"operationStart","subtype":"engine","name":"handlebars","timestamp":1744290900452,"id":"rhz6xecf8uhv8w0","previousEventId":"ydt3xsidhkc955o","operationId":"3znumx7yoxgj52x","previousOperationId":"ej02ethmujz2bmb"}
{"type":"log","timestamp":1744290900452,"level":"debug","message":"Rendering engine handlebars","meta":{"rootId":"an3z0xc0ku5dgkf","id":"an3z0xc0ku5dgkf"},"id":"3zk9oah4msvm53k","previousOperationId":"3znumx7yoxgj52x"}
{"type":"operationEnd","operationId":"3znumx7yoxgj52x","timestamp":1744290900492,"id":"mabv7mppshain3w","previousEventId":"rhz6xecf8uhv8w0","previousOperationId":"3znumx7yoxgj52x"}
{"type":"operationStart","subtype":"recipe","name":"chrome-pdf","timestamp":1744290900492,"id":"u222qvqu7zedwhm","previousEventId":"mabv7mppshain3w","operationId":"7v3zm52bfbwut7m","previousOperationId":"3znumx7yoxgj52x"}
{"type":"log","timestamp":1744290900492,"level":"debug","message":"Executing recipe chrome-pdf","meta":{"rootId":"an3z0xc0ku5dgkf","id":"an3z0xc0ku5dgkf"},"id":"wxltm1prpakel3r","previousOperationId":"7v3zm52bfbwut7m"}
{"type":"log","timestamp":1744290900499,"level":"debug","message":"Converting with chrome Chrome/133.0.6943.126 using chrome-pool strategy","meta":{"rootId":"an3z0xc0ku5dgkf","id":"an3z0xc0ku5dgkf"},"id":"7ezh916x2fnb8vo","previousOperationId":"7v3zm52bfbwut7m"}
{"type":"log","timestamp":1744290900585,"level":"debug","message":"Page request: GET (document) file:///C:/Users/Patheo24/AppData/Local/Temp/jsreport/autocleanup/2cd08d53-882c-4693-af27-deee603ee737-chrome-pdf.html","meta":{"rootId":"an3z0xc0ku5dgkf","id":"an3z0xc0ku5dgkf"},"id":"tk3kfmudkwjfcxk","previousOperationId":"7v3zm52bfbwut7m"}
{"type":"log","timestamp":1744290900605,"level":"debug","message":"Page request finished: GET (document) 200 file:///C:/Users/Patheo24/AppData/Local/Temp/jsreport/autocleanup/2cd08d53-882c-4693-af27-deee603ee737-chrome-pdf.html","meta":{"rootId":"an3z0xc0ku5dgkf","id":"an3z0xc0ku5dgkf"},"id":"gznoog4bnzqe67p","previousOperationId":"7v3zm52bfbwut7m"}
{"type":"log","timestamp":1744290900606,"level":"debug","message":"Page request: GET (image) https://res.cloudinary.com/dpes1dyqb/image/upload/v1738768933/logo_myycxt.jpg","meta":{"rootId":"an3z0xc0ku5dgkf","id":"an3z0xc0ku5dgkf"},"id":"9jhkq2jsd0kqrex","previousOperationId":"7v3zm52bfbwut7m"}
{"type":"log","timestamp":1744290900607,"level":"debug","message":"Page request: GET (font) http://localhost:5488/fonts/kalpurush.ttf","meta":{"rootId":"an3z0xc0ku5dgkf","id":"an3z0xc0ku5dgkf"},"id":"r7ynxag9k1tamfh","previousOperationId":"7v3zm52bfbwut7m"}
{"type":"log","timestamp":1744290900668,"level":"debug","message":"Page request: GET (font) http://localhost:5488/fonts/kalpurush.ttf","meta":{"rootId":"an3z0xc0ku5dgkf","id":"an3z0xc0ku5dgkf"},"id":"j3y8fb3c84kv19p","previousOperationId":"7v3zm52bfbwut7m"}
{"type":"log","timestamp":1744290900669,"level":"debug","message":"Page request finished: GET (image) 200 https://res.cloudinary.com/dpes1dyqb/image/upload/v1738768933/logo_myycxt.jpg","meta":{"rootId":"an3z0xc0ku5dgkf","id":"an3z0xc0ku5dgkf"},"id":"7k917ciaoj76fnc","previousOperationId":"7v3zm52bfbwut7m"}
{"type":"log","timestamp":1744290900686,"level":"debug","message":"(console:error) Failed to load resource: the server responded with a status of 404 (Not Found)","meta":{"userLevel":true,"rootId":"an3z0xc0ku5dgkf","id":"an3z0xc0ku5dgkf"},"id":"rnyhpjcbytypmgs","previousOperationId":"7v3zm52bfbwut7m"}
{"type":"log","timestamp":1744290900686,"level":"warn","message":"Page request failed: GET (font) http://localhost:5488/fonts/kalpurush.ttf, failure: net::ERR_ABORTED","meta":{"rootId":"an3z0xc0ku5dgkf","id":"an3z0xc0ku5dgkf"},"id":"v1jycic4vr4h33t","previousOperationId":"7v3zm52bfbwut7m"}
{"type":"log","timestamp":1744290900698,"level":"debug","message":"Running chrome with params {\"printBackground\":true,\"format\":\"A5\",\"marginRight\":\"\",\"height\":\"\",\"marginTop\":\"\",\"marginBottom\":\"\",\"marginLeft\":\"\",\"displayHeaderFooter\":true,\"width\":\"\",\"timeout\":59909,\"margin\":{\"top\":\"\",\"right\":\"\",\"bottom\":\"\",\"left\":\"\"}}","meta":{"rootId":"an3z0xc0ku5dgkf","id":"an3z0xc0ku5dgkf"},"id":"55hikw8qo7yi6bm","previousOperationId":"7v3zm52bfbwut7m"}
{"type":"operationEnd","operationId":"7v3zm52bfbwut7m","timestamp":1744290901033,"id":"cnhvg9rxdpnebap","previousEventId":"u222qvqu7zedwhm","previousOperationId":"7v3zm52bfbwut7m"}
{"type":"log","timestamp":1744290901033,"level":"debug","message":"Skipping storing report.","meta":{"rootId":"an3z0xc0ku5dgkf","id":"an3z0xc0ku5dgkf"},"id":"x2j77yeyxh8dvqx","previousOperationId":"7v3zm52bfbwut7m"}
{"type":"log","timestamp":1744290901033,"level":"info","message":"Rendering request 14 finished in 627 ms","meta":{"rootId":"an3z0xc0ku5dgkf","id":"an3z0xc0ku5dgkf"},"id":"wsmihn8p5x5fwln","previousOperationId":"7v3zm52bfbwut7m"}
{"type":"operationEnd","subtype":"render","operationId":"ej02ethmujz2bmb","timestamp":1744290901033,"id":"b3wmqnnysijdo2y","previousEventId":"cnhvg9rxdpnebap","previousOperationId":"7v3zm52bfbwut7m"}
{"type":"operationEnd","doDiffs":false,"previousEventId":"7mmys8ya9s0poq7","previousOperationId":"5snnhcyo1t7psrh","operationId":"5snnhcyo1t7psrh","timestamp":1744290901037,"id":"vf5flq3jy92amyl"}
