{"type":"operationStart","subtype":"profile","data":{"_id":"Llbtgr1lj7beHnQd","timestamp":"2025-04-09T07:04:25.755Z","state":"queued","mode":"standard","creationDate":"2025-04-09T07:04:25.757Z","modificationDate":"2025-04-09T07:04:25.757Z","shortid":"0KArShF","$entitySet":"profiles"},"doDiffs":false,"timestamp":1744182265756,"id":"z8z17f7u8y811br","previousOperationId":null,"operationId":"vg2f0nn1xf17pan"}
{"type":"log","level":"info","message":"Render request 38 queued for execution and waiting for available worker","previousOperationId":"vg2f0nn1xf17pan","timestamp":1744182265756,"id":"kkol0kcvticsxr3"}
{"type":"operationStart","subtype":"render","name":"myTemplate","previousOperationId":"vg2f0nn1xf17pan","timestamp":1744182265767,"id":"yjx7yi11rba3umo","previousEventId":"z8z17f7u8y811br","operationId":"bm8yxv4bolu3n9l"}
{"type":"log","timestamp":1744182265767,"level":"info","message":"Starting rendering request 38","meta":{"rootId":"aqwo009h9u9ox9w","id":"aqwo009h9u9ox9w"},"id":"356x8i7nj7hl95f","previousOperationId":"bm8yxv4bolu3n9l"}
{"type":"log","timestamp":1744182265767,"level":"info","message":"Rendering template { name: myTemplate, recipe: chrome-pdf, engine: handlebars, preview: true }","meta":{"rootId":"aqwo009h9u9ox9w","id":"aqwo009h9u9ox9w"},"id":"64uo2p2l9bgggph","previousOperationId":"bm8yxv4bolu3n9l"}
{"type":"log","timestamp":1744182265767,"level":"debug","message":"Inline data specified.","meta":{"rootId":"aqwo009h9u9ox9w","id":"aqwo009h9u9ox9w"},"id":"0m5x3vt5lj1awbv","previousOperationId":"bm8yxv4bolu3n9l"}
{"type":"log","timestamp":1744182265769,"level":"debug","message":"Base url not specified, skipping its injection.","meta":{"rootId":"aqwo009h9u9ox9w","id":"aqwo009h9u9ox9w"},"id":"sf34fbp66b7pgx8","previousOperationId":"bm8yxv4bolu3n9l"}
{"type":"operationStart","subtype":"engine","name":"handlebars","timestamp":1744182265769,"id":"whzdljeqglps0ir","previousEventId":"yjx7yi11rba3umo","operationId":"xhi37ayp0agcy4b","previousOperationId":"bm8yxv4bolu3n9l"}
{"type":"log","timestamp":1744182265769,"level":"debug","message":"Rendering engine handlebars","meta":{"rootId":"aqwo009h9u9ox9w","id":"aqwo009h9u9ox9w"},"id":"qi3jtiq41e1182a","previousOperationId":"xhi37ayp0agcy4b"}
{"type":"operationEnd","operationId":"xhi37ayp0agcy4b","timestamp":1744182265781,"id":"tbxps6jh093w3mn","previousEventId":"whzdljeqglps0ir","previousOperationId":"xhi37ayp0agcy4b"}
{"type":"operationStart","subtype":"recipe","name":"chrome-pdf","timestamp":1744182265782,"id":"xlhtewwttu9iox7","previousEventId":"tbxps6jh093w3mn","operationId":"qt0jz0xuqxyyno0","previousOperationId":"xhi37ayp0agcy4b"}
{"type":"log","timestamp":1744182265782,"level":"debug","message":"Executing recipe chrome-pdf","meta":{"rootId":"aqwo009h9u9ox9w","id":"aqwo009h9u9ox9w"},"id":"wap8k40bdsj5oli","previousOperationId":"qt0jz0xuqxyyno0"}
{"type":"log","timestamp":1744182265784,"level":"debug","message":"Converting with chrome Chrome/133.0.6943.126 using chrome-pool strategy","meta":{"rootId":"aqwo009h9u9ox9w","id":"aqwo009h9u9ox9w"},"id":"ani88sl5v6n8q3d","previousOperationId":"qt0jz0xuqxyyno0"}
{"type":"log","timestamp":1744182265847,"level":"debug","message":"Page request: GET (document) file:///C:/Users/Patheo24/AppData/Local/Temp/jsreport/autocleanup/f6125718-a492-48e8-a66a-baac7a261f10-chrome-pdf.html","meta":{"rootId":"aqwo009h9u9ox9w","id":"aqwo009h9u9ox9w"},"id":"wnuhjxahxcystlv","previousOperationId":"qt0jz0xuqxyyno0"}
{"type":"log","timestamp":1744182265875,"level":"debug","message":"Page request finished: GET (document) 200 file:///C:/Users/Patheo24/AppData/Local/Temp/jsreport/autocleanup/f6125718-a492-48e8-a66a-baac7a261f10-chrome-pdf.html","meta":{"rootId":"aqwo009h9u9ox9w","id":"aqwo009h9u9ox9w"},"id":"n3bz2d6eqaaeg28","previousOperationId":"qt0jz0xuqxyyno0"}
{"type":"log","timestamp":1744182265876,"level":"debug","message":"(console:info) Slow network is detected. See https://www.chromestatus.com/feature/5636954674692096 for more details. Fallback font will be used while loading: http://localhost:5488/fonts/kalpurush.ttf","meta":{"userLevel":true,"rootId":"aqwo009h9u9ox9w","id":"aqwo009h9u9ox9w"},"id":"rjm9h2mku5kqv5l","previousOperationId":"qt0jz0xuqxyyno0"}
{"type":"log","timestamp":1744182265881,"level":"debug","message":"Page request: GET (font) http://localhost:5488/fonts/kalpurush.ttf","meta":{"rootId":"aqwo009h9u9ox9w","id":"aqwo009h9u9ox9w"},"id":"hwcvmw2vkfhul4s","previousOperationId":"qt0jz0xuqxyyno0"}
{"type":"log","timestamp":1744182265881,"level":"debug","message":"Page request: GET (image) https://res.cloudinary.com/dpes1dyqb/image/upload/v1738768933/logo_myycxt.jpg","meta":{"rootId":"aqwo009h9u9ox9w","id":"aqwo009h9u9ox9w"},"id":"03mu5uulwqe23kn","previousOperationId":"qt0jz0xuqxyyno0"}
{"type":"log","timestamp":1744182265886,"level":"debug","message":"Page request: GET (font) http://localhost:5488/fonts/kalpurush.ttf","meta":{"rootId":"aqwo009h9u9ox9w","id":"aqwo009h9u9ox9w"},"id":"j2zdjwesdl12k20","previousOperationId":"qt0jz0xuqxyyno0"}
{"type":"log","timestamp":1744182265930,"level":"debug","message":"Page request finished: GET (image) 200 https://res.cloudinary.com/dpes1dyqb/image/upload/v1738768933/logo_myycxt.jpg","meta":{"rootId":"aqwo009h9u9ox9w","id":"aqwo009h9u9ox9w"},"id":"3rzcp17725yfyth","previousOperationId":"qt0jz0xuqxyyno0"}
{"type":"log","timestamp":1744182265931,"level":"debug","message":"(console:error) Failed to load resource: the server responded with a status of 404 (Not Found)","meta":{"userLevel":true,"rootId":"aqwo009h9u9ox9w","id":"aqwo009h9u9ox9w"},"id":"pw5bik7fdf56k55","previousOperationId":"qt0jz0xuqxyyno0"}
{"type":"log","timestamp":1744182265931,"level":"warn","message":"Page request failed: GET (font) http://localhost:5488/fonts/kalpurush.ttf, failure: net::ERR_ABORTED","meta":{"rootId":"aqwo009h9u9ox9w","id":"aqwo009h9u9ox9w"},"id":"a991wi81ceir0a4","previousOperationId":"qt0jz0xuqxyyno0"}
{"type":"log","timestamp":1744182265944,"level":"debug","message":"Running chrome with params {\"printBackground\":true,\"timeout\":59972,\"margin\":{}}","meta":{"rootId":"aqwo009h9u9ox9w","id":"aqwo009h9u9ox9w"},"id":"2omdeq6qecbfq1y","previousOperationId":"qt0jz0xuqxyyno0"}
{"type":"operationEnd","operationId":"qt0jz0xuqxyyno0","timestamp":1744182266241,"id":"j6hngissrypepcm","previousEventId":"xlhtewwttu9iox7","previousOperationId":"qt0jz0xuqxyyno0"}
{"type":"log","timestamp":1744182266241,"level":"debug","message":"Skipping storing report.","meta":{"rootId":"aqwo009h9u9ox9w","id":"aqwo009h9u9ox9w"},"id":"l27qrxvg978pjb9","previousOperationId":"qt0jz0xuqxyyno0"}
{"type":"log","timestamp":1744182266241,"level":"info","message":"Rendering request 38 finished in 486 ms","meta":{"rootId":"aqwo009h9u9ox9w","id":"aqwo009h9u9ox9w"},"id":"y25oozhwnuaz4sn","previousOperationId":"qt0jz0xuqxyyno0"}
{"type":"operationEnd","subtype":"render","operationId":"bm8yxv4bolu3n9l","timestamp":1744182266241,"id":"3li8mzxhljo7fvc","previousEventId":"j6hngissrypepcm","previousOperationId":"qt0jz0xuqxyyno0"}
{"type":"operationEnd","doDiffs":false,"previousEventId":"z8z17f7u8y811br","previousOperationId":"vg2f0nn1xf17pan","operationId":"vg2f0nn1xf17pan","timestamp":1744182266244,"id":"snmew4x5h8ssonw"}
