{"type":"operationStart","subtype":"profile","data":{"_id":"LBIt2OMem1dLW5Ec","timestamp":"2025-04-09T09:44:12.942Z","state":"queued","mode":"standard","creationDate":"2025-04-09T09:44:12.945Z","modificationDate":"2025-04-09T09:44:12.945Z","shortid":"8b8xjpa","$entitySet":"profiles"},"doDiffs":false,"timestamp":1744191852943,"id":"uc4p4ove3n82dvq","previousOperationId":null,"operationId":"boogmsm1xr0uisc"}
{"type":"log","level":"info","message":"Render request 61 queued for execution and waiting for available worker","previousOperationId":"boogmsm1xr0uisc","timestamp":1744191852943,"id":"q4f8r1d80jpluht"}
{"type":"operationStart","subtype":"render","name":"myTemplate","previousOperationId":"boogmsm1xr0uisc","timestamp":1744191852956,"id":"a4qu0jbrlnb52zi","previousEventId":"uc4p4ove3n82dvq","operationId":"wui0t5vw3nn8vox"}
{"type":"log","timestamp":1744191852956,"level":"info","message":"Starting rendering request 61","meta":{"rootId":"b3cyibogk34lz9v","id":"b3cyibogk34lz9v"},"id":"8pj8vxesyemedag","previousOperationId":"wui0t5vw3nn8vox"}
{"type":"log","timestamp":1744191852956,"level":"info","message":"Rendering template { name: myTemplate, recipe: chrome-pdf, engine: handlebars, preview: true }","meta":{"rootId":"b3cyibogk34lz9v","id":"b3cyibogk34lz9v"},"id":"nrkuml3msdzdnxt","previousOperationId":"wui0t5vw3nn8vox"}
{"type":"log","timestamp":1744191852957,"level":"debug","message":"Inline data specified.","meta":{"rootId":"b3cyibogk34lz9v","id":"b3cyibogk34lz9v"},"id":"j8pwkm4dtr6bnhk","previousOperationId":"wui0t5vw3nn8vox"}
{"type":"log","timestamp":1744191852958,"level":"debug","message":"Base url not specified, skipping its injection.","meta":{"rootId":"b3cyibogk34lz9v","id":"b3cyibogk34lz9v"},"id":"u1zzeb496lgebur","previousOperationId":"wui0t5vw3nn8vox"}
{"type":"operationStart","subtype":"engine","name":"handlebars","timestamp":1744191852958,"id":"mhrr4k1md3bcp65","previousEventId":"a4qu0jbrlnb52zi","operationId":"n6dgn6rvxwylb5t","previousOperationId":"wui0t5vw3nn8vox"}
{"type":"log","timestamp":1744191852958,"level":"debug","message":"Rendering engine handlebars","meta":{"rootId":"b3cyibogk34lz9v","id":"b3cyibogk34lz9v"},"id":"seqy2oymbmp0bg9","previousOperationId":"n6dgn6rvxwylb5t"}
{"type":"operationEnd","operationId":"n6dgn6rvxwylb5t","timestamp":1744191852976,"id":"b0z1h7lfkzdxyzj","previousEventId":"mhrr4k1md3bcp65","previousOperationId":"n6dgn6rvxwylb5t"}
{"type":"operationStart","subtype":"recipe","name":"chrome-pdf","timestamp":1744191852976,"id":"fpdz1ejo3sgp29q","previousEventId":"b0z1h7lfkzdxyzj","operationId":"aj2nb3w3hfk9akb","previousOperationId":"n6dgn6rvxwylb5t"}
{"type":"log","timestamp":1744191852976,"level":"debug","message":"Executing recipe chrome-pdf","meta":{"rootId":"b3cyibogk34lz9v","id":"b3cyibogk34lz9v"},"id":"eexlikhwiko7nvw","previousOperationId":"aj2nb3w3hfk9akb"}
{"type":"log","timestamp":1744191852979,"level":"debug","message":"Converting with chrome Chrome/133.0.6943.126 using chrome-pool strategy","meta":{"rootId":"b3cyibogk34lz9v","id":"b3cyibogk34lz9v"},"id":"euncleia2b5un6q","previousOperationId":"aj2nb3w3hfk9akb"}
{"type":"log","timestamp":1744191853044,"level":"debug","message":"Page request: GET (document) file:///C:/Users/Patheo24/AppData/Local/Temp/jsreport/autocleanup/d1e6e499-1afe-4fdf-962e-e1eb4a39edad-chrome-pdf.html","meta":{"rootId":"b3cyibogk34lz9v","id":"b3cyibogk34lz9v"},"id":"9pm9oja6ipxaa9l","previousOperationId":"aj2nb3w3hfk9akb"}
{"type":"log","timestamp":1744191853086,"level":"debug","message":"Page request finished: GET (document) 200 file:///C:/Users/Patheo24/AppData/Local/Temp/jsreport/autocleanup/d1e6e499-1afe-4fdf-962e-e1eb4a39edad-chrome-pdf.html","meta":{"rootId":"b3cyibogk34lz9v","id":"b3cyibogk34lz9v"},"id":"jl5a5p68z9y4xpx","previousOperationId":"aj2nb3w3hfk9akb"}
{"type":"log","timestamp":1744191853086,"level":"debug","message":"Page request: GET (image) https://res.cloudinary.com/dpes1dyqb/image/upload/v1738768933/logo_myycxt.jpg","meta":{"rootId":"b3cyibogk34lz9v","id":"b3cyibogk34lz9v"},"id":"f6glai0c2jhiugx","previousOperationId":"aj2nb3w3hfk9akb"}
{"type":"log","timestamp":1744191853088,"level":"debug","message":"(console:info) Slow network is detected. See https://www.chromestatus.com/feature/5636954674692096 for more details. Fallback font will be used while loading: http://localhost:5488/fonts/kalpurush.ttf","meta":{"userLevel":true,"rootId":"b3cyibogk34lz9v","id":"b3cyibogk34lz9v"},"id":"oo86io35w7e2fkg","previousOperationId":"aj2nb3w3hfk9akb"}
{"type":"log","timestamp":1744191853088,"level":"debug","message":"Page request: GET (font) http://localhost:5488/fonts/kalpurush.ttf","meta":{"rootId":"b3cyibogk34lz9v","id":"b3cyibogk34lz9v"},"id":"uuz38umerr4pdt4","previousOperationId":"aj2nb3w3hfk9akb"}
{"type":"log","timestamp":1744191853092,"level":"debug","message":"Page request: GET (font) http://localhost:5488/fonts/kalpurush.ttf","meta":{"rootId":"b3cyibogk34lz9v","id":"b3cyibogk34lz9v"},"id":"7og144c0ebv962j","previousOperationId":"aj2nb3w3hfk9akb"}
{"type":"log","timestamp":1744191853093,"level":"debug","message":"Page request finished: GET (image) 200 https://res.cloudinary.com/dpes1dyqb/image/upload/v1738768933/logo_myycxt.jpg","meta":{"rootId":"b3cyibogk34lz9v","id":"b3cyibogk34lz9v"},"id":"a82mnc09kzwntmd","previousOperationId":"aj2nb3w3hfk9akb"}
{"type":"log","timestamp":1744191853148,"level":"debug","message":"(console:error) Failed to load resource: the server responded with a status of 404 (Not Found)","meta":{"userLevel":true,"rootId":"b3cyibogk34lz9v","id":"b3cyibogk34lz9v"},"id":"olnf3yjs3y8u6e3","previousOperationId":"aj2nb3w3hfk9akb"}
{"type":"log","timestamp":1744191853148,"level":"warn","message":"Page request failed: GET (font) http://localhost:5488/fonts/kalpurush.ttf, failure: net::ERR_ABORTED","meta":{"rootId":"b3cyibogk34lz9v","id":"b3cyibogk34lz9v"},"id":"tt0fgzppue8j66s","previousOperationId":"aj2nb3w3hfk9akb"}
{"type":"log","timestamp":1744191853156,"level":"debug","message":"Running chrome with params {\"printBackground\":true,\"timeout\":59963,\"margin\":{}}","meta":{"rootId":"b3cyibogk34lz9v","id":"b3cyibogk34lz9v"},"id":"2hsjvv720an90d7","previousOperationId":"aj2nb3w3hfk9akb"}
{"type":"operationEnd","operationId":"aj2nb3w3hfk9akb","timestamp":1744191853468,"id":"7k0vtejf8xbduvx","previousEventId":"fpdz1ejo3sgp29q","previousOperationId":"aj2nb3w3hfk9akb"}
{"type":"log","timestamp":1744191853468,"level":"debug","message":"Skipping storing report.","meta":{"rootId":"b3cyibogk34lz9v","id":"b3cyibogk34lz9v"},"id":"1bksfvse9f4bxt7","previousOperationId":"aj2nb3w3hfk9akb"}
{"type":"log","timestamp":1744191853468,"level":"info","message":"Rendering request 61 finished in 527 ms","meta":{"rootId":"b3cyibogk34lz9v","id":"b3cyibogk34lz9v"},"id":"hptf82bqk1spv2z","previousOperationId":"aj2nb3w3hfk9akb"}
{"type":"operationEnd","subtype":"render","operationId":"wui0t5vw3nn8vox","timestamp":1744191853468,"id":"lu1fs2e1xz4kmje","previousEventId":"7k0vtejf8xbduvx","previousOperationId":"aj2nb3w3hfk9akb"}
{"type":"operationEnd","doDiffs":false,"previousEventId":"uc4p4ove3n82dvq","previousOperationId":"boogmsm1xr0uisc","operationId":"boogmsm1xr0uisc","timestamp":1744191853473,"id":"j9yi3au9cnmvdri"}
