{"type":"operationStart","subtype":"profile","data":{"_id":"aXGKstni4nSeHA51","timestamp":"2025-04-09T14:16:42.829Z","state":"queued","mode":"standard","creationDate":"2025-04-09T14:16:42.831Z","modificationDate":"2025-04-09T14:16:42.831Z","shortid":"Mw9r-F0","$entitySet":"profiles"},"doDiffs":false,"timestamp":1744208202830,"id":"cgzapldxih51das","previousOperationId":null,"operationId":"r33lg2ijatpxkkj"}
{"type":"log","level":"info","message":"Render request 86 queued for execution and waiting for available worker","previousOperationId":"r33lg2ijatpxkkj","timestamp":1744208202830,"id":"s8hyy3xjijko7jb"}
{"type":"operationStart","subtype":"render","name":"myTemplate","previousOperationId":"r33lg2ijatpxkkj","timestamp":1744208202841,"id":"bxk1cpko7tk5wgu","previousEventId":"cgzapldxih51das","operationId":"u1ws1g5lrhwqsl9"}
{"type":"log","timestamp":1744208202841,"level":"info","message":"Starting rendering request 86","meta":{"rootId":"b7kt52dp51mk6go","id":"b7kt52dp51mk6go"},"id":"yn8ac3h6282jx3c","previousOperationId":"u1ws1g5lrhwqsl9"}
{"type":"log","timestamp":1744208202841,"level":"info","message":"Rendering template { name: myTemplate, recipe: chrome-pdf, engine: handlebars, preview: true }","meta":{"rootId":"b7kt52dp51mk6go","id":"b7kt52dp51mk6go"},"id":"ucaoqd3u4i9vjt3","previousOperationId":"u1ws1g5lrhwqsl9"}
{"type":"log","timestamp":1744208202842,"level":"debug","message":"Adding sample data HUavgV0Kc","meta":{"rootId":"b7kt52dp51mk6go","id":"b7kt52dp51mk6go"},"id":"t01dwcmll9be2q0","previousOperationId":"u1ws1g5lrhwqsl9"}
{"type":"log","timestamp":1744208202843,"level":"debug","message":"Base url not specified, skipping its injection.","meta":{"rootId":"b7kt52dp51mk6go","id":"b7kt52dp51mk6go"},"id":"r6qrx7vppqamf7h","previousOperationId":"u1ws1g5lrhwqsl9"}
{"type":"operationStart","subtype":"engine","name":"handlebars","timestamp":1744208202843,"id":"jryzoyje6vx8utk","previousEventId":"bxk1cpko7tk5wgu","operationId":"duhboobirzmqm4a","previousOperationId":"u1ws1g5lrhwqsl9"}
{"type":"log","timestamp":1744208202843,"level":"debug","message":"Rendering engine handlebars","meta":{"rootId":"b7kt52dp51mk6go","id":"b7kt52dp51mk6go"},"id":"7zh0hzw3tuiz13x","previousOperationId":"duhboobirzmqm4a"}
{"type":"operationEnd","operationId":"duhboobirzmqm4a","timestamp":1744208202861,"id":"wcoe3gv1ir8vl4z","previousEventId":"jryzoyje6vx8utk","previousOperationId":"duhboobirzmqm4a"}
{"type":"operationStart","subtype":"recipe","name":"chrome-pdf","timestamp":1744208202861,"id":"rqthpy64zeu909m","previousEventId":"wcoe3gv1ir8vl4z","operationId":"1v96df275p6lr4g","previousOperationId":"duhboobirzmqm4a"}
{"type":"log","timestamp":1744208202861,"level":"debug","message":"Executing recipe chrome-pdf","meta":{"rootId":"b7kt52dp51mk6go","id":"b7kt52dp51mk6go"},"id":"t9fgs16kt0sydrg","previousOperationId":"1v96df275p6lr4g"}
{"type":"log","timestamp":1744208202863,"level":"debug","message":"Converting with chrome Chrome/133.0.6943.126 using chrome-pool strategy","meta":{"rootId":"b7kt52dp51mk6go","id":"b7kt52dp51mk6go"},"id":"hu50zkfxnujfarc","previousOperationId":"1v96df275p6lr4g"}
{"type":"log","timestamp":1744208202942,"level":"debug","message":"Page request: GET (document) file:///C:/Users/Patheo24/AppData/Local/Temp/jsreport/autocleanup/774f96ee-9da4-4ebe-abe1-db1ff0948cd0-chrome-pdf.html","meta":{"rootId":"b7kt52dp51mk6go","id":"b7kt52dp51mk6go"},"id":"5lvzb8gcfhlpvbm","previousOperationId":"1v96df275p6lr4g"}
{"type":"log","timestamp":1744208202981,"level":"debug","message":"Page request finished: GET (document) 200 file:///C:/Users/Patheo24/AppData/Local/Temp/jsreport/autocleanup/774f96ee-9da4-4ebe-abe1-db1ff0948cd0-chrome-pdf.html","meta":{"rootId":"b7kt52dp51mk6go","id":"b7kt52dp51mk6go"},"id":"huzkmpyasiaddmi","previousOperationId":"1v96df275p6lr4g"}
{"type":"log","timestamp":1744208202982,"level":"debug","message":"(console:info) Slow network is detected. See https://www.chromestatus.com/feature/5636954674692096 for more details. Fallback font will be used while loading: http://localhost:5488/fonts/kalpurush.ttf","meta":{"userLevel":true,"rootId":"b7kt52dp51mk6go","id":"b7kt52dp51mk6go"},"id":"rs5fkjsvfhlhl1g","previousOperationId":"1v96df275p6lr4g"}
{"type":"log","timestamp":1744208202986,"level":"debug","message":"Page request: GET (font) http://localhost:5488/fonts/kalpurush.ttf","meta":{"rootId":"b7kt52dp51mk6go","id":"b7kt52dp51mk6go"},"id":"t9i7ro7hkfi5j4i","previousOperationId":"1v96df275p6lr4g"}
{"type":"log","timestamp":1744208202987,"level":"debug","message":"Page request: GET (image) https://res.cloudinary.com/dpes1dyqb/image/upload/v1738768933/logo_myycxt.jpg","meta":{"rootId":"b7kt52dp51mk6go","id":"b7kt52dp51mk6go"},"id":"fju24fi9vxjjkgq","previousOperationId":"1v96df275p6lr4g"}
{"type":"log","timestamp":1744208203039,"level":"debug","message":"Page request: GET (font) http://localhost:5488/fonts/kalpurush.ttf","meta":{"rootId":"b7kt52dp51mk6go","id":"b7kt52dp51mk6go"},"id":"ql96hrpl01mw66z","previousOperationId":"1v96df275p6lr4g"}
{"type":"log","timestamp":1744208203039,"level":"debug","message":"Page request finished: GET (image) 200 https://res.cloudinary.com/dpes1dyqb/image/upload/v1738768933/logo_myycxt.jpg","meta":{"rootId":"b7kt52dp51mk6go","id":"b7kt52dp51mk6go"},"id":"fbf2qo40ym8wqtn","previousOperationId":"1v96df275p6lr4g"}
{"type":"log","timestamp":1744208203051,"level":"debug","message":"(console:error) Failed to load resource: the server responded with a status of 404 (Not Found)","meta":{"userLevel":true,"rootId":"b7kt52dp51mk6go","id":"b7kt52dp51mk6go"},"id":"20aqewsv3k8f1ru","previousOperationId":"1v96df275p6lr4g"}
{"type":"log","timestamp":1744208203052,"level":"warn","message":"Page request failed: GET (font) http://localhost:5488/fonts/kalpurush.ttf, failure: net::ERR_ABORTED","meta":{"rootId":"b7kt52dp51mk6go","id":"b7kt52dp51mk6go"},"id":"majpca02rygcv6y","previousOperationId":"1v96df275p6lr4g"}
{"type":"log","timestamp":1744208203060,"level":"debug","message":"Running chrome with params {\"printBackground\":true,\"format\":\"A5\",\"marginRight\":\"\",\"height\":\"\",\"marginTop\":\"\",\"marginBottom\":\"\",\"marginLeft\":\"\",\"displayHeaderFooter\":true,\"width\":\"\",\"timeout\":59967,\"margin\":{\"top\":\"\",\"right\":\"\",\"bottom\":\"\",\"left\":\"\"}}","meta":{"rootId":"b7kt52dp51mk6go","id":"b7kt52dp51mk6go"},"id":"nz8cf8cqy1p6ygi","previousOperationId":"1v96df275p6lr4g"}
{"type":"operationEnd","operationId":"1v96df275p6lr4g","timestamp":1744208203413,"id":"etea1cfu8jlmgzk","previousEventId":"rqthpy64zeu909m","previousOperationId":"1v96df275p6lr4g"}
{"type":"log","timestamp":1744208203413,"level":"debug","message":"Skipping storing report.","meta":{"rootId":"b7kt52dp51mk6go","id":"b7kt52dp51mk6go"},"id":"tq503mt7jogix47","previousOperationId":"1v96df275p6lr4g"}
{"type":"log","timestamp":1744208203413,"level":"info","message":"Rendering request 86 finished in 584 ms","meta":{"rootId":"b7kt52dp51mk6go","id":"b7kt52dp51mk6go"},"id":"6feqglldn6jpqca","previousOperationId":"1v96df275p6lr4g"}
{"type":"operationEnd","subtype":"render","operationId":"u1ws1g5lrhwqsl9","timestamp":1744208203413,"id":"hczsww56u6l8e93","previousEventId":"etea1cfu8jlmgzk","previousOperationId":"1v96df275p6lr4g"}
{"type":"operationEnd","doDiffs":false,"previousEventId":"cgzapldxih51das","previousOperationId":"r33lg2ijatpxkkj","operationId":"r33lg2ijatpxkkj","timestamp":1744208203417,"id":"ql17zn7smeg1fr3"}
