{"type":"operationStart","subtype":"profile","data":{"_id":"g92gJqwSG7rp5tAl","timestamp":"2025-04-09T14:56:38.599Z","state":"queued","mode":"standard","creationDate":"2025-04-09T14:56:38.603Z","modificationDate":"2025-04-09T14:56:38.603Z","shortid":"7E34Ekt","$entitySet":"profiles"},"doDiffs":false,"timestamp":1744210598601,"id":"ugjmkvt5qpx7j6q","previousOperationId":null,"operationId":"m9ffwnezldx2wqp"}
{"type":"log","level":"info","message":"Render request 3 queued for execution and waiting for available worker","previousOperationId":"m9ffwnezldx2wqp","timestamp":1744210598601,"id":"2a723fchi7twhua"}
{"type":"operationStart","subtype":"render","name":"myTemplate","previousOperationId":"m9ffwnezldx2wqp","timestamp":1744210598618,"id":"2a68f31uw6v0wmw","previousEventId":"ugjmkvt5qpx7j6q","operationId":"r7m3430c320wwoc"}
{"type":"log","timestamp":1744210598618,"level":"info","message":"Starting rendering request 3","meta":{"rootId":"bau1y054bubyx1h","id":"bau1y054bubyx1h"},"id":"yopgesmfdbtg8y0","previousOperationId":"r7m3430c320wwoc"}
{"type":"log","timestamp":1744210598619,"level":"info","message":"Rendering template { name: myTemplate, recipe: chrome-pdf, engine: handlebars, preview: true }","meta":{"rootId":"bau1y054bubyx1h","id":"bau1y054bubyx1h"},"id":"65kg84pqgalnnnh","previousOperationId":"r7m3430c320wwoc"}
{"type":"log","timestamp":1744210598620,"level":"debug","message":"Inline data specified.","meta":{"rootId":"bau1y054bubyx1h","id":"bau1y054bubyx1h"},"id":"m37k4wbih0037on","previousOperationId":"r7m3430c320wwoc"}
{"type":"log","timestamp":1744210598623,"level":"debug","message":"Base url not specified, skipping its injection.","meta":{"rootId":"bau1y054bubyx1h","id":"bau1y054bubyx1h"},"id":"7aagsofjbg2kgoh","previousOperationId":"r7m3430c320wwoc"}
{"type":"operationStart","subtype":"engine","name":"handlebars","timestamp":1744210598623,"id":"orehmqseaaukj1h","previousEventId":"2a68f31uw6v0wmw","operationId":"ct39a9oesw3w1w6","previousOperationId":"r7m3430c320wwoc"}
{"type":"log","timestamp":1744210598623,"level":"debug","message":"Rendering engine handlebars","meta":{"rootId":"bau1y054bubyx1h","id":"bau1y054bubyx1h"},"id":"zbwg0xu4vj06qud","previousOperationId":"ct39a9oesw3w1w6"}
{"type":"operationEnd","operationId":"ct39a9oesw3w1w6","timestamp":1744210598654,"id":"umoinz42oit3gw4","previousEventId":"orehmqseaaukj1h","previousOperationId":"ct39a9oesw3w1w6"}
{"type":"operationStart","subtype":"recipe","name":"chrome-pdf","timestamp":1744210598655,"id":"euwmyfsq0pj8q4x","previousEventId":"umoinz42oit3gw4","operationId":"mqj4lj10l7eq2ic","previousOperationId":"ct39a9oesw3w1w6"}
{"type":"log","timestamp":1744210598655,"level":"debug","message":"Executing recipe chrome-pdf","meta":{"rootId":"bau1y054bubyx1h","id":"bau1y054bubyx1h"},"id":"pbghhdc7nyditay","previousOperationId":"mqj4lj10l7eq2ic"}
{"type":"log","timestamp":1744210598674,"level":"debug","message":"Converting with chrome Chrome/133.0.6943.126 using chrome-pool strategy","meta":{"rootId":"bau1y054bubyx1h","id":"bau1y054bubyx1h"},"id":"08w193fx0qzq8eo","previousOperationId":"mqj4lj10l7eq2ic"}
{"type":"log","timestamp":1744210599216,"level":"debug","message":"Page request: GET (document) file:///C:/Users/Patheo24/AppData/Local/Temp/jsreport/autocleanup/f7945ba0-d21a-4058-afa3-075b3c76a0b5-chrome-pdf.html","meta":{"rootId":"bau1y054bubyx1h","id":"bau1y054bubyx1h"},"id":"kyzo7zo3e6bqmob","previousOperationId":"mqj4lj10l7eq2ic"}
{"type":"log","timestamp":1744210599244,"level":"debug","message":"Page request finished: GET (document) 200 file:///C:/Users/Patheo24/AppData/Local/Temp/jsreport/autocleanup/f7945ba0-d21a-4058-afa3-075b3c76a0b5-chrome-pdf.html","meta":{"rootId":"bau1y054bubyx1h","id":"bau1y054bubyx1h"},"id":"80l0d49bnbav3l2","previousOperationId":"mqj4lj10l7eq2ic"}
{"type":"log","timestamp":1744210599244,"level":"debug","message":"Page request: GET (image) https://res.cloudinary.com/dpes1dyqb/image/upload/v1738768933/logo_myycxt.jpg","meta":{"rootId":"bau1y054bubyx1h","id":"bau1y054bubyx1h"},"id":"kucbz8rfhgy8zok","previousOperationId":"mqj4lj10l7eq2ic"}
{"type":"log","timestamp":1744210599245,"level":"debug","message":"Page request: GET (font) http://localhost:5488/fonts/kalpurush.ttf","meta":{"rootId":"bau1y054bubyx1h","id":"bau1y054bubyx1h"},"id":"f2ub9m4mzj2dwln","previousOperationId":"mqj4lj10l7eq2ic"}
{"type":"log","timestamp":1744210599309,"level":"debug","message":"Page request: GET (font) http://localhost:5488/fonts/kalpurush.ttf","meta":{"rootId":"bau1y054bubyx1h","id":"bau1y054bubyx1h"},"id":"sd5jajixpt97gyr","previousOperationId":"mqj4lj10l7eq2ic"}
{"type":"log","timestamp":1744210599310,"level":"debug","message":"Page request finished: GET (image) 200 https://res.cloudinary.com/dpes1dyqb/image/upload/v1738768933/logo_myycxt.jpg","meta":{"rootId":"bau1y054bubyx1h","id":"bau1y054bubyx1h"},"id":"zmbquissz6jewzc","previousOperationId":"mqj4lj10l7eq2ic"}
{"type":"log","timestamp":1744210599314,"level":"debug","message":"(console:error) Failed to load resource: the server responded with a status of 404 (Not Found)","meta":{"userLevel":true,"rootId":"bau1y054bubyx1h","id":"bau1y054bubyx1h"},"id":"w6ms87phcfpwybu","previousOperationId":"mqj4lj10l7eq2ic"}
{"type":"log","timestamp":1744210599314,"level":"warn","message":"Page request failed: GET (font) http://localhost:5488/fonts/kalpurush.ttf, failure: net::ERR_ABORTED","meta":{"rootId":"bau1y054bubyx1h","id":"bau1y054bubyx1h"},"id":"kbnv1gfwe6ana8p","previousOperationId":"mqj4lj10l7eq2ic"}
{"type":"log","timestamp":1744210599325,"level":"debug","message":"Running chrome with params {\"printBackground\":true,\"format\":\"A5\",\"marginRight\":\"\",\"height\":\"\",\"marginTop\":\"\",\"marginBottom\":\"\",\"marginLeft\":\"\",\"displayHeaderFooter\":true,\"width\":\"\",\"timeout\":59927,\"margin\":{\"top\":\"\",\"right\":\"\",\"bottom\":\"\",\"left\":\"\"}}","meta":{"rootId":"bau1y054bubyx1h","id":"bau1y054bubyx1h"},"id":"ltre5srvsuc271p","previousOperationId":"mqj4lj10l7eq2ic"}
{"type":"operationEnd","operationId":"mqj4lj10l7eq2ic","timestamp":1744210599713,"id":"fc93o3f0x6hznha","previousEventId":"euwmyfsq0pj8q4x","previousOperationId":"mqj4lj10l7eq2ic"}
{"type":"log","timestamp":1744210599713,"level":"debug","message":"Skipping storing report.","meta":{"rootId":"bau1y054bubyx1h","id":"bau1y054bubyx1h"},"id":"or20q644zkhhpok","previousOperationId":"mqj4lj10l7eq2ic"}
{"type":"log","timestamp":1744210599713,"level":"info","message":"Rendering request 3 finished in 1114 ms","meta":{"rootId":"bau1y054bubyx1h","id":"bau1y054bubyx1h"},"id":"bfb1hnvr9i5xokt","previousOperationId":"mqj4lj10l7eq2ic"}
{"type":"operationEnd","subtype":"render","operationId":"r7m3430c320wwoc","timestamp":1744210599713,"id":"5xjjurqibzej3t5","previousEventId":"fc93o3f0x6hznha","previousOperationId":"mqj4lj10l7eq2ic"}
{"type":"operationEnd","doDiffs":false,"previousEventId":"ugjmkvt5qpx7j6q","previousOperationId":"m9ffwnezldx2wqp","operationId":"m9ffwnezldx2wqp","timestamp":1744210599717,"id":"n1fqcdyl8ekd2lv"}
