{"type":"operationStart","subtype":"profile","data":{"_id":"ranPhJKJpq9IaWfZ","timestamp":"2025-04-11T12:42:58.115Z","state":"queued","mode":"standard","creationDate":"2025-04-11T12:42:58.118Z","modificationDate":"2025-04-11T12:42:58.118Z","shortid":"C2HJMud","$entitySet":"profiles"},"doDiffs":false,"timestamp":1744375378116,"id":"18a8lpcx78rvwfr","previousOperationId":null,"operationId":"wjtqidc1djf2e7n"}
{"type":"log","level":"info","message":"Render request 21 queued for execution and waiting for available worker","previousOperationId":"wjtqidc1djf2e7n","timestamp":1744375378117,"id":"oe5mi73iecoyjd8"}
{"type":"operationStart","subtype":"render","name":"myTemplate","previousOperationId":"wjtqidc1djf2e7n","timestamp":1744375378135,"id":"3ass121qowmetx6","previousEventId":"18a8lpcx78rvwfr","operationId":"tb15j0hz1pwyvym"}
{"type":"log","timestamp":1744375378135,"level":"info","message":"Starting rendering request 21","meta":{"rootId":"bazu61k3q0z2xim","id":"bazu61k3q0z2xim"},"id":"mmt50alh2hiw0dh","previousOperationId":"tb15j0hz1pwyvym"}
{"type":"log","timestamp":1744375378135,"level":"info","message":"Rendering template { name: myTemplate, recipe: chrome-pdf, engine: handlebars, preview: true }","meta":{"rootId":"bazu61k3q0z2xim","id":"bazu61k3q0z2xim"},"id":"v2ti1nkjdqc8111","previousOperationId":"tb15j0hz1pwyvym"}
{"type":"log","timestamp":1744375378136,"level":"debug","message":"Inline data specified.","meta":{"rootId":"bazu61k3q0z2xim","id":"bazu61k3q0z2xim"},"id":"npv3txgc65ozb2x","previousOperationId":"tb15j0hz1pwyvym"}
{"type":"log","timestamp":1744375378137,"level":"debug","message":"Base url not specified, skipping its injection.","meta":{"rootId":"bazu61k3q0z2xim","id":"bazu61k3q0z2xim"},"id":"wa2p2oumewca1lj","previousOperationId":"tb15j0hz1pwyvym"}
{"type":"operationStart","subtype":"engine","name":"handlebars","timestamp":1744375378137,"id":"gqneqxqi5j1pxwu","previousEventId":"3ass121qowmetx6","operationId":"7zg607mp7ej5ifc","previousOperationId":"tb15j0hz1pwyvym"}
{"type":"log","timestamp":1744375378137,"level":"debug","message":"Rendering engine handlebars","meta":{"rootId":"bazu61k3q0z2xim","id":"bazu61k3q0z2xim"},"id":"kx8pyygwdjrunme","previousOperationId":"7zg607mp7ej5ifc"}
{"type":"operationEnd","operationId":"7zg607mp7ej5ifc","timestamp":1744375378167,"id":"z69dhn46lgzynlr","previousEventId":"gqneqxqi5j1pxwu","previousOperationId":"7zg607mp7ej5ifc"}
{"type":"operationStart","subtype":"recipe","name":"chrome-pdf","timestamp":1744375378168,"id":"6jefmv4ws7a2wll","previousEventId":"z69dhn46lgzynlr","operationId":"c6o4ph2v5enugai","previousOperationId":"7zg607mp7ej5ifc"}
{"type":"log","timestamp":1744375378168,"level":"debug","message":"Executing recipe chrome-pdf","meta":{"rootId":"bazu61k3q0z2xim","id":"bazu61k3q0z2xim"},"id":"dvodbptlx5qnh8q","previousOperationId":"c6o4ph2v5enugai"}
{"type":"log","timestamp":1744375378172,"level":"debug","message":"Converting with chrome Chrome/133.0.6943.126 using chrome-pool strategy","meta":{"rootId":"bazu61k3q0z2xim","id":"bazu61k3q0z2xim"},"id":"uynhymr920p3kfb","previousOperationId":"c6o4ph2v5enugai"}
{"type":"log","timestamp":1744375378257,"level":"debug","message":"Page request: GET (document) file:///C:/Users/Patheo24/AppData/Local/Temp/jsreport/autocleanup/88c8681c-76a8-4a3e-b64b-844bd6c79ef1-chrome-pdf.html","meta":{"rootId":"bazu61k3q0z2xim","id":"bazu61k3q0z2xim"},"id":"cuz7y40e4xvn099","previousOperationId":"c6o4ph2v5enugai"}
{"type":"log","timestamp":1744375378283,"level":"debug","message":"Page request finished: GET (document) 200 file:///C:/Users/Patheo24/AppData/Local/Temp/jsreport/autocleanup/88c8681c-76a8-4a3e-b64b-844bd6c79ef1-chrome-pdf.html","meta":{"rootId":"bazu61k3q0z2xim","id":"bazu61k3q0z2xim"},"id":"lgns49fly9x833y","previousOperationId":"c6o4ph2v5enugai"}
{"type":"log","timestamp":1744375378284,"level":"debug","message":"Page request: GET (font) http://localhost:5488/fonts/kalpurush.ttf","meta":{"rootId":"bazu61k3q0z2xim","id":"bazu61k3q0z2xim"},"id":"n4tyy43a6p7oimj","previousOperationId":"c6o4ph2v5enugai"}
{"type":"log","timestamp":1744375378284,"level":"debug","message":"Page request: GET (image) https://res.cloudinary.com/dpes1dyqb/image/upload/v1738768933/logo_myycxt.jpg","meta":{"rootId":"bazu61k3q0z2xim","id":"bazu61k3q0z2xim"},"id":"b5b8vx9an63itp0","previousOperationId":"c6o4ph2v5enugai"}
{"type":"log","timestamp":1744375378289,"level":"debug","message":"Page request: GET (font) http://localhost:5488/fonts/kalpurush.ttf","meta":{"rootId":"bazu61k3q0z2xim","id":"bazu61k3q0z2xim"},"id":"hk1lb4uffms9lp9","previousOperationId":"c6o4ph2v5enugai"}
{"type":"log","timestamp":1744375378292,"level":"debug","message":"Page request finished: GET (image) 200 https://res.cloudinary.com/dpes1dyqb/image/upload/v1738768933/logo_myycxt.jpg","meta":{"rootId":"bazu61k3q0z2xim","id":"bazu61k3q0z2xim"},"id":"ueljp2tfr932b0j","previousOperationId":"c6o4ph2v5enugai"}
{"type":"log","timestamp":1744375378356,"level":"debug","message":"(console:error) Failed to load resource: the server responded with a status of 404 (Not Found)","meta":{"userLevel":true,"rootId":"bazu61k3q0z2xim","id":"bazu61k3q0z2xim"},"id":"u25z53tj5hyn51s","previousOperationId":"c6o4ph2v5enugai"}
{"type":"log","timestamp":1744375378356,"level":"warn","message":"Page request failed: GET (font) http://localhost:5488/fonts/kalpurush.ttf, failure: net::ERR_ABORTED","meta":{"rootId":"bazu61k3q0z2xim","id":"bazu61k3q0z2xim"},"id":"r6mi5cojvf9fzfw","previousOperationId":"c6o4ph2v5enugai"}
{"type":"log","timestamp":1744375378368,"level":"debug","message":"Running chrome with params {\"printBackground\":true,\"format\":\"A5\",\"marginRight\":\"\",\"height\":\"\",\"marginTop\":\"\",\"marginBottom\":\"\",\"marginLeft\":\"\",\"displayHeaderFooter\":true,\"width\":\"\",\"timeout\":59945,\"margin\":{\"top\":\"\",\"right\":\"\",\"bottom\":\"\",\"left\":\"\"}}","meta":{"rootId":"bazu61k3q0z2xim","id":"bazu61k3q0z2xim"},"id":"q3t5a1p53ocn6qr","previousOperationId":"c6o4ph2v5enugai"}
{"type":"operationEnd","operationId":"c6o4ph2v5enugai","timestamp":1744375378689,"id":"raj95de6fkecza7","previousEventId":"6jefmv4ws7a2wll","previousOperationId":"c6o4ph2v5enugai"}
{"type":"log","timestamp":1744375378689,"level":"debug","message":"Skipping storing report.","meta":{"rootId":"bazu61k3q0z2xim","id":"bazu61k3q0z2xim"},"id":"na0vqfhswj9ugpn","previousOperationId":"c6o4ph2v5enugai"}
{"type":"log","timestamp":1744375378689,"level":"info","message":"Rendering request 21 finished in 574 ms","meta":{"rootId":"bazu61k3q0z2xim","id":"bazu61k3q0z2xim"},"id":"q2kpffl5g75os4z","previousOperationId":"c6o4ph2v5enugai"}
{"type":"operationEnd","subtype":"render","operationId":"tb15j0hz1pwyvym","timestamp":1744375378689,"id":"37605swy11j3zt2","previousEventId":"raj95de6fkecza7","previousOperationId":"c6o4ph2v5enugai"}
{"type":"operationEnd","doDiffs":false,"previousEventId":"18a8lpcx78rvwfr","previousOperationId":"wjtqidc1djf2e7n","operationId":"wjtqidc1djf2e7n","timestamp":1744375378694,"id":"r2psnucpsft4qqw"}
