{"type":"operationStart","subtype":"profile","data":{"_id":"pxOmxWIrCWNMEpCq","timestamp":"2025-04-09T13:51:47.057Z","state":"queued","mode":"standard","creationDate":"2025-04-09T13:51:47.058Z","modificationDate":"2025-04-09T13:51:47.058Z","shortid":"tO46sj3","$entitySet":"profiles"},"doDiffs":false,"timestamp":1744206707058,"id":"b594o30gg3o30tq","previousOperationId":null,"operationId":"hgy2f43gbx7her7"}
{"type":"log","level":"info","message":"Render request 38 queued for execution and waiting for available worker","previousOperationId":"hgy2f43gbx7her7","timestamp":1744206707058,"id":"sr5jlorhtdgcxei"}
{"type":"operationStart","subtype":"render","name":"myTemplate","previousOperationId":"hgy2f43gbx7her7","timestamp":1744206707070,"id":"ko6eacoldd8vi5z","previousEventId":"b594o30gg3o30tq","operationId":"ppn8c0k7ev553jx"}
{"type":"log","timestamp":1744206707070,"level":"info","message":"Starting rendering request 38","meta":{"rootId":"bcqm2vm1fv1zoio","id":"bcqm2vm1fv1zoio"},"id":"5ys9gxb6ohx5id4","previousOperationId":"ppn8c0k7ev553jx"}
{"type":"log","timestamp":1744206707071,"level":"info","message":"Rendering template { name: myTemplate, recipe: chrome-pdf, engine: handlebars, preview: true }","meta":{"rootId":"bcqm2vm1fv1zoio","id":"bcqm2vm1fv1zoio"},"id":"ike2sxbfk2oo6qu","previousOperationId":"ppn8c0k7ev553jx"}
{"type":"log","timestamp":1744206707072,"level":"debug","message":"Adding sample data HUavgV0Kc","meta":{"rootId":"bcqm2vm1fv1zoio","id":"bcqm2vm1fv1zoio"},"id":"z8u3asl2nf6naef","previousOperationId":"ppn8c0k7ev553jx"}
{"type":"log","timestamp":1744206707073,"level":"debug","message":"Base url not specified, skipping its injection.","meta":{"rootId":"bcqm2vm1fv1zoio","id":"bcqm2vm1fv1zoio"},"id":"79ht33e9t6hp266","previousOperationId":"ppn8c0k7ev553jx"}
{"type":"operationStart","subtype":"engine","name":"handlebars","timestamp":1744206707073,"id":"2t08c3okgyborgi","previousEventId":"ko6eacoldd8vi5z","operationId":"di3u1frxcrfb2zl","previousOperationId":"ppn8c0k7ev553jx"}
{"type":"log","timestamp":1744206707073,"level":"debug","message":"Rendering engine handlebars","meta":{"rootId":"bcqm2vm1fv1zoio","id":"bcqm2vm1fv1zoio"},"id":"pfg6bagineoiucb","previousOperationId":"di3u1frxcrfb2zl"}
{"type":"operationEnd","operationId":"di3u1frxcrfb2zl","timestamp":1744206707094,"id":"9425saeco4me1lu","previousEventId":"2t08c3okgyborgi","previousOperationId":"di3u1frxcrfb2zl"}
{"type":"operationStart","subtype":"recipe","name":"chrome-pdf","timestamp":1744206707094,"id":"xr9i0ph7vovxwrt","previousEventId":"9425saeco4me1lu","operationId":"pwl0idg323svfny","previousOperationId":"di3u1frxcrfb2zl"}
{"type":"log","timestamp":1744206707094,"level":"debug","message":"Executing recipe chrome-pdf","meta":{"rootId":"bcqm2vm1fv1zoio","id":"bcqm2vm1fv1zoio"},"id":"8zjar74vfknsxa8","previousOperationId":"pwl0idg323svfny"}
{"type":"log","timestamp":1744206707099,"level":"debug","message":"Converting with chrome Chrome/133.0.6943.126 using chrome-pool strategy","meta":{"rootId":"bcqm2vm1fv1zoio","id":"bcqm2vm1fv1zoio"},"id":"eqop5dmlk3f86x5","previousOperationId":"pwl0idg323svfny"}
{"type":"log","timestamp":1744206707174,"level":"debug","message":"Page request: GET (document) file:///C:/Users/Patheo24/AppData/Local/Temp/jsreport/autocleanup/b4ebae15-5db9-4c78-9ae4-0c86b4010608-chrome-pdf.html","meta":{"rootId":"bcqm2vm1fv1zoio","id":"bcqm2vm1fv1zoio"},"id":"ntxi8mt8c3dk1j2","previousOperationId":"pwl0idg323svfny"}
{"type":"log","timestamp":1744206707205,"level":"debug","message":"Page request finished: GET (document) 200 file:///C:/Users/Patheo24/AppData/Local/Temp/jsreport/autocleanup/b4ebae15-5db9-4c78-9ae4-0c86b4010608-chrome-pdf.html","meta":{"rootId":"bcqm2vm1fv1zoio","id":"bcqm2vm1fv1zoio"},"id":"e4ifrpp39351o8s","previousOperationId":"pwl0idg323svfny"}
{"type":"log","timestamp":1744206707212,"level":"debug","message":"Page request: GET (font) http://localhost:5488/fonts/kalpurush.ttf","meta":{"rootId":"bcqm2vm1fv1zoio","id":"bcqm2vm1fv1zoio"},"id":"lox9gsuf2irxgn7","previousOperationId":"pwl0idg323svfny"}
{"type":"log","timestamp":1744206707213,"level":"debug","message":"Page request: GET (image) https://res.cloudinary.com/dpes1dyqb/image/upload/v1738768933/logo_myycxt.jpg","meta":{"rootId":"bcqm2vm1fv1zoio","id":"bcqm2vm1fv1zoio"},"id":"jiyq7rbovmzdr0o","previousOperationId":"pwl0idg323svfny"}
{"type":"log","timestamp":1744206707274,"level":"debug","message":"Page request: GET (font) http://localhost:5488/fonts/kalpurush.ttf","meta":{"rootId":"bcqm2vm1fv1zoio","id":"bcqm2vm1fv1zoio"},"id":"emdzbnbpn5gbfsc","previousOperationId":"pwl0idg323svfny"}
{"type":"log","timestamp":1744206707275,"level":"debug","message":"Page request finished: GET (image) 200 https://res.cloudinary.com/dpes1dyqb/image/upload/v1738768933/logo_myycxt.jpg","meta":{"rootId":"bcqm2vm1fv1zoio","id":"bcqm2vm1fv1zoio"},"id":"o2t0tlq2g7e10oh","previousOperationId":"pwl0idg323svfny"}
{"type":"log","timestamp":1744206707287,"level":"debug","message":"(console:error) Failed to load resource: the server responded with a status of 404 (Not Found)","meta":{"userLevel":true,"rootId":"bcqm2vm1fv1zoio","id":"bcqm2vm1fv1zoio"},"id":"crd0dlvwji9d2s0","previousOperationId":"pwl0idg323svfny"}
{"type":"log","timestamp":1744206707287,"level":"warn","message":"Page request failed: GET (font) http://localhost:5488/fonts/kalpurush.ttf, failure: net::ERR_ABORTED","meta":{"rootId":"bcqm2vm1fv1zoio","id":"bcqm2vm1fv1zoio"},"id":"n180b5jb5u5vp51","previousOperationId":"pwl0idg323svfny"}
{"type":"log","timestamp":1744206707296,"level":"debug","message":"Running chrome with params {\"printBackground\":true,\"format\":\"A5\",\"marginRight\":\"\",\"timeout\":59960,\"margin\":{\"right\":\"\"}}","meta":{"rootId":"bcqm2vm1fv1zoio","id":"bcqm2vm1fv1zoio"},"id":"3zql9os267qwnvi","previousOperationId":"pwl0idg323svfny"}
{"type":"operationEnd","operationId":"pwl0idg323svfny","timestamp":1744206707637,"id":"rf2n7rh994j97s6","previousEventId":"xr9i0ph7vovxwrt","previousOperationId":"pwl0idg323svfny"}
{"type":"log","timestamp":1744206707637,"level":"debug","message":"Skipping storing report.","meta":{"rootId":"bcqm2vm1fv1zoio","id":"bcqm2vm1fv1zoio"},"id":"tqd4tyckjpupxzc","previousOperationId":"pwl0idg323svfny"}
{"type":"log","timestamp":1744206707637,"level":"info","message":"Rendering request 38 finished in 580 ms","meta":{"rootId":"bcqm2vm1fv1zoio","id":"bcqm2vm1fv1zoio"},"id":"f81iql9pv5e58px","previousOperationId":"pwl0idg323svfny"}
{"type":"operationEnd","subtype":"render","operationId":"ppn8c0k7ev553jx","timestamp":1744206707637,"id":"stbzt98qmef1b3s","previousEventId":"rf2n7rh994j97s6","previousOperationId":"pwl0idg323svfny"}
{"type":"operationEnd","doDiffs":false,"previousEventId":"b594o30gg3o30tq","previousOperationId":"hgy2f43gbx7her7","operationId":"hgy2f43gbx7her7","timestamp":1744206707643,"id":"muxyqd3qeyt04hn"}
