{"type":"operationStart","subtype":"profile","data":{"_id":"0wbeZ0WMXJhlTXkv","timestamp":"2025-04-09T13:53:19.403Z","state":"queued","mode":"standard","creationDate":"2025-04-09T13:53:19.405Z","modificationDate":"2025-04-09T13:53:19.405Z","shortid":"OohKfQ2","$entitySet":"profiles"},"doDiffs":false,"timestamp":1744206799404,"id":"tz9in17hhpvcn90","previousOperationId":null,"operationId":"jn5tbrf75361eeq"}
{"type":"log","level":"info","message":"Render request 44 queued for execution and waiting for available worker","previousOperationId":"jn5tbrf75361eeq","timestamp":1744206799404,"id":"725po7u4kmxmy1z"}
{"type":"operationStart","subtype":"render","name":"myTemplate","previousOperationId":"jn5tbrf75361eeq","timestamp":1744206799415,"id":"3uzc7q8uiw0hsnu","previousEventId":"tz9in17hhpvcn90","operationId":"0ebv3pktxrf1ev2"}
{"type":"log","timestamp":1744206799415,"level":"info","message":"Starting rendering request 44","meta":{"rootId":"bcu31gj9loddpig","id":"bcu31gj9loddpig"},"id":"eaeetl5wwsiaai4","previousOperationId":"0ebv3pktxrf1ev2"}
{"type":"log","timestamp":1744206799415,"level":"info","message":"Rendering template { name: myTemplate, recipe: chrome-pdf, engine: handlebars, preview: true }","meta":{"rootId":"bcu31gj9loddpig","id":"bcu31gj9loddpig"},"id":"t3wgvduhg802y9r","previousOperationId":"0ebv3pktxrf1ev2"}
{"type":"log","timestamp":1744206799416,"level":"debug","message":"Adding sample data HUavgV0Kc","meta":{"rootId":"bcu31gj9loddpig","id":"bcu31gj9loddpig"},"id":"5wj33d159m7vezi","previousOperationId":"0ebv3pktxrf1ev2"}
{"type":"log","timestamp":1744206799417,"level":"debug","message":"Base url not specified, skipping its injection.","meta":{"rootId":"bcu31gj9loddpig","id":"bcu31gj9loddpig"},"id":"2xiij6easmwl5bk","previousOperationId":"0ebv3pktxrf1ev2"}
{"type":"operationStart","subtype":"engine","name":"handlebars","timestamp":1744206799418,"id":"zygtf8aow5weh60","previousEventId":"3uzc7q8uiw0hsnu","operationId":"8gkz5he9jy3ye9p","previousOperationId":"0ebv3pktxrf1ev2"}
{"type":"log","timestamp":1744206799418,"level":"debug","message":"Rendering engine handlebars","meta":{"rootId":"bcu31gj9loddpig","id":"bcu31gj9loddpig"},"id":"xekqileff8vm157","previousOperationId":"8gkz5he9jy3ye9p"}
{"type":"operationEnd","operationId":"8gkz5he9jy3ye9p","timestamp":1744206799437,"id":"k1gq1h7y5v4cc3i","previousEventId":"zygtf8aow5weh60","previousOperationId":"8gkz5he9jy3ye9p"}
{"type":"operationStart","subtype":"recipe","name":"chrome-pdf","timestamp":1744206799437,"id":"bnwul0soa96d61q","previousEventId":"k1gq1h7y5v4cc3i","operationId":"ijvx0b4q3y8nz6u","previousOperationId":"8gkz5he9jy3ye9p"}
{"type":"log","timestamp":1744206799437,"level":"debug","message":"Executing recipe chrome-pdf","meta":{"rootId":"bcu31gj9loddpig","id":"bcu31gj9loddpig"},"id":"8813rs0nr92wjqx","previousOperationId":"ijvx0b4q3y8nz6u"}
{"type":"log","timestamp":1744206799440,"level":"debug","message":"Converting with chrome Chrome/133.0.6943.126 using chrome-pool strategy","meta":{"rootId":"bcu31gj9loddpig","id":"bcu31gj9loddpig"},"id":"y1iletyfv3yuzh9","previousOperationId":"ijvx0b4q3y8nz6u"}
{"type":"log","timestamp":1744206799505,"level":"debug","message":"Page request: GET (document) file:///C:/Users/Patheo24/AppData/Local/Temp/jsreport/autocleanup/08950938-bfd3-4c7f-97b2-33c2f296139f-chrome-pdf.html","meta":{"rootId":"bcu31gj9loddpig","id":"bcu31gj9loddpig"},"id":"dt1l88b1uykiyyf","previousOperationId":"ijvx0b4q3y8nz6u"}
{"type":"log","timestamp":1744206799534,"level":"debug","message":"Page request finished: GET (document) 200 file:///C:/Users/Patheo24/AppData/Local/Temp/jsreport/autocleanup/08950938-bfd3-4c7f-97b2-33c2f296139f-chrome-pdf.html","meta":{"rootId":"bcu31gj9loddpig","id":"bcu31gj9loddpig"},"id":"m4owb1gbhdeu6ay","previousOperationId":"ijvx0b4q3y8nz6u"}
{"type":"log","timestamp":1744206799534,"level":"debug","message":"(console:info) Slow network is detected. See https://www.chromestatus.com/feature/5636954674692096 for more details. Fallback font will be used while loading: http://localhost:5488/fonts/kalpurush.ttf","meta":{"userLevel":true,"rootId":"bcu31gj9loddpig","id":"bcu31gj9loddpig"},"id":"57k9z9pd83i117w","previousOperationId":"ijvx0b4q3y8nz6u"}
{"type":"log","timestamp":1744206799534,"level":"debug","message":"Page request: GET (font) http://localhost:5488/fonts/kalpurush.ttf","meta":{"rootId":"bcu31gj9loddpig","id":"bcu31gj9loddpig"},"id":"b415lapx8biyjez","previousOperationId":"ijvx0b4q3y8nz6u"}
{"type":"log","timestamp":1744206799535,"level":"debug","message":"Page request: GET (image) https://res.cloudinary.com/dpes1dyqb/image/upload/v1738768933/logo_myycxt.jpg","meta":{"rootId":"bcu31gj9loddpig","id":"bcu31gj9loddpig"},"id":"fbgwhaycyifyxax","previousOperationId":"ijvx0b4q3y8nz6u"}
{"type":"log","timestamp":1744206799593,"level":"debug","message":"Page request: GET (font) http://localhost:5488/fonts/kalpurush.ttf","meta":{"rootId":"bcu31gj9loddpig","id":"bcu31gj9loddpig"},"id":"sjdzma12emwpooe","previousOperationId":"ijvx0b4q3y8nz6u"}
{"type":"log","timestamp":1744206799594,"level":"debug","message":"Page request finished: GET (image) 200 https://res.cloudinary.com/dpes1dyqb/image/upload/v1738768933/logo_myycxt.jpg","meta":{"rootId":"bcu31gj9loddpig","id":"bcu31gj9loddpig"},"id":"7oeyhwc68z9b1iv","previousOperationId":"ijvx0b4q3y8nz6u"}
{"type":"log","timestamp":1744206799600,"level":"debug","message":"(console:error) Failed to load resource: the server responded with a status of 404 (Not Found)","meta":{"userLevel":true,"rootId":"bcu31gj9loddpig","id":"bcu31gj9loddpig"},"id":"jwt90nfitvrikkb","previousOperationId":"ijvx0b4q3y8nz6u"}
{"type":"log","timestamp":1744206799600,"level":"warn","message":"Page request failed: GET (font) http://localhost:5488/fonts/kalpurush.ttf, failure: net::ERR_ABORTED","meta":{"rootId":"bcu31gj9loddpig","id":"bcu31gj9loddpig"},"id":"odhbi87ajeggzvs","previousOperationId":"ijvx0b4q3y8nz6u"}
{"type":"log","timestamp":1744206799609,"level":"debug","message":"Running chrome with params {\"printBackground\":true,\"format\":\"A5\",\"marginRight\":\"\",\"timeout\":59964,\"margin\":{\"right\":\"\"}}","meta":{"rootId":"bcu31gj9loddpig","id":"bcu31gj9loddpig"},"id":"n5j42nxyf6v1df8","previousOperationId":"ijvx0b4q3y8nz6u"}
{"type":"operationEnd","operationId":"ijvx0b4q3y8nz6u","timestamp":1744206799904,"id":"d59zirgimngcvcl","previousEventId":"bnwul0soa96d61q","previousOperationId":"ijvx0b4q3y8nz6u"}
{"type":"log","timestamp":1744206799904,"level":"debug","message":"Skipping storing report.","meta":{"rootId":"bcu31gj9loddpig","id":"bcu31gj9loddpig"},"id":"ltnhaoj1ii6o2q1","previousOperationId":"ijvx0b4q3y8nz6u"}
{"type":"log","timestamp":1744206799904,"level":"info","message":"Rendering request 44 finished in 501 ms","meta":{"rootId":"bcu31gj9loddpig","id":"bcu31gj9loddpig"},"id":"eoen5p20my3ke6u","previousOperationId":"ijvx0b4q3y8nz6u"}
{"type":"operationEnd","subtype":"render","operationId":"0ebv3pktxrf1ev2","timestamp":1744206799904,"id":"vk1ltqxtux0yklr","previousEventId":"d59zirgimngcvcl","previousOperationId":"ijvx0b4q3y8nz6u"}
{"type":"operationEnd","doDiffs":false,"previousEventId":"tz9in17hhpvcn90","previousOperationId":"jn5tbrf75361eeq","operationId":"jn5tbrf75361eeq","timestamp":1744206799908,"id":"9ep6md1wfdxym73"}
