{"type":"operationStart","subtype":"profile","data":{"_id":"y2p5WVRnjd804II9","timestamp":"2025-04-09T07:03:21.865Z","state":"queued","mode":"standard","creationDate":"2025-04-09T07:03:21.867Z","modificationDate":"2025-04-09T07:03:21.867Z","shortid":"jE1UhOz","$entitySet":"profiles"},"doDiffs":false,"timestamp":1744182201866,"id":"dy74ydlhjyaytyu","previousOperationId":null,"operationId":"0mv1ae5jb7ycbcm"}
{"type":"log","level":"info","message":"Render request 35 queued for execution and waiting for available worker","previousOperationId":"0mv1ae5jb7ycbcm","timestamp":1744182201866,"id":"275kwkq2od160s4"}
{"type":"operationStart","subtype":"render","name":"myTemplate","previousOperationId":"0mv1ae5jb7ycbcm","timestamp":1744182201879,"id":"fmjidsvywbcmxpx","previousEventId":"dy74ydlhjyaytyu","operationId":"ypoo5oye04u9a0z"}
{"type":"log","timestamp":1744182201879,"level":"info","message":"Starting rendering request 35","meta":{"rootId":"bg721yrcvkcxpsb","id":"bg721yrcvkcxpsb"},"id":"dt7eqmtybkvkaed","previousOperationId":"ypoo5oye04u9a0z"}
{"type":"log","timestamp":1744182201879,"level":"info","message":"Rendering template { name: myTemplate, recipe: chrome-pdf, engine: handlebars, preview: true }","meta":{"rootId":"bg721yrcvkcxpsb","id":"bg721yrcvkcxpsb"},"id":"y2cfpfugomikdjp","previousOperationId":"ypoo5oye04u9a0z"}
{"type":"log","timestamp":1744182201880,"level":"debug","message":"Inline data specified.","meta":{"rootId":"bg721yrcvkcxpsb","id":"bg721yrcvkcxpsb"},"id":"m9m3z6bd616dl7x","previousOperationId":"ypoo5oye04u9a0z"}
{"type":"log","timestamp":1744182201881,"level":"debug","message":"Base url not specified, skipping its injection.","meta":{"rootId":"bg721yrcvkcxpsb","id":"bg721yrcvkcxpsb"},"id":"f2ykfb89qeltixc","previousOperationId":"ypoo5oye04u9a0z"}
{"type":"operationStart","subtype":"engine","name":"handlebars","timestamp":1744182201881,"id":"8xlk61d5ir0zfrl","previousEventId":"fmjidsvywbcmxpx","operationId":"ttovncegzt3hgsw","previousOperationId":"ypoo5oye04u9a0z"}
{"type":"log","timestamp":1744182201881,"level":"debug","message":"Rendering engine handlebars","meta":{"rootId":"bg721yrcvkcxpsb","id":"bg721yrcvkcxpsb"},"id":"5p75o2xaoo1hb1k","previousOperationId":"ttovncegzt3hgsw"}
{"type":"operationEnd","operationId":"ttovncegzt3hgsw","timestamp":1744182201896,"id":"blxsksmale4697o","previousEventId":"8xlk61d5ir0zfrl","previousOperationId":"ttovncegzt3hgsw"}
{"type":"operationStart","subtype":"recipe","name":"chrome-pdf","timestamp":1744182201896,"id":"zimdhpxwaemlred","previousEventId":"blxsksmale4697o","operationId":"9agdp8y1wxp4udk","previousOperationId":"ttovncegzt3hgsw"}
{"type":"log","timestamp":1744182201896,"level":"debug","message":"Executing recipe chrome-pdf","meta":{"rootId":"bg721yrcvkcxpsb","id":"bg721yrcvkcxpsb"},"id":"bucmfw2b7j6jqw7","previousOperationId":"9agdp8y1wxp4udk"}
{"type":"log","timestamp":1744182201898,"level":"debug","message":"Converting with chrome Chrome/133.0.6943.126 using chrome-pool strategy","meta":{"rootId":"bg721yrcvkcxpsb","id":"bg721yrcvkcxpsb"},"id":"2dzxg65lsu1vozw","previousOperationId":"9agdp8y1wxp4udk"}
{"type":"log","timestamp":1744182201960,"level":"debug","message":"Page request: GET (document) file:///C:/Users/Patheo24/AppData/Local/Temp/jsreport/autocleanup/51f44860-edfb-4970-aad1-9de81f3723b8-chrome-pdf.html","meta":{"rootId":"bg721yrcvkcxpsb","id":"bg721yrcvkcxpsb"},"id":"dayq0tnxjpmj03l","previousOperationId":"9agdp8y1wxp4udk"}
{"type":"log","timestamp":1744182201988,"level":"debug","message":"Page request finished: GET (document) 200 file:///C:/Users/Patheo24/AppData/Local/Temp/jsreport/autocleanup/51f44860-edfb-4970-aad1-9de81f3723b8-chrome-pdf.html","meta":{"rootId":"bg721yrcvkcxpsb","id":"bg721yrcvkcxpsb"},"id":"wc65qjuaxe2hvku","previousOperationId":"9agdp8y1wxp4udk"}
{"type":"log","timestamp":1744182201988,"level":"debug","message":"(console:info) Slow network is detected. See https://www.chromestatus.com/feature/5636954674692096 for more details. Fallback font will be used while loading: http://localhost:5488/fonts/kalpurush.ttf","meta":{"userLevel":true,"rootId":"bg721yrcvkcxpsb","id":"bg721yrcvkcxpsb"},"id":"d707ojyidj64kcq","previousOperationId":"9agdp8y1wxp4udk"}
{"type":"log","timestamp":1744182201989,"level":"debug","message":"Page request: GET (font) http://localhost:5488/fonts/kalpurush.ttf","meta":{"rootId":"bg721yrcvkcxpsb","id":"bg721yrcvkcxpsb"},"id":"irz254zwopzlyhf","previousOperationId":"9agdp8y1wxp4udk"}
{"type":"log","timestamp":1744182201989,"level":"debug","message":"Page request: GET (image) https://res.cloudinary.com/dpes1dyqb/image/upload/v1738768933/logo_myycxt.jpg","meta":{"rootId":"bg721yrcvkcxpsb","id":"bg721yrcvkcxpsb"},"id":"7bng6o01xdy9y4j","previousOperationId":"9agdp8y1wxp4udk"}
{"type":"log","timestamp":1744182202044,"level":"debug","message":"Page request: GET (font) http://localhost:5488/fonts/kalpurush.ttf","meta":{"rootId":"bg721yrcvkcxpsb","id":"bg721yrcvkcxpsb"},"id":"0y9wlmgx6wa6a9e","previousOperationId":"9agdp8y1wxp4udk"}
{"type":"log","timestamp":1744182202045,"level":"debug","message":"Page request finished: GET (image) 200 https://res.cloudinary.com/dpes1dyqb/image/upload/v1738768933/logo_myycxt.jpg","meta":{"rootId":"bg721yrcvkcxpsb","id":"bg721yrcvkcxpsb"},"id":"gmkwior96yz7gk2","previousOperationId":"9agdp8y1wxp4udk"}
{"type":"log","timestamp":1744182202050,"level":"debug","message":"(console:error) Failed to load resource: the server responded with a status of 404 (Not Found)","meta":{"userLevel":true,"rootId":"bg721yrcvkcxpsb","id":"bg721yrcvkcxpsb"},"id":"cx1y2xtxjga7e3q","previousOperationId":"9agdp8y1wxp4udk"}
{"type":"log","timestamp":1744182202050,"level":"warn","message":"Page request failed: GET (font) http://localhost:5488/fonts/kalpurush.ttf, failure: net::ERR_ABORTED","meta":{"rootId":"bg721yrcvkcxpsb","id":"bg721yrcvkcxpsb"},"id":"nzdfn398p8f7ylv","previousOperationId":"9agdp8y1wxp4udk"}
{"type":"log","timestamp":1744182202060,"level":"debug","message":"Running chrome with params {\"printBackground\":true,\"timeout\":59968,\"margin\":{}}","meta":{"rootId":"bg721yrcvkcxpsb","id":"bg721yrcvkcxpsb"},"id":"ktyk6er6fwfhmob","previousOperationId":"9agdp8y1wxp4udk"}
{"type":"operationEnd","operationId":"9agdp8y1wxp4udk","timestamp":1744182202372,"id":"6qqst7bu3tye8n3","previousEventId":"zimdhpxwaemlred","previousOperationId":"9agdp8y1wxp4udk"}
{"type":"log","timestamp":1744182202372,"level":"debug","message":"Skipping storing report.","meta":{"rootId":"bg721yrcvkcxpsb","id":"bg721yrcvkcxpsb"},"id":"fafgac8j9pn9do7","previousOperationId":"9agdp8y1wxp4udk"}
{"type":"log","timestamp":1744182202372,"level":"info","message":"Rendering request 35 finished in 507 ms","meta":{"rootId":"bg721yrcvkcxpsb","id":"bg721yrcvkcxpsb"},"id":"295miurns7lyna2","previousOperationId":"9agdp8y1wxp4udk"}
{"type":"operationEnd","subtype":"render","operationId":"ypoo5oye04u9a0z","timestamp":1744182202372,"id":"84741qvd3zqvk4x","previousEventId":"6qqst7bu3tye8n3","previousOperationId":"9agdp8y1wxp4udk"}
{"type":"operationEnd","doDiffs":false,"previousEventId":"dy74ydlhjyaytyu","previousOperationId":"0mv1ae5jb7ycbcm","operationId":"0mv1ae5jb7ycbcm","timestamp":1744182202379,"id":"l8id6gssac1e0i5"}
