{"type":"operationStart","subtype":"profile","data":{"_id":"QYwoFjig3RGA9kan","timestamp":"2025-04-10T13:14:17.973Z","state":"queued","mode":"standard","creationDate":"2025-04-10T13:14:17.976Z","modificationDate":"2025-04-10T13:14:17.976Z","shortid":"wxk6gcL","$entitySet":"profiles"},"doDiffs":false,"timestamp":1744290857974,"id":"fb2pvv5spkodp5z","previousOperationId":null,"operationId":"bgbl4rtqj51f922"}
{"type":"log","level":"info","message":"Render request 12 queued for execution and waiting for available worker","previousOperationId":"bgbl4rtqj51f922","timestamp":1744290857974,"id":"izng1qmmsr19tmh"}
{"type":"operationStart","subtype":"render","name":"myTemplate","previousOperationId":"bgbl4rtqj51f922","timestamp":1744290857989,"id":"n9kgv1sgsz4f0s6","previousEventId":"fb2pvv5spkodp5z","operationId":"fns1qukxph7efop"}
{"type":"log","timestamp":1744290857989,"level":"info","message":"Starting rendering request 12","meta":{"rootId":"bj70i816cy1otr2","id":"bj70i816cy1otr2"},"id":"5x4sadtynbs77uc","previousOperationId":"fns1qukxph7efop"}
{"type":"log","timestamp":1744290857989,"level":"info","message":"Rendering template { name: myTemplate, recipe: chrome-pdf, engine: handlebars, preview: true }","meta":{"rootId":"bj70i816cy1otr2","id":"bj70i816cy1otr2"},"id":"4zmkc62c407zu7x","previousOperationId":"fns1qukxph7efop"}
{"type":"log","timestamp":1744290857990,"level":"debug","message":"Adding sample data HUavgV0Kc","meta":{"rootId":"bj70i816cy1otr2","id":"bj70i816cy1otr2"},"id":"nqijkuaxomgfdgg","previousOperationId":"fns1qukxph7efop"}
{"type":"log","timestamp":1744290857992,"level":"debug","message":"Base url not specified, skipping its injection.","meta":{"rootId":"bj70i816cy1otr2","id":"bj70i816cy1otr2"},"id":"lrg7ax3by9hfc9h","previousOperationId":"fns1qukxph7efop"}
{"type":"operationStart","subtype":"engine","name":"handlebars","timestamp":1744290857992,"id":"lng8mfaaryw16kw","previousEventId":"n9kgv1sgsz4f0s6","operationId":"z3tpietek34nty9","previousOperationId":"fns1qukxph7efop"}
{"type":"log","timestamp":1744290857992,"level":"debug","message":"Rendering engine handlebars","meta":{"rootId":"bj70i816cy1otr2","id":"bj70i816cy1otr2"},"id":"b24l8gxd9miklwf","previousOperationId":"z3tpietek34nty9"}
{"type":"operationEnd","operationId":"z3tpietek34nty9","timestamp":1744290858032,"id":"4f75lohvum92hvp","previousEventId":"lng8mfaaryw16kw","previousOperationId":"z3tpietek34nty9"}
{"type":"operationStart","subtype":"recipe","name":"chrome-pdf","timestamp":1744290858032,"id":"nulzj6o2h2o8n3d","previousEventId":"4f75lohvum92hvp","operationId":"1ekttvkebk5r3nh","previousOperationId":"z3tpietek34nty9"}
{"type":"log","timestamp":1744290858033,"level":"debug","message":"Executing recipe chrome-pdf","meta":{"rootId":"bj70i816cy1otr2","id":"bj70i816cy1otr2"},"id":"zt98dxuuno4y8bo","previousOperationId":"1ekttvkebk5r3nh"}
{"type":"log","timestamp":1744290858035,"level":"debug","message":"Converting with chrome Chrome/133.0.6943.126 using chrome-pool strategy","meta":{"rootId":"bj70i816cy1otr2","id":"bj70i816cy1otr2"},"id":"p6tvooeftcg0gvu","previousOperationId":"1ekttvkebk5r3nh"}
{"type":"log","timestamp":1744290858106,"level":"debug","message":"Page request: GET (document) file:///C:/Users/Patheo24/AppData/Local/Temp/jsreport/autocleanup/16abf083-1c01-4212-aac1-0bd67a2d4183-chrome-pdf.html","meta":{"rootId":"bj70i816cy1otr2","id":"bj70i816cy1otr2"},"id":"yf6z9dkkmurmmio","previousOperationId":"1ekttvkebk5r3nh"}
{"type":"log","timestamp":1744290858129,"level":"debug","message":"Page request finished: GET (document) 200 file:///C:/Users/Patheo24/AppData/Local/Temp/jsreport/autocleanup/16abf083-1c01-4212-aac1-0bd67a2d4183-chrome-pdf.html","meta":{"rootId":"bj70i816cy1otr2","id":"bj70i816cy1otr2"},"id":"ie5ffp7fs28444v","previousOperationId":"1ekttvkebk5r3nh"}
{"type":"log","timestamp":1744290858130,"level":"debug","message":"(console:info) Slow network is detected. See https://www.chromestatus.com/feature/5636954674692096 for more details. Fallback font will be used while loading: http://localhost:5488/fonts/kalpurush.ttf","meta":{"userLevel":true,"rootId":"bj70i816cy1otr2","id":"bj70i816cy1otr2"},"id":"0xsfn4a994favtv","previousOperationId":"1ekttvkebk5r3nh"}
{"type":"log","timestamp":1744290858130,"level":"debug","message":"Page request: GET (image) https://res.cloudinary.com/dpes1dyqb/image/upload/v1738768933/logo_myycxt.jpg","meta":{"rootId":"bj70i816cy1otr2","id":"bj70i816cy1otr2"},"id":"vkolrdo8sl2f9nb","previousOperationId":"1ekttvkebk5r3nh"}
{"type":"log","timestamp":1744290858131,"level":"debug","message":"Page request: GET (font) http://localhost:5488/fonts/kalpurush.ttf","meta":{"rootId":"bj70i816cy1otr2","id":"bj70i816cy1otr2"},"id":"5mhnslk2uee3m5h","previousOperationId":"1ekttvkebk5r3nh"}
{"type":"log","timestamp":1744290858186,"level":"debug","message":"Page request: GET (font) http://localhost:5488/fonts/kalpurush.ttf","meta":{"rootId":"bj70i816cy1otr2","id":"bj70i816cy1otr2"},"id":"fm0wtj80q1yk8en","previousOperationId":"1ekttvkebk5r3nh"}
{"type":"log","timestamp":1744290858187,"level":"debug","message":"Page request finished: GET (image) 200 https://res.cloudinary.com/dpes1dyqb/image/upload/v1738768933/logo_myycxt.jpg","meta":{"rootId":"bj70i816cy1otr2","id":"bj70i816cy1otr2"},"id":"0ws2cejaygswspj","previousOperationId":"1ekttvkebk5r3nh"}
{"type":"log","timestamp":1744290858191,"level":"debug","message":"(console:error) Failed to load resource: the server responded with a status of 404 (Not Found)","meta":{"userLevel":true,"rootId":"bj70i816cy1otr2","id":"bj70i816cy1otr2"},"id":"dgijyif6tzbz64p","previousOperationId":"1ekttvkebk5r3nh"}
{"type":"log","timestamp":1744290858192,"level":"warn","message":"Page request failed: GET (font) http://localhost:5488/fonts/kalpurush.ttf, failure: net::ERR_ABORTED","meta":{"rootId":"bj70i816cy1otr2","id":"bj70i816cy1otr2"},"id":"igw7jo9maxq8s24","previousOperationId":"1ekttvkebk5r3nh"}
{"type":"log","timestamp":1744290858203,"level":"debug","message":"Running chrome with params {\"printBackground\":true,\"format\":\"A5\",\"marginRight\":\"\",\"height\":\"\",\"marginTop\":\"\",\"marginBottom\":\"\",\"marginLeft\":\"\",\"displayHeaderFooter\":true,\"width\":\"\",\"timeout\":59939,\"margin\":{\"top\":\"\",\"right\":\"\",\"bottom\":\"\",\"left\":\"\"}}","meta":{"rootId":"bj70i816cy1otr2","id":"bj70i816cy1otr2"},"id":"9y3jo1d3e118xi5","previousOperationId":"1ekttvkebk5r3nh"}
{"type":"operationEnd","operationId":"1ekttvkebk5r3nh","timestamp":1744290858520,"id":"ffaezp5f7032bx3","previousEventId":"nulzj6o2h2o8n3d","previousOperationId":"1ekttvkebk5r3nh"}
{"type":"log","timestamp":1744290858520,"level":"debug","message":"Skipping storing report.","meta":{"rootId":"bj70i816cy1otr2","id":"bj70i816cy1otr2"},"id":"65wcluqm2bq40va","previousOperationId":"1ekttvkebk5r3nh"}
{"type":"log","timestamp":1744290858520,"level":"info","message":"Rendering request 12 finished in 547 ms","meta":{"rootId":"bj70i816cy1otr2","id":"bj70i816cy1otr2"},"id":"fr76nvkf7yfvtkm","previousOperationId":"1ekttvkebk5r3nh"}
{"type":"operationEnd","subtype":"render","operationId":"fns1qukxph7efop","timestamp":1744290858520,"id":"jn3g6skqzvqgnrq","previousEventId":"ffaezp5f7032bx3","previousOperationId":"1ekttvkebk5r3nh"}
{"type":"operationEnd","doDiffs":false,"previousEventId":"fb2pvv5spkodp5z","previousOperationId":"bgbl4rtqj51f922","operationId":"bgbl4rtqj51f922","timestamp":1744290858524,"id":"2w0hen00ckcqb7g"}
