{"type":"operationStart","subtype":"profile","data":{"_id":"5Vp2wKVpYLWDi0oA","timestamp":"2025-04-09T14:02:27.766Z","state":"queued","mode":"standard","creationDate":"2025-04-09T14:02:27.767Z","modificationDate":"2025-04-09T14:02:27.767Z","shortid":"-1n-xSX","$entitySet":"profiles"},"doDiffs":false,"timestamp":1744207347766,"id":"i3zqh7dj4kkfh1l","previousOperationId":null,"operationId":"x8vv6e9fq4jhsr9"}
{"type":"log","level":"info","message":"Render request 58 queued for execution and waiting for available worker","previousOperationId":"x8vv6e9fq4jhsr9","timestamp":1744207347766,"id":"m2q6sbt7qzkv7nh"}
{"type":"operationStart","subtype":"render","name":"myTemplate","previousOperationId":"x8vv6e9fq4jhsr9","timestamp":1744207347777,"id":"z2af7iopge63pl3","previousEventId":"i3zqh7dj4kkfh1l","operationId":"cm6zri7adrh1eqe"}
{"type":"log","timestamp":1744207347777,"level":"info","message":"Starting rendering request 58","meta":{"rootId":"bkonxve9o0v8cob","id":"bkonxve9o0v8cob"},"id":"m8tndocvnderzli","previousOperationId":"cm6zri7adrh1eqe"}
{"type":"log","timestamp":1744207347777,"level":"info","message":"Rendering template { name: myTemplate, recipe: chrome-pdf, engine: handlebars, preview: true }","meta":{"rootId":"bkonxve9o0v8cob","id":"bkonxve9o0v8cob"},"id":"zfmkxnhb8oec869","previousOperationId":"cm6zri7adrh1eqe"}
{"type":"log","timestamp":1744207347778,"level":"debug","message":"Adding sample data HUavgV0Kc","meta":{"rootId":"bkonxve9o0v8cob","id":"bkonxve9o0v8cob"},"id":"ajkayi267dsa6li","previousOperationId":"cm6zri7adrh1eqe"}
{"type":"log","timestamp":1744207347780,"level":"debug","message":"Base url not specified, skipping its injection.","meta":{"rootId":"bkonxve9o0v8cob","id":"bkonxve9o0v8cob"},"id":"fb8gqu43xfkulz0","previousOperationId":"cm6zri7adrh1eqe"}
{"type":"operationStart","subtype":"engine","name":"handlebars","timestamp":1744207347780,"id":"k8qr02m5ox4ks8p","previousEventId":"z2af7iopge63pl3","operationId":"y8vg0atgz63cql7","previousOperationId":"cm6zri7adrh1eqe"}
{"type":"log","timestamp":1744207347780,"level":"debug","message":"Rendering engine handlebars","meta":{"rootId":"bkonxve9o0v8cob","id":"bkonxve9o0v8cob"},"id":"yi06zi8y2jmgr8z","previousOperationId":"y8vg0atgz63cql7"}
{"type":"operationEnd","operationId":"y8vg0atgz63cql7","timestamp":1744207347801,"id":"kvz41xu1qybkejf","previousEventId":"k8qr02m5ox4ks8p","previousOperationId":"y8vg0atgz63cql7"}
{"type":"operationStart","subtype":"recipe","name":"chrome-pdf","timestamp":1744207347801,"id":"po3a0hnluvref7h","previousEventId":"kvz41xu1qybkejf","operationId":"e6a34r5teq906u6","previousOperationId":"y8vg0atgz63cql7"}
{"type":"log","timestamp":1744207347801,"level":"debug","message":"Executing recipe chrome-pdf","meta":{"rootId":"bkonxve9o0v8cob","id":"bkonxve9o0v8cob"},"id":"0l005cr539iuj99","previousOperationId":"e6a34r5teq906u6"}
{"type":"log","timestamp":1744207347805,"level":"debug","message":"Converting with chrome Chrome/133.0.6943.126 using chrome-pool strategy","meta":{"rootId":"bkonxve9o0v8cob","id":"bkonxve9o0v8cob"},"id":"spa2j75vetg4knh","previousOperationId":"e6a34r5teq906u6"}
{"type":"log","timestamp":1744207347878,"level":"debug","message":"Page request: GET (document) file:///C:/Users/Patheo24/AppData/Local/Temp/jsreport/autocleanup/5e911e59-1aaa-4165-9bea-13e394abe46a-chrome-pdf.html","meta":{"rootId":"bkonxve9o0v8cob","id":"bkonxve9o0v8cob"},"id":"dg0udb1k1clvusc","previousOperationId":"e6a34r5teq906u6"}
{"type":"log","timestamp":1744207347906,"level":"debug","message":"Page request finished: GET (document) 200 file:///C:/Users/Patheo24/AppData/Local/Temp/jsreport/autocleanup/5e911e59-1aaa-4165-9bea-13e394abe46a-chrome-pdf.html","meta":{"rootId":"bkonxve9o0v8cob","id":"bkonxve9o0v8cob"},"id":"bp4eejat5yx1e1v","previousOperationId":"e6a34r5teq906u6"}
{"type":"log","timestamp":1744207347913,"level":"debug","message":"(console:info) Slow network is detected. See https://www.chromestatus.com/feature/5636954674692096 for more details. Fallback font will be used while loading: http://localhost:5488/fonts/kalpurush.ttf","meta":{"userLevel":true,"rootId":"bkonxve9o0v8cob","id":"bkonxve9o0v8cob"},"id":"ne9qenc1l3nxbs6","previousOperationId":"e6a34r5teq906u6"}
{"type":"log","timestamp":1744207347915,"level":"debug","message":"Page request: GET (image) https://res.cloudinary.com/dpes1dyqb/image/upload/v1738768933/logo_myycxt.jpg","meta":{"rootId":"bkonxve9o0v8cob","id":"bkonxve9o0v8cob"},"id":"n3vw0d8cyfr7lbb","previousOperationId":"e6a34r5teq906u6"}
{"type":"log","timestamp":1744207347916,"level":"debug","message":"Page request: GET (font) http://localhost:5488/fonts/kalpurush.ttf","meta":{"rootId":"bkonxve9o0v8cob","id":"bkonxve9o0v8cob"},"id":"7yle694vozwvlpt","previousOperationId":"e6a34r5teq906u6"}
{"type":"log","timestamp":1744207347958,"level":"debug","message":"Page request: GET (font) http://localhost:5488/fonts/kalpurush.ttf","meta":{"rootId":"bkonxve9o0v8cob","id":"bkonxve9o0v8cob"},"id":"9bwc5pdavi1i943","previousOperationId":"e6a34r5teq906u6"}
{"type":"log","timestamp":1744207347959,"level":"debug","message":"Page request finished: GET (image) 200 https://res.cloudinary.com/dpes1dyqb/image/upload/v1738768933/logo_myycxt.jpg","meta":{"rootId":"bkonxve9o0v8cob","id":"bkonxve9o0v8cob"},"id":"gvn46ya1uble2yi","previousOperationId":"e6a34r5teq906u6"}
{"type":"log","timestamp":1744207347966,"level":"debug","message":"(console:error) Failed to load resource: the server responded with a status of 404 (Not Found)","meta":{"userLevel":true,"rootId":"bkonxve9o0v8cob","id":"bkonxve9o0v8cob"},"id":"ya43dwsfjdm9ulr","previousOperationId":"e6a34r5teq906u6"}
{"type":"log","timestamp":1744207347966,"level":"warn","message":"Page request failed: GET (font) http://localhost:5488/fonts/kalpurush.ttf, failure: net::ERR_ABORTED","meta":{"rootId":"bkonxve9o0v8cob","id":"bkonxve9o0v8cob"},"id":"z4fwdg3tjwniwc6","previousOperationId":"e6a34r5teq906u6"}
{"type":"log","timestamp":1744207347976,"level":"debug","message":"Running chrome with params {\"printBackground\":true,\"format\":\"A5\",\"marginRight\":\"\",\"timeout\":59961,\"margin\":{\"right\":\"\"}}","meta":{"rootId":"bkonxve9o0v8cob","id":"bkonxve9o0v8cob"},"id":"m5f7pm80uhd8enf","previousOperationId":"e6a34r5teq906u6"}
{"type":"operationEnd","operationId":"e6a34r5teq906u6","timestamp":1744207348262,"id":"hsvhfa826mm7swc","previousEventId":"po3a0hnluvref7h","previousOperationId":"e6a34r5teq906u6"}
{"type":"log","timestamp":1744207348262,"level":"debug","message":"Skipping storing report.","meta":{"rootId":"bkonxve9o0v8cob","id":"bkonxve9o0v8cob"},"id":"yw0fyi70w9ocfvj","previousOperationId":"e6a34r5teq906u6"}
{"type":"log","timestamp":1744207348262,"level":"info","message":"Rendering request 58 finished in 497 ms","meta":{"rootId":"bkonxve9o0v8cob","id":"bkonxve9o0v8cob"},"id":"u8uy8qbauvcv1r2","previousOperationId":"e6a34r5teq906u6"}
{"type":"operationEnd","subtype":"render","operationId":"cm6zri7adrh1eqe","timestamp":1744207348262,"id":"zrxjdsydr835ovf","previousEventId":"hsvhfa826mm7swc","previousOperationId":"e6a34r5teq906u6"}
{"type":"operationEnd","doDiffs":false,"previousEventId":"i3zqh7dj4kkfh1l","previousOperationId":"x8vv6e9fq4jhsr9","operationId":"x8vv6e9fq4jhsr9","timestamp":1744207348267,"id":"fwckryp8bmg22yq"}
