{"type":"operationStart","subtype":"profile","data":{"_id":"zqPn3s1hTYpfOCtG","timestamp":"2025-04-09T14:34:43.557Z","state":"queued","mode":"standard","creationDate":"2025-04-09T14:34:43.559Z","modificationDate":"2025-04-09T14:34:43.559Z","shortid":"dvF_x_w","$entitySet":"profiles"},"doDiffs":false,"timestamp":1744209283558,"id":"71a8xk1f6029kqf","previousOperationId":null,"operationId":"9uh5b645gk9lfj2"}
{"type":"log","level":"info","message":"Render request 111 queued for execution and waiting for available worker","previousOperationId":"9uh5b645gk9lfj2","timestamp":1744209283558,"id":"3z718lnym9iehyx"}
{"type":"operationStart","subtype":"render","name":"myTemplate","previousOperationId":"9uh5b645gk9lfj2","timestamp":1744209283570,"id":"kiyc5s3dnynwnh6","previousEventId":"71a8xk1f6029kqf","operationId":"h7xm1rzzbrbiidp"}
{"type":"log","timestamp":1744209283570,"level":"info","message":"Starting rendering request 111","meta":{"rootId":"bp9qp6cv6x5rvp0","id":"bp9qp6cv6x5rvp0"},"id":"nqtz1dnecaxen5f","previousOperationId":"h7xm1rzzbrbiidp"}
{"type":"log","timestamp":1744209283570,"level":"info","message":"Rendering template { name: myTemplate, recipe: chrome-pdf, engine: handlebars, preview: true }","meta":{"rootId":"bp9qp6cv6x5rvp0","id":"bp9qp6cv6x5rvp0"},"id":"g1azc2dae52xmxm","previousOperationId":"h7xm1rzzbrbiidp"}
{"type":"log","timestamp":1744209283570,"level":"debug","message":"Inline data specified.","meta":{"rootId":"bp9qp6cv6x5rvp0","id":"bp9qp6cv6x5rvp0"},"id":"ggo5yp4xhx6n3dy","previousOperationId":"h7xm1rzzbrbiidp"}
{"type":"log","timestamp":1744209283572,"level":"debug","message":"Base url not specified, skipping its injection.","meta":{"rootId":"bp9qp6cv6x5rvp0","id":"bp9qp6cv6x5rvp0"},"id":"hj86veitkx1o86q","previousOperationId":"h7xm1rzzbrbiidp"}
{"type":"operationStart","subtype":"engine","name":"handlebars","timestamp":1744209283572,"id":"y7q9r5rogulsnrm","previousEventId":"kiyc5s3dnynwnh6","operationId":"c0i22iqq4xno8gb","previousOperationId":"h7xm1rzzbrbiidp"}
{"type":"log","timestamp":1744209283572,"level":"debug","message":"Rendering engine handlebars","meta":{"rootId":"bp9qp6cv6x5rvp0","id":"bp9qp6cv6x5rvp0"},"id":"dva7q94zvrjpznx","previousOperationId":"c0i22iqq4xno8gb"}
{"type":"operationEnd","operationId":"c0i22iqq4xno8gb","timestamp":1744209283592,"id":"tqt9njy30wez5ri","previousEventId":"y7q9r5rogulsnrm","previousOperationId":"c0i22iqq4xno8gb"}
{"type":"operationStart","subtype":"recipe","name":"chrome-pdf","timestamp":1744209283592,"id":"v11s7k5pwrd11dj","previousEventId":"tqt9njy30wez5ri","operationId":"vh02vuho03yjnoy","previousOperationId":"c0i22iqq4xno8gb"}
{"type":"log","timestamp":1744209283592,"level":"debug","message":"Executing recipe chrome-pdf","meta":{"rootId":"bp9qp6cv6x5rvp0","id":"bp9qp6cv6x5rvp0"},"id":"r86x32hkydpzeqg","previousOperationId":"vh02vuho03yjnoy"}
{"type":"log","timestamp":1744209283594,"level":"debug","message":"Converting with chrome Chrome/133.0.6943.126 using chrome-pool strategy","meta":{"rootId":"bp9qp6cv6x5rvp0","id":"bp9qp6cv6x5rvp0"},"id":"uqr9adu2t8ijers","previousOperationId":"vh02vuho03yjnoy"}
{"type":"log","timestamp":1744209283661,"level":"debug","message":"Page request: GET (document) file:///C:/Users/Patheo24/AppData/Local/Temp/jsreport/autocleanup/96c4e9a6-ef82-4b93-adc3-033c4442eaec-chrome-pdf.html","meta":{"rootId":"bp9qp6cv6x5rvp0","id":"bp9qp6cv6x5rvp0"},"id":"6ooll7gr37tzavn","previousOperationId":"vh02vuho03yjnoy"}
{"type":"log","timestamp":1744209283694,"level":"debug","message":"Page request finished: GET (document) 200 file:///C:/Users/Patheo24/AppData/Local/Temp/jsreport/autocleanup/96c4e9a6-ef82-4b93-adc3-033c4442eaec-chrome-pdf.html","meta":{"rootId":"bp9qp6cv6x5rvp0","id":"bp9qp6cv6x5rvp0"},"id":"ei7upvrp39rsf88","previousOperationId":"vh02vuho03yjnoy"}
{"type":"log","timestamp":1744209283696,"level":"debug","message":"Page request: GET (font) http://localhost:5488/fonts/kalpurush.ttf","meta":{"rootId":"bp9qp6cv6x5rvp0","id":"bp9qp6cv6x5rvp0"},"id":"pbus2eyekce7qof","previousOperationId":"vh02vuho03yjnoy"}
{"type":"log","timestamp":1744209283697,"level":"debug","message":"Page request: GET (image) https://res.cloudinary.com/dpes1dyqb/image/upload/v1738768933/logo_myycxt.jpg","meta":{"rootId":"bp9qp6cv6x5rvp0","id":"bp9qp6cv6x5rvp0"},"id":"cwdqh5pkzriyi53","previousOperationId":"vh02vuho03yjnoy"}
{"type":"log","timestamp":1744209283747,"level":"debug","message":"Page request finished: GET (image) 200 https://res.cloudinary.com/dpes1dyqb/image/upload/v1738768933/logo_myycxt.jpg","meta":{"rootId":"bp9qp6cv6x5rvp0","id":"bp9qp6cv6x5rvp0"},"id":"ha2vwm2pq70wntn","previousOperationId":"vh02vuho03yjnoy"}
{"type":"log","timestamp":1744209283747,"level":"debug","message":"Page request: GET (font) http://localhost:5488/fonts/kalpurush.ttf","meta":{"rootId":"bp9qp6cv6x5rvp0","id":"bp9qp6cv6x5rvp0"},"id":"idckws25hqm7rb0","previousOperationId":"vh02vuho03yjnoy"}
{"type":"log","timestamp":1744209283756,"level":"debug","message":"(console:error) Failed to load resource: the server responded with a status of 404 (Not Found)","meta":{"userLevel":true,"rootId":"bp9qp6cv6x5rvp0","id":"bp9qp6cv6x5rvp0"},"id":"qrbmb1ok2qo00kq","previousOperationId":"vh02vuho03yjnoy"}
{"type":"log","timestamp":1744209283756,"level":"warn","message":"Page request failed: GET (font) http://localhost:5488/fonts/kalpurush.ttf, failure: net::ERR_ABORTED","meta":{"rootId":"bp9qp6cv6x5rvp0","id":"bp9qp6cv6x5rvp0"},"id":"cz5q0nh1kpazz9r","previousOperationId":"vh02vuho03yjnoy"}
{"type":"log","timestamp":1744209283767,"level":"debug","message":"Running chrome with params {\"printBackground\":true,\"format\":\"A5\",\"marginRight\":\"\",\"height\":\"\",\"marginTop\":\"\",\"marginBottom\":\"\",\"marginLeft\":\"\",\"displayHeaderFooter\":true,\"width\":\"\",\"timeout\":59964,\"margin\":{\"top\":\"\",\"right\":\"\",\"bottom\":\"\",\"left\":\"\"}}","meta":{"rootId":"bp9qp6cv6x5rvp0","id":"bp9qp6cv6x5rvp0"},"id":"094jqq3i8m3vm7d","previousOperationId":"vh02vuho03yjnoy"}
{"type":"operationEnd","operationId":"vh02vuho03yjnoy","timestamp":1744209284080,"id":"oaw5kfu9josainx","previousEventId":"v11s7k5pwrd11dj","previousOperationId":"vh02vuho03yjnoy"}
{"type":"log","timestamp":1744209284080,"level":"debug","message":"Skipping storing report.","meta":{"rootId":"bp9qp6cv6x5rvp0","id":"bp9qp6cv6x5rvp0"},"id":"strg4755alh6yjg","previousOperationId":"vh02vuho03yjnoy"}
{"type":"log","timestamp":1744209284080,"level":"info","message":"Rendering request 111 finished in 523 ms","meta":{"rootId":"bp9qp6cv6x5rvp0","id":"bp9qp6cv6x5rvp0"},"id":"g9awktm18kqsmh8","previousOperationId":"vh02vuho03yjnoy"}
{"type":"operationEnd","subtype":"render","operationId":"h7xm1rzzbrbiidp","timestamp":1744209284080,"id":"oe35pvgz4mza36r","previousEventId":"oaw5kfu9josainx","previousOperationId":"vh02vuho03yjnoy"}
{"type":"operationEnd","doDiffs":false,"previousEventId":"71a8xk1f6029kqf","previousOperationId":"9uh5b645gk9lfj2","operationId":"9uh5b645gk9lfj2","timestamp":1744209284083,"id":"t4xhuzo9cwn004r"}
