{"type":"operationStart","subtype":"profile","data":{"_id":"g4RGk6dGTUXAOAVy","timestamp":"2025-04-09T13:33:42.252Z","state":"queued","mode":"standard","creationDate":"2025-04-09T13:33:42.255Z","modificationDate":"2025-04-09T13:33:42.255Z","shortid":"Ay7LYRO","$entitySet":"profiles"},"doDiffs":false,"timestamp":1744205622254,"id":"sk8oh1qb497baj8","previousOperationId":null,"operationId":"hfpfp4aug3bnpzc"}
{"type":"log","level":"info","message":"Render request 7 queued for execution and waiting for available worker","previousOperationId":"hfpfp4aug3bnpzc","timestamp":1744205622254,"id":"ej754uztbgorzzz"}
{"type":"operationStart","subtype":"render","name":"myTemplate","previousOperationId":"hfpfp4aug3bnpzc","timestamp":1744205622270,"id":"yjgtk39gpz66h4w","previousEventId":"sk8oh1qb497baj8","operationId":"4owgxt916el5jeg"}
{"type":"log","timestamp":1744205622270,"level":"info","message":"Starting rendering request 7","meta":{"rootId":"bvis9sby4o535il","id":"bvis9sby4o535il"},"id":"ish95nalxlkr20h","previousOperationId":"4owgxt916el5jeg"}
{"type":"log","timestamp":1744205622270,"level":"info","message":"Rendering template { name: myTemplate, recipe: chrome-pdf, engine: handlebars, preview: true }","meta":{"rootId":"bvis9sby4o535il","id":"bvis9sby4o535il"},"id":"k0k5a8h7meihmkw","previousOperationId":"4owgxt916el5jeg"}
{"type":"log","timestamp":1744205622271,"level":"debug","message":"Adding sample data HUavgV0Kc","meta":{"rootId":"bvis9sby4o535il","id":"bvis9sby4o535il"},"id":"n3prches1gw5w8n","previousOperationId":"4owgxt916el5jeg"}
{"type":"log","timestamp":1744205622272,"level":"debug","message":"Base url not specified, skipping its injection.","meta":{"rootId":"bvis9sby4o535il","id":"bvis9sby4o535il"},"id":"9zcnvh0ym1uhu4i","previousOperationId":"4owgxt916el5jeg"}
{"type":"operationStart","subtype":"engine","name":"handlebars","timestamp":1744205622272,"id":"rpd3vh9nd9unwam","previousEventId":"yjgtk39gpz66h4w","operationId":"8l0g6rlmccxyfty","previousOperationId":"4owgxt916el5jeg"}
{"type":"log","timestamp":1744205622272,"level":"debug","message":"Rendering engine handlebars","meta":{"rootId":"bvis9sby4o535il","id":"bvis9sby4o535il"},"id":"r3e3erwv2sffxx6","previousOperationId":"8l0g6rlmccxyfty"}
{"type":"operationEnd","operationId":"8l0g6rlmccxyfty","timestamp":1744205622287,"id":"q51m44b9rmsbwf7","previousEventId":"rpd3vh9nd9unwam","previousOperationId":"8l0g6rlmccxyfty"}
{"type":"operationStart","subtype":"recipe","name":"chrome-pdf","timestamp":1744205622287,"id":"0e00xr00ocm1mzh","previousEventId":"q51m44b9rmsbwf7","operationId":"bbcv8zrj4a108vu","previousOperationId":"8l0g6rlmccxyfty"}
{"type":"log","timestamp":1744205622287,"level":"debug","message":"Executing recipe chrome-pdf","meta":{"rootId":"bvis9sby4o535il","id":"bvis9sby4o535il"},"id":"9610c9ildqvgxm9","previousOperationId":"bbcv8zrj4a108vu"}
{"type":"log","timestamp":1744205622290,"level":"debug","message":"Converting with chrome Chrome/133.0.6943.126 using chrome-pool strategy","meta":{"rootId":"bvis9sby4o535il","id":"bvis9sby4o535il"},"id":"m39r6rebr5qbhyp","previousOperationId":"bbcv8zrj4a108vu"}
{"type":"log","timestamp":1744205622357,"level":"debug","message":"Page request: GET (document) file:///C:/Users/Patheo24/AppData/Local/Temp/jsreport/autocleanup/4b39c542-6efa-43c6-98bb-ed04fa21a2de-chrome-pdf.html","meta":{"rootId":"bvis9sby4o535il","id":"bvis9sby4o535il"},"id":"mlrwwhj9if66tp0","previousOperationId":"bbcv8zrj4a108vu"}
{"type":"log","timestamp":1744205622389,"level":"debug","message":"Page request finished: GET (document) 200 file:///C:/Users/Patheo24/AppData/Local/Temp/jsreport/autocleanup/4b39c542-6efa-43c6-98bb-ed04fa21a2de-chrome-pdf.html","meta":{"rootId":"bvis9sby4o535il","id":"bvis9sby4o535il"},"id":"jwpm8hawionx9gl","previousOperationId":"bbcv8zrj4a108vu"}
{"type":"log","timestamp":1744205622397,"level":"debug","message":"Page request: GET (image) https://res.cloudinary.com/dpes1dyqb/image/upload/v1738768933/logo_myycxt.jpg","meta":{"rootId":"bvis9sby4o535il","id":"bvis9sby4o535il"},"id":"6b9f0rhzu2v4grr","previousOperationId":"bbcv8zrj4a108vu"}
{"type":"log","timestamp":1744205622398,"level":"debug","message":"Page request: GET (font) http://localhost:5488/fonts/kalpurush.ttf","meta":{"rootId":"bvis9sby4o535il","id":"bvis9sby4o535il"},"id":"1y4rp2m0kp17rcl","previousOperationId":"bbcv8zrj4a108vu"}
{"type":"log","timestamp":1744205622438,"level":"debug","message":"Page request: GET (font) http://localhost:5488/fonts/kalpurush.ttf","meta":{"rootId":"bvis9sby4o535il","id":"bvis9sby4o535il"},"id":"qm1t7wudan0dj3e","previousOperationId":"bbcv8zrj4a108vu"}
{"type":"log","timestamp":1744205622439,"level":"debug","message":"Page request finished: GET (image) 200 https://res.cloudinary.com/dpes1dyqb/image/upload/v1738768933/logo_myycxt.jpg","meta":{"rootId":"bvis9sby4o535il","id":"bvis9sby4o535il"},"id":"3g1weheo2v0d8vj","previousOperationId":"bbcv8zrj4a108vu"}
{"type":"log","timestamp":1744205622449,"level":"debug","message":"(console:error) Failed to load resource: the server responded with a status of 404 (Not Found)","meta":{"userLevel":true,"rootId":"bvis9sby4o535il","id":"bvis9sby4o535il"},"id":"5gb1cj9iziluodu","previousOperationId":"bbcv8zrj4a108vu"}
{"type":"log","timestamp":1744205622449,"level":"warn","message":"Page request failed: GET (font) http://localhost:5488/fonts/kalpurush.ttf, failure: net::ERR_ABORTED","meta":{"rootId":"bvis9sby4o535il","id":"bvis9sby4o535il"},"id":"4sc6jtlsg3wzsid","previousOperationId":"bbcv8zrj4a108vu"}
{"type":"log","timestamp":1744205622455,"level":"debug","message":"Running chrome with params {\"printBackground\":true,\"timeout\":59963,\"margin\":{}}","meta":{"rootId":"bvis9sby4o535il","id":"bvis9sby4o535il"},"id":"s1xx8146gx3nmgc","previousOperationId":"bbcv8zrj4a108vu"}
{"type":"operationEnd","operationId":"bbcv8zrj4a108vu","timestamp":1744205622757,"id":"sg74ojmt34yapsn","previousEventId":"0e00xr00ocm1mzh","previousOperationId":"bbcv8zrj4a108vu"}
{"type":"log","timestamp":1744205622757,"level":"debug","message":"Skipping storing report.","meta":{"rootId":"bvis9sby4o535il","id":"bvis9sby4o535il"},"id":"0xr7zhjmhp30wjy","previousOperationId":"bbcv8zrj4a108vu"}
{"type":"log","timestamp":1744205622757,"level":"info","message":"Rendering request 7 finished in 505 ms","meta":{"rootId":"bvis9sby4o535il","id":"bvis9sby4o535il"},"id":"o2raoisjzku95c6","previousOperationId":"bbcv8zrj4a108vu"}
{"type":"operationEnd","subtype":"render","operationId":"4owgxt916el5jeg","timestamp":1744205622757,"id":"nm8jh9nkxvtk7xn","previousEventId":"sg74ojmt34yapsn","previousOperationId":"bbcv8zrj4a108vu"}
{"type":"operationEnd","doDiffs":false,"previousEventId":"sk8oh1qb497baj8","previousOperationId":"hfpfp4aug3bnpzc","operationId":"hfpfp4aug3bnpzc","timestamp":1744205622764,"id":"lo4yle8b9pelc5p"}
