{"type":"operationStart","subtype":"profile","data":{"_id":"B0JjgECFYy0QrF12","timestamp":"2025-04-11T13:17:56.636Z","state":"running","mode":"standard","creationDate":"2025-04-11T13:17:56.638Z","modificationDate":"2025-04-11T13:17:56.638Z","shortid":"64J2WIc","$entitySet":"profiles","timeout":60000,"templateShortid":"2tjN-EB9Yu"},"doDiffs":false,"timestamp":1744377476637,"id":"b021zb5n20rchlq","previousOperationId":null,"operationId":"e6j2kyov1d5c933"}
{"type":"log","level":"info","message":"Render request 46 queued for execution and waiting for available worker","previousOperationId":"e6j2kyov1d5c933","timestamp":1744377476637,"id":"a7bjimkci9rfala"}
{"type":"operationStart","subtype":"render","name":"myTemplate","previousOperationId":"e6j2kyov1d5c933","timestamp":1744377476642,"id":"21tl5e45aq7zv9y","previousEventId":"b021zb5n20rchlq","operationId":"wkkqomlaci8uorb"}
{"type":"log","timestamp":1744377476642,"level":"info","message":"Starting rendering request 46","meta":{"rootId":"c2g7a5g10uej8jo","id":"c2g7a5g10uej8jo"},"id":"c90uae21gl8ofxx","previousOperationId":"wkkqomlaci8uorb"}
{"type":"log","timestamp":1744377476643,"level":"info","message":"Rendering template { name: myTemplate, recipe: chrome-pdf, engine: handlebars, preview: false }","meta":{"rootId":"c2g7a5g10uej8jo","id":"c2g7a5g10uej8jo"},"id":"qa5kujz3vc5wgyu","previousOperationId":"wkkqomlaci8uorb"}
{"type":"log","timestamp":1744377476643,"level":"debug","message":"Inline data specified.","meta":{"rootId":"c2g7a5g10uej8jo","id":"c2g7a5g10uej8jo"},"id":"dx91jswtloj3u03","previousOperationId":"wkkqomlaci8uorb"}
{"type":"log","timestamp":1744377476645,"level":"debug","message":"Base url not specified, skipping its injection.","meta":{"rootId":"c2g7a5g10uej8jo","id":"c2g7a5g10uej8jo"},"id":"rvovlbjs655p5om","previousOperationId":"wkkqomlaci8uorb"}
{"type":"operationStart","subtype":"engine","name":"handlebars","timestamp":1744377476645,"id":"fdyp8a036hasgqa","previousEventId":"21tl5e45aq7zv9y","operationId":"kr1c6afztgo06hn","previousOperationId":"wkkqomlaci8uorb"}
{"type":"log","timestamp":1744377476645,"level":"debug","message":"Rendering engine handlebars","meta":{"rootId":"c2g7a5g10uej8jo","id":"c2g7a5g10uej8jo"},"id":"vxw2lq0toekix71","previousOperationId":"kr1c6afztgo06hn"}
{"type":"operationEnd","operationId":"kr1c6afztgo06hn","timestamp":1744377476660,"id":"8ilkutv227a0fg3","previousEventId":"fdyp8a036hasgqa","previousOperationId":"kr1c6afztgo06hn"}
{"type":"operationStart","subtype":"recipe","name":"chrome-pdf","timestamp":1744377476661,"id":"xfownu76eb6inuz","previousEventId":"8ilkutv227a0fg3","operationId":"aecxxwf5z46drje","previousOperationId":"kr1c6afztgo06hn"}
{"type":"log","timestamp":1744377476661,"level":"debug","message":"Executing recipe chrome-pdf","meta":{"rootId":"c2g7a5g10uej8jo","id":"c2g7a5g10uej8jo"},"id":"gz20or507a4g82t","previousOperationId":"aecxxwf5z46drje"}
{"type":"log","timestamp":1744377476673,"level":"debug","message":"Converting with chrome Chrome/133.0.6943.126 using chrome-pool strategy","meta":{"rootId":"c2g7a5g10uej8jo","id":"c2g7a5g10uej8jo"},"id":"rjfbys9rf8n9ssz","previousOperationId":"aecxxwf5z46drje"}
{"type":"log","timestamp":1744377476793,"level":"debug","message":"Page request: GET (document) file:///C:/Users/Patheo24/AppData/Local/Temp/jsreport/autocleanup/5551a0eb-70cb-4bb6-977b-7a065d718766-chrome-pdf.html","meta":{"rootId":"c2g7a5g10uej8jo","id":"c2g7a5g10uej8jo"},"id":"jqip5jlabmz71ao","previousOperationId":"aecxxwf5z46drje"}
{"type":"log","timestamp":1744377476828,"level":"debug","message":"Page request finished: GET (document) 200 file:///C:/Users/Patheo24/AppData/Local/Temp/jsreport/autocleanup/5551a0eb-70cb-4bb6-977b-7a065d718766-chrome-pdf.html","meta":{"rootId":"c2g7a5g10uej8jo","id":"c2g7a5g10uej8jo"},"id":"yd98cfx0jfxndf3","previousOperationId":"aecxxwf5z46drje"}
{"type":"log","timestamp":1744377476836,"level":"debug","message":"Page request: GET (image) https://res.cloudinary.com/dpes1dyqb/image/upload/v1738768933/logo_myycxt.jpg","meta":{"rootId":"c2g7a5g10uej8jo","id":"c2g7a5g10uej8jo"},"id":"br399tk3jfiowl4","previousOperationId":"aecxxwf5z46drje"}
{"type":"log","timestamp":1744377476838,"level":"debug","message":"Page request: GET (font) http://localhost:5488/fonts/kalpurush.ttf","meta":{"rootId":"c2g7a5g10uej8jo","id":"c2g7a5g10uej8jo"},"id":"0sl2ymuyam0j0rd","previousOperationId":"aecxxwf5z46drje"}
{"type":"log","timestamp":1744377476884,"level":"debug","message":"Page request: GET (font) http://localhost:5488/fonts/kalpurush.ttf","meta":{"rootId":"c2g7a5g10uej8jo","id":"c2g7a5g10uej8jo"},"id":"22d2g5fwy0d3xwj","previousOperationId":"aecxxwf5z46drje"}
{"type":"log","timestamp":1744377476885,"level":"debug","message":"Page request finished: GET (image) 200 https://res.cloudinary.com/dpes1dyqb/image/upload/v1738768933/logo_myycxt.jpg","meta":{"rootId":"c2g7a5g10uej8jo","id":"c2g7a5g10uej8jo"},"id":"fxeje0rsvhkd2p8","previousOperationId":"aecxxwf5z46drje"}
{"type":"log","timestamp":1744377476890,"level":"debug","message":"(console:error) Failed to load resource: the server responded with a status of 404 (Not Found)","meta":{"userLevel":true,"rootId":"c2g7a5g10uej8jo","id":"c2g7a5g10uej8jo"},"id":"eswv9xtxq3p9og6","previousOperationId":"aecxxwf5z46drje"}
{"type":"log","timestamp":1744377476890,"level":"warn","message":"Page request failed: GET (font) http://localhost:5488/fonts/kalpurush.ttf, failure: net::ERR_ABORTED","meta":{"rootId":"c2g7a5g10uej8jo","id":"c2g7a5g10uej8jo"},"id":"qlodgf2l5d12fiy","previousOperationId":"aecxxwf5z46drje"}
{"type":"log","timestamp":1744377476897,"level":"debug","message":"Running chrome with params {\"printBackground\":true,\"format\":\"A5\",\"marginRight\":\"\",\"height\":\"\",\"marginTop\":\"\",\"marginBottom\":\"\",\"marginLeft\":\"\",\"displayHeaderFooter\":true,\"width\":\"\",\"timeout\":59973,\"margin\":{\"top\":\"\",\"right\":\"\",\"bottom\":\"\",\"left\":\"\"}}","meta":{"rootId":"c2g7a5g10uej8jo","id":"c2g7a5g10uej8jo"},"id":"jnww6o6d19c8e3e","previousOperationId":"aecxxwf5z46drje"}
{"type":"operationEnd","operationId":"aecxxwf5z46drje","timestamp":1744377477186,"id":"xn69tjuznqank0o","previousEventId":"xfownu76eb6inuz","previousOperationId":"aecxxwf5z46drje"}
{"type":"log","timestamp":1744377477186,"level":"debug","message":"Skipping storing report.","meta":{"rootId":"c2g7a5g10uej8jo","id":"c2g7a5g10uej8jo"},"id":"eos9018i2elsciu","previousOperationId":"aecxxwf5z46drje"}
{"type":"log","timestamp":1744377477186,"level":"info","message":"Rendering request 46 finished in 551 ms","meta":{"rootId":"c2g7a5g10uej8jo","id":"c2g7a5g10uej8jo"},"id":"85a10ge8n6pw8pf","previousOperationId":"aecxxwf5z46drje"}
{"type":"operationEnd","subtype":"render","operationId":"wkkqomlaci8uorb","timestamp":1744377477186,"id":"agygmxfzv7frpg9","previousEventId":"xn69tjuznqank0o","previousOperationId":"aecxxwf5z46drje"}
{"type":"operationEnd","doDiffs":false,"previousEventId":"b021zb5n20rchlq","previousOperationId":"e6j2kyov1d5c933","operationId":"e6j2kyov1d5c933","timestamp":1744377477188,"id":"mlebc8s8lt88py3"}
