{"type":"operationStart","subtype":"profile","data":{"_id":"rpmIoNXyB6jEQByy","timestamp":"2025-04-09T10:54:22.356Z","state":"queued","mode":"standard","creationDate":"2025-04-09T10:54:22.358Z","modificationDate":"2025-04-09T10:54:22.358Z","shortid":"isYSdsw","$entitySet":"profiles"},"doDiffs":false,"timestamp":1744196062356,"id":"zg8rttgwco0mhbj","previousOperationId":null,"operationId":"0ep8rgsuycmeumc"}
{"type":"log","level":"info","message":"Render request 28 queued for execution and waiting for available worker","previousOperationId":"0ep8rgsuycmeumc","timestamp":1744196062357,"id":"isdr452ap2aivd5"}
{"type":"operationStart","subtype":"render","name":"myTemplate","previousOperationId":"0ep8rgsuycmeumc","timestamp":1744196062369,"id":"gr11wzohyae4t58","previousEventId":"zg8rttgwco0mhbj","operationId":"9p9t5hwvlf14jq7"}
{"type":"log","timestamp":1744196062369,"level":"info","message":"Starting rendering request 28","meta":{"rootId":"cjkq4adgehvrupf","id":"cjkq4adgehvrupf"},"id":"nmly1csscussf0o","previousOperationId":"9p9t5hwvlf14jq7"}
{"type":"log","timestamp":1744196062370,"level":"info","message":"Rendering template { name: myTemplate, recipe: chrome-pdf, engine: handlebars, preview: true }","meta":{"rootId":"cjkq4adgehvrupf","id":"cjkq4adgehvrupf"},"id":"lno5vmxp7fjewee","previousOperationId":"9p9t5hwvlf14jq7"}
{"type":"log","timestamp":1744196062371,"level":"debug","message":"Adding sample data HUavgV0Kc","meta":{"rootId":"cjkq4adgehvrupf","id":"cjkq4adgehvrupf"},"id":"xjqagywfrwj4otr","previousOperationId":"9p9t5hwvlf14jq7"}
{"type":"log","timestamp":1744196062372,"level":"debug","message":"Base url not specified, skipping its injection.","meta":{"rootId":"cjkq4adgehvrupf","id":"cjkq4adgehvrupf"},"id":"2lzevw5dq34dnrp","previousOperationId":"9p9t5hwvlf14jq7"}
{"type":"operationStart","subtype":"engine","name":"handlebars","timestamp":1744196062372,"id":"vec43l0zz8orm13","previousEventId":"gr11wzohyae4t58","operationId":"vrl6ibojmfnupr2","previousOperationId":"9p9t5hwvlf14jq7"}
{"type":"log","timestamp":1744196062372,"level":"debug","message":"Rendering engine handlebars","meta":{"rootId":"cjkq4adgehvrupf","id":"cjkq4adgehvrupf"},"id":"b6fi5annqmzz7gf","previousOperationId":"vrl6ibojmfnupr2"}
{"type":"operationEnd","operationId":"vrl6ibojmfnupr2","timestamp":1744196062390,"id":"shete9qkw5c63o3","previousEventId":"vec43l0zz8orm13","previousOperationId":"vrl6ibojmfnupr2"}
{"type":"operationStart","subtype":"recipe","name":"chrome-pdf","timestamp":1744196062390,"id":"29afmmurj6c4k21","previousEventId":"shete9qkw5c63o3","operationId":"u6947cxan3jmkz9","previousOperationId":"vrl6ibojmfnupr2"}
{"type":"log","timestamp":1744196062390,"level":"debug","message":"Executing recipe chrome-pdf","meta":{"rootId":"cjkq4adgehvrupf","id":"cjkq4adgehvrupf"},"id":"soj4gcz7cpfiudt","previousOperationId":"u6947cxan3jmkz9"}
{"type":"log","timestamp":1744196062393,"level":"debug","message":"Converting with chrome Chrome/133.0.6943.126 using chrome-pool strategy","meta":{"rootId":"cjkq4adgehvrupf","id":"cjkq4adgehvrupf"},"id":"vynw1tswz2w08nz","previousOperationId":"u6947cxan3jmkz9"}
{"type":"log","timestamp":1744196062466,"level":"debug","message":"Page request: GET (document) file:///C:/Users/Patheo24/AppData/Local/Temp/jsreport/autocleanup/8c209651-82ea-46ad-a62d-8b39441de478-chrome-pdf.html","meta":{"rootId":"cjkq4adgehvrupf","id":"cjkq4adgehvrupf"},"id":"v9hlne8633v7tan","previousOperationId":"u6947cxan3jmkz9"}
{"type":"log","timestamp":1744196062496,"level":"debug","message":"Page request finished: GET (document) 200 file:///C:/Users/Patheo24/AppData/Local/Temp/jsreport/autocleanup/8c209651-82ea-46ad-a62d-8b39441de478-chrome-pdf.html","meta":{"rootId":"cjkq4adgehvrupf","id":"cjkq4adgehvrupf"},"id":"qi8le6x17ymfbir","previousOperationId":"u6947cxan3jmkz9"}
{"type":"log","timestamp":1744196062496,"level":"debug","message":"Page request: GET (image) https://res.cloudinary.com/dpes1dyqb/image/upload/v1738768933/logo_myycxt.jpg","meta":{"rootId":"cjkq4adgehvrupf","id":"cjkq4adgehvrupf"},"id":"ygsn724jtbekzam","previousOperationId":"u6947cxan3jmkz9"}
{"type":"log","timestamp":1744196062496,"level":"debug","message":"Page request: GET (font) http://localhost:5488/fonts/kalpurush.ttf","meta":{"rootId":"cjkq4adgehvrupf","id":"cjkq4adgehvrupf"},"id":"y4jwy2gh7ldiywx","previousOperationId":"u6947cxan3jmkz9"}
{"type":"log","timestamp":1744196062537,"level":"debug","message":"Page request: GET (font) http://localhost:5488/fonts/kalpurush.ttf","meta":{"rootId":"cjkq4adgehvrupf","id":"cjkq4adgehvrupf"},"id":"8a3bru5o9yxi9ut","previousOperationId":"u6947cxan3jmkz9"}
{"type":"log","timestamp":1744196062538,"level":"debug","message":"Page request finished: GET (image) 200 https://res.cloudinary.com/dpes1dyqb/image/upload/v1738768933/logo_myycxt.jpg","meta":{"rootId":"cjkq4adgehvrupf","id":"cjkq4adgehvrupf"},"id":"4pr0ao2uf4dixv3","previousOperationId":"u6947cxan3jmkz9"}
{"type":"log","timestamp":1744196062545,"level":"debug","message":"(console:error) Failed to load resource: the server responded with a status of 404 (Not Found)","meta":{"userLevel":true,"rootId":"cjkq4adgehvrupf","id":"cjkq4adgehvrupf"},"id":"tqsjn9db76a8chk","previousOperationId":"u6947cxan3jmkz9"}
{"type":"log","timestamp":1744196062545,"level":"warn","message":"Page request failed: GET (font) http://localhost:5488/fonts/kalpurush.ttf, failure: net::ERR_ABORTED","meta":{"rootId":"cjkq4adgehvrupf","id":"cjkq4adgehvrupf"},"id":"ud9p88e2lejl3ms","previousOperationId":"u6947cxan3jmkz9"}
{"type":"log","timestamp":1744196062554,"level":"debug","message":"Running chrome with params {\"printBackground\":true,\"timeout\":59963,\"margin\":{}}","meta":{"rootId":"cjkq4adgehvrupf","id":"cjkq4adgehvrupf"},"id":"icsr8wslk3nppie","previousOperationId":"u6947cxan3jmkz9"}
{"type":"operationEnd","operationId":"u6947cxan3jmkz9","timestamp":1744196062856,"id":"on34kly3hrelka6","previousEventId":"29afmmurj6c4k21","previousOperationId":"u6947cxan3jmkz9"}
{"type":"log","timestamp":1744196062856,"level":"debug","message":"Skipping storing report.","meta":{"rootId":"cjkq4adgehvrupf","id":"cjkq4adgehvrupf"},"id":"i8r3l6p9bbug9iv","previousOperationId":"u6947cxan3jmkz9"}
{"type":"log","timestamp":1744196062857,"level":"info","message":"Rendering request 28 finished in 502 ms","meta":{"rootId":"cjkq4adgehvrupf","id":"cjkq4adgehvrupf"},"id":"g24b171jj8u2y3c","previousOperationId":"u6947cxan3jmkz9"}
{"type":"operationEnd","subtype":"render","operationId":"9p9t5hwvlf14jq7","timestamp":1744196062857,"id":"8un0ulxn07kv4ta","previousEventId":"on34kly3hrelka6","previousOperationId":"u6947cxan3jmkz9"}
{"type":"operationEnd","doDiffs":false,"previousEventId":"zg8rttgwco0mhbj","previousOperationId":"0ep8rgsuycmeumc","operationId":"0ep8rgsuycmeumc","timestamp":1744196062861,"id":"ytfuguj81r4p1nj"}
