{"type":"operationStart","subtype":"profile","data":{"_id":"lbamADkITkShPtJ2","timestamp":"2025-04-09T14:33:36.885Z","state":"queued","mode":"standard","creationDate":"2025-04-09T14:33:36.887Z","modificationDate":"2025-04-09T14:33:36.887Z","shortid":"33Irzg8","$entitySet":"profiles"},"doDiffs":false,"timestamp":1744209216886,"id":"7y5v3ej26immcx1","previousOperationId":null,"operationId":"j9tmsnrfzsqcf93"}
{"type":"log","level":"info","message":"Render request 106 queued for execution and waiting for available worker","previousOperationId":"j9tmsnrfzsqcf93","timestamp":1744209216886,"id":"cjdubby5a0ypicb"}
{"type":"operationStart","subtype":"render","name":"myTemplate","previousOperationId":"j9tmsnrfzsqcf93","timestamp":1744209216936,"id":"1kzrs4focz712xp","previousEventId":"7y5v3ej26immcx1","operationId":"x6prn1tunejn3hm"}
{"type":"log","timestamp":1744209216936,"level":"info","message":"Starting rendering request 106","meta":{"rootId":"cntcjms1m71cmwv","id":"cntcjms1m71cmwv"},"id":"fg5g4ltsyyp3z6r","previousOperationId":"x6prn1tunejn3hm"}
{"type":"log","timestamp":1744209216936,"level":"info","message":"Rendering template { name: myTemplate, recipe: chrome-pdf, engine: handlebars, preview: true }","meta":{"rootId":"cntcjms1m71cmwv","id":"cntcjms1m71cmwv"},"id":"xzdmrwt3vevg15v","previousOperationId":"x6prn1tunejn3hm"}
{"type":"log","timestamp":1744209216937,"level":"debug","message":"Inline data specified.","meta":{"rootId":"cntcjms1m71cmwv","id":"cntcjms1m71cmwv"},"id":"o90sn8wixx25xno","previousOperationId":"x6prn1tunejn3hm"}
{"type":"log","timestamp":1744209216939,"level":"debug","message":"Base url not specified, skipping its injection.","meta":{"rootId":"cntcjms1m71cmwv","id":"cntcjms1m71cmwv"},"id":"3n7fjyczctvg2sv","previousOperationId":"x6prn1tunejn3hm"}
{"type":"operationStart","subtype":"engine","name":"handlebars","timestamp":1744209216939,"id":"sdo3oeljx113mh6","previousEventId":"1kzrs4focz712xp","operationId":"cvxemvqqa2go8c0","previousOperationId":"x6prn1tunejn3hm"}
{"type":"log","timestamp":1744209216939,"level":"debug","message":"Rendering engine handlebars","meta":{"rootId":"cntcjms1m71cmwv","id":"cntcjms1m71cmwv"},"id":"9mhl8kmi1kgiagc","previousOperationId":"cvxemvqqa2go8c0"}
{"type":"operationEnd","operationId":"cvxemvqqa2go8c0","timestamp":1744209216968,"id":"6a2vgcbtlp98dh2","previousEventId":"sdo3oeljx113mh6","previousOperationId":"cvxemvqqa2go8c0"}
{"type":"operationStart","subtype":"recipe","name":"chrome-pdf","timestamp":1744209216968,"id":"8fw5b4bco3o56zb","previousEventId":"6a2vgcbtlp98dh2","operationId":"1l66idjhg5smu7t","previousOperationId":"cvxemvqqa2go8c0"}
{"type":"log","timestamp":1744209216968,"level":"debug","message":"Executing recipe chrome-pdf","meta":{"rootId":"cntcjms1m71cmwv","id":"cntcjms1m71cmwv"},"id":"riavna48z5x4kov","previousOperationId":"1l66idjhg5smu7t"}
{"type":"log","timestamp":1744209216971,"level":"debug","message":"Converting with chrome Chrome/133.0.6943.126 using chrome-pool strategy","meta":{"rootId":"cntcjms1m71cmwv","id":"cntcjms1m71cmwv"},"id":"ekoikkmlo9s3cv6","previousOperationId":"1l66idjhg5smu7t"}
{"type":"log","timestamp":1744209217041,"level":"debug","message":"Page request: GET (document) file:///C:/Users/Patheo24/AppData/Local/Temp/jsreport/autocleanup/20a87ed2-d3e0-4e56-8cc2-04ad25d7dd49-chrome-pdf.html","meta":{"rootId":"cntcjms1m71cmwv","id":"cntcjms1m71cmwv"},"id":"b052664eswp105m","previousOperationId":"1l66idjhg5smu7t"}
{"type":"log","timestamp":1744209217066,"level":"debug","message":"Page request finished: GET (document) 200 file:///C:/Users/Patheo24/AppData/Local/Temp/jsreport/autocleanup/20a87ed2-d3e0-4e56-8cc2-04ad25d7dd49-chrome-pdf.html","meta":{"rootId":"cntcjms1m71cmwv","id":"cntcjms1m71cmwv"},"id":"8phktl2u1hnz1uv","previousOperationId":"1l66idjhg5smu7t"}
{"type":"log","timestamp":1744209217067,"level":"debug","message":"(console:info) Slow network is detected. See https://www.chromestatus.com/feature/5636954674692096 for more details. Fallback font will be used while loading: http://localhost:5488/fonts/kalpurush.ttf","meta":{"userLevel":true,"rootId":"cntcjms1m71cmwv","id":"cntcjms1m71cmwv"},"id":"mjirumt4qej6b0l","previousOperationId":"1l66idjhg5smu7t"}
{"type":"log","timestamp":1744209217067,"level":"debug","message":"Page request: GET (font) http://localhost:5488/fonts/kalpurush.ttf","meta":{"rootId":"cntcjms1m71cmwv","id":"cntcjms1m71cmwv"},"id":"plfnrkhzv6n9han","previousOperationId":"1l66idjhg5smu7t"}
{"type":"log","timestamp":1744209217067,"level":"debug","message":"Page request: GET (image) https://res.cloudinary.com/dpes1dyqb/image/upload/v1738768933/logo_myycxt.jpg","meta":{"rootId":"cntcjms1m71cmwv","id":"cntcjms1m71cmwv"},"id":"qs01qhatw6s0wl6","previousOperationId":"1l66idjhg5smu7t"}
{"type":"log","timestamp":1744209217118,"level":"debug","message":"Page request: GET (font) http://localhost:5488/fonts/kalpurush.ttf","meta":{"rootId":"cntcjms1m71cmwv","id":"cntcjms1m71cmwv"},"id":"g44k05tdvx2zkib","previousOperationId":"1l66idjhg5smu7t"}
{"type":"log","timestamp":1744209217118,"level":"debug","message":"Page request finished: GET (image) 200 https://res.cloudinary.com/dpes1dyqb/image/upload/v1738768933/logo_myycxt.jpg","meta":{"rootId":"cntcjms1m71cmwv","id":"cntcjms1m71cmwv"},"id":"444m0v01nsyvyz6","previousOperationId":"1l66idjhg5smu7t"}
{"type":"log","timestamp":1744209217124,"level":"debug","message":"(console:error) Failed to load resource: the server responded with a status of 404 (Not Found)","meta":{"userLevel":true,"rootId":"cntcjms1m71cmwv","id":"cntcjms1m71cmwv"},"id":"8crfo49cel36u7x","previousOperationId":"1l66idjhg5smu7t"}
{"type":"log","timestamp":1744209217124,"level":"warn","message":"Page request failed: GET (font) http://localhost:5488/fonts/kalpurush.ttf, failure: net::ERR_ABORTED","meta":{"rootId":"cntcjms1m71cmwv","id":"cntcjms1m71cmwv"},"id":"py05uga6f9w6tzw","previousOperationId":"1l66idjhg5smu7t"}
{"type":"log","timestamp":1744209217136,"level":"debug","message":"Running chrome with params {\"printBackground\":true,\"format\":\"A5\",\"marginRight\":\"\",\"height\":\"\",\"marginTop\":\"\",\"marginBottom\":\"\",\"marginLeft\":\"\",\"displayHeaderFooter\":true,\"width\":\"\",\"timeout\":59915,\"margin\":{\"top\":\"\",\"right\":\"\",\"bottom\":\"\",\"left\":\"\"}}","meta":{"rootId":"cntcjms1m71cmwv","id":"cntcjms1m71cmwv"},"id":"1gosjza15os58sg","previousOperationId":"1l66idjhg5smu7t"}
{"type":"operationEnd","operationId":"1l66idjhg5smu7t","timestamp":1744209217467,"id":"od2uixb4jris8pl","previousEventId":"8fw5b4bco3o56zb","previousOperationId":"1l66idjhg5smu7t"}
{"type":"log","timestamp":1744209217467,"level":"debug","message":"Skipping storing report.","meta":{"rootId":"cntcjms1m71cmwv","id":"cntcjms1m71cmwv"},"id":"mufq2t5j1kgf2bn","previousOperationId":"1l66idjhg5smu7t"}
{"type":"log","timestamp":1744209217467,"level":"info","message":"Rendering request 106 finished in 582 ms","meta":{"rootId":"cntcjms1m71cmwv","id":"cntcjms1m71cmwv"},"id":"t0syruoaek1b0hp","previousOperationId":"1l66idjhg5smu7t"}
{"type":"operationEnd","subtype":"render","operationId":"x6prn1tunejn3hm","timestamp":1744209217467,"id":"guisnh04sdu8bbu","previousEventId":"od2uixb4jris8pl","previousOperationId":"1l66idjhg5smu7t"}
{"type":"operationEnd","doDiffs":false,"previousEventId":"7y5v3ej26immcx1","previousOperationId":"j9tmsnrfzsqcf93","operationId":"j9tmsnrfzsqcf93","timestamp":1744209217470,"id":"za51nfksko0rqb4"}
