{"type":"operationStart","subtype":"profile","data":{"_id":"ZSsFI1nUmmqL36j3","timestamp":"2025-04-09T14:11:32.419Z","state":"queued","mode":"standard","creationDate":"2025-04-09T14:11:32.421Z","modificationDate":"2025-04-09T14:11:32.421Z","shortid":"8CXZbz6","$entitySet":"profiles"},"doDiffs":false,"timestamp":1744207892420,"id":"09xkw6sxb9qgp2a","previousOperationId":null,"operationId":"rjfxmfaejhhm8u3"}
{"type":"log","level":"info","message":"Render request 75 queued for execution and waiting for available worker","previousOperationId":"rjfxmfaejhhm8u3","timestamp":1744207892420,"id":"zwi0za5xpnvr4vl"}
{"type":"operationStart","subtype":"render","name":"myTemplate","previousOperationId":"rjfxmfaejhhm8u3","timestamp":1744207892433,"id":"03zq7yyq95f4r1v","previousEventId":"09xkw6sxb9qgp2a","operationId":"yaar1c3yiv6j5t6"}
{"type":"log","timestamp":1744207892433,"level":"info","message":"Starting rendering request 75","meta":{"rootId":"crwouo38s6hbr97","id":"crwouo38s6hbr97"},"id":"12xj4y0sh5e7yqr","previousOperationId":"yaar1c3yiv6j5t6"}
{"type":"log","timestamp":1744207892433,"level":"info","message":"Rendering template { name: myTemplate, recipe: chrome-pdf, engine: handlebars, preview: true }","meta":{"rootId":"crwouo38s6hbr97","id":"crwouo38s6hbr97"},"id":"mlhb8uvyfgcxjgi","previousOperationId":"yaar1c3yiv6j5t6"}
{"type":"log","timestamp":1744207892435,"level":"debug","message":"Adding sample data HUavgV0Kc","meta":{"rootId":"crwouo38s6hbr97","id":"crwouo38s6hbr97"},"id":"e26h51gtxabl3ge","previousOperationId":"yaar1c3yiv6j5t6"}
{"type":"log","timestamp":1744207892439,"level":"debug","message":"Base url not specified, skipping its injection.","meta":{"rootId":"crwouo38s6hbr97","id":"crwouo38s6hbr97"},"id":"9p96ouhpgozoxmh","previousOperationId":"yaar1c3yiv6j5t6"}
{"type":"operationStart","subtype":"engine","name":"handlebars","timestamp":1744207892439,"id":"717r68desuu5ppf","previousEventId":"03zq7yyq95f4r1v","operationId":"llso6ln89z6yxjs","previousOperationId":"yaar1c3yiv6j5t6"}
{"type":"log","timestamp":1744207892439,"level":"debug","message":"Rendering engine handlebars","meta":{"rootId":"crwouo38s6hbr97","id":"crwouo38s6hbr97"},"id":"g40etquxdn8fkiq","previousOperationId":"llso6ln89z6yxjs"}
{"type":"operationEnd","operationId":"llso6ln89z6yxjs","timestamp":1744207892457,"id":"rweu7ej29ht4r6k","previousEventId":"717r68desuu5ppf","previousOperationId":"llso6ln89z6yxjs"}
{"type":"operationStart","subtype":"recipe","name":"chrome-pdf","timestamp":1744207892457,"id":"0vqot98pambrs3h","previousEventId":"rweu7ej29ht4r6k","operationId":"3w4hg052dozyonp","previousOperationId":"llso6ln89z6yxjs"}
{"type":"log","timestamp":1744207892457,"level":"debug","message":"Executing recipe chrome-pdf","meta":{"rootId":"crwouo38s6hbr97","id":"crwouo38s6hbr97"},"id":"31ll84fmun5e7ub","previousOperationId":"3w4hg052dozyonp"}
{"type":"log","timestamp":1744207892459,"level":"debug","message":"Converting with chrome Chrome/133.0.6943.126 using chrome-pool strategy","meta":{"rootId":"crwouo38s6hbr97","id":"crwouo38s6hbr97"},"id":"f3cf6paj0hry7i1","previousOperationId":"3w4hg052dozyonp"}
{"type":"log","timestamp":1744207892526,"level":"debug","message":"Page request: GET (document) file:///C:/Users/Patheo24/AppData/Local/Temp/jsreport/autocleanup/c2a6924d-2711-405c-ac7c-b68354ef19e3-chrome-pdf.html","meta":{"rootId":"crwouo38s6hbr97","id":"crwouo38s6hbr97"},"id":"qr18njelvk0yx7i","previousOperationId":"3w4hg052dozyonp"}
{"type":"log","timestamp":1744207892553,"level":"debug","message":"Page request finished: GET (document) 200 file:///C:/Users/Patheo24/AppData/Local/Temp/jsreport/autocleanup/c2a6924d-2711-405c-ac7c-b68354ef19e3-chrome-pdf.html","meta":{"rootId":"crwouo38s6hbr97","id":"crwouo38s6hbr97"},"id":"wpaxoc3rany7pot","previousOperationId":"3w4hg052dozyonp"}
{"type":"log","timestamp":1744207892560,"level":"debug","message":"Page request: GET (image) https://res.cloudinary.com/dpes1dyqb/image/upload/v1738768933/logo_myycxt.jpg","meta":{"rootId":"crwouo38s6hbr97","id":"crwouo38s6hbr97"},"id":"78aku9e07vrvfo8","previousOperationId":"3w4hg052dozyonp"}
{"type":"log","timestamp":1744207892560,"level":"debug","message":"Page request: GET (font) http://localhost:5488/fonts/kalpurush.ttf","meta":{"rootId":"crwouo38s6hbr97","id":"crwouo38s6hbr97"},"id":"e50yk689pbs6s1e","previousOperationId":"3w4hg052dozyonp"}
{"type":"log","timestamp":1744207892564,"level":"debug","message":"Page request: GET (font) http://localhost:5488/fonts/kalpurush.ttf","meta":{"rootId":"crwouo38s6hbr97","id":"crwouo38s6hbr97"},"id":"x3ng82fq46aovrt","previousOperationId":"3w4hg052dozyonp"}
{"type":"log","timestamp":1744207892567,"level":"debug","message":"Page request finished: GET (image) 200 https://res.cloudinary.com/dpes1dyqb/image/upload/v1738768933/logo_myycxt.jpg","meta":{"rootId":"crwouo38s6hbr97","id":"crwouo38s6hbr97"},"id":"25lzcybw818wb5k","previousOperationId":"3w4hg052dozyonp"}
{"type":"log","timestamp":1744207892610,"level":"debug","message":"(console:error) Failed to load resource: the server responded with a status of 404 (Not Found)","meta":{"userLevel":true,"rootId":"crwouo38s6hbr97","id":"crwouo38s6hbr97"},"id":"fqkuoebdzm7pqq3","previousOperationId":"3w4hg052dozyonp"}
{"type":"log","timestamp":1744207892610,"level":"warn","message":"Page request failed: GET (font) http://localhost:5488/fonts/kalpurush.ttf, failure: net::ERR_ABORTED","meta":{"rootId":"crwouo38s6hbr97","id":"crwouo38s6hbr97"},"id":"16jn7znv1d2herr","previousOperationId":"3w4hg052dozyonp"}
{"type":"log","timestamp":1744207892617,"level":"debug","message":"Running chrome with params {\"printBackground\":true,\"format\":\"A5\",\"marginRight\":\"\",\"height\":\"\",\"marginTop\":\"\",\"marginBottom\":\"\",\"marginLeft\":\"\",\"displayHeaderFooter\":true,\"width\":\"\",\"timeout\":59961,\"margin\":{\"top\":\"\",\"right\":\"\",\"bottom\":\"\",\"left\":\"\"}}","meta":{"rootId":"crwouo38s6hbr97","id":"crwouo38s6hbr97"},"id":"fsi4bchoqh3fok4","previousOperationId":"3w4hg052dozyonp"}
{"type":"operationEnd","operationId":"3w4hg052dozyonp","timestamp":1744207892954,"id":"lmqhfs8wc2fmj1o","previousEventId":"0vqot98pambrs3h","previousOperationId":"3w4hg052dozyonp"}
{"type":"log","timestamp":1744207892955,"level":"debug","message":"Skipping storing report.","meta":{"rootId":"crwouo38s6hbr97","id":"crwouo38s6hbr97"},"id":"bln3z71c3uof8ht","previousOperationId":"3w4hg052dozyonp"}
{"type":"log","timestamp":1744207892955,"level":"info","message":"Rendering request 75 finished in 536 ms","meta":{"rootId":"crwouo38s6hbr97","id":"crwouo38s6hbr97"},"id":"gb62o3mzyw714jn","previousOperationId":"3w4hg052dozyonp"}
{"type":"operationEnd","subtype":"render","operationId":"yaar1c3yiv6j5t6","timestamp":1744207892955,"id":"l37u6jfgs23nvh5","previousEventId":"lmqhfs8wc2fmj1o","previousOperationId":"3w4hg052dozyonp"}
{"type":"operationEnd","doDiffs":false,"previousEventId":"09xkw6sxb9qgp2a","previousOperationId":"rjfxmfaejhhm8u3","operationId":"rjfxmfaejhhm8u3","timestamp":1744207892959,"id":"bqzlnttwl899s59"}
