{"type":"operationStart","subtype":"profile","data":{"_id":"hu74n9IICEK9axH0","timestamp":"2025-04-09T09:35:10.439Z","state":"queued","mode":"standard","creationDate":"2025-04-09T09:35:10.440Z","modificationDate":"2025-04-09T09:35:10.440Z","shortid":"5Fx36OV","$entitySet":"profiles"},"doDiffs":false,"timestamp":1744191310439,"id":"12ej01eiy1darah","previousOperationId":null,"operationId":"opr24appvmoe9l0"}
{"type":"log","level":"info","message":"Render request 57 queued for execution and waiting for available worker","previousOperationId":"opr24appvmoe9l0","timestamp":1744191310440,"id":"gog2k2bjzdjayjb"}
{"type":"operationStart","subtype":"render","name":"myTemplate","previousOperationId":"opr24appvmoe9l0","timestamp":1744191310451,"id":"t3plb1k4m5lk9pd","previousEventId":"12ej01eiy1darah","operationId":"fxnw4h496k77ttu"}
{"type":"log","timestamp":1744191310451,"level":"info","message":"Starting rendering request 57","meta":{"rootId":"cvzvh9f3c3396k9","id":"cvzvh9f3c3396k9"},"id":"1qv55dv7autvi3s","previousOperationId":"fxnw4h496k77ttu"}
{"type":"log","timestamp":1744191310451,"level":"info","message":"Rendering template { name: myTemplate, recipe: chrome-pdf, engine: handlebars, preview: true }","meta":{"rootId":"cvzvh9f3c3396k9","id":"cvzvh9f3c3396k9"},"id":"eav46kcmc01vib8","previousOperationId":"fxnw4h496k77ttu"}
{"type":"log","timestamp":1744191310452,"level":"debug","message":"Inline data specified.","meta":{"rootId":"cvzvh9f3c3396k9","id":"cvzvh9f3c3396k9"},"id":"tql4oqskxfimeh7","previousOperationId":"fxnw4h496k77ttu"}
{"type":"log","timestamp":1744191310454,"level":"debug","message":"Base url not specified, skipping its injection.","meta":{"rootId":"cvzvh9f3c3396k9","id":"cvzvh9f3c3396k9"},"id":"exhfhy70hkmsamu","previousOperationId":"fxnw4h496k77ttu"}
{"type":"operationStart","subtype":"engine","name":"handlebars","timestamp":1744191310454,"id":"6171h8d7ebytw0q","previousEventId":"t3plb1k4m5lk9pd","operationId":"u05c5keum1hjih1","previousOperationId":"fxnw4h496k77ttu"}
{"type":"log","timestamp":1744191310454,"level":"debug","message":"Rendering engine handlebars","meta":{"rootId":"cvzvh9f3c3396k9","id":"cvzvh9f3c3396k9"},"id":"7bie6by2ai748om","previousOperationId":"u05c5keum1hjih1"}
{"type":"operationEnd","operationId":"u05c5keum1hjih1","timestamp":1744191310469,"id":"v3cx42a5z3vl8pr","previousEventId":"6171h8d7ebytw0q","previousOperationId":"u05c5keum1hjih1"}
{"type":"operationStart","subtype":"recipe","name":"chrome-pdf","timestamp":1744191310469,"id":"xcd6x5vj5vg1ei4","previousEventId":"v3cx42a5z3vl8pr","operationId":"p2mplrw3983ukax","previousOperationId":"u05c5keum1hjih1"}
{"type":"log","timestamp":1744191310469,"level":"debug","message":"Executing recipe chrome-pdf","meta":{"rootId":"cvzvh9f3c3396k9","id":"cvzvh9f3c3396k9"},"id":"osmyzeoh5nx60cg","previousOperationId":"p2mplrw3983ukax"}
{"type":"log","timestamp":1744191310471,"level":"debug","message":"Converting with chrome Chrome/133.0.6943.126 using chrome-pool strategy","meta":{"rootId":"cvzvh9f3c3396k9","id":"cvzvh9f3c3396k9"},"id":"v3iueyw5820laoe","previousOperationId":"p2mplrw3983ukax"}
{"type":"log","timestamp":1744191310528,"level":"debug","message":"Page request: GET (document) file:///C:/Users/Patheo24/AppData/Local/Temp/jsreport/autocleanup/6c11d088-d0c5-407f-9eaf-a0bec40e7833-chrome-pdf.html","meta":{"rootId":"cvzvh9f3c3396k9","id":"cvzvh9f3c3396k9"},"id":"uzb8lssncgiy0wq","previousOperationId":"p2mplrw3983ukax"}
{"type":"log","timestamp":1744191310555,"level":"debug","message":"Page request finished: GET (document) 200 file:///C:/Users/Patheo24/AppData/Local/Temp/jsreport/autocleanup/6c11d088-d0c5-407f-9eaf-a0bec40e7833-chrome-pdf.html","meta":{"rootId":"cvzvh9f3c3396k9","id":"cvzvh9f3c3396k9"},"id":"8fnw22vsgvns9tj","previousOperationId":"p2mplrw3983ukax"}
{"type":"log","timestamp":1744191310555,"level":"debug","message":"Page request: GET (image) https://res.cloudinary.com/dpes1dyqb/image/upload/v1738768933/logo_myycxt.jpg","meta":{"rootId":"cvzvh9f3c3396k9","id":"cvzvh9f3c3396k9"},"id":"h73ahq4zz3706mi","previousOperationId":"p2mplrw3983ukax"}
{"type":"log","timestamp":1744191310556,"level":"debug","message":"(console:info) Slow network is detected. See https://www.chromestatus.com/feature/5636954674692096 for more details. Fallback font will be used while loading: http://localhost:5488/fonts/kalpurush.ttf","meta":{"userLevel":true,"rootId":"cvzvh9f3c3396k9","id":"cvzvh9f3c3396k9"},"id":"exdms0tuu2nmjjn","previousOperationId":"p2mplrw3983ukax"}
{"type":"log","timestamp":1744191310564,"level":"debug","message":"Page request: GET (font) http://localhost:5488/fonts/kalpurush.ttf","meta":{"rootId":"cvzvh9f3c3396k9","id":"cvzvh9f3c3396k9"},"id":"8xkpp2ge0ocf3aw","previousOperationId":"p2mplrw3983ukax"}
{"type":"log","timestamp":1744191310598,"level":"debug","message":"Page request finished: GET (image) 200 https://res.cloudinary.com/dpes1dyqb/image/upload/v1738768933/logo_myycxt.jpg","meta":{"rootId":"cvzvh9f3c3396k9","id":"cvzvh9f3c3396k9"},"id":"gjzulo5tg0rr9p7","previousOperationId":"p2mplrw3983ukax"}
{"type":"log","timestamp":1744191310598,"level":"debug","message":"Page request: GET (font) http://localhost:5488/fonts/kalpurush.ttf","meta":{"rootId":"cvzvh9f3c3396k9","id":"cvzvh9f3c3396k9"},"id":"fen5pf0rp7mjhso","previousOperationId":"p2mplrw3983ukax"}
{"type":"log","timestamp":1744191310604,"level":"debug","message":"(console:error) Failed to load resource: the server responded with a status of 404 (Not Found)","meta":{"userLevel":true,"rootId":"cvzvh9f3c3396k9","id":"cvzvh9f3c3396k9"},"id":"yorislvukkt7dlz","previousOperationId":"p2mplrw3983ukax"}
{"type":"log","timestamp":1744191310604,"level":"warn","message":"Page request failed: GET (font) http://localhost:5488/fonts/kalpurush.ttf, failure: net::ERR_ABORTED","meta":{"rootId":"cvzvh9f3c3396k9","id":"cvzvh9f3c3396k9"},"id":"182xzn901ptwrbe","previousOperationId":"p2mplrw3983ukax"}
{"type":"log","timestamp":1744191310615,"level":"debug","message":"Running chrome with params {\"printBackground\":true,\"timeout\":59969,\"margin\":{}}","meta":{"rootId":"cvzvh9f3c3396k9","id":"cvzvh9f3c3396k9"},"id":"4pg0sdt8qm6uc4w","previousOperationId":"p2mplrw3983ukax"}
{"type":"operationEnd","operationId":"p2mplrw3983ukax","timestamp":1744191310928,"id":"dhnmtzpvo4dksi4","previousEventId":"xcd6x5vj5vg1ei4","previousOperationId":"p2mplrw3983ukax"}
{"type":"log","timestamp":1744191310928,"level":"debug","message":"Skipping storing report.","meta":{"rootId":"cvzvh9f3c3396k9","id":"cvzvh9f3c3396k9"},"id":"bf020cjssbsrvqh","previousOperationId":"p2mplrw3983ukax"}
{"type":"log","timestamp":1744191310928,"level":"info","message":"Rendering request 57 finished in 489 ms","meta":{"rootId":"cvzvh9f3c3396k9","id":"cvzvh9f3c3396k9"},"id":"e4ts3cai0rwmen9","previousOperationId":"p2mplrw3983ukax"}
{"type":"operationEnd","subtype":"render","operationId":"fxnw4h496k77ttu","timestamp":1744191310928,"id":"9hc2241psagdokw","previousEventId":"dhnmtzpvo4dksi4","previousOperationId":"p2mplrw3983ukax"}
{"type":"operationEnd","doDiffs":false,"previousEventId":"12ej01eiy1darah","previousOperationId":"opr24appvmoe9l0","operationId":"opr24appvmoe9l0","timestamp":1744191310932,"id":"6ukqj9e7hs80fq0"}
