{"type":"operationStart","subtype":"profile","data":{"_id":"2lP6OJ652413aS4T","timestamp":"2025-04-09T14:18:40.915Z","state":"queued","mode":"standard","creationDate":"2025-04-09T14:18:40.917Z","modificationDate":"2025-04-09T14:18:40.917Z","shortid":"tN6bPhF","$entitySet":"profiles"},"doDiffs":false,"timestamp":1744208320916,"id":"bspnaglfwc4t0um","previousOperationId":null,"operationId":"75eqd9u0si38ccm"}
{"type":"log","level":"info","message":"Render request 93 queued for execution and waiting for available worker","previousOperationId":"75eqd9u0si38ccm","timestamp":1744208320916,"id":"sdr5xmyttsm890f"}
{"type":"operationStart","subtype":"render","name":"myTemplate","previousOperationId":"75eqd9u0si38ccm","timestamp":1744208320993,"id":"ddw4uzn6sdyrqa7","previousEventId":"bspnaglfwc4t0um","operationId":"k4hpfqtiwv5cu7u"}
{"type":"log","timestamp":1744208320993,"level":"info","message":"Starting rendering request 93","meta":{"rootId":"d2xgg93ux5ra80o","id":"d2xgg93ux5ra80o"},"id":"8m4qy6taoys30nj","previousOperationId":"k4hpfqtiwv5cu7u"}
{"type":"log","timestamp":1744208320993,"level":"info","message":"Rendering template { name: myTemplate, recipe: chrome-pdf, engine: handlebars, preview: true }","meta":{"rootId":"d2xgg93ux5ra80o","id":"d2xgg93ux5ra80o"},"id":"xq5xleq3zp952c3","previousOperationId":"k4hpfqtiwv5cu7u"}
{"type":"log","timestamp":1744208321014,"level":"debug","message":"Adding sample data HUavgV0Kc","meta":{"rootId":"d2xgg93ux5ra80o","id":"d2xgg93ux5ra80o"},"id":"a09k1sh4asb91r6","previousOperationId":"k4hpfqtiwv5cu7u"}
{"type":"log","timestamp":1744208321016,"level":"debug","message":"Base url not specified, skipping its injection.","meta":{"rootId":"d2xgg93ux5ra80o","id":"d2xgg93ux5ra80o"},"id":"62x0ap1o2d7mxpo","previousOperationId":"k4hpfqtiwv5cu7u"}
{"type":"operationStart","subtype":"engine","name":"handlebars","timestamp":1744208321017,"id":"3i2pf9fiffgut24","previousEventId":"ddw4uzn6sdyrqa7","operationId":"0iza7vjai9qtlud","previousOperationId":"k4hpfqtiwv5cu7u"}
{"type":"log","timestamp":1744208321017,"level":"debug","message":"Rendering engine handlebars","meta":{"rootId":"d2xgg93ux5ra80o","id":"d2xgg93ux5ra80o"},"id":"4l7dzafmdafz4vk","previousOperationId":"0iza7vjai9qtlud"}
{"type":"operationEnd","operationId":"0iza7vjai9qtlud","timestamp":1744208321046,"id":"wu8yxupddelbkd4","previousEventId":"3i2pf9fiffgut24","previousOperationId":"0iza7vjai9qtlud"}
{"type":"operationStart","subtype":"recipe","name":"chrome-pdf","timestamp":1744208321047,"id":"c6smfr8cuccgon9","previousEventId":"wu8yxupddelbkd4","operationId":"1ixxx285v9a76gb","previousOperationId":"0iza7vjai9qtlud"}
{"type":"log","timestamp":1744208321047,"level":"debug","message":"Executing recipe chrome-pdf","meta":{"rootId":"d2xgg93ux5ra80o","id":"d2xgg93ux5ra80o"},"id":"gmitfqe9qxi87uf","previousOperationId":"1ixxx285v9a76gb"}
{"type":"log","timestamp":1744208321059,"level":"debug","message":"Converting with chrome Chrome/133.0.6943.126 using chrome-pool strategy","meta":{"rootId":"d2xgg93ux5ra80o","id":"d2xgg93ux5ra80o"},"id":"phoa1w2m2d4z99w","previousOperationId":"1ixxx285v9a76gb"}
{"type":"log","timestamp":1744208321127,"level":"debug","message":"Page request: GET (document) file:///C:/Users/Patheo24/AppData/Local/Temp/jsreport/autocleanup/f61a62f2-3f59-43f1-a581-0ac9dc96dee2-chrome-pdf.html","meta":{"rootId":"d2xgg93ux5ra80o","id":"d2xgg93ux5ra80o"},"id":"b0aebmgdtdttrat","previousOperationId":"1ixxx285v9a76gb"}
{"type":"log","timestamp":1744208321151,"level":"debug","message":"Page request finished: GET (document) 200 file:///C:/Users/Patheo24/AppData/Local/Temp/jsreport/autocleanup/f61a62f2-3f59-43f1-a581-0ac9dc96dee2-chrome-pdf.html","meta":{"rootId":"d2xgg93ux5ra80o","id":"d2xgg93ux5ra80o"},"id":"q4scm4e4sib3233","previousOperationId":"1ixxx285v9a76gb"}
{"type":"log","timestamp":1744208321151,"level":"debug","message":"(console:info) Slow network is detected. See https://www.chromestatus.com/feature/5636954674692096 for more details. Fallback font will be used while loading: http://localhost:5488/fonts/kalpurush.ttf","meta":{"userLevel":true,"rootId":"d2xgg93ux5ra80o","id":"d2xgg93ux5ra80o"},"id":"4kjwx96quocmwgf","previousOperationId":"1ixxx285v9a76gb"}
{"type":"log","timestamp":1744208321152,"level":"debug","message":"Page request: GET (font) http://localhost:5488/fonts/kalpurush.ttf","meta":{"rootId":"d2xgg93ux5ra80o","id":"d2xgg93ux5ra80o"},"id":"a4b7moq3ems4pg9","previousOperationId":"1ixxx285v9a76gb"}
{"type":"log","timestamp":1744208321153,"level":"debug","message":"Page request: GET (image) https://res.cloudinary.com/dpes1dyqb/image/upload/v1738768933/logo_myycxt.jpg","meta":{"rootId":"d2xgg93ux5ra80o","id":"d2xgg93ux5ra80o"},"id":"3fz1r2l55f2638y","previousOperationId":"1ixxx285v9a76gb"}
{"type":"log","timestamp":1744208321198,"level":"debug","message":"Page request: GET (font) http://localhost:5488/fonts/kalpurush.ttf","meta":{"rootId":"d2xgg93ux5ra80o","id":"d2xgg93ux5ra80o"},"id":"7qursqd4w1tiz3u","previousOperationId":"1ixxx285v9a76gb"}
{"type":"log","timestamp":1744208321199,"level":"debug","message":"Page request finished: GET (image) 200 https://res.cloudinary.com/dpes1dyqb/image/upload/v1738768933/logo_myycxt.jpg","meta":{"rootId":"d2xgg93ux5ra80o","id":"d2xgg93ux5ra80o"},"id":"djeu2gzva6kzlgz","previousOperationId":"1ixxx285v9a76gb"}
{"type":"log","timestamp":1744208321208,"level":"debug","message":"(console:error) Failed to load resource: the server responded with a status of 404 (Not Found)","meta":{"userLevel":true,"rootId":"d2xgg93ux5ra80o","id":"d2xgg93ux5ra80o"},"id":"tdg0z2k2tz7wtdb","previousOperationId":"1ixxx285v9a76gb"}
{"type":"log","timestamp":1744208321208,"level":"warn","message":"Page request failed: GET (font) http://localhost:5488/fonts/kalpurush.ttf, failure: net::ERR_ABORTED","meta":{"rootId":"d2xgg93ux5ra80o","id":"d2xgg93ux5ra80o"},"id":"dm80j32z6rzzofw","previousOperationId":"1ixxx285v9a76gb"}
{"type":"log","timestamp":1744208321215,"level":"debug","message":"Running chrome with params {\"printBackground\":true,\"format\":\"A5\",\"marginRight\":\"\",\"height\":\"\",\"marginTop\":\"\",\"marginBottom\":\"\",\"marginLeft\":\"\",\"displayHeaderFooter\":true,\"width\":\"\",\"timeout\":59866,\"margin\":{\"top\":\"\",\"right\":\"\",\"bottom\":\"\",\"left\":\"\"}}","meta":{"rootId":"d2xgg93ux5ra80o","id":"d2xgg93ux5ra80o"},"id":"p3m6im3qtwsobi1","previousOperationId":"1ixxx285v9a76gb"}
{"type":"operationEnd","operationId":"1ixxx285v9a76gb","timestamp":1744208321521,"id":"nmrnntbyt3sp78l","previousEventId":"c6smfr8cuccgon9","previousOperationId":"1ixxx285v9a76gb"}
{"type":"log","timestamp":1744208321521,"level":"debug","message":"Skipping storing report.","meta":{"rootId":"d2xgg93ux5ra80o","id":"d2xgg93ux5ra80o"},"id":"00iso3z4agpzs67","previousOperationId":"1ixxx285v9a76gb"}
{"type":"log","timestamp":1744208321521,"level":"info","message":"Rendering request 93 finished in 606 ms","meta":{"rootId":"d2xgg93ux5ra80o","id":"d2xgg93ux5ra80o"},"id":"vvtnlkf2fvtspbn","previousOperationId":"1ixxx285v9a76gb"}
{"type":"operationEnd","subtype":"render","operationId":"k4hpfqtiwv5cu7u","timestamp":1744208321521,"id":"s94f9t68fu8kuww","previousEventId":"nmrnntbyt3sp78l","previousOperationId":"1ixxx285v9a76gb"}
{"type":"operationEnd","doDiffs":false,"previousEventId":"bspnaglfwc4t0um","previousOperationId":"75eqd9u0si38ccm","operationId":"75eqd9u0si38ccm","timestamp":1744208321530,"id":"ljllifwbholvoyy"}
