{"type":"operationStart","subtype":"profile","data":{"_id":"eXKUApnsbm6KJTC8","timestamp":"2025-04-09T19:35:25.505Z","state":"queued","mode":"standard","creationDate":"2025-04-09T19:35:25.509Z","modificationDate":"2025-04-09T19:35:25.509Z","shortid":"srsKhKq","$entitySet":"profiles"},"doDiffs":false,"timestamp":1744227325507,"id":"jo46n1nifbkusiq","previousOperationId":null,"operationId":"4erqbxqrbumwboo"}
{"type":"log","level":"info","message":"Render request 1 queued for execution and waiting for available worker","previousOperationId":"4erqbxqrbumwboo","timestamp":1744227325508,"id":"nhaowru8g92yrdv"}
{"type":"operationStart","subtype":"render","name":"myTemplate","previousOperationId":"4erqbxqrbumwboo","timestamp":1744227325550,"id":"svixl3zgxe4gfbi","previousEventId":"jo46n1nifbkusiq","operationId":"ws70vyhbvwu1y4g"}
{"type":"log","timestamp":1744227325552,"level":"info","message":"Starting rendering request 1","meta":{"rootId":"da88odvxm18feaj","id":"da88odvxm18feaj"},"id":"naifrf8vxz8ncjc","previousOperationId":"ws70vyhbvwu1y4g"}
{"type":"log","timestamp":1744227325553,"level":"info","message":"Rendering template { name: myTemplate, recipe: chrome-pdf, engine: handlebars, preview: true }","meta":{"rootId":"da88odvxm18feaj","id":"da88odvxm18feaj"},"id":"1a40z26ugkm2909","previousOperationId":"ws70vyhbvwu1y4g"}
{"type":"log","timestamp":1744227325565,"level":"debug","message":"Adding sample data HUavgV0Kc","meta":{"rootId":"da88odvxm18feaj","id":"da88odvxm18feaj"},"id":"35cn109bak3y0xb","previousOperationId":"ws70vyhbvwu1y4g"}
{"type":"log","timestamp":1744227325572,"level":"debug","message":"Base url not specified, skipping its injection.","meta":{"rootId":"da88odvxm18feaj","id":"da88odvxm18feaj"},"id":"szr8tiy9p33i5bb","previousOperationId":"ws70vyhbvwu1y4g"}
{"type":"operationStart","subtype":"engine","name":"handlebars","timestamp":1744227325576,"id":"7gi85kfzhj5zr39","previousEventId":"svixl3zgxe4gfbi","operationId":"urh322s6s59n7js","previousOperationId":"ws70vyhbvwu1y4g"}
{"type":"log","timestamp":1744227325576,"level":"debug","message":"Rendering engine handlebars","meta":{"rootId":"da88odvxm18feaj","id":"da88odvxm18feaj"},"id":"dfne1764fdvkqfw","previousOperationId":"urh322s6s59n7js"}
{"type":"operationEnd","operationId":"urh322s6s59n7js","timestamp":1744227326606,"id":"hys399msa4oknwy","previousEventId":"7gi85kfzhj5zr39","previousOperationId":"urh322s6s59n7js"}
{"type":"operationStart","subtype":"recipe","name":"chrome-pdf","timestamp":1744227326608,"id":"zqmpjrpby5u50yi","previousEventId":"hys399msa4oknwy","operationId":"i91765t1yo3s7r6","previousOperationId":"urh322s6s59n7js"}
{"type":"log","timestamp":1744227326608,"level":"debug","message":"Executing recipe chrome-pdf","meta":{"rootId":"da88odvxm18feaj","id":"da88odvxm18feaj"},"id":"gq66ivl8f2mftac","previousOperationId":"i91765t1yo3s7r6"}
{"type":"log","timestamp":1744227330291,"level":"debug","message":"Converting with chrome Chrome/133.0.6943.126 using chrome-pool strategy","meta":{"rootId":"da88odvxm18feaj","id":"da88odvxm18feaj"},"id":"xm72ibvmk38qjwe","previousOperationId":"i91765t1yo3s7r6"}
{"type":"log","timestamp":1744227330428,"level":"debug","message":"Page request: GET (document) file:///C:/Users/Patheo24/AppData/Local/Temp/jsreport/autocleanup/571ec454-7149-4921-b692-d6140fdeae51-chrome-pdf.html","meta":{"rootId":"da88odvxm18feaj","id":"da88odvxm18feaj"},"id":"yaelyyvxbo84g10","previousOperationId":"i91765t1yo3s7r6"}
{"type":"log","timestamp":1744227330471,"level":"debug","message":"Page request finished: GET (document) 200 file:///C:/Users/Patheo24/AppData/Local/Temp/jsreport/autocleanup/571ec454-7149-4921-b692-d6140fdeae51-chrome-pdf.html","meta":{"rootId":"da88odvxm18feaj","id":"da88odvxm18feaj"},"id":"y6mgfcyv8qknieq","previousOperationId":"i91765t1yo3s7r6"}
{"type":"log","timestamp":1744227330474,"level":"debug","message":"Page request: GET (font) http://localhost:5488/fonts/kalpurush.ttf","meta":{"rootId":"da88odvxm18feaj","id":"da88odvxm18feaj"},"id":"4haq6ow05dpqqxh","previousOperationId":"i91765t1yo3s7r6"}
{"type":"log","timestamp":1744227330475,"level":"debug","message":"Page request: GET (image) https://res.cloudinary.com/dpes1dyqb/image/upload/v1738768933/logo_myycxt.jpg","meta":{"rootId":"da88odvxm18feaj","id":"da88odvxm18feaj"},"id":"xv3irej6ap5lz8p","previousOperationId":"i91765t1yo3s7r6"}
{"type":"log","timestamp":1744227330486,"level":"debug","message":"Page request: GET (font) http://localhost:5488/fonts/kalpurush.ttf","meta":{"rootId":"da88odvxm18feaj","id":"da88odvxm18feaj"},"id":"zygwyvssu614y6h","previousOperationId":"i91765t1yo3s7r6"}
{"type":"log","timestamp":1744227330500,"level":"debug","message":"(console:error) Failed to load resource: the server responded with a status of 404 (Not Found)","meta":{"userLevel":true,"rootId":"da88odvxm18feaj","id":"da88odvxm18feaj"},"id":"jdh0c4z1z57xrcm","previousOperationId":"i91765t1yo3s7r6"}
{"type":"log","timestamp":1744227330501,"level":"warn","message":"Page request failed: GET (font) http://localhost:5488/fonts/kalpurush.ttf, failure: net::ERR_ABORTED","meta":{"rootId":"da88odvxm18feaj","id":"da88odvxm18feaj"},"id":"ore7rj2aqgyfw69","previousOperationId":"i91765t1yo3s7r6"}
{"type":"log","timestamp":1744227333276,"level":"debug","message":"Page request finished: GET (image) 200 https://res.cloudinary.com/dpes1dyqb/image/upload/v1738768933/logo_myycxt.jpg","meta":{"rootId":"da88odvxm18feaj","id":"da88odvxm18feaj"},"id":"5eyimo5fnjg09jr","previousOperationId":"i91765t1yo3s7r6"}
{"type":"log","timestamp":1744227333278,"level":"debug","message":"Running chrome with params {\"printBackground\":true,\"format\":\"A5\",\"marginRight\":\"\",\"height\":\"\",\"marginTop\":\"\",\"marginBottom\":\"\",\"marginLeft\":\"\",\"displayHeaderFooter\":true,\"width\":\"\",\"timeout\":57687,\"margin\":{\"top\":\"\",\"right\":\"\",\"bottom\":\"\",\"left\":\"\"}}","meta":{"rootId":"da88odvxm18feaj","id":"da88odvxm18feaj"},"id":"cn6n53oftk0ytoq","previousOperationId":"i91765t1yo3s7r6"}
{"type":"operationEnd","operationId":"i91765t1yo3s7r6","timestamp":1744227334023,"id":"6uusn8pm28j9afj","previousEventId":"zqmpjrpby5u50yi","previousOperationId":"i91765t1yo3s7r6"}
{"type":"log","timestamp":1744227334024,"level":"debug","message":"Skipping storing report.","meta":{"rootId":"da88odvxm18feaj","id":"da88odvxm18feaj"},"id":"6hf267irldhrd4b","previousOperationId":"i91765t1yo3s7r6"}
{"type":"log","timestamp":1744227334024,"level":"info","message":"Rendering request 1 finished in 8520 ms","meta":{"rootId":"da88odvxm18feaj","id":"da88odvxm18feaj"},"id":"l5rqxx8blu1mja9","previousOperationId":"i91765t1yo3s7r6"}
{"type":"operationEnd","subtype":"render","operationId":"ws70vyhbvwu1y4g","timestamp":1744227334024,"id":"oaxbt3goa0axnzz","previousEventId":"6uusn8pm28j9afj","previousOperationId":"i91765t1yo3s7r6"}
{"type":"operationEnd","doDiffs":false,"previousEventId":"jo46n1nifbkusiq","previousOperationId":"4erqbxqrbumwboo","operationId":"4erqbxqrbumwboo","timestamp":1744227334038,"id":"3qdqcwnsqzq0pq7"}
