{"type":"operationStart","subtype":"profile","data":{"_id":"mBv0P4GIQRoCzWD1","timestamp":"2025-04-11T12:59:38.652Z","state":"queued","mode":"standard","creationDate":"2025-04-11T12:59:38.654Z","modificationDate":"2025-04-11T12:59:38.654Z","shortid":"qcgHvsA","$entitySet":"profiles"},"doDiffs":false,"timestamp":1744376378653,"id":"vt2gjrvy4yt2u1w","previousOperationId":null,"operationId":"qp7b0vkm67qb3s9"}
{"type":"log","level":"info","message":"Render request 38 queued for execution and waiting for available worker","previousOperationId":"qp7b0vkm67qb3s9","timestamp":1744376378654,"id":"0ybcjj28xnbsj93"}
{"type":"operationStart","subtype":"render","name":"myTemplate","previousOperationId":"qp7b0vkm67qb3s9","timestamp":1744376378670,"id":"17o8ibl3aw4aedn","previousEventId":"vt2gjrvy4yt2u1w","operationId":"tfoc0r36q3vzv7x"}
{"type":"log","timestamp":1744376378670,"level":"info","message":"Starting rendering request 38","meta":{"rootId":"dnu3j0v6grqw0gt","id":"dnu3j0v6grqw0gt"},"id":"2gyo3pglq9xr1bq","previousOperationId":"tfoc0r36q3vzv7x"}
{"type":"log","timestamp":1744376378671,"level":"info","message":"Rendering template { name: myTemplate, recipe: chrome-pdf, engine: handlebars, preview: true }","meta":{"rootId":"dnu3j0v6grqw0gt","id":"dnu3j0v6grqw0gt"},"id":"a4euquqfd81cim6","previousOperationId":"tfoc0r36q3vzv7x"}
{"type":"log","timestamp":1744376378671,"level":"debug","message":"Inline data specified.","meta":{"rootId":"dnu3j0v6grqw0gt","id":"dnu3j0v6grqw0gt"},"id":"e0dtpq6soffokv4","previousOperationId":"tfoc0r36q3vzv7x"}
{"type":"log","timestamp":1744376378672,"level":"debug","message":"Base url not specified, skipping its injection.","meta":{"rootId":"dnu3j0v6grqw0gt","id":"dnu3j0v6grqw0gt"},"id":"ksm1r4xqvquxzfb","previousOperationId":"tfoc0r36q3vzv7x"}
{"type":"operationStart","subtype":"engine","name":"handlebars","timestamp":1744376378672,"id":"k2x9ma2hlh4u2j4","previousEventId":"17o8ibl3aw4aedn","operationId":"o0abuiz5wi42pf0","previousOperationId":"tfoc0r36q3vzv7x"}
{"type":"log","timestamp":1744376378672,"level":"debug","message":"Rendering engine handlebars","meta":{"rootId":"dnu3j0v6grqw0gt","id":"dnu3j0v6grqw0gt"},"id":"ar02plo3xg810tu","previousOperationId":"o0abuiz5wi42pf0"}
{"type":"operationEnd","operationId":"o0abuiz5wi42pf0","timestamp":1744376378693,"id":"4o560igm2i0957q","previousEventId":"k2x9ma2hlh4u2j4","previousOperationId":"o0abuiz5wi42pf0"}
{"type":"operationStart","subtype":"recipe","name":"chrome-pdf","timestamp":1744376378693,"id":"nf134r2h7aid945","previousEventId":"4o560igm2i0957q","operationId":"eml8o6y3nty7rnm","previousOperationId":"o0abuiz5wi42pf0"}
{"type":"log","timestamp":1744376378693,"level":"debug","message":"Executing recipe chrome-pdf","meta":{"rootId":"dnu3j0v6grqw0gt","id":"dnu3j0v6grqw0gt"},"id":"izp6p0gbos1gqf9","previousOperationId":"eml8o6y3nty7rnm"}
{"type":"log","timestamp":1744376378696,"level":"debug","message":"Converting with chrome Chrome/133.0.6943.126 using chrome-pool strategy","meta":{"rootId":"dnu3j0v6grqw0gt","id":"dnu3j0v6grqw0gt"},"id":"cqp1yxq4bjp5h39","previousOperationId":"eml8o6y3nty7rnm"}
{"type":"log","timestamp":1744376378763,"level":"debug","message":"Page request: GET (document) file:///C:/Users/Patheo24/AppData/Local/Temp/jsreport/autocleanup/f134f177-036c-4b9e-8703-7605094e1522-chrome-pdf.html","meta":{"rootId":"dnu3j0v6grqw0gt","id":"dnu3j0v6grqw0gt"},"id":"cpskp9g4vik67ye","previousOperationId":"eml8o6y3nty7rnm"}
{"type":"log","timestamp":1744376378791,"level":"debug","message":"Page request finished: GET (document) 200 file:///C:/Users/Patheo24/AppData/Local/Temp/jsreport/autocleanup/f134f177-036c-4b9e-8703-7605094e1522-chrome-pdf.html","meta":{"rootId":"dnu3j0v6grqw0gt","id":"dnu3j0v6grqw0gt"},"id":"ihgy7wilvnxghp0","previousOperationId":"eml8o6y3nty7rnm"}
{"type":"log","timestamp":1744376378798,"level":"debug","message":"Page request: GET (image) https://res.cloudinary.com/dpes1dyqb/image/upload/v1738768933/logo_myycxt.jpg","meta":{"rootId":"dnu3j0v6grqw0gt","id":"dnu3j0v6grqw0gt"},"id":"jaidc7wuhav0nas","previousOperationId":"eml8o6y3nty7rnm"}
{"type":"log","timestamp":1744376378799,"level":"debug","message":"Page request: GET (font) http://localhost:5488/fonts/kalpurush.ttf","meta":{"rootId":"dnu3j0v6grqw0gt","id":"dnu3j0v6grqw0gt"},"id":"o4rdana4jhcvt5e","previousOperationId":"eml8o6y3nty7rnm"}
{"type":"log","timestamp":1744376378862,"level":"debug","message":"Page request: GET (font) http://localhost:5488/fonts/kalpurush.ttf","meta":{"rootId":"dnu3j0v6grqw0gt","id":"dnu3j0v6grqw0gt"},"id":"qnzeyeyumwinkl4","previousOperationId":"eml8o6y3nty7rnm"}
{"type":"log","timestamp":1744376378864,"level":"debug","message":"Page request finished: GET (image) 200 https://res.cloudinary.com/dpes1dyqb/image/upload/v1738768933/logo_myycxt.jpg","meta":{"rootId":"dnu3j0v6grqw0gt","id":"dnu3j0v6grqw0gt"},"id":"16jekmnm3ct7xmo","previousOperationId":"eml8o6y3nty7rnm"}
{"type":"log","timestamp":1744376378879,"level":"debug","message":"(console:error) Failed to load resource: the server responded with a status of 404 (Not Found)","meta":{"userLevel":true,"rootId":"dnu3j0v6grqw0gt","id":"dnu3j0v6grqw0gt"},"id":"di4yyv7m781vcuo","previousOperationId":"eml8o6y3nty7rnm"}
{"type":"log","timestamp":1744376378879,"level":"warn","message":"Page request failed: GET (font) http://localhost:5488/fonts/kalpurush.ttf, failure: net::ERR_ABORTED","meta":{"rootId":"dnu3j0v6grqw0gt","id":"dnu3j0v6grqw0gt"},"id":"3d79bcr9nc4qvsz","previousOperationId":"eml8o6y3nty7rnm"}
{"type":"log","timestamp":1744376378891,"level":"debug","message":"Running chrome with params {\"printBackground\":true,\"format\":\"A5\",\"marginRight\":\"\",\"height\":\"\",\"marginTop\":\"\",\"marginBottom\":\"\",\"marginLeft\":\"\",\"displayHeaderFooter\":true,\"width\":\"\",\"timeout\":59957,\"margin\":{\"top\":\"\",\"right\":\"\",\"bottom\":\"\",\"left\":\"\"}}","meta":{"rootId":"dnu3j0v6grqw0gt","id":"dnu3j0v6grqw0gt"},"id":"e627l6wvaivxcqm","previousOperationId":"eml8o6y3nty7rnm"}
{"type":"operationEnd","operationId":"eml8o6y3nty7rnm","timestamp":1744376379246,"id":"qzdsftmdm5rm1ub","previousEventId":"nf134r2h7aid945","previousOperationId":"eml8o6y3nty7rnm"}
{"type":"log","timestamp":1744376379246,"level":"debug","message":"Skipping storing report.","meta":{"rootId":"dnu3j0v6grqw0gt","id":"dnu3j0v6grqw0gt"},"id":"t7mj20ldmklgjq8","previousOperationId":"eml8o6y3nty7rnm"}
{"type":"log","timestamp":1744376379246,"level":"info","message":"Rendering request 38 finished in 594 ms","meta":{"rootId":"dnu3j0v6grqw0gt","id":"dnu3j0v6grqw0gt"},"id":"aofblry3a0unbkj","previousOperationId":"eml8o6y3nty7rnm"}
{"type":"operationEnd","subtype":"render","operationId":"tfoc0r36q3vzv7x","timestamp":1744376379246,"id":"w8ye0wtfru6t6p4","previousEventId":"qzdsftmdm5rm1ub","previousOperationId":"eml8o6y3nty7rnm"}
{"type":"operationEnd","doDiffs":false,"previousEventId":"vt2gjrvy4yt2u1w","previousOperationId":"qp7b0vkm67qb3s9","operationId":"qp7b0vkm67qb3s9","timestamp":1744376379251,"id":"zlc2395tfyizn5o"}
