{"type":"operationStart","subtype":"profile","data":{"_id":"Ycax1ebC1SL8NrPg","timestamp":"2025-04-10T17:03:53.581Z","state":"queued","mode":"standard","creationDate":"2025-04-10T17:03:53.584Z","modificationDate":"2025-04-10T17:03:53.584Z","shortid":"JoidChP","$entitySet":"profiles"},"doDiffs":false,"timestamp":1744304633583,"id":"7bef3nb3t0xeepm","previousOperationId":null,"operationId":"yl9qde7svx8jn1a"}
{"type":"log","level":"info","message":"Render request 3 queued for execution and waiting for available worker","previousOperationId":"yl9qde7svx8jn1a","timestamp":1744304633583,"id":"lvtkn2w1vcscdpv"}
{"type":"operationStart","subtype":"render","name":"myTemplate","previousOperationId":"yl9qde7svx8jn1a","timestamp":1744304633600,"id":"4mlecsidx0zcs9z","previousEventId":"7bef3nb3t0xeepm","operationId":"bh7asafzgeqy0v1"}
{"type":"log","timestamp":1744304633600,"level":"info","message":"Starting rendering request 3","meta":{"rootId":"dnw0wsssbdbjdhl","id":"dnw0wsssbdbjdhl"},"id":"zt62w924x9xvjwk","previousOperationId":"bh7asafzgeqy0v1"}
{"type":"log","timestamp":1744304633600,"level":"info","message":"Rendering template { name: myTemplate, recipe: chrome-pdf, engine: handlebars, preview: true }","meta":{"rootId":"dnw0wsssbdbjdhl","id":"dnw0wsssbdbjdhl"},"id":"83mo4wn9q2labdm","previousOperationId":"bh7asafzgeqy0v1"}
{"type":"log","timestamp":1744304633601,"level":"debug","message":"Inline data specified.","meta":{"rootId":"dnw0wsssbdbjdhl","id":"dnw0wsssbdbjdhl"},"id":"b1lity5a31arraj","previousOperationId":"bh7asafzgeqy0v1"}
{"type":"log","timestamp":1744304633602,"level":"debug","message":"Base url not specified, skipping its injection.","meta":{"rootId":"dnw0wsssbdbjdhl","id":"dnw0wsssbdbjdhl"},"id":"mgoz4vob7dyee34","previousOperationId":"bh7asafzgeqy0v1"}
{"type":"operationStart","subtype":"engine","name":"handlebars","timestamp":1744304633602,"id":"v47tp8v64h225eh","previousEventId":"4mlecsidx0zcs9z","operationId":"43fjbse0jsy9je0","previousOperationId":"bh7asafzgeqy0v1"}
{"type":"log","timestamp":1744304633602,"level":"debug","message":"Rendering engine handlebars","meta":{"rootId":"dnw0wsssbdbjdhl","id":"dnw0wsssbdbjdhl"},"id":"y82bp6ywhy8fh63","previousOperationId":"43fjbse0jsy9je0"}
{"type":"operationEnd","operationId":"43fjbse0jsy9je0","timestamp":1744304633647,"id":"sntbsb10v0up75j","previousEventId":"v47tp8v64h225eh","previousOperationId":"43fjbse0jsy9je0"}
{"type":"operationStart","subtype":"recipe","name":"chrome-pdf","timestamp":1744304633649,"id":"cq8yqz2xncxfocx","previousEventId":"sntbsb10v0up75j","operationId":"nf52kz2gkwxqdbd","previousOperationId":"43fjbse0jsy9je0"}
{"type":"log","timestamp":1744304633649,"level":"debug","message":"Executing recipe chrome-pdf","meta":{"rootId":"dnw0wsssbdbjdhl","id":"dnw0wsssbdbjdhl"},"id":"jqctfsxak9d0nyx","previousOperationId":"nf52kz2gkwxqdbd"}
{"type":"log","timestamp":1744304633652,"level":"debug","message":"Converting with chrome Chrome/133.0.6943.126 using chrome-pool strategy","meta":{"rootId":"dnw0wsssbdbjdhl","id":"dnw0wsssbdbjdhl"},"id":"3smarcejlb4y6pe","previousOperationId":"nf52kz2gkwxqdbd"}
{"type":"log","timestamp":1744304633867,"level":"debug","message":"Page request: GET (document) file:///C:/Users/Patheo24/AppData/Local/Temp/jsreport/autocleanup/d65fc09d-7127-4b2a-a00f-49d2dfea30a7-chrome-pdf.html","meta":{"rootId":"dnw0wsssbdbjdhl","id":"dnw0wsssbdbjdhl"},"id":"widgo1ptezcxcuy","previousOperationId":"nf52kz2gkwxqdbd"}
{"type":"log","timestamp":1744304633885,"level":"debug","message":"Page request finished: GET (document) 200 file:///C:/Users/Patheo24/AppData/Local/Temp/jsreport/autocleanup/d65fc09d-7127-4b2a-a00f-49d2dfea30a7-chrome-pdf.html","meta":{"rootId":"dnw0wsssbdbjdhl","id":"dnw0wsssbdbjdhl"},"id":"1tbdsnbsuhbfefy","previousOperationId":"nf52kz2gkwxqdbd"}
{"type":"log","timestamp":1744304633885,"level":"debug","message":"Page request: GET (font) http://localhost:5488/fonts/kalpurush.ttf","meta":{"rootId":"dnw0wsssbdbjdhl","id":"dnw0wsssbdbjdhl"},"id":"j1hfoa8o5dlszt0","previousOperationId":"nf52kz2gkwxqdbd"}
{"type":"log","timestamp":1744304633886,"level":"debug","message":"Page request: GET (image) https://res.cloudinary.com/dpes1dyqb/image/upload/v1738768933/logo_myycxt.jpg","meta":{"rootId":"dnw0wsssbdbjdhl","id":"dnw0wsssbdbjdhl"},"id":"22l93tzuxe7jpob","previousOperationId":"nf52kz2gkwxqdbd"}
{"type":"log","timestamp":1744304633962,"level":"debug","message":"Page request: GET (font) http://localhost:5488/fonts/kalpurush.ttf","meta":{"rootId":"dnw0wsssbdbjdhl","id":"dnw0wsssbdbjdhl"},"id":"m4pnhjzi31o7lmd","previousOperationId":"nf52kz2gkwxqdbd"}
{"type":"log","timestamp":1744304633964,"level":"debug","message":"Page request finished: GET (image) 200 https://res.cloudinary.com/dpes1dyqb/image/upload/v1738768933/logo_myycxt.jpg","meta":{"rootId":"dnw0wsssbdbjdhl","id":"dnw0wsssbdbjdhl"},"id":"e0v69kqs23rd4oq","previousOperationId":"nf52kz2gkwxqdbd"}
{"type":"log","timestamp":1744304633972,"level":"debug","message":"(console:error) Failed to load resource: the server responded with a status of 404 (Not Found)","meta":{"userLevel":true,"rootId":"dnw0wsssbdbjdhl","id":"dnw0wsssbdbjdhl"},"id":"0fpky3tdqyzp331","previousOperationId":"nf52kz2gkwxqdbd"}
{"type":"log","timestamp":1744304633972,"level":"warn","message":"Page request failed: GET (font) http://localhost:5488/fonts/kalpurush.ttf, failure: net::ERR_ABORTED","meta":{"rootId":"dnw0wsssbdbjdhl","id":"dnw0wsssbdbjdhl"},"id":"dyyo6twxiew5c78","previousOperationId":"nf52kz2gkwxqdbd"}
{"type":"log","timestamp":1744304633981,"level":"debug","message":"Running chrome with params {\"printBackground\":true,\"format\":\"A5\",\"marginRight\":\"\",\"height\":\"\",\"marginTop\":\"\",\"marginBottom\":\"\",\"marginLeft\":\"\",\"displayHeaderFooter\":true,\"width\":\"\",\"timeout\":59930,\"margin\":{\"top\":\"\",\"right\":\"\",\"bottom\":\"\",\"left\":\"\"}}","meta":{"rootId":"dnw0wsssbdbjdhl","id":"dnw0wsssbdbjdhl"},"id":"xldsforqlx75bj6","previousOperationId":"nf52kz2gkwxqdbd"}
{"type":"operationEnd","operationId":"nf52kz2gkwxqdbd","timestamp":1744304634450,"id":"2j0sgvye351s8bp","previousEventId":"cq8yqz2xncxfocx","previousOperationId":"nf52kz2gkwxqdbd"}
{"type":"log","timestamp":1744304634450,"level":"debug","message":"Skipping storing report.","meta":{"rootId":"dnw0wsssbdbjdhl","id":"dnw0wsssbdbjdhl"},"id":"21lfnajyhgkwrq5","previousOperationId":"nf52kz2gkwxqdbd"}
{"type":"log","timestamp":1744304634450,"level":"info","message":"Rendering request 3 finished in 869 ms","meta":{"rootId":"dnw0wsssbdbjdhl","id":"dnw0wsssbdbjdhl"},"id":"ner9591tchyjzlk","previousOperationId":"nf52kz2gkwxqdbd"}
{"type":"operationEnd","subtype":"render","operationId":"bh7asafzgeqy0v1","timestamp":1744304634450,"id":"zh43xniraubcj82","previousEventId":"2j0sgvye351s8bp","previousOperationId":"nf52kz2gkwxqdbd"}
{"type":"operationEnd","doDiffs":false,"previousEventId":"7bef3nb3t0xeepm","previousOperationId":"yl9qde7svx8jn1a","operationId":"yl9qde7svx8jn1a","timestamp":1744304634459,"id":"e3hfjh89usdq2t1"}
