{"type":"operationStart","subtype":"profile","data":{"_id":"J2dJBy71jJiftpSc","timestamp":"2025-04-11T13:47:02.591Z","state":"running","mode":"standard","creationDate":"2025-04-11T13:47:02.594Z","modificationDate":"2025-04-11T13:47:02.594Z","shortid":"F3uJgiX","$entitySet":"profiles","timeout":60000,"templateShortid":"2tjN-EB9Yu"},"doDiffs":false,"timestamp":1744379222592,"id":"4iwx6xn7g4try2f","previousOperationId":null,"operationId":"vx68zhqszguz6u7"}
{"type":"log","level":"info","message":"Render request 48 queued for execution and waiting for available worker","previousOperationId":"vx68zhqszguz6u7","timestamp":1744379222592,"id":"j3x5kbcsm2chu1t"}
{"type":"operationStart","subtype":"render","name":"myTemplate","previousOperationId":"vx68zhqszguz6u7","timestamp":1744379222599,"id":"xoaqiesdjoc4838","previousEventId":"4iwx6xn7g4try2f","operationId":"7nu92c88eleqh0o"}
{"type":"log","timestamp":1744379222599,"level":"info","message":"Starting rendering request 48","meta":{"rootId":"dodxys6h1im2xdi","id":"dodxys6h1im2xdi"},"id":"bnjkybyaac4pw0o","previousOperationId":"7nu92c88eleqh0o"}
{"type":"log","timestamp":1744379222599,"level":"info","message":"Rendering template { name: myTemplate, recipe: chrome-pdf, engine: handlebars, preview: false }","meta":{"rootId":"dodxys6h1im2xdi","id":"dodxys6h1im2xdi"},"id":"rkqvtpuahyhrpre","previousOperationId":"7nu92c88eleqh0o"}
{"type":"log","timestamp":1744379222599,"level":"debug","message":"Inline data specified.","meta":{"rootId":"dodxys6h1im2xdi","id":"dodxys6h1im2xdi"},"id":"pailmnz3tj5ak1n","previousOperationId":"7nu92c88eleqh0o"}
{"type":"log","timestamp":1744379222602,"level":"debug","message":"Base url not specified, skipping its injection.","meta":{"rootId":"dodxys6h1im2xdi","id":"dodxys6h1im2xdi"},"id":"q4e318ygkvd98bf","previousOperationId":"7nu92c88eleqh0o"}
{"type":"operationStart","subtype":"engine","name":"handlebars","timestamp":1744379222602,"id":"c8v9l2ve4754zky","previousEventId":"xoaqiesdjoc4838","operationId":"nuia6r8tg413da8","previousOperationId":"7nu92c88eleqh0o"}
{"type":"log","timestamp":1744379222602,"level":"debug","message":"Rendering engine handlebars","meta":{"rootId":"dodxys6h1im2xdi","id":"dodxys6h1im2xdi"},"id":"xxgzkqnx9pbtrdx","previousOperationId":"nuia6r8tg413da8"}
{"type":"operationEnd","operationId":"nuia6r8tg413da8","timestamp":1744379222630,"id":"vod4rguvvqv12rp","previousEventId":"c8v9l2ve4754zky","previousOperationId":"nuia6r8tg413da8"}
{"type":"operationStart","subtype":"recipe","name":"chrome-pdf","timestamp":1744379222630,"id":"obw2uvwsbzbl5ei","previousEventId":"vod4rguvvqv12rp","operationId":"nbuaau0lhow4ej3","previousOperationId":"nuia6r8tg413da8"}
{"type":"log","timestamp":1744379222630,"level":"debug","message":"Executing recipe chrome-pdf","meta":{"rootId":"dodxys6h1im2xdi","id":"dodxys6h1im2xdi"},"id":"vpza7rgeczf0wcb","previousOperationId":"nbuaau0lhow4ej3"}
{"type":"log","timestamp":1744379222634,"level":"debug","message":"Converting with chrome Chrome/133.0.6943.126 using chrome-pool strategy","meta":{"rootId":"dodxys6h1im2xdi","id":"dodxys6h1im2xdi"},"id":"5jxjai08zz42n3j","previousOperationId":"nbuaau0lhow4ej3"}
{"type":"log","timestamp":1744379222692,"level":"debug","message":"Page request: GET (document) file:///C:/Users/Patheo24/AppData/Local/Temp/jsreport/autocleanup/cf9cca57-6ce1-423f-91fc-160067da064b-chrome-pdf.html","meta":{"rootId":"dodxys6h1im2xdi","id":"dodxys6h1im2xdi"},"id":"q1v3ktm1q3np535","previousOperationId":"nbuaau0lhow4ej3"}
{"type":"log","timestamp":1744379222707,"level":"debug","message":"Page request finished: GET (document) 200 file:///C:/Users/Patheo24/AppData/Local/Temp/jsreport/autocleanup/cf9cca57-6ce1-423f-91fc-160067da064b-chrome-pdf.html","meta":{"rootId":"dodxys6h1im2xdi","id":"dodxys6h1im2xdi"},"id":"jii7mr7w7nht03w","previousOperationId":"nbuaau0lhow4ej3"}
{"type":"log","timestamp":1744379222707,"level":"debug","message":"Page request: GET (image) https://res.cloudinary.com/dpes1dyqb/image/upload/v1738768933/logo_myycxt.jpg","meta":{"rootId":"dodxys6h1im2xdi","id":"dodxys6h1im2xdi"},"id":"xmxvda1ntqjsni6","previousOperationId":"nbuaau0lhow4ej3"}
{"type":"log","timestamp":1744379222708,"level":"debug","message":"Page request: GET (font) http://localhost:5488/fonts/kalpurush.ttf","meta":{"rootId":"dodxys6h1im2xdi","id":"dodxys6h1im2xdi"},"id":"1bt9elowaaqz6kp","previousOperationId":"nbuaau0lhow4ej3"}
{"type":"log","timestamp":1744379222752,"level":"debug","message":"Page request: GET (font) http://localhost:5488/fonts/kalpurush.ttf","meta":{"rootId":"dodxys6h1im2xdi","id":"dodxys6h1im2xdi"},"id":"c7wov1u47202qvw","previousOperationId":"nbuaau0lhow4ej3"}
{"type":"log","timestamp":1744379222753,"level":"debug","message":"Page request finished: GET (image) 200 https://res.cloudinary.com/dpes1dyqb/image/upload/v1738768933/logo_myycxt.jpg","meta":{"rootId":"dodxys6h1im2xdi","id":"dodxys6h1im2xdi"},"id":"n2tk8aywnx8wtvo","previousOperationId":"nbuaau0lhow4ej3"}
{"type":"log","timestamp":1744379222760,"level":"debug","message":"(console:error) Failed to load resource: the server responded with a status of 404 (Not Found)","meta":{"userLevel":true,"rootId":"dodxys6h1im2xdi","id":"dodxys6h1im2xdi"},"id":"rog9wupwyz2hsel","previousOperationId":"nbuaau0lhow4ej3"}
{"type":"log","timestamp":1744379222760,"level":"warn","message":"Page request failed: GET (font) http://localhost:5488/fonts/kalpurush.ttf, failure: net::ERR_ABORTED","meta":{"rootId":"dodxys6h1im2xdi","id":"dodxys6h1im2xdi"},"id":"s57sj97vbcdj6pk","previousOperationId":"nbuaau0lhow4ej3"}
{"type":"log","timestamp":1744379222768,"level":"debug","message":"Running chrome with params {\"printBackground\":true,\"format\":\"A5\",\"marginRight\":\"\",\"height\":\"\",\"marginTop\":\"\",\"marginBottom\":\"\",\"marginLeft\":\"\",\"displayHeaderFooter\":true,\"width\":\"\",\"timeout\":59957,\"margin\":{\"top\":\"\",\"right\":\"\",\"bottom\":\"\",\"left\":\"\"}}","meta":{"rootId":"dodxys6h1im2xdi","id":"dodxys6h1im2xdi"},"id":"t6igv3w2zfkmy2c","previousOperationId":"nbuaau0lhow4ej3"}
{"type":"operationEnd","operationId":"nbuaau0lhow4ej3","timestamp":1744379223061,"id":"bxxykh2t2145cq5","previousEventId":"obw2uvwsbzbl5ei","previousOperationId":"nbuaau0lhow4ej3"}
{"type":"log","timestamp":1744379223061,"level":"debug","message":"Skipping storing report.","meta":{"rootId":"dodxys6h1im2xdi","id":"dodxys6h1im2xdi"},"id":"2e7rnftsa4lpo3p","previousOperationId":"nbuaau0lhow4ej3"}
{"type":"log","timestamp":1744379223061,"level":"info","message":"Rendering request 48 finished in 471 ms","meta":{"rootId":"dodxys6h1im2xdi","id":"dodxys6h1im2xdi"},"id":"ecamt3z95evfmah","previousOperationId":"nbuaau0lhow4ej3"}
{"type":"operationEnd","subtype":"render","operationId":"7nu92c88eleqh0o","timestamp":1744379223061,"id":"b3yhy8vmmp2hy92","previousEventId":"bxxykh2t2145cq5","previousOperationId":"nbuaau0lhow4ej3"}
{"type":"operationEnd","doDiffs":false,"previousEventId":"4iwx6xn7g4try2f","previousOperationId":"vx68zhqszguz6u7","operationId":"vx68zhqszguz6u7","timestamp":1744379223064,"id":"a8iwhj01t4xpf6i"}
