{"type":"operationStart","subtype":"profile","data":{"_id":"Xr06aNsAxXeFhkkL","timestamp":"2025-04-10T13:14:35.201Z","state":"queued","mode":"standard","creationDate":"2025-04-10T13:14:35.203Z","modificationDate":"2025-04-10T13:14:35.203Z","shortid":"e5aLTFM","$entitySet":"profiles"},"doDiffs":false,"timestamp":1744290875202,"id":"3ajb7cbjchv6kho","previousOperationId":null,"operationId":"2w66ks94lyd6doz"}
{"type":"log","level":"info","message":"Render request 13 queued for execution and waiting for available worker","previousOperationId":"2w66ks94lyd6doz","timestamp":1744290875202,"id":"t9owvt422uveiqz"}
{"type":"operationStart","subtype":"render","name":"myTemplate","previousOperationId":"2w66ks94lyd6doz","timestamp":1744290875232,"id":"suxm3vnt6qe4dv9","previousEventId":"3ajb7cbjchv6kho","operationId":"l2kivcsc7af4aew"}
{"type":"log","timestamp":1744290875232,"level":"info","message":"Starting rendering request 13","meta":{"rootId":"drbkalrpmaeav7p","id":"drbkalrpmaeav7p"},"id":"3mio8ab4dmle499","previousOperationId":"l2kivcsc7af4aew"}
{"type":"log","timestamp":1744290875233,"level":"info","message":"Rendering template { name: myTemplate, recipe: chrome-pdf, engine: handlebars, preview: true }","meta":{"rootId":"drbkalrpmaeav7p","id":"drbkalrpmaeav7p"},"id":"azstugkjllz23j5","previousOperationId":"l2kivcsc7af4aew"}
{"type":"log","timestamp":1744290875234,"level":"debug","message":"Adding sample data HUavgV0Kc","meta":{"rootId":"drbkalrpmaeav7p","id":"drbkalrpmaeav7p"},"id":"g5gneq9wvbjfkyz","previousOperationId":"l2kivcsc7af4aew"}
{"type":"log","timestamp":1744290875236,"level":"debug","message":"Base url not specified, skipping its injection.","meta":{"rootId":"drbkalrpmaeav7p","id":"drbkalrpmaeav7p"},"id":"2gxwt5vwi0liul5","previousOperationId":"l2kivcsc7af4aew"}
{"type":"operationStart","subtype":"engine","name":"handlebars","timestamp":1744290875236,"id":"fuvtcrmqc371c2s","previousEventId":"suxm3vnt6qe4dv9","operationId":"kdxik6gqimrii1h","previousOperationId":"l2kivcsc7af4aew"}
{"type":"log","timestamp":1744290875236,"level":"debug","message":"Rendering engine handlebars","meta":{"rootId":"drbkalrpmaeav7p","id":"drbkalrpmaeav7p"},"id":"ex8rz5hquq2m3zf","previousOperationId":"kdxik6gqimrii1h"}
{"type":"operationEnd","operationId":"kdxik6gqimrii1h","timestamp":1744290875273,"id":"gs9nzpmj3rwt7lk","previousEventId":"fuvtcrmqc371c2s","previousOperationId":"kdxik6gqimrii1h"}
{"type":"operationStart","subtype":"recipe","name":"chrome-pdf","timestamp":1744290875274,"id":"xaro4pwfb24jcxv","previousEventId":"gs9nzpmj3rwt7lk","operationId":"96hd9mxngrbxd9u","previousOperationId":"kdxik6gqimrii1h"}
{"type":"log","timestamp":1744290875274,"level":"debug","message":"Executing recipe chrome-pdf","meta":{"rootId":"drbkalrpmaeav7p","id":"drbkalrpmaeav7p"},"id":"116h6oxjdydryon","previousOperationId":"96hd9mxngrbxd9u"}
{"type":"log","timestamp":1744290875278,"level":"debug","message":"Converting with chrome Chrome/133.0.6943.126 using chrome-pool strategy","meta":{"rootId":"drbkalrpmaeav7p","id":"drbkalrpmaeav7p"},"id":"26w4owtw6nwdyfl","previousOperationId":"96hd9mxngrbxd9u"}
{"type":"log","timestamp":1744290875352,"level":"debug","message":"Page request: GET (document) file:///C:/Users/Patheo24/AppData/Local/Temp/jsreport/autocleanup/1e1b4abb-b16d-4e38-b85f-361bb31a2ca6-chrome-pdf.html","meta":{"rootId":"drbkalrpmaeav7p","id":"drbkalrpmaeav7p"},"id":"0iqgm361thgbvmc","previousOperationId":"96hd9mxngrbxd9u"}
{"type":"log","timestamp":1744290875374,"level":"debug","message":"Page request finished: GET (document) 200 file:///C:/Users/Patheo24/AppData/Local/Temp/jsreport/autocleanup/1e1b4abb-b16d-4e38-b85f-361bb31a2ca6-chrome-pdf.html","meta":{"rootId":"drbkalrpmaeav7p","id":"drbkalrpmaeav7p"},"id":"bmfzt32gsta0xew","previousOperationId":"96hd9mxngrbxd9u"}
{"type":"log","timestamp":1744290875375,"level":"debug","message":"(console:info) Slow network is detected. See https://www.chromestatus.com/feature/5636954674692096 for more details. Fallback font will be used while loading: http://localhost:5488/fonts/kalpurush.ttf","meta":{"userLevel":true,"rootId":"drbkalrpmaeav7p","id":"drbkalrpmaeav7p"},"id":"7ccyozs3wlld0an","previousOperationId":"96hd9mxngrbxd9u"}
{"type":"log","timestamp":1744290875376,"level":"debug","message":"Page request: GET (font) http://localhost:5488/fonts/kalpurush.ttf","meta":{"rootId":"drbkalrpmaeav7p","id":"drbkalrpmaeav7p"},"id":"tksbepan75dzxan","previousOperationId":"96hd9mxngrbxd9u"}
{"type":"log","timestamp":1744290875377,"level":"debug","message":"Page request: GET (image) https://res.cloudinary.com/dpes1dyqb/image/upload/v1738768933/logo_myycxt.jpg","meta":{"rootId":"drbkalrpmaeav7p","id":"drbkalrpmaeav7p"},"id":"b7f45h23lei3o7l","previousOperationId":"96hd9mxngrbxd9u"}
{"type":"log","timestamp":1744290875431,"level":"debug","message":"Page request finished: GET (image) 200 https://res.cloudinary.com/dpes1dyqb/image/upload/v1738768933/logo_myycxt.jpg","meta":{"rootId":"drbkalrpmaeav7p","id":"drbkalrpmaeav7p"},"id":"ynd4zrgiim4k3he","previousOperationId":"96hd9mxngrbxd9u"}
{"type":"log","timestamp":1744290875432,"level":"debug","message":"Page request: GET (font) http://localhost:5488/fonts/kalpurush.ttf","meta":{"rootId":"drbkalrpmaeav7p","id":"drbkalrpmaeav7p"},"id":"332fvpo9rq26qga","previousOperationId":"96hd9mxngrbxd9u"}
{"type":"log","timestamp":1744290875438,"level":"debug","message":"(console:error) Failed to load resource: the server responded with a status of 404 (Not Found)","meta":{"userLevel":true,"rootId":"drbkalrpmaeav7p","id":"drbkalrpmaeav7p"},"id":"5l7c900hhk7gkk5","previousOperationId":"96hd9mxngrbxd9u"}
{"type":"log","timestamp":1744290875441,"level":"warn","message":"Page request failed: GET (font) http://localhost:5488/fonts/kalpurush.ttf, failure: net::ERR_ABORTED","meta":{"rootId":"drbkalrpmaeav7p","id":"drbkalrpmaeav7p"},"id":"d4e30uxyj91jz7o","previousOperationId":"96hd9mxngrbxd9u"}
{"type":"log","timestamp":1744290875452,"level":"debug","message":"Running chrome with params {\"printBackground\":true,\"format\":\"A5\",\"marginRight\":\"\",\"height\":\"\",\"marginTop\":\"\",\"marginBottom\":\"\",\"marginLeft\":\"\",\"displayHeaderFooter\":true,\"width\":\"\",\"timeout\":59924,\"margin\":{\"top\":\"\",\"right\":\"\",\"bottom\":\"\",\"left\":\"\"}}","meta":{"rootId":"drbkalrpmaeav7p","id":"drbkalrpmaeav7p"},"id":"j8aepjiigo6zfdd","previousOperationId":"96hd9mxngrbxd9u"}
{"type":"operationEnd","operationId":"96hd9mxngrbxd9u","timestamp":1744290875777,"id":"c7vic0jintyene9","previousEventId":"xaro4pwfb24jcxv","previousOperationId":"96hd9mxngrbxd9u"}
{"type":"log","timestamp":1744290875777,"level":"debug","message":"Skipping storing report.","meta":{"rootId":"drbkalrpmaeav7p","id":"drbkalrpmaeav7p"},"id":"8u5845aoa335ngs","previousOperationId":"96hd9mxngrbxd9u"}
{"type":"log","timestamp":1744290875777,"level":"info","message":"Rendering request 13 finished in 576 ms","meta":{"rootId":"drbkalrpmaeav7p","id":"drbkalrpmaeav7p"},"id":"ovjb6s52a09vbam","previousOperationId":"96hd9mxngrbxd9u"}
{"type":"operationEnd","subtype":"render","operationId":"l2kivcsc7af4aew","timestamp":1744290875777,"id":"3616ccxjblfzfhf","previousEventId":"c7vic0jintyene9","previousOperationId":"96hd9mxngrbxd9u"}
{"type":"operationEnd","doDiffs":false,"previousEventId":"3ajb7cbjchv6kho","previousOperationId":"2w66ks94lyd6doz","operationId":"2w66ks94lyd6doz","timestamp":1744290875782,"id":"37urxpao1jnsg3a"}
