{"type":"operationStart","subtype":"profile","data":{"_id":"fZrIwh6crU26FIZR","timestamp":"2025-04-09T10:25:51.080Z","state":"queued","mode":"standard","creationDate":"2025-04-09T10:25:51.082Z","modificationDate":"2025-04-09T10:25:51.082Z","shortid":"fChgQ-l","$entitySet":"profiles"},"doDiffs":false,"timestamp":1744194351081,"id":"9lw6jmgsx4ngyqj","previousOperationId":null,"operationId":"r789lm0zzfrmm08"}
{"type":"log","level":"info","message":"Render request 11 queued for execution and waiting for available worker","previousOperationId":"r789lm0zzfrmm08","timestamp":1744194351082,"id":"z1ycsowpxhwcmhp"}
{"type":"operationStart","subtype":"render","name":"myTemplate","previousOperationId":"r789lm0zzfrmm08","timestamp":1744194351095,"id":"qq28a351hh5df47","previousEventId":"9lw6jmgsx4ngyqj","operationId":"99gwjgk6fzvibdd"}
{"type":"log","timestamp":1744194351095,"level":"info","message":"Starting rendering request 11","meta":{"rootId":"dt0odz90fvvzddn","id":"dt0odz90fvvzddn"},"id":"kdfjep4vv4iby6a","previousOperationId":"99gwjgk6fzvibdd"}
{"type":"log","timestamp":1744194351095,"level":"info","message":"Rendering template { name: myTemplate, recipe: chrome-pdf, engine: handlebars, preview: true }","meta":{"rootId":"dt0odz90fvvzddn","id":"dt0odz90fvvzddn"},"id":"z5ugtmodawpgc35","previousOperationId":"99gwjgk6fzvibdd"}
{"type":"log","timestamp":1744194351096,"level":"debug","message":"Inline data specified.","meta":{"rootId":"dt0odz90fvvzddn","id":"dt0odz90fvvzddn"},"id":"ofhbgvnx3lka8nj","previousOperationId":"99gwjgk6fzvibdd"}
{"type":"log","timestamp":1744194351098,"level":"debug","message":"Base url not specified, skipping its injection.","meta":{"rootId":"dt0odz90fvvzddn","id":"dt0odz90fvvzddn"},"id":"hjp5ibmlxqgkwab","previousOperationId":"99gwjgk6fzvibdd"}
{"type":"operationStart","subtype":"engine","name":"handlebars","timestamp":1744194351098,"id":"u0ldn8cosfrfjs7","previousEventId":"qq28a351hh5df47","operationId":"j328efk6l0c0e8a","previousOperationId":"99gwjgk6fzvibdd"}
{"type":"log","timestamp":1744194351098,"level":"debug","message":"Rendering engine handlebars","meta":{"rootId":"dt0odz90fvvzddn","id":"dt0odz90fvvzddn"},"id":"jaqkdixzneea5lh","previousOperationId":"j328efk6l0c0e8a"}
{"type":"operationEnd","operationId":"j328efk6l0c0e8a","timestamp":1744194351129,"id":"ffbzr17k41sa5i9","previousEventId":"u0ldn8cosfrfjs7","previousOperationId":"j328efk6l0c0e8a"}
{"type":"operationStart","subtype":"recipe","name":"chrome-pdf","timestamp":1744194351129,"id":"tr0xsbptxjzp3i7","previousEventId":"ffbzr17k41sa5i9","operationId":"xl62scm5krdg10h","previousOperationId":"j328efk6l0c0e8a"}
{"type":"log","timestamp":1744194351130,"level":"debug","message":"Executing recipe chrome-pdf","meta":{"rootId":"dt0odz90fvvzddn","id":"dt0odz90fvvzddn"},"id":"nv0heo64i8vrzqz","previousOperationId":"xl62scm5krdg10h"}
{"type":"log","timestamp":1744194351134,"level":"debug","message":"Converting with chrome Chrome/133.0.6943.126 using chrome-pool strategy","meta":{"rootId":"dt0odz90fvvzddn","id":"dt0odz90fvvzddn"},"id":"eovpslx8kke0b0h","previousOperationId":"xl62scm5krdg10h"}
{"type":"log","timestamp":1744194351221,"level":"debug","message":"Page request: GET (document) file:///C:/Users/Patheo24/AppData/Local/Temp/jsreport/autocleanup/70178221-5a1d-46bc-b54c-0c7ae927dd85-chrome-pdf.html","meta":{"rootId":"dt0odz90fvvzddn","id":"dt0odz90fvvzddn"},"id":"qal2d3b1yhjmekh","previousOperationId":"xl62scm5krdg10h"}
{"type":"log","timestamp":1744194351250,"level":"debug","message":"Page request finished: GET (document) 200 file:///C:/Users/Patheo24/AppData/Local/Temp/jsreport/autocleanup/70178221-5a1d-46bc-b54c-0c7ae927dd85-chrome-pdf.html","meta":{"rootId":"dt0odz90fvvzddn","id":"dt0odz90fvvzddn"},"id":"3jtyyok7rn1fx93","previousOperationId":"xl62scm5krdg10h"}
{"type":"log","timestamp":1744194351251,"level":"debug","message":"(console:info) Slow network is detected. See https://www.chromestatus.com/feature/5636954674692096 for more details. Fallback font will be used while loading: http://localhost:5488/fonts/kalpurush.ttf","meta":{"userLevel":true,"rootId":"dt0odz90fvvzddn","id":"dt0odz90fvvzddn"},"id":"gklmtce02r17q7c","previousOperationId":"xl62scm5krdg10h"}
{"type":"log","timestamp":1744194351255,"level":"debug","message":"Page request: GET (font) http://localhost:5488/fonts/kalpurush.ttf","meta":{"rootId":"dt0odz90fvvzddn","id":"dt0odz90fvvzddn"},"id":"p2lc45ytli211f4","previousOperationId":"xl62scm5krdg10h"}
{"type":"log","timestamp":1744194351255,"level":"debug","message":"Page request: GET (image) https://res.cloudinary.com/dpes1dyqb/image/upload/v1738768933/logo_myycxt.jpg","meta":{"rootId":"dt0odz90fvvzddn","id":"dt0odz90fvvzddn"},"id":"rka1yy815092m65","previousOperationId":"xl62scm5krdg10h"}
{"type":"log","timestamp":1744194351261,"level":"debug","message":"Page request: GET (font) http://localhost:5488/fonts/kalpurush.ttf","meta":{"rootId":"dt0odz90fvvzddn","id":"dt0odz90fvvzddn"},"id":"9drbkif1cpt7yob","previousOperationId":"xl62scm5krdg10h"}
{"type":"log","timestamp":1744194351307,"level":"debug","message":"Page request finished: GET (image) 200 https://res.cloudinary.com/dpes1dyqb/image/upload/v1738768933/logo_myycxt.jpg","meta":{"rootId":"dt0odz90fvvzddn","id":"dt0odz90fvvzddn"},"id":"er5igvd2wv0z55r","previousOperationId":"xl62scm5krdg10h"}
{"type":"log","timestamp":1744194351308,"level":"debug","message":"(console:error) Failed to load resource: the server responded with a status of 404 (Not Found)","meta":{"userLevel":true,"rootId":"dt0odz90fvvzddn","id":"dt0odz90fvvzddn"},"id":"cji0q0xalhvqjcn","previousOperationId":"xl62scm5krdg10h"}
{"type":"log","timestamp":1744194351308,"level":"warn","message":"Page request failed: GET (font) http://localhost:5488/fonts/kalpurush.ttf, failure: net::ERR_ABORTED","meta":{"rootId":"dt0odz90fvvzddn","id":"dt0odz90fvvzddn"},"id":"gh0sdg1fl8b8k0d","previousOperationId":"xl62scm5krdg10h"}
{"type":"log","timestamp":1744194351322,"level":"debug","message":"Running chrome with params {\"printBackground\":true,\"timeout\":59948,\"margin\":{}}","meta":{"rootId":"dt0odz90fvvzddn","id":"dt0odz90fvvzddn"},"id":"2zpm187l23blrxz","previousOperationId":"xl62scm5krdg10h"}
{"type":"operationEnd","operationId":"xl62scm5krdg10h","timestamp":1744194351617,"id":"pikyx4mzauu7ugi","previousEventId":"tr0xsbptxjzp3i7","previousOperationId":"xl62scm5krdg10h"}
{"type":"log","timestamp":1744194351617,"level":"debug","message":"Skipping storing report.","meta":{"rootId":"dt0odz90fvvzddn","id":"dt0odz90fvvzddn"},"id":"pntekqry0sleqxy","previousOperationId":"xl62scm5krdg10h"}
{"type":"log","timestamp":1744194351617,"level":"info","message":"Rendering request 11 finished in 537 ms","meta":{"rootId":"dt0odz90fvvzddn","id":"dt0odz90fvvzddn"},"id":"w2flod5kxj6tux6","previousOperationId":"xl62scm5krdg10h"}
{"type":"operationEnd","subtype":"render","operationId":"99gwjgk6fzvibdd","timestamp":1744194351617,"id":"3enyua609f36yu1","previousEventId":"pikyx4mzauu7ugi","previousOperationId":"xl62scm5krdg10h"}
{"type":"operationEnd","doDiffs":false,"previousEventId":"9lw6jmgsx4ngyqj","previousOperationId":"r789lm0zzfrmm08","operationId":"r789lm0zzfrmm08","timestamp":1744194351621,"id":"zd4l6ymojzyt2y5"}
