{"type":"operationStart","subtype":"profile","data":{"_id":"7PX0ZuXW8MWJ21FV","timestamp":"2025-04-11T12:58:23.010Z","state":"queued","mode":"standard","creationDate":"2025-04-11T12:58:23.013Z","modificationDate":"2025-04-11T12:58:23.013Z","shortid":"GU6xbYV","$entitySet":"profiles"},"doDiffs":false,"timestamp":1744376303011,"id":"t7vkbriqg9ly3nt","previousOperationId":null,"operationId":"x1cxx59tqqo32j5"}
{"type":"log","level":"info","message":"Render request 35 queued for execution and waiting for available worker","previousOperationId":"x1cxx59tqqo32j5","timestamp":1744376303012,"id":"6bg6cp8rudewn19"}
{"type":"operationStart","subtype":"render","name":"myTemplate","previousOperationId":"x1cxx59tqqo32j5","timestamp":1744376303026,"id":"071fon220i11jix","previousEventId":"t7vkbriqg9ly3nt","operationId":"lysahz57mx1q2pa"}
{"type":"log","timestamp":1744376303026,"level":"info","message":"Starting rendering request 35","meta":{"rootId":"dtjjahki9rxxevd","id":"dtjjahki9rxxevd"},"id":"br8i00itiy4b5xq","previousOperationId":"lysahz57mx1q2pa"}
{"type":"log","timestamp":1744376303026,"level":"info","message":"Rendering template { name: myTemplate, recipe: chrome-pdf, engine: handlebars, preview: true }","meta":{"rootId":"dtjjahki9rxxevd","id":"dtjjahki9rxxevd"},"id":"o8z9avkiqtvtqee","previousOperationId":"lysahz57mx1q2pa"}
{"type":"log","timestamp":1744376303026,"level":"debug","message":"Inline data specified.","meta":{"rootId":"dtjjahki9rxxevd","id":"dtjjahki9rxxevd"},"id":"1jrq1yfol6a0ouu","previousOperationId":"lysahz57mx1q2pa"}
{"type":"log","timestamp":1744376303028,"level":"debug","message":"Base url not specified, skipping its injection.","meta":{"rootId":"dtjjahki9rxxevd","id":"dtjjahki9rxxevd"},"id":"und5ilezggs2svu","previousOperationId":"lysahz57mx1q2pa"}
{"type":"operationStart","subtype":"engine","name":"handlebars","timestamp":1744376303028,"id":"swzctuo69yxe3sz","previousEventId":"071fon220i11jix","operationId":"bf6y2fb3ghnx06z","previousOperationId":"lysahz57mx1q2pa"}
{"type":"log","timestamp":1744376303028,"level":"debug","message":"Rendering engine handlebars","meta":{"rootId":"dtjjahki9rxxevd","id":"dtjjahki9rxxevd"},"id":"gm7klxdkif24u29","previousOperationId":"bf6y2fb3ghnx06z"}
{"type":"operationEnd","operationId":"bf6y2fb3ghnx06z","timestamp":1744376303042,"id":"w9hfr94is91lw9i","previousEventId":"swzctuo69yxe3sz","previousOperationId":"bf6y2fb3ghnx06z"}
{"type":"operationStart","subtype":"recipe","name":"chrome-pdf","timestamp":1744376303042,"id":"jm58bmm5kzlz5ol","previousEventId":"w9hfr94is91lw9i","operationId":"655ni0thiy4osos","previousOperationId":"bf6y2fb3ghnx06z"}
{"type":"log","timestamp":1744376303042,"level":"debug","message":"Executing recipe chrome-pdf","meta":{"rootId":"dtjjahki9rxxevd","id":"dtjjahki9rxxevd"},"id":"wjekbmlp37mlumo","previousOperationId":"655ni0thiy4osos"}
{"type":"log","timestamp":1744376303045,"level":"debug","message":"Converting with chrome Chrome/133.0.6943.126 using chrome-pool strategy","meta":{"rootId":"dtjjahki9rxxevd","id":"dtjjahki9rxxevd"},"id":"uuzvpocy98sgvfw","previousOperationId":"655ni0thiy4osos"}
{"type":"log","timestamp":1744376303122,"level":"debug","message":"Page request: GET (document) file:///C:/Users/Patheo24/AppData/Local/Temp/jsreport/autocleanup/aac4469f-191a-475f-bb1f-f44a98e2a734-chrome-pdf.html","meta":{"rootId":"dtjjahki9rxxevd","id":"dtjjahki9rxxevd"},"id":"yhyqf602yy43m3f","previousOperationId":"655ni0thiy4osos"}
{"type":"log","timestamp":1744376303141,"level":"debug","message":"Page request finished: GET (document) 200 file:///C:/Users/Patheo24/AppData/Local/Temp/jsreport/autocleanup/aac4469f-191a-475f-bb1f-f44a98e2a734-chrome-pdf.html","meta":{"rootId":"dtjjahki9rxxevd","id":"dtjjahki9rxxevd"},"id":"2l6ixmrheroag90","previousOperationId":"655ni0thiy4osos"}
{"type":"log","timestamp":1744376303145,"level":"debug","message":"Page request: GET (image) https://res.cloudinary.com/dpes1dyqb/image/upload/v1738768933/logo_myycxt.jpg","meta":{"rootId":"dtjjahki9rxxevd","id":"dtjjahki9rxxevd"},"id":"zxth0g0ecceur97","previousOperationId":"655ni0thiy4osos"}
{"type":"log","timestamp":1744376303146,"level":"debug","message":"Page request: GET (font) http://localhost:5488/fonts/kalpurush.ttf","meta":{"rootId":"dtjjahki9rxxevd","id":"dtjjahki9rxxevd"},"id":"px7ou8x09ws3xqt","previousOperationId":"655ni0thiy4osos"}
{"type":"log","timestamp":1744376303191,"level":"debug","message":"Page request: GET (font) http://localhost:5488/fonts/kalpurush.ttf","meta":{"rootId":"dtjjahki9rxxevd","id":"dtjjahki9rxxevd"},"id":"u7c7oy3ybmvn2ul","previousOperationId":"655ni0thiy4osos"}
{"type":"log","timestamp":1744376303192,"level":"debug","message":"Page request finished: GET (image) 200 https://res.cloudinary.com/dpes1dyqb/image/upload/v1738768933/logo_myycxt.jpg","meta":{"rootId":"dtjjahki9rxxevd","id":"dtjjahki9rxxevd"},"id":"hr4x4ivqm2r2hm0","previousOperationId":"655ni0thiy4osos"}
{"type":"log","timestamp":1744376303197,"level":"debug","message":"(console:error) Failed to load resource: the server responded with a status of 404 (Not Found)","meta":{"userLevel":true,"rootId":"dtjjahki9rxxevd","id":"dtjjahki9rxxevd"},"id":"64gddc2t4gu5634","previousOperationId":"655ni0thiy4osos"}
{"type":"log","timestamp":1744376303197,"level":"warn","message":"Page request failed: GET (font) http://localhost:5488/fonts/kalpurush.ttf, failure: net::ERR_ABORTED","meta":{"rootId":"dtjjahki9rxxevd","id":"dtjjahki9rxxevd"},"id":"b372y6i7aa4r10x","previousOperationId":"655ni0thiy4osos"}
{"type":"log","timestamp":1744376303209,"level":"debug","message":"Running chrome with params {\"printBackground\":true,\"format\":\"A5\",\"marginRight\":\"\",\"height\":\"\",\"marginTop\":\"\",\"marginBottom\":\"\",\"marginLeft\":\"\",\"displayHeaderFooter\":true,\"width\":\"\",\"timeout\":59966,\"margin\":{\"top\":\"\",\"right\":\"\",\"bottom\":\"\",\"left\":\"\"}}","meta":{"rootId":"dtjjahki9rxxevd","id":"dtjjahki9rxxevd"},"id":"e3d10qp2uvt5k67","previousOperationId":"655ni0thiy4osos"}
{"type":"operationEnd","operationId":"655ni0thiy4osos","timestamp":1744376303595,"id":"0dut8zp0irmvksb","previousEventId":"jm58bmm5kzlz5ol","previousOperationId":"655ni0thiy4osos"}
{"type":"log","timestamp":1744376303596,"level":"debug","message":"Skipping storing report.","meta":{"rootId":"dtjjahki9rxxevd","id":"dtjjahki9rxxevd"},"id":"fzgcxk49mbmac7z","previousOperationId":"655ni0thiy4osos"}
{"type":"log","timestamp":1744376303596,"level":"info","message":"Rendering request 35 finished in 586 ms","meta":{"rootId":"dtjjahki9rxxevd","id":"dtjjahki9rxxevd"},"id":"n5tzfj2wv3xxejr","previousOperationId":"655ni0thiy4osos"}
{"type":"operationEnd","subtype":"render","operationId":"lysahz57mx1q2pa","timestamp":1744376303596,"id":"gfvx51t59r91sr2","previousEventId":"0dut8zp0irmvksb","previousOperationId":"655ni0thiy4osos"}
{"type":"operationEnd","doDiffs":false,"previousEventId":"t7vkbriqg9ly3nt","previousOperationId":"x1cxx59tqqo32j5","operationId":"x1cxx59tqqo32j5","timestamp":1744376303604,"id":"3syrwpl5hi2k3c2"}
