{"type":"operationStart","subtype":"profile","data":{"_id":"gR3RWNjSVYloo8LG","timestamp":"2025-04-11T14:03:22.227Z","state":"running","mode":"standard","creationDate":"2025-04-11T14:03:22.230Z","modificationDate":"2025-04-11T14:03:22.230Z","shortid":"5rs-RKN","$entitySet":"profiles","timeout":60000,"templateShortid":"2tjN-EB9Yu"},"doDiffs":false,"timestamp":1744380202229,"id":"uolfuzvmi3bmcv8","previousOperationId":null,"operationId":"knbwgd254kdakbf"}
{"type":"log","level":"info","message":"Render request 49 queued for execution and waiting for available worker","previousOperationId":"knbwgd254kdakbf","timestamp":1744380202229,"id":"1dr7u9kt8bikbuf"}
{"type":"operationStart","subtype":"render","name":"myTemplate","previousOperationId":"knbwgd254kdakbf","timestamp":1744380202236,"id":"glgvizzggsydxs2","previousEventId":"uolfuzvmi3bmcv8","operationId":"0iomsxugoxy2pa8"}
{"type":"log","timestamp":1744380202236,"level":"info","message":"Starting rendering request 49","meta":{"rootId":"dvh71vies7fbc2e","id":"dvh71vies7fbc2e"},"id":"agb02y2m4uao4ta","previousOperationId":"0iomsxugoxy2pa8"}
{"type":"log","timestamp":1744380202236,"level":"info","message":"Rendering template { name: myTemplate, recipe: chrome-pdf, engine: handlebars, preview: false }","meta":{"rootId":"dvh71vies7fbc2e","id":"dvh71vies7fbc2e"},"id":"e2w697qyfakmtqv","previousOperationId":"0iomsxugoxy2pa8"}
{"type":"log","timestamp":1744380202237,"level":"debug","message":"Inline data specified.","meta":{"rootId":"dvh71vies7fbc2e","id":"dvh71vies7fbc2e"},"id":"vwfh59mtyo3sqg5","previousOperationId":"0iomsxugoxy2pa8"}
{"type":"log","timestamp":1744380202239,"level":"debug","message":"Base url not specified, skipping its injection.","meta":{"rootId":"dvh71vies7fbc2e","id":"dvh71vies7fbc2e"},"id":"vmy4trea9htydei","previousOperationId":"0iomsxugoxy2pa8"}
{"type":"operationStart","subtype":"engine","name":"handlebars","timestamp":1744380202239,"id":"utwqd07pyrfwkxy","previousEventId":"glgvizzggsydxs2","operationId":"ip9aermvza6u15a","previousOperationId":"0iomsxugoxy2pa8"}
{"type":"log","timestamp":1744380202239,"level":"debug","message":"Rendering engine handlebars","meta":{"rootId":"dvh71vies7fbc2e","id":"dvh71vies7fbc2e"},"id":"bv106e8pcymoqxi","previousOperationId":"ip9aermvza6u15a"}
{"type":"operationEnd","operationId":"ip9aermvza6u15a","timestamp":1744380202275,"id":"qi2tpggdik5zziz","previousEventId":"utwqd07pyrfwkxy","previousOperationId":"ip9aermvza6u15a"}
{"type":"operationStart","subtype":"recipe","name":"chrome-pdf","timestamp":1744380202275,"id":"4qfy6eboghb0xwg","previousEventId":"qi2tpggdik5zziz","operationId":"8ilhup2ko6aloqq","previousOperationId":"ip9aermvza6u15a"}
{"type":"log","timestamp":1744380202275,"level":"debug","message":"Executing recipe chrome-pdf","meta":{"rootId":"dvh71vies7fbc2e","id":"dvh71vies7fbc2e"},"id":"21hf7gb0dw7iuhj","previousOperationId":"8ilhup2ko6aloqq"}
{"type":"log","timestamp":1744380202278,"level":"debug","message":"Converting with chrome Chrome/133.0.6943.126 using chrome-pool strategy","meta":{"rootId":"dvh71vies7fbc2e","id":"dvh71vies7fbc2e"},"id":"c1aruj5qoi0u22x","previousOperationId":"8ilhup2ko6aloqq"}
{"type":"log","timestamp":1744380202345,"level":"debug","message":"Page request: GET (document) file:///C:/Users/Patheo24/AppData/Local/Temp/jsreport/autocleanup/c567b797-ccf1-4e88-be56-3c916da8ac96-chrome-pdf.html","meta":{"rootId":"dvh71vies7fbc2e","id":"dvh71vies7fbc2e"},"id":"dnw9fra2tp3vxi5","previousOperationId":"8ilhup2ko6aloqq"}
{"type":"log","timestamp":1744380202362,"level":"debug","message":"Page request finished: GET (document) 200 file:///C:/Users/Patheo24/AppData/Local/Temp/jsreport/autocleanup/c567b797-ccf1-4e88-be56-3c916da8ac96-chrome-pdf.html","meta":{"rootId":"dvh71vies7fbc2e","id":"dvh71vies7fbc2e"},"id":"m7z5pdu95pfhmfj","previousOperationId":"8ilhup2ko6aloqq"}
{"type":"log","timestamp":1744380202363,"level":"debug","message":"Page request: GET (font) http://localhost:5488/fonts/kalpurush.ttf","meta":{"rootId":"dvh71vies7fbc2e","id":"dvh71vies7fbc2e"},"id":"4p83xbj9toe8jt9","previousOperationId":"8ilhup2ko6aloqq"}
{"type":"log","timestamp":1744380202364,"level":"debug","message":"Page request: GET (image) https://res.cloudinary.com/dpes1dyqb/image/upload/v1738768933/logo_myycxt.jpg","meta":{"rootId":"dvh71vies7fbc2e","id":"dvh71vies7fbc2e"},"id":"y5ztl16b3r08uk7","previousOperationId":"8ilhup2ko6aloqq"}
{"type":"log","timestamp":1744380202372,"level":"debug","message":"Page request: GET (font) http://localhost:5488/fonts/kalpurush.ttf","meta":{"rootId":"dvh71vies7fbc2e","id":"dvh71vies7fbc2e"},"id":"a75lbzscf6velse","previousOperationId":"8ilhup2ko6aloqq"}
{"type":"log","timestamp":1744380202412,"level":"debug","message":"Page request finished: GET (image) 200 https://res.cloudinary.com/dpes1dyqb/image/upload/v1738768933/logo_myycxt.jpg","meta":{"rootId":"dvh71vies7fbc2e","id":"dvh71vies7fbc2e"},"id":"z1vz0nj4f29969v","previousOperationId":"8ilhup2ko6aloqq"}
{"type":"log","timestamp":1744380202412,"level":"debug","message":"(console:error) Failed to load resource: the server responded with a status of 404 (Not Found)","meta":{"userLevel":true,"rootId":"dvh71vies7fbc2e","id":"dvh71vies7fbc2e"},"id":"1f7mjib4ltiuxs1","previousOperationId":"8ilhup2ko6aloqq"}
{"type":"log","timestamp":1744380202415,"level":"warn","message":"Page request failed: GET (font) http://localhost:5488/fonts/kalpurush.ttf, failure: net::ERR_ABORTED","meta":{"rootId":"dvh71vies7fbc2e","id":"dvh71vies7fbc2e"},"id":"17h6zpoy5zz3gem","previousOperationId":"8ilhup2ko6aloqq"}
{"type":"log","timestamp":1744380202422,"level":"debug","message":"Running chrome with params {\"printBackground\":true,\"format\":\"A5\",\"marginRight\":\"\",\"height\":\"\",\"marginTop\":\"\",\"marginBottom\":\"\",\"marginLeft\":\"\",\"displayHeaderFooter\":true,\"width\":\"\",\"timeout\":59950,\"margin\":{\"top\":\"\",\"right\":\"\",\"bottom\":\"\",\"left\":\"\"}}","meta":{"rootId":"dvh71vies7fbc2e","id":"dvh71vies7fbc2e"},"id":"m69a0nxg68jqjmi","previousOperationId":"8ilhup2ko6aloqq"}
{"type":"operationEnd","operationId":"8ilhup2ko6aloqq","timestamp":1744380202726,"id":"363mgx6n2o8od7i","previousEventId":"4qfy6eboghb0xwg","previousOperationId":"8ilhup2ko6aloqq"}
{"type":"log","timestamp":1744380202726,"level":"debug","message":"Skipping storing report.","meta":{"rootId":"dvh71vies7fbc2e","id":"dvh71vies7fbc2e"},"id":"mwf3vxyrqppwjjo","previousOperationId":"8ilhup2ko6aloqq"}
{"type":"log","timestamp":1744380202726,"level":"info","message":"Rendering request 49 finished in 499 ms","meta":{"rootId":"dvh71vies7fbc2e","id":"dvh71vies7fbc2e"},"id":"1mj429rdeyvryrb","previousOperationId":"8ilhup2ko6aloqq"}
{"type":"operationEnd","subtype":"render","operationId":"0iomsxugoxy2pa8","timestamp":1744380202726,"id":"rvuhv7whho7i5oy","previousEventId":"363mgx6n2o8od7i","previousOperationId":"8ilhup2ko6aloqq"}
{"type":"operationEnd","doDiffs":false,"previousEventId":"uolfuzvmi3bmcv8","previousOperationId":"knbwgd254kdakbf","operationId":"knbwgd254kdakbf","timestamp":1744380202728,"id":"y3iyukqp4vi0seh"}
