{"type":"operationStart","subtype":"profile","data":{"_id":"0BdXkNpMn7V0sXK6","timestamp":"2025-04-09T14:27:07.254Z","state":"queued","mode":"standard","creationDate":"2025-04-09T14:27:07.256Z","modificationDate":"2025-04-09T14:27:07.256Z","shortid":"Cqn6M6H","$entitySet":"profiles"},"doDiffs":false,"timestamp":1744208827255,"id":"5dp2wmsuwn6fs6q","previousOperationId":null,"operationId":"1sjrf8obl4ei7ke"}
{"type":"log","level":"info","message":"Render request 98 queued for execution and waiting for available worker","previousOperationId":"1sjrf8obl4ei7ke","timestamp":1744208827255,"id":"6aumjky4l0i76wz"}
{"type":"operationStart","subtype":"render","name":"myTemplate","previousOperationId":"1sjrf8obl4ei7ke","timestamp":1744208827266,"id":"0tywo5bd5d7w6y0","previousEventId":"5dp2wmsuwn6fs6q","operationId":"s3g66onjjx3ita6"}
{"type":"log","timestamp":1744208827266,"level":"info","message":"Starting rendering request 98","meta":{"rootId":"dxkj8i1gv2mteos","id":"dxkj8i1gv2mteos"},"id":"kdvyiaua38xnb2k","previousOperationId":"s3g66onjjx3ita6"}
{"type":"log","timestamp":1744208827266,"level":"info","message":"Rendering template { name: myTemplate, recipe: chrome-pdf, engine: handlebars, preview: true }","meta":{"rootId":"dxkj8i1gv2mteos","id":"dxkj8i1gv2mteos"},"id":"hpkya5j2pwg7vkn","previousOperationId":"s3g66onjjx3ita6"}
{"type":"log","timestamp":1744208827267,"level":"debug","message":"Inline data specified.","meta":{"rootId":"dxkj8i1gv2mteos","id":"dxkj8i1gv2mteos"},"id":"8hqcklr1kva1xta","previousOperationId":"s3g66onjjx3ita6"}
{"type":"log","timestamp":1744208827269,"level":"debug","message":"Base url not specified, skipping its injection.","meta":{"rootId":"dxkj8i1gv2mteos","id":"dxkj8i1gv2mteos"},"id":"zpout9btn9ltq6d","previousOperationId":"s3g66onjjx3ita6"}
{"type":"operationStart","subtype":"engine","name":"handlebars","timestamp":1744208827269,"id":"to4t5pe4j6g8eby","previousEventId":"0tywo5bd5d7w6y0","operationId":"swvc3plvug33pui","previousOperationId":"s3g66onjjx3ita6"}
{"type":"log","timestamp":1744208827269,"level":"debug","message":"Rendering engine handlebars","meta":{"rootId":"dxkj8i1gv2mteos","id":"dxkj8i1gv2mteos"},"id":"vyh7rv8425t3ayw","previousOperationId":"swvc3plvug33pui"}
{"type":"operationEnd","operationId":"swvc3plvug33pui","timestamp":1744208827288,"id":"o50tlkj47rrf318","previousEventId":"to4t5pe4j6g8eby","previousOperationId":"swvc3plvug33pui"}
{"type":"operationStart","subtype":"recipe","name":"chrome-pdf","timestamp":1744208827288,"id":"83m8f2sjvw3xfgs","previousEventId":"o50tlkj47rrf318","operationId":"udka09wmm2mrjk4","previousOperationId":"swvc3plvug33pui"}
{"type":"log","timestamp":1744208827288,"level":"debug","message":"Executing recipe chrome-pdf","meta":{"rootId":"dxkj8i1gv2mteos","id":"dxkj8i1gv2mteos"},"id":"2ozwkhcli6vbby6","previousOperationId":"udka09wmm2mrjk4"}
{"type":"log","timestamp":1744208827294,"level":"debug","message":"Converting with chrome Chrome/133.0.6943.126 using chrome-pool strategy","meta":{"rootId":"dxkj8i1gv2mteos","id":"dxkj8i1gv2mteos"},"id":"odkuw4w037o6d7v","previousOperationId":"udka09wmm2mrjk4"}
{"type":"log","timestamp":1744208827356,"level":"debug","message":"Page request: GET (document) file:///C:/Users/Patheo24/AppData/Local/Temp/jsreport/autocleanup/a6041c0c-b413-44a5-90e3-4201f373709c-chrome-pdf.html","meta":{"rootId":"dxkj8i1gv2mteos","id":"dxkj8i1gv2mteos"},"id":"5kkrgexl0bbx0kn","previousOperationId":"udka09wmm2mrjk4"}
{"type":"log","timestamp":1744208827389,"level":"debug","message":"Page request finished: GET (document) 200 file:///C:/Users/Patheo24/AppData/Local/Temp/jsreport/autocleanup/a6041c0c-b413-44a5-90e3-4201f373709c-chrome-pdf.html","meta":{"rootId":"dxkj8i1gv2mteos","id":"dxkj8i1gv2mteos"},"id":"4vvlfes72rrqpfi","previousOperationId":"udka09wmm2mrjk4"}
{"type":"log","timestamp":1744208827390,"level":"debug","message":"(console:info) Slow network is detected. See https://www.chromestatus.com/feature/5636954674692096 for more details. Fallback font will be used while loading: http://localhost:5488/fonts/kalpurush.ttf","meta":{"userLevel":true,"rootId":"dxkj8i1gv2mteos","id":"dxkj8i1gv2mteos"},"id":"4ki609wfyw5ajch","previousOperationId":"udka09wmm2mrjk4"}
{"type":"log","timestamp":1744208827391,"level":"debug","message":"Page request: GET (font) http://localhost:5488/fonts/kalpurush.ttf","meta":{"rootId":"dxkj8i1gv2mteos","id":"dxkj8i1gv2mteos"},"id":"rimn64taco6ggr6","previousOperationId":"udka09wmm2mrjk4"}
{"type":"log","timestamp":1744208827392,"level":"debug","message":"Page request: GET (image) https://res.cloudinary.com/dpes1dyqb/image/upload/v1738768933/logo_myycxt.jpg","meta":{"rootId":"dxkj8i1gv2mteos","id":"dxkj8i1gv2mteos"},"id":"1o1ykyp1durr0q2","previousOperationId":"udka09wmm2mrjk4"}
{"type":"log","timestamp":1744208827434,"level":"debug","message":"Page request: GET (font) http://localhost:5488/fonts/kalpurush.ttf","meta":{"rootId":"dxkj8i1gv2mteos","id":"dxkj8i1gv2mteos"},"id":"ydd81trht2qc9m0","previousOperationId":"udka09wmm2mrjk4"}
{"type":"log","timestamp":1744208827434,"level":"debug","message":"Page request finished: GET (image) 200 https://res.cloudinary.com/dpes1dyqb/image/upload/v1738768933/logo_myycxt.jpg","meta":{"rootId":"dxkj8i1gv2mteos","id":"dxkj8i1gv2mteos"},"id":"6flfl95rt5730hp","previousOperationId":"udka09wmm2mrjk4"}
{"type":"log","timestamp":1744208827439,"level":"debug","message":"(console:error) Failed to load resource: the server responded with a status of 404 (Not Found)","meta":{"userLevel":true,"rootId":"dxkj8i1gv2mteos","id":"dxkj8i1gv2mteos"},"id":"hu96zrqjhsh9pro","previousOperationId":"udka09wmm2mrjk4"}
{"type":"log","timestamp":1744208827439,"level":"warn","message":"Page request failed: GET (font) http://localhost:5488/fonts/kalpurush.ttf, failure: net::ERR_ABORTED","meta":{"rootId":"dxkj8i1gv2mteos","id":"dxkj8i1gv2mteos"},"id":"evmmt6qu62j1clf","previousOperationId":"udka09wmm2mrjk4"}
{"type":"log","timestamp":1744208827451,"level":"debug","message":"Running chrome with params {\"printBackground\":true,\"format\":\"A5\",\"marginRight\":\"\",\"height\":\"\",\"marginTop\":\"\",\"marginBottom\":\"\",\"marginLeft\":\"\",\"displayHeaderFooter\":true,\"width\":\"\",\"timeout\":59961,\"margin\":{\"top\":\"\",\"right\":\"\",\"bottom\":\"\",\"left\":\"\"}}","meta":{"rootId":"dxkj8i1gv2mteos","id":"dxkj8i1gv2mteos"},"id":"1cfp87dcqympmp3","previousOperationId":"udka09wmm2mrjk4"}
{"type":"operationEnd","operationId":"udka09wmm2mrjk4","timestamp":1744208827767,"id":"ctey03hc4drvu2h","previousEventId":"83m8f2sjvw3xfgs","previousOperationId":"udka09wmm2mrjk4"}
{"type":"log","timestamp":1744208827767,"level":"debug","message":"Skipping storing report.","meta":{"rootId":"dxkj8i1gv2mteos","id":"dxkj8i1gv2mteos"},"id":"zztytwu1seqkigi","previousOperationId":"udka09wmm2mrjk4"}
{"type":"log","timestamp":1744208827767,"level":"info","message":"Rendering request 98 finished in 513 ms","meta":{"rootId":"dxkj8i1gv2mteos","id":"dxkj8i1gv2mteos"},"id":"i5wub8uzlysxmx3","previousOperationId":"udka09wmm2mrjk4"}
{"type":"operationEnd","subtype":"render","operationId":"s3g66onjjx3ita6","timestamp":1744208827767,"id":"nrj1eyczhfhcb8e","previousEventId":"ctey03hc4drvu2h","previousOperationId":"udka09wmm2mrjk4"}
{"type":"operationEnd","doDiffs":false,"previousEventId":"5dp2wmsuwn6fs6q","previousOperationId":"1sjrf8obl4ei7ke","operationId":"1sjrf8obl4ei7ke","timestamp":1744208827771,"id":"f1nnk2hgq6zlzzy"}
