{"type":"operationStart","subtype":"profile","data":{"_id":"F5IB36XHYplwEFxV","timestamp":"2025-04-10T09:57:13.625Z","state":"queued","mode":"standard","creationDate":"2025-04-10T09:57:13.627Z","modificationDate":"2025-04-10T09:57:13.627Z","shortid":"9vE_f82","$entitySet":"profiles"},"doDiffs":false,"timestamp":1744279033626,"id":"v5dx7cjv5ljbav1","previousOperationId":null,"operationId":"2drhkog45fjs8g2"}
{"type":"log","level":"info","message":"Render request 5 queued for execution and waiting for available worker","previousOperationId":"2drhkog45fjs8g2","timestamp":1744279033626,"id":"o6p3q72kpj1bjkc"}
{"type":"operationStart","subtype":"render","name":"myTemplate","previousOperationId":"2drhkog45fjs8g2","timestamp":1744279033643,"id":"xunfhfa1vkymhku","previousEventId":"v5dx7cjv5ljbav1","operationId":"ejxw5nw3abu7jc8"}
{"type":"log","timestamp":1744279033643,"level":"info","message":"Starting rendering request 5","meta":{"rootId":"dz5dt029dyne3fw","id":"dz5dt029dyne3fw"},"id":"tx8uhw44oln2jpx","previousOperationId":"ejxw5nw3abu7jc8"}
{"type":"log","timestamp":1744279033644,"level":"info","message":"Rendering template { name: myTemplate, recipe: chrome-pdf, engine: handlebars, preview: true }","meta":{"rootId":"dz5dt029dyne3fw","id":"dz5dt029dyne3fw"},"id":"ufiguimv2jecf49","previousOperationId":"ejxw5nw3abu7jc8"}
{"type":"log","timestamp":1744279033645,"level":"debug","message":"Adding sample data HUavgV0Kc","meta":{"rootId":"dz5dt029dyne3fw","id":"dz5dt029dyne3fw"},"id":"06onc12p4dzsg3a","previousOperationId":"ejxw5nw3abu7jc8"}
{"type":"log","timestamp":1744279033647,"level":"debug","message":"Base url not specified, skipping its injection.","meta":{"rootId":"dz5dt029dyne3fw","id":"dz5dt029dyne3fw"},"id":"71hzs06q5ppma94","previousOperationId":"ejxw5nw3abu7jc8"}
{"type":"operationStart","subtype":"engine","name":"handlebars","timestamp":1744279033648,"id":"438wm9zehbcokik","previousEventId":"xunfhfa1vkymhku","operationId":"8xwzkt6fe10zq6e","previousOperationId":"ejxw5nw3abu7jc8"}
{"type":"log","timestamp":1744279033648,"level":"debug","message":"Rendering engine handlebars","meta":{"rootId":"dz5dt029dyne3fw","id":"dz5dt029dyne3fw"},"id":"l2ggf695k3mqrd5","previousOperationId":"8xwzkt6fe10zq6e"}
{"type":"operationEnd","operationId":"8xwzkt6fe10zq6e","timestamp":1744279034210,"id":"lz38xa5mdfinw3o","previousEventId":"438wm9zehbcokik","previousOperationId":"8xwzkt6fe10zq6e"}
{"type":"operationStart","subtype":"recipe","name":"chrome-pdf","timestamp":1744279034210,"id":"uishst39u39zm8u","previousEventId":"lz38xa5mdfinw3o","operationId":"aciewugw4f9t33x","previousOperationId":"8xwzkt6fe10zq6e"}
{"type":"log","timestamp":1744279034210,"level":"debug","message":"Executing recipe chrome-pdf","meta":{"rootId":"dz5dt029dyne3fw","id":"dz5dt029dyne3fw"},"id":"n3haflvxw8641lq","previousOperationId":"aciewugw4f9t33x"}
{"type":"log","timestamp":1744279035048,"level":"debug","message":"Converting with chrome Chrome/133.0.6943.126 using chrome-pool strategy","meta":{"rootId":"dz5dt029dyne3fw","id":"dz5dt029dyne3fw"},"id":"7xw5a0jbiu3cze4","previousOperationId":"aciewugw4f9t33x"}
{"type":"log","timestamp":1744279035592,"level":"debug","message":"Page request: GET (document) file:///C:/Users/Patheo24/AppData/Local/Temp/jsreport/autocleanup/4c62f287-c2de-481b-b87e-76c0067f423a-chrome-pdf.html","meta":{"rootId":"dz5dt029dyne3fw","id":"dz5dt029dyne3fw"},"id":"68lgwj9eci0eeaq","previousOperationId":"aciewugw4f9t33x"}
{"type":"log","timestamp":1744279035612,"level":"debug","message":"Page request finished: GET (document) 200 file:///C:/Users/Patheo24/AppData/Local/Temp/jsreport/autocleanup/4c62f287-c2de-481b-b87e-76c0067f423a-chrome-pdf.html","meta":{"rootId":"dz5dt029dyne3fw","id":"dz5dt029dyne3fw"},"id":"fyddzfi6utb9iqd","previousOperationId":"aciewugw4f9t33x"}
{"type":"log","timestamp":1744279035613,"level":"debug","message":"Page request: GET (image) https://res.cloudinary.com/dpes1dyqb/image/upload/v1738768933/logo_myycxt.jpg","meta":{"rootId":"dz5dt029dyne3fw","id":"dz5dt029dyne3fw"},"id":"gleo492x8dpgmtw","previousOperationId":"aciewugw4f9t33x"}
{"type":"log","timestamp":1744279035614,"level":"debug","message":"Page request: GET (font) http://localhost:5488/fonts/kalpurush.ttf","meta":{"rootId":"dz5dt029dyne3fw","id":"dz5dt029dyne3fw"},"id":"6qop6rin3mdwgou","previousOperationId":"aciewugw4f9t33x"}
{"type":"log","timestamp":1744279035682,"level":"debug","message":"Page request: GET (font) http://localhost:5488/fonts/kalpurush.ttf","meta":{"rootId":"dz5dt029dyne3fw","id":"dz5dt029dyne3fw"},"id":"tisbihj408cl0i9","previousOperationId":"aciewugw4f9t33x"}
{"type":"log","timestamp":1744279035697,"level":"debug","message":"(console:error) Failed to load resource: the server responded with a status of 404 (Not Found)","meta":{"userLevel":true,"rootId":"dz5dt029dyne3fw","id":"dz5dt029dyne3fw"},"id":"8dta1q0kgjuktw4","previousOperationId":"aciewugw4f9t33x"}
{"type":"log","timestamp":1744279035698,"level":"warn","message":"Page request failed: GET (font) http://localhost:5488/fonts/kalpurush.ttf, failure: net::ERR_ABORTED","meta":{"rootId":"dz5dt029dyne3fw","id":"dz5dt029dyne3fw"},"id":"nq7eb750sj20fe4","previousOperationId":"aciewugw4f9t33x"}
{"type":"log","timestamp":1744279035783,"level":"debug","message":"Page request finished: GET (image) 200 https://res.cloudinary.com/dpes1dyqb/image/upload/v1738768933/logo_myycxt.jpg","meta":{"rootId":"dz5dt029dyne3fw","id":"dz5dt029dyne3fw"},"id":"ixohj8onejo488t","previousOperationId":"aciewugw4f9t33x"}
{"type":"log","timestamp":1744279035796,"level":"debug","message":"Running chrome with params {\"printBackground\":true,\"format\":\"A5\",\"marginRight\":\"\",\"height\":\"\",\"marginTop\":\"\",\"marginBottom\":\"\",\"marginLeft\":\"\",\"displayHeaderFooter\":true,\"width\":\"\",\"timeout\":59017,\"margin\":{\"top\":\"\",\"right\":\"\",\"bottom\":\"\",\"left\":\"\"}}","meta":{"rootId":"dz5dt029dyne3fw","id":"dz5dt029dyne3fw"},"id":"cxf4i8ykvotzu3u","previousOperationId":"aciewugw4f9t33x"}
{"type":"operationEnd","operationId":"aciewugw4f9t33x","timestamp":1744279036275,"id":"otas752k53a4hgs","previousEventId":"uishst39u39zm8u","previousOperationId":"aciewugw4f9t33x"}
{"type":"log","timestamp":1744279036277,"level":"debug","message":"Skipping storing report.","meta":{"rootId":"dz5dt029dyne3fw","id":"dz5dt029dyne3fw"},"id":"ogoujs19ryiovxl","previousOperationId":"aciewugw4f9t33x"}
{"type":"log","timestamp":1744279036277,"level":"info","message":"Rendering request 5 finished in 2652 ms","meta":{"rootId":"dz5dt029dyne3fw","id":"dz5dt029dyne3fw"},"id":"hucrahfbl5bafam","previousOperationId":"aciewugw4f9t33x"}
{"type":"operationEnd","subtype":"render","operationId":"ejxw5nw3abu7jc8","timestamp":1744279036277,"id":"nrrecxqn7zk2cp0","previousEventId":"otas752k53a4hgs","previousOperationId":"aciewugw4f9t33x"}
{"type":"operationEnd","doDiffs":false,"previousEventId":"v5dx7cjv5ljbav1","previousOperationId":"2drhkog45fjs8g2","operationId":"2drhkog45fjs8g2","timestamp":1744279036283,"id":"qvfo4qrue61aoa8"}
