{"type":"operationStart","subtype":"profile","data":{"_id":"pVNrbczvnBzxn21L","timestamp":"2025-04-09T14:02:14.583Z","state":"queued","mode":"standard","creationDate":"2025-04-09T14:02:14.584Z","modificationDate":"2025-04-09T14:02:14.584Z","shortid":"BBvz5uD","$entitySet":"profiles"},"doDiffs":false,"timestamp":1744207334584,"id":"iaw9wdk9aw9fs3y","previousOperationId":null,"operationId":"i3i0o7rzswyf459"}
{"type":"log","level":"info","message":"Render request 57 queued for execution and waiting for available worker","previousOperationId":"i3i0o7rzswyf459","timestamp":1744207334584,"id":"uma6rd2ilm6m8js"}
{"type":"operationStart","subtype":"render","name":"myTemplate","previousOperationId":"i3i0o7rzswyf459","timestamp":1744207334594,"id":"6prw5zmvohvdt2p","previousEventId":"iaw9wdk9aw9fs3y","operationId":"uvdtekal20i979j"}
{"type":"log","timestamp":1744207334594,"level":"info","message":"Starting rendering request 57","meta":{"rootId":"dzst9a32907ziwj","id":"dzst9a32907ziwj"},"id":"z6r6xlzomknj3vq","previousOperationId":"uvdtekal20i979j"}
{"type":"log","timestamp":1744207334595,"level":"info","message":"Rendering template { name: myTemplate, recipe: chrome-pdf, engine: handlebars, preview: true }","meta":{"rootId":"dzst9a32907ziwj","id":"dzst9a32907ziwj"},"id":"0gnv1utavsipbj5","previousOperationId":"uvdtekal20i979j"}
{"type":"log","timestamp":1744207334596,"level":"debug","message":"Adding sample data HUavgV0Kc","meta":{"rootId":"dzst9a32907ziwj","id":"dzst9a32907ziwj"},"id":"30rd2d0hsgw2zz8","previousOperationId":"uvdtekal20i979j"}
{"type":"log","timestamp":1744207334617,"level":"debug","message":"Base url not specified, skipping its injection.","meta":{"rootId":"dzst9a32907ziwj","id":"dzst9a32907ziwj"},"id":"lijrjletvs4kn5q","previousOperationId":"uvdtekal20i979j"}
{"type":"operationStart","subtype":"engine","name":"handlebars","timestamp":1744207334617,"id":"xm96kwghwzdwhnj","previousEventId":"6prw5zmvohvdt2p","operationId":"mhca4wcmahubbyg","previousOperationId":"uvdtekal20i979j"}
{"type":"log","timestamp":1744207334617,"level":"debug","message":"Rendering engine handlebars","meta":{"rootId":"dzst9a32907ziwj","id":"dzst9a32907ziwj"},"id":"ejniz7lj4cbyaww","previousOperationId":"mhca4wcmahubbyg"}
{"type":"operationEnd","operationId":"mhca4wcmahubbyg","timestamp":1744207334650,"id":"2zzb0ss2ajwi3cc","previousEventId":"xm96kwghwzdwhnj","previousOperationId":"mhca4wcmahubbyg"}
{"type":"operationStart","subtype":"recipe","name":"chrome-pdf","timestamp":1744207334651,"id":"hb84ua178boplb8","previousEventId":"2zzb0ss2ajwi3cc","operationId":"a6lrrdo8b8pp53n","previousOperationId":"mhca4wcmahubbyg"}
{"type":"log","timestamp":1744207334651,"level":"debug","message":"Executing recipe chrome-pdf","meta":{"rootId":"dzst9a32907ziwj","id":"dzst9a32907ziwj"},"id":"noe3vcz6ogli92d","previousOperationId":"a6lrrdo8b8pp53n"}
{"type":"log","timestamp":1744207334655,"level":"debug","message":"Converting with chrome Chrome/133.0.6943.126 using chrome-pool strategy","meta":{"rootId":"dzst9a32907ziwj","id":"dzst9a32907ziwj"},"id":"2pnoan61h223vhk","previousOperationId":"a6lrrdo8b8pp53n"}
{"type":"log","timestamp":1744207334727,"level":"debug","message":"Page request: GET (document) file:///C:/Users/Patheo24/AppData/Local/Temp/jsreport/autocleanup/c29de2c5-1df9-4229-a230-b6951001c9ca-chrome-pdf.html","meta":{"rootId":"dzst9a32907ziwj","id":"dzst9a32907ziwj"},"id":"6uw6pn1eumtxfhe","previousOperationId":"a6lrrdo8b8pp53n"}
{"type":"log","timestamp":1744207334750,"level":"debug","message":"Page request finished: GET (document) 200 file:///C:/Users/Patheo24/AppData/Local/Temp/jsreport/autocleanup/c29de2c5-1df9-4229-a230-b6951001c9ca-chrome-pdf.html","meta":{"rootId":"dzst9a32907ziwj","id":"dzst9a32907ziwj"},"id":"ym5pvz7u7q35375","previousOperationId":"a6lrrdo8b8pp53n"}
{"type":"log","timestamp":1744207334757,"level":"debug","message":"Page request: GET (image) https://res.cloudinary.com/dpes1dyqb/image/upload/v1738768933/logo_myycxt.jpg","meta":{"rootId":"dzst9a32907ziwj","id":"dzst9a32907ziwj"},"id":"d003zp0ucy3p3xa","previousOperationId":"a6lrrdo8b8pp53n"}
{"type":"log","timestamp":1744207334758,"level":"debug","message":"Page request: GET (font) http://localhost:5488/fonts/kalpurush.ttf","meta":{"rootId":"dzst9a32907ziwj","id":"dzst9a32907ziwj"},"id":"2h74timkm1z7tfj","previousOperationId":"a6lrrdo8b8pp53n"}
{"type":"log","timestamp":1744207334806,"level":"debug","message":"Page request: GET (font) http://localhost:5488/fonts/kalpurush.ttf","meta":{"rootId":"dzst9a32907ziwj","id":"dzst9a32907ziwj"},"id":"hpc7mlqnbw3wmyi","previousOperationId":"a6lrrdo8b8pp53n"}
{"type":"log","timestamp":1744207334807,"level":"debug","message":"Page request finished: GET (image) 200 https://res.cloudinary.com/dpes1dyqb/image/upload/v1738768933/logo_myycxt.jpg","meta":{"rootId":"dzst9a32907ziwj","id":"dzst9a32907ziwj"},"id":"0emy6dojkeuawau","previousOperationId":"a6lrrdo8b8pp53n"}
{"type":"log","timestamp":1744207334816,"level":"debug","message":"(console:error) Failed to load resource: the server responded with a status of 404 (Not Found)","meta":{"userLevel":true,"rootId":"dzst9a32907ziwj","id":"dzst9a32907ziwj"},"id":"fg9dimxe5on2shl","previousOperationId":"a6lrrdo8b8pp53n"}
{"type":"log","timestamp":1744207334816,"level":"warn","message":"Page request failed: GET (font) http://localhost:5488/fonts/kalpurush.ttf, failure: net::ERR_ABORTED","meta":{"rootId":"dzst9a32907ziwj","id":"dzst9a32907ziwj"},"id":"tymjsv2pudcusby","previousOperationId":"a6lrrdo8b8pp53n"}
{"type":"log","timestamp":1744207334823,"level":"debug","message":"Running chrome with params {\"printBackground\":true,\"format\":\"A5\",\"marginRight\":\"\",\"timeout\":59929,\"margin\":{\"right\":\"\"}}","meta":{"rootId":"dzst9a32907ziwj","id":"dzst9a32907ziwj"},"id":"ts3bkxeese7o079","previousOperationId":"a6lrrdo8b8pp53n"}
{"type":"operationEnd","operationId":"a6lrrdo8b8pp53n","timestamp":1744207335147,"id":"azm0zbi71egh6md","previousEventId":"hb84ua178boplb8","previousOperationId":"a6lrrdo8b8pp53n"}
{"type":"log","timestamp":1744207335147,"level":"debug","message":"Skipping storing report.","meta":{"rootId":"dzst9a32907ziwj","id":"dzst9a32907ziwj"},"id":"og7188rqud2hv2l","previousOperationId":"a6lrrdo8b8pp53n"}
{"type":"log","timestamp":1744207335147,"level":"info","message":"Rendering request 57 finished in 564 ms","meta":{"rootId":"dzst9a32907ziwj","id":"dzst9a32907ziwj"},"id":"g20rbxdo03jphpe","previousOperationId":"a6lrrdo8b8pp53n"}
{"type":"operationEnd","subtype":"render","operationId":"uvdtekal20i979j","timestamp":1744207335147,"id":"i988qvxgbkn1mxg","previousEventId":"azm0zbi71egh6md","previousOperationId":"a6lrrdo8b8pp53n"}
{"type":"operationEnd","doDiffs":false,"previousEventId":"iaw9wdk9aw9fs3y","previousOperationId":"i3i0o7rzswyf459","operationId":"i3i0o7rzswyf459","timestamp":1744207335151,"id":"3nbqu9qbtf6xscu"}
