{"type":"operationStart","subtype":"profile","data":{"_id":"TsQRthc5QjcEmJ4q","timestamp":"2025-04-09T14:18:16.373Z","state":"queued","mode":"standard","creationDate":"2025-04-09T14:18:16.375Z","modificationDate":"2025-04-09T14:18:16.375Z","shortid":"6ACLwmg","$entitySet":"profiles"},"doDiffs":false,"timestamp":1744208296374,"id":"sonafkntiznfue9","previousOperationId":null,"operationId":"ggltww6y41lz9aw"}
{"type":"log","level":"info","message":"Render request 90 queued for execution and waiting for available worker","previousOperationId":"ggltww6y41lz9aw","timestamp":1744208296374,"id":"2lz6sxer1g2mkan"}
{"type":"operationStart","subtype":"render","name":"myTemplate","previousOperationId":"ggltww6y41lz9aw","timestamp":1744208296385,"id":"i1pz2gsgaw7jxii","previousEventId":"sonafkntiznfue9","operationId":"hufs92udkvllsu6"}
{"type":"log","timestamp":1744208296385,"level":"info","message":"Starting rendering request 90","meta":{"rootId":"e4s0ype30n06nfb","id":"e4s0ype30n06nfb"},"id":"sgvk0b8934ktuu8","previousOperationId":"hufs92udkvllsu6"}
{"type":"log","timestamp":1744208296385,"level":"info","message":"Rendering template { name: myTemplate, recipe: chrome-pdf, engine: handlebars, preview: true }","meta":{"rootId":"e4s0ype30n06nfb","id":"e4s0ype30n06nfb"},"id":"y82w4yxav9cmtk5","previousOperationId":"hufs92udkvllsu6"}
{"type":"log","timestamp":1744208296386,"level":"debug","message":"Adding sample data HUavgV0Kc","meta":{"rootId":"e4s0ype30n06nfb","id":"e4s0ype30n06nfb"},"id":"hly57oc166ijasm","previousOperationId":"hufs92udkvllsu6"}
{"type":"log","timestamp":1744208296387,"level":"debug","message":"Base url not specified, skipping its injection.","meta":{"rootId":"e4s0ype30n06nfb","id":"e4s0ype30n06nfb"},"id":"vpizcxqttcoa8sg","previousOperationId":"hufs92udkvllsu6"}
{"type":"operationStart","subtype":"engine","name":"handlebars","timestamp":1744208296387,"id":"7nn7193tov9pwfu","previousEventId":"i1pz2gsgaw7jxii","operationId":"xmu9ucb8ci79tkr","previousOperationId":"hufs92udkvllsu6"}
{"type":"log","timestamp":1744208296387,"level":"debug","message":"Rendering engine handlebars","meta":{"rootId":"e4s0ype30n06nfb","id":"e4s0ype30n06nfb"},"id":"c84c46t0cj5d2qz","previousOperationId":"xmu9ucb8ci79tkr"}
{"type":"operationEnd","operationId":"xmu9ucb8ci79tkr","timestamp":1744208296415,"id":"j5pk71nesikc3t7","previousEventId":"7nn7193tov9pwfu","previousOperationId":"xmu9ucb8ci79tkr"}
{"type":"operationStart","subtype":"recipe","name":"chrome-pdf","timestamp":1744208296416,"id":"zgs8zx04dz5043g","previousEventId":"j5pk71nesikc3t7","operationId":"yzo3aphfvv7zulv","previousOperationId":"xmu9ucb8ci79tkr"}
{"type":"log","timestamp":1744208296416,"level":"debug","message":"Executing recipe chrome-pdf","meta":{"rootId":"e4s0ype30n06nfb","id":"e4s0ype30n06nfb"},"id":"lha1yh3zwuiaw7c","previousOperationId":"yzo3aphfvv7zulv"}
{"type":"log","timestamp":1744208296418,"level":"debug","message":"Converting with chrome Chrome/133.0.6943.126 using chrome-pool strategy","meta":{"rootId":"e4s0ype30n06nfb","id":"e4s0ype30n06nfb"},"id":"szdk9od801qbs9i","previousOperationId":"yzo3aphfvv7zulv"}
{"type":"log","timestamp":1744208296482,"level":"debug","message":"Page request: GET (document) file:///C:/Users/Patheo24/AppData/Local/Temp/jsreport/autocleanup/f8230082-d70d-48c6-91c9-db094085370e-chrome-pdf.html","meta":{"rootId":"e4s0ype30n06nfb","id":"e4s0ype30n06nfb"},"id":"h69ii7e01k2hv1b","previousOperationId":"yzo3aphfvv7zulv"}
{"type":"log","timestamp":1744208296510,"level":"debug","message":"Page request finished: GET (document) 200 file:///C:/Users/Patheo24/AppData/Local/Temp/jsreport/autocleanup/f8230082-d70d-48c6-91c9-db094085370e-chrome-pdf.html","meta":{"rootId":"e4s0ype30n06nfb","id":"e4s0ype30n06nfb"},"id":"hjp3zlyr9n86ohi","previousOperationId":"yzo3aphfvv7zulv"}
{"type":"log","timestamp":1744208296511,"level":"debug","message":"(console:info) Slow network is detected. See https://www.chromestatus.com/feature/5636954674692096 for more details. Fallback font will be used while loading: http://localhost:5488/fonts/kalpurush.ttf","meta":{"userLevel":true,"rootId":"e4s0ype30n06nfb","id":"e4s0ype30n06nfb"},"id":"le63uxwag6l06wg","previousOperationId":"yzo3aphfvv7zulv"}
{"type":"log","timestamp":1744208296521,"level":"debug","message":"Page request: GET (font) http://localhost:5488/fonts/kalpurush.ttf","meta":{"rootId":"e4s0ype30n06nfb","id":"e4s0ype30n06nfb"},"id":"mbn5zhrywsgdsxq","previousOperationId":"yzo3aphfvv7zulv"}
{"type":"log","timestamp":1744208296522,"level":"debug","message":"Page request: GET (image) https://res.cloudinary.com/dpes1dyqb/image/upload/v1738768933/logo_myycxt.jpg","meta":{"rootId":"e4s0ype30n06nfb","id":"e4s0ype30n06nfb"},"id":"dvxugbv1kwq2kv0","previousOperationId":"yzo3aphfvv7zulv"}
{"type":"log","timestamp":1744208296596,"level":"debug","message":"Page request: GET (font) http://localhost:5488/fonts/kalpurush.ttf","meta":{"rootId":"e4s0ype30n06nfb","id":"e4s0ype30n06nfb"},"id":"ow2pjxi2sggdqdp","previousOperationId":"yzo3aphfvv7zulv"}
{"type":"log","timestamp":1744208296597,"level":"debug","message":"Page request finished: GET (image) 200 https://res.cloudinary.com/dpes1dyqb/image/upload/v1738768933/logo_myycxt.jpg","meta":{"rootId":"e4s0ype30n06nfb","id":"e4s0ype30n06nfb"},"id":"0ke87gksnsz8uz3","previousOperationId":"yzo3aphfvv7zulv"}
{"type":"log","timestamp":1744208296607,"level":"debug","message":"(console:error) Failed to load resource: the server responded with a status of 404 (Not Found)","meta":{"userLevel":true,"rootId":"e4s0ype30n06nfb","id":"e4s0ype30n06nfb"},"id":"347nh8wxny8usvl","previousOperationId":"yzo3aphfvv7zulv"}
{"type":"log","timestamp":1744208296607,"level":"warn","message":"Page request failed: GET (font) http://localhost:5488/fonts/kalpurush.ttf, failure: net::ERR_ABORTED","meta":{"rootId":"e4s0ype30n06nfb","id":"e4s0ype30n06nfb"},"id":"qbsu8hse958r7jc","previousOperationId":"yzo3aphfvv7zulv"}
{"type":"log","timestamp":1744208296618,"level":"debug","message":"Running chrome with params {\"printBackground\":true,\"format\":\"A5\",\"marginRight\":\"\",\"height\":\"\",\"marginTop\":\"\",\"marginBottom\":\"\",\"marginLeft\":\"\",\"displayHeaderFooter\":true,\"width\":\"\",\"timeout\":59956,\"margin\":{\"top\":\"\",\"right\":\"\",\"bottom\":\"\",\"left\":\"\"}}","meta":{"rootId":"e4s0ype30n06nfb","id":"e4s0ype30n06nfb"},"id":"17cz6eu9oh257t9","previousOperationId":"yzo3aphfvv7zulv"}
{"type":"operationEnd","operationId":"yzo3aphfvv7zulv","timestamp":1744208296915,"id":"qm6hhxn41n2jw1u","previousEventId":"zgs8zx04dz5043g","previousOperationId":"yzo3aphfvv7zulv"}
{"type":"log","timestamp":1744208296915,"level":"debug","message":"Skipping storing report.","meta":{"rootId":"e4s0ype30n06nfb","id":"e4s0ype30n06nfb"},"id":"wnxzfzwwmu44izx","previousOperationId":"yzo3aphfvv7zulv"}
{"type":"log","timestamp":1744208296915,"level":"info","message":"Rendering request 90 finished in 542 ms","meta":{"rootId":"e4s0ype30n06nfb","id":"e4s0ype30n06nfb"},"id":"4qmz1c6h8cuodv5","previousOperationId":"yzo3aphfvv7zulv"}
{"type":"operationEnd","subtype":"render","operationId":"hufs92udkvllsu6","timestamp":1744208296915,"id":"ta6yu10cpembn54","previousEventId":"qm6hhxn41n2jw1u","previousOperationId":"yzo3aphfvv7zulv"}
{"type":"operationEnd","doDiffs":false,"previousEventId":"sonafkntiznfue9","previousOperationId":"ggltww6y41lz9aw","operationId":"ggltww6y41lz9aw","timestamp":1744208296919,"id":"9jnjt10dsrsjh02"}
