{"type":"operationStart","subtype":"profile","data":{"_id":"U5hA0mc2Bnyh7PCR","timestamp":"2025-04-09T06:33:19.549Z","state":"queued","mode":"standard","creationDate":"2025-04-09T06:33:19.551Z","modificationDate":"2025-04-09T06:33:19.551Z","shortid":"8QLZpO3","$entitySet":"profiles"},"doDiffs":false,"timestamp":1744180399550,"id":"xmqehwjql09u6pd","previousOperationId":null,"operationId":"n4tb6tvddxn3vmo"}
{"type":"log","level":"info","message":"Render request 14 queued for execution and waiting for available worker","previousOperationId":"n4tb6tvddxn3vmo","timestamp":1744180399550,"id":"e660ukbh200suse"}
{"type":"operationStart","subtype":"render","name":"myTemplate","previousOperationId":"n4tb6tvddxn3vmo","timestamp":1744180399574,"id":"stm4m87gxlabrwo","previousEventId":"xmqehwjql09u6pd","operationId":"y1j2gj16a3jccph"}
{"type":"log","timestamp":1744180399574,"level":"info","message":"Starting rendering request 14","meta":{"rootId":"e5acinm0m7myxpu","id":"e5acinm0m7myxpu"},"id":"3sr9edbhpy8v4w6","previousOperationId":"y1j2gj16a3jccph"}
{"type":"log","timestamp":1744180399574,"level":"info","message":"Rendering template { name: myTemplate, recipe: chrome-pdf, engine: handlebars, preview: true }","meta":{"rootId":"e5acinm0m7myxpu","id":"e5acinm0m7myxpu"},"id":"dp97ca4t4mriwj2","previousOperationId":"y1j2gj16a3jccph"}
{"type":"log","timestamp":1744180399575,"level":"debug","message":"Inline data specified.","meta":{"rootId":"e5acinm0m7myxpu","id":"e5acinm0m7myxpu"},"id":"5on03ijo6zenx3b","previousOperationId":"y1j2gj16a3jccph"}
{"type":"log","timestamp":1744180399577,"level":"debug","message":"Base url not specified, skipping its injection.","meta":{"rootId":"e5acinm0m7myxpu","id":"e5acinm0m7myxpu"},"id":"nc3iufqzf32av7o","previousOperationId":"y1j2gj16a3jccph"}
{"type":"operationStart","subtype":"engine","name":"handlebars","timestamp":1744180399577,"id":"3ohbhzngqqqqikn","previousEventId":"stm4m87gxlabrwo","operationId":"g858kh7a1v22zns","previousOperationId":"y1j2gj16a3jccph"}
{"type":"log","timestamp":1744180399577,"level":"debug","message":"Rendering engine handlebars","meta":{"rootId":"e5acinm0m7myxpu","id":"e5acinm0m7myxpu"},"id":"17k13jrt34imu3z","previousOperationId":"g858kh7a1v22zns"}
{"type":"operationEnd","operationId":"g858kh7a1v22zns","timestamp":1744180399598,"id":"ksok0d1gbytayz2","previousEventId":"3ohbhzngqqqqikn","previousOperationId":"g858kh7a1v22zns"}
{"type":"operationStart","subtype":"recipe","name":"chrome-pdf","timestamp":1744180399599,"id":"q32ooqo57kou2ai","previousEventId":"ksok0d1gbytayz2","operationId":"gr9ude5p5h99nuz","previousOperationId":"g858kh7a1v22zns"}
{"type":"log","timestamp":1744180399599,"level":"debug","message":"Executing recipe chrome-pdf","meta":{"rootId":"e5acinm0m7myxpu","id":"e5acinm0m7myxpu"},"id":"4hrj42cccsvip69","previousOperationId":"gr9ude5p5h99nuz"}
{"type":"log","timestamp":1744180399602,"level":"debug","message":"Converting with chrome Chrome/133.0.6943.126 using chrome-pool strategy","meta":{"rootId":"e5acinm0m7myxpu","id":"e5acinm0m7myxpu"},"id":"exnbrvss1oekflx","previousOperationId":"gr9ude5p5h99nuz"}
{"type":"log","timestamp":1744180400222,"level":"debug","message":"Page request: GET (document) file:///C:/Users/Patheo24/AppData/Local/Temp/jsreport/autocleanup/e31ca827-0f28-4556-9a2d-b40850428c38-chrome-pdf.html","meta":{"rootId":"e5acinm0m7myxpu","id":"e5acinm0m7myxpu"},"id":"u253yxx5b351jpp","previousOperationId":"gr9ude5p5h99nuz"}
{"type":"log","timestamp":1744180400248,"level":"debug","message":"Page request finished: GET (document) 200 file:///C:/Users/Patheo24/AppData/Local/Temp/jsreport/autocleanup/e31ca827-0f28-4556-9a2d-b40850428c38-chrome-pdf.html","meta":{"rootId":"e5acinm0m7myxpu","id":"e5acinm0m7myxpu"},"id":"lrjy919yum4t8uo","previousOperationId":"gr9ude5p5h99nuz"}
{"type":"log","timestamp":1744180400249,"level":"debug","message":"Page request: GET (image) https://res.cloudinary.com/dpes1dyqb/image/upload/v1738768933/logo_myycxt.jpg","meta":{"rootId":"e5acinm0m7myxpu","id":"e5acinm0m7myxpu"},"id":"i3qlmhl11n65hv4","previousOperationId":"gr9ude5p5h99nuz"}
{"type":"log","timestamp":1744180400276,"level":"debug","message":"(console:info) Slow network is detected. See https://www.chromestatus.com/feature/5636954674692096 for more details. Fallback font will be used while loading: http://localhost:5488/fonts/kalpurush.ttf","meta":{"userLevel":true,"rootId":"e5acinm0m7myxpu","id":"e5acinm0m7myxpu"},"id":"5m4lzvm5zxqvrax","previousOperationId":"gr9ude5p5h99nuz"}
{"type":"log","timestamp":1744180400277,"level":"debug","message":"Page request: GET (font) http://localhost:5488/fonts/kalpurush.ttf","meta":{"rootId":"e5acinm0m7myxpu","id":"e5acinm0m7myxpu"},"id":"thayq3tmj78eqmq","previousOperationId":"gr9ude5p5h99nuz"}
{"type":"log","timestamp":1744180400278,"level":"debug","message":"Page request finished: GET (image) 200 https://res.cloudinary.com/dpes1dyqb/image/upload/v1738768933/logo_myycxt.jpg","meta":{"rootId":"e5acinm0m7myxpu","id":"e5acinm0m7myxpu"},"id":"l0ztsiua932ymcw","previousOperationId":"gr9ude5p5h99nuz"}
{"type":"log","timestamp":1744180400338,"level":"debug","message":"Page request: GET (font) http://localhost:5488/fonts/kalpurush.ttf","meta":{"rootId":"e5acinm0m7myxpu","id":"e5acinm0m7myxpu"},"id":"jx9mc4pjmmpa043","previousOperationId":"gr9ude5p5h99nuz"}
{"type":"log","timestamp":1744180400345,"level":"debug","message":"(console:error) Failed to load resource: the server responded with a status of 404 (Not Found)","meta":{"userLevel":true,"rootId":"e5acinm0m7myxpu","id":"e5acinm0m7myxpu"},"id":"evqrf67dia6jhk1","previousOperationId":"gr9ude5p5h99nuz"}
{"type":"log","timestamp":1744180400345,"level":"warn","message":"Page request failed: GET (font) http://localhost:5488/fonts/kalpurush.ttf, failure: net::ERR_ABORTED","meta":{"rootId":"e5acinm0m7myxpu","id":"e5acinm0m7myxpu"},"id":"ty5fzj1lymxwpbu","previousOperationId":"gr9ude5p5h99nuz"}
{"type":"log","timestamp":1744180400354,"level":"debug","message":"Running chrome with params {\"printBackground\":true,\"timeout\":59948,\"margin\":{}}","meta":{"rootId":"e5acinm0m7myxpu","id":"e5acinm0m7myxpu"},"id":"ye4hwfaroyrvrcz","previousOperationId":"gr9ude5p5h99nuz"}
{"type":"operationEnd","operationId":"gr9ude5p5h99nuz","timestamp":1744180400637,"id":"y6t11zviyfqcl7p","previousEventId":"q32ooqo57kou2ai","previousOperationId":"gr9ude5p5h99nuz"}
{"type":"log","timestamp":1744180400638,"level":"debug","message":"Skipping storing report.","meta":{"rootId":"e5acinm0m7myxpu","id":"e5acinm0m7myxpu"},"id":"y26jpfquaof27fc","previousOperationId":"gr9ude5p5h99nuz"}
{"type":"log","timestamp":1744180400638,"level":"info","message":"Rendering request 14 finished in 1089 ms","meta":{"rootId":"e5acinm0m7myxpu","id":"e5acinm0m7myxpu"},"id":"rd2wuu1zgi5mdrc","previousOperationId":"gr9ude5p5h99nuz"}
{"type":"operationEnd","subtype":"render","operationId":"y1j2gj16a3jccph","timestamp":1744180400638,"id":"qyguthowxhtcrm0","previousEventId":"y6t11zviyfqcl7p","previousOperationId":"gr9ude5p5h99nuz"}
{"type":"operationEnd","doDiffs":false,"previousEventId":"xmqehwjql09u6pd","previousOperationId":"n4tb6tvddxn3vmo","operationId":"n4tb6tvddxn3vmo","timestamp":1744180400643,"id":"6ak2h6g0w1gduu4"}
