{"type":"operationStart","subtype":"profile","data":{"_id":"gRgzNYxc4qFPxJOG","timestamp":"2025-04-09T14:15:51.080Z","state":"queued","mode":"standard","creationDate":"2025-04-09T14:15:51.081Z","modificationDate":"2025-04-09T14:15:51.081Z","shortid":"i4WMdG8","$entitySet":"profiles"},"doDiffs":false,"timestamp":1744208151081,"id":"hx318ahddf73ks0","previousOperationId":null,"operationId":"mvnsifb87e86av0"}
{"type":"log","level":"info","message":"Render request 82 queued for execution and waiting for available worker","previousOperationId":"mvnsifb87e86av0","timestamp":1744208151081,"id":"ho15lg9h3lc99bd"}
{"type":"operationStart","subtype":"render","name":"myTemplate","previousOperationId":"mvnsifb87e86av0","timestamp":1744208151090,"id":"7uynuqqg6hnnj8f","previousEventId":"hx318ahddf73ks0","operationId":"p1zwibjrhzdm6eh"}
{"type":"log","timestamp":1744208151090,"level":"info","message":"Starting rendering request 82","meta":{"rootId":"eb6appkwvsmu75c","id":"eb6appkwvsmu75c"},"id":"ng4ke5zafjmhkvy","previousOperationId":"p1zwibjrhzdm6eh"}
{"type":"log","timestamp":1744208151091,"level":"info","message":"Rendering template { name: myTemplate, recipe: chrome-pdf, engine: handlebars, preview: true }","meta":{"rootId":"eb6appkwvsmu75c","id":"eb6appkwvsmu75c"},"id":"2dsg8r67grjxi4b","previousOperationId":"p1zwibjrhzdm6eh"}
{"type":"log","timestamp":1744208151093,"level":"debug","message":"Adding sample data HUavgV0Kc","meta":{"rootId":"eb6appkwvsmu75c","id":"eb6appkwvsmu75c"},"id":"ajk48cjix71wc2k","previousOperationId":"p1zwibjrhzdm6eh"}
{"type":"log","timestamp":1744208151095,"level":"debug","message":"Base url not specified, skipping its injection.","meta":{"rootId":"eb6appkwvsmu75c","id":"eb6appkwvsmu75c"},"id":"t1bk5mjxve2j7lu","previousOperationId":"p1zwibjrhzdm6eh"}
{"type":"operationStart","subtype":"engine","name":"handlebars","timestamp":1744208151095,"id":"6meogylkry8ker8","previousEventId":"7uynuqqg6hnnj8f","operationId":"h9fnnz6x56hrh0w","previousOperationId":"p1zwibjrhzdm6eh"}
{"type":"log","timestamp":1744208151095,"level":"debug","message":"Rendering engine handlebars","meta":{"rootId":"eb6appkwvsmu75c","id":"eb6appkwvsmu75c"},"id":"svclhq8mqmzw4dc","previousOperationId":"h9fnnz6x56hrh0w"}
{"type":"operationEnd","operationId":"h9fnnz6x56hrh0w","timestamp":1744208151112,"id":"h481gqic4nuq32u","previousEventId":"6meogylkry8ker8","previousOperationId":"h9fnnz6x56hrh0w"}
{"type":"operationStart","subtype":"recipe","name":"chrome-pdf","timestamp":1744208151113,"id":"j0l6e9ltfv6l290","previousEventId":"h481gqic4nuq32u","operationId":"8kvroxhzfg5txu3","previousOperationId":"h9fnnz6x56hrh0w"}
{"type":"log","timestamp":1744208151113,"level":"debug","message":"Executing recipe chrome-pdf","meta":{"rootId":"eb6appkwvsmu75c","id":"eb6appkwvsmu75c"},"id":"3ymok3djm7ebhc0","previousOperationId":"8kvroxhzfg5txu3"}
{"type":"log","timestamp":1744208151116,"level":"debug","message":"Converting with chrome Chrome/133.0.6943.126 using chrome-pool strategy","meta":{"rootId":"eb6appkwvsmu75c","id":"eb6appkwvsmu75c"},"id":"0fatw5txyj8t22f","previousOperationId":"8kvroxhzfg5txu3"}
{"type":"log","timestamp":1744208151181,"level":"debug","message":"Page request: GET (document) file:///C:/Users/Patheo24/AppData/Local/Temp/jsreport/autocleanup/6f9dd75c-3b09-426f-acfd-da714f64b729-chrome-pdf.html","meta":{"rootId":"eb6appkwvsmu75c","id":"eb6appkwvsmu75c"},"id":"fv255643jkgtwji","previousOperationId":"8kvroxhzfg5txu3"}
{"type":"log","timestamp":1744208151210,"level":"debug","message":"Page request finished: GET (document) 200 file:///C:/Users/Patheo24/AppData/Local/Temp/jsreport/autocleanup/6f9dd75c-3b09-426f-acfd-da714f64b729-chrome-pdf.html","meta":{"rootId":"eb6appkwvsmu75c","id":"eb6appkwvsmu75c"},"id":"hiwimwjyuxdr2wd","previousOperationId":"8kvroxhzfg5txu3"}
{"type":"log","timestamp":1744208151214,"level":"debug","message":"(console:info) Slow network is detected. See https://www.chromestatus.com/feature/5636954674692096 for more details. Fallback font will be used while loading: http://localhost:5488/fonts/kalpurush.ttf","meta":{"userLevel":true,"rootId":"eb6appkwvsmu75c","id":"eb6appkwvsmu75c"},"id":"sy59q1s5qe01m53","previousOperationId":"8kvroxhzfg5txu3"}
{"type":"log","timestamp":1744208151214,"level":"debug","message":"Page request: GET (image) https://res.cloudinary.com/dpes1dyqb/image/upload/v1738768933/logo_myycxt.jpg","meta":{"rootId":"eb6appkwvsmu75c","id":"eb6appkwvsmu75c"},"id":"kqvrn4xzahzxo5u","previousOperationId":"8kvroxhzfg5txu3"}
{"type":"log","timestamp":1744208151215,"level":"debug","message":"Page request: GET (font) http://localhost:5488/fonts/kalpurush.ttf","meta":{"rootId":"eb6appkwvsmu75c","id":"eb6appkwvsmu75c"},"id":"g931vip9nyb6lx2","previousOperationId":"8kvroxhzfg5txu3"}
{"type":"log","timestamp":1744208151267,"level":"debug","message":"Page request: GET (font) http://localhost:5488/fonts/kalpurush.ttf","meta":{"rootId":"eb6appkwvsmu75c","id":"eb6appkwvsmu75c"},"id":"02l04wfdyy99944","previousOperationId":"8kvroxhzfg5txu3"}
{"type":"log","timestamp":1744208151267,"level":"debug","message":"Page request finished: GET (image) 200 https://res.cloudinary.com/dpes1dyqb/image/upload/v1738768933/logo_myycxt.jpg","meta":{"rootId":"eb6appkwvsmu75c","id":"eb6appkwvsmu75c"},"id":"ayi7b34bjz7sgmu","previousOperationId":"8kvroxhzfg5txu3"}
{"type":"log","timestamp":1744208151281,"level":"debug","message":"(console:error) Failed to load resource: the server responded with a status of 404 (Not Found)","meta":{"userLevel":true,"rootId":"eb6appkwvsmu75c","id":"eb6appkwvsmu75c"},"id":"85s8kgtm1qrer5w","previousOperationId":"8kvroxhzfg5txu3"}
{"type":"log","timestamp":1744208151281,"level":"warn","message":"Page request failed: GET (font) http://localhost:5488/fonts/kalpurush.ttf, failure: net::ERR_ABORTED","meta":{"rootId":"eb6appkwvsmu75c","id":"eb6appkwvsmu75c"},"id":"zsq82xy63w0vvo7","previousOperationId":"8kvroxhzfg5txu3"}
{"type":"log","timestamp":1744208151288,"level":"debug","message":"Running chrome with params {\"printBackground\":true,\"format\":\"A5\",\"marginRight\":\"\",\"height\":\"\",\"marginTop\":\"\",\"marginBottom\":\"\",\"marginLeft\":\"\",\"displayHeaderFooter\":true,\"width\":\"\",\"timeout\":59965,\"margin\":{\"top\":\"\",\"right\":\"\",\"bottom\":\"\",\"left\":\"\"}}","meta":{"rootId":"eb6appkwvsmu75c","id":"eb6appkwvsmu75c"},"id":"0jegh5755cm8xr4","previousOperationId":"8kvroxhzfg5txu3"}
{"type":"operationEnd","operationId":"8kvroxhzfg5txu3","timestamp":1744208151603,"id":"rcj09luh68feaz3","previousEventId":"j0l6e9ltfv6l290","previousOperationId":"8kvroxhzfg5txu3"}
{"type":"log","timestamp":1744208151603,"level":"debug","message":"Skipping storing report.","meta":{"rootId":"eb6appkwvsmu75c","id":"eb6appkwvsmu75c"},"id":"xifekhmxta0dudh","previousOperationId":"8kvroxhzfg5txu3"}
{"type":"log","timestamp":1744208151603,"level":"info","message":"Rendering request 82 finished in 523 ms","meta":{"rootId":"eb6appkwvsmu75c","id":"eb6appkwvsmu75c"},"id":"i3xj7ahwjqaoesr","previousOperationId":"8kvroxhzfg5txu3"}
{"type":"operationEnd","subtype":"render","operationId":"p1zwibjrhzdm6eh","timestamp":1744208151603,"id":"qydidvjufeyc2to","previousEventId":"rcj09luh68feaz3","previousOperationId":"8kvroxhzfg5txu3"}
{"type":"operationEnd","doDiffs":false,"previousEventId":"hx318ahddf73ks0","previousOperationId":"mvnsifb87e86av0","operationId":"mvnsifb87e86av0","timestamp":1744208151606,"id":"one99mlfkbz1p5m"}
