{"type":"operationStart","subtype":"profile","data":{"_id":"BEFpGsvqUj6HSgEz","timestamp":"2025-04-09T06:37:48.050Z","state":"queued","mode":"standard","creationDate":"2025-04-09T06:37:48.052Z","modificationDate":"2025-04-09T06:37:48.052Z","shortid":"lhCB8Ly","$entitySet":"profiles"},"doDiffs":false,"timestamp":1744180668051,"id":"rt3ey0bzytyqvmr","previousOperationId":null,"operationId":"g5qtzp0sveigv42"}
{"type":"log","level":"info","message":"Render request 16 queued for execution and waiting for available worker","previousOperationId":"g5qtzp0sveigv42","timestamp":1744180668051,"id":"72avcgfmvh0azfy"}
{"type":"operationStart","subtype":"render","name":"myTemplate","previousOperationId":"g5qtzp0sveigv42","timestamp":1744180668066,"id":"556h8o2rsabgqoc","previousEventId":"rt3ey0bzytyqvmr","operationId":"issimgmamyfxlyj"}
{"type":"log","timestamp":1744180668066,"level":"info","message":"Starting rendering request 16","meta":{"rootId":"ecnz9vbus7kkici","id":"ecnz9vbus7kkici"},"id":"m4v9cdjekbkloru","previousOperationId":"issimgmamyfxlyj"}
{"type":"log","timestamp":1744180668067,"level":"info","message":"Rendering template { name: myTemplate, recipe: chrome-pdf, engine: handlebars, preview: true }","meta":{"rootId":"ecnz9vbus7kkici","id":"ecnz9vbus7kkici"},"id":"zkndgr79rt33eu8","previousOperationId":"issimgmamyfxlyj"}
{"type":"log","timestamp":1744180668068,"level":"debug","message":"Inline data specified.","meta":{"rootId":"ecnz9vbus7kkici","id":"ecnz9vbus7kkici"},"id":"xwqmfceu2qn24l4","previousOperationId":"issimgmamyfxlyj"}
{"type":"log","timestamp":1744180668069,"level":"debug","message":"Base url not specified, skipping its injection.","meta":{"rootId":"ecnz9vbus7kkici","id":"ecnz9vbus7kkici"},"id":"via3xj3vvpq251f","previousOperationId":"issimgmamyfxlyj"}
{"type":"operationStart","subtype":"engine","name":"handlebars","timestamp":1744180668069,"id":"pf9dsbhms1ioba8","previousEventId":"556h8o2rsabgqoc","operationId":"2pqiqu8eew9fqtd","previousOperationId":"issimgmamyfxlyj"}
{"type":"log","timestamp":1744180668069,"level":"debug","message":"Rendering engine handlebars","meta":{"rootId":"ecnz9vbus7kkici","id":"ecnz9vbus7kkici"},"id":"8uufhcd8ra7popk","previousOperationId":"2pqiqu8eew9fqtd"}
{"type":"operationEnd","operationId":"2pqiqu8eew9fqtd","timestamp":1744180668086,"id":"ym7ffdcnv7ula0p","previousEventId":"pf9dsbhms1ioba8","previousOperationId":"2pqiqu8eew9fqtd"}
{"type":"operationStart","subtype":"recipe","name":"chrome-pdf","timestamp":1744180668086,"id":"pfcgrxyjo4ir5me","previousEventId":"ym7ffdcnv7ula0p","operationId":"sczagppfuus4nx8","previousOperationId":"2pqiqu8eew9fqtd"}
{"type":"log","timestamp":1744180668086,"level":"debug","message":"Executing recipe chrome-pdf","meta":{"rootId":"ecnz9vbus7kkici","id":"ecnz9vbus7kkici"},"id":"t976e2uq6rxhdij","previousOperationId":"sczagppfuus4nx8"}
{"type":"log","timestamp":1744180668089,"level":"debug","message":"Converting with chrome Chrome/133.0.6943.126 using chrome-pool strategy","meta":{"rootId":"ecnz9vbus7kkici","id":"ecnz9vbus7kkici"},"id":"0gjw6fagbk1yd3t","previousOperationId":"sczagppfuus4nx8"}
{"type":"log","timestamp":1744180668168,"level":"debug","message":"Page request: GET (document) file:///C:/Users/Patheo24/AppData/Local/Temp/jsreport/autocleanup/45222300-1638-4ea2-8910-fbac1532818e-chrome-pdf.html","meta":{"rootId":"ecnz9vbus7kkici","id":"ecnz9vbus7kkici"},"id":"kamo9xwdtvupqkz","previousOperationId":"sczagppfuus4nx8"}
{"type":"log","timestamp":1744180668194,"level":"debug","message":"Page request finished: GET (document) 200 file:///C:/Users/Patheo24/AppData/Local/Temp/jsreport/autocleanup/45222300-1638-4ea2-8910-fbac1532818e-chrome-pdf.html","meta":{"rootId":"ecnz9vbus7kkici","id":"ecnz9vbus7kkici"},"id":"pr4pmsmu7zibu4i","previousOperationId":"sczagppfuus4nx8"}
{"type":"log","timestamp":1744180668194,"level":"debug","message":"Page request: GET (image) https://res.cloudinary.com/dpes1dyqb/image/upload/v1738768933/logo_myycxt.jpg","meta":{"rootId":"ecnz9vbus7kkici","id":"ecnz9vbus7kkici"},"id":"tr9uh8r0ywm9ahd","previousOperationId":"sczagppfuus4nx8"}
{"type":"log","timestamp":1744180668199,"level":"debug","message":"(console:info) Slow network is detected. See https://www.chromestatus.com/feature/5636954674692096 for more details. Fallback font will be used while loading: http://localhost:5488/fonts/kalpurush.ttf","meta":{"userLevel":true,"rootId":"ecnz9vbus7kkici","id":"ecnz9vbus7kkici"},"id":"5fcfke3deo1lo2k","previousOperationId":"sczagppfuus4nx8"}
{"type":"log","timestamp":1744180668200,"level":"debug","message":"Page request: GET (font) http://localhost:5488/fonts/kalpurush.ttf","meta":{"rootId":"ecnz9vbus7kkici","id":"ecnz9vbus7kkici"},"id":"dnam6v1qb2oltab","previousOperationId":"sczagppfuus4nx8"}
{"type":"log","timestamp":1744180668251,"level":"debug","message":"Page request: GET (font) http://localhost:5488/fonts/kalpurush.ttf","meta":{"rootId":"ecnz9vbus7kkici","id":"ecnz9vbus7kkici"},"id":"fo9z380usvthwb0","previousOperationId":"sczagppfuus4nx8"}
{"type":"log","timestamp":1744180668252,"level":"debug","message":"Page request finished: GET (image) 200 https://res.cloudinary.com/dpes1dyqb/image/upload/v1738768933/logo_myycxt.jpg","meta":{"rootId":"ecnz9vbus7kkici","id":"ecnz9vbus7kkici"},"id":"9aqdhjgjbc3m1my","previousOperationId":"sczagppfuus4nx8"}
{"type":"log","timestamp":1744180668258,"level":"debug","message":"(console:error) Failed to load resource: the server responded with a status of 404 (Not Found)","meta":{"userLevel":true,"rootId":"ecnz9vbus7kkici","id":"ecnz9vbus7kkici"},"id":"nfsv4fl9yxufsya","previousOperationId":"sczagppfuus4nx8"}
{"type":"log","timestamp":1744180668259,"level":"warn","message":"Page request failed: GET (font) http://localhost:5488/fonts/kalpurush.ttf, failure: net::ERR_ABORTED","meta":{"rootId":"ecnz9vbus7kkici","id":"ecnz9vbus7kkici"},"id":"cv4dk7g6ijknd7g","previousOperationId":"sczagppfuus4nx8"}
{"type":"log","timestamp":1744180668281,"level":"debug","message":"Running chrome with params {\"printBackground\":true,\"timeout\":59961,\"margin\":{}}","meta":{"rootId":"ecnz9vbus7kkici","id":"ecnz9vbus7kkici"},"id":"czbzeiyk0hdp56a","previousOperationId":"sczagppfuus4nx8"}
{"type":"operationEnd","operationId":"sczagppfuus4nx8","timestamp":1744180668593,"id":"r3mtsd2dkc3etd0","previousEventId":"pfcgrxyjo4ir5me","previousOperationId":"sczagppfuus4nx8"}
{"type":"log","timestamp":1744180668593,"level":"debug","message":"Skipping storing report.","meta":{"rootId":"ecnz9vbus7kkici","id":"ecnz9vbus7kkici"},"id":"qecydm1sz8pkvrk","previousOperationId":"sczagppfuus4nx8"}
{"type":"log","timestamp":1744180668593,"level":"info","message":"Rendering request 16 finished in 544 ms","meta":{"rootId":"ecnz9vbus7kkici","id":"ecnz9vbus7kkici"},"id":"k62rrk2ci2ailqv","previousOperationId":"sczagppfuus4nx8"}
{"type":"operationEnd","subtype":"render","operationId":"issimgmamyfxlyj","timestamp":1744180668593,"id":"emuxpv9nw8e7yom","previousEventId":"r3mtsd2dkc3etd0","previousOperationId":"sczagppfuus4nx8"}
{"type":"operationEnd","doDiffs":false,"previousEventId":"rt3ey0bzytyqvmr","previousOperationId":"g5qtzp0sveigv42","operationId":"g5qtzp0sveigv42","timestamp":1744180668599,"id":"cml1pmpl6zqk312"}
