{"type":"operationStart","subtype":"profile","data":{"_id":"llIrVtCC1xdvLiUg","timestamp":"2025-04-09T14:41:31.798Z","state":"queued","mode":"standard","creationDate":"2025-04-09T14:41:31.800Z","modificationDate":"2025-04-09T14:41:31.800Z","shortid":"eGoYbaI","$entitySet":"profiles"},"doDiffs":false,"timestamp":1744209691799,"id":"b7g5l7liqa16xeg","previousOperationId":null,"operationId":"fp2hps8faldzwsl"}
{"type":"log","level":"info","message":"Render request 119 queued for execution and waiting for available worker","previousOperationId":"fp2hps8faldzwsl","timestamp":1744209691799,"id":"stvefp12c0ctfcg"}
{"type":"operationStart","subtype":"render","name":"myTemplate","previousOperationId":"fp2hps8faldzwsl","timestamp":1744209691812,"id":"jctajd5bg9ebpzr","previousEventId":"b7g5l7liqa16xeg","operationId":"u5kf7y2elos44el"}
{"type":"log","timestamp":1744209691812,"level":"info","message":"Starting rendering request 119","meta":{"rootId":"eehzhv4qha2uy8c","id":"eehzhv4qha2uy8c"},"id":"47eqi8wyjmazp53","previousOperationId":"u5kf7y2elos44el"}
{"type":"log","timestamp":1744209691812,"level":"info","message":"Rendering template { name: myTemplate, recipe: chrome-pdf, engine: handlebars, preview: true }","meta":{"rootId":"eehzhv4qha2uy8c","id":"eehzhv4qha2uy8c"},"id":"j90m05mkxjl5p5k","previousOperationId":"u5kf7y2elos44el"}
{"type":"log","timestamp":1744209691813,"level":"debug","message":"Inline data specified.","meta":{"rootId":"eehzhv4qha2uy8c","id":"eehzhv4qha2uy8c"},"id":"gao9okjv9stqo4j","previousOperationId":"u5kf7y2elos44el"}
{"type":"log","timestamp":1744209691814,"level":"debug","message":"Base url not specified, skipping its injection.","meta":{"rootId":"eehzhv4qha2uy8c","id":"eehzhv4qha2uy8c"},"id":"ix6qp6ojbeh7ty3","previousOperationId":"u5kf7y2elos44el"}
{"type":"operationStart","subtype":"engine","name":"handlebars","timestamp":1744209691814,"id":"zqb52rmvcok4gjb","previousEventId":"jctajd5bg9ebpzr","operationId":"ud6q2mg1h5y2vvh","previousOperationId":"u5kf7y2elos44el"}
{"type":"log","timestamp":1744209691814,"level":"debug","message":"Rendering engine handlebars","meta":{"rootId":"eehzhv4qha2uy8c","id":"eehzhv4qha2uy8c"},"id":"tckalo0isbx2tug","previousOperationId":"ud6q2mg1h5y2vvh"}
{"type":"operationEnd","operationId":"ud6q2mg1h5y2vvh","timestamp":1744209691878,"id":"mbpq7vpai4ob4do","previousEventId":"zqb52rmvcok4gjb","previousOperationId":"ud6q2mg1h5y2vvh"}
{"type":"operationStart","subtype":"recipe","name":"chrome-pdf","timestamp":1744209691879,"id":"9e5up7wad3boxgu","previousEventId":"mbpq7vpai4ob4do","operationId":"98acm7o2z4b24c8","previousOperationId":"ud6q2mg1h5y2vvh"}
{"type":"log","timestamp":1744209691879,"level":"debug","message":"Executing recipe chrome-pdf","meta":{"rootId":"eehzhv4qha2uy8c","id":"eehzhv4qha2uy8c"},"id":"9b157hjxwjqq3cr","previousOperationId":"98acm7o2z4b24c8"}
{"type":"log","timestamp":1744209691891,"level":"debug","message":"Converting with chrome Chrome/133.0.6943.126 using chrome-pool strategy","meta":{"rootId":"eehzhv4qha2uy8c","id":"eehzhv4qha2uy8c"},"id":"7bhlru18f5q3fy5","previousOperationId":"98acm7o2z4b24c8"}
{"type":"log","timestamp":1744209691964,"level":"debug","message":"Page request: GET (document) file:///C:/Users/Patheo24/AppData/Local/Temp/jsreport/autocleanup/63baf9c7-22f3-4598-bb06-0ed0658d7e67-chrome-pdf.html","meta":{"rootId":"eehzhv4qha2uy8c","id":"eehzhv4qha2uy8c"},"id":"25qjsm2hog49i98","previousOperationId":"98acm7o2z4b24c8"}
{"type":"log","timestamp":1744209691984,"level":"debug","message":"Page request finished: GET (document) 200 file:///C:/Users/Patheo24/AppData/Local/Temp/jsreport/autocleanup/63baf9c7-22f3-4598-bb06-0ed0658d7e67-chrome-pdf.html","meta":{"rootId":"eehzhv4qha2uy8c","id":"eehzhv4qha2uy8c"},"id":"h8nfej9yv0xlvu8","previousOperationId":"98acm7o2z4b24c8"}
{"type":"log","timestamp":1744209691986,"level":"debug","message":"Page request: GET (image) https://res.cloudinary.com/dpes1dyqb/image/upload/v1738768933/logo_myycxt.jpg","meta":{"rootId":"eehzhv4qha2uy8c","id":"eehzhv4qha2uy8c"},"id":"dohuw1dvuxk6epf","previousOperationId":"98acm7o2z4b24c8"}
{"type":"log","timestamp":1744209691995,"level":"debug","message":"Page request: GET (font) http://localhost:5488/fonts/kalpurush.ttf","meta":{"rootId":"eehzhv4qha2uy8c","id":"eehzhv4qha2uy8c"},"id":"lud47zvesoacjmh","previousOperationId":"98acm7o2z4b24c8"}
{"type":"log","timestamp":1744209692038,"level":"debug","message":"Page request finished: GET (image) 200 https://res.cloudinary.com/dpes1dyqb/image/upload/v1738768933/logo_myycxt.jpg","meta":{"rootId":"eehzhv4qha2uy8c","id":"eehzhv4qha2uy8c"},"id":"r96z9c9n6cbna7f","previousOperationId":"98acm7o2z4b24c8"}
{"type":"log","timestamp":1744209692038,"level":"debug","message":"Page request: GET (font) http://localhost:5488/fonts/kalpurush.ttf","meta":{"rootId":"eehzhv4qha2uy8c","id":"eehzhv4qha2uy8c"},"id":"a9lamg5dneauffb","previousOperationId":"98acm7o2z4b24c8"}
{"type":"log","timestamp":1744209692047,"level":"debug","message":"(console:error) Failed to load resource: the server responded with a status of 404 (Not Found)","meta":{"userLevel":true,"rootId":"eehzhv4qha2uy8c","id":"eehzhv4qha2uy8c"},"id":"79j3gkmpbnox034","previousOperationId":"98acm7o2z4b24c8"}
{"type":"log","timestamp":1744209692047,"level":"warn","message":"Page request failed: GET (font) http://localhost:5488/fonts/kalpurush.ttf, failure: net::ERR_ABORTED","meta":{"rootId":"eehzhv4qha2uy8c","id":"eehzhv4qha2uy8c"},"id":"u9wrpzt530zganp","previousOperationId":"98acm7o2z4b24c8"}
{"type":"log","timestamp":1744209692057,"level":"debug","message":"Running chrome with params {\"printBackground\":true,\"format\":\"A5\",\"marginRight\":\"\",\"height\":\"\",\"marginTop\":\"\",\"marginBottom\":\"\",\"marginLeft\":\"\",\"displayHeaderFooter\":true,\"width\":\"\",\"timeout\":59908,\"margin\":{\"top\":\"\",\"right\":\"\",\"bottom\":\"\",\"left\":\"\"}}","meta":{"rootId":"eehzhv4qha2uy8c","id":"eehzhv4qha2uy8c"},"id":"nh1wf93pyxp6ugs","previousOperationId":"98acm7o2z4b24c8"}
{"type":"operationEnd","operationId":"98acm7o2z4b24c8","timestamp":1744209692372,"id":"z4ib5yrd3wabo1a","previousEventId":"9e5up7wad3boxgu","previousOperationId":"98acm7o2z4b24c8"}
{"type":"log","timestamp":1744209692372,"level":"debug","message":"Skipping storing report.","meta":{"rootId":"eehzhv4qha2uy8c","id":"eehzhv4qha2uy8c"},"id":"iyzlbdstsesscyc","previousOperationId":"98acm7o2z4b24c8"}
{"type":"log","timestamp":1744209692372,"level":"info","message":"Rendering request 119 finished in 574 ms","meta":{"rootId":"eehzhv4qha2uy8c","id":"eehzhv4qha2uy8c"},"id":"7allxa1jrsfze22","previousOperationId":"98acm7o2z4b24c8"}
{"type":"operationEnd","subtype":"render","operationId":"u5kf7y2elos44el","timestamp":1744209692372,"id":"pvt0k1izqs5delk","previousEventId":"z4ib5yrd3wabo1a","previousOperationId":"98acm7o2z4b24c8"}
{"type":"operationEnd","doDiffs":false,"previousEventId":"b7g5l7liqa16xeg","previousOperationId":"fp2hps8faldzwsl","operationId":"fp2hps8faldzwsl","timestamp":1744209692374,"id":"6yvb82nqw70wh5m"}
