{"type":"operationStart","subtype":"profile","data":{"_id":"S2TFFlz9gD67hd0X","timestamp":"2025-04-09T13:37:38.995Z","state":"queued","mode":"standard","creationDate":"2025-04-09T13:37:38.997Z","modificationDate":"2025-04-09T13:37:38.997Z","shortid":"VNjm1dD","$entitySet":"profiles"},"doDiffs":false,"timestamp":1744205858996,"id":"48h7xv2vp8v7nhk","previousOperationId":null,"operationId":"1wce6dvj9akiubr"}
{"type":"log","level":"info","message":"Render request 16 queued for execution and waiting for available worker","previousOperationId":"1wce6dvj9akiubr","timestamp":1744205858996,"id":"tpc40ftkiwkpflr"}
{"type":"operationStart","subtype":"render","name":"myTemplate","previousOperationId":"1wce6dvj9akiubr","timestamp":1744205859008,"id":"ygmx8rggpuk6gxu","previousEventId":"48h7xv2vp8v7nhk","operationId":"yluepd8sbbm1c09"}
{"type":"log","timestamp":1744205859008,"level":"info","message":"Starting rendering request 16","meta":{"rootId":"eh2blxwbozw05ix","id":"eh2blxwbozw05ix"},"id":"m3mmi75vw4yrtwg","previousOperationId":"yluepd8sbbm1c09"}
{"type":"log","timestamp":1744205859008,"level":"info","message":"Rendering template { name: myTemplate, recipe: chrome-pdf, engine: handlebars, preview: true }","meta":{"rootId":"eh2blxwbozw05ix","id":"eh2blxwbozw05ix"},"id":"dlxxop59wblp8mv","previousOperationId":"yluepd8sbbm1c09"}
{"type":"log","timestamp":1744205859012,"level":"debug","message":"Adding sample data HUavgV0Kc","meta":{"rootId":"eh2blxwbozw05ix","id":"eh2blxwbozw05ix"},"id":"bm4ls7u3mlw254b","previousOperationId":"yluepd8sbbm1c09"}
{"type":"log","timestamp":1744205859014,"level":"debug","message":"Base url not specified, skipping its injection.","meta":{"rootId":"eh2blxwbozw05ix","id":"eh2blxwbozw05ix"},"id":"3yegirxs8c1fdmy","previousOperationId":"yluepd8sbbm1c09"}
{"type":"operationStart","subtype":"engine","name":"handlebars","timestamp":1744205859014,"id":"939ffsnu13v9lcq","previousEventId":"ygmx8rggpuk6gxu","operationId":"00se49s75ma5lt8","previousOperationId":"yluepd8sbbm1c09"}
{"type":"log","timestamp":1744205859014,"level":"debug","message":"Rendering engine handlebars","meta":{"rootId":"eh2blxwbozw05ix","id":"eh2blxwbozw05ix"},"id":"txrg3phupk1dx2h","previousOperationId":"00se49s75ma5lt8"}
{"type":"operationEnd","operationId":"00se49s75ma5lt8","timestamp":1744205859022,"id":"w5ncj8sc044ng35","previousEventId":"939ffsnu13v9lcq","previousOperationId":"00se49s75ma5lt8"}
{"type":"operationStart","subtype":"recipe","name":"chrome-pdf","timestamp":1744205859023,"id":"k38jmsny1kdatqa","previousEventId":"w5ncj8sc044ng35","operationId":"5ehpf1t5ztrwjyk","previousOperationId":"00se49s75ma5lt8"}
{"type":"log","timestamp":1744205859023,"level":"debug","message":"Executing recipe chrome-pdf","meta":{"rootId":"eh2blxwbozw05ix","id":"eh2blxwbozw05ix"},"id":"66lu47q9yjfgojk","previousOperationId":"5ehpf1t5ztrwjyk"}
{"type":"log","timestamp":1744205859026,"level":"debug","message":"Converting with chrome Chrome/133.0.6943.126 using chrome-pool strategy","meta":{"rootId":"eh2blxwbozw05ix","id":"eh2blxwbozw05ix"},"id":"hpmi0i5hik0i7hu","previousOperationId":"5ehpf1t5ztrwjyk"}
{"type":"log","timestamp":1744205859096,"level":"debug","message":"Page request: GET (document) file:///C:/Users/Patheo24/AppData/Local/Temp/jsreport/autocleanup/378e201c-5699-447c-bac4-0fd1f75e323f-chrome-pdf.html","meta":{"rootId":"eh2blxwbozw05ix","id":"eh2blxwbozw05ix"},"id":"2x62wrpjxhbe5kx","previousOperationId":"5ehpf1t5ztrwjyk"}
{"type":"log","timestamp":1744205859126,"level":"debug","message":"Page request finished: GET (document) 200 file:///C:/Users/Patheo24/AppData/Local/Temp/jsreport/autocleanup/378e201c-5699-447c-bac4-0fd1f75e323f-chrome-pdf.html","meta":{"rootId":"eh2blxwbozw05ix","id":"eh2blxwbozw05ix"},"id":"vcr5n3pxhlhssze","previousOperationId":"5ehpf1t5ztrwjyk"}
{"type":"log","timestamp":1744205859130,"level":"debug","message":"Page request: GET (image) https://res.cloudinary.com/dpes1dyqb/image/upload/v1738768933/logo_myycxt.jpg","meta":{"rootId":"eh2blxwbozw05ix","id":"eh2blxwbozw05ix"},"id":"fi13latm2st5u85","previousOperationId":"5ehpf1t5ztrwjyk"}
{"type":"log","timestamp":1744205859130,"level":"debug","message":"Page request: GET (font) http://localhost:5488/fonts/kalpurush.ttf","meta":{"rootId":"eh2blxwbozw05ix","id":"eh2blxwbozw05ix"},"id":"anmwhptgzbtdo16","previousOperationId":"5ehpf1t5ztrwjyk"}
{"type":"log","timestamp":1744205859134,"level":"debug","message":"Page request: GET (font) http://localhost:5488/fonts/kalpurush.ttf","meta":{"rootId":"eh2blxwbozw05ix","id":"eh2blxwbozw05ix"},"id":"y6wedfinys843r8","previousOperationId":"5ehpf1t5ztrwjyk"}
{"type":"log","timestamp":1744205859136,"level":"debug","message":"Page request finished: GET (image) 200 https://res.cloudinary.com/dpes1dyqb/image/upload/v1738768933/logo_myycxt.jpg","meta":{"rootId":"eh2blxwbozw05ix","id":"eh2blxwbozw05ix"},"id":"jrcbrah7ehkdk0y","previousOperationId":"5ehpf1t5ztrwjyk"}
{"type":"log","timestamp":1744205859177,"level":"debug","message":"(console:error) Failed to load resource: the server responded with a status of 404 (Not Found)","meta":{"userLevel":true,"rootId":"eh2blxwbozw05ix","id":"eh2blxwbozw05ix"},"id":"plug661mxwawq6c","previousOperationId":"5ehpf1t5ztrwjyk"}
{"type":"log","timestamp":1744205859178,"level":"warn","message":"Page request failed: GET (font) http://localhost:5488/fonts/kalpurush.ttf, failure: net::ERR_ABORTED","meta":{"rootId":"eh2blxwbozw05ix","id":"eh2blxwbozw05ix"},"id":"qgu0wsy1es4v8xl","previousOperationId":"5ehpf1t5ztrwjyk"}
{"type":"log","timestamp":1744205859185,"level":"debug","message":"Running chrome with params {\"printBackground\":true,\"timeout\":59970,\"margin\":{}}","meta":{"rootId":"eh2blxwbozw05ix","id":"eh2blxwbozw05ix"},"id":"jm30utlswltscim","previousOperationId":"5ehpf1t5ztrwjyk"}
{"type":"operationEnd","operationId":"5ehpf1t5ztrwjyk","timestamp":1744205859532,"id":"fe4xbqwm9zpyuvl","previousEventId":"k38jmsny1kdatqa","previousOperationId":"5ehpf1t5ztrwjyk"}
{"type":"log","timestamp":1744205859532,"level":"debug","message":"Skipping storing report.","meta":{"rootId":"eh2blxwbozw05ix","id":"eh2blxwbozw05ix"},"id":"31u637gk5obtayv","previousOperationId":"5ehpf1t5ztrwjyk"}
{"type":"log","timestamp":1744205859532,"level":"info","message":"Rendering request 16 finished in 537 ms","meta":{"rootId":"eh2blxwbozw05ix","id":"eh2blxwbozw05ix"},"id":"ryaoyorzxzi5rgq","previousOperationId":"5ehpf1t5ztrwjyk"}
{"type":"operationEnd","subtype":"render","operationId":"yluepd8sbbm1c09","timestamp":1744205859532,"id":"er9l5z1q9m92mrk","previousEventId":"fe4xbqwm9zpyuvl","previousOperationId":"5ehpf1t5ztrwjyk"}
{"type":"operationEnd","doDiffs":false,"previousEventId":"48h7xv2vp8v7nhk","previousOperationId":"1wce6dvj9akiubr","operationId":"1wce6dvj9akiubr","timestamp":1744205859538,"id":"zskes9104jd8yjq"}
