{"type":"operationStart","subtype":"profile","data":{"_id":"qLMIqjswC3DnD8ha","timestamp":"2025-04-09T10:38:43.015Z","state":"queued","mode":"standard","creationDate":"2025-04-09T10:38:43.017Z","modificationDate":"2025-04-09T10:38:43.017Z","shortid":"Aj5rlPA","$entitySet":"profiles"},"doDiffs":false,"timestamp":1744195123016,"id":"dguxtu2fhf5lxn8","previousOperationId":null,"operationId":"5nnmw68ccuphnva"}
{"type":"log","level":"info","message":"Render request 15 queued for execution and waiting for available worker","previousOperationId":"5nnmw68ccuphnva","timestamp":1744195123016,"id":"ktjy8kbmgjhjcgv"}
{"type":"operationStart","subtype":"render","name":"myTemplate","previousOperationId":"5nnmw68ccuphnva","timestamp":1744195123031,"id":"pak8d9l27tmm58x","previousEventId":"dguxtu2fhf5lxn8","operationId":"lx4ibq22o06jsts"}
{"type":"log","timestamp":1744195123031,"level":"info","message":"Starting rendering request 15","meta":{"rootId":"envj7jys2lte96n","id":"envj7jys2lte96n"},"id":"20x7yyq009uch4r","previousOperationId":"lx4ibq22o06jsts"}
{"type":"log","timestamp":1744195123031,"level":"info","message":"Rendering template { name: myTemplate, recipe: chrome-pdf, engine: handlebars, preview: true }","meta":{"rootId":"envj7jys2lte96n","id":"envj7jys2lte96n"},"id":"dc78sfxwfgizp3l","previousOperationId":"lx4ibq22o06jsts"}
{"type":"log","timestamp":1744195123032,"level":"debug","message":"Inline data specified.","meta":{"rootId":"envj7jys2lte96n","id":"envj7jys2lte96n"},"id":"var66sepm1osapr","previousOperationId":"lx4ibq22o06jsts"}
{"type":"log","timestamp":1744195123033,"level":"debug","message":"Base url not specified, skipping its injection.","meta":{"rootId":"envj7jys2lte96n","id":"envj7jys2lte96n"},"id":"mdxmbvtmgwb5g97","previousOperationId":"lx4ibq22o06jsts"}
{"type":"operationStart","subtype":"engine","name":"handlebars","timestamp":1744195123033,"id":"7mwp2zp77py0b9g","previousEventId":"pak8d9l27tmm58x","operationId":"5a5nlqzbcuv4op3","previousOperationId":"lx4ibq22o06jsts"}
{"type":"log","timestamp":1744195123033,"level":"debug","message":"Rendering engine handlebars","meta":{"rootId":"envj7jys2lte96n","id":"envj7jys2lte96n"},"id":"d93o2igpcn6f3gh","previousOperationId":"5a5nlqzbcuv4op3"}
{"type":"operationEnd","operationId":"5a5nlqzbcuv4op3","timestamp":1744195123049,"id":"dgbeh5uam59lb3p","previousEventId":"7mwp2zp77py0b9g","previousOperationId":"5a5nlqzbcuv4op3"}
{"type":"operationStart","subtype":"recipe","name":"chrome-pdf","timestamp":1744195123049,"id":"hvb5vdwq3fougr1","previousEventId":"dgbeh5uam59lb3p","operationId":"78v228zmlbopu1m","previousOperationId":"5a5nlqzbcuv4op3"}
{"type":"log","timestamp":1744195123049,"level":"debug","message":"Executing recipe chrome-pdf","meta":{"rootId":"envj7jys2lte96n","id":"envj7jys2lte96n"},"id":"k2grzk3ws52oxbn","previousOperationId":"78v228zmlbopu1m"}
{"type":"log","timestamp":1744195123051,"level":"debug","message":"Converting with chrome Chrome/133.0.6943.126 using chrome-pool strategy","meta":{"rootId":"envj7jys2lte96n","id":"envj7jys2lte96n"},"id":"insky11lfmxi39w","previousOperationId":"78v228zmlbopu1m"}
{"type":"log","timestamp":1744195123127,"level":"debug","message":"Page request: GET (document) file:///C:/Users/Patheo24/AppData/Local/Temp/jsreport/autocleanup/0a01c2ec-7cfd-4a42-97f0-1a84b824d7a1-chrome-pdf.html","meta":{"rootId":"envj7jys2lte96n","id":"envj7jys2lte96n"},"id":"m1ecevt1aym4bgb","previousOperationId":"78v228zmlbopu1m"}
{"type":"log","timestamp":1744195123164,"level":"debug","message":"Page request finished: GET (document) 200 file:///C:/Users/Patheo24/AppData/Local/Temp/jsreport/autocleanup/0a01c2ec-7cfd-4a42-97f0-1a84b824d7a1-chrome-pdf.html","meta":{"rootId":"envj7jys2lte96n","id":"envj7jys2lte96n"},"id":"v6emb8tey7heu9i","previousOperationId":"78v228zmlbopu1m"}
{"type":"log","timestamp":1744195123168,"level":"debug","message":"Page request: GET (image) https://res.cloudinary.com/dpes1dyqb/image/upload/v1738768933/logo_myycxt.jpg","meta":{"rootId":"envj7jys2lte96n","id":"envj7jys2lte96n"},"id":"ol61s3iavudy9mo","previousOperationId":"78v228zmlbopu1m"}
{"type":"log","timestamp":1744195123169,"level":"debug","message":"Page request: GET (font) http://localhost:5488/fonts/kalpurush.ttf","meta":{"rootId":"envj7jys2lte96n","id":"envj7jys2lte96n"},"id":"a0qxn0f43nkmp4f","previousOperationId":"78v228zmlbopu1m"}
{"type":"log","timestamp":1744195123177,"level":"debug","message":"Page request: GET (font) http://localhost:5488/fonts/kalpurush.ttf","meta":{"rootId":"envj7jys2lte96n","id":"envj7jys2lte96n"},"id":"nrl0plsziru5b11","previousOperationId":"78v228zmlbopu1m"}
{"type":"log","timestamp":1744195123241,"level":"debug","message":"Page request finished: GET (image) 200 https://res.cloudinary.com/dpes1dyqb/image/upload/v1738768933/logo_myycxt.jpg","meta":{"rootId":"envj7jys2lte96n","id":"envj7jys2lte96n"},"id":"t87j2e62o39fndp","previousOperationId":"78v228zmlbopu1m"}
{"type":"log","timestamp":1744195123242,"level":"debug","message":"(console:error) Failed to load resource: the server responded with a status of 404 (Not Found)","meta":{"userLevel":true,"rootId":"envj7jys2lte96n","id":"envj7jys2lte96n"},"id":"jfvwquhpuwgoivz","previousOperationId":"78v228zmlbopu1m"}
{"type":"log","timestamp":1744195123243,"level":"warn","message":"Page request failed: GET (font) http://localhost:5488/fonts/kalpurush.ttf, failure: net::ERR_ABORTED","meta":{"rootId":"envj7jys2lte96n","id":"envj7jys2lte96n"},"id":"cnvoqnfcxiko5dx","previousOperationId":"78v228zmlbopu1m"}
{"type":"log","timestamp":1744195123253,"level":"debug","message":"Running chrome with params {\"printBackground\":true,\"timeout\":59964,\"margin\":{}}","meta":{"rootId":"envj7jys2lte96n","id":"envj7jys2lte96n"},"id":"l6o12tql7u082a8","previousOperationId":"78v228zmlbopu1m"}
{"type":"operationEnd","operationId":"78v228zmlbopu1m","timestamp":1744195123579,"id":"141zld06ai9ngbz","previousEventId":"hvb5vdwq3fougr1","previousOperationId":"78v228zmlbopu1m"}
{"type":"log","timestamp":1744195123579,"level":"debug","message":"Skipping storing report.","meta":{"rootId":"envj7jys2lte96n","id":"envj7jys2lte96n"},"id":"qjnk3g9edyn8w8u","previousOperationId":"78v228zmlbopu1m"}
{"type":"log","timestamp":1744195123579,"level":"info","message":"Rendering request 15 finished in 564 ms","meta":{"rootId":"envj7jys2lte96n","id":"envj7jys2lte96n"},"id":"639o0blo4a5bgxy","previousOperationId":"78v228zmlbopu1m"}
{"type":"operationEnd","subtype":"render","operationId":"lx4ibq22o06jsts","timestamp":1744195123579,"id":"2azfa7gixqieobx","previousEventId":"141zld06ai9ngbz","previousOperationId":"78v228zmlbopu1m"}
{"type":"operationEnd","doDiffs":false,"previousEventId":"dguxtu2fhf5lxn8","previousOperationId":"5nnmw68ccuphnva","operationId":"5nnmw68ccuphnva","timestamp":1744195123582,"id":"vr19qrbgtzu61d1"}
