{"type":"operationStart","subtype":"profile","data":{"_id":"UUqJ56S3oIvUCy9b","timestamp":"2025-04-09T14:25:49.712Z","state":"queued","mode":"standard","creationDate":"2025-04-09T14:25:49.714Z","modificationDate":"2025-04-09T14:25:49.714Z","shortid":"XyshA8f","$entitySet":"profiles"},"doDiffs":false,"timestamp":1744208749713,"id":"fmju78gggcbbb1u","previousOperationId":null,"operationId":"4mdyn4kmlyy47cd"}
{"type":"log","level":"info","message":"Render request 97 queued for execution and waiting for available worker","previousOperationId":"4mdyn4kmlyy47cd","timestamp":1744208749713,"id":"61bah2tli13p3bi"}
{"type":"operationStart","subtype":"render","name":"myTemplate","previousOperationId":"4mdyn4kmlyy47cd","timestamp":1744208749727,"id":"09o21bwiuyu8a4t","previousEventId":"fmju78gggcbbb1u","operationId":"uykwu4b5sz8dpyg"}
{"type":"log","timestamp":1744208749727,"level":"info","message":"Starting rendering request 97","meta":{"rootId":"eoy9laif6sj8h94","id":"eoy9laif6sj8h94"},"id":"per5yri1bxatd5x","previousOperationId":"uykwu4b5sz8dpyg"}
{"type":"log","timestamp":1744208749727,"level":"info","message":"Rendering template { name: myTemplate, recipe: chrome-pdf, engine: handlebars, preview: false }","meta":{"rootId":"eoy9laif6sj8h94","id":"eoy9laif6sj8h94"},"id":"pfuakc62yjtp3jk","previousOperationId":"uykwu4b5sz8dpyg"}
{"type":"log","timestamp":1744208749730,"level":"debug","message":"Inline data specified.","meta":{"rootId":"eoy9laif6sj8h94","id":"eoy9laif6sj8h94"},"id":"ho6c80wiciyc65e","previousOperationId":"uykwu4b5sz8dpyg"}
{"type":"log","timestamp":1744208749732,"level":"debug","message":"Base url not specified, skipping its injection.","meta":{"rootId":"eoy9laif6sj8h94","id":"eoy9laif6sj8h94"},"id":"0tkbbquxpqppgk5","previousOperationId":"uykwu4b5sz8dpyg"}
{"type":"operationStart","subtype":"engine","name":"handlebars","timestamp":1744208749733,"id":"l64iuhdz71bpogv","previousEventId":"09o21bwiuyu8a4t","operationId":"5d5t10bbk3r9tw2","previousOperationId":"uykwu4b5sz8dpyg"}
{"type":"log","timestamp":1744208749733,"level":"debug","message":"Rendering engine handlebars","meta":{"rootId":"eoy9laif6sj8h94","id":"eoy9laif6sj8h94"},"id":"6ip5rwa3sgi3ubk","previousOperationId":"5d5t10bbk3r9tw2"}
{"type":"operationEnd","operationId":"5d5t10bbk3r9tw2","timestamp":1744208749748,"id":"2wc4pjr5d25xe6w","previousEventId":"l64iuhdz71bpogv","previousOperationId":"5d5t10bbk3r9tw2"}
{"type":"operationStart","subtype":"recipe","name":"chrome-pdf","timestamp":1744208749749,"id":"ccqtdudjufbslle","previousEventId":"2wc4pjr5d25xe6w","operationId":"kj7f5prq4vw9x4b","previousOperationId":"5d5t10bbk3r9tw2"}
{"type":"log","timestamp":1744208749749,"level":"debug","message":"Executing recipe chrome-pdf","meta":{"rootId":"eoy9laif6sj8h94","id":"eoy9laif6sj8h94"},"id":"ok4qy79s1fowjs3","previousOperationId":"kj7f5prq4vw9x4b"}
{"type":"log","timestamp":1744208749752,"level":"debug","message":"Converting with chrome Chrome/133.0.6943.126 using chrome-pool strategy","meta":{"rootId":"eoy9laif6sj8h94","id":"eoy9laif6sj8h94"},"id":"lho61ov2b2j6grq","previousOperationId":"kj7f5prq4vw9x4b"}
{"type":"log","timestamp":1744208749841,"level":"debug","message":"Page request: GET (document) file:///C:/Users/Patheo24/AppData/Local/Temp/jsreport/autocleanup/1b60283c-c7e1-4154-82a1-6af8591dde18-chrome-pdf.html","meta":{"rootId":"eoy9laif6sj8h94","id":"eoy9laif6sj8h94"},"id":"eaz1200rl5jjccv","previousOperationId":"kj7f5prq4vw9x4b"}
{"type":"log","timestamp":1744208749867,"level":"debug","message":"Page request finished: GET (document) 200 file:///C:/Users/Patheo24/AppData/Local/Temp/jsreport/autocleanup/1b60283c-c7e1-4154-82a1-6af8591dde18-chrome-pdf.html","meta":{"rootId":"eoy9laif6sj8h94","id":"eoy9laif6sj8h94"},"id":"th91q96uih9u6e2","previousOperationId":"kj7f5prq4vw9x4b"}
{"type":"log","timestamp":1744208749876,"level":"debug","message":"Page request: GET (font) http://localhost:5488/fonts/kalpurush.ttf","meta":{"rootId":"eoy9laif6sj8h94","id":"eoy9laif6sj8h94"},"id":"t3o98d17h2exob5","previousOperationId":"kj7f5prq4vw9x4b"}
{"type":"log","timestamp":1744208749878,"level":"debug","message":"Page request: GET (image) https://res.cloudinary.com/dpes1dyqb/image/upload/v1738768933/logo_myycxt.jpg","meta":{"rootId":"eoy9laif6sj8h94","id":"eoy9laif6sj8h94"},"id":"zwb0140hyk972cj","previousOperationId":"kj7f5prq4vw9x4b"}
{"type":"log","timestamp":1744208749917,"level":"debug","message":"Page request: GET (font) http://localhost:5488/fonts/kalpurush.ttf","meta":{"rootId":"eoy9laif6sj8h94","id":"eoy9laif6sj8h94"},"id":"eyzinygkxnfnsiz","previousOperationId":"kj7f5prq4vw9x4b"}
{"type":"log","timestamp":1744208749918,"level":"debug","message":"Page request finished: GET (image) 200 https://res.cloudinary.com/dpes1dyqb/image/upload/v1738768933/logo_myycxt.jpg","meta":{"rootId":"eoy9laif6sj8h94","id":"eoy9laif6sj8h94"},"id":"avtmaoqlonb0kce","previousOperationId":"kj7f5prq4vw9x4b"}
{"type":"log","timestamp":1744208749930,"level":"debug","message":"(console:error) Failed to load resource: the server responded with a status of 404 (Not Found)","meta":{"userLevel":true,"rootId":"eoy9laif6sj8h94","id":"eoy9laif6sj8h94"},"id":"y1t6ageys8buoi9","previousOperationId":"kj7f5prq4vw9x4b"}
{"type":"log","timestamp":1744208749930,"level":"warn","message":"Page request failed: GET (font) http://localhost:5488/fonts/kalpurush.ttf, failure: net::ERR_ABORTED","meta":{"rootId":"eoy9laif6sj8h94","id":"eoy9laif6sj8h94"},"id":"lrf5sj4v1nrjkpo","previousOperationId":"kj7f5prq4vw9x4b"}
{"type":"log","timestamp":1744208749939,"level":"debug","message":"Running chrome with params {\"printBackground\":true,\"format\":\"A5\",\"marginRight\":\"\",\"height\":\"\",\"marginTop\":\"\",\"marginBottom\":\"\",\"marginLeft\":\"\",\"displayHeaderFooter\":true,\"width\":\"\",\"timeout\":59960,\"margin\":{\"top\":\"\",\"right\":\"\",\"bottom\":\"\",\"left\":\"\"}}","meta":{"rootId":"eoy9laif6sj8h94","id":"eoy9laif6sj8h94"},"id":"5mm4urxbestgp53","previousOperationId":"kj7f5prq4vw9x4b"}
{"type":"operationEnd","operationId":"kj7f5prq4vw9x4b","timestamp":1744208750399,"id":"82zqihg8oh07wcn","previousEventId":"ccqtdudjufbslle","previousOperationId":"kj7f5prq4vw9x4b"}
{"type":"log","timestamp":1744208750399,"level":"debug","message":"Skipping storing report.","meta":{"rootId":"eoy9laif6sj8h94","id":"eoy9laif6sj8h94"},"id":"4liwr4ikgxhbhib","previousOperationId":"kj7f5prq4vw9x4b"}
{"type":"log","timestamp":1744208750399,"level":"info","message":"Rendering request 97 finished in 688 ms","meta":{"rootId":"eoy9laif6sj8h94","id":"eoy9laif6sj8h94"},"id":"wefzrdg0pnv1xx6","previousOperationId":"kj7f5prq4vw9x4b"}
{"type":"operationEnd","subtype":"render","operationId":"uykwu4b5sz8dpyg","timestamp":1744208750399,"id":"pfqbp0wmy4qr2bf","previousEventId":"82zqihg8oh07wcn","previousOperationId":"kj7f5prq4vw9x4b"}
{"type":"operationEnd","doDiffs":false,"previousEventId":"fmju78gggcbbb1u","previousOperationId":"4mdyn4kmlyy47cd","operationId":"4mdyn4kmlyy47cd","timestamp":1744208750401,"id":"5dzmcp7kyc8je0c"}
