{"type":"operationStart","subtype":"profile","data":{"_id":"iXEGusdIXfIFQY7P","timestamp":"2025-04-09T14:48:04.942Z","state":"queued","mode":"standard","creationDate":"2025-04-09T14:48:04.944Z","modificationDate":"2025-04-09T14:48:04.944Z","shortid":"vCb9mpI","$entitySet":"profiles"},"doDiffs":false,"timestamp":1744210084943,"id":"j5s9oym83vmz8gx","previousOperationId":null,"operationId":"denae2l685cbwdp"}
{"type":"log","level":"info","message":"Render request 125 queued for execution and waiting for available worker","previousOperationId":"denae2l685cbwdp","timestamp":1744210084943,"id":"28shhhp39h1ouwi"}
{"type":"operationStart","subtype":"render","name":"myTemplate","previousOperationId":"denae2l685cbwdp","timestamp":1744210084955,"id":"s5bpuo29dq6ftz0","previousEventId":"j5s9oym83vmz8gx","operationId":"jj8qetlhewdm1bs"}
{"type":"log","timestamp":1744210084955,"level":"info","message":"Starting rendering request 125","meta":{"rootId":"epgho1af2vnfk77","id":"epgho1af2vnfk77"},"id":"5wuiaq876mdnnjj","previousOperationId":"jj8qetlhewdm1bs"}
{"type":"log","timestamp":1744210084955,"level":"info","message":"Rendering template { name: myTemplate, recipe: chrome-pdf, engine: handlebars, preview: true }","meta":{"rootId":"epgho1af2vnfk77","id":"epgho1af2vnfk77"},"id":"u0g9aurc75qq105","previousOperationId":"jj8qetlhewdm1bs"}
{"type":"log","timestamp":1744210084958,"level":"debug","message":"Adding sample data HUavgV0Kc","meta":{"rootId":"epgho1af2vnfk77","id":"epgho1af2vnfk77"},"id":"b5w59dbac7rr8yq","previousOperationId":"jj8qetlhewdm1bs"}
{"type":"log","timestamp":1744210084959,"level":"debug","message":"Base url not specified, skipping its injection.","meta":{"rootId":"epgho1af2vnfk77","id":"epgho1af2vnfk77"},"id":"v5b43e9eil39p7a","previousOperationId":"jj8qetlhewdm1bs"}
{"type":"operationStart","subtype":"engine","name":"handlebars","timestamp":1744210084959,"id":"46k7ac9hc2t81a9","previousEventId":"s5bpuo29dq6ftz0","operationId":"suzk2rpn6w5lxgc","previousOperationId":"jj8qetlhewdm1bs"}
{"type":"log","timestamp":1744210084959,"level":"debug","message":"Rendering engine handlebars","meta":{"rootId":"epgho1af2vnfk77","id":"epgho1af2vnfk77"},"id":"xt3njhyjmygyzf8","previousOperationId":"suzk2rpn6w5lxgc"}
{"type":"operationEnd","operationId":"suzk2rpn6w5lxgc","timestamp":1744210084982,"id":"essnxigwfkd68kp","previousEventId":"46k7ac9hc2t81a9","previousOperationId":"suzk2rpn6w5lxgc"}
{"type":"operationStart","subtype":"recipe","name":"chrome-pdf","timestamp":1744210084983,"id":"b0j74ohksc38d4l","previousEventId":"essnxigwfkd68kp","operationId":"x9tcyma0g1mtqnn","previousOperationId":"suzk2rpn6w5lxgc"}
{"type":"log","timestamp":1744210084983,"level":"debug","message":"Executing recipe chrome-pdf","meta":{"rootId":"epgho1af2vnfk77","id":"epgho1af2vnfk77"},"id":"mrinrxfchulgezt","previousOperationId":"x9tcyma0g1mtqnn"}
{"type":"log","timestamp":1744210084985,"level":"debug","message":"Converting with chrome Chrome/133.0.6943.126 using chrome-pool strategy","meta":{"rootId":"epgho1af2vnfk77","id":"epgho1af2vnfk77"},"id":"fupf6elaklh9ufo","previousOperationId":"x9tcyma0g1mtqnn"}
{"type":"log","timestamp":1744210085056,"level":"debug","message":"Page request: GET (document) file:///C:/Users/Patheo24/AppData/Local/Temp/jsreport/autocleanup/5c477bfa-cb26-47ed-a13e-a1169d0e38c0-chrome-pdf.html","meta":{"rootId":"epgho1af2vnfk77","id":"epgho1af2vnfk77"},"id":"oh1q1o468iap5ob","previousOperationId":"x9tcyma0g1mtqnn"}
{"type":"log","timestamp":1744210085106,"level":"debug","message":"Page request finished: GET (document) 200 file:///C:/Users/Patheo24/AppData/Local/Temp/jsreport/autocleanup/5c477bfa-cb26-47ed-a13e-a1169d0e38c0-chrome-pdf.html","meta":{"rootId":"epgho1af2vnfk77","id":"epgho1af2vnfk77"},"id":"vwbptsiz6jlgae2","previousOperationId":"x9tcyma0g1mtqnn"}
{"type":"log","timestamp":1744210085109,"level":"debug","message":"Page request: GET (font) http://localhost:5488/fonts/kalpurush.ttf","meta":{"rootId":"epgho1af2vnfk77","id":"epgho1af2vnfk77"},"id":"oj8vpxvjjocu9iy","previousOperationId":"x9tcyma0g1mtqnn"}
{"type":"log","timestamp":1744210085111,"level":"debug","message":"Page request: GET (image) https://res.cloudinary.com/dpes1dyqb/image/upload/v1738768933/logo_myycxt.jpg","meta":{"rootId":"epgho1af2vnfk77","id":"epgho1af2vnfk77"},"id":"gqvpp3b1vkbje6c","previousOperationId":"x9tcyma0g1mtqnn"}
{"type":"log","timestamp":1744210085151,"level":"debug","message":"Page request finished: GET (image) 200 https://res.cloudinary.com/dpes1dyqb/image/upload/v1738768933/logo_myycxt.jpg","meta":{"rootId":"epgho1af2vnfk77","id":"epgho1af2vnfk77"},"id":"eqq924uoxl4kkzw","previousOperationId":"x9tcyma0g1mtqnn"}
{"type":"log","timestamp":1744210085152,"level":"debug","message":"Page request: GET (font) http://localhost:5488/fonts/kalpurush.ttf","meta":{"rootId":"epgho1af2vnfk77","id":"epgho1af2vnfk77"},"id":"aw6wm1a3vxdj917","previousOperationId":"x9tcyma0g1mtqnn"}
{"type":"log","timestamp":1744210085165,"level":"debug","message":"(console:error) Failed to load resource: the server responded with a status of 404 (Not Found)","meta":{"userLevel":true,"rootId":"epgho1af2vnfk77","id":"epgho1af2vnfk77"},"id":"a64ghe8wxjq4f5b","previousOperationId":"x9tcyma0g1mtqnn"}
{"type":"log","timestamp":1744210085166,"level":"warn","message":"Page request failed: GET (font) http://localhost:5488/fonts/kalpurush.ttf, failure: net::ERR_ABORTED","meta":{"rootId":"epgho1af2vnfk77","id":"epgho1af2vnfk77"},"id":"k7p6f1g9jlpjjvu","previousOperationId":"x9tcyma0g1mtqnn"}
{"type":"log","timestamp":1744210085179,"level":"debug","message":"Running chrome with params {\"printBackground\":true,\"format\":\"A5\",\"marginRight\":\"\",\"height\":\"\",\"marginTop\":\"\",\"marginBottom\":\"\",\"marginLeft\":\"\",\"displayHeaderFooter\":true,\"width\":\"\",\"timeout\":59958,\"margin\":{\"top\":\"\",\"right\":\"\",\"bottom\":\"\",\"left\":\"\"}}","meta":{"rootId":"epgho1af2vnfk77","id":"epgho1af2vnfk77"},"id":"kaxg650sbg1bw1v","previousOperationId":"x9tcyma0g1mtqnn"}
{"type":"operationEnd","operationId":"x9tcyma0g1mtqnn","timestamp":1744210085518,"id":"xl51fdtfan3kvep","previousEventId":"b0j74ohksc38d4l","previousOperationId":"x9tcyma0g1mtqnn"}
{"type":"log","timestamp":1744210085518,"level":"debug","message":"Skipping storing report.","meta":{"rootId":"epgho1af2vnfk77","id":"epgho1af2vnfk77"},"id":"30z1jt9ktdhvyme","previousOperationId":"x9tcyma0g1mtqnn"}
{"type":"log","timestamp":1744210085518,"level":"info","message":"Rendering request 125 finished in 576 ms","meta":{"rootId":"epgho1af2vnfk77","id":"epgho1af2vnfk77"},"id":"gp913zubra39s0k","previousOperationId":"x9tcyma0g1mtqnn"}
{"type":"operationEnd","subtype":"render","operationId":"jj8qetlhewdm1bs","timestamp":1744210085518,"id":"bb4a3cii01culm9","previousEventId":"xl51fdtfan3kvep","previousOperationId":"x9tcyma0g1mtqnn"}
{"type":"operationEnd","doDiffs":false,"previousEventId":"j5s9oym83vmz8gx","previousOperationId":"denae2l685cbwdp","operationId":"denae2l685cbwdp","timestamp":1744210085520,"id":"j3qbfgk6z19opgm"}
