{"type":"operationStart","subtype":"profile","data":{"_id":"pc3JqcgXVJOpw9Oc","timestamp":"2025-04-11T14:09:31.243Z","state":"running","mode":"standard","creationDate":"2025-04-11T14:09:31.245Z","modificationDate":"2025-04-11T14:09:31.245Z","shortid":"PLyMVDf","$entitySet":"profiles","timeout":60000,"templateShortid":"2tjN-EB9Yu"},"doDiffs":false,"timestamp":1744380571244,"id":"qdtiafkc1jd2cph","previousOperationId":null,"operationId":"sahimca6wdn5y1l"}
{"type":"log","level":"info","message":"Render request 51 queued for execution and waiting for available worker","previousOperationId":"sahimca6wdn5y1l","timestamp":1744380571244,"id":"2harc3pk1h1o6fk"}
{"type":"operationStart","subtype":"render","name":"myTemplate","previousOperationId":"sahimca6wdn5y1l","timestamp":1744380571250,"id":"94mx4rhxjv0ejbp","previousEventId":"qdtiafkc1jd2cph","operationId":"ek6c3fndky4uohi"}
{"type":"log","timestamp":1744380571250,"level":"info","message":"Starting rendering request 51","meta":{"rootId":"eycshf46p9793d7","id":"eycshf46p9793d7"},"id":"tppb0rxi8bhzk8k","previousOperationId":"ek6c3fndky4uohi"}
{"type":"log","timestamp":1744380571250,"level":"info","message":"Rendering template { name: myTemplate, recipe: chrome-pdf, engine: handlebars, preview: false }","meta":{"rootId":"eycshf46p9793d7","id":"eycshf46p9793d7"},"id":"nm6e5x12ul4ptd2","previousOperationId":"ek6c3fndky4uohi"}
{"type":"log","timestamp":1744380571250,"level":"debug","message":"Inline data specified.","meta":{"rootId":"eycshf46p9793d7","id":"eycshf46p9793d7"},"id":"2nt5z48auj3df7t","previousOperationId":"ek6c3fndky4uohi"}
{"type":"log","timestamp":1744380571252,"level":"debug","message":"Base url not specified, skipping its injection.","meta":{"rootId":"eycshf46p9793d7","id":"eycshf46p9793d7"},"id":"9q4v8w33g4o85hf","previousOperationId":"ek6c3fndky4uohi"}
{"type":"operationStart","subtype":"engine","name":"handlebars","timestamp":1744380571252,"id":"a6bqbdf91fhhws6","previousEventId":"94mx4rhxjv0ejbp","operationId":"hk5f17s9r4iiz7t","previousOperationId":"ek6c3fndky4uohi"}
{"type":"log","timestamp":1744380571252,"level":"debug","message":"Rendering engine handlebars","meta":{"rootId":"eycshf46p9793d7","id":"eycshf46p9793d7"},"id":"ey7el0thmvuxpz0","previousOperationId":"hk5f17s9r4iiz7t"}
{"type":"operationEnd","operationId":"hk5f17s9r4iiz7t","timestamp":1744380571267,"id":"8mhanbo3wx0m9i8","previousEventId":"a6bqbdf91fhhws6","previousOperationId":"hk5f17s9r4iiz7t"}
{"type":"operationStart","subtype":"recipe","name":"chrome-pdf","timestamp":1744380571267,"id":"a10cpzyl1z1jh1e","previousEventId":"8mhanbo3wx0m9i8","operationId":"j7eiyi1ruloxyyq","previousOperationId":"hk5f17s9r4iiz7t"}
{"type":"log","timestamp":1744380571267,"level":"debug","message":"Executing recipe chrome-pdf","meta":{"rootId":"eycshf46p9793d7","id":"eycshf46p9793d7"},"id":"9d0azgci41xm47i","previousOperationId":"j7eiyi1ruloxyyq"}
{"type":"log","timestamp":1744380571270,"level":"debug","message":"Converting with chrome Chrome/133.0.6943.126 using chrome-pool strategy","meta":{"rootId":"eycshf46p9793d7","id":"eycshf46p9793d7"},"id":"2arf04034m9tpip","previousOperationId":"j7eiyi1ruloxyyq"}
{"type":"log","timestamp":1744380571334,"level":"debug","message":"Page request: GET (document) file:///C:/Users/Patheo24/AppData/Local/Temp/jsreport/autocleanup/333efd0e-be94-4b64-b458-630023adfa2f-chrome-pdf.html","meta":{"rootId":"eycshf46p9793d7","id":"eycshf46p9793d7"},"id":"5drrc8sspl3qza5","previousOperationId":"j7eiyi1ruloxyyq"}
{"type":"log","timestamp":1744380571356,"level":"debug","message":"Page request finished: GET (document) 200 file:///C:/Users/Patheo24/AppData/Local/Temp/jsreport/autocleanup/333efd0e-be94-4b64-b458-630023adfa2f-chrome-pdf.html","meta":{"rootId":"eycshf46p9793d7","id":"eycshf46p9793d7"},"id":"85cnlwz4k5zh4h1","previousOperationId":"j7eiyi1ruloxyyq"}
{"type":"log","timestamp":1744380571357,"level":"debug","message":"Page request: GET (font) http://localhost:5488/fonts/kalpurush.ttf","meta":{"rootId":"eycshf46p9793d7","id":"eycshf46p9793d7"},"id":"zgwthoaj7j9hqx8","previousOperationId":"j7eiyi1ruloxyyq"}
{"type":"log","timestamp":1744380571357,"level":"debug","message":"Page request: GET (image) https://res.cloudinary.com/dpes1dyqb/image/upload/v1738768933/logo_myycxt.jpg","meta":{"rootId":"eycshf46p9793d7","id":"eycshf46p9793d7"},"id":"bcg6b6q62zlmv9e","previousOperationId":"j7eiyi1ruloxyyq"}
{"type":"log","timestamp":1744380571413,"level":"debug","message":"Page request: GET (font) http://localhost:5488/fonts/kalpurush.ttf","meta":{"rootId":"eycshf46p9793d7","id":"eycshf46p9793d7"},"id":"gpkcjhxk34lnnhl","previousOperationId":"j7eiyi1ruloxyyq"}
{"type":"log","timestamp":1744380571414,"level":"debug","message":"Page request finished: GET (image) 200 https://res.cloudinary.com/dpes1dyqb/image/upload/v1738768933/logo_myycxt.jpg","meta":{"rootId":"eycshf46p9793d7","id":"eycshf46p9793d7"},"id":"0i9l6ye7ousnh26","previousOperationId":"j7eiyi1ruloxyyq"}
{"type":"log","timestamp":1744380571422,"level":"debug","message":"(console:error) Failed to load resource: the server responded with a status of 404 (Not Found)","meta":{"userLevel":true,"rootId":"eycshf46p9793d7","id":"eycshf46p9793d7"},"id":"4ixvkq1hfpt4e0h","previousOperationId":"j7eiyi1ruloxyyq"}
{"type":"log","timestamp":1744380571423,"level":"warn","message":"Page request failed: GET (font) http://localhost:5488/fonts/kalpurush.ttf, failure: net::ERR_ABORTED","meta":{"rootId":"eycshf46p9793d7","id":"eycshf46p9793d7"},"id":"0wslrdtqlkbnout","previousOperationId":"j7eiyi1ruloxyyq"}
{"type":"log","timestamp":1744380571432,"level":"debug","message":"Running chrome with params {\"printBackground\":true,\"format\":\"A5\",\"marginRight\":\"\",\"height\":\"\",\"marginTop\":\"\",\"marginBottom\":\"\",\"marginLeft\":\"\",\"displayHeaderFooter\":true,\"width\":\"\",\"timeout\":59973,\"margin\":{\"top\":\"\",\"right\":\"\",\"bottom\":\"\",\"left\":\"\"}}","meta":{"rootId":"eycshf46p9793d7","id":"eycshf46p9793d7"},"id":"a0wxtpckygr0csc","previousOperationId":"j7eiyi1ruloxyyq"}
{"type":"operationEnd","operationId":"j7eiyi1ruloxyyq","timestamp":1744380572125,"id":"qiimk9tlv6n86go","previousEventId":"a10cpzyl1z1jh1e","previousOperationId":"j7eiyi1ruloxyyq"}
{"type":"log","timestamp":1744380572125,"level":"debug","message":"Skipping storing report.","meta":{"rootId":"eycshf46p9793d7","id":"eycshf46p9793d7"},"id":"0i0ebmv0selxrf7","previousOperationId":"j7eiyi1ruloxyyq"}
{"type":"log","timestamp":1744380572125,"level":"info","message":"Rendering request 51 finished in 883 ms","meta":{"rootId":"eycshf46p9793d7","id":"eycshf46p9793d7"},"id":"iji6a9enfrx7nng","previousOperationId":"j7eiyi1ruloxyyq"}
{"type":"operationEnd","subtype":"render","operationId":"ek6c3fndky4uohi","timestamp":1744380572125,"id":"0awqjfkfog308dz","previousEventId":"qiimk9tlv6n86go","previousOperationId":"j7eiyi1ruloxyyq"}
{"type":"operationEnd","doDiffs":false,"previousEventId":"qdtiafkc1jd2cph","previousOperationId":"sahimca6wdn5y1l","operationId":"sahimca6wdn5y1l","timestamp":1744380572127,"id":"qsux3p3b1zqlnjd"}
