{"type":"operationStart","subtype":"profile","data":{"_id":"2cH4wl4W8bBWqgya","timestamp":"2025-04-11T12:54:25.874Z","state":"queued","mode":"standard","creationDate":"2025-04-11T12:54:25.877Z","modificationDate":"2025-04-11T12:54:25.877Z","shortid":"xxc4e_m","$entitySet":"profiles"},"doDiffs":false,"timestamp":1744376065875,"id":"81psvymkhcennh0","previousOperationId":null,"operationId":"ez6vnyijvshk3wc"}
{"type":"log","level":"info","message":"Render request 30 queued for execution and waiting for available worker","previousOperationId":"ez6vnyijvshk3wc","timestamp":1744376065876,"id":"tie0nz18fjps0vf"}
{"type":"operationStart","subtype":"render","name":"myTemplate","previousOperationId":"ez6vnyijvshk3wc","timestamp":1744376065892,"id":"y85cf6571tfw6on","previousEventId":"81psvymkhcennh0","operationId":"4rdgjxfc9f11low"}
{"type":"log","timestamp":1744376065892,"level":"info","message":"Starting rendering request 30","meta":{"rootId":"f1slba2pxwm0gc0","id":"f1slba2pxwm0gc0"},"id":"gesc9b0qa0yrfey","previousOperationId":"4rdgjxfc9f11low"}
{"type":"log","timestamp":1744376065893,"level":"info","message":"Rendering template { name: myTemplate, recipe: chrome-pdf, engine: handlebars, preview: true }","meta":{"rootId":"f1slba2pxwm0gc0","id":"f1slba2pxwm0gc0"},"id":"g17snoq2esvfask","previousOperationId":"4rdgjxfc9f11low"}
{"type":"log","timestamp":1744376065893,"level":"debug","message":"Inline data specified.","meta":{"rootId":"f1slba2pxwm0gc0","id":"f1slba2pxwm0gc0"},"id":"xlj2jq95u8gf9tz","previousOperationId":"4rdgjxfc9f11low"}
{"type":"log","timestamp":1744376065896,"level":"debug","message":"Base url not specified, skipping its injection.","meta":{"rootId":"f1slba2pxwm0gc0","id":"f1slba2pxwm0gc0"},"id":"0wfeztxwdlty2l2","previousOperationId":"4rdgjxfc9f11low"}
{"type":"operationStart","subtype":"engine","name":"handlebars","timestamp":1744376065896,"id":"z9as8twvpghvkin","previousEventId":"y85cf6571tfw6on","operationId":"0aw22wlmgt84e01","previousOperationId":"4rdgjxfc9f11low"}
{"type":"log","timestamp":1744376065896,"level":"debug","message":"Rendering engine handlebars","meta":{"rootId":"f1slba2pxwm0gc0","id":"f1slba2pxwm0gc0"},"id":"t1v6j443z6g1moa","previousOperationId":"0aw22wlmgt84e01"}
{"type":"operationEnd","operationId":"0aw22wlmgt84e01","timestamp":1744376065907,"id":"eoria7e7vsk1h0r","previousEventId":"z9as8twvpghvkin","previousOperationId":"0aw22wlmgt84e01"}
{"type":"operationStart","subtype":"recipe","name":"chrome-pdf","timestamp":1744376065907,"id":"b7iyqpw0rz2gvwg","previousEventId":"eoria7e7vsk1h0r","operationId":"9cf4dscjy34got6","previousOperationId":"0aw22wlmgt84e01"}
{"type":"log","timestamp":1744376065907,"level":"debug","message":"Executing recipe chrome-pdf","meta":{"rootId":"f1slba2pxwm0gc0","id":"f1slba2pxwm0gc0"},"id":"sjlzvismdlq956a","previousOperationId":"9cf4dscjy34got6"}
{"type":"log","timestamp":1744376065910,"level":"debug","message":"Converting with chrome Chrome/133.0.6943.126 using chrome-pool strategy","meta":{"rootId":"f1slba2pxwm0gc0","id":"f1slba2pxwm0gc0"},"id":"uzk92b6qbgfr16s","previousOperationId":"9cf4dscjy34got6"}
{"type":"log","timestamp":1744376065986,"level":"debug","message":"Page request: GET (document) file:///C:/Users/Patheo24/AppData/Local/Temp/jsreport/autocleanup/fd21aec8-27ee-4fe6-841b-d2b086e8741c-chrome-pdf.html","meta":{"rootId":"f1slba2pxwm0gc0","id":"f1slba2pxwm0gc0"},"id":"99w1ipuvr04zrle","previousOperationId":"9cf4dscjy34got6"}
{"type":"log","timestamp":1744376066014,"level":"debug","message":"Page request finished: GET (document) 200 file:///C:/Users/Patheo24/AppData/Local/Temp/jsreport/autocleanup/fd21aec8-27ee-4fe6-841b-d2b086e8741c-chrome-pdf.html","meta":{"rootId":"f1slba2pxwm0gc0","id":"f1slba2pxwm0gc0"},"id":"39cqdy2qyffue3q","previousOperationId":"9cf4dscjy34got6"}
{"type":"log","timestamp":1744376066021,"level":"debug","message":"Page request: GET (image) https://res.cloudinary.com/dpes1dyqb/image/upload/v1738768933/logo_myycxt.jpg","meta":{"rootId":"f1slba2pxwm0gc0","id":"f1slba2pxwm0gc0"},"id":"ocf6g5ukdggj0ik","previousOperationId":"9cf4dscjy34got6"}
{"type":"log","timestamp":1744376066024,"level":"debug","message":"Page request: GET (font) http://localhost:5488/fonts/kalpurush.ttf","meta":{"rootId":"f1slba2pxwm0gc0","id":"f1slba2pxwm0gc0"},"id":"ybw33r2l0r3122o","previousOperationId":"9cf4dscjy34got6"}
{"type":"log","timestamp":1744376066099,"level":"debug","message":"Page request: GET (font) http://localhost:5488/fonts/kalpurush.ttf","meta":{"rootId":"f1slba2pxwm0gc0","id":"f1slba2pxwm0gc0"},"id":"hs5d2nl5dti6cfn","previousOperationId":"9cf4dscjy34got6"}
{"type":"log","timestamp":1744376066100,"level":"debug","message":"Page request finished: GET (image) 200 https://res.cloudinary.com/dpes1dyqb/image/upload/v1738768933/logo_myycxt.jpg","meta":{"rootId":"f1slba2pxwm0gc0","id":"f1slba2pxwm0gc0"},"id":"tz5jj8i9y4ozgdt","previousOperationId":"9cf4dscjy34got6"}
{"type":"log","timestamp":1744376066111,"level":"debug","message":"(console:error) Failed to load resource: the server responded with a status of 404 (Not Found)","meta":{"userLevel":true,"rootId":"f1slba2pxwm0gc0","id":"f1slba2pxwm0gc0"},"id":"ayz9y8iqxdm7fie","previousOperationId":"9cf4dscjy34got6"}
{"type":"log","timestamp":1744376066111,"level":"warn","message":"Page request failed: GET (font) http://localhost:5488/fonts/kalpurush.ttf, failure: net::ERR_ABORTED","meta":{"rootId":"f1slba2pxwm0gc0","id":"f1slba2pxwm0gc0"},"id":"dla7a99yxhzajyg","previousOperationId":"9cf4dscjy34got6"}
{"type":"log","timestamp":1744376066123,"level":"debug","message":"Running chrome with params {\"printBackground\":true,\"format\":\"A5\",\"marginRight\":\"\",\"height\":\"\",\"marginTop\":\"\",\"marginBottom\":\"\",\"marginLeft\":\"\",\"displayHeaderFooter\":true,\"width\":\"\",\"timeout\":59965,\"margin\":{\"top\":\"\",\"right\":\"\",\"bottom\":\"\",\"left\":\"\"}}","meta":{"rootId":"f1slba2pxwm0gc0","id":"f1slba2pxwm0gc0"},"id":"ajzu4kdamaewplz","previousOperationId":"9cf4dscjy34got6"}
{"type":"operationEnd","operationId":"9cf4dscjy34got6","timestamp":1744376066456,"id":"bh0eqgkid3yu1zk","previousEventId":"b7iyqpw0rz2gvwg","previousOperationId":"9cf4dscjy34got6"}
{"type":"log","timestamp":1744376066456,"level":"debug","message":"Skipping storing report.","meta":{"rootId":"f1slba2pxwm0gc0","id":"f1slba2pxwm0gc0"},"id":"bfqlgmrssc6i24n","previousOperationId":"9cf4dscjy34got6"}
{"type":"log","timestamp":1744376066456,"level":"info","message":"Rendering request 30 finished in 582 ms","meta":{"rootId":"f1slba2pxwm0gc0","id":"f1slba2pxwm0gc0"},"id":"lj79ifcgsyardvr","previousOperationId":"9cf4dscjy34got6"}
{"type":"operationEnd","subtype":"render","operationId":"4rdgjxfc9f11low","timestamp":1744376066456,"id":"5rfalrhalt5bcey","previousEventId":"bh0eqgkid3yu1zk","previousOperationId":"9cf4dscjy34got6"}
{"type":"operationEnd","doDiffs":false,"previousEventId":"81psvymkhcennh0","previousOperationId":"ez6vnyijvshk3wc","operationId":"ez6vnyijvshk3wc","timestamp":1744376066462,"id":"mfkdb5gg0z63wd7"}
