{"type":"operationStart","subtype":"profile","data":{"_id":"eMSfDpclYDSzW0Xu","timestamp":"2025-04-09T06:03:38.261Z","state":"queued","mode":"standard","creationDate":"2025-04-09T06:03:38.263Z","modificationDate":"2025-04-09T06:03:38.263Z","shortid":"2GjgCYS","$entitySet":"profiles"},"doDiffs":false,"timestamp":1744178618262,"id":"jiwhqn67nbhx9gt","previousOperationId":null,"operationId":"ju6ws1b3vdvwequ"}
{"type":"log","level":"info","message":"Render request 4 queued for execution and waiting for available worker","previousOperationId":"ju6ws1b3vdvwequ","timestamp":1744178618262,"id":"oklpscj5j8w9dd6"}
{"type":"operationStart","subtype":"render","name":"myTemplate","previousOperationId":"ju6ws1b3vdvwequ","timestamp":1744178618277,"id":"g26dojzw2teqakr","previousEventId":"jiwhqn67nbhx9gt","operationId":"rqn346stwbv6fua"}
{"type":"log","timestamp":1744178618279,"level":"info","message":"Starting rendering request 4","meta":{"rootId":"f3gdzkxxkj7ex4d","id":"f3gdzkxxkj7ex4d"},"id":"pb9jv7xzz4834q8","previousOperationId":"rqn346stwbv6fua"}
{"type":"log","timestamp":1744178618280,"level":"info","message":"Rendering template { name: myTemplate, recipe: chrome-pdf, engine: handlebars, preview: false }","meta":{"rootId":"f3gdzkxxkj7ex4d","id":"f3gdzkxxkj7ex4d"},"id":"sv2io3il36bbs4t","previousOperationId":"rqn346stwbv6fua"}
{"type":"log","timestamp":1744178618282,"level":"debug","message":"Inline data specified.","meta":{"rootId":"f3gdzkxxkj7ex4d","id":"f3gdzkxxkj7ex4d"},"id":"7fsoysnridntdjd","previousOperationId":"rqn346stwbv6fua"}
{"type":"log","timestamp":1744178618293,"level":"debug","message":"Base url not specified, skipping its injection.","meta":{"rootId":"f3gdzkxxkj7ex4d","id":"f3gdzkxxkj7ex4d"},"id":"py8t6azaoh7kygp","previousOperationId":"rqn346stwbv6fua"}
{"type":"operationStart","subtype":"engine","name":"handlebars","timestamp":1744178618294,"id":"248qind5pkzz2wd","previousEventId":"g26dojzw2teqakr","operationId":"svqtm44tvqsb53e","previousOperationId":"rqn346stwbv6fua"}
{"type":"log","timestamp":1744178618294,"level":"debug","message":"Rendering engine handlebars","meta":{"rootId":"f3gdzkxxkj7ex4d","id":"f3gdzkxxkj7ex4d"},"id":"vrngkqir6owo15h","previousOperationId":"svqtm44tvqsb53e"}
{"type":"operationEnd","operationId":"svqtm44tvqsb53e","timestamp":1744178618967,"id":"i27i97t0is2531f","previousEventId":"248qind5pkzz2wd","previousOperationId":"svqtm44tvqsb53e"}
{"type":"operationStart","subtype":"recipe","name":"chrome-pdf","timestamp":1744178618968,"id":"lraecfdk7kwr6fe","previousEventId":"i27i97t0is2531f","operationId":"8w6x4snsljv5fka","previousOperationId":"svqtm44tvqsb53e"}
{"type":"log","timestamp":1744178618968,"level":"debug","message":"Executing recipe chrome-pdf","meta":{"rootId":"f3gdzkxxkj7ex4d","id":"f3gdzkxxkj7ex4d"},"id":"g8hszscstnoke8z","previousOperationId":"8w6x4snsljv5fka"}
{"type":"log","timestamp":1744178619645,"level":"debug","message":"Converting with chrome Chrome/133.0.6943.126 using chrome-pool strategy","meta":{"rootId":"f3gdzkxxkj7ex4d","id":"f3gdzkxxkj7ex4d"},"id":"bo8iww58anlyrqx","previousOperationId":"8w6x4snsljv5fka"}
{"type":"log","timestamp":1744178619733,"level":"debug","message":"Page request: GET (document) file:///C:/Users/Patheo24/AppData/Local/Temp/jsreport/autocleanup/75b0b2e3-f0e4-4148-b84a-07b87ff479f1-chrome-pdf.html","meta":{"rootId":"f3gdzkxxkj7ex4d","id":"f3gdzkxxkj7ex4d"},"id":"mwnw7gbxdpe8hvu","previousOperationId":"8w6x4snsljv5fka"}
{"type":"log","timestamp":1744178619757,"level":"debug","message":"Page request finished: GET (document) 200 file:///C:/Users/Patheo24/AppData/Local/Temp/jsreport/autocleanup/75b0b2e3-f0e4-4148-b84a-07b87ff479f1-chrome-pdf.html","meta":{"rootId":"f3gdzkxxkj7ex4d","id":"f3gdzkxxkj7ex4d"},"id":"jhpfccswqlf7dgg","previousOperationId":"8w6x4snsljv5fka"}
{"type":"log","timestamp":1744178619759,"level":"debug","message":"Page request: GET (font) http://localhost:5488/fonts/kalpurush.ttf","meta":{"rootId":"f3gdzkxxkj7ex4d","id":"f3gdzkxxkj7ex4d"},"id":"6rbjbwvfbyhg3zh","previousOperationId":"8w6x4snsljv5fka"}
{"type":"log","timestamp":1744178619761,"level":"debug","message":"Page request: GET (font) http://localhost:5488/fonts/kalpurush.ttf","meta":{"rootId":"f3gdzkxxkj7ex4d","id":"f3gdzkxxkj7ex4d"},"id":"ymu2srb9bh5y7di","previousOperationId":"8w6x4snsljv5fka"}
{"type":"log","timestamp":1744178619771,"level":"debug","message":"(console:error) Failed to load resource: the server responded with a status of 404 (Not Found)","meta":{"userLevel":true,"rootId":"f3gdzkxxkj7ex4d","id":"f3gdzkxxkj7ex4d"},"id":"sqjcshcym56kqf7","previousOperationId":"8w6x4snsljv5fka"}
{"type":"log","timestamp":1744178619772,"level":"warn","message":"Page request failed: GET (font) http://localhost:5488/fonts/kalpurush.ttf, failure: net::ERR_ABORTED","meta":{"rootId":"f3gdzkxxkj7ex4d","id":"f3gdzkxxkj7ex4d"},"id":"p361rh64m1hv0sj","previousOperationId":"8w6x4snsljv5fka"}
{"type":"log","timestamp":1744178619779,"level":"debug","message":"Running chrome with params {\"printBackground\":true,\"timeout\":58978,\"margin\":{}}","meta":{"rootId":"f3gdzkxxkj7ex4d","id":"f3gdzkxxkj7ex4d"},"id":"xbxr1itql0azh64","previousOperationId":"8w6x4snsljv5fka"}
{"type":"operationEnd","operationId":"8w6x4snsljv5fka","timestamp":1744178620015,"id":"jefzfa9fz2091mm","previousEventId":"lraecfdk7kwr6fe","previousOperationId":"8w6x4snsljv5fka"}
{"type":"log","timestamp":1744178620016,"level":"debug","message":"Skipping storing report.","meta":{"rootId":"f3gdzkxxkj7ex4d","id":"f3gdzkxxkj7ex4d"},"id":"eknweealqnrxcme","previousOperationId":"8w6x4snsljv5fka"}
{"type":"log","timestamp":1744178620016,"level":"info","message":"Rendering request 4 finished in 1756 ms","meta":{"rootId":"f3gdzkxxkj7ex4d","id":"f3gdzkxxkj7ex4d"},"id":"b730zypl3571c0k","previousOperationId":"8w6x4snsljv5fka"}
{"type":"operationEnd","subtype":"render","operationId":"rqn346stwbv6fua","timestamp":1744178620017,"id":"l0qeibhbzn4pkj4","previousEventId":"jefzfa9fz2091mm","previousOperationId":"8w6x4snsljv5fka"}
{"type":"operationEnd","doDiffs":false,"previousEventId":"jiwhqn67nbhx9gt","previousOperationId":"ju6ws1b3vdvwequ","operationId":"ju6ws1b3vdvwequ","timestamp":1744178620019,"id":"pxlb7ei6fip408d"}
