{"type":"operationStart","subtype":"profile","data":{"_id":"NXA1wnO6tScMPPpl","timestamp":"2025-04-11T12:57:26.270Z","state":"queued","mode":"standard","creationDate":"2025-04-11T12:57:26.275Z","modificationDate":"2025-04-11T12:57:26.275Z","shortid":"ZfJb2Zn","$entitySet":"profiles"},"doDiffs":false,"timestamp":1744376246272,"id":"utkhd8lmibj17bp","previousOperationId":null,"operationId":"evn2iqw26rcn1mj"}
{"type":"log","level":"info","message":"Render request 32 queued for execution and waiting for available worker","previousOperationId":"evn2iqw26rcn1mj","timestamp":1744376246273,"id":"oi6vgr1p1slecgn"}
{"type":"operationStart","subtype":"render","name":"myTemplate","previousOperationId":"evn2iqw26rcn1mj","timestamp":1744376246290,"id":"xjer510mn5npz9v","previousEventId":"utkhd8lmibj17bp","operationId":"vhuefwe2keipkb8"}
{"type":"log","timestamp":1744376246290,"level":"info","message":"Starting rendering request 32","meta":{"rootId":"f3nnw5we36vu8dj","id":"f3nnw5we36vu8dj"},"id":"8qjbh6pbnklzd0l","previousOperationId":"vhuefwe2keipkb8"}
{"type":"log","timestamp":1744376246290,"level":"info","message":"Rendering template { name: myTemplate, recipe: chrome-pdf, engine: handlebars, preview: true }","meta":{"rootId":"f3nnw5we36vu8dj","id":"f3nnw5we36vu8dj"},"id":"obioj5ronqdmt9c","previousOperationId":"vhuefwe2keipkb8"}
{"type":"log","timestamp":1744376246292,"level":"debug","message":"Inline data specified.","meta":{"rootId":"f3nnw5we36vu8dj","id":"f3nnw5we36vu8dj"},"id":"2k5si8raf1ck3nh","previousOperationId":"vhuefwe2keipkb8"}
{"type":"log","timestamp":1744376246293,"level":"debug","message":"Base url not specified, skipping its injection.","meta":{"rootId":"f3nnw5we36vu8dj","id":"f3nnw5we36vu8dj"},"id":"df6hpxd5j7ivts6","previousOperationId":"vhuefwe2keipkb8"}
{"type":"operationStart","subtype":"engine","name":"handlebars","timestamp":1744376246293,"id":"0owgeo3fkiwg5d5","previousEventId":"xjer510mn5npz9v","operationId":"3djimtvi8fwwytu","previousOperationId":"vhuefwe2keipkb8"}
{"type":"log","timestamp":1744376246293,"level":"debug","message":"Rendering engine handlebars","meta":{"rootId":"f3nnw5we36vu8dj","id":"f3nnw5we36vu8dj"},"id":"flzrzfaj6z9qiip","previousOperationId":"3djimtvi8fwwytu"}
{"type":"operationEnd","operationId":"3djimtvi8fwwytu","timestamp":1744376246317,"id":"mbe6vh2x8undfef","previousEventId":"0owgeo3fkiwg5d5","previousOperationId":"3djimtvi8fwwytu"}
{"type":"operationStart","subtype":"recipe","name":"chrome-pdf","timestamp":1744376246318,"id":"yk8egqdzac06ghj","previousEventId":"mbe6vh2x8undfef","operationId":"2a0ouvnqv3fbex7","previousOperationId":"3djimtvi8fwwytu"}
{"type":"log","timestamp":1744376246318,"level":"debug","message":"Executing recipe chrome-pdf","meta":{"rootId":"f3nnw5we36vu8dj","id":"f3nnw5we36vu8dj"},"id":"uhke3yojgvq8ktd","previousOperationId":"2a0ouvnqv3fbex7"}
{"type":"log","timestamp":1744376246323,"level":"debug","message":"Converting with chrome Chrome/133.0.6943.126 using chrome-pool strategy","meta":{"rootId":"f3nnw5we36vu8dj","id":"f3nnw5we36vu8dj"},"id":"dp0hah2pm5uq7ip","previousOperationId":"2a0ouvnqv3fbex7"}
{"type":"log","timestamp":1744376246398,"level":"debug","message":"Page request: GET (document) file:///C:/Users/Patheo24/AppData/Local/Temp/jsreport/autocleanup/81f0514f-1cff-45c0-8681-158222c83e04-chrome-pdf.html","meta":{"rootId":"f3nnw5we36vu8dj","id":"f3nnw5we36vu8dj"},"id":"d5nl2r2nwbboimo","previousOperationId":"2a0ouvnqv3fbex7"}
{"type":"log","timestamp":1744376246426,"level":"debug","message":"Page request finished: GET (document) 200 file:///C:/Users/Patheo24/AppData/Local/Temp/jsreport/autocleanup/81f0514f-1cff-45c0-8681-158222c83e04-chrome-pdf.html","meta":{"rootId":"f3nnw5we36vu8dj","id":"f3nnw5we36vu8dj"},"id":"bkxqthi0ygicp8h","previousOperationId":"2a0ouvnqv3fbex7"}
{"type":"log","timestamp":1744376246435,"level":"debug","message":"Page request: GET (image) https://res.cloudinary.com/dpes1dyqb/image/upload/v1738768933/logo_myycxt.jpg","meta":{"rootId":"f3nnw5we36vu8dj","id":"f3nnw5we36vu8dj"},"id":"bgg8jch0jojcjbr","previousOperationId":"2a0ouvnqv3fbex7"}
{"type":"log","timestamp":1744376246436,"level":"debug","message":"Page request: GET (font) http://localhost:5488/fonts/kalpurush.ttf","meta":{"rootId":"f3nnw5we36vu8dj","id":"f3nnw5we36vu8dj"},"id":"ocd6cnbgyokgyhb","previousOperationId":"2a0ouvnqv3fbex7"}
{"type":"log","timestamp":1744376246498,"level":"debug","message":"Page request: GET (font) http://localhost:5488/fonts/kalpurush.ttf","meta":{"rootId":"f3nnw5we36vu8dj","id":"f3nnw5we36vu8dj"},"id":"yfuy3nekoe15vj0","previousOperationId":"2a0ouvnqv3fbex7"}
{"type":"log","timestamp":1744376246500,"level":"debug","message":"Page request finished: GET (image) 200 https://res.cloudinary.com/dpes1dyqb/image/upload/v1738768933/logo_myycxt.jpg","meta":{"rootId":"f3nnw5we36vu8dj","id":"f3nnw5we36vu8dj"},"id":"w02yveis9jhdp1o","previousOperationId":"2a0ouvnqv3fbex7"}
{"type":"log","timestamp":1744376246516,"level":"debug","message":"(console:error) Failed to load resource: the server responded with a status of 404 (Not Found)","meta":{"userLevel":true,"rootId":"f3nnw5we36vu8dj","id":"f3nnw5we36vu8dj"},"id":"3dzhv0p3an2eqgi","previousOperationId":"2a0ouvnqv3fbex7"}
{"type":"log","timestamp":1744376246516,"level":"warn","message":"Page request failed: GET (font) http://localhost:5488/fonts/kalpurush.ttf, failure: net::ERR_ABORTED","meta":{"rootId":"f3nnw5we36vu8dj","id":"f3nnw5we36vu8dj"},"id":"2umzbd223k0kw9i","previousOperationId":"2a0ouvnqv3fbex7"}
{"type":"log","timestamp":1744376246529,"level":"debug","message":"Running chrome with params {\"printBackground\":true,\"format\":\"A5\",\"marginRight\":\"\",\"height\":\"\",\"marginTop\":\"\",\"marginBottom\":\"\",\"marginLeft\":\"\",\"displayHeaderFooter\":true,\"width\":\"\",\"timeout\":59948,\"margin\":{\"top\":\"\",\"right\":\"\",\"bottom\":\"\",\"left\":\"\"}}","meta":{"rootId":"f3nnw5we36vu8dj","id":"f3nnw5we36vu8dj"},"id":"hrrhvz5ozd7u00c","previousOperationId":"2a0ouvnqv3fbex7"}
{"type":"operationEnd","operationId":"2a0ouvnqv3fbex7","timestamp":1744376246873,"id":"fyo40xz8urcsygg","previousEventId":"yk8egqdzac06ghj","previousOperationId":"2a0ouvnqv3fbex7"}
{"type":"log","timestamp":1744376246873,"level":"debug","message":"Skipping storing report.","meta":{"rootId":"f3nnw5we36vu8dj","id":"f3nnw5we36vu8dj"},"id":"h8gfoy3wlh6cyt3","previousOperationId":"2a0ouvnqv3fbex7"}
{"type":"log","timestamp":1744376246874,"level":"info","message":"Rendering request 32 finished in 604 ms","meta":{"rootId":"f3nnw5we36vu8dj","id":"f3nnw5we36vu8dj"},"id":"gg8kotzx68y036i","previousOperationId":"2a0ouvnqv3fbex7"}
{"type":"operationEnd","subtype":"render","operationId":"vhuefwe2keipkb8","timestamp":1744376246874,"id":"zt3siy1fr0w20w6","previousEventId":"fyo40xz8urcsygg","previousOperationId":"2a0ouvnqv3fbex7"}
{"type":"operationEnd","doDiffs":false,"previousEventId":"utkhd8lmibj17bp","previousOperationId":"evn2iqw26rcn1mj","operationId":"evn2iqw26rcn1mj","timestamp":1744376246877,"id":"3j3b88x4iqw7h37"}
