{"type":"operationStart","subtype":"profile","data":{"_id":"jBHmf5UVmv2wzH91","timestamp":"2025-04-09T14:35:37.355Z","state":"queued","mode":"standard","creationDate":"2025-04-09T14:35:37.357Z","modificationDate":"2025-04-09T14:35:37.357Z","shortid":"0Mh8eWS","$entitySet":"profiles"},"doDiffs":false,"timestamp":1744209337356,"id":"l3gc073a7ajs1y2","previousOperationId":null,"operationId":"kr2qi1jtdo0ryyz"}
{"type":"log","level":"info","message":"Render request 116 queued for execution and waiting for available worker","previousOperationId":"kr2qi1jtdo0ryyz","timestamp":1744209337356,"id":"m5ljwvpmgmq28ai"}
{"type":"operationStart","subtype":"render","name":"myTemplate","previousOperationId":"kr2qi1jtdo0ryyz","timestamp":1744209337368,"id":"nqgsgpsqu6b80va","previousEventId":"l3gc073a7ajs1y2","operationId":"ruulmeeielxxpf2"}
{"type":"log","timestamp":1744209337368,"level":"info","message":"Starting rendering request 116","meta":{"rootId":"f7rnkxm87tzmwgo","id":"f7rnkxm87tzmwgo"},"id":"olk5lku24c0kewi","previousOperationId":"ruulmeeielxxpf2"}
{"type":"log","timestamp":1744209337368,"level":"info","message":"Rendering template { name: myTemplate, recipe: chrome-pdf, engine: handlebars, preview: true }","meta":{"rootId":"f7rnkxm87tzmwgo","id":"f7rnkxm87tzmwgo"},"id":"v6dott4y3j2kszx","previousOperationId":"ruulmeeielxxpf2"}
{"type":"log","timestamp":1744209337369,"level":"debug","message":"Inline data specified.","meta":{"rootId":"f7rnkxm87tzmwgo","id":"f7rnkxm87tzmwgo"},"id":"gafamznokmmap6c","previousOperationId":"ruulmeeielxxpf2"}
{"type":"log","timestamp":1744209337370,"level":"debug","message":"Base url not specified, skipping its injection.","meta":{"rootId":"f7rnkxm87tzmwgo","id":"f7rnkxm87tzmwgo"},"id":"5mrdh9mylhb7aw5","previousOperationId":"ruulmeeielxxpf2"}
{"type":"operationStart","subtype":"engine","name":"handlebars","timestamp":1744209337370,"id":"13bwx8s61wmshlx","previousEventId":"nqgsgpsqu6b80va","operationId":"ujtefgu8yxw6dbo","previousOperationId":"ruulmeeielxxpf2"}
{"type":"log","timestamp":1744209337370,"level":"debug","message":"Rendering engine handlebars","meta":{"rootId":"f7rnkxm87tzmwgo","id":"f7rnkxm87tzmwgo"},"id":"ldx6xqmciavn34f","previousOperationId":"ujtefgu8yxw6dbo"}
{"type":"operationEnd","operationId":"ujtefgu8yxw6dbo","timestamp":1744209337384,"id":"czoaby1bvea1lng","previousEventId":"13bwx8s61wmshlx","previousOperationId":"ujtefgu8yxw6dbo"}
{"type":"operationStart","subtype":"recipe","name":"chrome-pdf","timestamp":1744209337385,"id":"6agw2no7qc0mh66","previousEventId":"czoaby1bvea1lng","operationId":"llurm4hfunnwshv","previousOperationId":"ujtefgu8yxw6dbo"}
{"type":"log","timestamp":1744209337385,"level":"debug","message":"Executing recipe chrome-pdf","meta":{"rootId":"f7rnkxm87tzmwgo","id":"f7rnkxm87tzmwgo"},"id":"j7cpzz81jb2dagt","previousOperationId":"llurm4hfunnwshv"}
{"type":"log","timestamp":1744209337387,"level":"debug","message":"Converting with chrome Chrome/133.0.6943.126 using chrome-pool strategy","meta":{"rootId":"f7rnkxm87tzmwgo","id":"f7rnkxm87tzmwgo"},"id":"c2psrwlfkf72tov","previousOperationId":"llurm4hfunnwshv"}
{"type":"log","timestamp":1744209337453,"level":"debug","message":"Page request: GET (document) file:///C:/Users/Patheo24/AppData/Local/Temp/jsreport/autocleanup/e58eb5ff-d9d2-4fb5-bb7e-be2ae585a06a-chrome-pdf.html","meta":{"rootId":"f7rnkxm87tzmwgo","id":"f7rnkxm87tzmwgo"},"id":"e9sfgoyvaupzl1x","previousOperationId":"llurm4hfunnwshv"}
{"type":"log","timestamp":1744209337484,"level":"debug","message":"Page request finished: GET (document) 200 file:///C:/Users/Patheo24/AppData/Local/Temp/jsreport/autocleanup/e58eb5ff-d9d2-4fb5-bb7e-be2ae585a06a-chrome-pdf.html","meta":{"rootId":"f7rnkxm87tzmwgo","id":"f7rnkxm87tzmwgo"},"id":"yopd05mvu9pmfwr","previousOperationId":"llurm4hfunnwshv"}
{"type":"log","timestamp":1744209337485,"level":"debug","message":"(console:info) Slow network is detected. See https://www.chromestatus.com/feature/5636954674692096 for more details. Fallback font will be used while loading: http://localhost:5488/fonts/kalpurush.ttf","meta":{"userLevel":true,"rootId":"f7rnkxm87tzmwgo","id":"f7rnkxm87tzmwgo"},"id":"hbiqdbxszqwsj4e","previousOperationId":"llurm4hfunnwshv"}
{"type":"log","timestamp":1744209337490,"level":"debug","message":"Page request: GET (font) http://localhost:5488/fonts/kalpurush.ttf","meta":{"rootId":"f7rnkxm87tzmwgo","id":"f7rnkxm87tzmwgo"},"id":"5x12fzs5rwnfuk3","previousOperationId":"llurm4hfunnwshv"}
{"type":"log","timestamp":1744209337491,"level":"debug","message":"Page request: GET (image) https://res.cloudinary.com/dpes1dyqb/image/upload/v1738768933/logo_myycxt.jpg","meta":{"rootId":"f7rnkxm87tzmwgo","id":"f7rnkxm87tzmwgo"},"id":"su4ntobef5638dt","previousOperationId":"llurm4hfunnwshv"}
{"type":"log","timestamp":1744209337538,"level":"debug","message":"Page request: GET (font) http://localhost:5488/fonts/kalpurush.ttf","meta":{"rootId":"f7rnkxm87tzmwgo","id":"f7rnkxm87tzmwgo"},"id":"xiy4tsj3a8px3c1","previousOperationId":"llurm4hfunnwshv"}
{"type":"log","timestamp":1744209337539,"level":"debug","message":"Page request finished: GET (image) 200 https://res.cloudinary.com/dpes1dyqb/image/upload/v1738768933/logo_myycxt.jpg","meta":{"rootId":"f7rnkxm87tzmwgo","id":"f7rnkxm87tzmwgo"},"id":"sd1mifahg7i6tu1","previousOperationId":"llurm4hfunnwshv"}
{"type":"log","timestamp":1744209337551,"level":"debug","message":"(console:error) Failed to load resource: the server responded with a status of 404 (Not Found)","meta":{"userLevel":true,"rootId":"f7rnkxm87tzmwgo","id":"f7rnkxm87tzmwgo"},"id":"gbc7m3uvliwufge","previousOperationId":"llurm4hfunnwshv"}
{"type":"log","timestamp":1744209337551,"level":"warn","message":"Page request failed: GET (font) http://localhost:5488/fonts/kalpurush.ttf, failure: net::ERR_ABORTED","meta":{"rootId":"f7rnkxm87tzmwgo","id":"f7rnkxm87tzmwgo"},"id":"chdcalo3mu8h6k9","previousOperationId":"llurm4hfunnwshv"}
{"type":"log","timestamp":1744209337559,"level":"debug","message":"Running chrome with params {\"printBackground\":true,\"format\":\"A5\",\"marginRight\":\"\",\"height\":\"\",\"marginTop\":\"\",\"marginBottom\":\"\",\"marginLeft\":\"\",\"displayHeaderFooter\":true,\"width\":\"\",\"timeout\":59969,\"margin\":{\"top\":\"\",\"right\":\"\",\"bottom\":\"\",\"left\":\"\"}}","meta":{"rootId":"f7rnkxm87tzmwgo","id":"f7rnkxm87tzmwgo"},"id":"d2dtbflfu99nik6","previousOperationId":"llurm4hfunnwshv"}
{"type":"operationEnd","operationId":"llurm4hfunnwshv","timestamp":1744209337921,"id":"oybgc34f6avan7c","previousEventId":"6agw2no7qc0mh66","previousOperationId":"llurm4hfunnwshv"}
{"type":"log","timestamp":1744209337921,"level":"debug","message":"Skipping storing report.","meta":{"rootId":"f7rnkxm87tzmwgo","id":"f7rnkxm87tzmwgo"},"id":"qwfk1c6ipvnoy5i","previousOperationId":"llurm4hfunnwshv"}
{"type":"log","timestamp":1744209337921,"level":"info","message":"Rendering request 116 finished in 566 ms","meta":{"rootId":"f7rnkxm87tzmwgo","id":"f7rnkxm87tzmwgo"},"id":"m2vf8hkkm2gkuxf","previousOperationId":"llurm4hfunnwshv"}
{"type":"operationEnd","subtype":"render","operationId":"ruulmeeielxxpf2","timestamp":1744209337921,"id":"ciatht46hwd25ei","previousEventId":"oybgc34f6avan7c","previousOperationId":"llurm4hfunnwshv"}
{"type":"operationEnd","doDiffs":false,"previousEventId":"l3gc073a7ajs1y2","previousOperationId":"kr2qi1jtdo0ryyz","operationId":"kr2qi1jtdo0ryyz","timestamp":1744209337924,"id":"qobeiu0sn2bjxtg"}
