{"type":"operationStart","subtype":"profile","data":{"_id":"bLEeiwAiCDbe4nnH","timestamp":"2025-04-10T17:04:58.547Z","state":"queued","mode":"standard","creationDate":"2025-04-10T17:04:58.561Z","modificationDate":"2025-04-10T17:04:58.561Z","shortid":"qY3utSQ","$entitySet":"profiles"},"doDiffs":false,"timestamp":1744304698553,"id":"wownlnk7inyf654","previousOperationId":null,"operationId":"s74w7adgs8tdtsa"}
{"type":"log","level":"info","message":"Render request 4 queued for execution and waiting for available worker","previousOperationId":"s74w7adgs8tdtsa","timestamp":1744304698553,"id":"f49u1hpdfb39n9j"}
{"type":"operationStart","subtype":"render","name":"myTemplate","previousOperationId":"s74w7adgs8tdtsa","timestamp":1744304698584,"id":"jtuzgm7jxq9wj6r","previousEventId":"wownlnk7inyf654","operationId":"86ukfz7wci1tfa2"}
{"type":"log","timestamp":1744304698584,"level":"info","message":"Starting rendering request 4","meta":{"rootId":"faeewz5m6d6tyfe","id":"faeewz5m6d6tyfe"},"id":"jnhk9trfseouw2m","previousOperationId":"86ukfz7wci1tfa2"}
{"type":"log","timestamp":1744304698586,"level":"info","message":"Rendering template { name: myTemplate, recipe: chrome-pdf, engine: handlebars, preview: true }","meta":{"rootId":"faeewz5m6d6tyfe","id":"faeewz5m6d6tyfe"},"id":"w8cs6zb1wwtx6z6","previousOperationId":"86ukfz7wci1tfa2"}
{"type":"log","timestamp":1744304698587,"level":"debug","message":"Inline data specified.","meta":{"rootId":"faeewz5m6d6tyfe","id":"faeewz5m6d6tyfe"},"id":"sidzuuhsl15cyw4","previousOperationId":"86ukfz7wci1tfa2"}
{"type":"log","timestamp":1744304698593,"level":"debug","message":"Base url not specified, skipping its injection.","meta":{"rootId":"faeewz5m6d6tyfe","id":"faeewz5m6d6tyfe"},"id":"bh6phpsch3iz2sb","previousOperationId":"86ukfz7wci1tfa2"}
{"type":"operationStart","subtype":"engine","name":"handlebars","timestamp":1744304698593,"id":"u9jvpgwvaayxn72","previousEventId":"jtuzgm7jxq9wj6r","operationId":"0h92j4r9ejntq6f","previousOperationId":"86ukfz7wci1tfa2"}
{"type":"log","timestamp":1744304698593,"level":"debug","message":"Rendering engine handlebars","meta":{"rootId":"faeewz5m6d6tyfe","id":"faeewz5m6d6tyfe"},"id":"jgbycew4bcio61l","previousOperationId":"0h92j4r9ejntq6f"}
{"type":"operationEnd","operationId":"0h92j4r9ejntq6f","timestamp":1744304698643,"id":"e6ehsb170rxklwl","previousEventId":"u9jvpgwvaayxn72","previousOperationId":"0h92j4r9ejntq6f"}
{"type":"operationStart","subtype":"recipe","name":"chrome-pdf","timestamp":1744304698644,"id":"g4k4168xlf6ccfp","previousEventId":"e6ehsb170rxklwl","operationId":"b3ddaasz0vlh1d1","previousOperationId":"0h92j4r9ejntq6f"}
{"type":"log","timestamp":1744304698644,"level":"debug","message":"Executing recipe chrome-pdf","meta":{"rootId":"faeewz5m6d6tyfe","id":"faeewz5m6d6tyfe"},"id":"e0sb9b2p09xf3yf","previousOperationId":"b3ddaasz0vlh1d1"}
{"type":"log","timestamp":1744304698650,"level":"debug","message":"Converting with chrome Chrome/133.0.6943.126 using chrome-pool strategy","meta":{"rootId":"faeewz5m6d6tyfe","id":"faeewz5m6d6tyfe"},"id":"wrkl266iqkbip1m","previousOperationId":"b3ddaasz0vlh1d1"}
{"type":"log","timestamp":1744304698783,"level":"debug","message":"Page request: GET (document) file:///C:/Users/Patheo24/AppData/Local/Temp/jsreport/autocleanup/0b57b1cf-3114-4a3b-bf2e-8cdf4d2b8730-chrome-pdf.html","meta":{"rootId":"faeewz5m6d6tyfe","id":"faeewz5m6d6tyfe"},"id":"vup34ayx1g9i3uw","previousOperationId":"b3ddaasz0vlh1d1"}
{"type":"log","timestamp":1744304698808,"level":"debug","message":"Page request finished: GET (document) 200 file:///C:/Users/Patheo24/AppData/Local/Temp/jsreport/autocleanup/0b57b1cf-3114-4a3b-bf2e-8cdf4d2b8730-chrome-pdf.html","meta":{"rootId":"faeewz5m6d6tyfe","id":"faeewz5m6d6tyfe"},"id":"gjkdq6boi6u8w71","previousOperationId":"b3ddaasz0vlh1d1"}
{"type":"log","timestamp":1744304698809,"level":"debug","message":"(console:info) Slow network is detected. See https://www.chromestatus.com/feature/5636954674692096 for more details. Fallback font will be used while loading: http://localhost:5488/fonts/kalpurush.ttf","meta":{"userLevel":true,"rootId":"faeewz5m6d6tyfe","id":"faeewz5m6d6tyfe"},"id":"iaybdcbman8bga2","previousOperationId":"b3ddaasz0vlh1d1"}
{"type":"log","timestamp":1744304698814,"level":"debug","message":"Page request: GET (font) http://localhost:5488/fonts/kalpurush.ttf","meta":{"rootId":"faeewz5m6d6tyfe","id":"faeewz5m6d6tyfe"},"id":"c69a96pz20lp9ou","previousOperationId":"b3ddaasz0vlh1d1"}
{"type":"log","timestamp":1744304698814,"level":"debug","message":"Page request: GET (image) https://res.cloudinary.com/dpes1dyqb/image/upload/v1738768933/logo_myycxt.jpg","meta":{"rootId":"faeewz5m6d6tyfe","id":"faeewz5m6d6tyfe"},"id":"nctsdody3pw12xw","previousOperationId":"b3ddaasz0vlh1d1"}
{"type":"log","timestamp":1744304698862,"level":"debug","message":"Page request: GET (font) http://localhost:5488/fonts/kalpurush.ttf","meta":{"rootId":"faeewz5m6d6tyfe","id":"faeewz5m6d6tyfe"},"id":"4ihc7ldb7swdo53","previousOperationId":"b3ddaasz0vlh1d1"}
{"type":"log","timestamp":1744304698864,"level":"debug","message":"Page request finished: GET (image) 200 https://res.cloudinary.com/dpes1dyqb/image/upload/v1738768933/logo_myycxt.jpg","meta":{"rootId":"faeewz5m6d6tyfe","id":"faeewz5m6d6tyfe"},"id":"rgcq0vijaxm69ga","previousOperationId":"b3ddaasz0vlh1d1"}
{"type":"log","timestamp":1744304698881,"level":"debug","message":"(console:error) Failed to load resource: the server responded with a status of 404 (Not Found)","meta":{"userLevel":true,"rootId":"faeewz5m6d6tyfe","id":"faeewz5m6d6tyfe"},"id":"u4c0qtlvqo17bxh","previousOperationId":"b3ddaasz0vlh1d1"}
{"type":"log","timestamp":1744304698881,"level":"warn","message":"Page request failed: GET (font) http://localhost:5488/fonts/kalpurush.ttf, failure: net::ERR_ABORTED","meta":{"rootId":"faeewz5m6d6tyfe","id":"faeewz5m6d6tyfe"},"id":"a2p8fj2mmcyr3me","previousOperationId":"b3ddaasz0vlh1d1"}
{"type":"log","timestamp":1744304698895,"level":"debug","message":"Running chrome with params {\"printBackground\":true,\"format\":\"A5\",\"marginRight\":\"\",\"height\":\"\",\"marginTop\":\"\",\"marginBottom\":\"\",\"marginLeft\":\"\",\"displayHeaderFooter\":true,\"width\":\"\",\"timeout\":59898,\"margin\":{\"top\":\"\",\"right\":\"\",\"bottom\":\"\",\"left\":\"\"}}","meta":{"rootId":"faeewz5m6d6tyfe","id":"faeewz5m6d6tyfe"},"id":"zajk18nk1s24clg","previousOperationId":"b3ddaasz0vlh1d1"}
{"type":"operationEnd","operationId":"b3ddaasz0vlh1d1","timestamp":1744304699261,"id":"1w1v0doyk379jy4","previousEventId":"g4k4168xlf6ccfp","previousOperationId":"b3ddaasz0vlh1d1"}
{"type":"log","timestamp":1744304699261,"level":"debug","message":"Skipping storing report.","meta":{"rootId":"faeewz5m6d6tyfe","id":"faeewz5m6d6tyfe"},"id":"bw2ovzawpzv4irz","previousOperationId":"b3ddaasz0vlh1d1"}
{"type":"log","timestamp":1744304699261,"level":"info","message":"Rendering request 4 finished in 715 ms","meta":{"rootId":"faeewz5m6d6tyfe","id":"faeewz5m6d6tyfe"},"id":"ixe9f323y5ebkll","previousOperationId":"b3ddaasz0vlh1d1"}
{"type":"operationEnd","subtype":"render","operationId":"86ukfz7wci1tfa2","timestamp":1744304699261,"id":"i8x0tljidyohedq","previousEventId":"1w1v0doyk379jy4","previousOperationId":"b3ddaasz0vlh1d1"}
{"type":"operationEnd","doDiffs":false,"previousEventId":"wownlnk7inyf654","previousOperationId":"s74w7adgs8tdtsa","operationId":"s74w7adgs8tdtsa","timestamp":1744304699265,"id":"qd0ys4mc94fwfu6"}
