{"type":"operationStart","subtype":"profile","data":{"_id":"uZ8mV7a0UHe8Vo71","timestamp":"2025-04-09T14:58:36.412Z","state":"queued","mode":"standard","creationDate":"2025-04-09T14:58:36.415Z","modificationDate":"2025-04-09T14:58:36.415Z","shortid":"OBUJoyt","$entitySet":"profiles"},"doDiffs":false,"timestamp":1744210716413,"id":"1m4x7gk3qp7slmg","previousOperationId":null,"operationId":"3zhsxcbgiwcrca0"}
{"type":"log","level":"info","message":"Render request 6 queued for execution and waiting for available worker","previousOperationId":"3zhsxcbgiwcrca0","timestamp":1744210716414,"id":"bm7t3b9cba5cuff"}
{"type":"operationStart","subtype":"render","name":"myTemplate","previousOperationId":"3zhsxcbgiwcrca0","timestamp":1744210716430,"id":"20fy3p30h9sdwub","previousEventId":"1m4x7gk3qp7slmg","operationId":"95fea5qoet3yemd"}
{"type":"log","timestamp":1744210716430,"level":"info","message":"Starting rendering request 6","meta":{"rootId":"fdkd92e8bw9hokr","id":"fdkd92e8bw9hokr"},"id":"j6xpzxze0rknjbn","previousOperationId":"95fea5qoet3yemd"}
{"type":"log","timestamp":1744210716430,"level":"info","message":"Rendering template { name: myTemplate, recipe: chrome-pdf, engine: handlebars, preview: true }","meta":{"rootId":"fdkd92e8bw9hokr","id":"fdkd92e8bw9hokr"},"id":"iffgc8q1wftvzt8","previousOperationId":"95fea5qoet3yemd"}
{"type":"log","timestamp":1744210716431,"level":"debug","message":"Inline data specified.","meta":{"rootId":"fdkd92e8bw9hokr","id":"fdkd92e8bw9hokr"},"id":"6ukiihl8k0qi4px","previousOperationId":"95fea5qoet3yemd"}
{"type":"log","timestamp":1744210716434,"level":"debug","message":"Base url not specified, skipping its injection.","meta":{"rootId":"fdkd92e8bw9hokr","id":"fdkd92e8bw9hokr"},"id":"fetslxwgxl24fd7","previousOperationId":"95fea5qoet3yemd"}
{"type":"operationStart","subtype":"engine","name":"handlebars","timestamp":1744210716435,"id":"kusgh8dhmjnnwa3","previousEventId":"20fy3p30h9sdwub","operationId":"h4tu44rwp3gqy3k","previousOperationId":"95fea5qoet3yemd"}
{"type":"log","timestamp":1744210716435,"level":"debug","message":"Rendering engine handlebars","meta":{"rootId":"fdkd92e8bw9hokr","id":"fdkd92e8bw9hokr"},"id":"vorjth684p9xzzy","previousOperationId":"h4tu44rwp3gqy3k"}
{"type":"operationEnd","operationId":"h4tu44rwp3gqy3k","timestamp":1744210716489,"id":"6knf5o6aa2erthb","previousEventId":"kusgh8dhmjnnwa3","previousOperationId":"h4tu44rwp3gqy3k"}
{"type":"operationStart","subtype":"recipe","name":"chrome-pdf","timestamp":1744210716489,"id":"91t976v52fhowf0","previousEventId":"6knf5o6aa2erthb","operationId":"2jz1tnqy8vboxwx","previousOperationId":"h4tu44rwp3gqy3k"}
{"type":"log","timestamp":1744210716489,"level":"debug","message":"Executing recipe chrome-pdf","meta":{"rootId":"fdkd92e8bw9hokr","id":"fdkd92e8bw9hokr"},"id":"ooi79c6s8qmp3ar","previousOperationId":"2jz1tnqy8vboxwx"}
{"type":"log","timestamp":1744210716493,"level":"debug","message":"Converting with chrome Chrome/133.0.6943.126 using chrome-pool strategy","meta":{"rootId":"fdkd92e8bw9hokr","id":"fdkd92e8bw9hokr"},"id":"cjogcdu7ivcjxbr","previousOperationId":"2jz1tnqy8vboxwx"}
{"type":"log","timestamp":1744210716564,"level":"debug","message":"Page request: GET (document) file:///C:/Users/Patheo24/AppData/Local/Temp/jsreport/autocleanup/d8ad74c2-6726-4154-8795-064accbcd07c-chrome-pdf.html","meta":{"rootId":"fdkd92e8bw9hokr","id":"fdkd92e8bw9hokr"},"id":"9y71ntdxul4i68x","previousOperationId":"2jz1tnqy8vboxwx"}
{"type":"log","timestamp":1744210716587,"level":"debug","message":"Page request finished: GET (document) 200 file:///C:/Users/Patheo24/AppData/Local/Temp/jsreport/autocleanup/d8ad74c2-6726-4154-8795-064accbcd07c-chrome-pdf.html","meta":{"rootId":"fdkd92e8bw9hokr","id":"fdkd92e8bw9hokr"},"id":"4ax13xr1z8h697v","previousOperationId":"2jz1tnqy8vboxwx"}
{"type":"log","timestamp":1744210716588,"level":"debug","message":"(console:info) Slow network is detected. See https://www.chromestatus.com/feature/5636954674692096 for more details. Fallback font will be used while loading: http://localhost:5488/fonts/kalpurush.ttf","meta":{"userLevel":true,"rootId":"fdkd92e8bw9hokr","id":"fdkd92e8bw9hokr"},"id":"3suvli9vqhpy9iu","previousOperationId":"2jz1tnqy8vboxwx"}
{"type":"log","timestamp":1744210716589,"level":"debug","message":"Page request: GET (image) https://res.cloudinary.com/dpes1dyqb/image/upload/v1738768933/logo_myycxt.jpg","meta":{"rootId":"fdkd92e8bw9hokr","id":"fdkd92e8bw9hokr"},"id":"cwr62s7i751ufwo","previousOperationId":"2jz1tnqy8vboxwx"}
{"type":"log","timestamp":1744210716594,"level":"debug","message":"Page request: GET (font) http://localhost:5488/fonts/kalpurush.ttf","meta":{"rootId":"fdkd92e8bw9hokr","id":"fdkd92e8bw9hokr"},"id":"97rw73k7y3i42io","previousOperationId":"2jz1tnqy8vboxwx"}
{"type":"log","timestamp":1744210716602,"level":"debug","message":"Page request finished: GET (image) 200 https://res.cloudinary.com/dpes1dyqb/image/upload/v1738768933/logo_myycxt.jpg","meta":{"rootId":"fdkd92e8bw9hokr","id":"fdkd92e8bw9hokr"},"id":"wt9k7ntk77zdyyl","previousOperationId":"2jz1tnqy8vboxwx"}
{"type":"log","timestamp":1744210716602,"level":"debug","message":"Page request: GET (font) http://localhost:5488/fonts/kalpurush.ttf","meta":{"rootId":"fdkd92e8bw9hokr","id":"fdkd92e8bw9hokr"},"id":"2kir7lvueqe790c","previousOperationId":"2jz1tnqy8vboxwx"}
{"type":"log","timestamp":1744210716669,"level":"debug","message":"(console:error) Failed to load resource: the server responded with a status of 404 (Not Found)","meta":{"userLevel":true,"rootId":"fdkd92e8bw9hokr","id":"fdkd92e8bw9hokr"},"id":"kae84kch2m1ro7g","previousOperationId":"2jz1tnqy8vboxwx"}
{"type":"log","timestamp":1744210716670,"level":"warn","message":"Page request failed: GET (font) http://localhost:5488/fonts/kalpurush.ttf, failure: net::ERR_ABORTED","meta":{"rootId":"fdkd92e8bw9hokr","id":"fdkd92e8bw9hokr"},"id":"ahelgj1quorlk2w","previousOperationId":"2jz1tnqy8vboxwx"}
{"type":"log","timestamp":1744210716681,"level":"debug","message":"Running chrome with params {\"printBackground\":true,\"format\":\"A5\",\"marginRight\":\"\",\"height\":\"\",\"marginTop\":\"\",\"marginBottom\":\"\",\"marginLeft\":\"\",\"displayHeaderFooter\":true,\"width\":\"\",\"timeout\":59921,\"margin\":{\"top\":\"\",\"right\":\"\",\"bottom\":\"\",\"left\":\"\"}}","meta":{"rootId":"fdkd92e8bw9hokr","id":"fdkd92e8bw9hokr"},"id":"942cvg69kgdvdg8","previousOperationId":"2jz1tnqy8vboxwx"}
{"type":"operationEnd","operationId":"2jz1tnqy8vboxwx","timestamp":1744210717027,"id":"6de2fxazkrn9zki","previousEventId":"91t976v52fhowf0","previousOperationId":"2jz1tnqy8vboxwx"}
{"type":"log","timestamp":1744210717027,"level":"debug","message":"Skipping storing report.","meta":{"rootId":"fdkd92e8bw9hokr","id":"fdkd92e8bw9hokr"},"id":"b5z1pcqekwxt528","previousOperationId":"2jz1tnqy8vboxwx"}
{"type":"log","timestamp":1744210717028,"level":"info","message":"Rendering request 6 finished in 616 ms","meta":{"rootId":"fdkd92e8bw9hokr","id":"fdkd92e8bw9hokr"},"id":"hp70ru521m8vtv9","previousOperationId":"2jz1tnqy8vboxwx"}
{"type":"operationEnd","subtype":"render","operationId":"95fea5qoet3yemd","timestamp":1744210717028,"id":"t3qk4jm5zsbp68y","previousEventId":"6de2fxazkrn9zki","previousOperationId":"2jz1tnqy8vboxwx"}
{"type":"operationEnd","doDiffs":false,"previousEventId":"1m4x7gk3qp7slmg","previousOperationId":"3zhsxcbgiwcrca0","operationId":"3zhsxcbgiwcrca0","timestamp":1744210717032,"id":"s95jl3pg1rft42y"}
