{"type":"operationStart","subtype":"profile","data":{"_id":"HMFpGlAShMsX3uou","timestamp":"2025-04-09T10:49:57.946Z","state":"queued","mode":"standard","creationDate":"2025-04-09T10:49:57.948Z","modificationDate":"2025-04-09T10:49:57.948Z","shortid":"mwL5ssH","$entitySet":"profiles"},"doDiffs":false,"timestamp":1744195797947,"id":"ygakiz408cytbwe","previousOperationId":null,"operationId":"x604iat8txwuym5"}
{"type":"log","level":"info","message":"Render request 24 queued for execution and waiting for available worker","previousOperationId":"x604iat8txwuym5","timestamp":1744195797948,"id":"q572bd42uu0xaby"}
{"type":"operationStart","subtype":"render","name":"myTemplate","previousOperationId":"x604iat8txwuym5","timestamp":1744195797961,"id":"emkxjqjwo4ivcth","previousEventId":"ygakiz408cytbwe","operationId":"266bp3g3izfxhrb"}
{"type":"log","timestamp":1744195797961,"level":"info","message":"Starting rendering request 24","meta":{"rootId":"ffjy5rnwzhqucxn","id":"ffjy5rnwzhqucxn"},"id":"xohrgjqe61e3e9y","previousOperationId":"266bp3g3izfxhrb"}
{"type":"log","timestamp":1744195797962,"level":"info","message":"Rendering template { name: myTemplate, recipe: chrome-pdf, engine: handlebars, preview: true }","meta":{"rootId":"ffjy5rnwzhqucxn","id":"ffjy5rnwzhqucxn"},"id":"qbmxirx44g342sy","previousOperationId":"266bp3g3izfxhrb"}
{"type":"log","timestamp":1744195797967,"level":"debug","message":"Inline data specified.","meta":{"rootId":"ffjy5rnwzhqucxn","id":"ffjy5rnwzhqucxn"},"id":"t9r1z64bx0jqsml","previousOperationId":"266bp3g3izfxhrb"}
{"type":"log","timestamp":1744195797969,"level":"debug","message":"Base url not specified, skipping its injection.","meta":{"rootId":"ffjy5rnwzhqucxn","id":"ffjy5rnwzhqucxn"},"id":"rkzsql0nbp7unt9","previousOperationId":"266bp3g3izfxhrb"}
{"type":"operationStart","subtype":"engine","name":"handlebars","timestamp":1744195797969,"id":"ang6zipfavafftz","previousEventId":"emkxjqjwo4ivcth","operationId":"06nym62zc5ngv9v","previousOperationId":"266bp3g3izfxhrb"}
{"type":"log","timestamp":1744195797969,"level":"debug","message":"Rendering engine handlebars","meta":{"rootId":"ffjy5rnwzhqucxn","id":"ffjy5rnwzhqucxn"},"id":"s3dbwxxj81a03jp","previousOperationId":"06nym62zc5ngv9v"}
{"type":"operationEnd","operationId":"06nym62zc5ngv9v","timestamp":1744195797986,"id":"uquutaux31v785v","previousEventId":"ang6zipfavafftz","previousOperationId":"06nym62zc5ngv9v"}
{"type":"operationStart","subtype":"recipe","name":"chrome-pdf","timestamp":1744195797986,"id":"csl0iv97738v7iw","previousEventId":"uquutaux31v785v","operationId":"j9h766ftywhjjz3","previousOperationId":"06nym62zc5ngv9v"}
{"type":"log","timestamp":1744195797986,"level":"debug","message":"Executing recipe chrome-pdf","meta":{"rootId":"ffjy5rnwzhqucxn","id":"ffjy5rnwzhqucxn"},"id":"oqreasl948x8jo9","previousOperationId":"j9h766ftywhjjz3"}
{"type":"log","timestamp":1744195797990,"level":"debug","message":"Converting with chrome Chrome/133.0.6943.126 using chrome-pool strategy","meta":{"rootId":"ffjy5rnwzhqucxn","id":"ffjy5rnwzhqucxn"},"id":"l5b56quz44m7tze","previousOperationId":"j9h766ftywhjjz3"}
{"type":"log","timestamp":1744195798072,"level":"debug","message":"Page request: GET (document) file:///C:/Users/Patheo24/AppData/Local/Temp/jsreport/autocleanup/49237fb1-b99f-4396-9a2c-21df118729d3-chrome-pdf.html","meta":{"rootId":"ffjy5rnwzhqucxn","id":"ffjy5rnwzhqucxn"},"id":"tr7wog3sw41kalp","previousOperationId":"j9h766ftywhjjz3"}
{"type":"log","timestamp":1744195798112,"level":"debug","message":"Page request finished: GET (document) 200 file:///C:/Users/Patheo24/AppData/Local/Temp/jsreport/autocleanup/49237fb1-b99f-4396-9a2c-21df118729d3-chrome-pdf.html","meta":{"rootId":"ffjy5rnwzhqucxn","id":"ffjy5rnwzhqucxn"},"id":"d8actj9la43rezz","previousOperationId":"j9h766ftywhjjz3"}
{"type":"log","timestamp":1744195798112,"level":"debug","message":"(console:info) Slow network is detected. See https://www.chromestatus.com/feature/5636954674692096 for more details. Fallback font will be used while loading: http://localhost:5488/fonts/kalpurush.ttf","meta":{"userLevel":true,"rootId":"ffjy5rnwzhqucxn","id":"ffjy5rnwzhqucxn"},"id":"xh7ezb5f4wy62h4","previousOperationId":"j9h766ftywhjjz3"}
{"type":"log","timestamp":1744195798119,"level":"debug","message":"Page request: GET (font) http://localhost:5488/fonts/kalpurush.ttf","meta":{"rootId":"ffjy5rnwzhqucxn","id":"ffjy5rnwzhqucxn"},"id":"yvx3hz5bh6ea198","previousOperationId":"j9h766ftywhjjz3"}
{"type":"log","timestamp":1744195798120,"level":"debug","message":"Page request: GET (image) https://res.cloudinary.com/dpes1dyqb/image/upload/v1738768933/logo_myycxt.jpg","meta":{"rootId":"ffjy5rnwzhqucxn","id":"ffjy5rnwzhqucxn"},"id":"t2avujht1ginzbs","previousOperationId":"j9h766ftywhjjz3"}
{"type":"log","timestamp":1744195798168,"level":"debug","message":"Page request: GET (font) http://localhost:5488/fonts/kalpurush.ttf","meta":{"rootId":"ffjy5rnwzhqucxn","id":"ffjy5rnwzhqucxn"},"id":"427olryea9w5qtf","previousOperationId":"j9h766ftywhjjz3"}
{"type":"log","timestamp":1744195798168,"level":"debug","message":"Page request finished: GET (image) 200 https://res.cloudinary.com/dpes1dyqb/image/upload/v1738768933/logo_myycxt.jpg","meta":{"rootId":"ffjy5rnwzhqucxn","id":"ffjy5rnwzhqucxn"},"id":"6ckf9vxwsg1mvgl","previousOperationId":"j9h766ftywhjjz3"}
{"type":"log","timestamp":1744195798175,"level":"debug","message":"(console:error) Failed to load resource: the server responded with a status of 404 (Not Found)","meta":{"userLevel":true,"rootId":"ffjy5rnwzhqucxn","id":"ffjy5rnwzhqucxn"},"id":"h60iyj13abebkdr","previousOperationId":"j9h766ftywhjjz3"}
{"type":"log","timestamp":1744195798175,"level":"warn","message":"Page request failed: GET (font) http://localhost:5488/fonts/kalpurush.ttf, failure: net::ERR_ABORTED","meta":{"rootId":"ffjy5rnwzhqucxn","id":"ffjy5rnwzhqucxn"},"id":"9vgktf7b9qwxd0m","previousOperationId":"j9h766ftywhjjz3"}
{"type":"log","timestamp":1744195798185,"level":"debug","message":"Running chrome with params {\"printBackground\":true,\"timeout\":59958,\"margin\":{}}","meta":{"rootId":"ffjy5rnwzhqucxn","id":"ffjy5rnwzhqucxn"},"id":"u89tppieq65xv7k","previousOperationId":"j9h766ftywhjjz3"}
{"type":"operationEnd","operationId":"j9h766ftywhjjz3","timestamp":1744195798545,"id":"dzt9bj52q2mq07q","previousEventId":"csl0iv97738v7iw","previousOperationId":"j9h766ftywhjjz3"}
{"type":"log","timestamp":1744195798545,"level":"debug","message":"Skipping storing report.","meta":{"rootId":"ffjy5rnwzhqucxn","id":"ffjy5rnwzhqucxn"},"id":"i53qg4pnrjx3tlv","previousOperationId":"j9h766ftywhjjz3"}
{"type":"log","timestamp":1744195798545,"level":"info","message":"Rendering request 24 finished in 599 ms","meta":{"rootId":"ffjy5rnwzhqucxn","id":"ffjy5rnwzhqucxn"},"id":"hv6mxpzrzp8juqd","previousOperationId":"j9h766ftywhjjz3"}
{"type":"operationEnd","subtype":"render","operationId":"266bp3g3izfxhrb","timestamp":1744195798545,"id":"hl7gaa51r9e7ml6","previousEventId":"dzt9bj52q2mq07q","previousOperationId":"j9h766ftywhjjz3"}
{"type":"operationEnd","doDiffs":false,"previousEventId":"ygakiz408cytbwe","previousOperationId":"x604iat8txwuym5","operationId":"x604iat8txwuym5","timestamp":1744195798548,"id":"v1p2vdziidthsrs"}
