{"type":"operationStart","subtype":"profile","data":{"_id":"lvAF3Pi7NAGfn4vK","timestamp":"2025-04-11T12:58:49.140Z","state":"queued","mode":"standard","creationDate":"2025-04-11T12:58:49.142Z","modificationDate":"2025-04-11T12:58:49.142Z","shortid":"TUmpTMW","$entitySet":"profiles"},"doDiffs":false,"timestamp":1744376329141,"id":"5febjatdzkh3wp7","previousOperationId":null,"operationId":"kqao84k8o112szp"}
{"type":"log","level":"info","message":"Render request 36 queued for execution and waiting for available worker","previousOperationId":"kqao84k8o112szp","timestamp":1744376329142,"id":"25nes97v3qxaqjo"}
{"type":"operationStart","subtype":"render","name":"myTemplate","previousOperationId":"kqao84k8o112szp","timestamp":1744376329159,"id":"uc6np2mzo5k0r8r","previousEventId":"5febjatdzkh3wp7","operationId":"dydwj1i9ng2idg3"}
{"type":"log","timestamp":1744376329159,"level":"info","message":"Starting rendering request 36","meta":{"rootId":"fhcdweno73mhotz","id":"fhcdweno73mhotz"},"id":"bjm5wxw6fchomah","previousOperationId":"dydwj1i9ng2idg3"}
{"type":"log","timestamp":1744376329159,"level":"info","message":"Rendering template { name: myTemplate, recipe: chrome-pdf, engine: handlebars, preview: true }","meta":{"rootId":"fhcdweno73mhotz","id":"fhcdweno73mhotz"},"id":"stnnm11glxrx320","previousOperationId":"dydwj1i9ng2idg3"}
{"type":"log","timestamp":1744376329160,"level":"debug","message":"Inline data specified.","meta":{"rootId":"fhcdweno73mhotz","id":"fhcdweno73mhotz"},"id":"4k01cy2e064730m","previousOperationId":"dydwj1i9ng2idg3"}
{"type":"log","timestamp":1744376329161,"level":"debug","message":"Base url not specified, skipping its injection.","meta":{"rootId":"fhcdweno73mhotz","id":"fhcdweno73mhotz"},"id":"imkh3qhc03e4w2v","previousOperationId":"dydwj1i9ng2idg3"}
{"type":"operationStart","subtype":"engine","name":"handlebars","timestamp":1744376329161,"id":"jx94fvanq8173ju","previousEventId":"uc6np2mzo5k0r8r","operationId":"z5aahse3payivmy","previousOperationId":"dydwj1i9ng2idg3"}
{"type":"log","timestamp":1744376329161,"level":"debug","message":"Rendering engine handlebars","meta":{"rootId":"fhcdweno73mhotz","id":"fhcdweno73mhotz"},"id":"3xcg9ah7di3sufu","previousOperationId":"z5aahse3payivmy"}
{"type":"operationEnd","operationId":"z5aahse3payivmy","timestamp":1744376329188,"id":"euurzhdnwrsf6cr","previousEventId":"jx94fvanq8173ju","previousOperationId":"z5aahse3payivmy"}
{"type":"operationStart","subtype":"recipe","name":"chrome-pdf","timestamp":1744376329190,"id":"sh0wl2tzk7ck74e","previousEventId":"euurzhdnwrsf6cr","operationId":"qwiexbyyscxk2ly","previousOperationId":"z5aahse3payivmy"}
{"type":"log","timestamp":1744376329190,"level":"debug","message":"Executing recipe chrome-pdf","meta":{"rootId":"fhcdweno73mhotz","id":"fhcdweno73mhotz"},"id":"pj1ig09uzi8vqec","previousOperationId":"qwiexbyyscxk2ly"}
{"type":"log","timestamp":1744376329192,"level":"debug","message":"Converting with chrome Chrome/133.0.6943.126 using chrome-pool strategy","meta":{"rootId":"fhcdweno73mhotz","id":"fhcdweno73mhotz"},"id":"d66v3re9v2p1oig","previousOperationId":"qwiexbyyscxk2ly"}
{"type":"log","timestamp":1744376329263,"level":"debug","message":"Page request: GET (document) file:///C:/Users/Patheo24/AppData/Local/Temp/jsreport/autocleanup/f4d02635-2585-4a0d-a778-acea4755275c-chrome-pdf.html","meta":{"rootId":"fhcdweno73mhotz","id":"fhcdweno73mhotz"},"id":"spwkovz60ew5f7o","previousOperationId":"qwiexbyyscxk2ly"}
{"type":"log","timestamp":1744376329287,"level":"debug","message":"Page request finished: GET (document) 200 file:///C:/Users/Patheo24/AppData/Local/Temp/jsreport/autocleanup/f4d02635-2585-4a0d-a778-acea4755275c-chrome-pdf.html","meta":{"rootId":"fhcdweno73mhotz","id":"fhcdweno73mhotz"},"id":"03qklituuf0abc6","previousOperationId":"qwiexbyyscxk2ly"}
{"type":"log","timestamp":1744376329288,"level":"debug","message":"Page request: GET (image) https://res.cloudinary.com/dpes1dyqb/image/upload/v1738768933/logo_myycxt.jpg","meta":{"rootId":"fhcdweno73mhotz","id":"fhcdweno73mhotz"},"id":"9qx7p7kmcvj7qgn","previousOperationId":"qwiexbyyscxk2ly"}
{"type":"log","timestamp":1744376329289,"level":"debug","message":"Page request: GET (font) http://localhost:5488/fonts/kalpurush.ttf","meta":{"rootId":"fhcdweno73mhotz","id":"fhcdweno73mhotz"},"id":"5xi62dlga47qkc9","previousOperationId":"qwiexbyyscxk2ly"}
{"type":"log","timestamp":1744376329339,"level":"debug","message":"Page request: GET (font) http://localhost:5488/fonts/kalpurush.ttf","meta":{"rootId":"fhcdweno73mhotz","id":"fhcdweno73mhotz"},"id":"iseqr1c5fhtro18","previousOperationId":"qwiexbyyscxk2ly"}
{"type":"log","timestamp":1744376329341,"level":"debug","message":"Page request finished: GET (image) 200 https://res.cloudinary.com/dpes1dyqb/image/upload/v1738768933/logo_myycxt.jpg","meta":{"rootId":"fhcdweno73mhotz","id":"fhcdweno73mhotz"},"id":"i60nk2krj3ldfob","previousOperationId":"qwiexbyyscxk2ly"}
{"type":"log","timestamp":1744376329346,"level":"debug","message":"(console:error) Failed to load resource: the server responded with a status of 404 (Not Found)","meta":{"userLevel":true,"rootId":"fhcdweno73mhotz","id":"fhcdweno73mhotz"},"id":"fu6blnzehwjlijr","previousOperationId":"qwiexbyyscxk2ly"}
{"type":"log","timestamp":1744376329346,"level":"warn","message":"Page request failed: GET (font) http://localhost:5488/fonts/kalpurush.ttf, failure: net::ERR_ABORTED","meta":{"rootId":"fhcdweno73mhotz","id":"fhcdweno73mhotz"},"id":"up0w2eux7w93u0p","previousOperationId":"qwiexbyyscxk2ly"}
{"type":"log","timestamp":1744376329360,"level":"debug","message":"Running chrome with params {\"printBackground\":true,\"format\":\"A5\",\"marginRight\":\"\",\"height\":\"\",\"marginTop\":\"\",\"marginBottom\":\"\",\"marginLeft\":\"\",\"displayHeaderFooter\":true,\"width\":\"\",\"timeout\":59948,\"margin\":{\"top\":\"\",\"right\":\"\",\"bottom\":\"\",\"left\":\"\"}}","meta":{"rootId":"fhcdweno73mhotz","id":"fhcdweno73mhotz"},"id":"fprro9dpjfpus0l","previousOperationId":"qwiexbyyscxk2ly"}
{"type":"operationEnd","operationId":"qwiexbyyscxk2ly","timestamp":1744376329733,"id":"604h8nwnuvyoaoc","previousEventId":"sh0wl2tzk7ck74e","previousOperationId":"qwiexbyyscxk2ly"}
{"type":"log","timestamp":1744376329733,"level":"debug","message":"Skipping storing report.","meta":{"rootId":"fhcdweno73mhotz","id":"fhcdweno73mhotz"},"id":"rfc74so6aflzp4b","previousOperationId":"qwiexbyyscxk2ly"}
{"type":"log","timestamp":1744376329733,"level":"info","message":"Rendering request 36 finished in 593 ms","meta":{"rootId":"fhcdweno73mhotz","id":"fhcdweno73mhotz"},"id":"d478ks6bxub61nu","previousOperationId":"qwiexbyyscxk2ly"}
{"type":"operationEnd","subtype":"render","operationId":"dydwj1i9ng2idg3","timestamp":1744376329733,"id":"qgsvcf5p0jd97bj","previousEventId":"604h8nwnuvyoaoc","previousOperationId":"qwiexbyyscxk2ly"}
{"type":"operationEnd","doDiffs":false,"previousEventId":"5febjatdzkh3wp7","previousOperationId":"kqao84k8o112szp","operationId":"kqao84k8o112szp","timestamp":1744376329738,"id":"0prjqcps8vcvzag"}
