{"type":"operationStart","subtype":"profile","data":{"_id":"rvl0GAshuyXg8sMJ","timestamp":"2025-04-10T12:37:31.322Z","state":"queued","mode":"standard","creationDate":"2025-04-10T12:37:31.324Z","modificationDate":"2025-04-10T12:37:31.324Z","shortid":"EwcUAEQ","$entitySet":"profiles"},"doDiffs":false,"timestamp":1744288651323,"id":"o0mhx83m5pe6ydx","previousOperationId":null,"operationId":"188z5rin77smc1r"}
{"type":"log","level":"info","message":"Render request 4 queued for execution and waiting for available worker","previousOperationId":"188z5rin77smc1r","timestamp":1744288651323,"id":"ktinjrlvalv9r40"}
{"type":"operationStart","subtype":"render","name":"myTemplate","previousOperationId":"188z5rin77smc1r","timestamp":1744288651341,"id":"xm5ei6vo1xf8ik2","previousEventId":"o0mhx83m5pe6ydx","operationId":"bszpo1o4ssj8eou"}
{"type":"log","timestamp":1744288651341,"level":"info","message":"Starting rendering request 4","meta":{"rootId":"fibdrwdollagotm","id":"fibdrwdollagotm"},"id":"cvmqxca14bhcmp1","previousOperationId":"bszpo1o4ssj8eou"}
{"type":"log","timestamp":1744288651341,"level":"info","message":"Rendering template { name: myTemplate, recipe: chrome-pdf, engine: handlebars, preview: true }","meta":{"rootId":"fibdrwdollagotm","id":"fibdrwdollagotm"},"id":"60j6nis1fzer6o0","previousOperationId":"bszpo1o4ssj8eou"}
{"type":"log","timestamp":1744288651342,"level":"debug","message":"Inline data specified.","meta":{"rootId":"fibdrwdollagotm","id":"fibdrwdollagotm"},"id":"qhwgsxmxwa1uz6l","previousOperationId":"bszpo1o4ssj8eou"}
{"type":"log","timestamp":1744288651343,"level":"debug","message":"Base url not specified, skipping its injection.","meta":{"rootId":"fibdrwdollagotm","id":"fibdrwdollagotm"},"id":"ljz60x8qenjbknz","previousOperationId":"bszpo1o4ssj8eou"}
{"type":"operationStart","subtype":"engine","name":"handlebars","timestamp":1744288651344,"id":"dcqxsjs0wj4o59j","previousEventId":"xm5ei6vo1xf8ik2","operationId":"tpxp1bzuooxsosb","previousOperationId":"bszpo1o4ssj8eou"}
{"type":"log","timestamp":1744288651344,"level":"debug","message":"Rendering engine handlebars","meta":{"rootId":"fibdrwdollagotm","id":"fibdrwdollagotm"},"id":"qss003xlfpl1nqm","previousOperationId":"tpxp1bzuooxsosb"}
{"type":"operationEnd","operationId":"tpxp1bzuooxsosb","timestamp":1744288651387,"id":"cdk6zx2d4eybnzy","previousEventId":"dcqxsjs0wj4o59j","previousOperationId":"tpxp1bzuooxsosb"}
{"type":"operationStart","subtype":"recipe","name":"chrome-pdf","timestamp":1744288651387,"id":"23lwevtkeq6og4a","previousEventId":"cdk6zx2d4eybnzy","operationId":"9bucn3xjcjp7hxg","previousOperationId":"tpxp1bzuooxsosb"}
{"type":"log","timestamp":1744288651387,"level":"debug","message":"Executing recipe chrome-pdf","meta":{"rootId":"fibdrwdollagotm","id":"fibdrwdollagotm"},"id":"qptnkzw7zjeyds7","previousOperationId":"9bucn3xjcjp7hxg"}
{"type":"log","timestamp":1744288651394,"level":"debug","message":"Converting with chrome Chrome/133.0.6943.126 using chrome-pool strategy","meta":{"rootId":"fibdrwdollagotm","id":"fibdrwdollagotm"},"id":"no81g79zc01ypev","previousOperationId":"9bucn3xjcjp7hxg"}
{"type":"log","timestamp":1744288651629,"level":"debug","message":"Page request: GET (document) file:///C:/Users/Patheo24/AppData/Local/Temp/jsreport/autocleanup/9f9132c0-07a1-4405-90b6-09e79abc58fe-chrome-pdf.html","meta":{"rootId":"fibdrwdollagotm","id":"fibdrwdollagotm"},"id":"oealorby7gf80wu","previousOperationId":"9bucn3xjcjp7hxg"}
{"type":"log","timestamp":1744288651656,"level":"debug","message":"Page request finished: GET (document) 200 file:///C:/Users/Patheo24/AppData/Local/Temp/jsreport/autocleanup/9f9132c0-07a1-4405-90b6-09e79abc58fe-chrome-pdf.html","meta":{"rootId":"fibdrwdollagotm","id":"fibdrwdollagotm"},"id":"i8wh86zt5exl4zb","previousOperationId":"9bucn3xjcjp7hxg"}
{"type":"log","timestamp":1744288651657,"level":"debug","message":"(console:info) Slow network is detected. See https://www.chromestatus.com/feature/5636954674692096 for more details. Fallback font will be used while loading: http://localhost:5488/fonts/kalpurush.ttf","meta":{"userLevel":true,"rootId":"fibdrwdollagotm","id":"fibdrwdollagotm"},"id":"yo308bv3hr6hfw4","previousOperationId":"9bucn3xjcjp7hxg"}
{"type":"log","timestamp":1744288651658,"level":"debug","message":"Page request: GET (font) http://localhost:5488/fonts/kalpurush.ttf","meta":{"rootId":"fibdrwdollagotm","id":"fibdrwdollagotm"},"id":"2zxw04lsxgqbvxh","previousOperationId":"9bucn3xjcjp7hxg"}
{"type":"log","timestamp":1744288651658,"level":"debug","message":"Page request: GET (image) https://res.cloudinary.com/dpes1dyqb/image/upload/v1738768933/logo_myycxt.jpg","meta":{"rootId":"fibdrwdollagotm","id":"fibdrwdollagotm"},"id":"5l3ei7un8v9ddnv","previousOperationId":"9bucn3xjcjp7hxg"}
{"type":"log","timestamp":1744288651742,"level":"debug","message":"Page request: GET (font) http://localhost:5488/fonts/kalpurush.ttf","meta":{"rootId":"fibdrwdollagotm","id":"fibdrwdollagotm"},"id":"lbsivacea59p6eb","previousOperationId":"9bucn3xjcjp7hxg"}
{"type":"log","timestamp":1744288651743,"level":"debug","message":"Page request finished: GET (image) 200 https://res.cloudinary.com/dpes1dyqb/image/upload/v1738768933/logo_myycxt.jpg","meta":{"rootId":"fibdrwdollagotm","id":"fibdrwdollagotm"},"id":"zgw6fhw293mrxpw","previousOperationId":"9bucn3xjcjp7hxg"}
{"type":"log","timestamp":1744288651759,"level":"debug","message":"(console:error) Failed to load resource: the server responded with a status of 404 (Not Found)","meta":{"userLevel":true,"rootId":"fibdrwdollagotm","id":"fibdrwdollagotm"},"id":"0sk1lrhdstdv1yo","previousOperationId":"9bucn3xjcjp7hxg"}
{"type":"log","timestamp":1744288651759,"level":"warn","message":"Page request failed: GET (font) http://localhost:5488/fonts/kalpurush.ttf, failure: net::ERR_ABORTED","meta":{"rootId":"fibdrwdollagotm","id":"fibdrwdollagotm"},"id":"bikjy3ebn4ikh6i","previousOperationId":"9bucn3xjcjp7hxg"}
{"type":"log","timestamp":1744288651778,"level":"debug","message":"Running chrome with params {\"printBackground\":true,\"format\":\"A5\",\"marginRight\":\"\",\"height\":\"\",\"marginTop\":\"\",\"marginBottom\":\"\",\"marginLeft\":\"\",\"displayHeaderFooter\":true,\"width\":\"\",\"timeout\":59929,\"margin\":{\"top\":\"\",\"right\":\"\",\"bottom\":\"\",\"left\":\"\"}}","meta":{"rootId":"fibdrwdollagotm","id":"fibdrwdollagotm"},"id":"fltyzhlcgvhgv8k","previousOperationId":"9bucn3xjcjp7hxg"}
{"type":"operationEnd","operationId":"9bucn3xjcjp7hxg","timestamp":1744288652275,"id":"h2nxppizz1rvcko","previousEventId":"23lwevtkeq6og4a","previousOperationId":"9bucn3xjcjp7hxg"}
{"type":"log","timestamp":1744288652275,"level":"debug","message":"Skipping storing report.","meta":{"rootId":"fibdrwdollagotm","id":"fibdrwdollagotm"},"id":"3gxh8l05swvy7ef","previousOperationId":"9bucn3xjcjp7hxg"}
{"type":"log","timestamp":1744288652276,"level":"info","message":"Rendering request 4 finished in 955 ms","meta":{"rootId":"fibdrwdollagotm","id":"fibdrwdollagotm"},"id":"3xfkchqc29yqfu5","previousOperationId":"9bucn3xjcjp7hxg"}
{"type":"operationEnd","subtype":"render","operationId":"bszpo1o4ssj8eou","timestamp":1744288652276,"id":"mvba2gevs7wrk53","previousEventId":"h2nxppizz1rvcko","previousOperationId":"9bucn3xjcjp7hxg"}
{"type":"operationEnd","doDiffs":false,"previousEventId":"o0mhx83m5pe6ydx","previousOperationId":"188z5rin77smc1r","operationId":"188z5rin77smc1r","timestamp":1744288652281,"id":"v6fzvg8bqzq0377"}
