{"type":"operationStart","subtype":"profile","data":{"_id":"z7PDT5PUnAUajq0r","timestamp":"2025-04-11T12:34:00.813Z","state":"queued","mode":"standard","creationDate":"2025-04-11T12:34:00.818Z","modificationDate":"2025-04-11T12:34:00.818Z","shortid":"X9fEuSG","$entitySet":"profiles"},"doDiffs":false,"timestamp":1744374840815,"id":"1yw2fu8s7fy1m6p","previousOperationId":null,"operationId":"ljot0fuzcngn3ad"}
{"type":"log","level":"info","message":"Render request 16 queued for execution and waiting for available worker","previousOperationId":"ljot0fuzcngn3ad","timestamp":1744374840815,"id":"cwhya75u8500y4j"}
{"type":"operationStart","subtype":"render","name":"myTemplate","previousOperationId":"ljot0fuzcngn3ad","timestamp":1744374840855,"id":"a32kaj0embizg91","previousEventId":"1yw2fu8s7fy1m6p","operationId":"edxu1t61kejoa9h"}
{"type":"log","timestamp":1744374840855,"level":"info","message":"Starting rendering request 16","meta":{"rootId":"fk1i6xgcvfo0w31","id":"fk1i6xgcvfo0w31"},"id":"ir0cswg6ru57u5e","previousOperationId":"edxu1t61kejoa9h"}
{"type":"log","timestamp":1744374840855,"level":"info","message":"Rendering template { name: myTemplate, recipe: chrome-pdf, engine: handlebars, preview: true }","meta":{"rootId":"fk1i6xgcvfo0w31","id":"fk1i6xgcvfo0w31"},"id":"vf81bazienovo54","previousOperationId":"edxu1t61kejoa9h"}
{"type":"log","timestamp":1744374840861,"level":"debug","message":"Inline data specified.","meta":{"rootId":"fk1i6xgcvfo0w31","id":"fk1i6xgcvfo0w31"},"id":"l4qvee4sdxbxl95","previousOperationId":"edxu1t61kejoa9h"}
{"type":"log","timestamp":1744374840871,"level":"debug","message":"Base url not specified, skipping its injection.","meta":{"rootId":"fk1i6xgcvfo0w31","id":"fk1i6xgcvfo0w31"},"id":"omrkljn0u52hepw","previousOperationId":"edxu1t61kejoa9h"}
{"type":"operationStart","subtype":"engine","name":"handlebars","timestamp":1744374840871,"id":"fx8u2bqt1909ox5","previousEventId":"a32kaj0embizg91","operationId":"jpmi6tfw6n9t757","previousOperationId":"edxu1t61kejoa9h"}
{"type":"log","timestamp":1744374840871,"level":"debug","message":"Rendering engine handlebars","meta":{"rootId":"fk1i6xgcvfo0w31","id":"fk1i6xgcvfo0w31"},"id":"0tga3w2tgnqynca","previousOperationId":"jpmi6tfw6n9t757"}
{"type":"operationEnd","operationId":"jpmi6tfw6n9t757","timestamp":1744374840897,"id":"cqmdggue59wmo20","previousEventId":"fx8u2bqt1909ox5","previousOperationId":"jpmi6tfw6n9t757"}
{"type":"operationStart","subtype":"recipe","name":"chrome-pdf","timestamp":1744374840897,"id":"per1v3gj9u6g6ln","previousEventId":"cqmdggue59wmo20","operationId":"sscpv72wo1nen9i","previousOperationId":"jpmi6tfw6n9t757"}
{"type":"log","timestamp":1744374840897,"level":"debug","message":"Executing recipe chrome-pdf","meta":{"rootId":"fk1i6xgcvfo0w31","id":"fk1i6xgcvfo0w31"},"id":"wuewkmmedphd5l9","previousOperationId":"sscpv72wo1nen9i"}
{"type":"log","timestamp":1744374840900,"level":"debug","message":"Converting with chrome Chrome/133.0.6943.126 using chrome-pool strategy","meta":{"rootId":"fk1i6xgcvfo0w31","id":"fk1i6xgcvfo0w31"},"id":"dabpfxpdfupz12l","previousOperationId":"sscpv72wo1nen9i"}
{"type":"log","timestamp":1744374840981,"level":"debug","message":"Page request: GET (document) file:///C:/Users/Patheo24/AppData/Local/Temp/jsreport/autocleanup/46573b9c-c04b-4142-bb94-f70261375184-chrome-pdf.html","meta":{"rootId":"fk1i6xgcvfo0w31","id":"fk1i6xgcvfo0w31"},"id":"zj94n9qav0scar1","previousOperationId":"sscpv72wo1nen9i"}
{"type":"log","timestamp":1744374841003,"level":"debug","message":"Page request finished: GET (document) 200 file:///C:/Users/Patheo24/AppData/Local/Temp/jsreport/autocleanup/46573b9c-c04b-4142-bb94-f70261375184-chrome-pdf.html","meta":{"rootId":"fk1i6xgcvfo0w31","id":"fk1i6xgcvfo0w31"},"id":"4r19jz23p354012","previousOperationId":"sscpv72wo1nen9i"}
{"type":"log","timestamp":1744374841004,"level":"debug","message":"Page request: GET (image) https://res.cloudinary.com/dpes1dyqb/image/upload/v1738768933/logo_myycxt.jpg","meta":{"rootId":"fk1i6xgcvfo0w31","id":"fk1i6xgcvfo0w31"},"id":"cd62a4fh1y2sa2s","previousOperationId":"sscpv72wo1nen9i"}
{"type":"log","timestamp":1744374841012,"level":"debug","message":"Page request: GET (font) http://localhost:5488/fonts/kalpurush.ttf","meta":{"rootId":"fk1i6xgcvfo0w31","id":"fk1i6xgcvfo0w31"},"id":"2ypuhyqize5fomt","previousOperationId":"sscpv72wo1nen9i"}
{"type":"log","timestamp":1744374841053,"level":"debug","message":"Page request finished: GET (image) 200 https://res.cloudinary.com/dpes1dyqb/image/upload/v1738768933/logo_myycxt.jpg","meta":{"rootId":"fk1i6xgcvfo0w31","id":"fk1i6xgcvfo0w31"},"id":"jg8w84xhnw28f5o","previousOperationId":"sscpv72wo1nen9i"}
{"type":"log","timestamp":1744374841055,"level":"debug","message":"Page request: GET (font) http://localhost:5488/fonts/kalpurush.ttf","meta":{"rootId":"fk1i6xgcvfo0w31","id":"fk1i6xgcvfo0w31"},"id":"bwgk13nsnvn6ilo","previousOperationId":"sscpv72wo1nen9i"}
{"type":"log","timestamp":1744374841077,"level":"debug","message":"(console:error) Failed to load resource: the server responded with a status of 404 (Not Found)","meta":{"userLevel":true,"rootId":"fk1i6xgcvfo0w31","id":"fk1i6xgcvfo0w31"},"id":"bx1gi0lmphvs2do","previousOperationId":"sscpv72wo1nen9i"}
{"type":"log","timestamp":1744374841077,"level":"warn","message":"Page request failed: GET (font) http://localhost:5488/fonts/kalpurush.ttf, failure: net::ERR_ABORTED","meta":{"rootId":"fk1i6xgcvfo0w31","id":"fk1i6xgcvfo0w31"},"id":"fb0zm5rdpaqsmm4","previousOperationId":"sscpv72wo1nen9i"}
{"type":"log","timestamp":1744374841086,"level":"debug","message":"Running chrome with params {\"printBackground\":true,\"format\":\"A5\",\"marginRight\":\"\",\"height\":\"\",\"marginTop\":\"\",\"marginBottom\":\"\",\"marginLeft\":\"\",\"displayHeaderFooter\":true,\"width\":\"\",\"timeout\":59914,\"margin\":{\"top\":\"\",\"right\":\"\",\"bottom\":\"\",\"left\":\"\"}}","meta":{"rootId":"fk1i6xgcvfo0w31","id":"fk1i6xgcvfo0w31"},"id":"g3y6qhtydpn648l","previousOperationId":"sscpv72wo1nen9i"}
{"type":"operationEnd","operationId":"sscpv72wo1nen9i","timestamp":1744374841449,"id":"oxvzzj1yvjyv1l6","previousEventId":"per1v3gj9u6g6ln","previousOperationId":"sscpv72wo1nen9i"}
{"type":"log","timestamp":1744374841449,"level":"debug","message":"Skipping storing report.","meta":{"rootId":"fk1i6xgcvfo0w31","id":"fk1i6xgcvfo0w31"},"id":"0cfobah1k2cylac","previousOperationId":"sscpv72wo1nen9i"}
{"type":"log","timestamp":1744374841449,"level":"info","message":"Rendering request 16 finished in 636 ms","meta":{"rootId":"fk1i6xgcvfo0w31","id":"fk1i6xgcvfo0w31"},"id":"hg4hki1j5hdflmp","previousOperationId":"sscpv72wo1nen9i"}
{"type":"operationEnd","subtype":"render","operationId":"edxu1t61kejoa9h","timestamp":1744374841449,"id":"gyny7kuk81obb06","previousEventId":"oxvzzj1yvjyv1l6","previousOperationId":"sscpv72wo1nen9i"}
{"type":"operationEnd","doDiffs":false,"previousEventId":"1yw2fu8s7fy1m6p","previousOperationId":"ljot0fuzcngn3ad","operationId":"ljot0fuzcngn3ad","timestamp":1744374841454,"id":"6l78inkbspfj86c"}
