{"type":"operationStart","subtype":"profile","data":{"_id":"ATvFfdLvv8bopXDq","timestamp":"2025-04-09T07:10:44.484Z","state":"queued","mode":"standard","creationDate":"2025-04-09T07:10:44.486Z","modificationDate":"2025-04-09T07:10:44.486Z","shortid":"3zHbOnP","$entitySet":"profiles"},"doDiffs":false,"timestamp":1744182644485,"id":"i9a36q6igob5ue2","previousOperationId":null,"operationId":"bvucq5bxin3lr53"}
{"type":"log","level":"info","message":"Render request 43 queued for execution and waiting for available worker","previousOperationId":"bvucq5bxin3lr53","timestamp":1744182644485,"id":"gf04fx1a7llbyy8"}
{"type":"operationStart","subtype":"render","name":"myTemplate","previousOperationId":"bvucq5bxin3lr53","timestamp":1744182644498,"id":"648oqg76cy0ul3b","previousEventId":"i9a36q6igob5ue2","operationId":"pavwx3e85tj7w9b"}
{"type":"log","timestamp":1744182644498,"level":"info","message":"Starting rendering request 43","meta":{"rootId":"flb179qio0an3k2","id":"flb179qio0an3k2"},"id":"quoh1t9ayvpyqry","previousOperationId":"pavwx3e85tj7w9b"}
{"type":"log","timestamp":1744182644498,"level":"info","message":"Rendering template { name: myTemplate, recipe: chrome-pdf, engine: handlebars, preview: true }","meta":{"rootId":"flb179qio0an3k2","id":"flb179qio0an3k2"},"id":"rem7ou413o64vzp","previousOperationId":"pavwx3e85tj7w9b"}
{"type":"log","timestamp":1744182644498,"level":"debug","message":"Inline data specified.","meta":{"rootId":"flb179qio0an3k2","id":"flb179qio0an3k2"},"id":"jc44lclmii7flg4","previousOperationId":"pavwx3e85tj7w9b"}
{"type":"log","timestamp":1744182644499,"level":"debug","message":"Base url not specified, skipping its injection.","meta":{"rootId":"flb179qio0an3k2","id":"flb179qio0an3k2"},"id":"thyxt5vb5ufjx6e","previousOperationId":"pavwx3e85tj7w9b"}
{"type":"operationStart","subtype":"engine","name":"handlebars","timestamp":1744182644499,"id":"xpa71rw2i7tinj3","previousEventId":"648oqg76cy0ul3b","operationId":"o53wnl0mikqo0p5","previousOperationId":"pavwx3e85tj7w9b"}
{"type":"log","timestamp":1744182644499,"level":"debug","message":"Rendering engine handlebars","meta":{"rootId":"flb179qio0an3k2","id":"flb179qio0an3k2"},"id":"b4u2385bzw57wu3","previousOperationId":"o53wnl0mikqo0p5"}
{"type":"operationEnd","operationId":"o53wnl0mikqo0p5","timestamp":1744182644511,"id":"i8mdlvihorgh76k","previousEventId":"xpa71rw2i7tinj3","previousOperationId":"o53wnl0mikqo0p5"}
{"type":"operationStart","subtype":"recipe","name":"chrome-pdf","timestamp":1744182644511,"id":"5k94c886dy1df61","previousEventId":"i8mdlvihorgh76k","operationId":"thtarrz1tfwlcfd","previousOperationId":"o53wnl0mikqo0p5"}
{"type":"log","timestamp":1744182644511,"level":"debug","message":"Executing recipe chrome-pdf","meta":{"rootId":"flb179qio0an3k2","id":"flb179qio0an3k2"},"id":"1ogo93elw6prx9j","previousOperationId":"thtarrz1tfwlcfd"}
{"type":"log","timestamp":1744182644514,"level":"debug","message":"Converting with chrome Chrome/133.0.6943.126 using chrome-pool strategy","meta":{"rootId":"flb179qio0an3k2","id":"flb179qio0an3k2"},"id":"r4mux4uanus1xlt","previousOperationId":"thtarrz1tfwlcfd"}
{"type":"log","timestamp":1744182644589,"level":"debug","message":"Page request: GET (document) file:///C:/Users/Patheo24/AppData/Local/Temp/jsreport/autocleanup/37ef0514-8576-40d1-a61c-fa7390a91ffd-chrome-pdf.html","meta":{"rootId":"flb179qio0an3k2","id":"flb179qio0an3k2"},"id":"hilhhnu59kff8n7","previousOperationId":"thtarrz1tfwlcfd"}
{"type":"log","timestamp":1744182644611,"level":"debug","message":"Page request finished: GET (document) 200 file:///C:/Users/Patheo24/AppData/Local/Temp/jsreport/autocleanup/37ef0514-8576-40d1-a61c-fa7390a91ffd-chrome-pdf.html","meta":{"rootId":"flb179qio0an3k2","id":"flb179qio0an3k2"},"id":"zeu2w9dbggk1wp0","previousOperationId":"thtarrz1tfwlcfd"}
{"type":"log","timestamp":1744182644611,"level":"debug","message":"Page request: GET (image) https://res.cloudinary.com/dpes1dyqb/image/upload/v1738768933/logo_myycxt.jpg","meta":{"rootId":"flb179qio0an3k2","id":"flb179qio0an3k2"},"id":"dp2ynq5in02moac","previousOperationId":"thtarrz1tfwlcfd"}
{"type":"log","timestamp":1744182644615,"level":"debug","message":"(console:info) Slow network is detected. See https://www.chromestatus.com/feature/5636954674692096 for more details. Fallback font will be used while loading: http://localhost:5488/fonts/kalpurush.ttf","meta":{"userLevel":true,"rootId":"flb179qio0an3k2","id":"flb179qio0an3k2"},"id":"hckv61f850d41m0","previousOperationId":"thtarrz1tfwlcfd"}
{"type":"log","timestamp":1744182644615,"level":"debug","message":"Page request: GET (font) http://localhost:5488/fonts/kalpurush.ttf","meta":{"rootId":"flb179qio0an3k2","id":"flb179qio0an3k2"},"id":"m31ov7u365rr7uv","previousOperationId":"thtarrz1tfwlcfd"}
{"type":"log","timestamp":1744182644649,"level":"debug","message":"Page request: GET (font) http://localhost:5488/fonts/kalpurush.ttf","meta":{"rootId":"flb179qio0an3k2","id":"flb179qio0an3k2"},"id":"lq1eahheg1n6w9x","previousOperationId":"thtarrz1tfwlcfd"}
{"type":"log","timestamp":1744182644650,"level":"debug","message":"Page request finished: GET (image) 200 https://res.cloudinary.com/dpes1dyqb/image/upload/v1738768933/logo_myycxt.jpg","meta":{"rootId":"flb179qio0an3k2","id":"flb179qio0an3k2"},"id":"2rfuyew767s622d","previousOperationId":"thtarrz1tfwlcfd"}
{"type":"log","timestamp":1744182644656,"level":"debug","message":"(console:error) Failed to load resource: the server responded with a status of 404 (Not Found)","meta":{"userLevel":true,"rootId":"flb179qio0an3k2","id":"flb179qio0an3k2"},"id":"ji290sh3s70auff","previousOperationId":"thtarrz1tfwlcfd"}
{"type":"log","timestamp":1744182644659,"level":"warn","message":"Page request failed: GET (font) http://localhost:5488/fonts/kalpurush.ttf, failure: net::ERR_ABORTED","meta":{"rootId":"flb179qio0an3k2","id":"flb179qio0an3k2"},"id":"axa73o3mnuyw1jx","previousOperationId":"thtarrz1tfwlcfd"}
{"type":"log","timestamp":1744182644665,"level":"debug","message":"Running chrome with params {\"printBackground\":true,\"timeout\":59971,\"margin\":{}}","meta":{"rootId":"flb179qio0an3k2","id":"flb179qio0an3k2"},"id":"2xoauumtmy81f5r","previousOperationId":"thtarrz1tfwlcfd"}
{"type":"operationEnd","operationId":"thtarrz1tfwlcfd","timestamp":1744182644934,"id":"tyq317kb46gqpmc","previousEventId":"5k94c886dy1df61","previousOperationId":"thtarrz1tfwlcfd"}
{"type":"log","timestamp":1744182644934,"level":"debug","message":"Skipping storing report.","meta":{"rootId":"flb179qio0an3k2","id":"flb179qio0an3k2"},"id":"9ryy0wz9my2e96s","previousOperationId":"thtarrz1tfwlcfd"}
{"type":"log","timestamp":1744182644934,"level":"info","message":"Rendering request 43 finished in 450 ms","meta":{"rootId":"flb179qio0an3k2","id":"flb179qio0an3k2"},"id":"tpdumr7kzi6pmd4","previousOperationId":"thtarrz1tfwlcfd"}
{"type":"operationEnd","subtype":"render","operationId":"pavwx3e85tj7w9b","timestamp":1744182644934,"id":"mnk4x8hgpgse0h8","previousEventId":"tyq317kb46gqpmc","previousOperationId":"thtarrz1tfwlcfd"}
{"type":"operationEnd","doDiffs":false,"previousEventId":"i9a36q6igob5ue2","previousOperationId":"bvucq5bxin3lr53","operationId":"bvucq5bxin3lr53","timestamp":1744182644938,"id":"31j06534onrwdhi"}
