{"type":"operationStart","subtype":"profile","data":{"_id":"m67G1vEZJWl25reB","timestamp":"2025-04-10T12:48:27.943Z","state":"queued","mode":"standard","creationDate":"2025-04-10T12:48:27.946Z","modificationDate":"2025-04-10T12:48:27.946Z","shortid":"373y4Nr","$entitySet":"profiles"},"doDiffs":false,"timestamp":1744289307945,"id":"ig3z8s995g3cvk2","previousOperationId":null,"operationId":"3upfsvic6a9xy1t"}
{"type":"log","level":"info","message":"Render request 6 queued for execution and waiting for available worker","previousOperationId":"3upfsvic6a9xy1t","timestamp":1744289307945,"id":"tihpxqqj7kms5gu"}
{"type":"operationStart","subtype":"render","name":"myTemplate","previousOperationId":"3upfsvic6a9xy1t","timestamp":1744289307962,"id":"7j0lyfjn0u87vuh","previousEventId":"ig3z8s995g3cvk2","operationId":"k92ztxvokkjr603"}
{"type":"log","timestamp":1744289307962,"level":"info","message":"Starting rendering request 6","meta":{"rootId":"flq7anrenbsgmi7","id":"flq7anrenbsgmi7"},"id":"5oo9ba9iqhgb405","previousOperationId":"k92ztxvokkjr603"}
{"type":"log","timestamp":1744289307962,"level":"info","message":"Rendering template { name: myTemplate, recipe: chrome-pdf, engine: handlebars, preview: true }","meta":{"rootId":"flq7anrenbsgmi7","id":"flq7anrenbsgmi7"},"id":"i87l8kbayse65i6","previousOperationId":"k92ztxvokkjr603"}
{"type":"log","timestamp":1744289307963,"level":"debug","message":"Inline data specified.","meta":{"rootId":"flq7anrenbsgmi7","id":"flq7anrenbsgmi7"},"id":"athms9wfb84bk4l","previousOperationId":"k92ztxvokkjr603"}
{"type":"log","timestamp":1744289307964,"level":"debug","message":"Base url not specified, skipping its injection.","meta":{"rootId":"flq7anrenbsgmi7","id":"flq7anrenbsgmi7"},"id":"pj3gubyvf569ssp","previousOperationId":"k92ztxvokkjr603"}
{"type":"operationStart","subtype":"engine","name":"handlebars","timestamp":1744289307964,"id":"z73998qlitp1y14","previousEventId":"7j0lyfjn0u87vuh","operationId":"d4gy92wi2u1cdf9","previousOperationId":"k92ztxvokkjr603"}
{"type":"log","timestamp":1744289307964,"level":"debug","message":"Rendering engine handlebars","meta":{"rootId":"flq7anrenbsgmi7","id":"flq7anrenbsgmi7"},"id":"r3v66n0vc03u02v","previousOperationId":"d4gy92wi2u1cdf9"}
{"type":"operationEnd","operationId":"d4gy92wi2u1cdf9","timestamp":1744289308027,"id":"fdc1c60v6lidmqu","previousEventId":"z73998qlitp1y14","previousOperationId":"d4gy92wi2u1cdf9"}
{"type":"operationStart","subtype":"recipe","name":"chrome-pdf","timestamp":1744289308029,"id":"txrrfd0mbxzlm8n","previousEventId":"fdc1c60v6lidmqu","operationId":"4108vrnsh2ca4pq","previousOperationId":"d4gy92wi2u1cdf9"}
{"type":"log","timestamp":1744289308029,"level":"debug","message":"Executing recipe chrome-pdf","meta":{"rootId":"flq7anrenbsgmi7","id":"flq7anrenbsgmi7"},"id":"f11bojmkxk04o72","previousOperationId":"4108vrnsh2ca4pq"}
{"type":"log","timestamp":1744289308032,"level":"debug","message":"Converting with chrome Chrome/133.0.6943.126 using chrome-pool strategy","meta":{"rootId":"flq7anrenbsgmi7","id":"flq7anrenbsgmi7"},"id":"qvbujx750vx45th","previousOperationId":"4108vrnsh2ca4pq"}
{"type":"log","timestamp":1744289308096,"level":"debug","message":"Page request: GET (document) file:///C:/Users/Patheo24/AppData/Local/Temp/jsreport/autocleanup/c66a4d8d-65d5-4458-b253-81ac6138ef77-chrome-pdf.html","meta":{"rootId":"flq7anrenbsgmi7","id":"flq7anrenbsgmi7"},"id":"5323myw66ibufcc","previousOperationId":"4108vrnsh2ca4pq"}
{"type":"log","timestamp":1744289308116,"level":"debug","message":"Page request finished: GET (document) 200 file:///C:/Users/Patheo24/AppData/Local/Temp/jsreport/autocleanup/c66a4d8d-65d5-4458-b253-81ac6138ef77-chrome-pdf.html","meta":{"rootId":"flq7anrenbsgmi7","id":"flq7anrenbsgmi7"},"id":"ii5gvywbp9psk3o","previousOperationId":"4108vrnsh2ca4pq"}
{"type":"log","timestamp":1744289308117,"level":"debug","message":"Page request: GET (image) https://res.cloudinary.com/dpes1dyqb/image/upload/v1738768933/logo_myycxt.jpg","meta":{"rootId":"flq7anrenbsgmi7","id":"flq7anrenbsgmi7"},"id":"ngeu9homeugypfr","previousOperationId":"4108vrnsh2ca4pq"}
{"type":"log","timestamp":1744289308123,"level":"debug","message":"(console:info) Slow network is detected. See https://www.chromestatus.com/feature/5636954674692096 for more details. Fallback font will be used while loading: http://localhost:5488/fonts/kalpurush.ttf","meta":{"userLevel":true,"rootId":"flq7anrenbsgmi7","id":"flq7anrenbsgmi7"},"id":"89j26v5e71mp2a1","previousOperationId":"4108vrnsh2ca4pq"}
{"type":"log","timestamp":1744289308123,"level":"debug","message":"Page request: GET (font) http://localhost:5488/fonts/kalpurush.ttf","meta":{"rootId":"flq7anrenbsgmi7","id":"flq7anrenbsgmi7"},"id":"xj7q9csx7z9ldvz","previousOperationId":"4108vrnsh2ca4pq"}
{"type":"log","timestamp":1744289308171,"level":"debug","message":"Page request: GET (font) http://localhost:5488/fonts/kalpurush.ttf","meta":{"rootId":"flq7anrenbsgmi7","id":"flq7anrenbsgmi7"},"id":"djftf96kkkgl7rx","previousOperationId":"4108vrnsh2ca4pq"}
{"type":"log","timestamp":1744289308173,"level":"debug","message":"Page request finished: GET (image) 200 https://res.cloudinary.com/dpes1dyqb/image/upload/v1738768933/logo_myycxt.jpg","meta":{"rootId":"flq7anrenbsgmi7","id":"flq7anrenbsgmi7"},"id":"qq3e7ry73v59li3","previousOperationId":"4108vrnsh2ca4pq"}
{"type":"log","timestamp":1744289308178,"level":"debug","message":"(console:error) Failed to load resource: the server responded with a status of 404 (Not Found)","meta":{"userLevel":true,"rootId":"flq7anrenbsgmi7","id":"flq7anrenbsgmi7"},"id":"8maqcjgb2f7ombt","previousOperationId":"4108vrnsh2ca4pq"}
{"type":"log","timestamp":1744289308178,"level":"warn","message":"Page request failed: GET (font) http://localhost:5488/fonts/kalpurush.ttf, failure: net::ERR_ABORTED","meta":{"rootId":"flq7anrenbsgmi7","id":"flq7anrenbsgmi7"},"id":"xfs477x24sv2zho","previousOperationId":"4108vrnsh2ca4pq"}
{"type":"log","timestamp":1744289308190,"level":"debug","message":"Running chrome with params {\"printBackground\":true,\"format\":\"A5\",\"marginRight\":\"\",\"height\":\"\",\"marginTop\":\"\",\"marginBottom\":\"\",\"marginLeft\":\"\",\"displayHeaderFooter\":true,\"width\":\"\",\"timeout\":59912,\"margin\":{\"top\":\"\",\"right\":\"\",\"bottom\":\"\",\"left\":\"\"}}","meta":{"rootId":"flq7anrenbsgmi7","id":"flq7anrenbsgmi7"},"id":"g9f447t6adao0ri","previousOperationId":"4108vrnsh2ca4pq"}
{"type":"operationEnd","operationId":"4108vrnsh2ca4pq","timestamp":1744289308520,"id":"0sh4aniptd8owuh","previousEventId":"txrrfd0mbxzlm8n","previousOperationId":"4108vrnsh2ca4pq"}
{"type":"log","timestamp":1744289308520,"level":"debug","message":"Skipping storing report.","meta":{"rootId":"flq7anrenbsgmi7","id":"flq7anrenbsgmi7"},"id":"7oyvcg1iah6ikro","previousOperationId":"4108vrnsh2ca4pq"}
{"type":"log","timestamp":1744289308520,"level":"info","message":"Rendering request 6 finished in 577 ms","meta":{"rootId":"flq7anrenbsgmi7","id":"flq7anrenbsgmi7"},"id":"ijwtvoraf7y0lzg","previousOperationId":"4108vrnsh2ca4pq"}
{"type":"operationEnd","subtype":"render","operationId":"k92ztxvokkjr603","timestamp":1744289308520,"id":"i0uicanc6hhmrqo","previousEventId":"0sh4aniptd8owuh","previousOperationId":"4108vrnsh2ca4pq"}
{"type":"operationEnd","doDiffs":false,"previousEventId":"ig3z8s995g3cvk2","previousOperationId":"3upfsvic6a9xy1t","operationId":"3upfsvic6a9xy1t","timestamp":1744289308525,"id":"qk6novx6crn7weg"}
