{"type":"operationStart","subtype":"profile","data":{"_id":"ZcdcJ0iZiwvIXBTo","timestamp":"2025-04-09T06:17:10.110Z","state":"queued","mode":"standard","creationDate":"2025-04-09T06:17:10.112Z","modificationDate":"2025-04-09T06:17:10.112Z","shortid":"qWHc2t4","$entitySet":"profiles"},"doDiffs":false,"timestamp":1744179430111,"id":"4acbl8qz39r9w6s","previousOperationId":null,"operationId":"z8cl4qjeukdi8s8"}
{"type":"log","level":"info","message":"Render request 6 queued for execution and waiting for available worker","previousOperationId":"z8cl4qjeukdi8s8","timestamp":1744179430111,"id":"844ago2ybiqigkn"}
{"type":"operationStart","subtype":"render","name":"myTemplate","previousOperationId":"z8cl4qjeukdi8s8","timestamp":1744179430126,"id":"r1hgwjdm6jwyry6","previousEventId":"4acbl8qz39r9w6s","operationId":"j1xkhr6j1i0j5cm"}
{"type":"log","timestamp":1744179430126,"level":"info","message":"Starting rendering request 6","meta":{"rootId":"fmokpu1dy0uhqqo","id":"fmokpu1dy0uhqqo"},"id":"1invik1grwnixc0","previousOperationId":"j1xkhr6j1i0j5cm"}
{"type":"log","timestamp":1744179430126,"level":"info","message":"Rendering template { name: myTemplate, recipe: chrome-pdf, engine: handlebars, preview: true }","meta":{"rootId":"fmokpu1dy0uhqqo","id":"fmokpu1dy0uhqqo"},"id":"60fhg4dfsss8cue","previousOperationId":"j1xkhr6j1i0j5cm"}
{"type":"log","timestamp":1744179430127,"level":"debug","message":"Inline data specified.","meta":{"rootId":"fmokpu1dy0uhqqo","id":"fmokpu1dy0uhqqo"},"id":"ptsgxrfg1d8h07w","previousOperationId":"j1xkhr6j1i0j5cm"}
{"type":"log","timestamp":1744179430128,"level":"debug","message":"Base url not specified, skipping its injection.","meta":{"rootId":"fmokpu1dy0uhqqo","id":"fmokpu1dy0uhqqo"},"id":"5japc8sem3pb149","previousOperationId":"j1xkhr6j1i0j5cm"}
{"type":"operationStart","subtype":"engine","name":"handlebars","timestamp":1744179430129,"id":"v3qu8r6fzml9hd9","previousEventId":"r1hgwjdm6jwyry6","operationId":"4uc7bl92mfa34xm","previousOperationId":"j1xkhr6j1i0j5cm"}
{"type":"log","timestamp":1744179430129,"level":"debug","message":"Rendering engine handlebars","meta":{"rootId":"fmokpu1dy0uhqqo","id":"fmokpu1dy0uhqqo"},"id":"bqxe3pe3u7y9bjp","previousOperationId":"4uc7bl92mfa34xm"}
{"type":"operationEnd","operationId":"4uc7bl92mfa34xm","timestamp":1744179430146,"id":"cvq1lmcov0j0b9p","previousEventId":"v3qu8r6fzml9hd9","previousOperationId":"4uc7bl92mfa34xm"}
{"type":"operationStart","subtype":"recipe","name":"chrome-pdf","timestamp":1744179430146,"id":"m77f44t8zhkxo4t","previousEventId":"cvq1lmcov0j0b9p","operationId":"tpyxckfkfijd0bc","previousOperationId":"4uc7bl92mfa34xm"}
{"type":"log","timestamp":1744179430146,"level":"debug","message":"Executing recipe chrome-pdf","meta":{"rootId":"fmokpu1dy0uhqqo","id":"fmokpu1dy0uhqqo"},"id":"gimlq7t0aijpeme","previousOperationId":"tpyxckfkfijd0bc"}
{"type":"log","timestamp":1744179430149,"level":"debug","message":"Converting with chrome Chrome/133.0.6943.126 using chrome-pool strategy","meta":{"rootId":"fmokpu1dy0uhqqo","id":"fmokpu1dy0uhqqo"},"id":"9waqoxtaglt5tc9","previousOperationId":"tpyxckfkfijd0bc"}
{"type":"log","timestamp":1744179430374,"level":"debug","message":"Page request: GET (document) file:///C:/Users/Patheo24/AppData/Local/Temp/jsreport/autocleanup/cc1f4639-777c-4908-87a7-c978e3045415-chrome-pdf.html","meta":{"rootId":"fmokpu1dy0uhqqo","id":"fmokpu1dy0uhqqo"},"id":"g60t8etozpp0x5m","previousOperationId":"tpyxckfkfijd0bc"}
{"type":"log","timestamp":1744179430402,"level":"debug","message":"Page request finished: GET (document) 200 file:///C:/Users/Patheo24/AppData/Local/Temp/jsreport/autocleanup/cc1f4639-777c-4908-87a7-c978e3045415-chrome-pdf.html","meta":{"rootId":"fmokpu1dy0uhqqo","id":"fmokpu1dy0uhqqo"},"id":"lrtaoiacknqifnx","previousOperationId":"tpyxckfkfijd0bc"}
{"type":"log","timestamp":1744179430403,"level":"debug","message":"(console:info) Slow network is detected. See https://www.chromestatus.com/feature/5636954674692096 for more details. Fallback font will be used while loading: http://localhost:5488/fonts/kalpurush.ttf","meta":{"userLevel":true,"rootId":"fmokpu1dy0uhqqo","id":"fmokpu1dy0uhqqo"},"id":"s33l5bz7p85r2qa","previousOperationId":"tpyxckfkfijd0bc"}
{"type":"log","timestamp":1744179430404,"level":"debug","message":"Page request: GET (font) http://localhost:5488/fonts/kalpurush.ttf","meta":{"rootId":"fmokpu1dy0uhqqo","id":"fmokpu1dy0uhqqo"},"id":"m06dm2edinbx7dq","previousOperationId":"tpyxckfkfijd0bc"}
{"type":"log","timestamp":1744179430404,"level":"debug","message":"Page request: GET (image) https://res.cloudinary.com/dpes1dyqb/image/upload/v1738768933/logo_myycxt.jpg","meta":{"rootId":"fmokpu1dy0uhqqo","id":"fmokpu1dy0uhqqo"},"id":"38p6sxdvjutcyb1","previousOperationId":"tpyxckfkfijd0bc"}
{"type":"log","timestamp":1744179430415,"level":"debug","message":"Page request: GET (font) http://localhost:5488/fonts/kalpurush.ttf","meta":{"rootId":"fmokpu1dy0uhqqo","id":"fmokpu1dy0uhqqo"},"id":"26fxd18figboq54","previousOperationId":"tpyxckfkfijd0bc"}
{"type":"log","timestamp":1744179430424,"level":"debug","message":"(console:error) Failed to load resource: the server responded with a status of 404 (Not Found)","meta":{"userLevel":true,"rootId":"fmokpu1dy0uhqqo","id":"fmokpu1dy0uhqqo"},"id":"lvfcin7bdlm2uzo","previousOperationId":"tpyxckfkfijd0bc"}
{"type":"log","timestamp":1744179430424,"level":"warn","message":"Page request failed: GET (font) http://localhost:5488/fonts/kalpurush.ttf, failure: net::ERR_ABORTED","meta":{"rootId":"fmokpu1dy0uhqqo","id":"fmokpu1dy0uhqqo"},"id":"y80z5u18tqk7vcx","previousOperationId":"tpyxckfkfijd0bc"}
{"type":"log","timestamp":1744179431805,"level":"debug","message":"Page request finished: GET (image) 200 https://res.cloudinary.com/dpes1dyqb/image/upload/v1738768933/logo_myycxt.jpg","meta":{"rootId":"fmokpu1dy0uhqqo","id":"fmokpu1dy0uhqqo"},"id":"nuk91fjn04t1rwk","previousOperationId":"tpyxckfkfijd0bc"}
{"type":"log","timestamp":1744179431807,"level":"debug","message":"Running chrome with params {\"printBackground\":true,\"timeout\":59961,\"margin\":{}}","meta":{"rootId":"fmokpu1dy0uhqqo","id":"fmokpu1dy0uhqqo"},"id":"j8neq9epuavfb7i","previousOperationId":"tpyxckfkfijd0bc"}
{"type":"operationEnd","operationId":"tpyxckfkfijd0bc","timestamp":1744179432023,"id":"pjapslwupll90tl","previousEventId":"m77f44t8zhkxo4t","previousOperationId":"tpyxckfkfijd0bc"}
{"type":"log","timestamp":1744179432023,"level":"debug","message":"Skipping storing report.","meta":{"rootId":"fmokpu1dy0uhqqo","id":"fmokpu1dy0uhqqo"},"id":"jab2ox8v179ekwm","previousOperationId":"tpyxckfkfijd0bc"}
{"type":"log","timestamp":1744179432023,"level":"info","message":"Rendering request 6 finished in 1914 ms","meta":{"rootId":"fmokpu1dy0uhqqo","id":"fmokpu1dy0uhqqo"},"id":"08rng9dgxymhhwq","previousOperationId":"tpyxckfkfijd0bc"}
{"type":"operationEnd","subtype":"render","operationId":"j1xkhr6j1i0j5cm","timestamp":1744179432023,"id":"wji8bqulgi5oyya","previousEventId":"pjapslwupll90tl","previousOperationId":"tpyxckfkfijd0bc"}
{"type":"operationEnd","doDiffs":false,"previousEventId":"4acbl8qz39r9w6s","previousOperationId":"z8cl4qjeukdi8s8","operationId":"z8cl4qjeukdi8s8","timestamp":1744179432029,"id":"gaaockec2z3l70b"}
