{"type":"operationStart","subtype":"profile","data":{"_id":"HQDFW2G8HDlh0SfW","timestamp":"2025-04-09T10:55:55.609Z","state":"queued","mode":"standard","creationDate":"2025-04-09T10:55:55.611Z","modificationDate":"2025-04-09T10:55:55.611Z","shortid":"qgO8GLx","$entitySet":"profiles"},"doDiffs":false,"timestamp":1744196155610,"id":"ndicc43oxbi53hy","previousOperationId":null,"operationId":"jxqzbyqueulrioo"}
{"type":"log","level":"info","message":"Render request 31 queued for execution and waiting for available worker","previousOperationId":"jxqzbyqueulrioo","timestamp":1744196155610,"id":"kxgd6f6g75drwfj"}
{"type":"operationStart","subtype":"render","name":"myTemplate","previousOperationId":"jxqzbyqueulrioo","timestamp":1744196155636,"id":"36c7tmcabv3w7bk","previousEventId":"ndicc43oxbi53hy","operationId":"qckfxz8hc66ez0u"}
{"type":"log","timestamp":1744196155636,"level":"info","message":"Starting rendering request 31","meta":{"rootId":"fqs0seizy2lt6o3","id":"fqs0seizy2lt6o3"},"id":"i65i4aar0ovo1iw","previousOperationId":"qckfxz8hc66ez0u"}
{"type":"log","timestamp":1744196155636,"level":"info","message":"Rendering template { name: myTemplate, recipe: chrome-pdf, engine: handlebars, preview: true }","meta":{"rootId":"fqs0seizy2lt6o3","id":"fqs0seizy2lt6o3"},"id":"gbgdsblpbfvr8mg","previousOperationId":"qckfxz8hc66ez0u"}
{"type":"log","timestamp":1744196155636,"level":"debug","message":"Inline data specified.","meta":{"rootId":"fqs0seizy2lt6o3","id":"fqs0seizy2lt6o3"},"id":"2rjvjsi1nxk0rp6","previousOperationId":"qckfxz8hc66ez0u"}
{"type":"log","timestamp":1744196155638,"level":"debug","message":"Base url not specified, skipping its injection.","meta":{"rootId":"fqs0seizy2lt6o3","id":"fqs0seizy2lt6o3"},"id":"ece7vavlo4868j6","previousOperationId":"qckfxz8hc66ez0u"}
{"type":"operationStart","subtype":"engine","name":"handlebars","timestamp":1744196155638,"id":"t8400676e7lfnfb","previousEventId":"36c7tmcabv3w7bk","operationId":"mmw4zdjiccs3hcy","previousOperationId":"qckfxz8hc66ez0u"}
{"type":"log","timestamp":1744196155638,"level":"debug","message":"Rendering engine handlebars","meta":{"rootId":"fqs0seizy2lt6o3","id":"fqs0seizy2lt6o3"},"id":"jwyiizp3x525rsg","previousOperationId":"mmw4zdjiccs3hcy"}
{"type":"operationEnd","operationId":"mmw4zdjiccs3hcy","timestamp":1744196155659,"id":"trbwjrsp4mzx0bt","previousEventId":"t8400676e7lfnfb","previousOperationId":"mmw4zdjiccs3hcy"}
{"type":"operationStart","subtype":"recipe","name":"chrome-pdf","timestamp":1744196155659,"id":"ghmscgaxo2a2w7q","previousEventId":"trbwjrsp4mzx0bt","operationId":"je3y9bemcsszekq","previousOperationId":"mmw4zdjiccs3hcy"}
{"type":"log","timestamp":1744196155659,"level":"debug","message":"Executing recipe chrome-pdf","meta":{"rootId":"fqs0seizy2lt6o3","id":"fqs0seizy2lt6o3"},"id":"g2zfbds7mwuhgne","previousOperationId":"je3y9bemcsszekq"}
{"type":"log","timestamp":1744196155663,"level":"debug","message":"Converting with chrome Chrome/133.0.6943.126 using chrome-pool strategy","meta":{"rootId":"fqs0seizy2lt6o3","id":"fqs0seizy2lt6o3"},"id":"vqalg3rx6jjvm4n","previousOperationId":"je3y9bemcsszekq"}
{"type":"log","timestamp":1744196155723,"level":"debug","message":"Page request: GET (document) file:///C:/Users/Patheo24/AppData/Local/Temp/jsreport/autocleanup/31fade92-121e-4a3f-885c-eecd867350fb-chrome-pdf.html","meta":{"rootId":"fqs0seizy2lt6o3","id":"fqs0seizy2lt6o3"},"id":"atmiukylqgrlp9x","previousOperationId":"je3y9bemcsszekq"}
{"type":"log","timestamp":1744196155745,"level":"debug","message":"Page request finished: GET (document) 200 file:///C:/Users/Patheo24/AppData/Local/Temp/jsreport/autocleanup/31fade92-121e-4a3f-885c-eecd867350fb-chrome-pdf.html","meta":{"rootId":"fqs0seizy2lt6o3","id":"fqs0seizy2lt6o3"},"id":"h4bykma0we2r1gv","previousOperationId":"je3y9bemcsszekq"}
{"type":"log","timestamp":1744196155747,"level":"debug","message":"Page request: GET (image) https://res.cloudinary.com/dpes1dyqb/image/upload/v1738768933/logo_myycxt.jpg","meta":{"rootId":"fqs0seizy2lt6o3","id":"fqs0seizy2lt6o3"},"id":"kfvgkv4mb5aixsr","previousOperationId":"je3y9bemcsszekq"}
{"type":"log","timestamp":1744196155752,"level":"debug","message":"Page request: GET (font) http://localhost:5488/fonts/kalpurush.ttf","meta":{"rootId":"fqs0seizy2lt6o3","id":"fqs0seizy2lt6o3"},"id":"bxlgj4r16utagw9","previousOperationId":"je3y9bemcsszekq"}
{"type":"log","timestamp":1744196155789,"level":"debug","message":"Page request: GET (font) http://localhost:5488/fonts/kalpurush.ttf","meta":{"rootId":"fqs0seizy2lt6o3","id":"fqs0seizy2lt6o3"},"id":"vwspmnxf0vpgpcr","previousOperationId":"je3y9bemcsszekq"}
{"type":"log","timestamp":1744196155791,"level":"debug","message":"Page request finished: GET (image) 200 https://res.cloudinary.com/dpes1dyqb/image/upload/v1738768933/logo_myycxt.jpg","meta":{"rootId":"fqs0seizy2lt6o3","id":"fqs0seizy2lt6o3"},"id":"777y5e1l0281gr4","previousOperationId":"je3y9bemcsszekq"}
{"type":"log","timestamp":1744196155805,"level":"debug","message":"(console:error) Failed to load resource: the server responded with a status of 404 (Not Found)","meta":{"userLevel":true,"rootId":"fqs0seizy2lt6o3","id":"fqs0seizy2lt6o3"},"id":"xdyy98m29jpo4q9","previousOperationId":"je3y9bemcsszekq"}
{"type":"log","timestamp":1744196155805,"level":"warn","message":"Page request failed: GET (font) http://localhost:5488/fonts/kalpurush.ttf, failure: net::ERR_ABORTED","meta":{"rootId":"fqs0seizy2lt6o3","id":"fqs0seizy2lt6o3"},"id":"17eeoud3gsx3zpa","previousOperationId":"je3y9bemcsszekq"}
{"type":"log","timestamp":1744196155812,"level":"debug","message":"Running chrome with params {\"printBackground\":true,\"timeout\":59948,\"margin\":{}}","meta":{"rootId":"fqs0seizy2lt6o3","id":"fqs0seizy2lt6o3"},"id":"5c0ouufxq7r1qlr","previousOperationId":"je3y9bemcsszekq"}
{"type":"operationEnd","operationId":"je3y9bemcsszekq","timestamp":1744196156108,"id":"b6px69tg5ch1cpx","previousEventId":"ghmscgaxo2a2w7q","previousOperationId":"je3y9bemcsszekq"}
{"type":"log","timestamp":1744196156108,"level":"debug","message":"Skipping storing report.","meta":{"rootId":"fqs0seizy2lt6o3","id":"fqs0seizy2lt6o3"},"id":"c0g4ny3lvdgl6o4","previousOperationId":"je3y9bemcsszekq"}
{"type":"log","timestamp":1744196156108,"level":"info","message":"Rendering request 31 finished in 499 ms","meta":{"rootId":"fqs0seizy2lt6o3","id":"fqs0seizy2lt6o3"},"id":"fxrq2polee6rh3f","previousOperationId":"je3y9bemcsszekq"}
{"type":"operationEnd","subtype":"render","operationId":"qckfxz8hc66ez0u","timestamp":1744196156108,"id":"p9yux1zm3b19l1a","previousEventId":"b6px69tg5ch1cpx","previousOperationId":"je3y9bemcsszekq"}
{"type":"operationEnd","doDiffs":false,"previousEventId":"ndicc43oxbi53hy","previousOperationId":"jxqzbyqueulrioo","operationId":"jxqzbyqueulrioo","timestamp":1744196156112,"id":"39isu82rciiyy84"}
