{"type":"operationStart","subtype":"profile","data":{"_id":"YGkBCqMFAZejzcvy","timestamp":"2025-04-10T11:59:03.637Z","state":"queued","mode":"standard","creationDate":"2025-04-10T11:59:03.640Z","modificationDate":"2025-04-10T11:59:03.640Z","shortid":"zgbk1am","$entitySet":"profiles"},"doDiffs":false,"timestamp":1744286343639,"id":"qwfdufp4vg1v3i3","previousOperationId":null,"operationId":"r4n36k0wy9j1xv6"}
{"type":"log","level":"info","message":"Render request 1 queued for execution and waiting for available worker","previousOperationId":"r4n36k0wy9j1xv6","timestamp":1744286343639,"id":"080g1s2j3mfbz1p"}
{"type":"operationStart","subtype":"render","name":"myTemplate","previousOperationId":"r4n36k0wy9j1xv6","timestamp":1744286343689,"id":"689qtidhg5qv78m","previousEventId":"qwfdufp4vg1v3i3","operationId":"qjent4hivwhk15d"}
{"type":"log","timestamp":1744286343690,"level":"info","message":"Starting rendering request 1","meta":{"rootId":"fqv3778zb6i1og9","id":"fqv3778zb6i1og9"},"id":"ffr3tonowo5yjph","previousOperationId":"qjent4hivwhk15d"}
{"type":"log","timestamp":1744286343691,"level":"info","message":"Rendering template { name: myTemplate, recipe: chrome-pdf, engine: handlebars, preview: false }","meta":{"rootId":"fqv3778zb6i1og9","id":"fqv3778zb6i1og9"},"id":"bx1og2bgrx50kp3","previousOperationId":"qjent4hivwhk15d"}
{"type":"log","timestamp":1744286343695,"level":"debug","message":"Inline data specified.","meta":{"rootId":"fqv3778zb6i1og9","id":"fqv3778zb6i1og9"},"id":"2zlu0ayf3s2yfej","previousOperationId":"qjent4hivwhk15d"}
{"type":"log","timestamp":1744286343700,"level":"debug","message":"Base url not specified, skipping its injection.","meta":{"rootId":"fqv3778zb6i1og9","id":"fqv3778zb6i1og9"},"id":"lm2yd2r2j8u3651","previousOperationId":"qjent4hivwhk15d"}
{"type":"operationStart","subtype":"engine","name":"handlebars","timestamp":1744286343701,"id":"swbk5ofb8ybp2gh","previousEventId":"689qtidhg5qv78m","operationId":"rc28pprdz8nsjnj","previousOperationId":"qjent4hivwhk15d"}
{"type":"log","timestamp":1744286343701,"level":"debug","message":"Rendering engine handlebars","meta":{"rootId":"fqv3778zb6i1og9","id":"fqv3778zb6i1og9"},"id":"oaysh533zyuy0gg","previousOperationId":"rc28pprdz8nsjnj"}
{"type":"operationEnd","operationId":"rc28pprdz8nsjnj","timestamp":1744286344284,"id":"vow61qg0nm69c5i","previousEventId":"swbk5ofb8ybp2gh","previousOperationId":"rc28pprdz8nsjnj"}
{"type":"operationStart","subtype":"recipe","name":"chrome-pdf","timestamp":1744286344286,"id":"0w9h955qlkbsco3","previousEventId":"vow61qg0nm69c5i","operationId":"1nw5gk000scoxgb","previousOperationId":"rc28pprdz8nsjnj"}
{"type":"log","timestamp":1744286344286,"level":"debug","message":"Executing recipe chrome-pdf","meta":{"rootId":"fqv3778zb6i1og9","id":"fqv3778zb6i1og9"},"id":"v4xnc32sgzzkzjq","previousOperationId":"1nw5gk000scoxgb"}
{"type":"log","timestamp":1744286345026,"level":"debug","message":"Converting with chrome Chrome/133.0.6943.126 using chrome-pool strategy","meta":{"rootId":"fqv3778zb6i1og9","id":"fqv3778zb6i1og9"},"id":"xfeulv7ec3ugq4z","previousOperationId":"1nw5gk000scoxgb"}
{"type":"log","timestamp":1744286345092,"level":"debug","message":"Page request: GET (document) file:///C:/Users/Patheo24/AppData/Local/Temp/jsreport/autocleanup/c2084b5b-a80d-4ff3-92ea-dc36124171dd-chrome-pdf.html","meta":{"rootId":"fqv3778zb6i1og9","id":"fqv3778zb6i1og9"},"id":"xs6jfhjx5alemjv","previousOperationId":"1nw5gk000scoxgb"}
{"type":"log","timestamp":1744286345110,"level":"debug","message":"Page request finished: GET (document) 200 file:///C:/Users/Patheo24/AppData/Local/Temp/jsreport/autocleanup/c2084b5b-a80d-4ff3-92ea-dc36124171dd-chrome-pdf.html","meta":{"rootId":"fqv3778zb6i1og9","id":"fqv3778zb6i1og9"},"id":"p63ywiqidz0i26d","previousOperationId":"1nw5gk000scoxgb"}
{"type":"log","timestamp":1744286345111,"level":"debug","message":"Page request: GET (image) https://res.cloudinary.com/dpes1dyqb/image/upload/v1738768933/logo_myycxt.jpg","meta":{"rootId":"fqv3778zb6i1og9","id":"fqv3778zb6i1og9"},"id":"f9x4x3yynp4exii","previousOperationId":"1nw5gk000scoxgb"}
{"type":"log","timestamp":1744286345113,"level":"debug","message":"Page request: GET (font) http://localhost:5488/fonts/kalpurush.ttf","meta":{"rootId":"fqv3778zb6i1og9","id":"fqv3778zb6i1og9"},"id":"wcy3q0jj2isyjx7","previousOperationId":"1nw5gk000scoxgb"}
{"type":"log","timestamp":1744286345119,"level":"debug","message":"Page request: GET (font) http://localhost:5488/fonts/kalpurush.ttf","meta":{"rootId":"fqv3778zb6i1og9","id":"fqv3778zb6i1og9"},"id":"rmj1501viu7o2o2","previousOperationId":"1nw5gk000scoxgb"}
{"type":"log","timestamp":1744286345138,"level":"debug","message":"(console:error) Failed to load resource: the server responded with a status of 404 (Not Found)","meta":{"userLevel":true,"rootId":"fqv3778zb6i1og9","id":"fqv3778zb6i1og9"},"id":"u6jwvczz1sx8l5j","previousOperationId":"1nw5gk000scoxgb"}
{"type":"log","timestamp":1744286345139,"level":"warn","message":"Page request failed: GET (font) http://localhost:5488/fonts/kalpurush.ttf, failure: net::ERR_ABORTED","meta":{"rootId":"fqv3778zb6i1og9","id":"fqv3778zb6i1og9"},"id":"xu0my4lf05skvqg","previousOperationId":"1nw5gk000scoxgb"}
{"type":"log","timestamp":1744286345374,"level":"debug","message":"Page request finished: GET (image) 200 https://res.cloudinary.com/dpes1dyqb/image/upload/v1738768933/logo_myycxt.jpg","meta":{"rootId":"fqv3778zb6i1og9","id":"fqv3778zb6i1og9"},"id":"umndf136528fkdx","previousOperationId":"1nw5gk000scoxgb"}
{"type":"log","timestamp":1744286345376,"level":"debug","message":"Running chrome with params {\"printBackground\":true,\"format\":\"A5\",\"marginRight\":\"\",\"height\":\"\",\"marginTop\":\"\",\"marginBottom\":\"\",\"marginLeft\":\"\",\"displayHeaderFooter\":true,\"width\":\"\",\"timeout\":59025,\"margin\":{\"top\":\"\",\"right\":\"\",\"bottom\":\"\",\"left\":\"\"}}","meta":{"rootId":"fqv3778zb6i1og9","id":"fqv3778zb6i1og9"},"id":"l4s4syz75kt5mxw","previousOperationId":"1nw5gk000scoxgb"}
{"type":"operationEnd","operationId":"1nw5gk000scoxgb","timestamp":1744286345745,"id":"ij2bp22j0266xze","previousEventId":"0w9h955qlkbsco3","previousOperationId":"1nw5gk000scoxgb"}
{"type":"log","timestamp":1744286345746,"level":"debug","message":"Skipping storing report.","meta":{"rootId":"fqv3778zb6i1og9","id":"fqv3778zb6i1og9"},"id":"o9nlfnyodo9o1g9","previousOperationId":"1nw5gk000scoxgb"}
{"type":"log","timestamp":1744286345746,"level":"info","message":"Rendering request 1 finished in 2111 ms","meta":{"rootId":"fqv3778zb6i1og9","id":"fqv3778zb6i1og9"},"id":"y3orxkgn8ouqksp","previousOperationId":"1nw5gk000scoxgb"}
{"type":"operationEnd","subtype":"render","operationId":"qjent4hivwhk15d","timestamp":1744286345746,"id":"i1y7sxwkec266al","previousEventId":"ij2bp22j0266xze","previousOperationId":"1nw5gk000scoxgb"}
{"type":"operationEnd","doDiffs":false,"previousEventId":"qwfdufp4vg1v3i3","previousOperationId":"r4n36k0wy9j1xv6","operationId":"r4n36k0wy9j1xv6","timestamp":1744286345750,"id":"03dokkkn7cqeesw"}
