{"type":"operationStart","subtype":"profile","data":{"_id":"XXRNd39Svi4BEvrU","timestamp":"2025-04-09T14:18:23.276Z","state":"queued","mode":"standard","creationDate":"2025-04-09T14:18:23.277Z","modificationDate":"2025-04-09T14:18:23.277Z","shortid":"7zGCOJK","$entitySet":"profiles"},"doDiffs":false,"timestamp":1744208303277,"id":"wqqtkr2nv0ne59p","previousOperationId":null,"operationId":"3hlx6q06fums83i"}
{"type":"log","level":"info","message":"Render request 92 queued for execution and waiting for available worker","previousOperationId":"3hlx6q06fums83i","timestamp":1744208303277,"id":"ss6i1pkznmg4164"}
{"type":"operationStart","subtype":"render","name":"myTemplate","previousOperationId":"3hlx6q06fums83i","timestamp":1744208303290,"id":"8nkhiug8uyrw9ut","previousEventId":"wqqtkr2nv0ne59p","operationId":"9ly77m1zpjbbk9x"}
{"type":"log","timestamp":1744208303290,"level":"info","message":"Starting rendering request 92","meta":{"rootId":"fqzf4k1uq6du6an","id":"fqzf4k1uq6du6an"},"id":"i11x0ph656ufesy","previousOperationId":"9ly77m1zpjbbk9x"}
{"type":"log","timestamp":1744208303290,"level":"info","message":"Rendering template { name: myTemplate, recipe: chrome-pdf, engine: handlebars, preview: true }","meta":{"rootId":"fqzf4k1uq6du6an","id":"fqzf4k1uq6du6an"},"id":"2c6tb3o7ns08cgo","previousOperationId":"9ly77m1zpjbbk9x"}
{"type":"log","timestamp":1744208303291,"level":"debug","message":"Adding sample data HUavgV0Kc","meta":{"rootId":"fqzf4k1uq6du6an","id":"fqzf4k1uq6du6an"},"id":"ofeidpmw8ts5hxw","previousOperationId":"9ly77m1zpjbbk9x"}
{"type":"log","timestamp":1744208303292,"level":"debug","message":"Base url not specified, skipping its injection.","meta":{"rootId":"fqzf4k1uq6du6an","id":"fqzf4k1uq6du6an"},"id":"xdmcoatwqrz5aju","previousOperationId":"9ly77m1zpjbbk9x"}
{"type":"operationStart","subtype":"engine","name":"handlebars","timestamp":1744208303292,"id":"pywqqzau45313rh","previousEventId":"8nkhiug8uyrw9ut","operationId":"9lra0gi3y1p7rpm","previousOperationId":"9ly77m1zpjbbk9x"}
{"type":"log","timestamp":1744208303292,"level":"debug","message":"Rendering engine handlebars","meta":{"rootId":"fqzf4k1uq6du6an","id":"fqzf4k1uq6du6an"},"id":"ajjatjlti6xr2mq","previousOperationId":"9lra0gi3y1p7rpm"}
{"type":"operationEnd","operationId":"9lra0gi3y1p7rpm","timestamp":1744208303310,"id":"jgssrlyvxa0iktw","previousEventId":"pywqqzau45313rh","previousOperationId":"9lra0gi3y1p7rpm"}
{"type":"operationStart","subtype":"recipe","name":"chrome-pdf","timestamp":1744208303311,"id":"yc1dj5pfcqw4uv7","previousEventId":"jgssrlyvxa0iktw","operationId":"ruxpmdzp47tj62i","previousOperationId":"9lra0gi3y1p7rpm"}
{"type":"log","timestamp":1744208303311,"level":"debug","message":"Executing recipe chrome-pdf","meta":{"rootId":"fqzf4k1uq6du6an","id":"fqzf4k1uq6du6an"},"id":"d3d3ga24g7w8vul","previousOperationId":"ruxpmdzp47tj62i"}
{"type":"log","timestamp":1744208303313,"level":"debug","message":"Converting with chrome Chrome/133.0.6943.126 using chrome-pool strategy","meta":{"rootId":"fqzf4k1uq6du6an","id":"fqzf4k1uq6du6an"},"id":"6zx12p2dzdn611i","previousOperationId":"ruxpmdzp47tj62i"}
{"type":"log","timestamp":1744208303384,"level":"debug","message":"Page request: GET (document) file:///C:/Users/Patheo24/AppData/Local/Temp/jsreport/autocleanup/c3f3b13b-1832-4fa3-9931-137c0fe4ed6c-chrome-pdf.html","meta":{"rootId":"fqzf4k1uq6du6an","id":"fqzf4k1uq6du6an"},"id":"hk76ckvhtmqnw0b","previousOperationId":"ruxpmdzp47tj62i"}
{"type":"log","timestamp":1744208303420,"level":"debug","message":"Page request finished: GET (document) 200 file:///C:/Users/Patheo24/AppData/Local/Temp/jsreport/autocleanup/c3f3b13b-1832-4fa3-9931-137c0fe4ed6c-chrome-pdf.html","meta":{"rootId":"fqzf4k1uq6du6an","id":"fqzf4k1uq6du6an"},"id":"havvepidhxodsez","previousOperationId":"ruxpmdzp47tj62i"}
{"type":"log","timestamp":1744208303422,"level":"debug","message":"Page request: GET (font) http://localhost:5488/fonts/kalpurush.ttf","meta":{"rootId":"fqzf4k1uq6du6an","id":"fqzf4k1uq6du6an"},"id":"vlftyn2ut57eq8n","previousOperationId":"ruxpmdzp47tj62i"}
{"type":"log","timestamp":1744208303423,"level":"debug","message":"Page request: GET (image) https://res.cloudinary.com/dpes1dyqb/image/upload/v1738768933/logo_myycxt.jpg","meta":{"rootId":"fqzf4k1uq6du6an","id":"fqzf4k1uq6du6an"},"id":"4ji3lrjjsvvxigw","previousOperationId":"ruxpmdzp47tj62i"}
{"type":"log","timestamp":1744208303468,"level":"debug","message":"Page request: GET (font) http://localhost:5488/fonts/kalpurush.ttf","meta":{"rootId":"fqzf4k1uq6du6an","id":"fqzf4k1uq6du6an"},"id":"aws95pqdrvm5udq","previousOperationId":"ruxpmdzp47tj62i"}
{"type":"log","timestamp":1744208303470,"level":"debug","message":"Page request finished: GET (image) 200 https://res.cloudinary.com/dpes1dyqb/image/upload/v1738768933/logo_myycxt.jpg","meta":{"rootId":"fqzf4k1uq6du6an","id":"fqzf4k1uq6du6an"},"id":"veeabiyyusg31k2","previousOperationId":"ruxpmdzp47tj62i"}
{"type":"log","timestamp":1744208303481,"level":"debug","message":"(console:error) Failed to load resource: the server responded with a status of 404 (Not Found)","meta":{"userLevel":true,"rootId":"fqzf4k1uq6du6an","id":"fqzf4k1uq6du6an"},"id":"r5978powptj5i1o","previousOperationId":"ruxpmdzp47tj62i"}
{"type":"log","timestamp":1744208303481,"level":"warn","message":"Page request failed: GET (font) http://localhost:5488/fonts/kalpurush.ttf, failure: net::ERR_ABORTED","meta":{"rootId":"fqzf4k1uq6du6an","id":"fqzf4k1uq6du6an"},"id":"k2jzrvvgyqmygj4","previousOperationId":"ruxpmdzp47tj62i"}
{"type":"log","timestamp":1744208303491,"level":"debug","message":"Running chrome with params {\"printBackground\":true,\"format\":\"A5\",\"marginRight\":\"\",\"height\":\"\",\"marginTop\":\"\",\"marginBottom\":\"\",\"marginLeft\":\"\",\"displayHeaderFooter\":true,\"width\":\"\",\"timeout\":59964,\"margin\":{\"top\":\"\",\"right\":\"\",\"bottom\":\"\",\"left\":\"\"}}","meta":{"rootId":"fqzf4k1uq6du6an","id":"fqzf4k1uq6du6an"},"id":"lu8y83ofc3qvnf8","previousOperationId":"ruxpmdzp47tj62i"}
{"type":"operationEnd","operationId":"ruxpmdzp47tj62i","timestamp":1744208304003,"id":"uhcp8w3o01b05f9","previousEventId":"yc1dj5pfcqw4uv7","previousOperationId":"ruxpmdzp47tj62i"}
{"type":"log","timestamp":1744208304004,"level":"debug","message":"Skipping storing report.","meta":{"rootId":"fqzf4k1uq6du6an","id":"fqzf4k1uq6du6an"},"id":"4r1afkz4i6gjrpg","previousOperationId":"ruxpmdzp47tj62i"}
{"type":"log","timestamp":1744208304004,"level":"info","message":"Rendering request 92 finished in 728 ms","meta":{"rootId":"fqzf4k1uq6du6an","id":"fqzf4k1uq6du6an"},"id":"ln0aaatgox6h2f3","previousOperationId":"ruxpmdzp47tj62i"}
{"type":"operationEnd","subtype":"render","operationId":"9ly77m1zpjbbk9x","timestamp":1744208304004,"id":"0wzgrbeqofg2he0","previousEventId":"uhcp8w3o01b05f9","previousOperationId":"ruxpmdzp47tj62i"}
{"type":"operationEnd","doDiffs":false,"previousEventId":"wqqtkr2nv0ne59p","previousOperationId":"3hlx6q06fums83i","operationId":"3hlx6q06fums83i","timestamp":1744208304021,"id":"u5g9md5w7y0z6nq"}
