{"type":"operationStart","subtype":"profile","data":{"_id":"7bJDA8eecGzFU1hN","timestamp":"2025-04-11T12:46:41.320Z","state":"queued","mode":"standard","creationDate":"2025-04-11T12:46:41.322Z","modificationDate":"2025-04-11T12:46:41.322Z","shortid":"DeXrhz5","$entitySet":"profiles"},"doDiffs":false,"timestamp":1744375601321,"id":"52tdtmhtcdnlkqg","previousOperationId":null,"operationId":"f182ygaz7zd5kuo"}
{"type":"log","level":"info","message":"Render request 26 queued for execution and waiting for available worker","previousOperationId":"f182ygaz7zd5kuo","timestamp":1744375601322,"id":"ildvy6qxiwlmmzx"}
{"type":"operationStart","subtype":"render","name":"myTemplate","previousOperationId":"f182ygaz7zd5kuo","timestamp":1744375601338,"id":"tgubghae3lv1r4w","previousEventId":"52tdtmhtcdnlkqg","operationId":"bzx4vv3i4z0b9fy"}
{"type":"log","timestamp":1744375601338,"level":"info","message":"Starting rendering request 26","meta":{"rootId":"fr4ek6892kjgf7w","id":"fr4ek6892kjgf7w"},"id":"bfcp7x9tedz8y5z","previousOperationId":"bzx4vv3i4z0b9fy"}
{"type":"log","timestamp":1744375601338,"level":"info","message":"Rendering template { name: myTemplate, recipe: chrome-pdf, engine: handlebars, preview: true }","meta":{"rootId":"fr4ek6892kjgf7w","id":"fr4ek6892kjgf7w"},"id":"vzu5b41ye5banzx","previousOperationId":"bzx4vv3i4z0b9fy"}
{"type":"log","timestamp":1744375601339,"level":"debug","message":"Inline data specified.","meta":{"rootId":"fr4ek6892kjgf7w","id":"fr4ek6892kjgf7w"},"id":"1u7a50kd0snalj7","previousOperationId":"bzx4vv3i4z0b9fy"}
{"type":"log","timestamp":1744375601340,"level":"debug","message":"Base url not specified, skipping its injection.","meta":{"rootId":"fr4ek6892kjgf7w","id":"fr4ek6892kjgf7w"},"id":"o42lvm8hadehvhu","previousOperationId":"bzx4vv3i4z0b9fy"}
{"type":"operationStart","subtype":"engine","name":"handlebars","timestamp":1744375601340,"id":"6no6ghm1b204avp","previousEventId":"tgubghae3lv1r4w","operationId":"q61h9gwnfpamc08","previousOperationId":"bzx4vv3i4z0b9fy"}
{"type":"log","timestamp":1744375601340,"level":"debug","message":"Rendering engine handlebars","meta":{"rootId":"fr4ek6892kjgf7w","id":"fr4ek6892kjgf7w"},"id":"edt82dwokc2il23","previousOperationId":"q61h9gwnfpamc08"}
{"type":"operationEnd","operationId":"q61h9gwnfpamc08","timestamp":1744375601372,"id":"is3b7ym8t7whmzu","previousEventId":"6no6ghm1b204avp","previousOperationId":"q61h9gwnfpamc08"}
{"type":"operationStart","subtype":"recipe","name":"chrome-pdf","timestamp":1744375601373,"id":"h4zf8h2ypdso08x","previousEventId":"is3b7ym8t7whmzu","operationId":"dqsxvdy9ttf1qm0","previousOperationId":"q61h9gwnfpamc08"}
{"type":"log","timestamp":1744375601373,"level":"debug","message":"Executing recipe chrome-pdf","meta":{"rootId":"fr4ek6892kjgf7w","id":"fr4ek6892kjgf7w"},"id":"j21ymq6adgj2iyc","previousOperationId":"dqsxvdy9ttf1qm0"}
{"type":"log","timestamp":1744375601378,"level":"debug","message":"Converting with chrome Chrome/133.0.6943.126 using chrome-pool strategy","meta":{"rootId":"fr4ek6892kjgf7w","id":"fr4ek6892kjgf7w"},"id":"5bz53mrgiaqlywk","previousOperationId":"dqsxvdy9ttf1qm0"}
{"type":"log","timestamp":1744375601448,"level":"debug","message":"Page request: GET (document) file:///C:/Users/Patheo24/AppData/Local/Temp/jsreport/autocleanup/27d7edac-636f-420d-8d88-6b6d1f4ae414-chrome-pdf.html","meta":{"rootId":"fr4ek6892kjgf7w","id":"fr4ek6892kjgf7w"},"id":"7lznnl1gdv3t0pm","previousOperationId":"dqsxvdy9ttf1qm0"}
{"type":"log","timestamp":1744375601465,"level":"debug","message":"Page request finished: GET (document) 200 file:///C:/Users/Patheo24/AppData/Local/Temp/jsreport/autocleanup/27d7edac-636f-420d-8d88-6b6d1f4ae414-chrome-pdf.html","meta":{"rootId":"fr4ek6892kjgf7w","id":"fr4ek6892kjgf7w"},"id":"ak4xslx1ev2crc5","previousOperationId":"dqsxvdy9ttf1qm0"}
{"type":"log","timestamp":1744375601466,"level":"debug","message":"Page request: GET (image) https://res.cloudinary.com/dpes1dyqb/image/upload/v1738768933/logo_myycxt.jpg","meta":{"rootId":"fr4ek6892kjgf7w","id":"fr4ek6892kjgf7w"},"id":"wk2vt6tfcuhwo85","previousOperationId":"dqsxvdy9ttf1qm0"}
{"type":"log","timestamp":1744375601466,"level":"debug","message":"Page request: GET (font) http://localhost:5488/fonts/kalpurush.ttf","meta":{"rootId":"fr4ek6892kjgf7w","id":"fr4ek6892kjgf7w"},"id":"fombn2n6ewj7w81","previousOperationId":"dqsxvdy9ttf1qm0"}
{"type":"log","timestamp":1744375601519,"level":"debug","message":"Page request: GET (font) http://localhost:5488/fonts/kalpurush.ttf","meta":{"rootId":"fr4ek6892kjgf7w","id":"fr4ek6892kjgf7w"},"id":"0o6kmlbbkeog393","previousOperationId":"dqsxvdy9ttf1qm0"}
{"type":"log","timestamp":1744375601521,"level":"debug","message":"Page request finished: GET (image) 200 https://res.cloudinary.com/dpes1dyqb/image/upload/v1738768933/logo_myycxt.jpg","meta":{"rootId":"fr4ek6892kjgf7w","id":"fr4ek6892kjgf7w"},"id":"4ouq665zznx2035","previousOperationId":"dqsxvdy9ttf1qm0"}
{"type":"log","timestamp":1744375601529,"level":"debug","message":"(console:error) Failed to load resource: the server responded with a status of 404 (Not Found)","meta":{"userLevel":true,"rootId":"fr4ek6892kjgf7w","id":"fr4ek6892kjgf7w"},"id":"m5aoizkb2bv5ndm","previousOperationId":"dqsxvdy9ttf1qm0"}
{"type":"log","timestamp":1744375601529,"level":"warn","message":"Page request failed: GET (font) http://localhost:5488/fonts/kalpurush.ttf, failure: net::ERR_ABORTED","meta":{"rootId":"fr4ek6892kjgf7w","id":"fr4ek6892kjgf7w"},"id":"zzsq80y7jz36t9a","previousOperationId":"dqsxvdy9ttf1qm0"}
{"type":"log","timestamp":1744375601542,"level":"debug","message":"Running chrome with params {\"printBackground\":true,\"format\":\"A5\",\"marginRight\":\"\",\"height\":\"\",\"marginTop\":\"\",\"marginBottom\":\"\",\"marginLeft\":\"\",\"displayHeaderFooter\":true,\"width\":\"\",\"timeout\":59943,\"margin\":{\"top\":\"\",\"right\":\"\",\"bottom\":\"\",\"left\":\"\"}}","meta":{"rootId":"fr4ek6892kjgf7w","id":"fr4ek6892kjgf7w"},"id":"1b696uhq800767w","previousOperationId":"dqsxvdy9ttf1qm0"}
{"type":"operationEnd","operationId":"dqsxvdy9ttf1qm0","timestamp":1744375601900,"id":"9pmp15uhpckbc69","previousEventId":"h4zf8h2ypdso08x","previousOperationId":"dqsxvdy9ttf1qm0"}
{"type":"log","timestamp":1744375601900,"level":"debug","message":"Skipping storing report.","meta":{"rootId":"fr4ek6892kjgf7w","id":"fr4ek6892kjgf7w"},"id":"hf6jujd8xr465mg","previousOperationId":"dqsxvdy9ttf1qm0"}
{"type":"log","timestamp":1744375601900,"level":"info","message":"Rendering request 26 finished in 580 ms","meta":{"rootId":"fr4ek6892kjgf7w","id":"fr4ek6892kjgf7w"},"id":"7kacnmpiy4pkxdq","previousOperationId":"dqsxvdy9ttf1qm0"}
{"type":"operationEnd","subtype":"render","operationId":"bzx4vv3i4z0b9fy","timestamp":1744375601900,"id":"b5mofvodng3ift3","previousEventId":"9pmp15uhpckbc69","previousOperationId":"dqsxvdy9ttf1qm0"}
{"type":"operationEnd","doDiffs":false,"previousEventId":"52tdtmhtcdnlkqg","previousOperationId":"f182ygaz7zd5kuo","operationId":"f182ygaz7zd5kuo","timestamp":1744375601907,"id":"xw1lc7g8omojkrp"}
