{"type":"operationStart","subtype":"profile","data":{"_id":"43hCPn1DJl6b85Dc","timestamp":"2025-04-10T13:15:06.812Z","state":"queued","mode":"standard","creationDate":"2025-04-10T13:15:06.814Z","modificationDate":"2025-04-10T13:15:06.814Z","shortid":"794W7ls","$entitySet":"profiles"},"doDiffs":false,"timestamp":1744290906813,"id":"hz9dka124743vry","previousOperationId":null,"operationId":"nx4p6bawenhphnd"}
{"type":"log","level":"info","message":"Render request 15 queued for execution and waiting for available worker","previousOperationId":"nx4p6bawenhphnd","timestamp":1744290906814,"id":"hmnyl0ruyshnjae"}
{"type":"operationStart","subtype":"render","name":"myTemplate","previousOperationId":"nx4p6bawenhphnd","timestamp":1744290906831,"id":"95l0v7h29ruxugl","previousEventId":"hz9dka124743vry","operationId":"zt9ahq0f1awn7a4"}
{"type":"log","timestamp":1744290906831,"level":"info","message":"Starting rendering request 15","meta":{"rootId":"fsj7kqewzzpgxg4","id":"fsj7kqewzzpgxg4"},"id":"oy8p9a6knepowu7","previousOperationId":"zt9ahq0f1awn7a4"}
{"type":"log","timestamp":1744290906831,"level":"info","message":"Rendering template { name: myTemplate, recipe: chrome-pdf, engine: handlebars, preview: true }","meta":{"rootId":"fsj7kqewzzpgxg4","id":"fsj7kqewzzpgxg4"},"id":"vpx4a61ci5x6ii0","previousOperationId":"zt9ahq0f1awn7a4"}
{"type":"log","timestamp":1744290906835,"level":"debug","message":"Adding sample data HUavgV0Kc","meta":{"rootId":"fsj7kqewzzpgxg4","id":"fsj7kqewzzpgxg4"},"id":"6buxx9gwjzqydg2","previousOperationId":"zt9ahq0f1awn7a4"}
{"type":"log","timestamp":1744290906836,"level":"debug","message":"Base url not specified, skipping its injection.","meta":{"rootId":"fsj7kqewzzpgxg4","id":"fsj7kqewzzpgxg4"},"id":"areowcb1kuow499","previousOperationId":"zt9ahq0f1awn7a4"}
{"type":"operationStart","subtype":"engine","name":"handlebars","timestamp":1744290906836,"id":"bzajfxqtq48y0b9","previousEventId":"95l0v7h29ruxugl","operationId":"a2uh8y2si5jm7mj","previousOperationId":"zt9ahq0f1awn7a4"}
{"type":"log","timestamp":1744290906836,"level":"debug","message":"Rendering engine handlebars","meta":{"rootId":"fsj7kqewzzpgxg4","id":"fsj7kqewzzpgxg4"},"id":"wb9fk1myjryumer","previousOperationId":"a2uh8y2si5jm7mj"}
{"type":"operationEnd","operationId":"a2uh8y2si5jm7mj","timestamp":1744290906889,"id":"st61uqsdc7lxt9s","previousEventId":"bzajfxqtq48y0b9","previousOperationId":"a2uh8y2si5jm7mj"}
{"type":"operationStart","subtype":"recipe","name":"chrome-pdf","timestamp":1744290906889,"id":"h4jznap5wp6bxza","previousEventId":"st61uqsdc7lxt9s","operationId":"957b31jkb9pfql4","previousOperationId":"a2uh8y2si5jm7mj"}
{"type":"log","timestamp":1744290906889,"level":"debug","message":"Executing recipe chrome-pdf","meta":{"rootId":"fsj7kqewzzpgxg4","id":"fsj7kqewzzpgxg4"},"id":"hzub0rv6qsjdw53","previousOperationId":"957b31jkb9pfql4"}
{"type":"log","timestamp":1744290906893,"level":"debug","message":"Converting with chrome Chrome/133.0.6943.126 using chrome-pool strategy","meta":{"rootId":"fsj7kqewzzpgxg4","id":"fsj7kqewzzpgxg4"},"id":"7a8wvt1fs8dmeof","previousOperationId":"957b31jkb9pfql4"}
{"type":"log","timestamp":1744290906963,"level":"debug","message":"Page request: GET (document) file:///C:/Users/Patheo24/AppData/Local/Temp/jsreport/autocleanup/9d479fcf-d202-42e4-8a94-8906fcea6bf1-chrome-pdf.html","meta":{"rootId":"fsj7kqewzzpgxg4","id":"fsj7kqewzzpgxg4"},"id":"y90xur0zvo2uq6a","previousOperationId":"957b31jkb9pfql4"}
{"type":"log","timestamp":1744290906981,"level":"debug","message":"Page request finished: GET (document) 200 file:///C:/Users/Patheo24/AppData/Local/Temp/jsreport/autocleanup/9d479fcf-d202-42e4-8a94-8906fcea6bf1-chrome-pdf.html","meta":{"rootId":"fsj7kqewzzpgxg4","id":"fsj7kqewzzpgxg4"},"id":"xz7akh8gdd3b6lf","previousOperationId":"957b31jkb9pfql4"}
{"type":"log","timestamp":1744290906987,"level":"debug","message":"Page request: GET (image) https://res.cloudinary.com/dpes1dyqb/image/upload/v1738768933/logo_myycxt.jpg","meta":{"rootId":"fsj7kqewzzpgxg4","id":"fsj7kqewzzpgxg4"},"id":"qonloomckmxh43g","previousOperationId":"957b31jkb9pfql4"}
{"type":"log","timestamp":1744290906988,"level":"debug","message":"Page request: GET (font) http://localhost:5488/fonts/kalpurush.ttf","meta":{"rootId":"fsj7kqewzzpgxg4","id":"fsj7kqewzzpgxg4"},"id":"yerwcpm5iej1s8t","previousOperationId":"957b31jkb9pfql4"}
{"type":"log","timestamp":1744290907034,"level":"debug","message":"Page request: GET (font) http://localhost:5488/fonts/kalpurush.ttf","meta":{"rootId":"fsj7kqewzzpgxg4","id":"fsj7kqewzzpgxg4"},"id":"5g1e8cbj6w7nit5","previousOperationId":"957b31jkb9pfql4"}
{"type":"log","timestamp":1744290907035,"level":"debug","message":"Page request finished: GET (image) 200 https://res.cloudinary.com/dpes1dyqb/image/upload/v1738768933/logo_myycxt.jpg","meta":{"rootId":"fsj7kqewzzpgxg4","id":"fsj7kqewzzpgxg4"},"id":"0l6wzrv9tmsi9l9","previousOperationId":"957b31jkb9pfql4"}
{"type":"log","timestamp":1744290907042,"level":"debug","message":"(console:error) Failed to load resource: the server responded with a status of 404 (Not Found)","meta":{"userLevel":true,"rootId":"fsj7kqewzzpgxg4","id":"fsj7kqewzzpgxg4"},"id":"bqomxw36q2qrooa","previousOperationId":"957b31jkb9pfql4"}
{"type":"log","timestamp":1744290907042,"level":"warn","message":"Page request failed: GET (font) http://localhost:5488/fonts/kalpurush.ttf, failure: net::ERR_ABORTED","meta":{"rootId":"fsj7kqewzzpgxg4","id":"fsj7kqewzzpgxg4"},"id":"m9we0gwowpirz7m","previousOperationId":"957b31jkb9pfql4"}
{"type":"log","timestamp":1744290907051,"level":"debug","message":"Running chrome with params {\"printBackground\":true,\"format\":\"A5\",\"marginRight\":\"\",\"height\":\"\",\"marginTop\":\"\",\"marginBottom\":\"\",\"marginLeft\":\"\",\"displayHeaderFooter\":true,\"width\":\"\",\"timeout\":59920,\"margin\":{\"top\":\"\",\"right\":\"\",\"bottom\":\"\",\"left\":\"\"}}","meta":{"rootId":"fsj7kqewzzpgxg4","id":"fsj7kqewzzpgxg4"},"id":"ezcqpmaveele8gw","previousOperationId":"957b31jkb9pfql4"}
{"type":"operationEnd","operationId":"957b31jkb9pfql4","timestamp":1744290907384,"id":"a118iwbthfvva1v","previousEventId":"h4jznap5wp6bxza","previousOperationId":"957b31jkb9pfql4"}
{"type":"log","timestamp":1744290907384,"level":"debug","message":"Skipping storing report.","meta":{"rootId":"fsj7kqewzzpgxg4","id":"fsj7kqewzzpgxg4"},"id":"rkmh5d0zoe60i8e","previousOperationId":"957b31jkb9pfql4"}
{"type":"log","timestamp":1744290907384,"level":"info","message":"Rendering request 15 finished in 572 ms","meta":{"rootId":"fsj7kqewzzpgxg4","id":"fsj7kqewzzpgxg4"},"id":"zzmednqqib91ie5","previousOperationId":"957b31jkb9pfql4"}
{"type":"operationEnd","subtype":"render","operationId":"zt9ahq0f1awn7a4","timestamp":1744290907384,"id":"7ihgovv8jqsajsf","previousEventId":"a118iwbthfvva1v","previousOperationId":"957b31jkb9pfql4"}
{"type":"operationEnd","doDiffs":false,"previousEventId":"hz9dka124743vry","previousOperationId":"nx4p6bawenhphnd","operationId":"nx4p6bawenhphnd","timestamp":1744290907387,"id":"n2lprwvw73yf7zy"}
