{"type":"operationStart","subtype":"profile","data":{"_id":"3lCWlyijXyoeoqhv","timestamp":"2025-04-10T13:18:48.241Z","state":"queued","mode":"standard","creationDate":"2025-04-10T13:18:48.243Z","modificationDate":"2025-04-10T13:18:48.243Z","shortid":"LzwnNvt","$entitySet":"profiles"},"doDiffs":false,"timestamp":1744291128242,"id":"dgk9ce2dqvxviih","previousOperationId":null,"operationId":"ezsu5zlc9gumj3g"}
{"type":"log","level":"info","message":"Render request 22 queued for execution and waiting for available worker","previousOperationId":"ezsu5zlc9gumj3g","timestamp":1744291128242,"id":"8dgti8hjrkc5hho"}
{"type":"operationStart","subtype":"render","name":"myTemplate","previousOperationId":"ezsu5zlc9gumj3g","timestamp":1744291128258,"id":"v9jvyuwvmrekb5c","previousEventId":"dgk9ce2dqvxviih","operationId":"hbnzwzapx2ao27e"}
{"type":"log","timestamp":1744291128258,"level":"info","message":"Starting rendering request 22","meta":{"rootId":"fvfmabueb9wk543","id":"fvfmabueb9wk543"},"id":"vtzwndpvet2iv5t","previousOperationId":"hbnzwzapx2ao27e"}
{"type":"log","timestamp":1744291128258,"level":"info","message":"Rendering template { name: myTemplate, recipe: chrome-pdf, engine: handlebars, preview: true }","meta":{"rootId":"fvfmabueb9wk543","id":"fvfmabueb9wk543"},"id":"edoqasrzvr622rr","previousOperationId":"hbnzwzapx2ao27e"}
{"type":"log","timestamp":1744291128259,"level":"debug","message":"Adding sample data HUavgV0Kc","meta":{"rootId":"fvfmabueb9wk543","id":"fvfmabueb9wk543"},"id":"3tvrey7v2mp00mh","previousOperationId":"hbnzwzapx2ao27e"}
{"type":"log","timestamp":1744291128261,"level":"debug","message":"Base url not specified, skipping its injection.","meta":{"rootId":"fvfmabueb9wk543","id":"fvfmabueb9wk543"},"id":"2zm1s1w3ui2ata2","previousOperationId":"hbnzwzapx2ao27e"}
{"type":"operationStart","subtype":"engine","name":"handlebars","timestamp":1744291128261,"id":"wcrot7rmr2fngpy","previousEventId":"v9jvyuwvmrekb5c","operationId":"aex7mjulpntxw4a","previousOperationId":"hbnzwzapx2ao27e"}
{"type":"log","timestamp":1744291128261,"level":"debug","message":"Rendering engine handlebars","meta":{"rootId":"fvfmabueb9wk543","id":"fvfmabueb9wk543"},"id":"yr2s5ietfv8zep4","previousOperationId":"aex7mjulpntxw4a"}
{"type":"operationEnd","operationId":"aex7mjulpntxw4a","timestamp":1744291128283,"id":"n1nx1d5eb4w5id8","previousEventId":"wcrot7rmr2fngpy","previousOperationId":"aex7mjulpntxw4a"}
{"type":"operationStart","subtype":"recipe","name":"chrome-pdf","timestamp":1744291128285,"id":"lihn9y2nk76cobr","previousEventId":"n1nx1d5eb4w5id8","operationId":"hj9rsjinclkm88j","previousOperationId":"aex7mjulpntxw4a"}
{"type":"log","timestamp":1744291128285,"level":"debug","message":"Executing recipe chrome-pdf","meta":{"rootId":"fvfmabueb9wk543","id":"fvfmabueb9wk543"},"id":"cfrp57uo37l7prw","previousOperationId":"hj9rsjinclkm88j"}
{"type":"log","timestamp":1744291128288,"level":"debug","message":"Converting with chrome Chrome/133.0.6943.126 using chrome-pool strategy","meta":{"rootId":"fvfmabueb9wk543","id":"fvfmabueb9wk543"},"id":"xcp0fkrii4ublz8","previousOperationId":"hj9rsjinclkm88j"}
{"type":"log","timestamp":1744291128348,"level":"debug","message":"Page request: GET (document) file:///C:/Users/Patheo24/AppData/Local/Temp/jsreport/autocleanup/7d73f26d-59fd-4fb1-968f-be7d35606a13-chrome-pdf.html","meta":{"rootId":"fvfmabueb9wk543","id":"fvfmabueb9wk543"},"id":"xv3qgxpggqmfrrm","previousOperationId":"hj9rsjinclkm88j"}
{"type":"log","timestamp":1744291128384,"level":"debug","message":"Page request finished: GET (document) 200 file:///C:/Users/Patheo24/AppData/Local/Temp/jsreport/autocleanup/7d73f26d-59fd-4fb1-968f-be7d35606a13-chrome-pdf.html","meta":{"rootId":"fvfmabueb9wk543","id":"fvfmabueb9wk543"},"id":"rfdha4je2mh5tb8","previousOperationId":"hj9rsjinclkm88j"}
{"type":"log","timestamp":1744291128387,"level":"debug","message":"Page request: GET (image) https://res.cloudinary.com/dpes1dyqb/image/upload/v1738768933/logo_myycxt.jpg","meta":{"rootId":"fvfmabueb9wk543","id":"fvfmabueb9wk543"},"id":"xb04mwep89z93yx","previousOperationId":"hj9rsjinclkm88j"}
{"type":"log","timestamp":1744291128390,"level":"debug","message":"Page request: GET (font) http://localhost:5488/fonts/kalpurush.ttf","meta":{"rootId":"fvfmabueb9wk543","id":"fvfmabueb9wk543"},"id":"hlof9gshpnr3u9p","previousOperationId":"hj9rsjinclkm88j"}
{"type":"log","timestamp":1744291128447,"level":"debug","message":"Page request: GET (font) http://localhost:5488/fonts/kalpurush.ttf","meta":{"rootId":"fvfmabueb9wk543","id":"fvfmabueb9wk543"},"id":"ae5s3hddqclfjj3","previousOperationId":"hj9rsjinclkm88j"}
{"type":"log","timestamp":1744291128450,"level":"debug","message":"Page request finished: GET (image) 200 https://res.cloudinary.com/dpes1dyqb/image/upload/v1738768933/logo_myycxt.jpg","meta":{"rootId":"fvfmabueb9wk543","id":"fvfmabueb9wk543"},"id":"tbk2mu7decn7zbp","previousOperationId":"hj9rsjinclkm88j"}
{"type":"log","timestamp":1744291128460,"level":"debug","message":"(console:error) Failed to load resource: the server responded with a status of 404 (Not Found)","meta":{"userLevel":true,"rootId":"fvfmabueb9wk543","id":"fvfmabueb9wk543"},"id":"17uyxqdub762fyf","previousOperationId":"hj9rsjinclkm88j"}
{"type":"log","timestamp":1744291128460,"level":"warn","message":"Page request failed: GET (font) http://localhost:5488/fonts/kalpurush.ttf, failure: net::ERR_ABORTED","meta":{"rootId":"fvfmabueb9wk543","id":"fvfmabueb9wk543"},"id":"hwmju1dsvnvrkrs","previousOperationId":"hj9rsjinclkm88j"}
{"type":"log","timestamp":1744291128474,"level":"debug","message":"Running chrome with params {\"printBackground\":true,\"format\":\"A5\",\"marginRight\":\"\",\"height\":\"\",\"marginTop\":\"\",\"marginBottom\":\"\",\"marginLeft\":\"\",\"displayHeaderFooter\":true,\"width\":\"\",\"timeout\":59954,\"margin\":{\"top\":\"\",\"right\":\"\",\"bottom\":\"\",\"left\":\"\"}}","meta":{"rootId":"fvfmabueb9wk543","id":"fvfmabueb9wk543"},"id":"82tzuojyb4j8w0y","previousOperationId":"hj9rsjinclkm88j"}
{"type":"operationEnd","operationId":"hj9rsjinclkm88j","timestamp":1744291128793,"id":"jm8u3xc6ztsmufr","previousEventId":"lihn9y2nk76cobr","previousOperationId":"hj9rsjinclkm88j"}
{"type":"log","timestamp":1744291128793,"level":"debug","message":"Skipping storing report.","meta":{"rootId":"fvfmabueb9wk543","id":"fvfmabueb9wk543"},"id":"45c983gqve5rpi4","previousOperationId":"hj9rsjinclkm88j"}
{"type":"log","timestamp":1744291128793,"level":"info","message":"Rendering request 22 finished in 552 ms","meta":{"rootId":"fvfmabueb9wk543","id":"fvfmabueb9wk543"},"id":"568o4wv3p1aylfy","previousOperationId":"hj9rsjinclkm88j"}
{"type":"operationEnd","subtype":"render","operationId":"hbnzwzapx2ao27e","timestamp":1744291128793,"id":"zqoed13xet5ixkz","previousEventId":"jm8u3xc6ztsmufr","previousOperationId":"hj9rsjinclkm88j"}
{"type":"operationEnd","doDiffs":false,"previousEventId":"dgk9ce2dqvxviih","previousOperationId":"ezsu5zlc9gumj3g","operationId":"ezsu5zlc9gumj3g","timestamp":1744291128797,"id":"ew0xren78uxjuc2"}
