{"type":"operationStart","subtype":"profile","data":{"_id":"bTX4Cep3TZ6B5hsr","timestamp":"2025-04-10T13:17:14.522Z","state":"queued","mode":"standard","creationDate":"2025-04-10T13:17:14.524Z","modificationDate":"2025-04-10T13:17:14.524Z","shortid":"qyKxIiR","$entitySet":"profiles"},"doDiffs":false,"timestamp":1744291034523,"id":"nef4iwxgao2wspn","previousOperationId":null,"operationId":"cf1u4qkh70hrlt3"}
{"type":"log","level":"info","message":"Render request 19 queued for execution and waiting for available worker","previousOperationId":"cf1u4qkh70hrlt3","timestamp":1744291034524,"id":"u8z2mc3vb6ui477"}
{"type":"operationStart","subtype":"render","name":"myTemplate","previousOperationId":"cf1u4qkh70hrlt3","timestamp":1744291034560,"id":"5age0fggpn2s6y3","previousEventId":"nef4iwxgao2wspn","operationId":"ei067iigqza1h0m"}
{"type":"log","timestamp":1744291034560,"level":"info","message":"Starting rendering request 19","meta":{"rootId":"g42k2bz9ownw2xu","id":"g42k2bz9ownw2xu"},"id":"xkc94qeonbjtxu4","previousOperationId":"ei067iigqza1h0m"}
{"type":"log","timestamp":1744291034561,"level":"info","message":"Rendering template { name: myTemplate, recipe: chrome-pdf, engine: handlebars, preview: true }","meta":{"rootId":"g42k2bz9ownw2xu","id":"g42k2bz9ownw2xu"},"id":"stqeyg4wen3901r","previousOperationId":"ei067iigqza1h0m"}
{"type":"log","timestamp":1744291034562,"level":"debug","message":"Adding sample data HUavgV0Kc","meta":{"rootId":"g42k2bz9ownw2xu","id":"g42k2bz9ownw2xu"},"id":"yj1vvn535g18erc","previousOperationId":"ei067iigqza1h0m"}
{"type":"log","timestamp":1744291034572,"level":"debug","message":"Base url not specified, skipping its injection.","meta":{"rootId":"g42k2bz9ownw2xu","id":"g42k2bz9ownw2xu"},"id":"nzh6nfzsnvxup5g","previousOperationId":"ei067iigqza1h0m"}
{"type":"operationStart","subtype":"engine","name":"handlebars","timestamp":1744291034573,"id":"e7e7llwcqz7ffe6","previousEventId":"5age0fggpn2s6y3","operationId":"6wfwg4r93wdfimu","previousOperationId":"ei067iigqza1h0m"}
{"type":"log","timestamp":1744291034573,"level":"debug","message":"Rendering engine handlebars","meta":{"rootId":"g42k2bz9ownw2xu","id":"g42k2bz9ownw2xu"},"id":"ink8j3xln5l65rm","previousOperationId":"6wfwg4r93wdfimu"}
{"type":"operationEnd","operationId":"6wfwg4r93wdfimu","timestamp":1744291034602,"id":"h7na1ag1fk59j0q","previousEventId":"e7e7llwcqz7ffe6","previousOperationId":"6wfwg4r93wdfimu"}
{"type":"operationStart","subtype":"recipe","name":"chrome-pdf","timestamp":1744291034602,"id":"s1uh577n8dyljva","previousEventId":"h7na1ag1fk59j0q","operationId":"xscn4nnh5tfgw9r","previousOperationId":"6wfwg4r93wdfimu"}
{"type":"log","timestamp":1744291034602,"level":"debug","message":"Executing recipe chrome-pdf","meta":{"rootId":"g42k2bz9ownw2xu","id":"g42k2bz9ownw2xu"},"id":"80flx7skhf997e6","previousOperationId":"xscn4nnh5tfgw9r"}
{"type":"log","timestamp":1744291034605,"level":"debug","message":"Converting with chrome Chrome/133.0.6943.126 using chrome-pool strategy","meta":{"rootId":"g42k2bz9ownw2xu","id":"g42k2bz9ownw2xu"},"id":"51pyo30ldo56t0g","previousOperationId":"xscn4nnh5tfgw9r"}
{"type":"log","timestamp":1744291034674,"level":"debug","message":"Page request: GET (document) file:///C:/Users/Patheo24/AppData/Local/Temp/jsreport/autocleanup/5e20950c-700e-44e1-9da6-0a6cac5b746d-chrome-pdf.html","meta":{"rootId":"g42k2bz9ownw2xu","id":"g42k2bz9ownw2xu"},"id":"nuqvbri8m6ebzvp","previousOperationId":"xscn4nnh5tfgw9r"}
{"type":"log","timestamp":1744291034691,"level":"debug","message":"Page request finished: GET (document) 200 file:///C:/Users/Patheo24/AppData/Local/Temp/jsreport/autocleanup/5e20950c-700e-44e1-9da6-0a6cac5b746d-chrome-pdf.html","meta":{"rootId":"g42k2bz9ownw2xu","id":"g42k2bz9ownw2xu"},"id":"usxzprcjcu61lud","previousOperationId":"xscn4nnh5tfgw9r"}
{"type":"log","timestamp":1744291034696,"level":"debug","message":"Page request: GET (image) https://res.cloudinary.com/dpes1dyqb/image/upload/v1738768933/logo_myycxt.jpg","meta":{"rootId":"g42k2bz9ownw2xu","id":"g42k2bz9ownw2xu"},"id":"987rda94rtmfkct","previousOperationId":"xscn4nnh5tfgw9r"}
{"type":"log","timestamp":1744291034697,"level":"debug","message":"Page request: GET (font) http://localhost:5488/fonts/kalpurush.ttf","meta":{"rootId":"g42k2bz9ownw2xu","id":"g42k2bz9ownw2xu"},"id":"36una6n5i532dtv","previousOperationId":"xscn4nnh5tfgw9r"}
{"type":"log","timestamp":1744291034739,"level":"debug","message":"Page request: GET (font) http://localhost:5488/fonts/kalpurush.ttf","meta":{"rootId":"g42k2bz9ownw2xu","id":"g42k2bz9ownw2xu"},"id":"h35t01yskieusx8","previousOperationId":"xscn4nnh5tfgw9r"}
{"type":"log","timestamp":1744291034740,"level":"debug","message":"Page request finished: GET (image) 200 https://res.cloudinary.com/dpes1dyqb/image/upload/v1738768933/logo_myycxt.jpg","meta":{"rootId":"g42k2bz9ownw2xu","id":"g42k2bz9ownw2xu"},"id":"7y6gzjf7zws4bqy","previousOperationId":"xscn4nnh5tfgw9r"}
{"type":"log","timestamp":1744291034746,"level":"debug","message":"(console:error) Failed to load resource: the server responded with a status of 404 (Not Found)","meta":{"userLevel":true,"rootId":"g42k2bz9ownw2xu","id":"g42k2bz9ownw2xu"},"id":"2cr27kdhulspxd2","previousOperationId":"xscn4nnh5tfgw9r"}
{"type":"log","timestamp":1744291034746,"level":"warn","message":"Page request failed: GET (font) http://localhost:5488/fonts/kalpurush.ttf, failure: net::ERR_ABORTED","meta":{"rootId":"g42k2bz9ownw2xu","id":"g42k2bz9ownw2xu"},"id":"tzvvt17rgv4fw4r","previousOperationId":"xscn4nnh5tfgw9r"}
{"type":"log","timestamp":1744291034755,"level":"debug","message":"Running chrome with params {\"printBackground\":true,\"format\":\"A5\",\"marginRight\":\"\",\"height\":\"\",\"marginTop\":\"\",\"marginBottom\":\"\",\"marginLeft\":\"\",\"displayHeaderFooter\":true,\"width\":\"\",\"timeout\":59918,\"margin\":{\"top\":\"\",\"right\":\"\",\"bottom\":\"\",\"left\":\"\"}}","meta":{"rootId":"g42k2bz9ownw2xu","id":"g42k2bz9ownw2xu"},"id":"pcunb1xddr7gu9u","previousOperationId":"xscn4nnh5tfgw9r"}
{"type":"operationEnd","operationId":"xscn4nnh5tfgw9r","timestamp":1744291035067,"id":"1gsh8aaizkv71ij","previousEventId":"s1uh577n8dyljva","previousOperationId":"xscn4nnh5tfgw9r"}
{"type":"log","timestamp":1744291035067,"level":"debug","message":"Skipping storing report.","meta":{"rootId":"g42k2bz9ownw2xu","id":"g42k2bz9ownw2xu"},"id":"36l81yoz0q0qiqn","previousOperationId":"xscn4nnh5tfgw9r"}
{"type":"log","timestamp":1744291035067,"level":"info","message":"Rendering request 19 finished in 545 ms","meta":{"rootId":"g42k2bz9ownw2xu","id":"g42k2bz9ownw2xu"},"id":"0k226lxzc85rbc2","previousOperationId":"xscn4nnh5tfgw9r"}
{"type":"operationEnd","subtype":"render","operationId":"ei067iigqza1h0m","timestamp":1744291035067,"id":"tnabr216waz30x7","previousEventId":"1gsh8aaizkv71ij","previousOperationId":"xscn4nnh5tfgw9r"}
{"type":"operationEnd","doDiffs":false,"previousEventId":"nef4iwxgao2wspn","previousOperationId":"cf1u4qkh70hrlt3","operationId":"cf1u4qkh70hrlt3","timestamp":1744291035074,"id":"n1b1uzo7fa4ury1"}
