{"type":"operationStart","subtype":"profile","data":{"_id":"AhxfKN8uSkq8TusR","timestamp":"2025-04-10T13:19:20.526Z","state":"queued","mode":"standard","creationDate":"2025-04-10T13:19:20.529Z","modificationDate":"2025-04-10T13:19:20.529Z","shortid":"H-mOAR-","$entitySet":"profiles"},"doDiffs":false,"timestamp":1744291160527,"id":"kcdhvu1xnr3owfa","previousOperationId":null,"operationId":"1pjynejdfgueanx"}
{"type":"log","level":"info","message":"Render request 23 queued for execution and waiting for available worker","previousOperationId":"1pjynejdfgueanx","timestamp":1744291160527,"id":"6gvri3bnyydyfcw"}
{"type":"operationStart","subtype":"render","name":"myTemplate","previousOperationId":"1pjynejdfgueanx","timestamp":1744291160544,"id":"8c5ktr8eh9n4o94","previousEventId":"kcdhvu1xnr3owfa","operationId":"t1v16ci86x81qox"}
{"type":"log","timestamp":1744291160545,"level":"info","message":"Starting rendering request 23","meta":{"rootId":"gakj3lu2umxfpim","id":"gakj3lu2umxfpim"},"id":"anfpx8q7z3uc1c8","previousOperationId":"t1v16ci86x81qox"}
{"type":"log","timestamp":1744291160545,"level":"info","message":"Rendering template { name: myTemplate, recipe: chrome-pdf, engine: handlebars, preview: true }","meta":{"rootId":"gakj3lu2umxfpim","id":"gakj3lu2umxfpim"},"id":"24ih7yhfljopuv5","previousOperationId":"t1v16ci86x81qox"}
{"type":"log","timestamp":1744291160546,"level":"debug","message":"Adding sample data HUavgV0Kc","meta":{"rootId":"gakj3lu2umxfpim","id":"gakj3lu2umxfpim"},"id":"4bo1b9q876r241r","previousOperationId":"t1v16ci86x81qox"}
{"type":"log","timestamp":1744291160548,"level":"debug","message":"Base url not specified, skipping its injection.","meta":{"rootId":"gakj3lu2umxfpim","id":"gakj3lu2umxfpim"},"id":"kt0kn3y3e15y13n","previousOperationId":"t1v16ci86x81qox"}
{"type":"operationStart","subtype":"engine","name":"handlebars","timestamp":1744291160549,"id":"07lo14tzrpxu8fj","previousEventId":"8c5ktr8eh9n4o94","operationId":"shn48c1eytvwzjg","previousOperationId":"t1v16ci86x81qox"}
{"type":"log","timestamp":1744291160549,"level":"debug","message":"Rendering engine handlebars","meta":{"rootId":"gakj3lu2umxfpim","id":"gakj3lu2umxfpim"},"id":"ejei38hddvutbzu","previousOperationId":"shn48c1eytvwzjg"}
{"type":"operationEnd","operationId":"shn48c1eytvwzjg","timestamp":1744291160570,"id":"bre9slkkmhijgh7","previousEventId":"07lo14tzrpxu8fj","previousOperationId":"shn48c1eytvwzjg"}
{"type":"operationStart","subtype":"recipe","name":"chrome-pdf","timestamp":1744291160570,"id":"ldms8oq9yo0hsqm","previousEventId":"bre9slkkmhijgh7","operationId":"jarjcyzvt0hwhwe","previousOperationId":"shn48c1eytvwzjg"}
{"type":"log","timestamp":1744291160570,"level":"debug","message":"Executing recipe chrome-pdf","meta":{"rootId":"gakj3lu2umxfpim","id":"gakj3lu2umxfpim"},"id":"7j5gm8tv2gl76ek","previousOperationId":"jarjcyzvt0hwhwe"}
{"type":"log","timestamp":1744291160574,"level":"debug","message":"Converting with chrome Chrome/133.0.6943.126 using chrome-pool strategy","meta":{"rootId":"gakj3lu2umxfpim","id":"gakj3lu2umxfpim"},"id":"r442p0obwnxj4bu","previousOperationId":"jarjcyzvt0hwhwe"}
{"type":"log","timestamp":1744291160644,"level":"debug","message":"Page request: GET (document) file:///C:/Users/Patheo24/AppData/Local/Temp/jsreport/autocleanup/7d0922ea-a1c0-414a-a98f-8111d9e99372-chrome-pdf.html","meta":{"rootId":"gakj3lu2umxfpim","id":"gakj3lu2umxfpim"},"id":"2etisq4srg3p25u","previousOperationId":"jarjcyzvt0hwhwe"}
{"type":"log","timestamp":1744291160669,"level":"debug","message":"Page request finished: GET (document) 200 file:///C:/Users/Patheo24/AppData/Local/Temp/jsreport/autocleanup/7d0922ea-a1c0-414a-a98f-8111d9e99372-chrome-pdf.html","meta":{"rootId":"gakj3lu2umxfpim","id":"gakj3lu2umxfpim"},"id":"cun0qxpnbo83f55","previousOperationId":"jarjcyzvt0hwhwe"}
{"type":"log","timestamp":1744291160675,"level":"debug","message":"Page request: GET (font) http://localhost:5488/fonts/kalpurush.ttf","meta":{"rootId":"gakj3lu2umxfpim","id":"gakj3lu2umxfpim"},"id":"sj34ydt16wnpfr6","previousOperationId":"jarjcyzvt0hwhwe"}
{"type":"log","timestamp":1744291160676,"level":"debug","message":"Page request: GET (image) https://res.cloudinary.com/dpes1dyqb/image/upload/v1738768933/logo_myycxt.jpg","meta":{"rootId":"gakj3lu2umxfpim","id":"gakj3lu2umxfpim"},"id":"cdhcnwk1vqxk23r","previousOperationId":"jarjcyzvt0hwhwe"}
{"type":"log","timestamp":1744291160739,"level":"debug","message":"Page request: GET (font) http://localhost:5488/fonts/kalpurush.ttf","meta":{"rootId":"gakj3lu2umxfpim","id":"gakj3lu2umxfpim"},"id":"mkd904cbuslbl7m","previousOperationId":"jarjcyzvt0hwhwe"}
{"type":"log","timestamp":1744291160740,"level":"debug","message":"Page request finished: GET (image) 200 https://res.cloudinary.com/dpes1dyqb/image/upload/v1738768933/logo_myycxt.jpg","meta":{"rootId":"gakj3lu2umxfpim","id":"gakj3lu2umxfpim"},"id":"4es4ptsf6z6myz2","previousOperationId":"jarjcyzvt0hwhwe"}
{"type":"log","timestamp":1744291160757,"level":"debug","message":"(console:error) Failed to load resource: the server responded with a status of 404 (Not Found)","meta":{"userLevel":true,"rootId":"gakj3lu2umxfpim","id":"gakj3lu2umxfpim"},"id":"mmacxg0ilaa7ts9","previousOperationId":"jarjcyzvt0hwhwe"}
{"type":"log","timestamp":1744291160758,"level":"warn","message":"Page request failed: GET (font) http://localhost:5488/fonts/kalpurush.ttf, failure: net::ERR_ABORTED","meta":{"rootId":"gakj3lu2umxfpim","id":"gakj3lu2umxfpim"},"id":"bckojtro70g2if1","previousOperationId":"jarjcyzvt0hwhwe"}
{"type":"log","timestamp":1744291160771,"level":"debug","message":"Running chrome with params {\"printBackground\":true,\"format\":\"A5\",\"marginRight\":\"\",\"height\":\"\",\"marginTop\":\"\",\"marginBottom\":\"\",\"marginLeft\":\"\",\"displayHeaderFooter\":true,\"width\":\"\",\"timeout\":59953,\"margin\":{\"top\":\"\",\"right\":\"\",\"bottom\":\"\",\"left\":\"\"}}","meta":{"rootId":"gakj3lu2umxfpim","id":"gakj3lu2umxfpim"},"id":"ftwn9zpo5h7dlqs","previousOperationId":"jarjcyzvt0hwhwe"}
{"type":"operationEnd","operationId":"jarjcyzvt0hwhwe","timestamp":1744291161087,"id":"ru6078caav5k4ln","previousEventId":"ldms8oq9yo0hsqm","previousOperationId":"jarjcyzvt0hwhwe"}
{"type":"log","timestamp":1744291161087,"level":"debug","message":"Skipping storing report.","meta":{"rootId":"gakj3lu2umxfpim","id":"gakj3lu2umxfpim"},"id":"f8vau7seytojwk5","previousOperationId":"jarjcyzvt0hwhwe"}
{"type":"log","timestamp":1744291161087,"level":"info","message":"Rendering request 23 finished in 561 ms","meta":{"rootId":"gakj3lu2umxfpim","id":"gakj3lu2umxfpim"},"id":"kmj2cs4nzf971wh","previousOperationId":"jarjcyzvt0hwhwe"}
{"type":"operationEnd","subtype":"render","operationId":"t1v16ci86x81qox","timestamp":1744291161087,"id":"6ghxy9alwngsli1","previousEventId":"ru6078caav5k4ln","previousOperationId":"jarjcyzvt0hwhwe"}
{"type":"operationEnd","doDiffs":false,"previousEventId":"kcdhvu1xnr3owfa","previousOperationId":"1pjynejdfgueanx","operationId":"1pjynejdfgueanx","timestamp":1744291161092,"id":"0iv6wx9cjm66m59"}
