{"type":"operationStart","subtype":"profile","data":{"_id":"WkUPV6UX2OD8NEvF","timestamp":"2025-04-11T13:13:41.503Z","state":"running","mode":"standard","creationDate":"2025-04-11T13:13:41.505Z","modificationDate":"2025-04-11T13:13:41.505Z","shortid":"xnfPO9i","$entitySet":"profiles","timeout":60000,"templateShortid":"2tjN-EB9Yu"},"doDiffs":false,"timestamp":1744377221504,"id":"3ojjd790rv9uain","previousOperationId":null,"operationId":"h8p4kdvhqw132nt"}
{"type":"log","level":"info","message":"Render request 45 queued for execution and waiting for available worker","previousOperationId":"h8p4kdvhqw132nt","timestamp":1744377221504,"id":"1ke8nr15qt9vjw2"}
{"type":"operationStart","subtype":"render","name":"myTemplate","previousOperationId":"h8p4kdvhqw132nt","timestamp":1744377221510,"id":"9w2n09kao9kfjpe","previousEventId":"3ojjd790rv9uain","operationId":"v1ikoyx1504a2kr"}
{"type":"log","timestamp":1744377221511,"level":"info","message":"Starting rendering request 45","meta":{"rootId":"gbylykd57jbfie8","id":"gbylykd57jbfie8"},"id":"hpuzabvg28xl1rv","previousOperationId":"v1ikoyx1504a2kr"}
{"type":"log","timestamp":1744377221511,"level":"info","message":"Rendering template { name: myTemplate, recipe: chrome-pdf, engine: handlebars, preview: false }","meta":{"rootId":"gbylykd57jbfie8","id":"gbylykd57jbfie8"},"id":"negwev47cn76u63","previousOperationId":"v1ikoyx1504a2kr"}
{"type":"log","timestamp":1744377221511,"level":"debug","message":"Inline data specified.","meta":{"rootId":"gbylykd57jbfie8","id":"gbylykd57jbfie8"},"id":"1a000uqds6geitk","previousOperationId":"v1ikoyx1504a2kr"}
{"type":"log","timestamp":1744377221513,"level":"debug","message":"Base url not specified, skipping its injection.","meta":{"rootId":"gbylykd57jbfie8","id":"gbylykd57jbfie8"},"id":"d8csvva8b09621z","previousOperationId":"v1ikoyx1504a2kr"}
{"type":"operationStart","subtype":"engine","name":"handlebars","timestamp":1744377221513,"id":"khhqblutzpnhl6q","previousEventId":"9w2n09kao9kfjpe","operationId":"ugtjjfgp9oj4j7n","previousOperationId":"v1ikoyx1504a2kr"}
{"type":"log","timestamp":1744377221513,"level":"debug","message":"Rendering engine handlebars","meta":{"rootId":"gbylykd57jbfie8","id":"gbylykd57jbfie8"},"id":"4ran8hp5kle5rm0","previousOperationId":"ugtjjfgp9oj4j7n"}
{"type":"operationEnd","operationId":"ugtjjfgp9oj4j7n","timestamp":1744377221524,"id":"py0r2yvrri691cw","previousEventId":"khhqblutzpnhl6q","previousOperationId":"ugtjjfgp9oj4j7n"}
{"type":"operationStart","subtype":"recipe","name":"chrome-pdf","timestamp":1744377221524,"id":"a6fiin1anww9t7h","previousEventId":"py0r2yvrri691cw","operationId":"8fl6n05zko45s9y","previousOperationId":"ugtjjfgp9oj4j7n"}
{"type":"log","timestamp":1744377221525,"level":"debug","message":"Executing recipe chrome-pdf","meta":{"rootId":"gbylykd57jbfie8","id":"gbylykd57jbfie8"},"id":"nnp0l3znh61b77k","previousOperationId":"8fl6n05zko45s9y"}
{"type":"log","timestamp":1744377221528,"level":"debug","message":"Converting with chrome Chrome/133.0.6943.126 using chrome-pool strategy","meta":{"rootId":"gbylykd57jbfie8","id":"gbylykd57jbfie8"},"id":"iumvvufoul4s9qq","previousOperationId":"8fl6n05zko45s9y"}
{"type":"log","timestamp":1744377221593,"level":"debug","message":"Page request: GET (document) file:///C:/Users/Patheo24/AppData/Local/Temp/jsreport/autocleanup/523e269b-d2aa-4df8-84ad-bb4142d67257-chrome-pdf.html","meta":{"rootId":"gbylykd57jbfie8","id":"gbylykd57jbfie8"},"id":"zponvld418dh253","previousOperationId":"8fl6n05zko45s9y"}
{"type":"log","timestamp":1744377221615,"level":"debug","message":"Page request finished: GET (document) 200 file:///C:/Users/Patheo24/AppData/Local/Temp/jsreport/autocleanup/523e269b-d2aa-4df8-84ad-bb4142d67257-chrome-pdf.html","meta":{"rootId":"gbylykd57jbfie8","id":"gbylykd57jbfie8"},"id":"td5764c1wu7nc87","previousOperationId":"8fl6n05zko45s9y"}
{"type":"log","timestamp":1744377221616,"level":"debug","message":"Page request: GET (font) http://localhost:5488/fonts/kalpurush.ttf","meta":{"rootId":"gbylykd57jbfie8","id":"gbylykd57jbfie8"},"id":"4gqjpqiqks2dc7s","previousOperationId":"8fl6n05zko45s9y"}
{"type":"log","timestamp":1744377221616,"level":"debug","message":"Page request: GET (image) https://res.cloudinary.com/dpes1dyqb/image/upload/v1738768933/logo_myycxt.jpg","meta":{"rootId":"gbylykd57jbfie8","id":"gbylykd57jbfie8"},"id":"zfvvceq2we5r7ev","previousOperationId":"8fl6n05zko45s9y"}
{"type":"log","timestamp":1744377221664,"level":"debug","message":"Page request: GET (font) http://localhost:5488/fonts/kalpurush.ttf","meta":{"rootId":"gbylykd57jbfie8","id":"gbylykd57jbfie8"},"id":"dh90akaglcp3dzk","previousOperationId":"8fl6n05zko45s9y"}
{"type":"log","timestamp":1744377221665,"level":"debug","message":"Page request finished: GET (image) 200 https://res.cloudinary.com/dpes1dyqb/image/upload/v1738768933/logo_myycxt.jpg","meta":{"rootId":"gbylykd57jbfie8","id":"gbylykd57jbfie8"},"id":"mabapuwttxhqy0p","previousOperationId":"8fl6n05zko45s9y"}
{"type":"log","timestamp":1744377221670,"level":"debug","message":"(console:error) Failed to load resource: the server responded with a status of 404 (Not Found)","meta":{"userLevel":true,"rootId":"gbylykd57jbfie8","id":"gbylykd57jbfie8"},"id":"52k6zflm20ddabw","previousOperationId":"8fl6n05zko45s9y"}
{"type":"log","timestamp":1744377221670,"level":"warn","message":"Page request failed: GET (font) http://localhost:5488/fonts/kalpurush.ttf, failure: net::ERR_ABORTED","meta":{"rootId":"gbylykd57jbfie8","id":"gbylykd57jbfie8"},"id":"cxb58jtnoc3gw7e","previousOperationId":"8fl6n05zko45s9y"}
{"type":"log","timestamp":1744377221679,"level":"debug","message":"Running chrome with params {\"printBackground\":true,\"format\":\"A5\",\"marginRight\":\"\",\"height\":\"\",\"marginTop\":\"\",\"marginBottom\":\"\",\"marginLeft\":\"\",\"displayHeaderFooter\":true,\"width\":\"\",\"timeout\":59977,\"margin\":{\"top\":\"\",\"right\":\"\",\"bottom\":\"\",\"left\":\"\"}}","meta":{"rootId":"gbylykd57jbfie8","id":"gbylykd57jbfie8"},"id":"azmb79r3vrz715u","previousOperationId":"8fl6n05zko45s9y"}
{"type":"operationEnd","operationId":"8fl6n05zko45s9y","timestamp":1744377221970,"id":"9anb76y6q7rl4sy","previousEventId":"a6fiin1anww9t7h","previousOperationId":"8fl6n05zko45s9y"}
{"type":"log","timestamp":1744377221970,"level":"debug","message":"Skipping storing report.","meta":{"rootId":"gbylykd57jbfie8","id":"gbylykd57jbfie8"},"id":"sdo3q9bbp1p5nw1","previousOperationId":"8fl6n05zko45s9y"}
{"type":"log","timestamp":1744377221970,"level":"info","message":"Rendering request 45 finished in 467 ms","meta":{"rootId":"gbylykd57jbfie8","id":"gbylykd57jbfie8"},"id":"wspoo1lr88zkisu","previousOperationId":"8fl6n05zko45s9y"}
{"type":"operationEnd","subtype":"render","operationId":"v1ikoyx1504a2kr","timestamp":1744377221970,"id":"4ciw8wb1tiwnm34","previousEventId":"9anb76y6q7rl4sy","previousOperationId":"8fl6n05zko45s9y"}
{"type":"operationEnd","doDiffs":false,"previousEventId":"3ojjd790rv9uain","previousOperationId":"h8p4kdvhqw132nt","operationId":"h8p4kdvhqw132nt","timestamp":1744377221973,"id":"ai9se86gam8wi1a"}
