{"type":"operationStart","subtype":"profile","data":{"_id":"yohKD8UGCCkT3uD4","timestamp":"2025-04-09T11:21:38.269Z","state":"queued","mode":"standard","creationDate":"2025-04-09T11:21:38.272Z","modificationDate":"2025-04-09T11:21:38.272Z","shortid":"zuXXy1L","$entitySet":"profiles"},"doDiffs":false,"timestamp":1744197698271,"id":"kqyiq4v4oaonf1x","previousOperationId":null,"operationId":"1nlsol9c7brqure"}
{"type":"log","level":"info","message":"Render request 38 queued for execution and waiting for available worker","previousOperationId":"1nlsol9c7brqure","timestamp":1744197698271,"id":"wyhvqquh0wrzfvg"}
{"type":"operationStart","subtype":"render","name":"myTemplate","previousOperationId":"1nlsol9c7brqure","timestamp":1744197698297,"id":"zo35807zzyfdxax","previousEventId":"kqyiq4v4oaonf1x","operationId":"n1wuqafflw50jng"}
{"type":"log","timestamp":1744197698298,"level":"info","message":"Starting rendering request 38","meta":{"rootId":"gfdgp31sao5zv3e","id":"gfdgp31sao5zv3e"},"id":"gl8zg1ewelspv2q","previousOperationId":"n1wuqafflw50jng"}
{"type":"log","timestamp":1744197698298,"level":"info","message":"Rendering template { name: myTemplate, recipe: chrome-pdf, engine: handlebars, preview: false }","meta":{"rootId":"gfdgp31sao5zv3e","id":"gfdgp31sao5zv3e"},"id":"0cpdpbgajjrk4ij","previousOperationId":"n1wuqafflw50jng"}
{"type":"log","timestamp":1744197698299,"level":"debug","message":"Inline data specified.","meta":{"rootId":"gfdgp31sao5zv3e","id":"gfdgp31sao5zv3e"},"id":"0973543jaau14t2","previousOperationId":"n1wuqafflw50jng"}
{"type":"log","timestamp":1744197698304,"level":"debug","message":"Base url not specified, skipping its injection.","meta":{"rootId":"gfdgp31sao5zv3e","id":"gfdgp31sao5zv3e"},"id":"7ylr62vdc23loy9","previousOperationId":"n1wuqafflw50jng"}
{"type":"operationStart","subtype":"engine","name":"handlebars","timestamp":1744197698304,"id":"nsipp86lxkxdhbp","previousEventId":"zo35807zzyfdxax","operationId":"1aw2s9bda8e4ia7","previousOperationId":"n1wuqafflw50jng"}
{"type":"log","timestamp":1744197698304,"level":"debug","message":"Rendering engine handlebars","meta":{"rootId":"gfdgp31sao5zv3e","id":"gfdgp31sao5zv3e"},"id":"q5ze9oiqvg3a8xk","previousOperationId":"1aw2s9bda8e4ia7"}
{"type":"operationEnd","operationId":"1aw2s9bda8e4ia7","timestamp":1744197698322,"id":"85patb3d68th33e","previousEventId":"nsipp86lxkxdhbp","previousOperationId":"1aw2s9bda8e4ia7"}
{"type":"operationStart","subtype":"recipe","name":"chrome-pdf","timestamp":1744197698323,"id":"20z79aq4wvsgkx0","previousEventId":"85patb3d68th33e","operationId":"2l05ibkcaz5002p","previousOperationId":"1aw2s9bda8e4ia7"}
{"type":"log","timestamp":1744197698323,"level":"debug","message":"Executing recipe chrome-pdf","meta":{"rootId":"gfdgp31sao5zv3e","id":"gfdgp31sao5zv3e"},"id":"zij4bp7xxi5vyve","previousOperationId":"2l05ibkcaz5002p"}
{"type":"log","timestamp":1744197698330,"level":"debug","message":"Converting with chrome Chrome/133.0.6943.126 using chrome-pool strategy","meta":{"rootId":"gfdgp31sao5zv3e","id":"gfdgp31sao5zv3e"},"id":"8hmfk241ok3lggx","previousOperationId":"2l05ibkcaz5002p"}
{"type":"log","timestamp":1744197698417,"level":"debug","message":"Page request: GET (document) file:///C:/Users/Patheo24/AppData/Local/Temp/jsreport/autocleanup/bce84c98-69a1-46d2-9f73-0eb6fb27e1ac-chrome-pdf.html","meta":{"rootId":"gfdgp31sao5zv3e","id":"gfdgp31sao5zv3e"},"id":"f6wwvz1jtnbxsfz","previousOperationId":"2l05ibkcaz5002p"}
{"type":"log","timestamp":1744197698442,"level":"debug","message":"Page request finished: GET (document) 200 file:///C:/Users/Patheo24/AppData/Local/Temp/jsreport/autocleanup/bce84c98-69a1-46d2-9f73-0eb6fb27e1ac-chrome-pdf.html","meta":{"rootId":"gfdgp31sao5zv3e","id":"gfdgp31sao5zv3e"},"id":"wsbpaobvsgl39zv","previousOperationId":"2l05ibkcaz5002p"}
{"type":"log","timestamp":1744197698448,"level":"debug","message":"(console:info) Slow network is detected. See https://www.chromestatus.com/feature/5636954674692096 for more details. Fallback font will be used while loading: http://localhost:5488/fonts/kalpurush.ttf","meta":{"userLevel":true,"rootId":"gfdgp31sao5zv3e","id":"gfdgp31sao5zv3e"},"id":"bw80wyktnempjjn","previousOperationId":"2l05ibkcaz5002p"}
{"type":"log","timestamp":1744197698448,"level":"debug","message":"Page request: GET (font) http://localhost:5488/fonts/kalpurush.ttf","meta":{"rootId":"gfdgp31sao5zv3e","id":"gfdgp31sao5zv3e"},"id":"3m0rmg6b9gb0ffc","previousOperationId":"2l05ibkcaz5002p"}
{"type":"log","timestamp":1744197698454,"level":"debug","message":"Page request: GET (font) http://localhost:5488/fonts/kalpurush.ttf","meta":{"rootId":"gfdgp31sao5zv3e","id":"gfdgp31sao5zv3e"},"id":"2qz12gdnpcnv7dz","previousOperationId":"2l05ibkcaz5002p"}
{"type":"log","timestamp":1744197698499,"level":"debug","message":"(console:error) Failed to load resource: the server responded with a status of 404 (Not Found)","meta":{"userLevel":true,"rootId":"gfdgp31sao5zv3e","id":"gfdgp31sao5zv3e"},"id":"e48lj1a7ni943l7","previousOperationId":"2l05ibkcaz5002p"}
{"type":"log","timestamp":1744197698499,"level":"warn","message":"Page request failed: GET (font) http://localhost:5488/fonts/kalpurush.ttf, failure: net::ERR_ABORTED","meta":{"rootId":"gfdgp31sao5zv3e","id":"gfdgp31sao5zv3e"},"id":"ly1urvclpwe9uy1","previousOperationId":"2l05ibkcaz5002p"}
{"type":"log","timestamp":1744197698503,"level":"debug","message":"Running chrome with params {\"printBackground\":true,\"timeout\":59941,\"margin\":{}}","meta":{"rootId":"gfdgp31sao5zv3e","id":"gfdgp31sao5zv3e"},"id":"qr613ivex9203xr","previousOperationId":"2l05ibkcaz5002p"}
{"type":"operationEnd","operationId":"2l05ibkcaz5002p","timestamp":1744197698794,"id":"e4msd6g8xtjgo5t","previousEventId":"20z79aq4wvsgkx0","previousOperationId":"2l05ibkcaz5002p"}
{"type":"log","timestamp":1744197698794,"level":"debug","message":"Skipping storing report.","meta":{"rootId":"gfdgp31sao5zv3e","id":"gfdgp31sao5zv3e"},"id":"3kscx4hyirs98a4","previousOperationId":"2l05ibkcaz5002p"}
{"type":"log","timestamp":1744197698794,"level":"info","message":"Rendering request 38 finished in 526 ms","meta":{"rootId":"gfdgp31sao5zv3e","id":"gfdgp31sao5zv3e"},"id":"3ci8or9ln83b574","previousOperationId":"2l05ibkcaz5002p"}
{"type":"operationEnd","subtype":"render","operationId":"n1wuqafflw50jng","timestamp":1744197698794,"id":"hv0cxnp73djd9o7","previousEventId":"e4msd6g8xtjgo5t","previousOperationId":"2l05ibkcaz5002p"}
{"type":"operationEnd","doDiffs":false,"previousEventId":"kqyiq4v4oaonf1x","previousOperationId":"1nlsol9c7brqure","operationId":"1nlsol9c7brqure","timestamp":1744197698798,"id":"5qrdyktiuti1f1c"}
