{"type":"operationStart","subtype":"profile","data":{"_id":"ETPcNnqOtUzKiSa1","timestamp":"2025-04-09T14:46:14.771Z","state":"queued","mode":"standard","creationDate":"2025-04-09T14:46:14.773Z","modificationDate":"2025-04-09T14:46:14.773Z","shortid":"twipocy","$entitySet":"profiles"},"doDiffs":false,"timestamp":1744209974772,"id":"oudqtuvwrbbwnpv","previousOperationId":null,"operationId":"7ps7sktvr1ohwdp"}
{"type":"log","level":"info","message":"Render request 124 queued for execution and waiting for available worker","previousOperationId":"7ps7sktvr1ohwdp","timestamp":1744209974772,"id":"4afjdk76yguuxb1"}
{"type":"operationStart","subtype":"render","name":"myTemplate","previousOperationId":"7ps7sktvr1ohwdp","timestamp":1744209974797,"id":"5s0ojvmf47qnupz","previousEventId":"oudqtuvwrbbwnpv","operationId":"vhslurkgb13hc3w"}
{"type":"log","timestamp":1744209974797,"level":"info","message":"Starting rendering request 124","meta":{"rootId":"ggh5auhwikrt91i","id":"ggh5auhwikrt91i"},"id":"rf4p3ikv3w4t3ig","previousOperationId":"vhslurkgb13hc3w"}
{"type":"log","timestamp":1744209974797,"level":"info","message":"Rendering template { name: myTemplate, recipe: chrome-pdf, engine: handlebars, preview: true }","meta":{"rootId":"ggh5auhwikrt91i","id":"ggh5auhwikrt91i"},"id":"jna8u05agk7gbqj","previousOperationId":"vhslurkgb13hc3w"}
{"type":"log","timestamp":1744209974799,"level":"debug","message":"Adding sample data HUavgV0Kc","meta":{"rootId":"ggh5auhwikrt91i","id":"ggh5auhwikrt91i"},"id":"2dgjx4tpnil62m5","previousOperationId":"vhslurkgb13hc3w"}
{"type":"log","timestamp":1744209974801,"level":"debug","message":"Base url not specified, skipping its injection.","meta":{"rootId":"ggh5auhwikrt91i","id":"ggh5auhwikrt91i"},"id":"eswoosfdznm9udb","previousOperationId":"vhslurkgb13hc3w"}
{"type":"operationStart","subtype":"engine","name":"handlebars","timestamp":1744209974801,"id":"h87bzy7d32fw17q","previousEventId":"5s0ojvmf47qnupz","operationId":"nzkxx4mvgszjafn","previousOperationId":"vhslurkgb13hc3w"}
{"type":"log","timestamp":1744209974801,"level":"debug","message":"Rendering engine handlebars","meta":{"rootId":"ggh5auhwikrt91i","id":"ggh5auhwikrt91i"},"id":"ok91em86331uhm6","previousOperationId":"nzkxx4mvgszjafn"}
{"type":"operationEnd","operationId":"nzkxx4mvgszjafn","timestamp":1744209974821,"id":"5ty7s45kmsstpno","previousEventId":"h87bzy7d32fw17q","previousOperationId":"nzkxx4mvgszjafn"}
{"type":"operationStart","subtype":"recipe","name":"chrome-pdf","timestamp":1744209974822,"id":"a0hjo55b6fiugup","previousEventId":"5ty7s45kmsstpno","operationId":"g2quzkzlmgjnix9","previousOperationId":"nzkxx4mvgszjafn"}
{"type":"log","timestamp":1744209974822,"level":"debug","message":"Executing recipe chrome-pdf","meta":{"rootId":"ggh5auhwikrt91i","id":"ggh5auhwikrt91i"},"id":"ftlvbfnwdnp33n8","previousOperationId":"g2quzkzlmgjnix9"}
{"type":"log","timestamp":1744209974824,"level":"debug","message":"Converting with chrome Chrome/133.0.6943.126 using chrome-pool strategy","meta":{"rootId":"ggh5auhwikrt91i","id":"ggh5auhwikrt91i"},"id":"u17ki303robxoxb","previousOperationId":"g2quzkzlmgjnix9"}
{"type":"log","timestamp":1744209974896,"level":"debug","message":"Page request: GET (document) file:///C:/Users/Patheo24/AppData/Local/Temp/jsreport/autocleanup/ddfdfc4b-257d-443b-bc4e-9d1c43a9d540-chrome-pdf.html","meta":{"rootId":"ggh5auhwikrt91i","id":"ggh5auhwikrt91i"},"id":"i8xfulo3uwxgct1","previousOperationId":"g2quzkzlmgjnix9"}
{"type":"log","timestamp":1744209974929,"level":"debug","message":"Page request finished: GET (document) 200 file:///C:/Users/Patheo24/AppData/Local/Temp/jsreport/autocleanup/ddfdfc4b-257d-443b-bc4e-9d1c43a9d540-chrome-pdf.html","meta":{"rootId":"ggh5auhwikrt91i","id":"ggh5auhwikrt91i"},"id":"gt7bafbn1eel83k","previousOperationId":"g2quzkzlmgjnix9"}
{"type":"log","timestamp":1744209974929,"level":"debug","message":"(console:info) Slow network is detected. See https://www.chromestatus.com/feature/5636954674692096 for more details. Fallback font will be used while loading: http://localhost:5488/fonts/kalpurush.ttf","meta":{"userLevel":true,"rootId":"ggh5auhwikrt91i","id":"ggh5auhwikrt91i"},"id":"vchnhxmn9urwdem","previousOperationId":"g2quzkzlmgjnix9"}
{"type":"log","timestamp":1744209974930,"level":"debug","message":"Page request: GET (font) http://localhost:5488/fonts/kalpurush.ttf","meta":{"rootId":"ggh5auhwikrt91i","id":"ggh5auhwikrt91i"},"id":"lcs9tmq97wbcgqt","previousOperationId":"g2quzkzlmgjnix9"}
{"type":"log","timestamp":1744209974931,"level":"debug","message":"Page request: GET (image) https://res.cloudinary.com/dpes1dyqb/image/upload/v1738768933/logo_myycxt.jpg","meta":{"rootId":"ggh5auhwikrt91i","id":"ggh5auhwikrt91i"},"id":"alm7jd7r8j2ubjc","previousOperationId":"g2quzkzlmgjnix9"}
{"type":"log","timestamp":1744209974967,"level":"debug","message":"Page request: GET (font) http://localhost:5488/fonts/kalpurush.ttf","meta":{"rootId":"ggh5auhwikrt91i","id":"ggh5auhwikrt91i"},"id":"6p8a27s5inrblae","previousOperationId":"g2quzkzlmgjnix9"}
{"type":"log","timestamp":1744209974968,"level":"debug","message":"Page request finished: GET (image) 200 https://res.cloudinary.com/dpes1dyqb/image/upload/v1738768933/logo_myycxt.jpg","meta":{"rootId":"ggh5auhwikrt91i","id":"ggh5auhwikrt91i"},"id":"1c1ye7pbz0tp4bs","previousOperationId":"g2quzkzlmgjnix9"}
{"type":"log","timestamp":1744209974975,"level":"debug","message":"(console:error) Failed to load resource: the server responded with a status of 404 (Not Found)","meta":{"userLevel":true,"rootId":"ggh5auhwikrt91i","id":"ggh5auhwikrt91i"},"id":"rlk327yijck0cod","previousOperationId":"g2quzkzlmgjnix9"}
{"type":"log","timestamp":1744209974976,"level":"warn","message":"Page request failed: GET (font) http://localhost:5488/fonts/kalpurush.ttf, failure: net::ERR_ABORTED","meta":{"rootId":"ggh5auhwikrt91i","id":"ggh5auhwikrt91i"},"id":"x16jxtvafe5460u","previousOperationId":"g2quzkzlmgjnix9"}
{"type":"log","timestamp":1744209974985,"level":"debug","message":"Running chrome with params {\"printBackground\":true,\"format\":\"A5\",\"marginRight\":\"\",\"height\":\"\",\"marginTop\":\"\",\"marginBottom\":\"\",\"marginLeft\":\"\",\"displayHeaderFooter\":true,\"width\":\"\",\"timeout\":59948,\"margin\":{\"top\":\"\",\"right\":\"\",\"bottom\":\"\",\"left\":\"\"}}","meta":{"rootId":"ggh5auhwikrt91i","id":"ggh5auhwikrt91i"},"id":"gn3la9ura9324h8","previousOperationId":"g2quzkzlmgjnix9"}
{"type":"operationEnd","operationId":"g2quzkzlmgjnix9","timestamp":1744209975312,"id":"7agmhxjanb9q1d9","previousEventId":"a0hjo55b6fiugup","previousOperationId":"g2quzkzlmgjnix9"}
{"type":"log","timestamp":1744209975312,"level":"debug","message":"Skipping storing report.","meta":{"rootId":"ggh5auhwikrt91i","id":"ggh5auhwikrt91i"},"id":"gn9q4z0k9nsduoa","previousOperationId":"g2quzkzlmgjnix9"}
{"type":"log","timestamp":1744209975312,"level":"info","message":"Rendering request 124 finished in 541 ms","meta":{"rootId":"ggh5auhwikrt91i","id":"ggh5auhwikrt91i"},"id":"zp07wdvabh42wdv","previousOperationId":"g2quzkzlmgjnix9"}
{"type":"operationEnd","subtype":"render","operationId":"vhslurkgb13hc3w","timestamp":1744209975312,"id":"vb1ml8468mhi0d3","previousEventId":"7agmhxjanb9q1d9","previousOperationId":"g2quzkzlmgjnix9"}
{"type":"operationEnd","doDiffs":false,"previousEventId":"oudqtuvwrbbwnpv","previousOperationId":"7ps7sktvr1ohwdp","operationId":"7ps7sktvr1ohwdp","timestamp":1744209975316,"id":"s8wjgdl82alfsko"}
