{"type":"operationStart","subtype":"profile","data":{"_id":"jcqFoBoAvB3NpQ2W","timestamp":"2025-04-09T13:46:06.806Z","state":"queued","mode":"standard","creationDate":"2025-04-09T13:46:06.809Z","modificationDate":"2025-04-09T13:46:06.809Z","shortid":"oVdzAPL","$entitySet":"profiles"},"doDiffs":false,"timestamp":1744206366808,"id":"73w8lzzmavb982v","previousOperationId":null,"operationId":"ayjytz7s43bc2dg"}
{"type":"log","level":"info","message":"Render request 26 queued for execution and waiting for available worker","previousOperationId":"ayjytz7s43bc2dg","timestamp":1744206366808,"id":"jkxmqrezbsdaxvc"}
{"type":"operationStart","subtype":"render","name":"myTemplate","previousOperationId":"ayjytz7s43bc2dg","timestamp":1744206366819,"id":"6n854j05lymm3o4","previousEventId":"73w8lzzmavb982v","operationId":"8b6yg44uaukhd0s"}
{"type":"log","timestamp":1744206366819,"level":"info","message":"Starting rendering request 26","meta":{"rootId":"gp76oc9ui7yap9j","id":"gp76oc9ui7yap9j"},"id":"ekxjnnw4thm65w1","previousOperationId":"8b6yg44uaukhd0s"}
{"type":"log","timestamp":1744206366819,"level":"info","message":"Rendering template { name: myTemplate, recipe: chrome-pdf, engine: handlebars, preview: true }","meta":{"rootId":"gp76oc9ui7yap9j","id":"gp76oc9ui7yap9j"},"id":"pmfi76y3kapyg4r","previousOperationId":"8b6yg44uaukhd0s"}
{"type":"log","timestamp":1744206366820,"level":"debug","message":"Adding sample data HUavgV0Kc","meta":{"rootId":"gp76oc9ui7yap9j","id":"gp76oc9ui7yap9j"},"id":"6ucfoh912ubuv0y","previousOperationId":"8b6yg44uaukhd0s"}
{"type":"log","timestamp":1744206366822,"level":"debug","message":"Base url not specified, skipping its injection.","meta":{"rootId":"gp76oc9ui7yap9j","id":"gp76oc9ui7yap9j"},"id":"yc6sqpwyp9k1js9","previousOperationId":"8b6yg44uaukhd0s"}
{"type":"operationStart","subtype":"engine","name":"handlebars","timestamp":1744206366822,"id":"p2x5mirsnqjw9vz","previousEventId":"6n854j05lymm3o4","operationId":"4rf2m5zmx7gkfht","previousOperationId":"8b6yg44uaukhd0s"}
{"type":"log","timestamp":1744206366823,"level":"debug","message":"Rendering engine handlebars","meta":{"rootId":"gp76oc9ui7yap9j","id":"gp76oc9ui7yap9j"},"id":"hmaf3fv6ey0osdy","previousOperationId":"4rf2m5zmx7gkfht"}
{"type":"operationEnd","operationId":"4rf2m5zmx7gkfht","timestamp":1744206366843,"id":"754f0nbkfn6tl2c","previousEventId":"p2x5mirsnqjw9vz","previousOperationId":"4rf2m5zmx7gkfht"}
{"type":"operationStart","subtype":"recipe","name":"chrome-pdf","timestamp":1744206366844,"id":"7g3ampp7awc5zh7","previousEventId":"754f0nbkfn6tl2c","operationId":"g8ux1afv04eekja","previousOperationId":"4rf2m5zmx7gkfht"}
{"type":"log","timestamp":1744206366844,"level":"debug","message":"Executing recipe chrome-pdf","meta":{"rootId":"gp76oc9ui7yap9j","id":"gp76oc9ui7yap9j"},"id":"y9n7w1n5u248lv1","previousOperationId":"g8ux1afv04eekja"}
{"type":"log","timestamp":1744206366846,"level":"debug","message":"Converting with chrome Chrome/133.0.6943.126 using chrome-pool strategy","meta":{"rootId":"gp76oc9ui7yap9j","id":"gp76oc9ui7yap9j"},"id":"yukce39851h71so","previousOperationId":"g8ux1afv04eekja"}
{"type":"log","timestamp":1744206366937,"level":"debug","message":"Page request: GET (document) file:///C:/Users/Patheo24/AppData/Local/Temp/jsreport/autocleanup/380fbd9d-1fe6-4bb8-9e61-569a6f5ceeb5-chrome-pdf.html","meta":{"rootId":"gp76oc9ui7yap9j","id":"gp76oc9ui7yap9j"},"id":"ic3dkphv12uht94","previousOperationId":"g8ux1afv04eekja"}
{"type":"log","timestamp":1744206366961,"level":"debug","message":"Page request finished: GET (document) 200 file:///C:/Users/Patheo24/AppData/Local/Temp/jsreport/autocleanup/380fbd9d-1fe6-4bb8-9e61-569a6f5ceeb5-chrome-pdf.html","meta":{"rootId":"gp76oc9ui7yap9j","id":"gp76oc9ui7yap9j"},"id":"41o9n8jba72p6la","previousOperationId":"g8ux1afv04eekja"}
{"type":"log","timestamp":1744206366969,"level":"debug","message":"Page request: GET (image) https://res.cloudinary.com/dpes1dyqb/image/upload/v1738768933/logo_myycxt.jpg","meta":{"rootId":"gp76oc9ui7yap9j","id":"gp76oc9ui7yap9j"},"id":"6lz73liufxermyn","previousOperationId":"g8ux1afv04eekja"}
{"type":"log","timestamp":1744206366970,"level":"debug","message":"Page request: GET (font) http://localhost:5488/fonts/kalpurush.ttf","meta":{"rootId":"gp76oc9ui7yap9j","id":"gp76oc9ui7yap9j"},"id":"r7gr25vfh1fryiq","previousOperationId":"g8ux1afv04eekja"}
{"type":"log","timestamp":1744206367023,"level":"debug","message":"Page request: GET (font) http://localhost:5488/fonts/kalpurush.ttf","meta":{"rootId":"gp76oc9ui7yap9j","id":"gp76oc9ui7yap9j"},"id":"mhut4lktoyuu90s","previousOperationId":"g8ux1afv04eekja"}
{"type":"log","timestamp":1744206367026,"level":"debug","message":"Page request finished: GET (image) 200 https://res.cloudinary.com/dpes1dyqb/image/upload/v1738768933/logo_myycxt.jpg","meta":{"rootId":"gp76oc9ui7yap9j","id":"gp76oc9ui7yap9j"},"id":"uif9wtd75z1649n","previousOperationId":"g8ux1afv04eekja"}
{"type":"log","timestamp":1744206367035,"level":"debug","message":"(console:error) Failed to load resource: the server responded with a status of 404 (Not Found)","meta":{"userLevel":true,"rootId":"gp76oc9ui7yap9j","id":"gp76oc9ui7yap9j"},"id":"eepovaaypl20o8c","previousOperationId":"g8ux1afv04eekja"}
{"type":"log","timestamp":1744206367035,"level":"warn","message":"Page request failed: GET (font) http://localhost:5488/fonts/kalpurush.ttf, failure: net::ERR_ABORTED","meta":{"rootId":"gp76oc9ui7yap9j","id":"gp76oc9ui7yap9j"},"id":"kmai65qav6gw1ex","previousOperationId":"g8ux1afv04eekja"}
{"type":"log","timestamp":1744206367046,"level":"debug","message":"Running chrome with params {\"printBackground\":true,\"timeout\":59960,\"margin\":{}}","meta":{"rootId":"gp76oc9ui7yap9j","id":"gp76oc9ui7yap9j"},"id":"uvc0skpq9uxoevs","previousOperationId":"g8ux1afv04eekja"}
{"type":"operationEnd","operationId":"g8ux1afv04eekja","timestamp":1744206367353,"id":"apt5mf9r2c1bfu8","previousEventId":"7g3ampp7awc5zh7","previousOperationId":"g8ux1afv04eekja"}
{"type":"log","timestamp":1744206367353,"level":"debug","message":"Skipping storing report.","meta":{"rootId":"gp76oc9ui7yap9j","id":"gp76oc9ui7yap9j"},"id":"jb3ifdrnrix9mm1","previousOperationId":"g8ux1afv04eekja"}
{"type":"log","timestamp":1744206367353,"level":"info","message":"Rendering request 26 finished in 548 ms","meta":{"rootId":"gp76oc9ui7yap9j","id":"gp76oc9ui7yap9j"},"id":"3j4u25lo97o360f","previousOperationId":"g8ux1afv04eekja"}
{"type":"operationEnd","subtype":"render","operationId":"8b6yg44uaukhd0s","timestamp":1744206367353,"id":"768wimqzug2ji7p","previousEventId":"apt5mf9r2c1bfu8","previousOperationId":"g8ux1afv04eekja"}
{"type":"operationEnd","doDiffs":false,"previousEventId":"73w8lzzmavb982v","previousOperationId":"ayjytz7s43bc2dg","operationId":"ayjytz7s43bc2dg","timestamp":1744206367357,"id":"jcbrr8blvnyu535"}
