{"type":"operationStart","subtype":"profile","data":{"_id":"Xm41Fn8r8jOCQIGM","timestamp":"2025-04-09T13:52:07.459Z","state":"queued","mode":"standard","creationDate":"2025-04-09T13:52:07.461Z","modificationDate":"2025-04-09T13:52:07.461Z","shortid":"Y-FGNZe","$entitySet":"profiles"},"doDiffs":false,"timestamp":1744206727460,"id":"6a8lcwmolat2h8t","previousOperationId":null,"operationId":"iskg4sznw5djrjz"}
{"type":"log","level":"info","message":"Render request 39 queued for execution and waiting for available worker","previousOperationId":"iskg4sznw5djrjz","timestamp":1744206727460,"id":"lkhe5fg238pty15"}
{"type":"operationStart","subtype":"render","name":"myTemplate","previousOperationId":"iskg4sznw5djrjz","timestamp":1744206727472,"id":"kx4sb8rkrmnn942","previousEventId":"6a8lcwmolat2h8t","operationId":"l1yaus67q7dzqdh"}
{"type":"log","timestamp":1744206727472,"level":"info","message":"Starting rendering request 39","meta":{"rootId":"grv6uhb59qlrs6f","id":"grv6uhb59qlrs6f"},"id":"o70fzckgfu7uaf9","previousOperationId":"l1yaus67q7dzqdh"}
{"type":"log","timestamp":1744206727472,"level":"info","message":"Rendering template { name: myTemplate, recipe: chrome-pdf, engine: handlebars, preview: true }","meta":{"rootId":"grv6uhb59qlrs6f","id":"grv6uhb59qlrs6f"},"id":"dkdt3il1ivxcha6","previousOperationId":"l1yaus67q7dzqdh"}
{"type":"log","timestamp":1744206727473,"level":"debug","message":"Adding sample data HUavgV0Kc","meta":{"rootId":"grv6uhb59qlrs6f","id":"grv6uhb59qlrs6f"},"id":"0dnkpuafb4fltpl","previousOperationId":"l1yaus67q7dzqdh"}
{"type":"log","timestamp":1744206727474,"level":"debug","message":"Base url not specified, skipping its injection.","meta":{"rootId":"grv6uhb59qlrs6f","id":"grv6uhb59qlrs6f"},"id":"vfu9cigfgmgt5s1","previousOperationId":"l1yaus67q7dzqdh"}
{"type":"operationStart","subtype":"engine","name":"handlebars","timestamp":1744206727475,"id":"bz1ztvp5b58oi35","previousEventId":"kx4sb8rkrmnn942","operationId":"5lws6g9bg796zs3","previousOperationId":"l1yaus67q7dzqdh"}
{"type":"log","timestamp":1744206727475,"level":"debug","message":"Rendering engine handlebars","meta":{"rootId":"grv6uhb59qlrs6f","id":"grv6uhb59qlrs6f"},"id":"fjj6u0j100dlpib","previousOperationId":"5lws6g9bg796zs3"}
{"type":"operationEnd","operationId":"5lws6g9bg796zs3","timestamp":1744206727526,"id":"5irxarkcv1fpt1a","previousEventId":"bz1ztvp5b58oi35","previousOperationId":"5lws6g9bg796zs3"}
{"type":"operationStart","subtype":"recipe","name":"chrome-pdf","timestamp":1744206727526,"id":"eu9x0ug5jkzykfo","previousEventId":"5irxarkcv1fpt1a","operationId":"ngj3enafajyewk9","previousOperationId":"5lws6g9bg796zs3"}
{"type":"log","timestamp":1744206727526,"level":"debug","message":"Executing recipe chrome-pdf","meta":{"rootId":"grv6uhb59qlrs6f","id":"grv6uhb59qlrs6f"},"id":"wzij19wsccnpn0y","previousOperationId":"ngj3enafajyewk9"}
{"type":"log","timestamp":1744206727529,"level":"debug","message":"Converting with chrome Chrome/133.0.6943.126 using chrome-pool strategy","meta":{"rootId":"grv6uhb59qlrs6f","id":"grv6uhb59qlrs6f"},"id":"6yh0hodl9arp3lz","previousOperationId":"ngj3enafajyewk9"}
{"type":"log","timestamp":1744206727598,"level":"debug","message":"Page request: GET (document) file:///C:/Users/Patheo24/AppData/Local/Temp/jsreport/autocleanup/20a3a59d-a71c-4c60-83ee-999d65b0276a-chrome-pdf.html","meta":{"rootId":"grv6uhb59qlrs6f","id":"grv6uhb59qlrs6f"},"id":"vod03ot2kpc3hk2","previousOperationId":"ngj3enafajyewk9"}
{"type":"log","timestamp":1744206727625,"level":"debug","message":"Page request finished: GET (document) 200 file:///C:/Users/Patheo24/AppData/Local/Temp/jsreport/autocleanup/20a3a59d-a71c-4c60-83ee-999d65b0276a-chrome-pdf.html","meta":{"rootId":"grv6uhb59qlrs6f","id":"grv6uhb59qlrs6f"},"id":"0xubwfz7kl110k5","previousOperationId":"ngj3enafajyewk9"}
{"type":"log","timestamp":1744206727626,"level":"debug","message":"(console:info) Slow network is detected. See https://www.chromestatus.com/feature/5636954674692096 for more details. Fallback font will be used while loading: http://localhost:5488/fonts/kalpurush.ttf","meta":{"userLevel":true,"rootId":"grv6uhb59qlrs6f","id":"grv6uhb59qlrs6f"},"id":"eo7w2hobwnz12e0","previousOperationId":"ngj3enafajyewk9"}
{"type":"log","timestamp":1744206727626,"level":"debug","message":"Page request: GET (font) http://localhost:5488/fonts/kalpurush.ttf","meta":{"rootId":"grv6uhb59qlrs6f","id":"grv6uhb59qlrs6f"},"id":"npchyk0cbrjwegc","previousOperationId":"ngj3enafajyewk9"}
{"type":"log","timestamp":1744206727627,"level":"debug","message":"Page request: GET (image) https://res.cloudinary.com/dpes1dyqb/image/upload/v1738768933/logo_myycxt.jpg","meta":{"rootId":"grv6uhb59qlrs6f","id":"grv6uhb59qlrs6f"},"id":"e6r5k8uld4jas3w","previousOperationId":"ngj3enafajyewk9"}
{"type":"log","timestamp":1744206727666,"level":"debug","message":"Page request: GET (font) http://localhost:5488/fonts/kalpurush.ttf","meta":{"rootId":"grv6uhb59qlrs6f","id":"grv6uhb59qlrs6f"},"id":"zfx7dxas985rt17","previousOperationId":"ngj3enafajyewk9"}
{"type":"log","timestamp":1744206727668,"level":"debug","message":"Page request finished: GET (image) 200 https://res.cloudinary.com/dpes1dyqb/image/upload/v1738768933/logo_myycxt.jpg","meta":{"rootId":"grv6uhb59qlrs6f","id":"grv6uhb59qlrs6f"},"id":"qvnrh3yfzuflexs","previousOperationId":"ngj3enafajyewk9"}
{"type":"log","timestamp":1744206727675,"level":"debug","message":"(console:error) Failed to load resource: the server responded with a status of 404 (Not Found)","meta":{"userLevel":true,"rootId":"grv6uhb59qlrs6f","id":"grv6uhb59qlrs6f"},"id":"omafm6wjhlndgg5","previousOperationId":"ngj3enafajyewk9"}
{"type":"log","timestamp":1744206727675,"level":"warn","message":"Page request failed: GET (font) http://localhost:5488/fonts/kalpurush.ttf, failure: net::ERR_ABORTED","meta":{"rootId":"grv6uhb59qlrs6f","id":"grv6uhb59qlrs6f"},"id":"ox0mbod45o1briw","previousOperationId":"ngj3enafajyewk9"}
{"type":"log","timestamp":1744206727689,"level":"debug","message":"Running chrome with params {\"printBackground\":true,\"format\":\"A5\",\"marginRight\":\"\",\"timeout\":59931,\"margin\":{\"right\":\"\"}}","meta":{"rootId":"grv6uhb59qlrs6f","id":"grv6uhb59qlrs6f"},"id":"i9tasmwkxzylpa9","previousOperationId":"ngj3enafajyewk9"}
{"type":"operationEnd","operationId":"ngj3enafajyewk9","timestamp":1744206727998,"id":"41pvmxi3jsbkrlk","previousEventId":"eu9x0ug5jkzykfo","previousOperationId":"ngj3enafajyewk9"}
{"type":"log","timestamp":1744206727998,"level":"debug","message":"Skipping storing report.","meta":{"rootId":"grv6uhb59qlrs6f","id":"grv6uhb59qlrs6f"},"id":"1lo5o41w1kurar6","previousOperationId":"ngj3enafajyewk9"}
{"type":"log","timestamp":1744206727998,"level":"info","message":"Rendering request 39 finished in 539 ms","meta":{"rootId":"grv6uhb59qlrs6f","id":"grv6uhb59qlrs6f"},"id":"hov0u2qdv61nhzo","previousOperationId":"ngj3enafajyewk9"}
{"type":"operationEnd","subtype":"render","operationId":"l1yaus67q7dzqdh","timestamp":1744206727998,"id":"avu9waxoz4q7483","previousEventId":"41pvmxi3jsbkrlk","previousOperationId":"ngj3enafajyewk9"}
{"type":"operationEnd","doDiffs":false,"previousEventId":"6a8lcwmolat2h8t","previousOperationId":"iskg4sznw5djrjz","operationId":"iskg4sznw5djrjz","timestamp":1744206728002,"id":"fxg32r6jno3g230"}
