{"type":"operationStart","subtype":"profile","data":{"_id":"WN6LAIVXL6aiCQk9","timestamp":"2025-04-09T10:39:13.200Z","state":"queued","mode":"standard","creationDate":"2025-04-09T10:39:13.203Z","modificationDate":"2025-04-09T10:39:13.203Z","shortid":"fN2ccCR","$entitySet":"profiles"},"doDiffs":false,"timestamp":1744195153202,"id":"pxg5y039l2sybom","previousOperationId":null,"operationId":"3m8epo3mjf0jpty"}
{"type":"log","level":"info","message":"Render request 17 queued for execution and waiting for available worker","previousOperationId":"3m8epo3mjf0jpty","timestamp":1744195153202,"id":"pjb34sukrxegk2l"}
{"type":"operationStart","subtype":"render","name":"myTemplate","previousOperationId":"3m8epo3mjf0jpty","timestamp":1744195153214,"id":"diascynoqm0z9y3","previousEventId":"pxg5y039l2sybom","operationId":"ree5nki6et78bed"}
{"type":"log","timestamp":1744195153214,"level":"info","message":"Starting rendering request 17","meta":{"rootId":"gylksw7ngorga7x","id":"gylksw7ngorga7x"},"id":"pxur8f9a5zvlxe7","previousOperationId":"ree5nki6et78bed"}
{"type":"log","timestamp":1744195153214,"level":"info","message":"Rendering template { name: myTemplate, recipe: chrome-pdf, engine: handlebars, preview: true }","meta":{"rootId":"gylksw7ngorga7x","id":"gylksw7ngorga7x"},"id":"ncn4qdl632siadm","previousOperationId":"ree5nki6et78bed"}
{"type":"log","timestamp":1744195153215,"level":"debug","message":"Inline data specified.","meta":{"rootId":"gylksw7ngorga7x","id":"gylksw7ngorga7x"},"id":"rlj997y4l3vqg5z","previousOperationId":"ree5nki6et78bed"}
{"type":"log","timestamp":1744195153216,"level":"debug","message":"Base url not specified, skipping its injection.","meta":{"rootId":"gylksw7ngorga7x","id":"gylksw7ngorga7x"},"id":"3x45sr5o8jscm65","previousOperationId":"ree5nki6et78bed"}
{"type":"operationStart","subtype":"engine","name":"handlebars","timestamp":1744195153216,"id":"pndjauqei8tor15","previousEventId":"diascynoqm0z9y3","operationId":"z6o4eeejra92kjy","previousOperationId":"ree5nki6et78bed"}
{"type":"log","timestamp":1744195153216,"level":"debug","message":"Rendering engine handlebars","meta":{"rootId":"gylksw7ngorga7x","id":"gylksw7ngorga7x"},"id":"tcyoed4tkbr0r18","previousOperationId":"z6o4eeejra92kjy"}
{"type":"operationEnd","operationId":"z6o4eeejra92kjy","timestamp":1744195153230,"id":"8j0am4ph50yw5ax","previousEventId":"pndjauqei8tor15","previousOperationId":"z6o4eeejra92kjy"}
{"type":"operationStart","subtype":"recipe","name":"chrome-pdf","timestamp":1744195153230,"id":"sjfko57g0kxqs3w","previousEventId":"8j0am4ph50yw5ax","operationId":"42kg6wrbkmsvlo4","previousOperationId":"z6o4eeejra92kjy"}
{"type":"log","timestamp":1744195153230,"level":"debug","message":"Executing recipe chrome-pdf","meta":{"rootId":"gylksw7ngorga7x","id":"gylksw7ngorga7x"},"id":"bi4bi169e2rejir","previousOperationId":"42kg6wrbkmsvlo4"}
{"type":"log","timestamp":1744195153233,"level":"debug","message":"Converting with chrome Chrome/133.0.6943.126 using chrome-pool strategy","meta":{"rootId":"gylksw7ngorga7x","id":"gylksw7ngorga7x"},"id":"opy8b8o1uke6ykz","previousOperationId":"42kg6wrbkmsvlo4"}
{"type":"log","timestamp":1744195153295,"level":"debug","message":"Page request: GET (document) file:///C:/Users/Patheo24/AppData/Local/Temp/jsreport/autocleanup/140fa9a4-714e-4a6f-a0d5-42366ae005f1-chrome-pdf.html","meta":{"rootId":"gylksw7ngorga7x","id":"gylksw7ngorga7x"},"id":"oxkteqyy7wept73","previousOperationId":"42kg6wrbkmsvlo4"}
{"type":"log","timestamp":1744195153322,"level":"debug","message":"Page request finished: GET (document) 200 file:///C:/Users/Patheo24/AppData/Local/Temp/jsreport/autocleanup/140fa9a4-714e-4a6f-a0d5-42366ae005f1-chrome-pdf.html","meta":{"rootId":"gylksw7ngorga7x","id":"gylksw7ngorga7x"},"id":"omoa80dh7gvz5tu","previousOperationId":"42kg6wrbkmsvlo4"}
{"type":"log","timestamp":1744195153323,"level":"debug","message":"Page request: GET (font) http://localhost:5488/fonts/kalpurush.ttf","meta":{"rootId":"gylksw7ngorga7x","id":"gylksw7ngorga7x"},"id":"zeobr9ehmy33lme","previousOperationId":"42kg6wrbkmsvlo4"}
{"type":"log","timestamp":1744195153325,"level":"debug","message":"Page request: GET (image) https://res.cloudinary.com/dpes1dyqb/image/upload/v1738768933/logo_myycxt.jpg","meta":{"rootId":"gylksw7ngorga7x","id":"gylksw7ngorga7x"},"id":"c69frtt24tz1qtc","previousOperationId":"42kg6wrbkmsvlo4"}
{"type":"log","timestamp":1744195153366,"level":"debug","message":"Page request: GET (font) http://localhost:5488/fonts/kalpurush.ttf","meta":{"rootId":"gylksw7ngorga7x","id":"gylksw7ngorga7x"},"id":"dqflhd6lqq0ztgc","previousOperationId":"42kg6wrbkmsvlo4"}
{"type":"log","timestamp":1744195153367,"level":"debug","message":"Page request finished: GET (image) 200 https://res.cloudinary.com/dpes1dyqb/image/upload/v1738768933/logo_myycxt.jpg","meta":{"rootId":"gylksw7ngorga7x","id":"gylksw7ngorga7x"},"id":"yobjc74asb8l1pq","previousOperationId":"42kg6wrbkmsvlo4"}
{"type":"log","timestamp":1744195153376,"level":"debug","message":"(console:error) Failed to load resource: the server responded with a status of 404 (Not Found)","meta":{"userLevel":true,"rootId":"gylksw7ngorga7x","id":"gylksw7ngorga7x"},"id":"axi70z18n8yadla","previousOperationId":"42kg6wrbkmsvlo4"}
{"type":"log","timestamp":1744195153376,"level":"warn","message":"Page request failed: GET (font) http://localhost:5488/fonts/kalpurush.ttf, failure: net::ERR_ABORTED","meta":{"rootId":"gylksw7ngorga7x","id":"gylksw7ngorga7x"},"id":"tn1399mvt5e508k","previousOperationId":"42kg6wrbkmsvlo4"}
{"type":"log","timestamp":1744195153386,"level":"debug","message":"Running chrome with params {\"printBackground\":true,\"timeout\":59968,\"margin\":{}}","meta":{"rootId":"gylksw7ngorga7x","id":"gylksw7ngorga7x"},"id":"puvspmuzwpzf029","previousOperationId":"42kg6wrbkmsvlo4"}
{"type":"operationEnd","operationId":"42kg6wrbkmsvlo4","timestamp":1744195153687,"id":"y7ao6t0dwt6tcnp","previousEventId":"sjfko57g0kxqs3w","previousOperationId":"42kg6wrbkmsvlo4"}
{"type":"log","timestamp":1744195153687,"level":"debug","message":"Skipping storing report.","meta":{"rootId":"gylksw7ngorga7x","id":"gylksw7ngorga7x"},"id":"844fz5k36oqsenf","previousOperationId":"42kg6wrbkmsvlo4"}
{"type":"log","timestamp":1744195153687,"level":"info","message":"Rendering request 17 finished in 487 ms","meta":{"rootId":"gylksw7ngorga7x","id":"gylksw7ngorga7x"},"id":"asa74tvh0wr2nig","previousOperationId":"42kg6wrbkmsvlo4"}
{"type":"operationEnd","subtype":"render","operationId":"ree5nki6et78bed","timestamp":1744195153687,"id":"5hjcoc9vl7t8hdy","previousEventId":"y7ao6t0dwt6tcnp","previousOperationId":"42kg6wrbkmsvlo4"}
{"type":"operationEnd","doDiffs":false,"previousEventId":"pxg5y039l2sybom","previousOperationId":"3m8epo3mjf0jpty","operationId":"3m8epo3mjf0jpty","timestamp":1744195153693,"id":"huowhfplx124834"}
