{"type":"operationStart","subtype":"profile","data":{"_id":"XFP81Q2l8tNTF2cs","timestamp":"2025-04-11T12:32:50.675Z","state":"queued","mode":"standard","creationDate":"2025-04-11T12:32:50.679Z","modificationDate":"2025-04-11T12:32:50.679Z","shortid":"iDYbZbu","$entitySet":"profiles"},"doDiffs":false,"timestamp":1744374770677,"id":"xq7bkt9c1totmcd","previousOperationId":null,"operationId":"1srqenk3ora2md6"}
{"type":"log","level":"info","message":"Render request 14 queued for execution and waiting for available worker","previousOperationId":"1srqenk3ora2md6","timestamp":1744374770677,"id":"bjl0ad65h8y4ak5"}
{"type":"operationStart","subtype":"render","name":"myTemplate","previousOperationId":"1srqenk3ora2md6","timestamp":1744374770697,"id":"4j4nqautfqfjlxj","previousEventId":"xq7bkt9c1totmcd","operationId":"h0xc5brohitkf6b"}
{"type":"log","timestamp":1744374770697,"level":"info","message":"Starting rendering request 14","meta":{"rootId":"havij4e7ipp6qne","id":"havij4e7ipp6qne"},"id":"n1x1aow5cuw8lxm","previousOperationId":"h0xc5brohitkf6b"}
{"type":"log","timestamp":1744374770697,"level":"info","message":"Rendering template { name: myTemplate, recipe: chrome-pdf, engine: handlebars, preview: true }","meta":{"rootId":"havij4e7ipp6qne","id":"havij4e7ipp6qne"},"id":"iiqb4mq0lvkiikg","previousOperationId":"h0xc5brohitkf6b"}
{"type":"log","timestamp":1744374770698,"level":"debug","message":"Inline data specified.","meta":{"rootId":"havij4e7ipp6qne","id":"havij4e7ipp6qne"},"id":"v4lm4axqnvtzrt3","previousOperationId":"h0xc5brohitkf6b"}
{"type":"log","timestamp":1744374770699,"level":"debug","message":"Base url not specified, skipping its injection.","meta":{"rootId":"havij4e7ipp6qne","id":"havij4e7ipp6qne"},"id":"ue3aebdruwsjd91","previousOperationId":"h0xc5brohitkf6b"}
{"type":"operationStart","subtype":"engine","name":"handlebars","timestamp":1744374770699,"id":"nqhfqqkgi65c0wq","previousEventId":"4j4nqautfqfjlxj","operationId":"w4cbumua7kp9f6s","previousOperationId":"h0xc5brohitkf6b"}
{"type":"log","timestamp":1744374770699,"level":"debug","message":"Rendering engine handlebars","meta":{"rootId":"havij4e7ipp6qne","id":"havij4e7ipp6qne"},"id":"53n4dlhf2f5ep0w","previousOperationId":"w4cbumua7kp9f6s"}
{"type":"operationEnd","operationId":"w4cbumua7kp9f6s","timestamp":1744374770723,"id":"h3otax8nfs6g78g","previousEventId":"nqhfqqkgi65c0wq","previousOperationId":"w4cbumua7kp9f6s"}
{"type":"operationStart","subtype":"recipe","name":"chrome-pdf","timestamp":1744374770725,"id":"yr761l31gy94gsu","previousEventId":"h3otax8nfs6g78g","operationId":"syycej3arc8fwmi","previousOperationId":"w4cbumua7kp9f6s"}
{"type":"log","timestamp":1744374770725,"level":"debug","message":"Executing recipe chrome-pdf","meta":{"rootId":"havij4e7ipp6qne","id":"havij4e7ipp6qne"},"id":"jwzsvaefaswvz3h","previousOperationId":"syycej3arc8fwmi"}
{"type":"log","timestamp":1744374770729,"level":"debug","message":"Converting with chrome Chrome/133.0.6943.126 using chrome-pool strategy","meta":{"rootId":"havij4e7ipp6qne","id":"havij4e7ipp6qne"},"id":"idlpe6s2xwrcgwl","previousOperationId":"syycej3arc8fwmi"}
{"type":"log","timestamp":1744374770802,"level":"debug","message":"Page request: GET (document) file:///C:/Users/Patheo24/AppData/Local/Temp/jsreport/autocleanup/5de966dc-5c13-4ba0-bbfd-adb4d262f2f5-chrome-pdf.html","meta":{"rootId":"havij4e7ipp6qne","id":"havij4e7ipp6qne"},"id":"6btn8edx7ej3sdd","previousOperationId":"syycej3arc8fwmi"}
{"type":"log","timestamp":1744374770822,"level":"debug","message":"Page request finished: GET (document) 200 file:///C:/Users/Patheo24/AppData/Local/Temp/jsreport/autocleanup/5de966dc-5c13-4ba0-bbfd-adb4d262f2f5-chrome-pdf.html","meta":{"rootId":"havij4e7ipp6qne","id":"havij4e7ipp6qne"},"id":"lkfiga3kh0yorzo","previousOperationId":"syycej3arc8fwmi"}
{"type":"log","timestamp":1744374770822,"level":"debug","message":"Page request: GET (image) https://res.cloudinary.com/dpes1dyqb/image/upload/v1738768933/logo_myycxt.jpg","meta":{"rootId":"havij4e7ipp6qne","id":"havij4e7ipp6qne"},"id":"221pj88ef5napxu","previousOperationId":"syycej3arc8fwmi"}
{"type":"log","timestamp":1744374770823,"level":"debug","message":"Page request: GET (font) http://localhost:5488/fonts/kalpurush.ttf","meta":{"rootId":"havij4e7ipp6qne","id":"havij4e7ipp6qne"},"id":"4wkhl4eyzbtfmjs","previousOperationId":"syycej3arc8fwmi"}
{"type":"log","timestamp":1744374770871,"level":"debug","message":"Page request finished: GET (image) 200 https://res.cloudinary.com/dpes1dyqb/image/upload/v1738768933/logo_myycxt.jpg","meta":{"rootId":"havij4e7ipp6qne","id":"havij4e7ipp6qne"},"id":"kaxkcbkvtb2xe15","previousOperationId":"syycej3arc8fwmi"}
{"type":"log","timestamp":1744374770872,"level":"debug","message":"Page request: GET (font) http://localhost:5488/fonts/kalpurush.ttf","meta":{"rootId":"havij4e7ipp6qne","id":"havij4e7ipp6qne"},"id":"ems9z178nzhtpiv","previousOperationId":"syycej3arc8fwmi"}
{"type":"log","timestamp":1744374770885,"level":"debug","message":"(console:error) Failed to load resource: the server responded with a status of 404 (Not Found)","meta":{"userLevel":true,"rootId":"havij4e7ipp6qne","id":"havij4e7ipp6qne"},"id":"r395mcwvp5ei5hm","previousOperationId":"syycej3arc8fwmi"}
{"type":"log","timestamp":1744374770885,"level":"warn","message":"Page request failed: GET (font) http://localhost:5488/fonts/kalpurush.ttf, failure: net::ERR_ABORTED","meta":{"rootId":"havij4e7ipp6qne","id":"havij4e7ipp6qne"},"id":"c66a6bdriyv4wl7","previousOperationId":"syycej3arc8fwmi"}
{"type":"log","timestamp":1744374770895,"level":"debug","message":"Running chrome with params {\"printBackground\":true,\"format\":\"A5\",\"marginRight\":\"\",\"height\":\"\",\"marginTop\":\"\",\"marginBottom\":\"\",\"marginLeft\":\"\",\"displayHeaderFooter\":true,\"width\":\"\",\"timeout\":59948,\"margin\":{\"top\":\"\",\"right\":\"\",\"bottom\":\"\",\"left\":\"\"}}","meta":{"rootId":"havij4e7ipp6qne","id":"havij4e7ipp6qne"},"id":"ztyj3ab0vg03g0y","previousOperationId":"syycej3arc8fwmi"}
{"type":"operationEnd","operationId":"syycej3arc8fwmi","timestamp":1744374771219,"id":"qo83fzgj837prmp","previousEventId":"yr761l31gy94gsu","previousOperationId":"syycej3arc8fwmi"}
{"type":"log","timestamp":1744374771219,"level":"debug","message":"Skipping storing report.","meta":{"rootId":"havij4e7ipp6qne","id":"havij4e7ipp6qne"},"id":"j9df0jymt6h44z3","previousOperationId":"syycej3arc8fwmi"}
{"type":"log","timestamp":1744374771219,"level":"info","message":"Rendering request 14 finished in 544 ms","meta":{"rootId":"havij4e7ipp6qne","id":"havij4e7ipp6qne"},"id":"c63xtfgjmqgaqqx","previousOperationId":"syycej3arc8fwmi"}
{"type":"operationEnd","subtype":"render","operationId":"h0xc5brohitkf6b","timestamp":1744374771219,"id":"hxuxv5yfgqlylgt","previousEventId":"qo83fzgj837prmp","previousOperationId":"syycej3arc8fwmi"}
{"type":"operationEnd","doDiffs":false,"previousEventId":"xq7bkt9c1totmcd","previousOperationId":"1srqenk3ora2md6","operationId":"1srqenk3ora2md6","timestamp":1744374771223,"id":"9s0jln0q8do3b1d"}
