{"type":"operationStart","subtype":"profile","data":{"_id":"7vhjzNS7uA3bcuAH","timestamp":"2025-04-10T10:12:10.852Z","state":"queued","mode":"standard","creationDate":"2025-04-10T10:12:10.856Z","modificationDate":"2025-04-10T10:12:10.856Z","shortid":"_kpHKvT","$entitySet":"profiles"},"doDiffs":false,"timestamp":1744279930853,"id":"h6z23zrg61ngr1w","previousOperationId":null,"operationId":"6s16cqotfycnesv"}
{"type":"log","level":"info","message":"Render request 7 queued for execution and waiting for available worker","previousOperationId":"6s16cqotfycnesv","timestamp":1744279930853,"id":"5wqtb8817zoh4lw"}
{"type":"operationStart","subtype":"render","name":"myTemplate","previousOperationId":"6s16cqotfycnesv","timestamp":1744279930879,"id":"0203sul275gjkaa","previousEventId":"h6z23zrg61ngr1w","operationId":"oexci5jjace1dzg"}
{"type":"log","timestamp":1744279930879,"level":"info","message":"Starting rendering request 7","meta":{"rootId":"hgve7yknaw0uxb0","id":"hgve7yknaw0uxb0"},"id":"8odhmd01wntm4b5","previousOperationId":"oexci5jjace1dzg"}
{"type":"log","timestamp":1744279930879,"level":"info","message":"Rendering template { name: myTemplate, recipe: chrome-pdf, engine: handlebars, preview: true }","meta":{"rootId":"hgve7yknaw0uxb0","id":"hgve7yknaw0uxb0"},"id":"hjokomxrtx6tvet","previousOperationId":"oexci5jjace1dzg"}
{"type":"log","timestamp":1744279930881,"level":"debug","message":"Adding sample data HUavgV0Kc","meta":{"rootId":"hgve7yknaw0uxb0","id":"hgve7yknaw0uxb0"},"id":"ouwwgheihv0vjr4","previousOperationId":"oexci5jjace1dzg"}
{"type":"log","timestamp":1744279930883,"level":"debug","message":"Base url not specified, skipping its injection.","meta":{"rootId":"hgve7yknaw0uxb0","id":"hgve7yknaw0uxb0"},"id":"60ygbjmrztnf03i","previousOperationId":"oexci5jjace1dzg"}
{"type":"operationStart","subtype":"engine","name":"handlebars","timestamp":1744279930883,"id":"ptumhqy3mchwu9w","previousEventId":"0203sul275gjkaa","operationId":"r0tdkbzaqtgfpqn","previousOperationId":"oexci5jjace1dzg"}
{"type":"log","timestamp":1744279930884,"level":"debug","message":"Rendering engine handlebars","meta":{"rootId":"hgve7yknaw0uxb0","id":"hgve7yknaw0uxb0"},"id":"a1m0qklvfrnzn7s","previousOperationId":"r0tdkbzaqtgfpqn"}
{"type":"operationEnd","operationId":"r0tdkbzaqtgfpqn","timestamp":1744279930904,"id":"o292ajq5lvsmcrf","previousEventId":"ptumhqy3mchwu9w","previousOperationId":"r0tdkbzaqtgfpqn"}
{"type":"operationStart","subtype":"recipe","name":"chrome-pdf","timestamp":1744279930905,"id":"yyp1451489vrnpu","previousEventId":"o292ajq5lvsmcrf","operationId":"09zqj7uszln7r13","previousOperationId":"r0tdkbzaqtgfpqn"}
{"type":"log","timestamp":1744279930905,"level":"debug","message":"Executing recipe chrome-pdf","meta":{"rootId":"hgve7yknaw0uxb0","id":"hgve7yknaw0uxb0"},"id":"s3neeprlk90r5v7","previousOperationId":"09zqj7uszln7r13"}
{"type":"log","timestamp":1744279930911,"level":"debug","message":"Converting with chrome Chrome/133.0.6943.126 using chrome-pool strategy","meta":{"rootId":"hgve7yknaw0uxb0","id":"hgve7yknaw0uxb0"},"id":"3uvcfc2yvn6t3i5","previousOperationId":"09zqj7uszln7r13"}
{"type":"log","timestamp":1744279931033,"level":"debug","message":"Page request: GET (document) file:///C:/Users/Patheo24/AppData/Local/Temp/jsreport/autocleanup/c6edb4db-3826-4eee-9a2e-db208e5e89b8-chrome-pdf.html","meta":{"rootId":"hgve7yknaw0uxb0","id":"hgve7yknaw0uxb0"},"id":"ldlpbcfpd6klonn","previousOperationId":"09zqj7uszln7r13"}
{"type":"log","timestamp":1744279931077,"level":"debug","message":"Page request finished: GET (document) 200 file:///C:/Users/Patheo24/AppData/Local/Temp/jsreport/autocleanup/c6edb4db-3826-4eee-9a2e-db208e5e89b8-chrome-pdf.html","meta":{"rootId":"hgve7yknaw0uxb0","id":"hgve7yknaw0uxb0"},"id":"ip71m4zfog2rkg9","previousOperationId":"09zqj7uszln7r13"}
{"type":"log","timestamp":1744279931086,"level":"debug","message":"Page request: GET (image) https://res.cloudinary.com/dpes1dyqb/image/upload/v1738768933/logo_myycxt.jpg","meta":{"rootId":"hgve7yknaw0uxb0","id":"hgve7yknaw0uxb0"},"id":"fsc364ftxieunm4","previousOperationId":"09zqj7uszln7r13"}
{"type":"log","timestamp":1744279931087,"level":"debug","message":"(console:info) Slow network is detected. See https://www.chromestatus.com/feature/5636954674692096 for more details. Fallback font will be used while loading: http://localhost:5488/fonts/kalpurush.ttf","meta":{"userLevel":true,"rootId":"hgve7yknaw0uxb0","id":"hgve7yknaw0uxb0"},"id":"7xxx0zis7aqsnsf","previousOperationId":"09zqj7uszln7r13"}
{"type":"log","timestamp":1744279931088,"level":"debug","message":"Page request: GET (font) http://localhost:5488/fonts/kalpurush.ttf","meta":{"rootId":"hgve7yknaw0uxb0","id":"hgve7yknaw0uxb0"},"id":"tlsoxns9ncngulp","previousOperationId":"09zqj7uszln7r13"}
{"type":"log","timestamp":1744279931179,"level":"debug","message":"Page request finished: GET (image) 200 https://res.cloudinary.com/dpes1dyqb/image/upload/v1738768933/logo_myycxt.jpg","meta":{"rootId":"hgve7yknaw0uxb0","id":"hgve7yknaw0uxb0"},"id":"sfwsfth9syow7x8","previousOperationId":"09zqj7uszln7r13"}
{"type":"log","timestamp":1744279931179,"level":"debug","message":"Page request: GET (font) http://localhost:5488/fonts/kalpurush.ttf","meta":{"rootId":"hgve7yknaw0uxb0","id":"hgve7yknaw0uxb0"},"id":"vkhavkuflhglbdb","previousOperationId":"09zqj7uszln7r13"}
{"type":"log","timestamp":1744279931216,"level":"debug","message":"(console:error) Failed to load resource: the server responded with a status of 404 (Not Found)","meta":{"userLevel":true,"rootId":"hgve7yknaw0uxb0","id":"hgve7yknaw0uxb0"},"id":"0p38tqxs1jm60gl","previousOperationId":"09zqj7uszln7r13"}
{"type":"log","timestamp":1744279931216,"level":"warn","message":"Page request failed: GET (font) http://localhost:5488/fonts/kalpurush.ttf, failure: net::ERR_ABORTED","meta":{"rootId":"hgve7yknaw0uxb0","id":"hgve7yknaw0uxb0"},"id":"1vbr2a6cal59csh","previousOperationId":"09zqj7uszln7r13"}
{"type":"log","timestamp":1744279931236,"level":"debug","message":"Running chrome with params {\"printBackground\":true,\"format\":\"A5\",\"marginRight\":\"\",\"height\":\"\",\"marginTop\":\"\",\"marginBottom\":\"\",\"marginLeft\":\"\",\"displayHeaderFooter\":true,\"width\":\"\",\"timeout\":59942,\"margin\":{\"top\":\"\",\"right\":\"\",\"bottom\":\"\",\"left\":\"\"}}","meta":{"rootId":"hgve7yknaw0uxb0","id":"hgve7yknaw0uxb0"},"id":"x688ntntzi32qvt","previousOperationId":"09zqj7uszln7r13"}
{"type":"operationEnd","operationId":"09zqj7uszln7r13","timestamp":1744279931629,"id":"cj1p0ttxj74srx6","previousEventId":"yyp1451489vrnpu","previousOperationId":"09zqj7uszln7r13"}
{"type":"log","timestamp":1744279931629,"level":"debug","message":"Skipping storing report.","meta":{"rootId":"hgve7yknaw0uxb0","id":"hgve7yknaw0uxb0"},"id":"ajo0sjaphcy73s4","previousOperationId":"09zqj7uszln7r13"}
{"type":"log","timestamp":1744279931629,"level":"info","message":"Rendering request 7 finished in 778 ms","meta":{"rootId":"hgve7yknaw0uxb0","id":"hgve7yknaw0uxb0"},"id":"2d0x8jq0c7kden0","previousOperationId":"09zqj7uszln7r13"}
{"type":"operationEnd","subtype":"render","operationId":"oexci5jjace1dzg","timestamp":1744279931629,"id":"12t0np84bwffaev","previousEventId":"cj1p0ttxj74srx6","previousOperationId":"09zqj7uszln7r13"}
{"type":"operationEnd","doDiffs":false,"previousEventId":"h6z23zrg61ngr1w","previousOperationId":"6s16cqotfycnesv","operationId":"6s16cqotfycnesv","timestamp":1744279931635,"id":"nn45c34ysyt2qcj"}
