{"type":"operationStart","subtype":"profile","data":{"_id":"h8xatKfzLgHMn3OA","timestamp":"2025-04-10T12:27:20.143Z","state":"running","mode":"standard","creationDate":"2025-04-10T12:27:20.148Z","modificationDate":"2025-04-10T12:27:20.148Z","shortid":"2NTTNw9","$entitySet":"profiles","timeout":60000,"templateShortid":"2tjN-EB9Yu"},"doDiffs":false,"timestamp":1744288040146,"id":"ar2oi5230y8m6dv","previousOperationId":null,"operationId":"i4opfakrppmml87"}
{"type":"log","level":"info","message":"Render request 1 queued for execution and waiting for available worker","previousOperationId":"i4opfakrppmml87","timestamp":1744288040146,"id":"ap2rutul15lkrha"}
{"type":"operationStart","subtype":"render","name":"myTemplate","previousOperationId":"i4opfakrppmml87","timestamp":1744288040198,"id":"wz189zxbugidogv","previousEventId":"ar2oi5230y8m6dv","operationId":"4celtjuny34nok1"}
{"type":"log","timestamp":1744288040200,"level":"info","message":"Starting rendering request 1","meta":{"rootId":"hh9gmg87hb98nx0","id":"hh9gmg87hb98nx0"},"id":"670lg3k3eoiptwm","previousOperationId":"4celtjuny34nok1"}
{"type":"log","timestamp":1744288040203,"level":"info","message":"Rendering template { name: myTemplate, recipe: chrome-pdf, engine: handlebars, preview: false }","meta":{"rootId":"hh9gmg87hb98nx0","id":"hh9gmg87hb98nx0"},"id":"xpp7tweywke315o","previousOperationId":"4celtjuny34nok1"}
{"type":"log","timestamp":1744288040206,"level":"debug","message":"Inline data specified.","meta":{"rootId":"hh9gmg87hb98nx0","id":"hh9gmg87hb98nx0"},"id":"iuzo7g9zae2c21c","previousOperationId":"4celtjuny34nok1"}
{"type":"log","timestamp":1744288040211,"level":"debug","message":"Base url not specified, skipping its injection.","meta":{"rootId":"hh9gmg87hb98nx0","id":"hh9gmg87hb98nx0"},"id":"6rq40rehktwq9wx","previousOperationId":"4celtjuny34nok1"}
{"type":"operationStart","subtype":"engine","name":"handlebars","timestamp":1744288040212,"id":"16eba2udxksyow1","previousEventId":"wz189zxbugidogv","operationId":"6bw265jmp9amblb","previousOperationId":"4celtjuny34nok1"}
{"type":"log","timestamp":1744288040212,"level":"debug","message":"Rendering engine handlebars","meta":{"rootId":"hh9gmg87hb98nx0","id":"hh9gmg87hb98nx0"},"id":"bg665h6op14ul1y","previousOperationId":"6bw265jmp9amblb"}
{"type":"operationEnd","operationId":"6bw265jmp9amblb","timestamp":1744288040933,"id":"5t72tq28mmoqcbe","previousEventId":"16eba2udxksyow1","previousOperationId":"6bw265jmp9amblb"}
{"type":"operationStart","subtype":"recipe","name":"chrome-pdf","timestamp":1744288040937,"id":"bubfmsv15hvviyr","previousEventId":"5t72tq28mmoqcbe","operationId":"y0qvkm3o0umw05p","previousOperationId":"6bw265jmp9amblb"}
{"type":"log","timestamp":1744288040937,"level":"debug","message":"Executing recipe chrome-pdf","meta":{"rootId":"hh9gmg87hb98nx0","id":"hh9gmg87hb98nx0"},"id":"xnjadx8oi13ywh1","previousOperationId":"y0qvkm3o0umw05p"}
{"type":"log","timestamp":1744288041786,"level":"debug","message":"Converting with chrome Chrome/133.0.6943.126 using chrome-pool strategy","meta":{"rootId":"hh9gmg87hb98nx0","id":"hh9gmg87hb98nx0"},"id":"e1j3nm5bm7gutp5","previousOperationId":"y0qvkm3o0umw05p"}
{"type":"log","timestamp":1744288041876,"level":"debug","message":"Page request: GET (document) file:///C:/Users/Patheo24/AppData/Local/Temp/jsreport/autocleanup/805bbe89-3fdb-494a-8f13-dbc0501aa8d2-chrome-pdf.html","meta":{"rootId":"hh9gmg87hb98nx0","id":"hh9gmg87hb98nx0"},"id":"pv7o4omqt43l1fr","previousOperationId":"y0qvkm3o0umw05p"}
{"type":"log","timestamp":1744288041909,"level":"debug","message":"Page request finished: GET (document) 200 file:///C:/Users/Patheo24/AppData/Local/Temp/jsreport/autocleanup/805bbe89-3fdb-494a-8f13-dbc0501aa8d2-chrome-pdf.html","meta":{"rootId":"hh9gmg87hb98nx0","id":"hh9gmg87hb98nx0"},"id":"kobrxp2jf6m4fye","previousOperationId":"y0qvkm3o0umw05p"}
{"type":"log","timestamp":1744288041910,"level":"debug","message":"Page request: GET (font) http://localhost:5488/fonts/kalpurush.ttf","meta":{"rootId":"hh9gmg87hb98nx0","id":"hh9gmg87hb98nx0"},"id":"geufagmbb7c2a3a","previousOperationId":"y0qvkm3o0umw05p"}
{"type":"log","timestamp":1744288041911,"level":"debug","message":"Page request: GET (image) https://res.cloudinary.com/dpes1dyqb/image/upload/v1738768933/logo_myycxt.jpg","meta":{"rootId":"hh9gmg87hb98nx0","id":"hh9gmg87hb98nx0"},"id":"d4mvdass64g6r3x","previousOperationId":"y0qvkm3o0umw05p"}
{"type":"log","timestamp":1744288041929,"level":"debug","message":"Page request: GET (font) http://localhost:5488/fonts/kalpurush.ttf","meta":{"rootId":"hh9gmg87hb98nx0","id":"hh9gmg87hb98nx0"},"id":"djdgeq9geaertmj","previousOperationId":"y0qvkm3o0umw05p"}
{"type":"log","timestamp":1744288042005,"level":"debug","message":"(console:error) Failed to load resource: the server responded with a status of 404 (Not Found)","meta":{"userLevel":true,"rootId":"hh9gmg87hb98nx0","id":"hh9gmg87hb98nx0"},"id":"rtmjh2lbf1lnz6c","previousOperationId":"y0qvkm3o0umw05p"}
{"type":"log","timestamp":1744288042006,"level":"warn","message":"Page request failed: GET (font) http://localhost:5488/fonts/kalpurush.ttf, failure: net::ERR_ABORTED","meta":{"rootId":"hh9gmg87hb98nx0","id":"hh9gmg87hb98nx0"},"id":"93hwqzwrah1pync","previousOperationId":"y0qvkm3o0umw05p"}
{"type":"log","timestamp":1744288042191,"level":"debug","message":"Page request finished: GET (image) 200 https://res.cloudinary.com/dpes1dyqb/image/upload/v1738768933/logo_myycxt.jpg","meta":{"rootId":"hh9gmg87hb98nx0","id":"hh9gmg87hb98nx0"},"id":"m1pp3x51lfgqmfb","previousOperationId":"y0qvkm3o0umw05p"}
{"type":"log","timestamp":1744288042193,"level":"debug","message":"Running chrome with params {\"printBackground\":true,\"format\":\"A5\",\"marginRight\":\"\",\"height\":\"\",\"marginTop\":\"\",\"marginBottom\":\"\",\"marginLeft\":\"\",\"displayHeaderFooter\":true,\"width\":\"\",\"timeout\":58791,\"margin\":{\"top\":\"\",\"right\":\"\",\"bottom\":\"\",\"left\":\"\"}}","meta":{"rootId":"hh9gmg87hb98nx0","id":"hh9gmg87hb98nx0"},"id":"a6kr8sdy13v502f","previousOperationId":"y0qvkm3o0umw05p"}
{"type":"operationEnd","operationId":"y0qvkm3o0umw05p","timestamp":1744288042542,"id":"kdzpsx0h9tmz9qx","previousEventId":"bubfmsv15hvviyr","previousOperationId":"y0qvkm3o0umw05p"}
{"type":"log","timestamp":1744288042543,"level":"debug","message":"Skipping storing report.","meta":{"rootId":"hh9gmg87hb98nx0","id":"hh9gmg87hb98nx0"},"id":"xyu94hsgcbfawm6","previousOperationId":"y0qvkm3o0umw05p"}
{"type":"log","timestamp":1744288042543,"level":"info","message":"Rendering request 1 finished in 2403 ms","meta":{"rootId":"hh9gmg87hb98nx0","id":"hh9gmg87hb98nx0"},"id":"xnn6n6fketlirbq","previousOperationId":"y0qvkm3o0umw05p"}
{"type":"operationEnd","subtype":"render","operationId":"4celtjuny34nok1","timestamp":1744288042543,"id":"dqpm5gy043442bk","previousEventId":"kdzpsx0h9tmz9qx","previousOperationId":"y0qvkm3o0umw05p"}
{"type":"operationEnd","doDiffs":false,"previousEventId":"ar2oi5230y8m6dv","previousOperationId":"i4opfakrppmml87","operationId":"i4opfakrppmml87","timestamp":1744288042545,"id":"l3m475k2w5k1f1n"}
