{"type":"operationStart","subtype":"profile","data":{"_id":"nFZw05JbQgAEJpn3","timestamp":"2025-04-09T14:59:58.534Z","state":"queued","mode":"standard","creationDate":"2025-04-09T14:59:58.535Z","modificationDate":"2025-04-09T14:59:58.535Z","shortid":"WQ-I9j1","$entitySet":"profiles"},"doDiffs":false,"timestamp":1744210798535,"id":"le31dxdkkukqxw8","previousOperationId":null,"operationId":"bejwha33la818rd"}
{"type":"log","level":"info","message":"Render request 9 queued for execution and waiting for available worker","previousOperationId":"bejwha33la818rd","timestamp":1744210798535,"id":"27izj055gjz2mu7"}
{"type":"operationStart","subtype":"render","name":"myTemplate","previousOperationId":"bejwha33la818rd","timestamp":1744210798550,"id":"yntf1pol5g9xjti","previousEventId":"le31dxdkkukqxw8","operationId":"2eqi8074lo69g3x"}
{"type":"log","timestamp":1744210798550,"level":"info","message":"Starting rendering request 9","meta":{"rootId":"hkzy5ozt7rsx808","id":"hkzy5ozt7rsx808"},"id":"x1x5ar2kowy235p","previousOperationId":"2eqi8074lo69g3x"}
{"type":"log","timestamp":1744210798550,"level":"info","message":"Rendering template { name: myTemplate, recipe: chrome-pdf, engine: handlebars, preview: true }","meta":{"rootId":"hkzy5ozt7rsx808","id":"hkzy5ozt7rsx808"},"id":"z6czsmw668xcn1u","previousOperationId":"2eqi8074lo69g3x"}
{"type":"log","timestamp":1744210798551,"level":"debug","message":"Inline data specified.","meta":{"rootId":"hkzy5ozt7rsx808","id":"hkzy5ozt7rsx808"},"id":"5z9mxdfrzwhvgr7","previousOperationId":"2eqi8074lo69g3x"}
{"type":"log","timestamp":1744210798552,"level":"debug","message":"Base url not specified, skipping its injection.","meta":{"rootId":"hkzy5ozt7rsx808","id":"hkzy5ozt7rsx808"},"id":"hspx9k3r313kgk3","previousOperationId":"2eqi8074lo69g3x"}
{"type":"operationStart","subtype":"engine","name":"handlebars","timestamp":1744210798552,"id":"4gh5dh81dxqmc5a","previousEventId":"yntf1pol5g9xjti","operationId":"9hf0tkxvynydfz4","previousOperationId":"2eqi8074lo69g3x"}
{"type":"log","timestamp":1744210798552,"level":"debug","message":"Rendering engine handlebars","meta":{"rootId":"hkzy5ozt7rsx808","id":"hkzy5ozt7rsx808"},"id":"0e38y2ats1902gs","previousOperationId":"9hf0tkxvynydfz4"}
{"type":"operationEnd","operationId":"9hf0tkxvynydfz4","timestamp":1744210798576,"id":"yd308anqbo9ek5v","previousEventId":"4gh5dh81dxqmc5a","previousOperationId":"9hf0tkxvynydfz4"}
{"type":"operationStart","subtype":"recipe","name":"chrome-pdf","timestamp":1744210798576,"id":"ftb682rzg57f3l0","previousEventId":"yd308anqbo9ek5v","operationId":"53mbwadwboez3u1","previousOperationId":"9hf0tkxvynydfz4"}
{"type":"log","timestamp":1744210798576,"level":"debug","message":"Executing recipe chrome-pdf","meta":{"rootId":"hkzy5ozt7rsx808","id":"hkzy5ozt7rsx808"},"id":"4xm8cx1csoceakq","previousOperationId":"53mbwadwboez3u1"}
{"type":"log","timestamp":1744210798582,"level":"debug","message":"Converting with chrome Chrome/133.0.6943.126 using chrome-pool strategy","meta":{"rootId":"hkzy5ozt7rsx808","id":"hkzy5ozt7rsx808"},"id":"wdp8gegjan6oqur","previousOperationId":"53mbwadwboez3u1"}
{"type":"log","timestamp":1744210798658,"level":"debug","message":"Page request: GET (document) file:///C:/Users/Patheo24/AppData/Local/Temp/jsreport/autocleanup/0a70e23f-28d2-4885-a29e-a206818938cb-chrome-pdf.html","meta":{"rootId":"hkzy5ozt7rsx808","id":"hkzy5ozt7rsx808"},"id":"cb4vtgxyhms90qj","previousOperationId":"53mbwadwboez3u1"}
{"type":"log","timestamp":1744210798683,"level":"debug","message":"Page request finished: GET (document) 200 file:///C:/Users/Patheo24/AppData/Local/Temp/jsreport/autocleanup/0a70e23f-28d2-4885-a29e-a206818938cb-chrome-pdf.html","meta":{"rootId":"hkzy5ozt7rsx808","id":"hkzy5ozt7rsx808"},"id":"x71lxj2hse8wb46","previousOperationId":"53mbwadwboez3u1"}
{"type":"log","timestamp":1744210798691,"level":"debug","message":"Page request: GET (image) https://res.cloudinary.com/dpes1dyqb/image/upload/v1738768933/logo_myycxt.jpg","meta":{"rootId":"hkzy5ozt7rsx808","id":"hkzy5ozt7rsx808"},"id":"be6doy7mzmh5791","previousOperationId":"53mbwadwboez3u1"}
{"type":"log","timestamp":1744210798692,"level":"debug","message":"(console:info) Slow network is detected. See https://www.chromestatus.com/feature/5636954674692096 for more details. Fallback font will be used while loading: http://localhost:5488/fonts/kalpurush.ttf","meta":{"userLevel":true,"rootId":"hkzy5ozt7rsx808","id":"hkzy5ozt7rsx808"},"id":"5d5eqfun6xunwb4","previousOperationId":"53mbwadwboez3u1"}
{"type":"log","timestamp":1744210798693,"level":"debug","message":"Page request: GET (font) http://localhost:5488/fonts/kalpurush.ttf","meta":{"rootId":"hkzy5ozt7rsx808","id":"hkzy5ozt7rsx808"},"id":"432stwboifmjf1f","previousOperationId":"53mbwadwboez3u1"}
{"type":"log","timestamp":1744210798699,"level":"debug","message":"Page request: GET (font) http://localhost:5488/fonts/kalpurush.ttf","meta":{"rootId":"hkzy5ozt7rsx808","id":"hkzy5ozt7rsx808"},"id":"3oezcn6d5292nda","previousOperationId":"53mbwadwboez3u1"}
{"type":"log","timestamp":1744210798754,"level":"debug","message":"Page request finished: GET (image) 200 https://res.cloudinary.com/dpes1dyqb/image/upload/v1738768933/logo_myycxt.jpg","meta":{"rootId":"hkzy5ozt7rsx808","id":"hkzy5ozt7rsx808"},"id":"s63l4w4rjlo0fbk","previousOperationId":"53mbwadwboez3u1"}
{"type":"log","timestamp":1744210798755,"level":"debug","message":"(console:error) Failed to load resource: the server responded with a status of 404 (Not Found)","meta":{"userLevel":true,"rootId":"hkzy5ozt7rsx808","id":"hkzy5ozt7rsx808"},"id":"flq1x8eik8nsy49","previousOperationId":"53mbwadwboez3u1"}
{"type":"log","timestamp":1744210798755,"level":"warn","message":"Page request failed: GET (font) http://localhost:5488/fonts/kalpurush.ttf, failure: net::ERR_ABORTED","meta":{"rootId":"hkzy5ozt7rsx808","id":"hkzy5ozt7rsx808"},"id":"y1amybhk0yu70st","previousOperationId":"53mbwadwboez3u1"}
{"type":"log","timestamp":1744210798765,"level":"debug","message":"Running chrome with params {\"printBackground\":true,\"format\":\"A5\",\"marginRight\":\"\",\"height\":\"\",\"marginTop\":\"\",\"marginBottom\":\"\",\"marginLeft\":\"\",\"displayHeaderFooter\":true,\"width\":\"\",\"timeout\":59953,\"margin\":{\"top\":\"\",\"right\":\"\",\"bottom\":\"\",\"left\":\"\"}}","meta":{"rootId":"hkzy5ozt7rsx808","id":"hkzy5ozt7rsx808"},"id":"8w6cjpu05zezico","previousOperationId":"53mbwadwboez3u1"}
{"type":"operationEnd","operationId":"53mbwadwboez3u1","timestamp":1744210799118,"id":"kqn76mvrwlmnkny","previousEventId":"ftb682rzg57f3l0","previousOperationId":"53mbwadwboez3u1"}
{"type":"log","timestamp":1744210799118,"level":"debug","message":"Skipping storing report.","meta":{"rootId":"hkzy5ozt7rsx808","id":"hkzy5ozt7rsx808"},"id":"nu9d0ph71s3cwgj","previousOperationId":"53mbwadwboez3u1"}
{"type":"log","timestamp":1744210799118,"level":"info","message":"Rendering request 9 finished in 585 ms","meta":{"rootId":"hkzy5ozt7rsx808","id":"hkzy5ozt7rsx808"},"id":"t6266410ull0bki","previousOperationId":"53mbwadwboez3u1"}
{"type":"operationEnd","subtype":"render","operationId":"2eqi8074lo69g3x","timestamp":1744210799118,"id":"9e4saek08dlylcd","previousEventId":"kqn76mvrwlmnkny","previousOperationId":"53mbwadwboez3u1"}
{"type":"operationEnd","doDiffs":false,"previousEventId":"le31dxdkkukqxw8","previousOperationId":"bejwha33la818rd","operationId":"bejwha33la818rd","timestamp":1744210799127,"id":"1nomyfx8wrcou8f"}
