{"type":"operationStart","subtype":"profile","data":{"_id":"7fERwAo7QQEoDtyY","timestamp":"2025-04-10T13:15:51.963Z","state":"queued","mode":"standard","creationDate":"2025-04-10T13:15:51.965Z","modificationDate":"2025-04-10T13:15:51.965Z","shortid":"EGLcpyj","$entitySet":"profiles"},"doDiffs":false,"timestamp":1744290951964,"id":"knrximlmps0a16y","previousOperationId":null,"operationId":"cz3v19h7p1wun73"}
{"type":"log","level":"info","message":"Render request 17 queued for execution and waiting for available worker","previousOperationId":"cz3v19h7p1wun73","timestamp":1744290951964,"id":"7umg8ssac5w6xjf"}
{"type":"operationStart","subtype":"render","name":"myTemplate","previousOperationId":"cz3v19h7p1wun73","timestamp":1744290951981,"id":"gcl1h3f7g8sj6fa","previousEventId":"knrximlmps0a16y","operationId":"wgds2sonnu8qmfe"}
{"type":"log","timestamp":1744290951981,"level":"info","message":"Starting rendering request 17","meta":{"rootId":"hlaiszruiwfowok","id":"hlaiszruiwfowok"},"id":"jxxef69unn64doh","previousOperationId":"wgds2sonnu8qmfe"}
{"type":"log","timestamp":1744290951981,"level":"info","message":"Rendering template { name: myTemplate, recipe: chrome-pdf, engine: handlebars, preview: true }","meta":{"rootId":"hlaiszruiwfowok","id":"hlaiszruiwfowok"},"id":"9gw0ivhsbd21kcb","previousOperationId":"wgds2sonnu8qmfe"}
{"type":"log","timestamp":1744290951982,"level":"debug","message":"Adding sample data HUavgV0Kc","meta":{"rootId":"hlaiszruiwfowok","id":"hlaiszruiwfowok"},"id":"suogkxdisgohrif","previousOperationId":"wgds2sonnu8qmfe"}
{"type":"log","timestamp":1744290951985,"level":"debug","message":"Base url not specified, skipping its injection.","meta":{"rootId":"hlaiszruiwfowok","id":"hlaiszruiwfowok"},"id":"y9h9lt8hbi4hhgv","previousOperationId":"wgds2sonnu8qmfe"}
{"type":"operationStart","subtype":"engine","name":"handlebars","timestamp":1744290951985,"id":"zrali60vx9bt1bw","previousEventId":"gcl1h3f7g8sj6fa","operationId":"6k2xldi1gmw5v23","previousOperationId":"wgds2sonnu8qmfe"}
{"type":"log","timestamp":1744290951985,"level":"debug","message":"Rendering engine handlebars","meta":{"rootId":"hlaiszruiwfowok","id":"hlaiszruiwfowok"},"id":"ckao5e7157nxmpq","previousOperationId":"6k2xldi1gmw5v23"}
{"type":"operationEnd","operationId":"6k2xldi1gmw5v23","timestamp":1744290952012,"id":"au6xlah4xoy8tek","previousEventId":"zrali60vx9bt1bw","previousOperationId":"6k2xldi1gmw5v23"}
{"type":"operationStart","subtype":"recipe","name":"chrome-pdf","timestamp":1744290952013,"id":"i5amxewep008esv","previousEventId":"au6xlah4xoy8tek","operationId":"wb44oofkvqdoei0","previousOperationId":"6k2xldi1gmw5v23"}
{"type":"log","timestamp":1744290952013,"level":"debug","message":"Executing recipe chrome-pdf","meta":{"rootId":"hlaiszruiwfowok","id":"hlaiszruiwfowok"},"id":"ttjp5losdcgpr7k","previousOperationId":"wb44oofkvqdoei0"}
{"type":"log","timestamp":1744290952016,"level":"debug","message":"Converting with chrome Chrome/133.0.6943.126 using chrome-pool strategy","meta":{"rootId":"hlaiszruiwfowok","id":"hlaiszruiwfowok"},"id":"li3cwiw7oqy6to5","previousOperationId":"wb44oofkvqdoei0"}
{"type":"log","timestamp":1744290952087,"level":"debug","message":"Page request: GET (document) file:///C:/Users/Patheo24/AppData/Local/Temp/jsreport/autocleanup/96545e9c-3728-44c5-9b35-eac27f633ba8-chrome-pdf.html","meta":{"rootId":"hlaiszruiwfowok","id":"hlaiszruiwfowok"},"id":"m6me0jmn32puhsa","previousOperationId":"wb44oofkvqdoei0"}
{"type":"log","timestamp":1744290952105,"level":"debug","message":"Page request finished: GET (document) 200 file:///C:/Users/Patheo24/AppData/Local/Temp/jsreport/autocleanup/96545e9c-3728-44c5-9b35-eac27f633ba8-chrome-pdf.html","meta":{"rootId":"hlaiszruiwfowok","id":"hlaiszruiwfowok"},"id":"zx7ef3gza2cjt9c","previousOperationId":"wb44oofkvqdoei0"}
{"type":"log","timestamp":1744290952105,"level":"debug","message":"Page request: GET (image) https://res.cloudinary.com/dpes1dyqb/image/upload/v1738768933/logo_myycxt.jpg","meta":{"rootId":"hlaiszruiwfowok","id":"hlaiszruiwfowok"},"id":"w6snll10rxwhusy","previousOperationId":"wb44oofkvqdoei0"}
{"type":"log","timestamp":1744290952107,"level":"debug","message":"Page request: GET (font) http://localhost:5488/fonts/kalpurush.ttf","meta":{"rootId":"hlaiszruiwfowok","id":"hlaiszruiwfowok"},"id":"zsbgg63jbryrofq","previousOperationId":"wb44oofkvqdoei0"}
{"type":"log","timestamp":1744290952164,"level":"debug","message":"Page request: GET (font) http://localhost:5488/fonts/kalpurush.ttf","meta":{"rootId":"hlaiszruiwfowok","id":"hlaiszruiwfowok"},"id":"f5rjt54ckm6njb8","previousOperationId":"wb44oofkvqdoei0"}
{"type":"log","timestamp":1744290952166,"level":"debug","message":"Page request finished: GET (image) 200 https://res.cloudinary.com/dpes1dyqb/image/upload/v1738768933/logo_myycxt.jpg","meta":{"rootId":"hlaiszruiwfowok","id":"hlaiszruiwfowok"},"id":"qrkupvzi64yy89n","previousOperationId":"wb44oofkvqdoei0"}
{"type":"log","timestamp":1744290952178,"level":"debug","message":"(console:error) Failed to load resource: the server responded with a status of 404 (Not Found)","meta":{"userLevel":true,"rootId":"hlaiszruiwfowok","id":"hlaiszruiwfowok"},"id":"n3yr1ekkg6zedti","previousOperationId":"wb44oofkvqdoei0"}
{"type":"log","timestamp":1744290952179,"level":"warn","message":"Page request failed: GET (font) http://localhost:5488/fonts/kalpurush.ttf, failure: net::ERR_ABORTED","meta":{"rootId":"hlaiszruiwfowok","id":"hlaiszruiwfowok"},"id":"8ifrwex99ckv6sx","previousOperationId":"wb44oofkvqdoei0"}
{"type":"log","timestamp":1744290952187,"level":"debug","message":"Running chrome with params {\"printBackground\":true,\"format\":\"A5\",\"marginRight\":\"\",\"height\":\"\",\"marginTop\":\"\",\"marginBottom\":\"\",\"marginLeft\":\"\",\"displayHeaderFooter\":true,\"width\":\"\",\"timeout\":59948,\"margin\":{\"top\":\"\",\"right\":\"\",\"bottom\":\"\",\"left\":\"\"}}","meta":{"rootId":"hlaiszruiwfowok","id":"hlaiszruiwfowok"},"id":"p3qkpn4c1yfib1k","previousOperationId":"wb44oofkvqdoei0"}
{"type":"operationEnd","operationId":"wb44oofkvqdoei0","timestamp":1744290952549,"id":"qdix97sqk7r6am9","previousEventId":"i5amxewep008esv","previousOperationId":"wb44oofkvqdoei0"}
{"type":"log","timestamp":1744290952549,"level":"debug","message":"Skipping storing report.","meta":{"rootId":"hlaiszruiwfowok","id":"hlaiszruiwfowok"},"id":"9vly4dmclpgys9z","previousOperationId":"wb44oofkvqdoei0"}
{"type":"log","timestamp":1744290952549,"level":"info","message":"Rendering request 17 finished in 586 ms","meta":{"rootId":"hlaiszruiwfowok","id":"hlaiszruiwfowok"},"id":"8lyb2wvd59z95zw","previousOperationId":"wb44oofkvqdoei0"}
{"type":"operationEnd","subtype":"render","operationId":"wgds2sonnu8qmfe","timestamp":1744290952549,"id":"48nvgl6sequtqii","previousEventId":"qdix97sqk7r6am9","previousOperationId":"wb44oofkvqdoei0"}
{"type":"operationEnd","doDiffs":false,"previousEventId":"knrximlmps0a16y","previousOperationId":"cz3v19h7p1wun73","operationId":"cz3v19h7p1wun73","timestamp":1744290952554,"id":"duen0rbt21eowtz"}
