{"type":"operationStart","subtype":"profile","data":{"_id":"BxuRG2LlgszxLnJg","timestamp":"2025-04-09T14:11:42.777Z","state":"queued","mode":"standard","creationDate":"2025-04-09T14:11:42.779Z","modificationDate":"2025-04-09T14:11:42.779Z","shortid":"8lcOrWS","$entitySet":"profiles"},"doDiffs":false,"timestamp":1744207902778,"id":"8nnd9or8u8ns8cq","previousOperationId":null,"operationId":"gawilaoz4b7c9n7"}
{"type":"log","level":"info","message":"Render request 76 queued for execution and waiting for available worker","previousOperationId":"gawilaoz4b7c9n7","timestamp":1744207902778,"id":"bd8wzel7acr7m3s"}
{"type":"operationStart","subtype":"render","name":"myTemplate","previousOperationId":"gawilaoz4b7c9n7","timestamp":1744207902789,"id":"4d65dg0bx6gbhd9","previousEventId":"8nnd9or8u8ns8cq","operationId":"eoycai9a00ixlg4"}
{"type":"log","timestamp":1744207902790,"level":"info","message":"Starting rendering request 76","meta":{"rootId":"hn9yzxj6mskcf22","id":"hn9yzxj6mskcf22"},"id":"pac7eh5bbt0l573","previousOperationId":"eoycai9a00ixlg4"}
{"type":"log","timestamp":1744207902790,"level":"info","message":"Rendering template { name: myTemplate, recipe: chrome-pdf, engine: handlebars, preview: true }","meta":{"rootId":"hn9yzxj6mskcf22","id":"hn9yzxj6mskcf22"},"id":"a9hcbn28o8vmmen","previousOperationId":"eoycai9a00ixlg4"}
{"type":"log","timestamp":1744207902792,"level":"debug","message":"Adding sample data HUavgV0Kc","meta":{"rootId":"hn9yzxj6mskcf22","id":"hn9yzxj6mskcf22"},"id":"awqdgkxu6fa55g4","previousOperationId":"eoycai9a00ixlg4"}
{"type":"log","timestamp":1744207902794,"level":"debug","message":"Base url not specified, skipping its injection.","meta":{"rootId":"hn9yzxj6mskcf22","id":"hn9yzxj6mskcf22"},"id":"ers7nz74kit26vr","previousOperationId":"eoycai9a00ixlg4"}
{"type":"operationStart","subtype":"engine","name":"handlebars","timestamp":1744207902794,"id":"7fbomz561dw9hjt","previousEventId":"4d65dg0bx6gbhd9","operationId":"2euqeoq6cs0jxp5","previousOperationId":"eoycai9a00ixlg4"}
{"type":"log","timestamp":1744207902794,"level":"debug","message":"Rendering engine handlebars","meta":{"rootId":"hn9yzxj6mskcf22","id":"hn9yzxj6mskcf22"},"id":"k48lb2zyptk5rpm","previousOperationId":"2euqeoq6cs0jxp5"}
{"type":"operationEnd","operationId":"2euqeoq6cs0jxp5","timestamp":1744207902816,"id":"d001505heyhobgh","previousEventId":"7fbomz561dw9hjt","previousOperationId":"2euqeoq6cs0jxp5"}
{"type":"operationStart","subtype":"recipe","name":"chrome-pdf","timestamp":1744207902816,"id":"qikjjil0a4aj96i","previousEventId":"d001505heyhobgh","operationId":"xgsdnvblbpf4ej8","previousOperationId":"2euqeoq6cs0jxp5"}
{"type":"log","timestamp":1744207902816,"level":"debug","message":"Executing recipe chrome-pdf","meta":{"rootId":"hn9yzxj6mskcf22","id":"hn9yzxj6mskcf22"},"id":"4a22625mec185xk","previousOperationId":"xgsdnvblbpf4ej8"}
{"type":"log","timestamp":1744207902822,"level":"debug","message":"Converting with chrome Chrome/133.0.6943.126 using chrome-pool strategy","meta":{"rootId":"hn9yzxj6mskcf22","id":"hn9yzxj6mskcf22"},"id":"xeh7m52oayuppri","previousOperationId":"xgsdnvblbpf4ej8"}
{"type":"log","timestamp":1744207902881,"level":"debug","message":"Page request: GET (document) file:///C:/Users/Patheo24/AppData/Local/Temp/jsreport/autocleanup/0621c58e-058c-4a3d-b143-112893cc59c0-chrome-pdf.html","meta":{"rootId":"hn9yzxj6mskcf22","id":"hn9yzxj6mskcf22"},"id":"51yikejujb88rkt","previousOperationId":"xgsdnvblbpf4ej8"}
{"type":"log","timestamp":1744207902909,"level":"debug","message":"Page request finished: GET (document) 200 file:///C:/Users/Patheo24/AppData/Local/Temp/jsreport/autocleanup/0621c58e-058c-4a3d-b143-112893cc59c0-chrome-pdf.html","meta":{"rootId":"hn9yzxj6mskcf22","id":"hn9yzxj6mskcf22"},"id":"s3btkr3c3r0hltq","previousOperationId":"xgsdnvblbpf4ej8"}
{"type":"log","timestamp":1744207902910,"level":"debug","message":"Page request: GET (image) https://res.cloudinary.com/dpes1dyqb/image/upload/v1738768933/logo_myycxt.jpg","meta":{"rootId":"hn9yzxj6mskcf22","id":"hn9yzxj6mskcf22"},"id":"s4kuw3sljmba3fr","previousOperationId":"xgsdnvblbpf4ej8"}
{"type":"log","timestamp":1744207902910,"level":"debug","message":"(console:info) Slow network is detected. See https://www.chromestatus.com/feature/5636954674692096 for more details. Fallback font will be used while loading: http://localhost:5488/fonts/kalpurush.ttf","meta":{"userLevel":true,"rootId":"hn9yzxj6mskcf22","id":"hn9yzxj6mskcf22"},"id":"gsd0shrojzrgsiz","previousOperationId":"xgsdnvblbpf4ej8"}
{"type":"log","timestamp":1744207902911,"level":"debug","message":"Page request: GET (font) http://localhost:5488/fonts/kalpurush.ttf","meta":{"rootId":"hn9yzxj6mskcf22","id":"hn9yzxj6mskcf22"},"id":"xsshg3ib2usuagv","previousOperationId":"xgsdnvblbpf4ej8"}
{"type":"log","timestamp":1744207902952,"level":"debug","message":"Page request: GET (font) http://localhost:5488/fonts/kalpurush.ttf","meta":{"rootId":"hn9yzxj6mskcf22","id":"hn9yzxj6mskcf22"},"id":"919jp94aswjgcmd","previousOperationId":"xgsdnvblbpf4ej8"}
{"type":"log","timestamp":1744207902954,"level":"debug","message":"Page request finished: GET (image) 200 https://res.cloudinary.com/dpes1dyqb/image/upload/v1738768933/logo_myycxt.jpg","meta":{"rootId":"hn9yzxj6mskcf22","id":"hn9yzxj6mskcf22"},"id":"dkr790efvld1pnu","previousOperationId":"xgsdnvblbpf4ej8"}
{"type":"log","timestamp":1744207902960,"level":"debug","message":"(console:error) Failed to load resource: the server responded with a status of 404 (Not Found)","meta":{"userLevel":true,"rootId":"hn9yzxj6mskcf22","id":"hn9yzxj6mskcf22"},"id":"h410c418lmvoaih","previousOperationId":"xgsdnvblbpf4ej8"}
{"type":"log","timestamp":1744207902960,"level":"warn","message":"Page request failed: GET (font) http://localhost:5488/fonts/kalpurush.ttf, failure: net::ERR_ABORTED","meta":{"rootId":"hn9yzxj6mskcf22","id":"hn9yzxj6mskcf22"},"id":"f14moorbr0uvt1s","previousOperationId":"xgsdnvblbpf4ej8"}
{"type":"log","timestamp":1744207902973,"level":"debug","message":"Running chrome with params {\"printBackground\":true,\"format\":\"A5\",\"marginRight\":\"\",\"height\":\"\",\"marginTop\":\"\",\"marginBottom\":\"\",\"marginLeft\":\"\",\"displayHeaderFooter\":true,\"width\":\"\",\"timeout\":59956,\"margin\":{\"top\":\"\",\"right\":\"\",\"bottom\":\"\",\"left\":\"\"}}","meta":{"rootId":"hn9yzxj6mskcf22","id":"hn9yzxj6mskcf22"},"id":"nrigjqzl881qn34","previousOperationId":"xgsdnvblbpf4ej8"}
{"type":"operationEnd","operationId":"xgsdnvblbpf4ej8","timestamp":1744207903282,"id":"q34nvejqsksh9ik","previousEventId":"qikjjil0a4aj96i","previousOperationId":"xgsdnvblbpf4ej8"}
{"type":"log","timestamp":1744207903283,"level":"debug","message":"Skipping storing report.","meta":{"rootId":"hn9yzxj6mskcf22","id":"hn9yzxj6mskcf22"},"id":"ajim9g49v99sn9p","previousOperationId":"xgsdnvblbpf4ej8"}
{"type":"log","timestamp":1744207903283,"level":"info","message":"Rendering request 76 finished in 506 ms","meta":{"rootId":"hn9yzxj6mskcf22","id":"hn9yzxj6mskcf22"},"id":"ggz6ymb5yirlyca","previousOperationId":"xgsdnvblbpf4ej8"}
{"type":"operationEnd","subtype":"render","operationId":"eoycai9a00ixlg4","timestamp":1744207903283,"id":"y0ivsqdwdov9xs2","previousEventId":"q34nvejqsksh9ik","previousOperationId":"xgsdnvblbpf4ej8"}
{"type":"operationEnd","doDiffs":false,"previousEventId":"8nnd9or8u8ns8cq","previousOperationId":"gawilaoz4b7c9n7","operationId":"gawilaoz4b7c9n7","timestamp":1744207903286,"id":"cigzuaqytcepbq3"}
