{"type":"operationStart","subtype":"profile","data":{"_id":"21wVCOTd2JoGHp2m","timestamp":"2025-04-09T13:26:59.987Z","state":"queued","mode":"standard","creationDate":"2025-04-09T13:26:59.989Z","modificationDate":"2025-04-09T13:26:59.989Z","shortid":"94HkZWo","$entitySet":"profiles"},"doDiffs":false,"timestamp":1744205219988,"id":"d2a7uuys24jfipm","previousOperationId":null,"operationId":"6gjvwtu1nz4h383"}
{"type":"log","level":"info","message":"Render request 3 queued for execution and waiting for available worker","previousOperationId":"6gjvwtu1nz4h383","timestamp":1744205219988,"id":"xzaprbobvujhwx9"}
{"type":"operationStart","subtype":"render","name":"myTemplate","previousOperationId":"6gjvwtu1nz4h383","timestamp":1744205220002,"id":"b2pqpabg0siadx3","previousEventId":"d2a7uuys24jfipm","operationId":"sme062gtxoejfmp"}
{"type":"log","timestamp":1744205220002,"level":"info","message":"Starting rendering request 3","meta":{"rootId":"huzvum7oynrn78a","id":"huzvum7oynrn78a"},"id":"w4gxmgz91paz2y7","previousOperationId":"sme062gtxoejfmp"}
{"type":"log","timestamp":1744205220002,"level":"info","message":"Rendering template { name: myTemplate, recipe: chrome-pdf, engine: handlebars, preview: true }","meta":{"rootId":"huzvum7oynrn78a","id":"huzvum7oynrn78a"},"id":"415vth2fp4o4ynz","previousOperationId":"sme062gtxoejfmp"}
{"type":"log","timestamp":1744205220004,"level":"debug","message":"Adding sample data HUavgV0Kc","meta":{"rootId":"huzvum7oynrn78a","id":"huzvum7oynrn78a"},"id":"x0eqbng4luqto9x","previousOperationId":"sme062gtxoejfmp"}
{"type":"log","timestamp":1744205220006,"level":"debug","message":"Base url not specified, skipping its injection.","meta":{"rootId":"huzvum7oynrn78a","id":"huzvum7oynrn78a"},"id":"2a8qua11h7kdi8l","previousOperationId":"sme062gtxoejfmp"}
{"type":"operationStart","subtype":"engine","name":"handlebars","timestamp":1744205220006,"id":"2evh8vhuh6kr0yc","previousEventId":"b2pqpabg0siadx3","operationId":"iqinn7rxi93odgz","previousOperationId":"sme062gtxoejfmp"}
{"type":"log","timestamp":1744205220006,"level":"debug","message":"Rendering engine handlebars","meta":{"rootId":"huzvum7oynrn78a","id":"huzvum7oynrn78a"},"id":"w6g46n4d3pmmacu","previousOperationId":"iqinn7rxi93odgz"}
{"type":"operationEnd","operationId":"iqinn7rxi93odgz","timestamp":1744205220028,"id":"mqdnnepa8k58z1t","previousEventId":"2evh8vhuh6kr0yc","previousOperationId":"iqinn7rxi93odgz"}
{"type":"operationStart","subtype":"recipe","name":"chrome-pdf","timestamp":1744205220029,"id":"2wfpho84nbkega1","previousEventId":"mqdnnepa8k58z1t","operationId":"dy5o0m9ff8suj6p","previousOperationId":"iqinn7rxi93odgz"}
{"type":"log","timestamp":1744205220029,"level":"debug","message":"Executing recipe chrome-pdf","meta":{"rootId":"huzvum7oynrn78a","id":"huzvum7oynrn78a"},"id":"wa3mrz1c2dil4mx","previousOperationId":"dy5o0m9ff8suj6p"}
{"type":"log","timestamp":1744205222406,"level":"debug","message":"Converting with chrome Chrome/133.0.6943.126 using chrome-pool strategy","meta":{"rootId":"huzvum7oynrn78a","id":"huzvum7oynrn78a"},"id":"kq1eazs4viglklm","previousOperationId":"dy5o0m9ff8suj6p"}
{"type":"log","timestamp":1744205222501,"level":"debug","message":"Page request: GET (document) file:///C:/Users/Patheo24/AppData/Local/Temp/jsreport/autocleanup/685d1be7-f8c2-41cc-91e1-91e415b55b1f-chrome-pdf.html","meta":{"rootId":"huzvum7oynrn78a","id":"huzvum7oynrn78a"},"id":"3swsafdj22blrnm","previousOperationId":"dy5o0m9ff8suj6p"}
{"type":"log","timestamp":1744205222525,"level":"debug","message":"Page request finished: GET (document) 200 file:///C:/Users/Patheo24/AppData/Local/Temp/jsreport/autocleanup/685d1be7-f8c2-41cc-91e1-91e415b55b1f-chrome-pdf.html","meta":{"rootId":"huzvum7oynrn78a","id":"huzvum7oynrn78a"},"id":"0z2kau2ubp9riv9","previousOperationId":"dy5o0m9ff8suj6p"}
{"type":"log","timestamp":1744205222526,"level":"debug","message":"Page request: GET (image) https://res.cloudinary.com/dpes1dyqb/image/upload/v1738768933/logo_myycxt.jpg","meta":{"rootId":"huzvum7oynrn78a","id":"huzvum7oynrn78a"},"id":"c6p7cwwbdyuu0nh","previousOperationId":"dy5o0m9ff8suj6p"}
{"type":"log","timestamp":1744205222527,"level":"debug","message":"Page request: GET (font) http://localhost:5488/fonts/kalpurush.ttf","meta":{"rootId":"huzvum7oynrn78a","id":"huzvum7oynrn78a"},"id":"kov5bpqp1pnsnfo","previousOperationId":"dy5o0m9ff8suj6p"}
{"type":"log","timestamp":1744205222532,"level":"debug","message":"Page request: GET (font) http://localhost:5488/fonts/kalpurush.ttf","meta":{"rootId":"huzvum7oynrn78a","id":"huzvum7oynrn78a"},"id":"zdqy5jkcwdb6g4m","previousOperationId":"dy5o0m9ff8suj6p"}
{"type":"log","timestamp":1744205222543,"level":"debug","message":"(console:error) Failed to load resource: the server responded with a status of 404 (Not Found)","meta":{"userLevel":true,"rootId":"huzvum7oynrn78a","id":"huzvum7oynrn78a"},"id":"f8k17j3bavqriyh","previousOperationId":"dy5o0m9ff8suj6p"}
{"type":"log","timestamp":1744205222544,"level":"warn","message":"Page request failed: GET (font) http://localhost:5488/fonts/kalpurush.ttf, failure: net::ERR_ABORTED","meta":{"rootId":"huzvum7oynrn78a","id":"huzvum7oynrn78a"},"id":"rxruizt1twlgr38","previousOperationId":"dy5o0m9ff8suj6p"}
{"type":"log","timestamp":1744205222652,"level":"debug","message":"Page request finished: GET (image) 200 https://res.cloudinary.com/dpes1dyqb/image/upload/v1738768933/logo_myycxt.jpg","meta":{"rootId":"huzvum7oynrn78a","id":"huzvum7oynrn78a"},"id":"7mzv9zha1o9u0zc","previousOperationId":"dy5o0m9ff8suj6p"}
{"type":"log","timestamp":1744205222687,"level":"debug","message":"Running chrome with params {\"printBackground\":true,\"timeout\":59579,\"margin\":{}}","meta":{"rootId":"huzvum7oynrn78a","id":"huzvum7oynrn78a"},"id":"w078wfmjl0n72mu","previousOperationId":"dy5o0m9ff8suj6p"}
{"type":"operationEnd","operationId":"dy5o0m9ff8suj6p","timestamp":1744205223148,"id":"yevim0lmhx8d8lf","previousEventId":"2wfpho84nbkega1","previousOperationId":"dy5o0m9ff8suj6p"}
{"type":"log","timestamp":1744205223150,"level":"debug","message":"Skipping storing report.","meta":{"rootId":"huzvum7oynrn78a","id":"huzvum7oynrn78a"},"id":"o6ehyjz5k1p51fc","previousOperationId":"dy5o0m9ff8suj6p"}
{"type":"log","timestamp":1744205223150,"level":"info","message":"Rendering request 3 finished in 3163 ms","meta":{"rootId":"huzvum7oynrn78a","id":"huzvum7oynrn78a"},"id":"47t7qg1rrjiniqb","previousOperationId":"dy5o0m9ff8suj6p"}
{"type":"operationEnd","subtype":"render","operationId":"sme062gtxoejfmp","timestamp":1744205223150,"id":"vyyove6s6ugrq1f","previousEventId":"yevim0lmhx8d8lf","previousOperationId":"dy5o0m9ff8suj6p"}
{"type":"operationEnd","doDiffs":false,"previousEventId":"d2a7uuys24jfipm","previousOperationId":"6gjvwtu1nz4h383","operationId":"6gjvwtu1nz4h383","timestamp":1744205223155,"id":"rxhqpm8xj9jqske"}
