{"type":"operationStart","subtype":"profile","data":{"_id":"x4tKj2mYnqf79iRj","timestamp":"2025-04-09T10:55:42.106Z","state":"queued","mode":"standard","creationDate":"2025-04-09T10:55:42.109Z","modificationDate":"2025-04-09T10:55:42.109Z","shortid":"-LOQIU7","$entitySet":"profiles"},"doDiffs":false,"timestamp":1744196142107,"id":"5u33pt1g3pfiuuj","previousOperationId":null,"operationId":"5gid5jcjdppj2fg"}
{"type":"log","level":"info","message":"Render request 30 queued for execution and waiting for available worker","previousOperationId":"5gid5jcjdppj2fg","timestamp":1744196142108,"id":"9ckc4nklxt5iibr"}
{"type":"operationStart","subtype":"render","name":"myTemplate","previousOperationId":"5gid5jcjdppj2fg","timestamp":1744196142121,"id":"7vlwhk94h2uie2o","previousEventId":"5u33pt1g3pfiuuj","operationId":"vax9a5xe4e9dkxc"}
{"type":"log","timestamp":1744196142121,"level":"info","message":"Starting rendering request 30","meta":{"rootId":"hvdyoqx4xh8qetk","id":"hvdyoqx4xh8qetk"},"id":"j837y1rz4az9391","previousOperationId":"vax9a5xe4e9dkxc"}
{"type":"log","timestamp":1744196142121,"level":"info","message":"Rendering template { name: myTemplate, recipe: chrome-pdf, engine: handlebars, preview: true }","meta":{"rootId":"hvdyoqx4xh8qetk","id":"hvdyoqx4xh8qetk"},"id":"hcw0nbgovf2x6xu","previousOperationId":"vax9a5xe4e9dkxc"}
{"type":"log","timestamp":1744196142122,"level":"debug","message":"Inline data specified.","meta":{"rootId":"hvdyoqx4xh8qetk","id":"hvdyoqx4xh8qetk"},"id":"2nf7ulfxfg5r40n","previousOperationId":"vax9a5xe4e9dkxc"}
{"type":"log","timestamp":1744196142123,"level":"debug","message":"Base url not specified, skipping its injection.","meta":{"rootId":"hvdyoqx4xh8qetk","id":"hvdyoqx4xh8qetk"},"id":"7tog75yddbl342v","previousOperationId":"vax9a5xe4e9dkxc"}
{"type":"operationStart","subtype":"engine","name":"handlebars","timestamp":1744196142123,"id":"rvxwky1rfd75q3o","previousEventId":"7vlwhk94h2uie2o","operationId":"tdared9mu8xrbpa","previousOperationId":"vax9a5xe4e9dkxc"}
{"type":"log","timestamp":1744196142123,"level":"debug","message":"Rendering engine handlebars","meta":{"rootId":"hvdyoqx4xh8qetk","id":"hvdyoqx4xh8qetk"},"id":"kfvzjp1umc0hvkc","previousOperationId":"tdared9mu8xrbpa"}
{"type":"operationEnd","operationId":"tdared9mu8xrbpa","timestamp":1744196142139,"id":"jjk4wk6c4eut9wl","previousEventId":"rvxwky1rfd75q3o","previousOperationId":"tdared9mu8xrbpa"}
{"type":"operationStart","subtype":"recipe","name":"chrome-pdf","timestamp":1744196142139,"id":"vhjp0mesa2nfsm5","previousEventId":"jjk4wk6c4eut9wl","operationId":"n94msbd6p617696","previousOperationId":"tdared9mu8xrbpa"}
{"type":"log","timestamp":1744196142139,"level":"debug","message":"Executing recipe chrome-pdf","meta":{"rootId":"hvdyoqx4xh8qetk","id":"hvdyoqx4xh8qetk"},"id":"uvq6xq0vo5zccn5","previousOperationId":"n94msbd6p617696"}
{"type":"log","timestamp":1744196142141,"level":"debug","message":"Converting with chrome Chrome/133.0.6943.126 using chrome-pool strategy","meta":{"rootId":"hvdyoqx4xh8qetk","id":"hvdyoqx4xh8qetk"},"id":"dyqq4xhyd0av2mg","previousOperationId":"n94msbd6p617696"}
{"type":"log","timestamp":1744196142209,"level":"debug","message":"Page request: GET (document) file:///C:/Users/Patheo24/AppData/Local/Temp/jsreport/autocleanup/2d725d74-9cea-4690-ab19-ae15c0c38efc-chrome-pdf.html","meta":{"rootId":"hvdyoqx4xh8qetk","id":"hvdyoqx4xh8qetk"},"id":"pnnxlo7vs64mcuw","previousOperationId":"n94msbd6p617696"}
{"type":"log","timestamp":1744196142239,"level":"debug","message":"Page request finished: GET (document) 200 file:///C:/Users/Patheo24/AppData/Local/Temp/jsreport/autocleanup/2d725d74-9cea-4690-ab19-ae15c0c38efc-chrome-pdf.html","meta":{"rootId":"hvdyoqx4xh8qetk","id":"hvdyoqx4xh8qetk"},"id":"41kwhwtu28ne9x3","previousOperationId":"n94msbd6p617696"}
{"type":"log","timestamp":1744196142244,"level":"debug","message":"Page request: GET (font) http://localhost:5488/fonts/kalpurush.ttf","meta":{"rootId":"hvdyoqx4xh8qetk","id":"hvdyoqx4xh8qetk"},"id":"g9bl567lc5nhf1i","previousOperationId":"n94msbd6p617696"}
{"type":"log","timestamp":1744196142244,"level":"debug","message":"Page request: GET (image) https://res.cloudinary.com/dpes1dyqb/image/upload/v1738768933/logo_myycxt.jpg","meta":{"rootId":"hvdyoqx4xh8qetk","id":"hvdyoqx4xh8qetk"},"id":"u7mdihhhxv5dnms","previousOperationId":"n94msbd6p617696"}
{"type":"log","timestamp":1744196142279,"level":"debug","message":"Page request: GET (font) http://localhost:5488/fonts/kalpurush.ttf","meta":{"rootId":"hvdyoqx4xh8qetk","id":"hvdyoqx4xh8qetk"},"id":"41j0yfcr4kpvv2i","previousOperationId":"n94msbd6p617696"}
{"type":"log","timestamp":1744196142281,"level":"debug","message":"Page request finished: GET (image) 200 https://res.cloudinary.com/dpes1dyqb/image/upload/v1738768933/logo_myycxt.jpg","meta":{"rootId":"hvdyoqx4xh8qetk","id":"hvdyoqx4xh8qetk"},"id":"a4m3je4vr6dcgn7","previousOperationId":"n94msbd6p617696"}
{"type":"log","timestamp":1744196142290,"level":"debug","message":"(console:error) Failed to load resource: the server responded with a status of 404 (Not Found)","meta":{"userLevel":true,"rootId":"hvdyoqx4xh8qetk","id":"hvdyoqx4xh8qetk"},"id":"pj4g10bl6aodtrf","previousOperationId":"n94msbd6p617696"}
{"type":"log","timestamp":1744196142290,"level":"warn","message":"Page request failed: GET (font) http://localhost:5488/fonts/kalpurush.ttf, failure: net::ERR_ABORTED","meta":{"rootId":"hvdyoqx4xh8qetk","id":"hvdyoqx4xh8qetk"},"id":"0g0jd900g524qu7","previousOperationId":"n94msbd6p617696"}
{"type":"log","timestamp":1744196142299,"level":"debug","message":"Running chrome with params {\"printBackground\":true,\"timeout\":59965,\"margin\":{}}","meta":{"rootId":"hvdyoqx4xh8qetk","id":"hvdyoqx4xh8qetk"},"id":"pff2049rayhnrpn","previousOperationId":"n94msbd6p617696"}
{"type":"operationEnd","operationId":"n94msbd6p617696","timestamp":1744196142599,"id":"xq2sngoaec3m7oc","previousEventId":"vhjp0mesa2nfsm5","previousOperationId":"n94msbd6p617696"}
{"type":"log","timestamp":1744196142599,"level":"debug","message":"Skipping storing report.","meta":{"rootId":"hvdyoqx4xh8qetk","id":"hvdyoqx4xh8qetk"},"id":"cyriavncygkv979","previousOperationId":"n94msbd6p617696"}
{"type":"log","timestamp":1744196142599,"level":"info","message":"Rendering request 30 finished in 493 ms","meta":{"rootId":"hvdyoqx4xh8qetk","id":"hvdyoqx4xh8qetk"},"id":"9mppfhircsmluv9","previousOperationId":"n94msbd6p617696"}
{"type":"operationEnd","subtype":"render","operationId":"vax9a5xe4e9dkxc","timestamp":1744196142599,"id":"o9jzu1iogg7793n","previousEventId":"xq2sngoaec3m7oc","previousOperationId":"n94msbd6p617696"}
{"type":"operationEnd","doDiffs":false,"previousEventId":"5u33pt1g3pfiuuj","previousOperationId":"5gid5jcjdppj2fg","operationId":"5gid5jcjdppj2fg","timestamp":1744196142602,"id":"y7nwfps6zafn8qt"}
