{"type":"operationStart","subtype":"profile","data":{"_id":"oZXy4dwglEZ3epnB","timestamp":"2025-04-09T13:38:45.307Z","state":"queued","mode":"standard","creationDate":"2025-04-09T13:38:45.308Z","modificationDate":"2025-04-09T13:38:45.308Z","shortid":"38bgCUH","$entitySet":"profiles"},"doDiffs":false,"timestamp":1744205925307,"id":"9fyycvu329yh0jd","previousOperationId":null,"operationId":"mmm7hvcq0cu9d2c"}
{"type":"log","level":"info","message":"Render request 18 queued for execution and waiting for available worker","previousOperationId":"mmm7hvcq0cu9d2c","timestamp":1744205925308,"id":"hpkyxj3qrvmwz7y"}
{"type":"operationStart","subtype":"render","name":"myTemplate","previousOperationId":"mmm7hvcq0cu9d2c","timestamp":1744205925320,"id":"s5o9486e2nqengd","previousEventId":"9fyycvu329yh0jd","operationId":"2ecezntdjt49tpg"}
{"type":"log","timestamp":1744205925320,"level":"info","message":"Starting rendering request 18","meta":{"rootId":"i6qzokvib70cbsp","id":"i6qzokvib70cbsp"},"id":"c4ohl5ro5tcfury","previousOperationId":"2ecezntdjt49tpg"}
{"type":"log","timestamp":1744205925320,"level":"info","message":"Rendering template { name: myTemplate, recipe: chrome-pdf, engine: handlebars, preview: true }","meta":{"rootId":"i6qzokvib70cbsp","id":"i6qzokvib70cbsp"},"id":"r6azh6d0s2xsa6c","previousOperationId":"2ecezntdjt49tpg"}
{"type":"log","timestamp":1744205925321,"level":"debug","message":"Adding sample data HUavgV0Kc","meta":{"rootId":"i6qzokvib70cbsp","id":"i6qzokvib70cbsp"},"id":"1zfjmj82w1pjybv","previousOperationId":"2ecezntdjt49tpg"}
{"type":"log","timestamp":1744205925323,"level":"debug","message":"Base url not specified, skipping its injection.","meta":{"rootId":"i6qzokvib70cbsp","id":"i6qzokvib70cbsp"},"id":"xugx9decgalbom4","previousOperationId":"2ecezntdjt49tpg"}
{"type":"operationStart","subtype":"engine","name":"handlebars","timestamp":1744205925323,"id":"s91w3m14upm1w0k","previousEventId":"s5o9486e2nqengd","operationId":"jbcgo295p76hnpf","previousOperationId":"2ecezntdjt49tpg"}
{"type":"log","timestamp":1744205925323,"level":"debug","message":"Rendering engine handlebars","meta":{"rootId":"i6qzokvib70cbsp","id":"i6qzokvib70cbsp"},"id":"jxj1ucx8k5z9bt9","previousOperationId":"jbcgo295p76hnpf"}
{"type":"operationEnd","operationId":"jbcgo295p76hnpf","timestamp":1744205925349,"id":"21bung8491vuodz","previousEventId":"s91w3m14upm1w0k","previousOperationId":"jbcgo295p76hnpf"}
{"type":"operationStart","subtype":"recipe","name":"chrome-pdf","timestamp":1744205925349,"id":"aehe3wse1afnd12","previousEventId":"21bung8491vuodz","operationId":"4gjo0f4zc87pg5e","previousOperationId":"jbcgo295p76hnpf"}
{"type":"log","timestamp":1744205925349,"level":"debug","message":"Executing recipe chrome-pdf","meta":{"rootId":"i6qzokvib70cbsp","id":"i6qzokvib70cbsp"},"id":"5gsegd8vayac2bt","previousOperationId":"4gjo0f4zc87pg5e"}
{"type":"log","timestamp":1744205925354,"level":"debug","message":"Converting with chrome Chrome/133.0.6943.126 using chrome-pool strategy","meta":{"rootId":"i6qzokvib70cbsp","id":"i6qzokvib70cbsp"},"id":"01dbre4h5k87bv2","previousOperationId":"4gjo0f4zc87pg5e"}
{"type":"log","timestamp":1744205925417,"level":"debug","message":"Page request: GET (document) file:///C:/Users/Patheo24/AppData/Local/Temp/jsreport/autocleanup/163cc201-222c-49f5-bf59-ede75e78fe24-chrome-pdf.html","meta":{"rootId":"i6qzokvib70cbsp","id":"i6qzokvib70cbsp"},"id":"oklxfqg83x6ursk","previousOperationId":"4gjo0f4zc87pg5e"}
{"type":"log","timestamp":1744205925443,"level":"debug","message":"Page request finished: GET (document) 200 file:///C:/Users/Patheo24/AppData/Local/Temp/jsreport/autocleanup/163cc201-222c-49f5-bf59-ede75e78fe24-chrome-pdf.html","meta":{"rootId":"i6qzokvib70cbsp","id":"i6qzokvib70cbsp"},"id":"2z7y2xiinjcr8ip","previousOperationId":"4gjo0f4zc87pg5e"}
{"type":"log","timestamp":1744205925444,"level":"debug","message":"Page request: GET (image) https://res.cloudinary.com/dpes1dyqb/image/upload/v1738768933/logo_myycxt.jpg","meta":{"rootId":"i6qzokvib70cbsp","id":"i6qzokvib70cbsp"},"id":"wi4mnj34vxku02t","previousOperationId":"4gjo0f4zc87pg5e"}
{"type":"log","timestamp":1744205925445,"level":"debug","message":"(console:info) Slow network is detected. See https://www.chromestatus.com/feature/5636954674692096 for more details. Fallback font will be used while loading: http://localhost:5488/fonts/kalpurush.ttf","meta":{"userLevel":true,"rootId":"i6qzokvib70cbsp","id":"i6qzokvib70cbsp"},"id":"1w078d7puta8p1s","previousOperationId":"4gjo0f4zc87pg5e"}
{"type":"log","timestamp":1744205925445,"level":"debug","message":"Page request: GET (font) http://localhost:5488/fonts/kalpurush.ttf","meta":{"rootId":"i6qzokvib70cbsp","id":"i6qzokvib70cbsp"},"id":"bt4elpebjbshm1k","previousOperationId":"4gjo0f4zc87pg5e"}
{"type":"log","timestamp":1744205925495,"level":"debug","message":"Page request finished: GET (image) 200 https://res.cloudinary.com/dpes1dyqb/image/upload/v1738768933/logo_myycxt.jpg","meta":{"rootId":"i6qzokvib70cbsp","id":"i6qzokvib70cbsp"},"id":"s6vzhbl4va6pkda","previousOperationId":"4gjo0f4zc87pg5e"}
{"type":"log","timestamp":1744205925496,"level":"debug","message":"Page request: GET (font) http://localhost:5488/fonts/kalpurush.ttf","meta":{"rootId":"i6qzokvib70cbsp","id":"i6qzokvib70cbsp"},"id":"3pe6a2qzcudwkm4","previousOperationId":"4gjo0f4zc87pg5e"}
{"type":"log","timestamp":1744205925541,"level":"debug","message":"(console:error) Failed to load resource: the server responded with a status of 404 (Not Found)","meta":{"userLevel":true,"rootId":"i6qzokvib70cbsp","id":"i6qzokvib70cbsp"},"id":"48c3oep9fgzmp4u","previousOperationId":"4gjo0f4zc87pg5e"}
{"type":"log","timestamp":1744205925541,"level":"warn","message":"Page request failed: GET (font) http://localhost:5488/fonts/kalpurush.ttf, failure: net::ERR_ABORTED","meta":{"rootId":"i6qzokvib70cbsp","id":"i6qzokvib70cbsp"},"id":"r757t4hoze0dns0","previousOperationId":"4gjo0f4zc87pg5e"}
{"type":"log","timestamp":1744205925549,"level":"debug","message":"Running chrome with params {\"printBackground\":true,\"timeout\":59953,\"margin\":{}}","meta":{"rootId":"i6qzokvib70cbsp","id":"i6qzokvib70cbsp"},"id":"apb25vo8qnr6un2","previousOperationId":"4gjo0f4zc87pg5e"}
{"type":"operationEnd","operationId":"4gjo0f4zc87pg5e","timestamp":1744205925845,"id":"jzt5ks84nisad3z","previousEventId":"aehe3wse1afnd12","previousOperationId":"4gjo0f4zc87pg5e"}
{"type":"log","timestamp":1744205925845,"level":"debug","message":"Skipping storing report.","meta":{"rootId":"i6qzokvib70cbsp","id":"i6qzokvib70cbsp"},"id":"3nm221s05kslo60","previousOperationId":"4gjo0f4zc87pg5e"}
{"type":"log","timestamp":1744205925845,"level":"info","message":"Rendering request 18 finished in 539 ms","meta":{"rootId":"i6qzokvib70cbsp","id":"i6qzokvib70cbsp"},"id":"wpwmpwvqgh0ql9d","previousOperationId":"4gjo0f4zc87pg5e"}
{"type":"operationEnd","subtype":"render","operationId":"2ecezntdjt49tpg","timestamp":1744205925845,"id":"4hdtqxdpr3a6mvj","previousEventId":"jzt5ks84nisad3z","previousOperationId":"4gjo0f4zc87pg5e"}
{"type":"operationEnd","doDiffs":false,"previousEventId":"9fyycvu329yh0jd","previousOperationId":"mmm7hvcq0cu9d2c","operationId":"mmm7hvcq0cu9d2c","timestamp":1744205925850,"id":"b1bqk18md0mhflr"}
