{"type":"operationStart","subtype":"profile","data":{"_id":"Owrpn0EardrIF3oX","timestamp":"2025-04-09T06:56:09.052Z","state":"queued","mode":"standard","creationDate":"2025-04-09T06:56:09.054Z","modificationDate":"2025-04-09T06:56:09.054Z","shortid":"0b2Rab6","$entitySet":"profiles"},"doDiffs":false,"timestamp":1744181769053,"id":"pz9lu57fhjijpol","previousOperationId":null,"operationId":"mzw5wdldlvb22xr"}
{"type":"log","level":"info","message":"Render request 25 queued for execution and waiting for available worker","previousOperationId":"mzw5wdldlvb22xr","timestamp":1744181769053,"id":"dcmdkdp487cw7z4"}
{"type":"operationStart","subtype":"render","name":"myTemplate","previousOperationId":"mzw5wdldlvb22xr","timestamp":1744181769064,"id":"hgxhtqy05ac1t2s","previousEventId":"pz9lu57fhjijpol","operationId":"5epckbd7bexu73q"}
{"type":"log","timestamp":1744181769064,"level":"info","message":"Starting rendering request 25","meta":{"rootId":"i7ttsi0mr675dyh","id":"i7ttsi0mr675dyh"},"id":"lal35saaszee4l7","previousOperationId":"5epckbd7bexu73q"}
{"type":"log","timestamp":1744181769064,"level":"info","message":"Rendering template { name: myTemplate, recipe: chrome-pdf, engine: handlebars, preview: true }","meta":{"rootId":"i7ttsi0mr675dyh","id":"i7ttsi0mr675dyh"},"id":"ecuyntam664answ","previousOperationId":"5epckbd7bexu73q"}
{"type":"log","timestamp":1744181769065,"level":"debug","message":"Inline data specified.","meta":{"rootId":"i7ttsi0mr675dyh","id":"i7ttsi0mr675dyh"},"id":"g1xwppklhsk2hfj","previousOperationId":"5epckbd7bexu73q"}
{"type":"log","timestamp":1744181769066,"level":"debug","message":"Base url not specified, skipping its injection.","meta":{"rootId":"i7ttsi0mr675dyh","id":"i7ttsi0mr675dyh"},"id":"arz302hkv0e907c","previousOperationId":"5epckbd7bexu73q"}
{"type":"operationStart","subtype":"engine","name":"handlebars","timestamp":1744181769066,"id":"uywzgf8bdm7pyhl","previousEventId":"hgxhtqy05ac1t2s","operationId":"5chdr0g48hr72xv","previousOperationId":"5epckbd7bexu73q"}
{"type":"log","timestamp":1744181769066,"level":"debug","message":"Rendering engine handlebars","meta":{"rootId":"i7ttsi0mr675dyh","id":"i7ttsi0mr675dyh"},"id":"3p7zkefiyk3ylup","previousOperationId":"5chdr0g48hr72xv"}
{"type":"operationEnd","operationId":"5chdr0g48hr72xv","timestamp":1744181769079,"id":"tpwstmkpghvb34b","previousEventId":"uywzgf8bdm7pyhl","previousOperationId":"5chdr0g48hr72xv"}
{"type":"operationStart","subtype":"recipe","name":"chrome-pdf","timestamp":1744181769079,"id":"okzka68u9djiiqj","previousEventId":"tpwstmkpghvb34b","operationId":"0e2vrnizgfzypdm","previousOperationId":"5chdr0g48hr72xv"}
{"type":"log","timestamp":1744181769079,"level":"debug","message":"Executing recipe chrome-pdf","meta":{"rootId":"i7ttsi0mr675dyh","id":"i7ttsi0mr675dyh"},"id":"qaj7j38mnj317ut","previousOperationId":"0e2vrnizgfzypdm"}
{"type":"log","timestamp":1744181769083,"level":"debug","message":"Converting with chrome Chrome/133.0.6943.126 using chrome-pool strategy","meta":{"rootId":"i7ttsi0mr675dyh","id":"i7ttsi0mr675dyh"},"id":"dpeda6fbtncdjve","previousOperationId":"0e2vrnizgfzypdm"}
{"type":"log","timestamp":1744181769142,"level":"debug","message":"Page request: GET (document) file:///C:/Users/Patheo24/AppData/Local/Temp/jsreport/autocleanup/9bec4f5b-5ae8-465b-8e86-e5386d7e4503-chrome-pdf.html","meta":{"rootId":"i7ttsi0mr675dyh","id":"i7ttsi0mr675dyh"},"id":"3mofpjregchi40w","previousOperationId":"0e2vrnizgfzypdm"}
{"type":"log","timestamp":1744181769170,"level":"debug","message":"Page request finished: GET (document) 200 file:///C:/Users/Patheo24/AppData/Local/Temp/jsreport/autocleanup/9bec4f5b-5ae8-465b-8e86-e5386d7e4503-chrome-pdf.html","meta":{"rootId":"i7ttsi0mr675dyh","id":"i7ttsi0mr675dyh"},"id":"3axbbrwyrh34qa1","previousOperationId":"0e2vrnizgfzypdm"}
{"type":"log","timestamp":1744181769171,"level":"debug","message":"Page request: GET (font) http://localhost:5488/fonts/kalpurush.ttf","meta":{"rootId":"i7ttsi0mr675dyh","id":"i7ttsi0mr675dyh"},"id":"q306xidvr0gc4c5","previousOperationId":"0e2vrnizgfzypdm"}
{"type":"log","timestamp":1744181769171,"level":"debug","message":"Page request: GET (image) https://res.cloudinary.com/dpes1dyqb/image/upload/v1738768933/logo_myycxt.jpg","meta":{"rootId":"i7ttsi0mr675dyh","id":"i7ttsi0mr675dyh"},"id":"55sd2fbcu73q6wz","previousOperationId":"0e2vrnizgfzypdm"}
{"type":"log","timestamp":1744181769209,"level":"debug","message":"Page request: GET (font) http://localhost:5488/fonts/kalpurush.ttf","meta":{"rootId":"i7ttsi0mr675dyh","id":"i7ttsi0mr675dyh"},"id":"1lsbb4l5bsrcjok","previousOperationId":"0e2vrnizgfzypdm"}
{"type":"log","timestamp":1744181769210,"level":"debug","message":"Page request finished: GET (image) 200 https://res.cloudinary.com/dpes1dyqb/image/upload/v1738768933/logo_myycxt.jpg","meta":{"rootId":"i7ttsi0mr675dyh","id":"i7ttsi0mr675dyh"},"id":"vgfwij932gv97ng","previousOperationId":"0e2vrnizgfzypdm"}
{"type":"log","timestamp":1744181769215,"level":"debug","message":"(console:error) Failed to load resource: the server responded with a status of 404 (Not Found)","meta":{"userLevel":true,"rootId":"i7ttsi0mr675dyh","id":"i7ttsi0mr675dyh"},"id":"wdy6fgja8zlv7lb","previousOperationId":"0e2vrnizgfzypdm"}
{"type":"log","timestamp":1744181769215,"level":"warn","message":"Page request failed: GET (font) http://localhost:5488/fonts/kalpurush.ttf, failure: net::ERR_ABORTED","meta":{"rootId":"i7ttsi0mr675dyh","id":"i7ttsi0mr675dyh"},"id":"wwf3cnvgcjxea8a","previousOperationId":"0e2vrnizgfzypdm"}
{"type":"log","timestamp":1744181769222,"level":"debug","message":"Running chrome with params {\"printBackground\":true,\"timeout\":59969,\"margin\":{}}","meta":{"rootId":"i7ttsi0mr675dyh","id":"i7ttsi0mr675dyh"},"id":"bpx495h1autxqzq","previousOperationId":"0e2vrnizgfzypdm"}
{"type":"operationEnd","operationId":"0e2vrnizgfzypdm","timestamp":1744181769518,"id":"adroxo3b8towyjl","previousEventId":"okzka68u9djiiqj","previousOperationId":"0e2vrnizgfzypdm"}
{"type":"log","timestamp":1744181769518,"level":"debug","message":"Skipping storing report.","meta":{"rootId":"i7ttsi0mr675dyh","id":"i7ttsi0mr675dyh"},"id":"i9wkabtjl19h4r6","previousOperationId":"0e2vrnizgfzypdm"}
{"type":"log","timestamp":1744181769519,"level":"info","message":"Rendering request 25 finished in 468 ms","meta":{"rootId":"i7ttsi0mr675dyh","id":"i7ttsi0mr675dyh"},"id":"5mkvzpix5dbfgbc","previousOperationId":"0e2vrnizgfzypdm"}
{"type":"operationEnd","subtype":"render","operationId":"5epckbd7bexu73q","timestamp":1744181769519,"id":"3uavyra8o1ym18k","previousEventId":"adroxo3b8towyjl","previousOperationId":"0e2vrnizgfzypdm"}
{"type":"operationEnd","doDiffs":false,"previousEventId":"pz9lu57fhjijpol","previousOperationId":"mzw5wdldlvb22xr","operationId":"mzw5wdldlvb22xr","timestamp":1744181769523,"id":"kausopfhiflzyv0"}
