{"type":"operationStart","subtype":"profile","data":{"_id":"pQAHX8RP0WUpmqDa","timestamp":"2025-04-09T14:12:03.812Z","state":"queued","mode":"standard","creationDate":"2025-04-09T14:12:03.815Z","modificationDate":"2025-04-09T14:12:03.815Z","shortid":"YkuaigB","$entitySet":"profiles"},"doDiffs":false,"timestamp":1744207923813,"id":"8d3cwnun0n3uj5p","previousOperationId":null,"operationId":"yifap4qr5wskxoh"}
{"type":"log","level":"info","message":"Render request 77 queued for execution and waiting for available worker","previousOperationId":"yifap4qr5wskxoh","timestamp":1744207923814,"id":"zfktth5nlrxt1fd"}
{"type":"operationStart","subtype":"render","name":"myTemplate","previousOperationId":"yifap4qr5wskxoh","timestamp":1744207923825,"id":"joq908kbfpj68gt","previousEventId":"8d3cwnun0n3uj5p","operationId":"fqzez1kcoi47c48"}
{"type":"log","timestamp":1744207923825,"level":"info","message":"Starting rendering request 77","meta":{"rootId":"i8jrgdnymoblu5l","id":"i8jrgdnymoblu5l"},"id":"wmic7bdv9z8bvqs","previousOperationId":"fqzez1kcoi47c48"}
{"type":"log","timestamp":1744207923825,"level":"info","message":"Rendering template { name: myTemplate, recipe: chrome-pdf, engine: handlebars, preview: true }","meta":{"rootId":"i8jrgdnymoblu5l","id":"i8jrgdnymoblu5l"},"id":"ti3300xzmaxfo0l","previousOperationId":"fqzez1kcoi47c48"}
{"type":"log","timestamp":1744207923826,"level":"debug","message":"Adding sample data HUavgV0Kc","meta":{"rootId":"i8jrgdnymoblu5l","id":"i8jrgdnymoblu5l"},"id":"gwt4xew7zsahiek","previousOperationId":"fqzez1kcoi47c48"}
{"type":"log","timestamp":1744207923828,"level":"debug","message":"Base url not specified, skipping its injection.","meta":{"rootId":"i8jrgdnymoblu5l","id":"i8jrgdnymoblu5l"},"id":"smmci4z78nbz8w2","previousOperationId":"fqzez1kcoi47c48"}
{"type":"operationStart","subtype":"engine","name":"handlebars","timestamp":1744207923828,"id":"okgnl39zu6cxauy","previousEventId":"joq908kbfpj68gt","operationId":"4ld52luut0q7r5u","previousOperationId":"fqzez1kcoi47c48"}
{"type":"log","timestamp":1744207923828,"level":"debug","message":"Rendering engine handlebars","meta":{"rootId":"i8jrgdnymoblu5l","id":"i8jrgdnymoblu5l"},"id":"b5qtzmboulsn0lp","previousOperationId":"4ld52luut0q7r5u"}
{"type":"operationEnd","operationId":"4ld52luut0q7r5u","timestamp":1744207923848,"id":"wp3upeevleimppp","previousEventId":"okgnl39zu6cxauy","previousOperationId":"4ld52luut0q7r5u"}
{"type":"operationStart","subtype":"recipe","name":"chrome-pdf","timestamp":1744207923848,"id":"v09cr4u16nlc654","previousEventId":"wp3upeevleimppp","operationId":"mzbbtwn8uek8qws","previousOperationId":"4ld52luut0q7r5u"}
{"type":"log","timestamp":1744207923848,"level":"debug","message":"Executing recipe chrome-pdf","meta":{"rootId":"i8jrgdnymoblu5l","id":"i8jrgdnymoblu5l"},"id":"9c81h51v6pu5loo","previousOperationId":"mzbbtwn8uek8qws"}
{"type":"log","timestamp":1744207923852,"level":"debug","message":"Converting with chrome Chrome/133.0.6943.126 using chrome-pool strategy","meta":{"rootId":"i8jrgdnymoblu5l","id":"i8jrgdnymoblu5l"},"id":"t2np2mjhsdsik8v","previousOperationId":"mzbbtwn8uek8qws"}
{"type":"log","timestamp":1744207923930,"level":"debug","message":"Page request: GET (document) file:///C:/Users/Patheo24/AppData/Local/Temp/jsreport/autocleanup/8f3cdcbc-fb7e-4ae6-bef6-af1b83fb897a-chrome-pdf.html","meta":{"rootId":"i8jrgdnymoblu5l","id":"i8jrgdnymoblu5l"},"id":"njk4dwgrv8veczw","previousOperationId":"mzbbtwn8uek8qws"}
{"type":"log","timestamp":1744207923978,"level":"debug","message":"Page request finished: GET (document) 200 file:///C:/Users/Patheo24/AppData/Local/Temp/jsreport/autocleanup/8f3cdcbc-fb7e-4ae6-bef6-af1b83fb897a-chrome-pdf.html","meta":{"rootId":"i8jrgdnymoblu5l","id":"i8jrgdnymoblu5l"},"id":"yod18ivk0autl1i","previousOperationId":"mzbbtwn8uek8qws"}
{"type":"log","timestamp":1744207923979,"level":"debug","message":"(console:info) Slow network is detected. See https://www.chromestatus.com/feature/5636954674692096 for more details. Fallback font will be used while loading: http://localhost:5488/fonts/kalpurush.ttf","meta":{"userLevel":true,"rootId":"i8jrgdnymoblu5l","id":"i8jrgdnymoblu5l"},"id":"nv8ykm7cs1lu1nw","previousOperationId":"mzbbtwn8uek8qws"}
{"type":"log","timestamp":1744207923985,"level":"debug","message":"Page request: GET (image) https://res.cloudinary.com/dpes1dyqb/image/upload/v1738768933/logo_myycxt.jpg","meta":{"rootId":"i8jrgdnymoblu5l","id":"i8jrgdnymoblu5l"},"id":"yyd50ntw6l3wv1p","previousOperationId":"mzbbtwn8uek8qws"}
{"type":"log","timestamp":1744207923985,"level":"debug","message":"Page request: GET (font) http://localhost:5488/fonts/kalpurush.ttf","meta":{"rootId":"i8jrgdnymoblu5l","id":"i8jrgdnymoblu5l"},"id":"96azuytcufhxbgn","previousOperationId":"mzbbtwn8uek8qws"}
{"type":"log","timestamp":1744207924039,"level":"debug","message":"Page request: GET (font) http://localhost:5488/fonts/kalpurush.ttf","meta":{"rootId":"i8jrgdnymoblu5l","id":"i8jrgdnymoblu5l"},"id":"unz7lz88rlqo39n","previousOperationId":"mzbbtwn8uek8qws"}
{"type":"log","timestamp":1744207924040,"level":"debug","message":"Page request finished: GET (image) 200 https://res.cloudinary.com/dpes1dyqb/image/upload/v1738768933/logo_myycxt.jpg","meta":{"rootId":"i8jrgdnymoblu5l","id":"i8jrgdnymoblu5l"},"id":"h6yzhxhtdkysuvt","previousOperationId":"mzbbtwn8uek8qws"}
{"type":"log","timestamp":1744207924046,"level":"debug","message":"(console:error) Failed to load resource: the server responded with a status of 404 (Not Found)","meta":{"userLevel":true,"rootId":"i8jrgdnymoblu5l","id":"i8jrgdnymoblu5l"},"id":"srio6o5p7pcc8kg","previousOperationId":"mzbbtwn8uek8qws"}
{"type":"log","timestamp":1744207924046,"level":"warn","message":"Page request failed: GET (font) http://localhost:5488/fonts/kalpurush.ttf, failure: net::ERR_ABORTED","meta":{"rootId":"i8jrgdnymoblu5l","id":"i8jrgdnymoblu5l"},"id":"nuzn3vybil73x92","previousOperationId":"mzbbtwn8uek8qws"}
{"type":"log","timestamp":1744207924060,"level":"debug","message":"Running chrome with params {\"printBackground\":true,\"format\":\"A5\",\"marginRight\":\"\",\"height\":\"\",\"marginTop\":\"\",\"marginBottom\":\"\",\"marginLeft\":\"\",\"displayHeaderFooter\":true,\"width\":\"\",\"timeout\":59961,\"margin\":{\"top\":\"\",\"right\":\"\",\"bottom\":\"\",\"left\":\"\"}}","meta":{"rootId":"i8jrgdnymoblu5l","id":"i8jrgdnymoblu5l"},"id":"089dt4zjmpdi10c","previousOperationId":"mzbbtwn8uek8qws"}
{"type":"operationEnd","operationId":"mzbbtwn8uek8qws","timestamp":1744207924492,"id":"j5125butjndifnh","previousEventId":"v09cr4u16nlc654","previousOperationId":"mzbbtwn8uek8qws"}
{"type":"log","timestamp":1744207924492,"level":"debug","message":"Skipping storing report.","meta":{"rootId":"i8jrgdnymoblu5l","id":"i8jrgdnymoblu5l"},"id":"u1pql913m8356zj","previousOperationId":"mzbbtwn8uek8qws"}
{"type":"log","timestamp":1744207924492,"level":"info","message":"Rendering request 77 finished in 680 ms","meta":{"rootId":"i8jrgdnymoblu5l","id":"i8jrgdnymoblu5l"},"id":"9r1hr6fbe1imcmp","previousOperationId":"mzbbtwn8uek8qws"}
{"type":"operationEnd","subtype":"render","operationId":"fqzez1kcoi47c48","timestamp":1744207924492,"id":"2azjsk42chp9p8v","previousEventId":"j5125butjndifnh","previousOperationId":"mzbbtwn8uek8qws"}
{"type":"operationEnd","doDiffs":false,"previousEventId":"8d3cwnun0n3uj5p","previousOperationId":"yifap4qr5wskxoh","operationId":"yifap4qr5wskxoh","timestamp":1744207924511,"id":"gxpn0m6adul9ga1"}
