{"type":"operationStart","subtype":"profile","data":{"_id":"t3l8DG5DmYqWYrME","timestamp":"2025-04-09T14:30:15.033Z","state":"queued","mode":"standard","creationDate":"2025-04-09T14:30:15.035Z","modificationDate":"2025-04-09T14:30:15.035Z","shortid":"q7Y8n7e","$entitySet":"profiles"},"doDiffs":false,"timestamp":1744209015034,"id":"6rspcbz68ouyo64","previousOperationId":null,"operationId":"txof4xq5mfro0vc"}
{"type":"log","level":"info","message":"Render request 102 queued for execution and waiting for available worker","previousOperationId":"txof4xq5mfro0vc","timestamp":1744209015034,"id":"k5111mceloruvqr"}
{"type":"operationStart","subtype":"render","name":"myTemplate","previousOperationId":"txof4xq5mfro0vc","timestamp":1744209015044,"id":"h00f6leyaj2gk8u","previousEventId":"6rspcbz68ouyo64","operationId":"on19ftm56q9b85a"}
{"type":"log","timestamp":1744209015044,"level":"info","message":"Starting rendering request 102","meta":{"rootId":"ibwksz3ewpbbbih","id":"ibwksz3ewpbbbih"},"id":"t4ycugv921g188y","previousOperationId":"on19ftm56q9b85a"}
{"type":"log","timestamp":1744209015044,"level":"info","message":"Rendering template { name: myTemplate, recipe: chrome-pdf, engine: handlebars, preview: true }","meta":{"rootId":"ibwksz3ewpbbbih","id":"ibwksz3ewpbbbih"},"id":"nthngbqb17syq0x","previousOperationId":"on19ftm56q9b85a"}
{"type":"log","timestamp":1744209015045,"level":"debug","message":"Inline data specified.","meta":{"rootId":"ibwksz3ewpbbbih","id":"ibwksz3ewpbbbih"},"id":"n98hwyoxbs3t1yx","previousOperationId":"on19ftm56q9b85a"}
{"type":"log","timestamp":1744209015047,"level":"debug","message":"Base url not specified, skipping its injection.","meta":{"rootId":"ibwksz3ewpbbbih","id":"ibwksz3ewpbbbih"},"id":"2ogfc9we9m1zdv8","previousOperationId":"on19ftm56q9b85a"}
{"type":"operationStart","subtype":"engine","name":"handlebars","timestamp":1744209015047,"id":"hipmulb5sce2rni","previousEventId":"h00f6leyaj2gk8u","operationId":"uigh2cdx5z9un9n","previousOperationId":"on19ftm56q9b85a"}
{"type":"log","timestamp":1744209015047,"level":"debug","message":"Rendering engine handlebars","meta":{"rootId":"ibwksz3ewpbbbih","id":"ibwksz3ewpbbbih"},"id":"md1xx0jcurhm1gr","previousOperationId":"uigh2cdx5z9un9n"}
{"type":"operationEnd","operationId":"uigh2cdx5z9un9n","timestamp":1744209015066,"id":"nwziqzn5t04diyf","previousEventId":"hipmulb5sce2rni","previousOperationId":"uigh2cdx5z9un9n"}
{"type":"operationStart","subtype":"recipe","name":"chrome-pdf","timestamp":1744209015066,"id":"65wq25q4wwrjjku","previousEventId":"nwziqzn5t04diyf","operationId":"wzptuip9xoih58n","previousOperationId":"uigh2cdx5z9un9n"}
{"type":"log","timestamp":1744209015066,"level":"debug","message":"Executing recipe chrome-pdf","meta":{"rootId":"ibwksz3ewpbbbih","id":"ibwksz3ewpbbbih"},"id":"i234b4mommf2fxz","previousOperationId":"wzptuip9xoih58n"}
{"type":"log","timestamp":1744209015068,"level":"debug","message":"Converting with chrome Chrome/133.0.6943.126 using chrome-pool strategy","meta":{"rootId":"ibwksz3ewpbbbih","id":"ibwksz3ewpbbbih"},"id":"xv52omjihjkyni1","previousOperationId":"wzptuip9xoih58n"}
{"type":"log","timestamp":1744209015144,"level":"debug","message":"Page request: GET (document) file:///C:/Users/Patheo24/AppData/Local/Temp/jsreport/autocleanup/91bf46bd-528a-4ad2-b523-d04c745fc6a8-chrome-pdf.html","meta":{"rootId":"ibwksz3ewpbbbih","id":"ibwksz3ewpbbbih"},"id":"sr53s3rmuibl8hj","previousOperationId":"wzptuip9xoih58n"}
{"type":"log","timestamp":1744209015192,"level":"debug","message":"Page request finished: GET (document) 200 file:///C:/Users/Patheo24/AppData/Local/Temp/jsreport/autocleanup/91bf46bd-528a-4ad2-b523-d04c745fc6a8-chrome-pdf.html","meta":{"rootId":"ibwksz3ewpbbbih","id":"ibwksz3ewpbbbih"},"id":"1xndrsybtpw020w","previousOperationId":"wzptuip9xoih58n"}
{"type":"log","timestamp":1744209015192,"level":"debug","message":"(console:info) Slow network is detected. See https://www.chromestatus.com/feature/5636954674692096 for more details. Fallback font will be used while loading: http://localhost:5488/fonts/kalpurush.ttf","meta":{"userLevel":true,"rootId":"ibwksz3ewpbbbih","id":"ibwksz3ewpbbbih"},"id":"c3f2aacqy0ra3oz","previousOperationId":"wzptuip9xoih58n"}
{"type":"log","timestamp":1744209015198,"level":"debug","message":"Page request: GET (font) http://localhost:5488/fonts/kalpurush.ttf","meta":{"rootId":"ibwksz3ewpbbbih","id":"ibwksz3ewpbbbih"},"id":"89r4ccsyz54aj5y","previousOperationId":"wzptuip9xoih58n"}
{"type":"log","timestamp":1744209015199,"level":"debug","message":"Page request: GET (image) https://res.cloudinary.com/dpes1dyqb/image/upload/v1738768933/logo_myycxt.jpg","meta":{"rootId":"ibwksz3ewpbbbih","id":"ibwksz3ewpbbbih"},"id":"072i6jlyym6wc4a","previousOperationId":"wzptuip9xoih58n"}
{"type":"log","timestamp":1744209015239,"level":"debug","message":"Page request: GET (font) http://localhost:5488/fonts/kalpurush.ttf","meta":{"rootId":"ibwksz3ewpbbbih","id":"ibwksz3ewpbbbih"},"id":"y0hrthh9n7hlbd1","previousOperationId":"wzptuip9xoih58n"}
{"type":"log","timestamp":1744209015241,"level":"debug","message":"Page request finished: GET (image) 200 https://res.cloudinary.com/dpes1dyqb/image/upload/v1738768933/logo_myycxt.jpg","meta":{"rootId":"ibwksz3ewpbbbih","id":"ibwksz3ewpbbbih"},"id":"h9fp0vhm1uiai1y","previousOperationId":"wzptuip9xoih58n"}
{"type":"log","timestamp":1744209015253,"level":"debug","message":"(console:error) Failed to load resource: the server responded with a status of 404 (Not Found)","meta":{"userLevel":true,"rootId":"ibwksz3ewpbbbih","id":"ibwksz3ewpbbbih"},"id":"pev1x8tbxqex6cw","previousOperationId":"wzptuip9xoih58n"}
{"type":"log","timestamp":1744209015253,"level":"warn","message":"Page request failed: GET (font) http://localhost:5488/fonts/kalpurush.ttf, failure: net::ERR_ABORTED","meta":{"rootId":"ibwksz3ewpbbbih","id":"ibwksz3ewpbbbih"},"id":"bhjunnr90cd1xun","previousOperationId":"wzptuip9xoih58n"}
{"type":"log","timestamp":1744209015264,"level":"debug","message":"Running chrome with params {\"printBackground\":true,\"format\":\"A5\",\"marginRight\":\"\",\"height\":\"\",\"marginTop\":\"\",\"marginBottom\":\"\",\"marginLeft\":\"\",\"displayHeaderFooter\":true,\"width\":\"\",\"timeout\":59966,\"margin\":{\"top\":\"\",\"right\":\"\",\"bottom\":\"\",\"left\":\"\"}}","meta":{"rootId":"ibwksz3ewpbbbih","id":"ibwksz3ewpbbbih"},"id":"qzs7mjrxlbfvxsl","previousOperationId":"wzptuip9xoih58n"}
{"type":"operationEnd","operationId":"wzptuip9xoih58n","timestamp":1744209015589,"id":"6udqqmhnp9cgx5o","previousEventId":"65wq25q4wwrjjku","previousOperationId":"wzptuip9xoih58n"}
{"type":"log","timestamp":1744209015589,"level":"debug","message":"Skipping storing report.","meta":{"rootId":"ibwksz3ewpbbbih","id":"ibwksz3ewpbbbih"},"id":"7k1xb1dwk2gbjd6","previousOperationId":"wzptuip9xoih58n"}
{"type":"log","timestamp":1744209015589,"level":"info","message":"Rendering request 102 finished in 556 ms","meta":{"rootId":"ibwksz3ewpbbbih","id":"ibwksz3ewpbbbih"},"id":"3q5dehw3j9tyf7w","previousOperationId":"wzptuip9xoih58n"}
{"type":"operationEnd","subtype":"render","operationId":"on19ftm56q9b85a","timestamp":1744209015589,"id":"dtw6hhsre36zfw7","previousEventId":"6udqqmhnp9cgx5o","previousOperationId":"wzptuip9xoih58n"}
{"type":"operationEnd","doDiffs":false,"previousEventId":"6rspcbz68ouyo64","previousOperationId":"txof4xq5mfro0vc","operationId":"txof4xq5mfro0vc","timestamp":1744209015592,"id":"x6xh23ce7oulumq"}
