{"type":"operationStart","subtype":"profile","data":{"_id":"MecbxN3bz0j26v8F","timestamp":"2025-04-09T12:24:55.853Z","state":"queued","mode":"standard","creationDate":"2025-04-09T12:24:55.854Z","modificationDate":"2025-04-09T12:24:55.854Z","shortid":"dtYzx6M","$entitySet":"profiles"},"doDiffs":false,"timestamp":1744201495853,"id":"k4rijc3vn2ycth4","previousOperationId":null,"operationId":"tmbpk7vqmjql1rg"}
{"type":"log","level":"info","message":"Render request 47 queued for execution and waiting for available worker","previousOperationId":"tmbpk7vqmjql1rg","timestamp":1744201495854,"id":"9rwcgdnvjolzx9d"}
{"type":"operationStart","subtype":"render","name":"myTemplate","previousOperationId":"tmbpk7vqmjql1rg","timestamp":1744201495870,"id":"h13l23y4lqhzl0l","previousEventId":"k4rijc3vn2ycth4","operationId":"wekshdygtsn2rv1"}
{"type":"log","timestamp":1744201495871,"level":"info","message":"Starting rendering request 47","meta":{"rootId":"igvipqnz73jvclk","id":"igvipqnz73jvclk"},"id":"nqteqlgvcwz44zm","previousOperationId":"wekshdygtsn2rv1"}
{"type":"log","timestamp":1744201495871,"level":"info","message":"Rendering template { name: myTemplate, recipe: chrome-pdf, engine: handlebars, preview: false }","meta":{"rootId":"igvipqnz73jvclk","id":"igvipqnz73jvclk"},"id":"38nty6wstxnofxy","previousOperationId":"wekshdygtsn2rv1"}
{"type":"log","timestamp":1744201495877,"level":"debug","message":"Inline data specified.","meta":{"rootId":"igvipqnz73jvclk","id":"igvipqnz73jvclk"},"id":"9k8tvx1823lqu4f","previousOperationId":"wekshdygtsn2rv1"}
{"type":"log","timestamp":1744201495882,"level":"debug","message":"Base url not specified, skipping its injection.","meta":{"rootId":"igvipqnz73jvclk","id":"igvipqnz73jvclk"},"id":"s752hy5eunfnzzc","previousOperationId":"wekshdygtsn2rv1"}
{"type":"operationStart","subtype":"engine","name":"handlebars","timestamp":1744201495883,"id":"zix8ra8tbc2whws","previousEventId":"h13l23y4lqhzl0l","operationId":"h7ph5naj6vxedam","previousOperationId":"wekshdygtsn2rv1"}
{"type":"log","timestamp":1744201495883,"level":"debug","message":"Rendering engine handlebars","meta":{"rootId":"igvipqnz73jvclk","id":"igvipqnz73jvclk"},"id":"x0jon7gu0sp3rja","previousOperationId":"h7ph5naj6vxedam"}
{"type":"operationEnd","operationId":"h7ph5naj6vxedam","timestamp":1744201495900,"id":"k0oa38yp6as8wum","previousEventId":"zix8ra8tbc2whws","previousOperationId":"h7ph5naj6vxedam"}
{"type":"operationStart","subtype":"recipe","name":"chrome-pdf","timestamp":1744201495905,"id":"v3qrwdywkrhfvin","previousEventId":"k0oa38yp6as8wum","operationId":"eazjcexskszhn2o","previousOperationId":"h7ph5naj6vxedam"}
{"type":"log","timestamp":1744201495905,"level":"debug","message":"Executing recipe chrome-pdf","meta":{"rootId":"igvipqnz73jvclk","id":"igvipqnz73jvclk"},"id":"szvm3j12ltljekq","previousOperationId":"eazjcexskszhn2o"}
{"type":"log","timestamp":1744201495912,"level":"debug","message":"Converting with chrome Chrome/133.0.6943.126 using chrome-pool strategy","meta":{"rootId":"igvipqnz73jvclk","id":"igvipqnz73jvclk"},"id":"c50g6eyv3gibsuc","previousOperationId":"eazjcexskszhn2o"}
{"type":"log","timestamp":1744201495998,"level":"debug","message":"Page request: GET (document) file:///C:/Users/Patheo24/AppData/Local/Temp/jsreport/autocleanup/abb4b07a-cd86-4321-8bb1-e000fb859986-chrome-pdf.html","meta":{"rootId":"igvipqnz73jvclk","id":"igvipqnz73jvclk"},"id":"biscchgkshhaegz","previousOperationId":"eazjcexskszhn2o"}
{"type":"log","timestamp":1744201496022,"level":"debug","message":"Page request finished: GET (document) 200 file:///C:/Users/Patheo24/AppData/Local/Temp/jsreport/autocleanup/abb4b07a-cd86-4321-8bb1-e000fb859986-chrome-pdf.html","meta":{"rootId":"igvipqnz73jvclk","id":"igvipqnz73jvclk"},"id":"uvhn82cl1efu1rz","previousOperationId":"eazjcexskszhn2o"}
{"type":"log","timestamp":1744201496023,"level":"debug","message":"(console:info) Slow network is detected. See https://www.chromestatus.com/feature/5636954674692096 for more details. Fallback font will be used while loading: http://localhost:5488/fonts/kalpurush.ttf","meta":{"userLevel":true,"rootId":"igvipqnz73jvclk","id":"igvipqnz73jvclk"},"id":"t0ht1abjlfoiecd","previousOperationId":"eazjcexskszhn2o"}
{"type":"log","timestamp":1744201496023,"level":"debug","message":"Page request: GET (image) https://res.cloudinary.com/dpes1dyqb/image/upload/v1738768933/logo_myycxt.jpg","meta":{"rootId":"igvipqnz73jvclk","id":"igvipqnz73jvclk"},"id":"8d6qzh3dxb8k204","previousOperationId":"eazjcexskszhn2o"}
{"type":"log","timestamp":1744201496029,"level":"debug","message":"Page request: GET (font) http://localhost:5488/fonts/kalpurush.ttf","meta":{"rootId":"igvipqnz73jvclk","id":"igvipqnz73jvclk"},"id":"0le07pmsyle9ljk","previousOperationId":"eazjcexskszhn2o"}
{"type":"log","timestamp":1744201496034,"level":"debug","message":"Page request: GET (font) http://localhost:5488/fonts/kalpurush.ttf","meta":{"rootId":"igvipqnz73jvclk","id":"igvipqnz73jvclk"},"id":"hs4n3pvvt5j2ldp","previousOperationId":"eazjcexskszhn2o"}
{"type":"log","timestamp":1744201496084,"level":"debug","message":"Page request finished: GET (image) 200 https://res.cloudinary.com/dpes1dyqb/image/upload/v1738768933/logo_myycxt.jpg","meta":{"rootId":"igvipqnz73jvclk","id":"igvipqnz73jvclk"},"id":"jfsl2jsaef0q1cc","previousOperationId":"eazjcexskszhn2o"}
{"type":"log","timestamp":1744201496085,"level":"debug","message":"(console:error) Failed to load resource: the server responded with a status of 404 (Not Found)","meta":{"userLevel":true,"rootId":"igvipqnz73jvclk","id":"igvipqnz73jvclk"},"id":"bw7v50cnk6zt8v4","previousOperationId":"eazjcexskszhn2o"}
{"type":"log","timestamp":1744201496085,"level":"warn","message":"Page request failed: GET (font) http://localhost:5488/fonts/kalpurush.ttf, failure: net::ERR_ABORTED","meta":{"rootId":"igvipqnz73jvclk","id":"igvipqnz73jvclk"},"id":"1xa3t0umsnygw75","previousOperationId":"eazjcexskszhn2o"}
{"type":"log","timestamp":1744201496097,"level":"debug","message":"Running chrome with params {\"printBackground\":true,\"timeout\":59942,\"margin\":{}}","meta":{"rootId":"igvipqnz73jvclk","id":"igvipqnz73jvclk"},"id":"bsv70in5gmt8j78","previousOperationId":"eazjcexskszhn2o"}
{"type":"operationEnd","operationId":"eazjcexskszhn2o","timestamp":1744201496408,"id":"ebgmmd5na2wilbz","previousEventId":"v3qrwdywkrhfvin","previousOperationId":"eazjcexskszhn2o"}
{"type":"log","timestamp":1744201496409,"level":"debug","message":"Skipping storing report.","meta":{"rootId":"igvipqnz73jvclk","id":"igvipqnz73jvclk"},"id":"luaqtcksaflmdhh","previousOperationId":"eazjcexskszhn2o"}
{"type":"log","timestamp":1744201496409,"level":"info","message":"Rendering request 47 finished in 557 ms","meta":{"rootId":"igvipqnz73jvclk","id":"igvipqnz73jvclk"},"id":"lkhptfwrkq8ykp4","previousOperationId":"eazjcexskszhn2o"}
{"type":"operationEnd","subtype":"render","operationId":"wekshdygtsn2rv1","timestamp":1744201496409,"id":"yylrasdes6ngkrf","previousEventId":"ebgmmd5na2wilbz","previousOperationId":"eazjcexskszhn2o"}
{"type":"operationEnd","doDiffs":false,"previousEventId":"k4rijc3vn2ycth4","previousOperationId":"tmbpk7vqmjql1rg","operationId":"tmbpk7vqmjql1rg","timestamp":1744201496412,"id":"blw6h67nb34n8un"}
