{"type":"operationStart","subtype":"profile","data":{"_id":"xXW4C3vSnXz5eotY","timestamp":"2025-04-09T14:04:30.220Z","state":"queued","mode":"standard","creationDate":"2025-04-09T14:04:30.222Z","modificationDate":"2025-04-09T14:04:30.222Z","shortid":"iJCNfB5","$entitySet":"profiles"},"doDiffs":false,"timestamp":1744207470221,"id":"tcgqt5rwhwaeyi0","previousOperationId":null,"operationId":"3he25szdi9cp4r8"}
{"type":"log","level":"info","message":"Render request 63 queued for execution and waiting for available worker","previousOperationId":"3he25szdi9cp4r8","timestamp":1744207470221,"id":"sqdd3tkw81pntkv"}
{"type":"operationStart","subtype":"render","name":"myTemplate","previousOperationId":"3he25szdi9cp4r8","timestamp":1744207470234,"id":"evfpqtiahdv1c7x","previousEventId":"tcgqt5rwhwaeyi0","operationId":"gy2vm5m26iu2hhw"}
{"type":"log","timestamp":1744207470234,"level":"info","message":"Starting rendering request 63","meta":{"rootId":"im6p2ep3d62tpbf","id":"im6p2ep3d62tpbf"},"id":"olk4m8uq11kc3e1","previousOperationId":"gy2vm5m26iu2hhw"}
{"type":"log","timestamp":1744207470234,"level":"info","message":"Rendering template { name: myTemplate, recipe: chrome-pdf, engine: handlebars, preview: true }","meta":{"rootId":"im6p2ep3d62tpbf","id":"im6p2ep3d62tpbf"},"id":"y18x7mp4zqm9vs8","previousOperationId":"gy2vm5m26iu2hhw"}
{"type":"log","timestamp":1744207470235,"level":"debug","message":"Adding sample data HUavgV0Kc","meta":{"rootId":"im6p2ep3d62tpbf","id":"im6p2ep3d62tpbf"},"id":"ekpa3h2w3gwcw92","previousOperationId":"gy2vm5m26iu2hhw"}
{"type":"log","timestamp":1744207470237,"level":"debug","message":"Base url not specified, skipping its injection.","meta":{"rootId":"im6p2ep3d62tpbf","id":"im6p2ep3d62tpbf"},"id":"vlhdxccg0yvs1zz","previousOperationId":"gy2vm5m26iu2hhw"}
{"type":"operationStart","subtype":"engine","name":"handlebars","timestamp":1744207470237,"id":"u295xc6xozewdc3","previousEventId":"evfpqtiahdv1c7x","operationId":"2f68d7zb3stpj7v","previousOperationId":"gy2vm5m26iu2hhw"}
{"type":"log","timestamp":1744207470237,"level":"debug","message":"Rendering engine handlebars","meta":{"rootId":"im6p2ep3d62tpbf","id":"im6p2ep3d62tpbf"},"id":"wbxxd3df04dhv8p","previousOperationId":"2f68d7zb3stpj7v"}
{"type":"operationEnd","operationId":"2f68d7zb3stpj7v","timestamp":1744207470265,"id":"l2pjek5wq2fb74f","previousEventId":"u295xc6xozewdc3","previousOperationId":"2f68d7zb3stpj7v"}
{"type":"operationStart","subtype":"recipe","name":"chrome-pdf","timestamp":1744207470266,"id":"ka4cmtr44ygts26","previousEventId":"l2pjek5wq2fb74f","operationId":"0m9nan0tidqqpmj","previousOperationId":"2f68d7zb3stpj7v"}
{"type":"log","timestamp":1744207470266,"level":"debug","message":"Executing recipe chrome-pdf","meta":{"rootId":"im6p2ep3d62tpbf","id":"im6p2ep3d62tpbf"},"id":"u3uw983i9o436wf","previousOperationId":"0m9nan0tidqqpmj"}
{"type":"log","timestamp":1744207470272,"level":"debug","message":"Converting with chrome Chrome/133.0.6943.126 using chrome-pool strategy","meta":{"rootId":"im6p2ep3d62tpbf","id":"im6p2ep3d62tpbf"},"id":"7r53dbkptq83x20","previousOperationId":"0m9nan0tidqqpmj"}
{"type":"log","timestamp":1744207470348,"level":"debug","message":"Page request: GET (document) file:///C:/Users/Patheo24/AppData/Local/Temp/jsreport/autocleanup/055ddc8b-3955-4b49-aca1-b7c2553f39e2-chrome-pdf.html","meta":{"rootId":"im6p2ep3d62tpbf","id":"im6p2ep3d62tpbf"},"id":"evh2jvqviduqys7","previousOperationId":"0m9nan0tidqqpmj"}
{"type":"log","timestamp":1744207470372,"level":"debug","message":"Page request finished: GET (document) 200 file:///C:/Users/Patheo24/AppData/Local/Temp/jsreport/autocleanup/055ddc8b-3955-4b49-aca1-b7c2553f39e2-chrome-pdf.html","meta":{"rootId":"im6p2ep3d62tpbf","id":"im6p2ep3d62tpbf"},"id":"v9b4gom8pui7bgx","previousOperationId":"0m9nan0tidqqpmj"}
{"type":"log","timestamp":1744207470373,"level":"debug","message":"Page request: GET (font) http://localhost:5488/fonts/kalpurush.ttf","meta":{"rootId":"im6p2ep3d62tpbf","id":"im6p2ep3d62tpbf"},"id":"c21nvvfl54c3tjz","previousOperationId":"0m9nan0tidqqpmj"}
{"type":"log","timestamp":1744207470378,"level":"debug","message":"Page request: GET (image) https://res.cloudinary.com/dpes1dyqb/image/upload/v1738768933/logo_myycxt.jpg","meta":{"rootId":"im6p2ep3d62tpbf","id":"im6p2ep3d62tpbf"},"id":"cpqmjjtluxit93u","previousOperationId":"0m9nan0tidqqpmj"}
{"type":"log","timestamp":1744207470424,"level":"debug","message":"Page request: GET (font) http://localhost:5488/fonts/kalpurush.ttf","meta":{"rootId":"im6p2ep3d62tpbf","id":"im6p2ep3d62tpbf"},"id":"pk7iupwhh7akxlr","previousOperationId":"0m9nan0tidqqpmj"}
{"type":"log","timestamp":1744207470425,"level":"debug","message":"Page request finished: GET (image) 200 https://res.cloudinary.com/dpes1dyqb/image/upload/v1738768933/logo_myycxt.jpg","meta":{"rootId":"im6p2ep3d62tpbf","id":"im6p2ep3d62tpbf"},"id":"b1nw2o6db0svqts","previousOperationId":"0m9nan0tidqqpmj"}
{"type":"log","timestamp":1744207470435,"level":"debug","message":"(console:error) Failed to load resource: the server responded with a status of 404 (Not Found)","meta":{"userLevel":true,"rootId":"im6p2ep3d62tpbf","id":"im6p2ep3d62tpbf"},"id":"tz0gk4lp33gssdz","previousOperationId":"0m9nan0tidqqpmj"}
{"type":"log","timestamp":1744207470435,"level":"warn","message":"Page request failed: GET (font) http://localhost:5488/fonts/kalpurush.ttf, failure: net::ERR_ABORTED","meta":{"rootId":"im6p2ep3d62tpbf","id":"im6p2ep3d62tpbf"},"id":"6vnr5mtf8ljladt","previousOperationId":"0m9nan0tidqqpmj"}
{"type":"log","timestamp":1744207470440,"level":"debug","message":"Running chrome with params {\"printBackground\":true,\"format\":\"A5\",\"marginRight\":\"\",\"timeout\":59950,\"margin\":{\"right\":\"\"}}","meta":{"rootId":"im6p2ep3d62tpbf","id":"im6p2ep3d62tpbf"},"id":"9q0c8sr3dwvzbwt","previousOperationId":"0m9nan0tidqqpmj"}
{"type":"operationEnd","operationId":"0m9nan0tidqqpmj","timestamp":1744207470731,"id":"a1upfkqffsazy4c","previousEventId":"ka4cmtr44ygts26","previousOperationId":"0m9nan0tidqqpmj"}
{"type":"log","timestamp":1744207470731,"level":"debug","message":"Skipping storing report.","meta":{"rootId":"im6p2ep3d62tpbf","id":"im6p2ep3d62tpbf"},"id":"0c75ynogsqcc2mi","previousOperationId":"0m9nan0tidqqpmj"}
{"type":"log","timestamp":1744207470731,"level":"info","message":"Rendering request 63 finished in 511 ms","meta":{"rootId":"im6p2ep3d62tpbf","id":"im6p2ep3d62tpbf"},"id":"hmon6gxn5oifu9t","previousOperationId":"0m9nan0tidqqpmj"}
{"type":"operationEnd","subtype":"render","operationId":"gy2vm5m26iu2hhw","timestamp":1744207470732,"id":"ne1ggmsn812kvvs","previousEventId":"a1upfkqffsazy4c","previousOperationId":"0m9nan0tidqqpmj"}
{"type":"operationEnd","doDiffs":false,"previousEventId":"tcgqt5rwhwaeyi0","previousOperationId":"3he25szdi9cp4r8","operationId":"3he25szdi9cp4r8","timestamp":1744207470735,"id":"60c0tuc09yl9vvu"}
