{"type":"operationStart","subtype":"profile","data":{"_id":"RKOrAaetDUykVtpy","timestamp":"2025-04-09T06:49:22.781Z","state":"queued","mode":"standard","creationDate":"2025-04-09T06:49:22.800Z","modificationDate":"2025-04-09T06:49:22.800Z","shortid":"WsMCnyX","$entitySet":"profiles"},"doDiffs":false,"timestamp":1744181362789,"id":"2upkvarwptgeps4","previousOperationId":null,"operationId":"fdhzdt1die150mp"}
{"type":"log","level":"info","message":"Render request 21 queued for execution and waiting for available worker","previousOperationId":"fdhzdt1die150mp","timestamp":1744181362790,"id":"t2iyvphhqcs97it"}
{"type":"operationStart","subtype":"render","name":"myTemplate","previousOperationId":"fdhzdt1die150mp","timestamp":1744181362812,"id":"1dveuvpxfa9fx83","previousEventId":"2upkvarwptgeps4","operationId":"ly0mlg0hh0l29mv"}
{"type":"log","timestamp":1744181362812,"level":"info","message":"Starting rendering request 21","meta":{"rootId":"iuyrm1tspacbdkb","id":"iuyrm1tspacbdkb"},"id":"43iium5qhcauylt","previousOperationId":"ly0mlg0hh0l29mv"}
{"type":"log","timestamp":1744181362812,"level":"info","message":"Rendering template { name: myTemplate, recipe: chrome-pdf, engine: handlebars, preview: true }","meta":{"rootId":"iuyrm1tspacbdkb","id":"iuyrm1tspacbdkb"},"id":"z2437fhy8dxg28r","previousOperationId":"ly0mlg0hh0l29mv"}
{"type":"log","timestamp":1744181362813,"level":"debug","message":"Inline data specified.","meta":{"rootId":"iuyrm1tspacbdkb","id":"iuyrm1tspacbdkb"},"id":"uwouo85bn7l0tfx","previousOperationId":"ly0mlg0hh0l29mv"}
{"type":"log","timestamp":1744181362815,"level":"debug","message":"Base url not specified, skipping its injection.","meta":{"rootId":"iuyrm1tspacbdkb","id":"iuyrm1tspacbdkb"},"id":"psn0hlfzutth5hs","previousOperationId":"ly0mlg0hh0l29mv"}
{"type":"operationStart","subtype":"engine","name":"handlebars","timestamp":1744181362815,"id":"dtnpyg9tmagmvvr","previousEventId":"1dveuvpxfa9fx83","operationId":"jv099d62azd01fw","previousOperationId":"ly0mlg0hh0l29mv"}
{"type":"log","timestamp":1744181362815,"level":"debug","message":"Rendering engine handlebars","meta":{"rootId":"iuyrm1tspacbdkb","id":"iuyrm1tspacbdkb"},"id":"9c1ip7aeaqzkedm","previousOperationId":"jv099d62azd01fw"}
{"type":"operationEnd","operationId":"jv099d62azd01fw","timestamp":1744181362835,"id":"2nyd0ombsfuq7ds","previousEventId":"dtnpyg9tmagmvvr","previousOperationId":"jv099d62azd01fw"}
{"type":"operationStart","subtype":"recipe","name":"chrome-pdf","timestamp":1744181362836,"id":"mwzavgb531ziuih","previousEventId":"2nyd0ombsfuq7ds","operationId":"9hocotkw1adhbzv","previousOperationId":"jv099d62azd01fw"}
{"type":"log","timestamp":1744181362836,"level":"debug","message":"Executing recipe chrome-pdf","meta":{"rootId":"iuyrm1tspacbdkb","id":"iuyrm1tspacbdkb"},"id":"y2oynq47y16a66x","previousOperationId":"9hocotkw1adhbzv"}
{"type":"log","timestamp":1744181362838,"level":"debug","message":"Converting with chrome Chrome/133.0.6943.126 using chrome-pool strategy","meta":{"rootId":"iuyrm1tspacbdkb","id":"iuyrm1tspacbdkb"},"id":"39ttyu5e6tvn95d","previousOperationId":"9hocotkw1adhbzv"}
{"type":"log","timestamp":1744181362915,"level":"debug","message":"Page request: GET (document) file:///C:/Users/Patheo24/AppData/Local/Temp/jsreport/autocleanup/f42c7670-0ce8-4807-a47f-1865f70273f2-chrome-pdf.html","meta":{"rootId":"iuyrm1tspacbdkb","id":"iuyrm1tspacbdkb"},"id":"2z56sjph2ootlv6","previousOperationId":"9hocotkw1adhbzv"}
{"type":"log","timestamp":1744181362950,"level":"debug","message":"Page request finished: GET (document) 200 file:///C:/Users/Patheo24/AppData/Local/Temp/jsreport/autocleanup/f42c7670-0ce8-4807-a47f-1865f70273f2-chrome-pdf.html","meta":{"rootId":"iuyrm1tspacbdkb","id":"iuyrm1tspacbdkb"},"id":"64ai1lqzqhlbes1","previousOperationId":"9hocotkw1adhbzv"}
{"type":"log","timestamp":1744181362955,"level":"debug","message":"Page request: GET (font) http://localhost:5488/fonts/kalpurush.ttf","meta":{"rootId":"iuyrm1tspacbdkb","id":"iuyrm1tspacbdkb"},"id":"vrr62rf95jp6val","previousOperationId":"9hocotkw1adhbzv"}
{"type":"log","timestamp":1744181362956,"level":"debug","message":"Page request: GET (image) https://res.cloudinary.com/dpes1dyqb/image/upload/v1738768933/logo_myycxt.jpg","meta":{"rootId":"iuyrm1tspacbdkb","id":"iuyrm1tspacbdkb"},"id":"xa69i4j99wu3imo","previousOperationId":"9hocotkw1adhbzv"}
{"type":"log","timestamp":1744181363025,"level":"debug","message":"Page request: GET (font) http://localhost:5488/fonts/kalpurush.ttf","meta":{"rootId":"iuyrm1tspacbdkb","id":"iuyrm1tspacbdkb"},"id":"spboh14q02sgya0","previousOperationId":"9hocotkw1adhbzv"}
{"type":"log","timestamp":1744181363029,"level":"debug","message":"Page request finished: GET (image) 200 https://res.cloudinary.com/dpes1dyqb/image/upload/v1738768933/logo_myycxt.jpg","meta":{"rootId":"iuyrm1tspacbdkb","id":"iuyrm1tspacbdkb"},"id":"bz3es2cchruc5yc","previousOperationId":"9hocotkw1adhbzv"}
{"type":"log","timestamp":1744181363038,"level":"debug","message":"(console:error) Failed to load resource: the server responded with a status of 404 (Not Found)","meta":{"userLevel":true,"rootId":"iuyrm1tspacbdkb","id":"iuyrm1tspacbdkb"},"id":"p3aqy5crhz6jdga","previousOperationId":"9hocotkw1adhbzv"}
{"type":"log","timestamp":1744181363038,"level":"warn","message":"Page request failed: GET (font) http://localhost:5488/fonts/kalpurush.ttf, failure: net::ERR_ABORTED","meta":{"rootId":"iuyrm1tspacbdkb","id":"iuyrm1tspacbdkb"},"id":"h89grl3mxnl7j9m","previousOperationId":"9hocotkw1adhbzv"}
{"type":"log","timestamp":1744181363047,"level":"debug","message":"Running chrome with params {\"printBackground\":true,\"timeout\":59944,\"margin\":{}}","meta":{"rootId":"iuyrm1tspacbdkb","id":"iuyrm1tspacbdkb"},"id":"7k0vx6cyrczy36n","previousOperationId":"9hocotkw1adhbzv"}
{"type":"operationEnd","operationId":"9hocotkw1adhbzv","timestamp":1744181363379,"id":"e3hp3aqxs3q8m0w","previousEventId":"mwzavgb531ziuih","previousOperationId":"9hocotkw1adhbzv"}
{"type":"log","timestamp":1744181363379,"level":"debug","message":"Skipping storing report.","meta":{"rootId":"iuyrm1tspacbdkb","id":"iuyrm1tspacbdkb"},"id":"y810hbhmb5vm4v0","previousOperationId":"9hocotkw1adhbzv"}
{"type":"log","timestamp":1744181363379,"level":"info","message":"Rendering request 21 finished in 598 ms","meta":{"rootId":"iuyrm1tspacbdkb","id":"iuyrm1tspacbdkb"},"id":"dcpjxi3c56caikw","previousOperationId":"9hocotkw1adhbzv"}
{"type":"operationEnd","subtype":"render","operationId":"ly0mlg0hh0l29mv","timestamp":1744181363379,"id":"rtsgkdxqjza4o87","previousEventId":"e3hp3aqxs3q8m0w","previousOperationId":"9hocotkw1adhbzv"}
{"type":"operationEnd","doDiffs":false,"previousEventId":"2upkvarwptgeps4","previousOperationId":"fdhzdt1die150mp","operationId":"fdhzdt1die150mp","timestamp":1744181363384,"id":"btq7impat9hjank"}
