{"type":"operationStart","subtype":"profile","data":{"_id":"DtKzwYVqegYLz3Bi","timestamp":"2025-04-10T13:00:57.357Z","state":"queued","mode":"standard","creationDate":"2025-04-10T13:00:57.359Z","modificationDate":"2025-04-10T13:00:57.359Z","shortid":"3mP7W6-","$entitySet":"profiles"},"doDiffs":false,"timestamp":1744290057358,"id":"8zponjzp4wpe7cn","previousOperationId":null,"operationId":"29f5h20vrg6rmv9"}
{"type":"log","level":"info","message":"Render request 3 queued for execution and waiting for available worker","previousOperationId":"29f5h20vrg6rmv9","timestamp":1744290057358,"id":"nsm78vn067hee3q"}
{"type":"operationStart","subtype":"render","name":"myTemplate","previousOperationId":"29f5h20vrg6rmv9","timestamp":1744290057377,"id":"9vy3ptpc9qlx901","previousEventId":"8zponjzp4wpe7cn","operationId":"dxjd92z0low1udt"}
{"type":"log","timestamp":1744290057377,"level":"info","message":"Starting rendering request 3","meta":{"rootId":"ivx921dj4mz5kgu","id":"ivx921dj4mz5kgu"},"id":"2jddmlroflzi8zn","previousOperationId":"dxjd92z0low1udt"}
{"type":"log","timestamp":1744290057377,"level":"info","message":"Rendering template { name: myTemplate, recipe: chrome-pdf, engine: handlebars, preview: true }","meta":{"rootId":"ivx921dj4mz5kgu","id":"ivx921dj4mz5kgu"},"id":"1d9x5dzuuxt842j","previousOperationId":"dxjd92z0low1udt"}
{"type":"log","timestamp":1744290057378,"level":"debug","message":"Adding sample data HUavgV0Kc","meta":{"rootId":"ivx921dj4mz5kgu","id":"ivx921dj4mz5kgu"},"id":"9mqxgjhof7yy4z7","previousOperationId":"dxjd92z0low1udt"}
{"type":"log","timestamp":1744290057383,"level":"debug","message":"Base url not specified, skipping its injection.","meta":{"rootId":"ivx921dj4mz5kgu","id":"ivx921dj4mz5kgu"},"id":"wqkry2yf1y9hg78","previousOperationId":"dxjd92z0low1udt"}
{"type":"operationStart","subtype":"engine","name":"handlebars","timestamp":1744290057384,"id":"emayvg58dsmrtdk","previousEventId":"9vy3ptpc9qlx901","operationId":"th9hxtc4f6i73cp","previousOperationId":"dxjd92z0low1udt"}
{"type":"log","timestamp":1744290057384,"level":"debug","message":"Rendering engine handlebars","meta":{"rootId":"ivx921dj4mz5kgu","id":"ivx921dj4mz5kgu"},"id":"xzkvwy20q36sb1w","previousOperationId":"th9hxtc4f6i73cp"}
{"type":"operationEnd","operationId":"th9hxtc4f6i73cp","timestamp":1744290057399,"id":"ctt57ijdjwnpq6y","previousEventId":"emayvg58dsmrtdk","previousOperationId":"th9hxtc4f6i73cp"}
{"type":"operationStart","subtype":"recipe","name":"chrome-pdf","timestamp":1744290057400,"id":"hq9pes2o3oya1ru","previousEventId":"ctt57ijdjwnpq6y","operationId":"mcdcza01w1fjhu3","previousOperationId":"th9hxtc4f6i73cp"}
{"type":"log","timestamp":1744290057400,"level":"debug","message":"Executing recipe chrome-pdf","meta":{"rootId":"ivx921dj4mz5kgu","id":"ivx921dj4mz5kgu"},"id":"divhvogr2k2x7al","previousOperationId":"mcdcza01w1fjhu3"}
{"type":"log","timestamp":1744290057404,"level":"debug","message":"Converting with chrome Chrome/133.0.6943.126 using chrome-pool strategy","meta":{"rootId":"ivx921dj4mz5kgu","id":"ivx921dj4mz5kgu"},"id":"85ays1qo2x0dcsx","previousOperationId":"mcdcza01w1fjhu3"}
{"type":"log","timestamp":1744290057484,"level":"debug","message":"Page request: GET (document) file:///C:/Users/Patheo24/AppData/Local/Temp/jsreport/autocleanup/ec9fe38c-c4f9-4d0c-8b7d-ac5cfcbb0973-chrome-pdf.html","meta":{"rootId":"ivx921dj4mz5kgu","id":"ivx921dj4mz5kgu"},"id":"8l0t6rjr6uhi6qj","previousOperationId":"mcdcza01w1fjhu3"}
{"type":"log","timestamp":1744290057508,"level":"debug","message":"Page request finished: GET (document) 200 file:///C:/Users/Patheo24/AppData/Local/Temp/jsreport/autocleanup/ec9fe38c-c4f9-4d0c-8b7d-ac5cfcbb0973-chrome-pdf.html","meta":{"rootId":"ivx921dj4mz5kgu","id":"ivx921dj4mz5kgu"},"id":"xlbivcy5gfsnv1r","previousOperationId":"mcdcza01w1fjhu3"}
{"type":"log","timestamp":1744290057509,"level":"debug","message":"(console:info) Slow network is detected. See https://www.chromestatus.com/feature/5636954674692096 for more details. Fallback font will be used while loading: http://localhost:5488/fonts/kalpurush.ttf","meta":{"userLevel":true,"rootId":"ivx921dj4mz5kgu","id":"ivx921dj4mz5kgu"},"id":"g4gba9nuznh71ia","previousOperationId":"mcdcza01w1fjhu3"}
{"type":"log","timestamp":1744290057510,"level":"debug","message":"Page request: GET (font) http://localhost:5488/fonts/kalpurush.ttf","meta":{"rootId":"ivx921dj4mz5kgu","id":"ivx921dj4mz5kgu"},"id":"molsedkc605e3au","previousOperationId":"mcdcza01w1fjhu3"}
{"type":"log","timestamp":1744290057510,"level":"debug","message":"Page request: GET (image) https://res.cloudinary.com/dpes1dyqb/image/upload/v1738768933/logo_myycxt.jpg","meta":{"rootId":"ivx921dj4mz5kgu","id":"ivx921dj4mz5kgu"},"id":"jdhrew9ppdjyjsd","previousOperationId":"mcdcza01w1fjhu3"}
{"type":"log","timestamp":1744290057573,"level":"debug","message":"Page request: GET (font) http://localhost:5488/fonts/kalpurush.ttf","meta":{"rootId":"ivx921dj4mz5kgu","id":"ivx921dj4mz5kgu"},"id":"4v1txqqptprxe9p","previousOperationId":"mcdcza01w1fjhu3"}
{"type":"log","timestamp":1744290057574,"level":"debug","message":"Page request finished: GET (image) 200 https://res.cloudinary.com/dpes1dyqb/image/upload/v1738768933/logo_myycxt.jpg","meta":{"rootId":"ivx921dj4mz5kgu","id":"ivx921dj4mz5kgu"},"id":"bgtf47ck0qk5uvp","previousOperationId":"mcdcza01w1fjhu3"}
{"type":"log","timestamp":1744290057580,"level":"debug","message":"(console:error) Failed to load resource: the server responded with a status of 404 (Not Found)","meta":{"userLevel":true,"rootId":"ivx921dj4mz5kgu","id":"ivx921dj4mz5kgu"},"id":"6wtbnysni4te27f","previousOperationId":"mcdcza01w1fjhu3"}
{"type":"log","timestamp":1744290057580,"level":"warn","message":"Page request failed: GET (font) http://localhost:5488/fonts/kalpurush.ttf, failure: net::ERR_ABORTED","meta":{"rootId":"ivx921dj4mz5kgu","id":"ivx921dj4mz5kgu"},"id":"6bl809norio1ob6","previousOperationId":"mcdcza01w1fjhu3"}
{"type":"log","timestamp":1744290057589,"level":"debug","message":"Running chrome with params {\"printBackground\":true,\"format\":\"A5\",\"marginRight\":\"\",\"height\":\"\",\"marginTop\":\"\",\"marginBottom\":\"\",\"marginLeft\":\"\",\"displayHeaderFooter\":true,\"width\":\"\",\"timeout\":59954,\"margin\":{\"top\":\"\",\"right\":\"\",\"bottom\":\"\",\"left\":\"\"}}","meta":{"rootId":"ivx921dj4mz5kgu","id":"ivx921dj4mz5kgu"},"id":"p8mgo8jaubktcfd","previousOperationId":"mcdcza01w1fjhu3"}
{"type":"operationEnd","operationId":"mcdcza01w1fjhu3","timestamp":1744290057908,"id":"3aohwqp4hav6g0u","previousEventId":"hq9pes2o3oya1ru","previousOperationId":"mcdcza01w1fjhu3"}
{"type":"log","timestamp":1744290057908,"level":"debug","message":"Skipping storing report.","meta":{"rootId":"ivx921dj4mz5kgu","id":"ivx921dj4mz5kgu"},"id":"yuyz57a4lhaub6i","previousOperationId":"mcdcza01w1fjhu3"}
{"type":"log","timestamp":1744290057908,"level":"info","message":"Rendering request 3 finished in 551 ms","meta":{"rootId":"ivx921dj4mz5kgu","id":"ivx921dj4mz5kgu"},"id":"ra86cun0516js3n","previousOperationId":"mcdcza01w1fjhu3"}
{"type":"operationEnd","subtype":"render","operationId":"dxjd92z0low1udt","timestamp":1744290057908,"id":"cu2imgy0buadwcn","previousEventId":"3aohwqp4hav6g0u","previousOperationId":"mcdcza01w1fjhu3"}
{"type":"operationEnd","doDiffs":false,"previousEventId":"8zponjzp4wpe7cn","previousOperationId":"29f5h20vrg6rmv9","operationId":"29f5h20vrg6rmv9","timestamp":1744290057913,"id":"cp9arflner1z33w"}
