{"type":"operationStart","subtype":"profile","data":{"_id":"RnyfWn2AJ8dcTlnN","timestamp":"2025-04-09T14:08:42.811Z","state":"queued","mode":"standard","creationDate":"2025-04-09T14:08:42.813Z","modificationDate":"2025-04-09T14:08:42.813Z","shortid":"cBTiZV_","$entitySet":"profiles"},"doDiffs":false,"timestamp":1744207722812,"id":"gn2u1th9x81l8hh","previousOperationId":null,"operationId":"inf2x2wsvqefd5u"}
{"type":"log","level":"info","message":"Render request 73 queued for execution and waiting for available worker","previousOperationId":"inf2x2wsvqefd5u","timestamp":1744207722813,"id":"tsanku162it8rxo"}
{"type":"operationStart","subtype":"render","name":"myTemplate","previousOperationId":"inf2x2wsvqefd5u","timestamp":1744207722854,"id":"h8rop3q7y6z3dew","previousEventId":"gn2u1th9x81l8hh","operationId":"3w4k5izwj9f9i4m"}
{"type":"log","timestamp":1744207722854,"level":"info","message":"Starting rendering request 73","meta":{"rootId":"j0koxmybduihqbr","id":"j0koxmybduihqbr"},"id":"sijbrmitk3icp21","previousOperationId":"3w4k5izwj9f9i4m"}
{"type":"log","timestamp":1744207722855,"level":"info","message":"Rendering template { name: myTemplate, recipe: chrome-pdf, engine: handlebars, preview: true }","meta":{"rootId":"j0koxmybduihqbr","id":"j0koxmybduihqbr"},"id":"uqyhdcwowdnm1p0","previousOperationId":"3w4k5izwj9f9i4m"}
{"type":"log","timestamp":1744207722856,"level":"debug","message":"Adding sample data HUavgV0Kc","meta":{"rootId":"j0koxmybduihqbr","id":"j0koxmybduihqbr"},"id":"dpdpw6lt7o1d9t7","previousOperationId":"3w4k5izwj9f9i4m"}
{"type":"log","timestamp":1744207722857,"level":"debug","message":"Base url not specified, skipping its injection.","meta":{"rootId":"j0koxmybduihqbr","id":"j0koxmybduihqbr"},"id":"tseqexvpvgq6lp1","previousOperationId":"3w4k5izwj9f9i4m"}
{"type":"operationStart","subtype":"engine","name":"handlebars","timestamp":1744207722858,"id":"1dnmtwszr6923t5","previousEventId":"h8rop3q7y6z3dew","operationId":"dfj2kj0wghj0nrc","previousOperationId":"3w4k5izwj9f9i4m"}
{"type":"log","timestamp":1744207722858,"level":"debug","message":"Rendering engine handlebars","meta":{"rootId":"j0koxmybduihqbr","id":"j0koxmybduihqbr"},"id":"uc68ggu4bn1fhv1","previousOperationId":"dfj2kj0wghj0nrc"}
{"type":"operationEnd","operationId":"dfj2kj0wghj0nrc","timestamp":1744207722868,"id":"kw61cgnbae1utto","previousEventId":"1dnmtwszr6923t5","previousOperationId":"dfj2kj0wghj0nrc"}
{"type":"operationStart","subtype":"recipe","name":"chrome-pdf","timestamp":1744207722868,"id":"i7osn2r1gew5lyy","previousEventId":"kw61cgnbae1utto","operationId":"0m5enfht2rt6n5b","previousOperationId":"dfj2kj0wghj0nrc"}
{"type":"log","timestamp":1744207722868,"level":"debug","message":"Executing recipe chrome-pdf","meta":{"rootId":"j0koxmybduihqbr","id":"j0koxmybduihqbr"},"id":"ntje8b41e52ptly","previousOperationId":"0m5enfht2rt6n5b"}
{"type":"log","timestamp":1744207722876,"level":"debug","message":"Converting with chrome Chrome/133.0.6943.126 using chrome-pool strategy","meta":{"rootId":"j0koxmybduihqbr","id":"j0koxmybduihqbr"},"id":"eh6jq20wesxba8z","previousOperationId":"0m5enfht2rt6n5b"}
{"type":"log","timestamp":1744207722959,"level":"debug","message":"Page request: GET (document) file:///C:/Users/Patheo24/AppData/Local/Temp/jsreport/autocleanup/521e703f-5a1c-4542-9a45-349239b04662-chrome-pdf.html","meta":{"rootId":"j0koxmybduihqbr","id":"j0koxmybduihqbr"},"id":"8qcyprc0cwekn0w","previousOperationId":"0m5enfht2rt6n5b"}
{"type":"log","timestamp":1744207722984,"level":"debug","message":"Page request finished: GET (document) 200 file:///C:/Users/Patheo24/AppData/Local/Temp/jsreport/autocleanup/521e703f-5a1c-4542-9a45-349239b04662-chrome-pdf.html","meta":{"rootId":"j0koxmybduihqbr","id":"j0koxmybduihqbr"},"id":"g2r68gmfg016i16","previousOperationId":"0m5enfht2rt6n5b"}
{"type":"log","timestamp":1744207722985,"level":"debug","message":"Page request: GET (font) http://localhost:5488/fonts/kalpurush.ttf","meta":{"rootId":"j0koxmybduihqbr","id":"j0koxmybduihqbr"},"id":"9qsayxu53v1wp52","previousOperationId":"0m5enfht2rt6n5b"}
{"type":"log","timestamp":1744207722986,"level":"debug","message":"Page request: GET (image) https://res.cloudinary.com/dpes1dyqb/image/upload/v1738768933/logo_myycxt.jpg","meta":{"rootId":"j0koxmybduihqbr","id":"j0koxmybduihqbr"},"id":"d7d88bgrc6tze3g","previousOperationId":"0m5enfht2rt6n5b"}
{"type":"log","timestamp":1744207723055,"level":"debug","message":"Page request finished: GET (image) 200 https://res.cloudinary.com/dpes1dyqb/image/upload/v1738768933/logo_myycxt.jpg","meta":{"rootId":"j0koxmybduihqbr","id":"j0koxmybduihqbr"},"id":"182im78ahu3eq2r","previousOperationId":"0m5enfht2rt6n5b"}
{"type":"log","timestamp":1744207723055,"level":"debug","message":"Page request: GET (font) http://localhost:5488/fonts/kalpurush.ttf","meta":{"rootId":"j0koxmybduihqbr","id":"j0koxmybduihqbr"},"id":"krjc69ihgzyyr7j","previousOperationId":"0m5enfht2rt6n5b"}
{"type":"log","timestamp":1744207723081,"level":"debug","message":"(console:error) Failed to load resource: the server responded with a status of 404 (Not Found)","meta":{"userLevel":true,"rootId":"j0koxmybduihqbr","id":"j0koxmybduihqbr"},"id":"wqb38ewd3yzx900","previousOperationId":"0m5enfht2rt6n5b"}
{"type":"log","timestamp":1744207723081,"level":"warn","message":"Page request failed: GET (font) http://localhost:5488/fonts/kalpurush.ttf, failure: net::ERR_ABORTED","meta":{"rootId":"j0koxmybduihqbr","id":"j0koxmybduihqbr"},"id":"y7c9oom3bechnja","previousOperationId":"0m5enfht2rt6n5b"}
{"type":"log","timestamp":1744207723092,"level":"debug","message":"Running chrome with params {\"printBackground\":true,\"format\":\"A5\",\"marginRight\":\"\",\"height\":\"\",\"marginTop\":\"\",\"marginBottom\":\"\",\"marginLeft\":\"\",\"displayHeaderFooter\":true,\"width\":\"\",\"timeout\":59936,\"margin\":{\"top\":\"\",\"right\":\"\",\"bottom\":\"\",\"left\":\"\"}}","meta":{"rootId":"j0koxmybduihqbr","id":"j0koxmybduihqbr"},"id":"dz2bxfl2lc3kx8c","previousOperationId":"0m5enfht2rt6n5b"}
{"type":"operationEnd","operationId":"0m5enfht2rt6n5b","timestamp":1744207723424,"id":"pc9rbmxp4vqbq7g","previousEventId":"i7osn2r1gew5lyy","previousOperationId":"0m5enfht2rt6n5b"}
{"type":"log","timestamp":1744207723425,"level":"debug","message":"Skipping storing report.","meta":{"rootId":"j0koxmybduihqbr","id":"j0koxmybduihqbr"},"id":"0uppnar738zodoh","previousOperationId":"0m5enfht2rt6n5b"}
{"type":"log","timestamp":1744207723425,"level":"info","message":"Rendering request 73 finished in 614 ms","meta":{"rootId":"j0koxmybduihqbr","id":"j0koxmybduihqbr"},"id":"lisly8usehz02mh","previousOperationId":"0m5enfht2rt6n5b"}
{"type":"operationEnd","subtype":"render","operationId":"3w4k5izwj9f9i4m","timestamp":1744207723425,"id":"sb96palgswvzxvf","previousEventId":"pc9rbmxp4vqbq7g","previousOperationId":"0m5enfht2rt6n5b"}
{"type":"operationEnd","doDiffs":false,"previousEventId":"gn2u1th9x81l8hh","previousOperationId":"inf2x2wsvqefd5u","operationId":"inf2x2wsvqefd5u","timestamp":1744207723428,"id":"05dncboul1a2p1o"}
