{"type":"operationStart","subtype":"profile","data":{"_id":"cO90PDDfhVipPr2j","timestamp":"2025-04-09T13:38:41.929Z","state":"queued","mode":"standard","creationDate":"2025-04-09T13:38:41.931Z","modificationDate":"2025-04-09T13:38:41.931Z","shortid":"RlA9g0i","$entitySet":"profiles"},"doDiffs":false,"timestamp":1744205921930,"id":"x4bm409fetgzs8o","previousOperationId":null,"operationId":"rr97ajzvlp565sg"}
{"type":"log","level":"info","message":"Render request 17 queued for execution and waiting for available worker","previousOperationId":"rr97ajzvlp565sg","timestamp":1744205921930,"id":"t6lwqhf9th45w9c"}
{"type":"operationStart","subtype":"render","name":"myTemplate","previousOperationId":"rr97ajzvlp565sg","timestamp":1744205921955,"id":"juedh2s2dpqek7w","previousEventId":"x4bm409fetgzs8o","operationId":"gq27j5hzsgh0d5t"}
{"type":"log","timestamp":1744205921956,"level":"info","message":"Starting rendering request 17","meta":{"rootId":"j7wi6ovo1i4gshi","id":"j7wi6ovo1i4gshi"},"id":"xkasb38w4yalb0d","previousOperationId":"gq27j5hzsgh0d5t"}
{"type":"log","timestamp":1744205921956,"level":"info","message":"Rendering template { name: myTemplate, recipe: chrome-pdf, engine: handlebars, preview: true }","meta":{"rootId":"j7wi6ovo1i4gshi","id":"j7wi6ovo1i4gshi"},"id":"apglawy887f68z3","previousOperationId":"gq27j5hzsgh0d5t"}
{"type":"log","timestamp":1744205921961,"level":"debug","message":"Adding sample data HUavgV0Kc","meta":{"rootId":"j7wi6ovo1i4gshi","id":"j7wi6ovo1i4gshi"},"id":"6db8vfsz9fybrbb","previousOperationId":"gq27j5hzsgh0d5t"}
{"type":"log","timestamp":1744205921963,"level":"debug","message":"Base url not specified, skipping its injection.","meta":{"rootId":"j7wi6ovo1i4gshi","id":"j7wi6ovo1i4gshi"},"id":"iudmjwjcnfaryvi","previousOperationId":"gq27j5hzsgh0d5t"}
{"type":"operationStart","subtype":"engine","name":"handlebars","timestamp":1744205921963,"id":"nv9nr3pevxsmubi","previousEventId":"juedh2s2dpqek7w","operationId":"bogs1h8jl5c5d4j","previousOperationId":"gq27j5hzsgh0d5t"}
{"type":"log","timestamp":1744205921963,"level":"debug","message":"Rendering engine handlebars","meta":{"rootId":"j7wi6ovo1i4gshi","id":"j7wi6ovo1i4gshi"},"id":"kywck7dmetn3dqs","previousOperationId":"bogs1h8jl5c5d4j"}
{"type":"operationEnd","operationId":"bogs1h8jl5c5d4j","timestamp":1744205921989,"id":"65h05j91bu7yr5m","previousEventId":"nv9nr3pevxsmubi","previousOperationId":"bogs1h8jl5c5d4j"}
{"type":"operationStart","subtype":"recipe","name":"chrome-pdf","timestamp":1744205921990,"id":"nheq0lz0z43031n","previousEventId":"65h05j91bu7yr5m","operationId":"8uyh4v8lza2xhml","previousOperationId":"bogs1h8jl5c5d4j"}
{"type":"log","timestamp":1744205921990,"level":"debug","message":"Executing recipe chrome-pdf","meta":{"rootId":"j7wi6ovo1i4gshi","id":"j7wi6ovo1i4gshi"},"id":"rz4ibdyo17wpbv6","previousOperationId":"8uyh4v8lza2xhml"}
{"type":"log","timestamp":1744205921993,"level":"debug","message":"Converting with chrome Chrome/133.0.6943.126 using chrome-pool strategy","meta":{"rootId":"j7wi6ovo1i4gshi","id":"j7wi6ovo1i4gshi"},"id":"p6x6il8w6ioobh1","previousOperationId":"8uyh4v8lza2xhml"}
{"type":"log","timestamp":1744205922049,"level":"debug","message":"Page request: GET (document) file:///C:/Users/Patheo24/AppData/Local/Temp/jsreport/autocleanup/7ef381b3-77d0-4383-8607-0b1774518bd1-chrome-pdf.html","meta":{"rootId":"j7wi6ovo1i4gshi","id":"j7wi6ovo1i4gshi"},"id":"nf6f5xuknxtasqa","previousOperationId":"8uyh4v8lza2xhml"}
{"type":"log","timestamp":1744205922072,"level":"debug","message":"Page request finished: GET (document) 200 file:///C:/Users/Patheo24/AppData/Local/Temp/jsreport/autocleanup/7ef381b3-77d0-4383-8607-0b1774518bd1-chrome-pdf.html","meta":{"rootId":"j7wi6ovo1i4gshi","id":"j7wi6ovo1i4gshi"},"id":"pjwvpg5chwc6v6v","previousOperationId":"8uyh4v8lza2xhml"}
{"type":"log","timestamp":1744205922073,"level":"debug","message":"Page request: GET (font) http://localhost:5488/fonts/kalpurush.ttf","meta":{"rootId":"j7wi6ovo1i4gshi","id":"j7wi6ovo1i4gshi"},"id":"dj0zy22wuveuanm","previousOperationId":"8uyh4v8lza2xhml"}
{"type":"log","timestamp":1744205922074,"level":"debug","message":"Page request: GET (image) https://res.cloudinary.com/dpes1dyqb/image/upload/v1738768933/logo_myycxt.jpg","meta":{"rootId":"j7wi6ovo1i4gshi","id":"j7wi6ovo1i4gshi"},"id":"7ooimtwsld3da5j","previousOperationId":"8uyh4v8lza2xhml"}
{"type":"log","timestamp":1744205922112,"level":"debug","message":"Page request: GET (font) http://localhost:5488/fonts/kalpurush.ttf","meta":{"rootId":"j7wi6ovo1i4gshi","id":"j7wi6ovo1i4gshi"},"id":"ioy24yc3pbaw7xb","previousOperationId":"8uyh4v8lza2xhml"}
{"type":"log","timestamp":1744205922113,"level":"debug","message":"Page request finished: GET (image) 200 https://res.cloudinary.com/dpes1dyqb/image/upload/v1738768933/logo_myycxt.jpg","meta":{"rootId":"j7wi6ovo1i4gshi","id":"j7wi6ovo1i4gshi"},"id":"ju6bi3uu86j8mzg","previousOperationId":"8uyh4v8lza2xhml"}
{"type":"log","timestamp":1744205922123,"level":"debug","message":"(console:error) Failed to load resource: the server responded with a status of 404 (Not Found)","meta":{"userLevel":true,"rootId":"j7wi6ovo1i4gshi","id":"j7wi6ovo1i4gshi"},"id":"be21ku5k3mubysw","previousOperationId":"8uyh4v8lza2xhml"}
{"type":"log","timestamp":1744205922123,"level":"warn","message":"Page request failed: GET (font) http://localhost:5488/fonts/kalpurush.ttf, failure: net::ERR_ABORTED","meta":{"rootId":"j7wi6ovo1i4gshi","id":"j7wi6ovo1i4gshi"},"id":"q2gl0w6ejs8idn1","previousOperationId":"8uyh4v8lza2xhml"}
{"type":"log","timestamp":1744205922128,"level":"debug","message":"Running chrome with params {\"printBackground\":true,\"timeout\":59937,\"margin\":{}}","meta":{"rootId":"j7wi6ovo1i4gshi","id":"j7wi6ovo1i4gshi"},"id":"eig3xgkccefd5s7","previousOperationId":"8uyh4v8lza2xhml"}
{"type":"operationEnd","operationId":"8uyh4v8lza2xhml","timestamp":1744205922420,"id":"fxh3cr74fnbfitw","previousEventId":"nheq0lz0z43031n","previousOperationId":"8uyh4v8lza2xhml"}
{"type":"log","timestamp":1744205922420,"level":"debug","message":"Skipping storing report.","meta":{"rootId":"j7wi6ovo1i4gshi","id":"j7wi6ovo1i4gshi"},"id":"9l5gu02syxwb549","previousOperationId":"8uyh4v8lza2xhml"}
{"type":"log","timestamp":1744205922420,"level":"info","message":"Rendering request 17 finished in 491 ms","meta":{"rootId":"j7wi6ovo1i4gshi","id":"j7wi6ovo1i4gshi"},"id":"3g5my9y7ytnc6d8","previousOperationId":"8uyh4v8lza2xhml"}
{"type":"operationEnd","subtype":"render","operationId":"gq27j5hzsgh0d5t","timestamp":1744205922420,"id":"6cu21n7ik98p4hq","previousEventId":"fxh3cr74fnbfitw","previousOperationId":"8uyh4v8lza2xhml"}
{"type":"operationEnd","doDiffs":false,"previousEventId":"x4bm409fetgzs8o","previousOperationId":"rr97ajzvlp565sg","operationId":"rr97ajzvlp565sg","timestamp":1744205922425,"id":"2cnvhk5gtlqmo50"}
