{"type":"operationStart","subtype":"profile","data":{"_id":"tyBtJehJmqXvtfTV","timestamp":"2025-04-11T12:59:53.165Z","state":"running","mode":"standard","creationDate":"2025-04-11T12:59:53.167Z","modificationDate":"2025-04-11T12:59:53.167Z","shortid":"vjqgtxl","$entitySet":"profiles","timeout":60000,"templateShortid":"2tjN-EB9Yu"},"doDiffs":false,"timestamp":1744376393166,"id":"o928tth9jle8xv5","previousOperationId":null,"operationId":"xgfjx52cstxsjw8"}
{"type":"log","level":"info","message":"Render request 39 queued for execution and waiting for available worker","previousOperationId":"xgfjx52cstxsjw8","timestamp":1744376393166,"id":"h6cmsr05famx0fa"}
{"type":"operationStart","subtype":"render","name":"myTemplate","previousOperationId":"xgfjx52cstxsjw8","timestamp":1744376393175,"id":"qlg6ub2rhu8g5qc","previousEventId":"o928tth9jle8xv5","operationId":"pk8d92rnssc7zne"}
{"type":"log","timestamp":1744376393175,"level":"info","message":"Starting rendering request 39","meta":{"rootId":"jgbnsf0w01panc5","id":"jgbnsf0w01panc5"},"id":"2dzqxnnp7h3zlsw","previousOperationId":"pk8d92rnssc7zne"}
{"type":"log","timestamp":1744376393175,"level":"info","message":"Rendering template { name: myTemplate, recipe: chrome-pdf, engine: handlebars, preview: false }","meta":{"rootId":"jgbnsf0w01panc5","id":"jgbnsf0w01panc5"},"id":"kbxto29hx1zq5dp","previousOperationId":"pk8d92rnssc7zne"}
{"type":"log","timestamp":1744376393175,"level":"debug","message":"Inline data specified.","meta":{"rootId":"jgbnsf0w01panc5","id":"jgbnsf0w01panc5"},"id":"m2s3c48exdffz6l","previousOperationId":"pk8d92rnssc7zne"}
{"type":"log","timestamp":1744376393177,"level":"debug","message":"Base url not specified, skipping its injection.","meta":{"rootId":"jgbnsf0w01panc5","id":"jgbnsf0w01panc5"},"id":"04lm3ivts53m6fe","previousOperationId":"pk8d92rnssc7zne"}
{"type":"operationStart","subtype":"engine","name":"handlebars","timestamp":1744376393177,"id":"h8618pa310ub7gp","previousEventId":"qlg6ub2rhu8g5qc","operationId":"tofw1aezmfyeuvc","previousOperationId":"pk8d92rnssc7zne"}
{"type":"log","timestamp":1744376393177,"level":"debug","message":"Rendering engine handlebars","meta":{"rootId":"jgbnsf0w01panc5","id":"jgbnsf0w01panc5"},"id":"vuirxgy72md9ggh","previousOperationId":"tofw1aezmfyeuvc"}
{"type":"operationEnd","operationId":"tofw1aezmfyeuvc","timestamp":1744376393201,"id":"a29zfj1jg89mrym","previousEventId":"h8618pa310ub7gp","previousOperationId":"tofw1aezmfyeuvc"}
{"type":"operationStart","subtype":"recipe","name":"chrome-pdf","timestamp":1744376393201,"id":"ff6v2tidwufqven","previousEventId":"a29zfj1jg89mrym","operationId":"xi98jdkl8h8ydhu","previousOperationId":"tofw1aezmfyeuvc"}
{"type":"log","timestamp":1744376393201,"level":"debug","message":"Executing recipe chrome-pdf","meta":{"rootId":"jgbnsf0w01panc5","id":"jgbnsf0w01panc5"},"id":"09q63qxc3nntuyq","previousOperationId":"xi98jdkl8h8ydhu"}
{"type":"log","timestamp":1744376393205,"level":"debug","message":"Converting with chrome Chrome/133.0.6943.126 using chrome-pool strategy","meta":{"rootId":"jgbnsf0w01panc5","id":"jgbnsf0w01panc5"},"id":"g9rtyb2zb6506nw","previousOperationId":"xi98jdkl8h8ydhu"}
{"type":"log","timestamp":1744376393274,"level":"debug","message":"Page request: GET (document) file:///C:/Users/Patheo24/AppData/Local/Temp/jsreport/autocleanup/d6ccf4fd-3c7c-49b6-b5bd-01113a259095-chrome-pdf.html","meta":{"rootId":"jgbnsf0w01panc5","id":"jgbnsf0w01panc5"},"id":"8bxq2xpnxct9qdy","previousOperationId":"xi98jdkl8h8ydhu"}
{"type":"log","timestamp":1744376393292,"level":"debug","message":"Page request finished: GET (document) 200 file:///C:/Users/Patheo24/AppData/Local/Temp/jsreport/autocleanup/d6ccf4fd-3c7c-49b6-b5bd-01113a259095-chrome-pdf.html","meta":{"rootId":"jgbnsf0w01panc5","id":"jgbnsf0w01panc5"},"id":"p0g12rkgytr69gy","previousOperationId":"xi98jdkl8h8ydhu"}
{"type":"log","timestamp":1744376393293,"level":"debug","message":"Page request: GET (font) http://localhost:5488/fonts/kalpurush.ttf","meta":{"rootId":"jgbnsf0w01panc5","id":"jgbnsf0w01panc5"},"id":"zp34x62zzoo67kv","previousOperationId":"xi98jdkl8h8ydhu"}
{"type":"log","timestamp":1744376393294,"level":"debug","message":"Page request: GET (image) https://res.cloudinary.com/dpes1dyqb/image/upload/v1738768933/logo_myycxt.jpg","meta":{"rootId":"jgbnsf0w01panc5","id":"jgbnsf0w01panc5"},"id":"3k3k5rsuirj3r6i","previousOperationId":"xi98jdkl8h8ydhu"}
{"type":"log","timestamp":1744376393342,"level":"debug","message":"Page request: GET (font) http://localhost:5488/fonts/kalpurush.ttf","meta":{"rootId":"jgbnsf0w01panc5","id":"jgbnsf0w01panc5"},"id":"qpolzq9yl0t85y3","previousOperationId":"xi98jdkl8h8ydhu"}
{"type":"log","timestamp":1744376393343,"level":"debug","message":"Page request finished: GET (image) 200 https://res.cloudinary.com/dpes1dyqb/image/upload/v1738768933/logo_myycxt.jpg","meta":{"rootId":"jgbnsf0w01panc5","id":"jgbnsf0w01panc5"},"id":"rdxg7rrxspo2z7l","previousOperationId":"xi98jdkl8h8ydhu"}
{"type":"log","timestamp":1744376393351,"level":"debug","message":"(console:error) Failed to load resource: the server responded with a status of 404 (Not Found)","meta":{"userLevel":true,"rootId":"jgbnsf0w01panc5","id":"jgbnsf0w01panc5"},"id":"xsi74m6f0asua8m","previousOperationId":"xi98jdkl8h8ydhu"}
{"type":"log","timestamp":1744376393351,"level":"warn","message":"Page request failed: GET (font) http://localhost:5488/fonts/kalpurush.ttf, failure: net::ERR_ABORTED","meta":{"rootId":"jgbnsf0w01panc5","id":"jgbnsf0w01panc5"},"id":"lxtdnepannskllg","previousOperationId":"xi98jdkl8h8ydhu"}
{"type":"log","timestamp":1744376393360,"level":"debug","message":"Running chrome with params {\"printBackground\":true,\"format\":\"A5\",\"marginRight\":\"\",\"height\":\"\",\"marginTop\":\"\",\"marginBottom\":\"\",\"marginLeft\":\"\",\"displayHeaderFooter\":true,\"width\":\"\",\"timeout\":59960,\"margin\":{\"top\":\"\",\"right\":\"\",\"bottom\":\"\",\"left\":\"\"}}","meta":{"rootId":"jgbnsf0w01panc5","id":"jgbnsf0w01panc5"},"id":"3rj8hby1vztci9q","previousOperationId":"xi98jdkl8h8ydhu"}
{"type":"operationEnd","operationId":"xi98jdkl8h8ydhu","timestamp":1744376393679,"id":"3wptovpkxdb2w81","previousEventId":"ff6v2tidwufqven","previousOperationId":"xi98jdkl8h8ydhu"}
{"type":"log","timestamp":1744376393679,"level":"debug","message":"Skipping storing report.","meta":{"rootId":"jgbnsf0w01panc5","id":"jgbnsf0w01panc5"},"id":"6pzc6mk9pg0z3po","previousOperationId":"xi98jdkl8h8ydhu"}
{"type":"log","timestamp":1744376393679,"level":"info","message":"Rendering request 39 finished in 515 ms","meta":{"rootId":"jgbnsf0w01panc5","id":"jgbnsf0w01panc5"},"id":"4f6gdgip5mg0hiz","previousOperationId":"xi98jdkl8h8ydhu"}
{"type":"operationEnd","subtype":"render","operationId":"pk8d92rnssc7zne","timestamp":1744376393679,"id":"jvcchrswyoi5ncp","previousEventId":"3wptovpkxdb2w81","previousOperationId":"xi98jdkl8h8ydhu"}
{"type":"operationEnd","doDiffs":false,"previousEventId":"o928tth9jle8xv5","previousOperationId":"xgfjx52cstxsjw8","operationId":"xgfjx52cstxsjw8","timestamp":1744376393683,"id":"7tjje5kj15ooljp"}
