{"type":"operationStart","subtype":"profile","data":{"_id":"OI7xA4ew6F4nyXdr","timestamp":"2025-04-09T13:41:59.320Z","state":"queued","mode":"standard","creationDate":"2025-04-09T13:41:59.322Z","modificationDate":"2025-04-09T13:41:59.322Z","shortid":"LmldEL2","$entitySet":"profiles"},"doDiffs":false,"timestamp":1744206119321,"id":"ao5xx0yqzrs7qv5","previousOperationId":null,"operationId":"zgmzbev5ytafpe1"}
{"type":"log","level":"info","message":"Render request 20 queued for execution and waiting for available worker","previousOperationId":"zgmzbev5ytafpe1","timestamp":1744206119321,"id":"4c6fq1lwkgne980"}
{"type":"operationStart","subtype":"render","name":"myTemplate","previousOperationId":"zgmzbev5ytafpe1","timestamp":1744206119333,"id":"y4t8wg6szq6iffc","previousEventId":"ao5xx0yqzrs7qv5","operationId":"q0cw3j9zra3qofb"}
{"type":"log","timestamp":1744206119333,"level":"info","message":"Starting rendering request 20","meta":{"rootId":"jmctb6olc4jiefw","id":"jmctb6olc4jiefw"},"id":"wvn6qy29qnw14po","previousOperationId":"q0cw3j9zra3qofb"}
{"type":"log","timestamp":1744206119333,"level":"info","message":"Rendering template { name: myTemplate, recipe: chrome-pdf, engine: handlebars, preview: true }","meta":{"rootId":"jmctb6olc4jiefw","id":"jmctb6olc4jiefw"},"id":"s5vvro5k0lqi2ry","previousOperationId":"q0cw3j9zra3qofb"}
{"type":"log","timestamp":1744206119334,"level":"debug","message":"Adding sample data HUavgV0Kc","meta":{"rootId":"jmctb6olc4jiefw","id":"jmctb6olc4jiefw"},"id":"57qbggv68krg4am","previousOperationId":"q0cw3j9zra3qofb"}
{"type":"log","timestamp":1744206119336,"level":"debug","message":"Base url not specified, skipping its injection.","meta":{"rootId":"jmctb6olc4jiefw","id":"jmctb6olc4jiefw"},"id":"efm98vblqvvr6km","previousOperationId":"q0cw3j9zra3qofb"}
{"type":"operationStart","subtype":"engine","name":"handlebars","timestamp":1744206119336,"id":"72cbcnqihbhff67","previousEventId":"y4t8wg6szq6iffc","operationId":"dfwlq505w41a4ix","previousOperationId":"q0cw3j9zra3qofb"}
{"type":"log","timestamp":1744206119336,"level":"debug","message":"Rendering engine handlebars","meta":{"rootId":"jmctb6olc4jiefw","id":"jmctb6olc4jiefw"},"id":"ieidf25zy0qb6r7","previousOperationId":"dfwlq505w41a4ix"}
{"type":"operationEnd","operationId":"dfwlq505w41a4ix","timestamp":1744206119370,"id":"nr1rbh4v7jkzk19","previousEventId":"72cbcnqihbhff67","previousOperationId":"dfwlq505w41a4ix"}
{"type":"operationStart","subtype":"recipe","name":"chrome-pdf","timestamp":1744206119370,"id":"1eqnnqiwvbetol7","previousEventId":"nr1rbh4v7jkzk19","operationId":"82wbocx40wm7a05","previousOperationId":"dfwlq505w41a4ix"}
{"type":"log","timestamp":1744206119371,"level":"debug","message":"Executing recipe chrome-pdf","meta":{"rootId":"jmctb6olc4jiefw","id":"jmctb6olc4jiefw"},"id":"qnqjxmlycbyvvjn","previousOperationId":"82wbocx40wm7a05"}
{"type":"log","timestamp":1744206119374,"level":"debug","message":"Converting with chrome Chrome/133.0.6943.126 using chrome-pool strategy","meta":{"rootId":"jmctb6olc4jiefw","id":"jmctb6olc4jiefw"},"id":"5lpv0gzjppoiv39","previousOperationId":"82wbocx40wm7a05"}
{"type":"log","timestamp":1744206119440,"level":"debug","message":"Page request: GET (document) file:///C:/Users/Patheo24/AppData/Local/Temp/jsreport/autocleanup/cf4b410d-5bff-4e54-8151-df095872f305-chrome-pdf.html","meta":{"rootId":"jmctb6olc4jiefw","id":"jmctb6olc4jiefw"},"id":"lwp4qk4wska1veh","previousOperationId":"82wbocx40wm7a05"}
{"type":"log","timestamp":1744206119461,"level":"debug","message":"Page request finished: GET (document) 200 file:///C:/Users/Patheo24/AppData/Local/Temp/jsreport/autocleanup/cf4b410d-5bff-4e54-8151-df095872f305-chrome-pdf.html","meta":{"rootId":"jmctb6olc4jiefw","id":"jmctb6olc4jiefw"},"id":"41vm8g1rskg36m9","previousOperationId":"82wbocx40wm7a05"}
{"type":"log","timestamp":1744206119461,"level":"debug","message":"(console:info) Slow network is detected. See https://www.chromestatus.com/feature/5636954674692096 for more details. Fallback font will be used while loading: http://localhost:5488/fonts/kalpurush.ttf","meta":{"userLevel":true,"rootId":"jmctb6olc4jiefw","id":"jmctb6olc4jiefw"},"id":"5orp7rfi38nm06k","previousOperationId":"82wbocx40wm7a05"}
{"type":"log","timestamp":1744206119461,"level":"debug","message":"Page request: GET (font) http://localhost:5488/fonts/kalpurush.ttf","meta":{"rootId":"jmctb6olc4jiefw","id":"jmctb6olc4jiefw"},"id":"30c987i794v7qc3","previousOperationId":"82wbocx40wm7a05"}
{"type":"log","timestamp":1744206119462,"level":"debug","message":"Page request: GET (image) https://res.cloudinary.com/dpes1dyqb/image/upload/v1738768933/logo_myycxt.jpg","meta":{"rootId":"jmctb6olc4jiefw","id":"jmctb6olc4jiefw"},"id":"sx1otbdvhy8nzn9","previousOperationId":"82wbocx40wm7a05"}
{"type":"log","timestamp":1744206119503,"level":"debug","message":"Page request: GET (font) http://localhost:5488/fonts/kalpurush.ttf","meta":{"rootId":"jmctb6olc4jiefw","id":"jmctb6olc4jiefw"},"id":"d7lqpljdrr1hdpc","previousOperationId":"82wbocx40wm7a05"}
{"type":"log","timestamp":1744206119504,"level":"debug","message":"Page request finished: GET (image) 200 https://res.cloudinary.com/dpes1dyqb/image/upload/v1738768933/logo_myycxt.jpg","meta":{"rootId":"jmctb6olc4jiefw","id":"jmctb6olc4jiefw"},"id":"wnwc7ny8ax9oblm","previousOperationId":"82wbocx40wm7a05"}
{"type":"log","timestamp":1744206119509,"level":"debug","message":"(console:error) Failed to load resource: the server responded with a status of 404 (Not Found)","meta":{"userLevel":true,"rootId":"jmctb6olc4jiefw","id":"jmctb6olc4jiefw"},"id":"5dwpyjog8fmgc5u","previousOperationId":"82wbocx40wm7a05"}
{"type":"log","timestamp":1744206119509,"level":"warn","message":"Page request failed: GET (font) http://localhost:5488/fonts/kalpurush.ttf, failure: net::ERR_ABORTED","meta":{"rootId":"jmctb6olc4jiefw","id":"jmctb6olc4jiefw"},"id":"0hw86qpel47r1xn","previousOperationId":"82wbocx40wm7a05"}
{"type":"log","timestamp":1744206119519,"level":"debug","message":"Running chrome with params {\"printBackground\":true,\"timeout\":59947,\"margin\":{}}","meta":{"rootId":"jmctb6olc4jiefw","id":"jmctb6olc4jiefw"},"id":"wq5m1klgnrpc291","previousOperationId":"82wbocx40wm7a05"}
{"type":"operationEnd","operationId":"82wbocx40wm7a05","timestamp":1744206119796,"id":"4ihapgei9pz7eky","previousEventId":"1eqnnqiwvbetol7","previousOperationId":"82wbocx40wm7a05"}
{"type":"log","timestamp":1744206119797,"level":"debug","message":"Skipping storing report.","meta":{"rootId":"jmctb6olc4jiefw","id":"jmctb6olc4jiefw"},"id":"ollilre2qchg53y","previousOperationId":"82wbocx40wm7a05"}
{"type":"log","timestamp":1744206119797,"level":"info","message":"Rendering request 20 finished in 477 ms","meta":{"rootId":"jmctb6olc4jiefw","id":"jmctb6olc4jiefw"},"id":"pj3z2p1a02vj70f","previousOperationId":"82wbocx40wm7a05"}
{"type":"operationEnd","subtype":"render","operationId":"q0cw3j9zra3qofb","timestamp":1744206119797,"id":"liym7o8tpm6rs4f","previousEventId":"4ihapgei9pz7eky","previousOperationId":"82wbocx40wm7a05"}
{"type":"operationEnd","doDiffs":false,"previousEventId":"ao5xx0yqzrs7qv5","previousOperationId":"zgmzbev5ytafpe1","operationId":"zgmzbev5ytafpe1","timestamp":1744206119801,"id":"3pd3t9m4n25huju"}
