{"type":"operationStart","subtype":"profile","data":{"_id":"c6i1l915Kj27NImn","timestamp":"2025-04-11T12:29:37.250Z","state":"queued","mode":"standard","creationDate":"2025-04-11T12:29:37.253Z","modificationDate":"2025-04-11T12:29:37.253Z","shortid":"-OWCWIW","$entitySet":"profiles"},"doDiffs":false,"timestamp":1744374577252,"id":"kzfkc5c18n8nwj9","previousOperationId":null,"operationId":"ha6gt8f2m8zo91s"}
{"type":"log","level":"info","message":"Render request 8 queued for execution and waiting for available worker","previousOperationId":"ha6gt8f2m8zo91s","timestamp":1744374577252,"id":"i3kj73tby5vlfaz"}
{"type":"operationStart","subtype":"render","name":"myTemplate","previousOperationId":"ha6gt8f2m8zo91s","timestamp":1744374577268,"id":"smrbmztnijlrm3r","previousEventId":"kzfkc5c18n8nwj9","operationId":"xi5q6thqp8jrdhr"}
{"type":"log","timestamp":1744374577268,"level":"info","message":"Starting rendering request 8","meta":{"rootId":"jmocxce89jl6hv3","id":"jmocxce89jl6hv3"},"id":"6456vls9onqhiab","previousOperationId":"xi5q6thqp8jrdhr"}
{"type":"log","timestamp":1744374577268,"level":"info","message":"Rendering template { name: myTemplate, recipe: chrome-pdf, engine: handlebars, preview: true }","meta":{"rootId":"jmocxce89jl6hv3","id":"jmocxce89jl6hv3"},"id":"c8jm6l4hthmt53c","previousOperationId":"xi5q6thqp8jrdhr"}
{"type":"log","timestamp":1744374577269,"level":"debug","message":"Inline data specified.","meta":{"rootId":"jmocxce89jl6hv3","id":"jmocxce89jl6hv3"},"id":"t2o0rlw90fhfgxb","previousOperationId":"xi5q6thqp8jrdhr"}
{"type":"log","timestamp":1744374577270,"level":"debug","message":"Base url not specified, skipping its injection.","meta":{"rootId":"jmocxce89jl6hv3","id":"jmocxce89jl6hv3"},"id":"oz5135t3b7pq98n","previousOperationId":"xi5q6thqp8jrdhr"}
{"type":"operationStart","subtype":"engine","name":"handlebars","timestamp":1744374577271,"id":"2cs6ufmdg2ks2ro","previousEventId":"smrbmztnijlrm3r","operationId":"v4h6jsrli30itzd","previousOperationId":"xi5q6thqp8jrdhr"}
{"type":"log","timestamp":1744374577271,"level":"debug","message":"Rendering engine handlebars","meta":{"rootId":"jmocxce89jl6hv3","id":"jmocxce89jl6hv3"},"id":"r6iw0x66mhaqmc9","previousOperationId":"v4h6jsrli30itzd"}
{"type":"operationEnd","operationId":"v4h6jsrli30itzd","timestamp":1744374577310,"id":"o2pd71cgwyyuapc","previousEventId":"2cs6ufmdg2ks2ro","previousOperationId":"v4h6jsrli30itzd"}
{"type":"operationStart","subtype":"recipe","name":"chrome-pdf","timestamp":1744374577310,"id":"h9u9pew60ow9cxg","previousEventId":"o2pd71cgwyyuapc","operationId":"vyfiv2ysl0qv9f1","previousOperationId":"v4h6jsrli30itzd"}
{"type":"log","timestamp":1744374577310,"level":"debug","message":"Executing recipe chrome-pdf","meta":{"rootId":"jmocxce89jl6hv3","id":"jmocxce89jl6hv3"},"id":"tnymu3na0vgt63b","previousOperationId":"vyfiv2ysl0qv9f1"}
{"type":"log","timestamp":1744374577315,"level":"debug","message":"Converting with chrome Chrome/133.0.6943.126 using chrome-pool strategy","meta":{"rootId":"jmocxce89jl6hv3","id":"jmocxce89jl6hv3"},"id":"iwue7vgagr0smyp","previousOperationId":"vyfiv2ysl0qv9f1"}
{"type":"log","timestamp":1744374577388,"level":"debug","message":"Page request: GET (document) file:///C:/Users/Patheo24/AppData/Local/Temp/jsreport/autocleanup/a3eecff7-60e5-412e-bee3-819aeb2285a4-chrome-pdf.html","meta":{"rootId":"jmocxce89jl6hv3","id":"jmocxce89jl6hv3"},"id":"xjxpgdkqbz9cg6a","previousOperationId":"vyfiv2ysl0qv9f1"}
{"type":"log","timestamp":1744374577410,"level":"debug","message":"Page request finished: GET (document) 200 file:///C:/Users/Patheo24/AppData/Local/Temp/jsreport/autocleanup/a3eecff7-60e5-412e-bee3-819aeb2285a4-chrome-pdf.html","meta":{"rootId":"jmocxce89jl6hv3","id":"jmocxce89jl6hv3"},"id":"mnrav8crpmq7lvc","previousOperationId":"vyfiv2ysl0qv9f1"}
{"type":"log","timestamp":1744374577411,"level":"debug","message":"Page request: GET (font) http://localhost:5488/fonts/kalpurush.ttf","meta":{"rootId":"jmocxce89jl6hv3","id":"jmocxce89jl6hv3"},"id":"wjb9wtuldtsfax2","previousOperationId":"vyfiv2ysl0qv9f1"}
{"type":"log","timestamp":1744374577411,"level":"debug","message":"Page request: GET (image) https://res.cloudinary.com/dpes1dyqb/image/upload/v1738768933/logo_myycxt.jpg","meta":{"rootId":"jmocxce89jl6hv3","id":"jmocxce89jl6hv3"},"id":"i4a7ptna90rz1l3","previousOperationId":"vyfiv2ysl0qv9f1"}
{"type":"log","timestamp":1744374577475,"level":"debug","message":"Page request: GET (font) http://localhost:5488/fonts/kalpurush.ttf","meta":{"rootId":"jmocxce89jl6hv3","id":"jmocxce89jl6hv3"},"id":"hjf846q2a2lktlj","previousOperationId":"vyfiv2ysl0qv9f1"}
{"type":"log","timestamp":1744374577476,"level":"debug","message":"Page request finished: GET (image) 200 https://res.cloudinary.com/dpes1dyqb/image/upload/v1738768933/logo_myycxt.jpg","meta":{"rootId":"jmocxce89jl6hv3","id":"jmocxce89jl6hv3"},"id":"ez0kr026fkaw3gw","previousOperationId":"vyfiv2ysl0qv9f1"}
{"type":"log","timestamp":1744374577488,"level":"debug","message":"(console:error) Failed to load resource: the server responded with a status of 404 (Not Found)","meta":{"userLevel":true,"rootId":"jmocxce89jl6hv3","id":"jmocxce89jl6hv3"},"id":"lvba1ec4fch3cjs","previousOperationId":"vyfiv2ysl0qv9f1"}
{"type":"log","timestamp":1744374577488,"level":"warn","message":"Page request failed: GET (font) http://localhost:5488/fonts/kalpurush.ttf, failure: net::ERR_ABORTED","meta":{"rootId":"jmocxce89jl6hv3","id":"jmocxce89jl6hv3"},"id":"qz9m2t3xi9muooj","previousOperationId":"vyfiv2ysl0qv9f1"}
{"type":"log","timestamp":1744374577502,"level":"debug","message":"Running chrome with params {\"printBackground\":true,\"format\":\"A5\",\"marginRight\":\"\",\"height\":\"\",\"marginTop\":\"\",\"marginBottom\":\"\",\"marginLeft\":\"\",\"displayHeaderFooter\":true,\"width\":\"\",\"timeout\":59937,\"margin\":{\"top\":\"\",\"right\":\"\",\"bottom\":\"\",\"left\":\"\"}}","meta":{"rootId":"jmocxce89jl6hv3","id":"jmocxce89jl6hv3"},"id":"mb6cdg2eb8bi72m","previousOperationId":"vyfiv2ysl0qv9f1"}
{"type":"operationEnd","operationId":"vyfiv2ysl0qv9f1","timestamp":1744374577842,"id":"0piyfbw66utjoo9","previousEventId":"h9u9pew60ow9cxg","previousOperationId":"vyfiv2ysl0qv9f1"}
{"type":"log","timestamp":1744374577842,"level":"debug","message":"Skipping storing report.","meta":{"rootId":"jmocxce89jl6hv3","id":"jmocxce89jl6hv3"},"id":"lvl2ev2k8bow01k","previousOperationId":"vyfiv2ysl0qv9f1"}
{"type":"log","timestamp":1744374577842,"level":"info","message":"Rendering request 8 finished in 593 ms","meta":{"rootId":"jmocxce89jl6hv3","id":"jmocxce89jl6hv3"},"id":"pi21pfqete8cwez","previousOperationId":"vyfiv2ysl0qv9f1"}
{"type":"operationEnd","subtype":"render","operationId":"xi5q6thqp8jrdhr","timestamp":1744374577842,"id":"e5tg09vwqnhnm9i","previousEventId":"0piyfbw66utjoo9","previousOperationId":"vyfiv2ysl0qv9f1"}
{"type":"operationEnd","doDiffs":false,"previousEventId":"kzfkc5c18n8nwj9","previousOperationId":"ha6gt8f2m8zo91s","operationId":"ha6gt8f2m8zo91s","timestamp":1744374577847,"id":"3rcipananxi60f8"}
