{"type":"operationStart","subtype":"profile","data":{"_id":"51Lw60GsSDVEqPDa","timestamp":"2025-04-09T07:05:56.789Z","state":"queued","mode":"standard","creationDate":"2025-04-09T07:05:56.790Z","modificationDate":"2025-04-09T07:05:56.790Z","shortid":"qa4iz57","$entitySet":"profiles"},"doDiffs":false,"timestamp":1744182356789,"id":"0nuqu780aazt1ku","previousOperationId":null,"operationId":"up713r8xne05ttl"}
{"type":"log","level":"info","message":"Render request 40 queued for execution and waiting for available worker","previousOperationId":"up713r8xne05ttl","timestamp":1744182356790,"id":"rdvorf5ybmfzxhh"}
{"type":"operationStart","subtype":"render","name":"myTemplate","previousOperationId":"up713r8xne05ttl","timestamp":1744182356801,"id":"tbwhtkkmpoof794","previousEventId":"0nuqu780aazt1ku","operationId":"vt9rm2w5gnx9w89"}
{"type":"log","timestamp":1744182356801,"level":"info","message":"Starting rendering request 40","meta":{"rootId":"jph476ui8bhmyey","id":"jph476ui8bhmyey"},"id":"s9whm27bnetjayo","previousOperationId":"vt9rm2w5gnx9w89"}
{"type":"log","timestamp":1744182356802,"level":"info","message":"Rendering template { name: myTemplate, recipe: chrome-pdf, engine: handlebars, preview: true }","meta":{"rootId":"jph476ui8bhmyey","id":"jph476ui8bhmyey"},"id":"fs97f1dzfqjymsy","previousOperationId":"vt9rm2w5gnx9w89"}
{"type":"log","timestamp":1744182356802,"level":"debug","message":"Inline data specified.","meta":{"rootId":"jph476ui8bhmyey","id":"jph476ui8bhmyey"},"id":"8nabh4zehljsj29","previousOperationId":"vt9rm2w5gnx9w89"}
{"type":"log","timestamp":1744182356804,"level":"debug","message":"Base url not specified, skipping its injection.","meta":{"rootId":"jph476ui8bhmyey","id":"jph476ui8bhmyey"},"id":"3nppv81eyyduizp","previousOperationId":"vt9rm2w5gnx9w89"}
{"type":"operationStart","subtype":"engine","name":"handlebars","timestamp":1744182356804,"id":"75l0o5k3f84gc0n","previousEventId":"tbwhtkkmpoof794","operationId":"5i3zu8g359q1c2w","previousOperationId":"vt9rm2w5gnx9w89"}
{"type":"log","timestamp":1744182356804,"level":"debug","message":"Rendering engine handlebars","meta":{"rootId":"jph476ui8bhmyey","id":"jph476ui8bhmyey"},"id":"e4lb7wa3knrnoad","previousOperationId":"5i3zu8g359q1c2w"}
{"type":"operationEnd","operationId":"5i3zu8g359q1c2w","timestamp":1744182356817,"id":"g2jo0cbaxbybi76","previousEventId":"75l0o5k3f84gc0n","previousOperationId":"5i3zu8g359q1c2w"}
{"type":"operationStart","subtype":"recipe","name":"chrome-pdf","timestamp":1744182356817,"id":"jzn6cakm64ud9fg","previousEventId":"g2jo0cbaxbybi76","operationId":"oam1aykvf823qjm","previousOperationId":"5i3zu8g359q1c2w"}
{"type":"log","timestamp":1744182356817,"level":"debug","message":"Executing recipe chrome-pdf","meta":{"rootId":"jph476ui8bhmyey","id":"jph476ui8bhmyey"},"id":"bgui6q94g7xnt50","previousOperationId":"oam1aykvf823qjm"}
{"type":"log","timestamp":1744182356820,"level":"debug","message":"Converting with chrome Chrome/133.0.6943.126 using chrome-pool strategy","meta":{"rootId":"jph476ui8bhmyey","id":"jph476ui8bhmyey"},"id":"tomxifhwsyflr3f","previousOperationId":"oam1aykvf823qjm"}
{"type":"log","timestamp":1744182356877,"level":"debug","message":"Page request: GET (document) file:///C:/Users/Patheo24/AppData/Local/Temp/jsreport/autocleanup/907dd6e2-41e0-42a3-a091-4408a3a4229a-chrome-pdf.html","meta":{"rootId":"jph476ui8bhmyey","id":"jph476ui8bhmyey"},"id":"5d17t3ikq2klupn","previousOperationId":"oam1aykvf823qjm"}
{"type":"log","timestamp":1744182356904,"level":"debug","message":"Page request finished: GET (document) 200 file:///C:/Users/Patheo24/AppData/Local/Temp/jsreport/autocleanup/907dd6e2-41e0-42a3-a091-4408a3a4229a-chrome-pdf.html","meta":{"rootId":"jph476ui8bhmyey","id":"jph476ui8bhmyey"},"id":"07wcgqnjvhrmk7k","previousOperationId":"oam1aykvf823qjm"}
{"type":"log","timestamp":1744182356904,"level":"debug","message":"(console:info) Slow network is detected. See https://www.chromestatus.com/feature/5636954674692096 for more details. Fallback font will be used while loading: http://localhost:5488/fonts/kalpurush.ttf","meta":{"userLevel":true,"rootId":"jph476ui8bhmyey","id":"jph476ui8bhmyey"},"id":"etc1yb9idn21sje","previousOperationId":"oam1aykvf823qjm"}
{"type":"log","timestamp":1744182356905,"level":"debug","message":"Page request: GET (font) http://localhost:5488/fonts/kalpurush.ttf","meta":{"rootId":"jph476ui8bhmyey","id":"jph476ui8bhmyey"},"id":"z6q07i4e6w6ebod","previousOperationId":"oam1aykvf823qjm"}
{"type":"log","timestamp":1744182356905,"level":"debug","message":"Page request: GET (image) https://res.cloudinary.com/dpes1dyqb/image/upload/v1738768933/logo_myycxt.jpg","meta":{"rootId":"jph476ui8bhmyey","id":"jph476ui8bhmyey"},"id":"5ifz38ksmafff4p","previousOperationId":"oam1aykvf823qjm"}
{"type":"log","timestamp":1744182356913,"level":"debug","message":"Page request: GET (font) http://localhost:5488/fonts/kalpurush.ttf","meta":{"rootId":"jph476ui8bhmyey","id":"jph476ui8bhmyey"},"id":"9gekvdcz1wxwxew","previousOperationId":"oam1aykvf823qjm"}
{"type":"log","timestamp":1744182356914,"level":"debug","message":"Page request finished: GET (image) 200 https://res.cloudinary.com/dpes1dyqb/image/upload/v1738768933/logo_myycxt.jpg","meta":{"rootId":"jph476ui8bhmyey","id":"jph476ui8bhmyey"},"id":"w3m6cw2waormv6d","previousOperationId":"oam1aykvf823qjm"}
{"type":"log","timestamp":1744182356957,"level":"debug","message":"(console:error) Failed to load resource: the server responded with a status of 404 (Not Found)","meta":{"userLevel":true,"rootId":"jph476ui8bhmyey","id":"jph476ui8bhmyey"},"id":"jzjg4q5e7yggp71","previousOperationId":"oam1aykvf823qjm"}
{"type":"log","timestamp":1744182356958,"level":"warn","message":"Page request failed: GET (font) http://localhost:5488/fonts/kalpurush.ttf, failure: net::ERR_ABORTED","meta":{"rootId":"jph476ui8bhmyey","id":"jph476ui8bhmyey"},"id":"13jq6t5ats05yms","previousOperationId":"oam1aykvf823qjm"}
{"type":"log","timestamp":1744182356964,"level":"debug","message":"Running chrome with params {\"printBackground\":true,\"timeout\":59969,\"margin\":{}}","meta":{"rootId":"jph476ui8bhmyey","id":"jph476ui8bhmyey"},"id":"k4qgqqo5a9tjxj6","previousOperationId":"oam1aykvf823qjm"}
{"type":"operationEnd","operationId":"oam1aykvf823qjm","timestamp":1744182357257,"id":"x5ya8jyixaoik44","previousEventId":"jzn6cakm64ud9fg","previousOperationId":"oam1aykvf823qjm"}
{"type":"log","timestamp":1744182357257,"level":"debug","message":"Skipping storing report.","meta":{"rootId":"jph476ui8bhmyey","id":"jph476ui8bhmyey"},"id":"cm4g008vnbpgt2b","previousOperationId":"oam1aykvf823qjm"}
{"type":"log","timestamp":1744182357257,"level":"info","message":"Rendering request 40 finished in 469 ms","meta":{"rootId":"jph476ui8bhmyey","id":"jph476ui8bhmyey"},"id":"6d96lfg2z08m0s1","previousOperationId":"oam1aykvf823qjm"}
{"type":"operationEnd","subtype":"render","operationId":"vt9rm2w5gnx9w89","timestamp":1744182357257,"id":"dp8l082p1w28v85","previousEventId":"x5ya8jyixaoik44","previousOperationId":"oam1aykvf823qjm"}
{"type":"operationEnd","doDiffs":false,"previousEventId":"0nuqu780aazt1ku","previousOperationId":"up713r8xne05ttl","operationId":"up713r8xne05ttl","timestamp":1744182357261,"id":"vu7nte73b1spyi2"}
