{"type":"operationStart","subtype":"profile","data":{"_id":"A1jjvBkGjpoHKACe","timestamp":"2025-04-09T09:13:05.927Z","state":"queued","mode":"standard","creationDate":"2025-04-09T09:13:05.930Z","modificationDate":"2025-04-09T09:13:05.930Z","shortid":"y0BnK1c","$entitySet":"profiles"},"doDiffs":false,"timestamp":1744189985928,"id":"l11nmztfb8x89xu","previousOperationId":null,"operationId":"twqstp09fq9z3nc"}
{"type":"log","level":"info","message":"Render request 47 queued for execution and waiting for available worker","previousOperationId":"twqstp09fq9z3nc","timestamp":1744189985929,"id":"r32wljqrw5vhux8"}
{"type":"operationStart","subtype":"render","name":"myTemplate","previousOperationId":"twqstp09fq9z3nc","timestamp":1744189985954,"id":"8xln8648h29fsdu","previousEventId":"l11nmztfb8x89xu","operationId":"phn92ipmbynltjg"}
{"type":"log","timestamp":1744189985954,"level":"info","message":"Starting rendering request 47","meta":{"rootId":"k0qt4iwep0ah3br","id":"k0qt4iwep0ah3br"},"id":"nh2wae9332vbyck","previousOperationId":"phn92ipmbynltjg"}
{"type":"log","timestamp":1744189985954,"level":"info","message":"Rendering template { name: myTemplate, recipe: chrome-pdf, engine: handlebars, preview: true }","meta":{"rootId":"k0qt4iwep0ah3br","id":"k0qt4iwep0ah3br"},"id":"srste1dweo5yx88","previousOperationId":"phn92ipmbynltjg"}
{"type":"log","timestamp":1744189985955,"level":"debug","message":"Inline data specified.","meta":{"rootId":"k0qt4iwep0ah3br","id":"k0qt4iwep0ah3br"},"id":"gnb317yc6a4bi10","previousOperationId":"phn92ipmbynltjg"}
{"type":"log","timestamp":1744189985958,"level":"debug","message":"Base url not specified, skipping its injection.","meta":{"rootId":"k0qt4iwep0ah3br","id":"k0qt4iwep0ah3br"},"id":"ydeu4klmqujhrsf","previousOperationId":"phn92ipmbynltjg"}
{"type":"operationStart","subtype":"engine","name":"handlebars","timestamp":1744189985958,"id":"lgoi5iiwa2xivp7","previousEventId":"8xln8648h29fsdu","operationId":"u0tpawb9ygq9lf2","previousOperationId":"phn92ipmbynltjg"}
{"type":"log","timestamp":1744189985958,"level":"debug","message":"Rendering engine handlebars","meta":{"rootId":"k0qt4iwep0ah3br","id":"k0qt4iwep0ah3br"},"id":"69xhl7aku8pm8zo","previousOperationId":"u0tpawb9ygq9lf2"}
{"type":"operationEnd","operationId":"u0tpawb9ygq9lf2","timestamp":1744189985974,"id":"twdrnuojpirb59m","previousEventId":"lgoi5iiwa2xivp7","previousOperationId":"u0tpawb9ygq9lf2"}
{"type":"operationStart","subtype":"recipe","name":"chrome-pdf","timestamp":1744189985975,"id":"9w7gmv3i8lez9zo","previousEventId":"twdrnuojpirb59m","operationId":"putxo1d7b2ke1t4","previousOperationId":"u0tpawb9ygq9lf2"}
{"type":"log","timestamp":1744189985975,"level":"debug","message":"Executing recipe chrome-pdf","meta":{"rootId":"k0qt4iwep0ah3br","id":"k0qt4iwep0ah3br"},"id":"od9fwhk005dayju","previousOperationId":"putxo1d7b2ke1t4"}
{"type":"log","timestamp":1744189985978,"level":"debug","message":"Converting with chrome Chrome/133.0.6943.126 using chrome-pool strategy","meta":{"rootId":"k0qt4iwep0ah3br","id":"k0qt4iwep0ah3br"},"id":"cvq56vty3xe8rqc","previousOperationId":"putxo1d7b2ke1t4"}
{"type":"log","timestamp":1744189986207,"level":"debug","message":"Page request: GET (document) file:///C:/Users/Patheo24/AppData/Local/Temp/jsreport/autocleanup/86608221-342d-441e-a60d-c7e1e49c8fa8-chrome-pdf.html","meta":{"rootId":"k0qt4iwep0ah3br","id":"k0qt4iwep0ah3br"},"id":"mjwnvmtniyz7ngd","previousOperationId":"putxo1d7b2ke1t4"}
{"type":"log","timestamp":1744189986235,"level":"debug","message":"Page request finished: GET (document) 200 file:///C:/Users/Patheo24/AppData/Local/Temp/jsreport/autocleanup/86608221-342d-441e-a60d-c7e1e49c8fa8-chrome-pdf.html","meta":{"rootId":"k0qt4iwep0ah3br","id":"k0qt4iwep0ah3br"},"id":"thgcz4a4idvv5j0","previousOperationId":"putxo1d7b2ke1t4"}
{"type":"log","timestamp":1744189986235,"level":"debug","message":"(console:info) Slow network is detected. See https://www.chromestatus.com/feature/5636954674692096 for more details. Fallback font will be used while loading: http://localhost:5488/fonts/kalpurush.ttf","meta":{"userLevel":true,"rootId":"k0qt4iwep0ah3br","id":"k0qt4iwep0ah3br"},"id":"epfh4gqluuiws6o","previousOperationId":"putxo1d7b2ke1t4"}
{"type":"log","timestamp":1744189986236,"level":"debug","message":"Page request: GET (font) http://localhost:5488/fonts/kalpurush.ttf","meta":{"rootId":"k0qt4iwep0ah3br","id":"k0qt4iwep0ah3br"},"id":"i3tm5o2by7ul1xb","previousOperationId":"putxo1d7b2ke1t4"}
{"type":"log","timestamp":1744189986237,"level":"debug","message":"Page request: GET (image) https://res.cloudinary.com/dpes1dyqb/image/upload/v1738768933/logo_myycxt.jpg","meta":{"rootId":"k0qt4iwep0ah3br","id":"k0qt4iwep0ah3br"},"id":"sg727g6eakvu21m","previousOperationId":"putxo1d7b2ke1t4"}
{"type":"log","timestamp":1744189986312,"level":"debug","message":"Page request: GET (font) http://localhost:5488/fonts/kalpurush.ttf","meta":{"rootId":"k0qt4iwep0ah3br","id":"k0qt4iwep0ah3br"},"id":"mzxkkt36jd1dcw5","previousOperationId":"putxo1d7b2ke1t4"}
{"type":"log","timestamp":1744189986325,"level":"debug","message":"(console:error) Failed to load resource: the server responded with a status of 404 (Not Found)","meta":{"userLevel":true,"rootId":"k0qt4iwep0ah3br","id":"k0qt4iwep0ah3br"},"id":"cv9g5jgp82jzfdm","previousOperationId":"putxo1d7b2ke1t4"}
{"type":"log","timestamp":1744189986326,"level":"warn","message":"Page request failed: GET (font) http://localhost:5488/fonts/kalpurush.ttf, failure: net::ERR_ABORTED","meta":{"rootId":"k0qt4iwep0ah3br","id":"k0qt4iwep0ah3br"},"id":"a1erclni8iznm2e","previousOperationId":"putxo1d7b2ke1t4"}
{"type":"log","timestamp":1744189988432,"level":"debug","message":"Page request finished: GET (image) 200 https://res.cloudinary.com/dpes1dyqb/image/upload/v1738768933/logo_myycxt.jpg","meta":{"rootId":"k0qt4iwep0ah3br","id":"k0qt4iwep0ah3br"},"id":"sz3p8lwumfv4d4t","previousOperationId":"putxo1d7b2ke1t4"}
{"type":"log","timestamp":1744189988433,"level":"debug","message":"Running chrome with params {\"printBackground\":true,\"timeout\":59951,\"margin\":{}}","meta":{"rootId":"k0qt4iwep0ah3br","id":"k0qt4iwep0ah3br"},"id":"3agzm3buyzqn32u","previousOperationId":"putxo1d7b2ke1t4"}
{"type":"operationEnd","operationId":"putxo1d7b2ke1t4","timestamp":1744189988745,"id":"to3f4snts1ag192","previousEventId":"9w7gmv3i8lez9zo","previousOperationId":"putxo1d7b2ke1t4"}
{"type":"log","timestamp":1744189988745,"level":"debug","message":"Skipping storing report.","meta":{"rootId":"k0qt4iwep0ah3br","id":"k0qt4iwep0ah3br"},"id":"mah1l6yiiw0qtxo","previousOperationId":"putxo1d7b2ke1t4"}
{"type":"log","timestamp":1744189988745,"level":"info","message":"Rendering request 47 finished in 2818 ms","meta":{"rootId":"k0qt4iwep0ah3br","id":"k0qt4iwep0ah3br"},"id":"accpjmn4ocy8z43","previousOperationId":"putxo1d7b2ke1t4"}
{"type":"operationEnd","subtype":"render","operationId":"phn92ipmbynltjg","timestamp":1744189988745,"id":"fnkmvukewyu9yav","previousEventId":"to3f4snts1ag192","previousOperationId":"putxo1d7b2ke1t4"}
{"type":"operationEnd","doDiffs":false,"previousEventId":"l11nmztfb8x89xu","previousOperationId":"twqstp09fq9z3nc","operationId":"twqstp09fq9z3nc","timestamp":1744189988749,"id":"6q7tux8az33ilwk"}
