{"type":"operationStart","subtype":"profile","data":{"_id":"7D8wwNnXBhFPXmUn","timestamp":"2025-04-11T13:01:36.021Z","state":"running","mode":"standard","creationDate":"2025-04-11T13:01:36.023Z","modificationDate":"2025-04-11T13:01:36.023Z","shortid":"ijg2mdT","$entitySet":"profiles","timeout":60000,"templateShortid":"2tjN-EB9Yu"},"doDiffs":false,"timestamp":1744376496022,"id":"23gt1mxqcwgk983","previousOperationId":null,"operationId":"wfncgj5gnprk615"}
{"type":"log","level":"info","message":"Render request 43 queued for execution and waiting for available worker","previousOperationId":"wfncgj5gnprk615","timestamp":1744376496022,"id":"dbgzjdi7yx0t9yg"}
{"type":"operationStart","subtype":"render","name":"myTemplate","previousOperationId":"wfncgj5gnprk615","timestamp":1744376496028,"id":"4cuzrbqbswnzmzf","previousEventId":"23gt1mxqcwgk983","operationId":"1n8i9a00sja1gxv"}
{"type":"log","timestamp":1744376496028,"level":"info","message":"Starting rendering request 43","meta":{"rootId":"kf7refybzjf3jd7","id":"kf7refybzjf3jd7"},"id":"h1mscp4tb5zr4d3","previousOperationId":"1n8i9a00sja1gxv"}
{"type":"log","timestamp":1744376496029,"level":"info","message":"Rendering template { name: myTemplate, recipe: chrome-pdf, engine: handlebars, preview: false }","meta":{"rootId":"kf7refybzjf3jd7","id":"kf7refybzjf3jd7"},"id":"cdnjaz5vu1cac11","previousOperationId":"1n8i9a00sja1gxv"}
{"type":"log","timestamp":1744376496030,"level":"debug","message":"Inline data specified.","meta":{"rootId":"kf7refybzjf3jd7","id":"kf7refybzjf3jd7"},"id":"owie16x34ygn9zr","previousOperationId":"1n8i9a00sja1gxv"}
{"type":"log","timestamp":1744376496033,"level":"debug","message":"Base url not specified, skipping its injection.","meta":{"rootId":"kf7refybzjf3jd7","id":"kf7refybzjf3jd7"},"id":"khpn0k6ncogdwhb","previousOperationId":"1n8i9a00sja1gxv"}
{"type":"operationStart","subtype":"engine","name":"handlebars","timestamp":1744376496033,"id":"47y6787ddpntfm7","previousEventId":"4cuzrbqbswnzmzf","operationId":"d4rbpa6jdzeykl0","previousOperationId":"1n8i9a00sja1gxv"}
{"type":"log","timestamp":1744376496033,"level":"debug","message":"Rendering engine handlebars","meta":{"rootId":"kf7refybzjf3jd7","id":"kf7refybzjf3jd7"},"id":"mxyqx2fn540kvwi","previousOperationId":"d4rbpa6jdzeykl0"}
{"type":"operationEnd","operationId":"d4rbpa6jdzeykl0","timestamp":1744376496046,"id":"2cnuixkb1gzsho0","previousEventId":"47y6787ddpntfm7","previousOperationId":"d4rbpa6jdzeykl0"}
{"type":"operationStart","subtype":"recipe","name":"chrome-pdf","timestamp":1744376496047,"id":"biksvv9zngtvmbe","previousEventId":"2cnuixkb1gzsho0","operationId":"86y28p6skjt0wea","previousOperationId":"d4rbpa6jdzeykl0"}
{"type":"log","timestamp":1744376496047,"level":"debug","message":"Executing recipe chrome-pdf","meta":{"rootId":"kf7refybzjf3jd7","id":"kf7refybzjf3jd7"},"id":"0e4ugtl6z9dv1fm","previousOperationId":"86y28p6skjt0wea"}
{"type":"log","timestamp":1744376496050,"level":"debug","message":"Converting with chrome Chrome/133.0.6943.126 using chrome-pool strategy","meta":{"rootId":"kf7refybzjf3jd7","id":"kf7refybzjf3jd7"},"id":"7r4aklxary5rpjp","previousOperationId":"86y28p6skjt0wea"}
{"type":"log","timestamp":1744376496119,"level":"debug","message":"Page request: GET (document) file:///C:/Users/Patheo24/AppData/Local/Temp/jsreport/autocleanup/3454e9a0-bc16-4e0d-a5ed-c5fda4c918a6-chrome-pdf.html","meta":{"rootId":"kf7refybzjf3jd7","id":"kf7refybzjf3jd7"},"id":"k9l0a3w7nhpm4ri","previousOperationId":"86y28p6skjt0wea"}
{"type":"log","timestamp":1744376496142,"level":"debug","message":"Page request finished: GET (document) 200 file:///C:/Users/Patheo24/AppData/Local/Temp/jsreport/autocleanup/3454e9a0-bc16-4e0d-a5ed-c5fda4c918a6-chrome-pdf.html","meta":{"rootId":"kf7refybzjf3jd7","id":"kf7refybzjf3jd7"},"id":"jreah24cktmi70n","previousOperationId":"86y28p6skjt0wea"}
{"type":"log","timestamp":1744376496143,"level":"debug","message":"Page request: GET (font) http://localhost:5488/fonts/kalpurush.ttf","meta":{"rootId":"kf7refybzjf3jd7","id":"kf7refybzjf3jd7"},"id":"woc8aqrs6jm06cg","previousOperationId":"86y28p6skjt0wea"}
{"type":"log","timestamp":1744376496143,"level":"debug","message":"Page request: GET (image) https://res.cloudinary.com/dpes1dyqb/image/upload/v1738768933/logo_myycxt.jpg","meta":{"rootId":"kf7refybzjf3jd7","id":"kf7refybzjf3jd7"},"id":"bom733yph28ztf4","previousOperationId":"86y28p6skjt0wea"}
{"type":"log","timestamp":1744376496186,"level":"debug","message":"Page request: GET (font) http://localhost:5488/fonts/kalpurush.ttf","meta":{"rootId":"kf7refybzjf3jd7","id":"kf7refybzjf3jd7"},"id":"8o5q5ijjt34gdt5","previousOperationId":"86y28p6skjt0wea"}
{"type":"log","timestamp":1744376496187,"level":"debug","message":"Page request finished: GET (image) 200 https://res.cloudinary.com/dpes1dyqb/image/upload/v1738768933/logo_myycxt.jpg","meta":{"rootId":"kf7refybzjf3jd7","id":"kf7refybzjf3jd7"},"id":"akcsm7pxpgvmvj3","previousOperationId":"86y28p6skjt0wea"}
{"type":"log","timestamp":1744376496199,"level":"debug","message":"(console:error) Failed to load resource: the server responded with a status of 404 (Not Found)","meta":{"userLevel":true,"rootId":"kf7refybzjf3jd7","id":"kf7refybzjf3jd7"},"id":"30ewgy89zgc03u8","previousOperationId":"86y28p6skjt0wea"}
{"type":"log","timestamp":1744376496200,"level":"warn","message":"Page request failed: GET (font) http://localhost:5488/fonts/kalpurush.ttf, failure: net::ERR_ABORTED","meta":{"rootId":"kf7refybzjf3jd7","id":"kf7refybzjf3jd7"},"id":"6q4hbg5is52y37p","previousOperationId":"86y28p6skjt0wea"}
{"type":"log","timestamp":1744376496208,"level":"debug","message":"Running chrome with params {\"printBackground\":true,\"format\":\"A5\",\"marginRight\":\"\",\"height\":\"\",\"marginTop\":\"\",\"marginBottom\":\"\",\"marginLeft\":\"\",\"displayHeaderFooter\":true,\"width\":\"\",\"timeout\":59971,\"margin\":{\"top\":\"\",\"right\":\"\",\"bottom\":\"\",\"left\":\"\"}}","meta":{"rootId":"kf7refybzjf3jd7","id":"kf7refybzjf3jd7"},"id":"nrurnzzwrhqp49x","previousOperationId":"86y28p6skjt0wea"}
{"type":"operationEnd","operationId":"86y28p6skjt0wea","timestamp":1744376496513,"id":"wt2rds4yhdaktwl","previousEventId":"biksvv9zngtvmbe","previousOperationId":"86y28p6skjt0wea"}
{"type":"log","timestamp":1744376496513,"level":"debug","message":"Skipping storing report.","meta":{"rootId":"kf7refybzjf3jd7","id":"kf7refybzjf3jd7"},"id":"i4zql2g1ocpe7lk","previousOperationId":"86y28p6skjt0wea"}
{"type":"log","timestamp":1744376496513,"level":"info","message":"Rendering request 43 finished in 493 ms","meta":{"rootId":"kf7refybzjf3jd7","id":"kf7refybzjf3jd7"},"id":"b3qlarnqcmsd9xg","previousOperationId":"86y28p6skjt0wea"}
{"type":"operationEnd","subtype":"render","operationId":"1n8i9a00sja1gxv","timestamp":1744376496513,"id":"l5wab79n6sduq62","previousEventId":"wt2rds4yhdaktwl","previousOperationId":"86y28p6skjt0wea"}
{"type":"operationEnd","doDiffs":false,"previousEventId":"23gt1mxqcwgk983","previousOperationId":"wfncgj5gnprk615","operationId":"wfncgj5gnprk615","timestamp":1744376496515,"id":"w341n9a19cf2jsl"}
