{"type":"operationStart","subtype":"profile","data":{"_id":"v2CUNitr609LNsBa","timestamp":"2025-04-09T10:32:16.464Z","state":"queued","mode":"standard","creationDate":"2025-04-09T10:32:16.466Z","modificationDate":"2025-04-09T10:32:16.466Z","shortid":"oI4BRR2","$entitySet":"profiles"},"doDiffs":false,"timestamp":1744194736465,"id":"2filoup2e2crnxu","previousOperationId":null,"operationId":"4x56qf6osyxkd7v"}
{"type":"log","level":"info","message":"Render request 12 queued for execution and waiting for available worker","previousOperationId":"4x56qf6osyxkd7v","timestamp":1744194736465,"id":"eps4k6tn3qwav31"}
{"type":"operationStart","subtype":"render","name":"myTemplate","previousOperationId":"4x56qf6osyxkd7v","timestamp":1744194736478,"id":"55a3p1lnygcjoj3","previousEventId":"2filoup2e2crnxu","operationId":"ey5imk2fm7p4782"}
{"type":"log","timestamp":1744194736478,"level":"info","message":"Starting rendering request 12","meta":{"rootId":"klf1mpvnyr8j5mp","id":"klf1mpvnyr8j5mp"},"id":"zbxw735qlqb857k","previousOperationId":"ey5imk2fm7p4782"}
{"type":"log","timestamp":1744194736478,"level":"info","message":"Rendering template { name: myTemplate, recipe: chrome-pdf, engine: handlebars, preview: true }","meta":{"rootId":"klf1mpvnyr8j5mp","id":"klf1mpvnyr8j5mp"},"id":"zk1sdgcfh4jpoc4","previousOperationId":"ey5imk2fm7p4782"}
{"type":"log","timestamp":1744194736478,"level":"debug","message":"Inline data specified.","meta":{"rootId":"klf1mpvnyr8j5mp","id":"klf1mpvnyr8j5mp"},"id":"wozftsfghacvh2d","previousOperationId":"ey5imk2fm7p4782"}
{"type":"log","timestamp":1744194736480,"level":"debug","message":"Base url not specified, skipping its injection.","meta":{"rootId":"klf1mpvnyr8j5mp","id":"klf1mpvnyr8j5mp"},"id":"rved47an3uln1pg","previousOperationId":"ey5imk2fm7p4782"}
{"type":"operationStart","subtype":"engine","name":"handlebars","timestamp":1744194736480,"id":"xvjvqy92degeuqm","previousEventId":"55a3p1lnygcjoj3","operationId":"u29cbsg1a2nwhxm","previousOperationId":"ey5imk2fm7p4782"}
{"type":"log","timestamp":1744194736480,"level":"debug","message":"Rendering engine handlebars","meta":{"rootId":"klf1mpvnyr8j5mp","id":"klf1mpvnyr8j5mp"},"id":"8c81jysmomqg2q3","previousOperationId":"u29cbsg1a2nwhxm"}
{"type":"operationEnd","operationId":"u29cbsg1a2nwhxm","timestamp":1744194736495,"id":"jb5b2ralpl4a2k4","previousEventId":"xvjvqy92degeuqm","previousOperationId":"u29cbsg1a2nwhxm"}
{"type":"operationStart","subtype":"recipe","name":"chrome-pdf","timestamp":1744194736495,"id":"05udvpsh1ba984d","previousEventId":"jb5b2ralpl4a2k4","operationId":"xms9f4ngos7qnrp","previousOperationId":"u29cbsg1a2nwhxm"}
{"type":"log","timestamp":1744194736495,"level":"debug","message":"Executing recipe chrome-pdf","meta":{"rootId":"klf1mpvnyr8j5mp","id":"klf1mpvnyr8j5mp"},"id":"uuwkfahkjv1nr2t","previousOperationId":"xms9f4ngos7qnrp"}
{"type":"log","timestamp":1744194736499,"level":"debug","message":"Converting with chrome Chrome/133.0.6943.126 using chrome-pool strategy","meta":{"rootId":"klf1mpvnyr8j5mp","id":"klf1mpvnyr8j5mp"},"id":"mzc5mflmesmhjhr","previousOperationId":"xms9f4ngos7qnrp"}
{"type":"log","timestamp":1744194736561,"level":"debug","message":"Page request: GET (document) file:///C:/Users/Patheo24/AppData/Local/Temp/jsreport/autocleanup/49621cad-c960-4065-bd6b-fc95ef85ae02-chrome-pdf.html","meta":{"rootId":"klf1mpvnyr8j5mp","id":"klf1mpvnyr8j5mp"},"id":"ae9kzfeu3q83vu8","previousOperationId":"xms9f4ngos7qnrp"}
{"type":"log","timestamp":1744194736591,"level":"debug","message":"Page request finished: GET (document) 200 file:///C:/Users/Patheo24/AppData/Local/Temp/jsreport/autocleanup/49621cad-c960-4065-bd6b-fc95ef85ae02-chrome-pdf.html","meta":{"rootId":"klf1mpvnyr8j5mp","id":"klf1mpvnyr8j5mp"},"id":"iboipvcemp3z5gd","previousOperationId":"xms9f4ngos7qnrp"}
{"type":"log","timestamp":1744194736597,"level":"debug","message":"Page request: GET (image) https://res.cloudinary.com/dpes1dyqb/image/upload/v1738768933/logo_myycxt.jpg","meta":{"rootId":"klf1mpvnyr8j5mp","id":"klf1mpvnyr8j5mp"},"id":"b7oe528lqifo8wp","previousOperationId":"xms9f4ngos7qnrp"}
{"type":"log","timestamp":1744194736598,"level":"debug","message":"(console:info) Slow network is detected. See https://www.chromestatus.com/feature/5636954674692096 for more details. Fallback font will be used while loading: http://localhost:5488/fonts/kalpurush.ttf","meta":{"userLevel":true,"rootId":"klf1mpvnyr8j5mp","id":"klf1mpvnyr8j5mp"},"id":"j9qyzbkbny502w1","previousOperationId":"xms9f4ngos7qnrp"}
{"type":"log","timestamp":1744194736599,"level":"debug","message":"Page request: GET (font) http://localhost:5488/fonts/kalpurush.ttf","meta":{"rootId":"klf1mpvnyr8j5mp","id":"klf1mpvnyr8j5mp"},"id":"d549hsi0z7r3tgs","previousOperationId":"xms9f4ngos7qnrp"}
{"type":"log","timestamp":1744194736647,"level":"debug","message":"Page request: GET (font) http://localhost:5488/fonts/kalpurush.ttf","meta":{"rootId":"klf1mpvnyr8j5mp","id":"klf1mpvnyr8j5mp"},"id":"n77nllwnj0m9t06","previousOperationId":"xms9f4ngos7qnrp"}
{"type":"log","timestamp":1744194736648,"level":"debug","message":"Page request finished: GET (image) 200 https://res.cloudinary.com/dpes1dyqb/image/upload/v1738768933/logo_myycxt.jpg","meta":{"rootId":"klf1mpvnyr8j5mp","id":"klf1mpvnyr8j5mp"},"id":"loz8856etmasnd2","previousOperationId":"xms9f4ngos7qnrp"}
{"type":"log","timestamp":1744194736655,"level":"debug","message":"(console:error) Failed to load resource: the server responded with a status of 404 (Not Found)","meta":{"userLevel":true,"rootId":"klf1mpvnyr8j5mp","id":"klf1mpvnyr8j5mp"},"id":"w8961ub4ibe43pb","previousOperationId":"xms9f4ngos7qnrp"}
{"type":"log","timestamp":1744194736655,"level":"warn","message":"Page request failed: GET (font) http://localhost:5488/fonts/kalpurush.ttf, failure: net::ERR_ABORTED","meta":{"rootId":"klf1mpvnyr8j5mp","id":"klf1mpvnyr8j5mp"},"id":"s1yfz6wczawr2q8","previousOperationId":"xms9f4ngos7qnrp"}
{"type":"log","timestamp":1744194736665,"level":"debug","message":"Running chrome with params {\"printBackground\":true,\"timeout\":59967,\"margin\":{}}","meta":{"rootId":"klf1mpvnyr8j5mp","id":"klf1mpvnyr8j5mp"},"id":"2s6yrjoxa3drkbl","previousOperationId":"xms9f4ngos7qnrp"}
{"type":"operationEnd","operationId":"xms9f4ngos7qnrp","timestamp":1744194736977,"id":"5i9swfbfhrdfdsc","previousEventId":"05udvpsh1ba984d","previousOperationId":"xms9f4ngos7qnrp"}
{"type":"log","timestamp":1744194736977,"level":"debug","message":"Skipping storing report.","meta":{"rootId":"klf1mpvnyr8j5mp","id":"klf1mpvnyr8j5mp"},"id":"ux4ins6b85pljev","previousOperationId":"xms9f4ngos7qnrp"}
{"type":"log","timestamp":1744194736977,"level":"info","message":"Rendering request 12 finished in 513 ms","meta":{"rootId":"klf1mpvnyr8j5mp","id":"klf1mpvnyr8j5mp"},"id":"4hpjs5gtkh3vp3m","previousOperationId":"xms9f4ngos7qnrp"}
{"type":"operationEnd","subtype":"render","operationId":"ey5imk2fm7p4782","timestamp":1744194736977,"id":"ljdowtya6y1un0g","previousEventId":"5i9swfbfhrdfdsc","previousOperationId":"xms9f4ngos7qnrp"}
{"type":"operationEnd","doDiffs":false,"previousEventId":"2filoup2e2crnxu","previousOperationId":"4x56qf6osyxkd7v","operationId":"4x56qf6osyxkd7v","timestamp":1744194736981,"id":"281bn565hcmodzx"}
