{"type":"operationStart","subtype":"profile","data":{"_id":"elnQC8J2Lfwhowdv","timestamp":"2025-04-09T09:36:12.416Z","state":"queued","mode":"standard","creationDate":"2025-04-09T09:36:12.418Z","modificationDate":"2025-04-09T09:36:12.418Z","shortid":"q4BiZOU","$entitySet":"profiles"},"doDiffs":false,"timestamp":1744191372417,"id":"w29pdr0fjhh4dww","previousOperationId":null,"operationId":"8e1eoq9m19jtcnn"}
{"type":"log","level":"info","message":"Render request 58 queued for execution and waiting for available worker","previousOperationId":"8e1eoq9m19jtcnn","timestamp":1744191372417,"id":"wsdy590jumpxulp"}
{"type":"operationStart","subtype":"render","name":"myTemplate","previousOperationId":"8e1eoq9m19jtcnn","timestamp":1744191372429,"id":"y57m71mkjc8p1s3","previousEventId":"w29pdr0fjhh4dww","operationId":"pni5qkolkeayi0b"}
{"type":"log","timestamp":1744191372429,"level":"info","message":"Starting rendering request 58","meta":{"rootId":"kw89d0r2g6okpkl","id":"kw89d0r2g6okpkl"},"id":"nvito47ncjj32z2","previousOperationId":"pni5qkolkeayi0b"}
{"type":"log","timestamp":1744191372429,"level":"info","message":"Rendering template { name: myTemplate, recipe: chrome-pdf, engine: handlebars, preview: true }","meta":{"rootId":"kw89d0r2g6okpkl","id":"kw89d0r2g6okpkl"},"id":"iz4hktlojeqd22j","previousOperationId":"pni5qkolkeayi0b"}
{"type":"log","timestamp":1744191372430,"level":"debug","message":"Inline data specified.","meta":{"rootId":"kw89d0r2g6okpkl","id":"kw89d0r2g6okpkl"},"id":"1wtr0rvuad8nc8b","previousOperationId":"pni5qkolkeayi0b"}
{"type":"log","timestamp":1744191372431,"level":"debug","message":"Base url not specified, skipping its injection.","meta":{"rootId":"kw89d0r2g6okpkl","id":"kw89d0r2g6okpkl"},"id":"1smcx5f4nqotp5y","previousOperationId":"pni5qkolkeayi0b"}
{"type":"operationStart","subtype":"engine","name":"handlebars","timestamp":1744191372431,"id":"90hdo3mr00n22z9","previousEventId":"y57m71mkjc8p1s3","operationId":"qnqvgetduimy2xq","previousOperationId":"pni5qkolkeayi0b"}
{"type":"log","timestamp":1744191372431,"level":"debug","message":"Rendering engine handlebars","meta":{"rootId":"kw89d0r2g6okpkl","id":"kw89d0r2g6okpkl"},"id":"zctpe1zdziio00x","previousOperationId":"qnqvgetduimy2xq"}
{"type":"operationEnd","operationId":"qnqvgetduimy2xq","timestamp":1744191372444,"id":"k1xxfw75aioe410","previousEventId":"90hdo3mr00n22z9","previousOperationId":"qnqvgetduimy2xq"}
{"type":"operationStart","subtype":"recipe","name":"chrome-pdf","timestamp":1744191372445,"id":"7u6wu8mw9qtie2p","previousEventId":"k1xxfw75aioe410","operationId":"3j26xxtaji6cd5c","previousOperationId":"qnqvgetduimy2xq"}
{"type":"log","timestamp":1744191372445,"level":"debug","message":"Executing recipe chrome-pdf","meta":{"rootId":"kw89d0r2g6okpkl","id":"kw89d0r2g6okpkl"},"id":"26blkmmiotf0767","previousOperationId":"3j26xxtaji6cd5c"}
{"type":"log","timestamp":1744191372447,"level":"debug","message":"Converting with chrome Chrome/133.0.6943.126 using chrome-pool strategy","meta":{"rootId":"kw89d0r2g6okpkl","id":"kw89d0r2g6okpkl"},"id":"ccwpu81maz21dma","previousOperationId":"3j26xxtaji6cd5c"}
{"type":"log","timestamp":1744191372502,"level":"debug","message":"Page request: GET (document) file:///C:/Users/Patheo24/AppData/Local/Temp/jsreport/autocleanup/8b4d9d03-0ea0-4e82-8c8d-3371d81ba110-chrome-pdf.html","meta":{"rootId":"kw89d0r2g6okpkl","id":"kw89d0r2g6okpkl"},"id":"qjcg0tno8a7wh2y","previousOperationId":"3j26xxtaji6cd5c"}
{"type":"log","timestamp":1744191372527,"level":"debug","message":"Page request finished: GET (document) 200 file:///C:/Users/Patheo24/AppData/Local/Temp/jsreport/autocleanup/8b4d9d03-0ea0-4e82-8c8d-3371d81ba110-chrome-pdf.html","meta":{"rootId":"kw89d0r2g6okpkl","id":"kw89d0r2g6okpkl"},"id":"bsg20trhply8o61","previousOperationId":"3j26xxtaji6cd5c"}
{"type":"log","timestamp":1744191372531,"level":"debug","message":"Page request: GET (image) https://res.cloudinary.com/dpes1dyqb/image/upload/v1738768933/logo_myycxt.jpg","meta":{"rootId":"kw89d0r2g6okpkl","id":"kw89d0r2g6okpkl"},"id":"803pt7hseas0f2j","previousOperationId":"3j26xxtaji6cd5c"}
{"type":"log","timestamp":1744191372532,"level":"debug","message":"Page request: GET (font) http://localhost:5488/fonts/kalpurush.ttf","meta":{"rootId":"kw89d0r2g6okpkl","id":"kw89d0r2g6okpkl"},"id":"hip4toai27fow0b","previousOperationId":"3j26xxtaji6cd5c"}
{"type":"log","timestamp":1744191372567,"level":"debug","message":"Page request: GET (font) http://localhost:5488/fonts/kalpurush.ttf","meta":{"rootId":"kw89d0r2g6okpkl","id":"kw89d0r2g6okpkl"},"id":"hhi2tx4enyrp5la","previousOperationId":"3j26xxtaji6cd5c"}
{"type":"log","timestamp":1744191372568,"level":"debug","message":"Page request finished: GET (image) 200 https://res.cloudinary.com/dpes1dyqb/image/upload/v1738768933/logo_myycxt.jpg","meta":{"rootId":"kw89d0r2g6okpkl","id":"kw89d0r2g6okpkl"},"id":"vq5vv3bo0ifs5iv","previousOperationId":"3j26xxtaji6cd5c"}
{"type":"log","timestamp":1744191372578,"level":"debug","message":"(console:error) Failed to load resource: the server responded with a status of 404 (Not Found)","meta":{"userLevel":true,"rootId":"kw89d0r2g6okpkl","id":"kw89d0r2g6okpkl"},"id":"26hfr2f3epymp1l","previousOperationId":"3j26xxtaji6cd5c"}
{"type":"log","timestamp":1744191372578,"level":"warn","message":"Page request failed: GET (font) http://localhost:5488/fonts/kalpurush.ttf, failure: net::ERR_ABORTED","meta":{"rootId":"kw89d0r2g6okpkl","id":"kw89d0r2g6okpkl"},"id":"9xbvitxi1auohpi","previousOperationId":"3j26xxtaji6cd5c"}
{"type":"log","timestamp":1744191372586,"level":"debug","message":"Running chrome with params {\"printBackground\":true,\"timeout\":59970,\"margin\":{}}","meta":{"rootId":"kw89d0r2g6okpkl","id":"kw89d0r2g6okpkl"},"id":"3b12415n3hq6xys","previousOperationId":"3j26xxtaji6cd5c"}
{"type":"operationEnd","operationId":"3j26xxtaji6cd5c","timestamp":1744191372860,"id":"2qgm2y71r5xuajg","previousEventId":"7u6wu8mw9qtie2p","previousOperationId":"3j26xxtaji6cd5c"}
{"type":"log","timestamp":1744191372860,"level":"debug","message":"Skipping storing report.","meta":{"rootId":"kw89d0r2g6okpkl","id":"kw89d0r2g6okpkl"},"id":"010d5v7mxxkptw1","previousOperationId":"3j26xxtaji6cd5c"}
{"type":"log","timestamp":1744191372860,"level":"info","message":"Rendering request 58 finished in 444 ms","meta":{"rootId":"kw89d0r2g6okpkl","id":"kw89d0r2g6okpkl"},"id":"kq19n7qe2ys0ef9","previousOperationId":"3j26xxtaji6cd5c"}
{"type":"operationEnd","subtype":"render","operationId":"pni5qkolkeayi0b","timestamp":1744191372860,"id":"hwzbdu4ksyl9orp","previousEventId":"2qgm2y71r5xuajg","previousOperationId":"3j26xxtaji6cd5c"}
{"type":"operationEnd","doDiffs":false,"previousEventId":"w29pdr0fjhh4dww","previousOperationId":"8e1eoq9m19jtcnn","operationId":"8e1eoq9m19jtcnn","timestamp":1744191372863,"id":"dd05pcjgqvrru97"}
