{"type":"operationStart","subtype":"profile","data":{"_id":"jZcNmOZBcGJ56Q0y","timestamp":"2025-04-10T13:22:01.038Z","state":"running","mode":"standard","creationDate":"2025-04-10T13:22:01.039Z","modificationDate":"2025-04-10T13:22:01.039Z","shortid":"KlNvUs8","$entitySet":"profiles","timeout":60000,"templateShortid":"2tjN-EB9Yu"},"doDiffs":false,"timestamp":1744291321038,"id":"bdtn5snsjt0sm3y","previousOperationId":null,"operationId":"6s28mx1xbyfahk8"}
{"type":"log","level":"info","message":"Render request 27 queued for execution and waiting for available worker","previousOperationId":"6s28mx1xbyfahk8","timestamp":1744291321039,"id":"cygtgf2pjyv17vh"}
{"type":"operationStart","subtype":"render","name":"myTemplate","previousOperationId":"6s28mx1xbyfahk8","timestamp":1744291321046,"id":"ppbsdwe64dv0jf4","previousEventId":"bdtn5snsjt0sm3y","operationId":"i0wt2gbmrq6h1mq"}
{"type":"log","timestamp":1744291321046,"level":"info","message":"Starting rendering request 27","meta":{"rootId":"kxvkn82cpzqgx9s","id":"kxvkn82cpzqgx9s"},"id":"gc9azgzb6da4s0q","previousOperationId":"i0wt2gbmrq6h1mq"}
{"type":"log","timestamp":1744291321046,"level":"info","message":"Rendering template { name: myTemplate, recipe: chrome-pdf, engine: handlebars, preview: false }","meta":{"rootId":"kxvkn82cpzqgx9s","id":"kxvkn82cpzqgx9s"},"id":"jwu0360lm87tr5q","previousOperationId":"i0wt2gbmrq6h1mq"}
{"type":"log","timestamp":1744291321047,"level":"debug","message":"Inline data specified.","meta":{"rootId":"kxvkn82cpzqgx9s","id":"kxvkn82cpzqgx9s"},"id":"ypk064qgauox7qw","previousOperationId":"i0wt2gbmrq6h1mq"}
{"type":"log","timestamp":1744291321054,"level":"debug","message":"Base url not specified, skipping its injection.","meta":{"rootId":"kxvkn82cpzqgx9s","id":"kxvkn82cpzqgx9s"},"id":"i4a8yssr79hv9zh","previousOperationId":"i0wt2gbmrq6h1mq"}
{"type":"operationStart","subtype":"engine","name":"handlebars","timestamp":1744291321054,"id":"ryrqtffux1erq86","previousEventId":"ppbsdwe64dv0jf4","operationId":"0t7kk739jitepae","previousOperationId":"i0wt2gbmrq6h1mq"}
{"type":"log","timestamp":1744291321054,"level":"debug","message":"Rendering engine handlebars","meta":{"rootId":"kxvkn82cpzqgx9s","id":"kxvkn82cpzqgx9s"},"id":"4c3heocn5znu8dt","previousOperationId":"0t7kk739jitepae"}
{"type":"operationEnd","operationId":"0t7kk739jitepae","timestamp":1744291321105,"id":"aoyakuqo6ih5qv4","previousEventId":"ryrqtffux1erq86","previousOperationId":"0t7kk739jitepae"}
{"type":"operationStart","subtype":"recipe","name":"chrome-pdf","timestamp":1744291321106,"id":"ocby0chu0r4h8qa","previousEventId":"aoyakuqo6ih5qv4","operationId":"3v60ba99m3fdey1","previousOperationId":"0t7kk739jitepae"}
{"type":"log","timestamp":1744291321106,"level":"debug","message":"Executing recipe chrome-pdf","meta":{"rootId":"kxvkn82cpzqgx9s","id":"kxvkn82cpzqgx9s"},"id":"azznhgjk1imy9lj","previousOperationId":"3v60ba99m3fdey1"}
{"type":"log","timestamp":1744291321109,"level":"debug","message":"Converting with chrome Chrome/133.0.6943.126 using chrome-pool strategy","meta":{"rootId":"kxvkn82cpzqgx9s","id":"kxvkn82cpzqgx9s"},"id":"h8f6k7yzcjvb624","previousOperationId":"3v60ba99m3fdey1"}
{"type":"log","timestamp":1744291321192,"level":"debug","message":"Page request: GET (document) file:///C:/Users/Patheo24/AppData/Local/Temp/jsreport/autocleanup/ea776af5-fe8d-4cbe-9a02-aeed5dea67f4-chrome-pdf.html","meta":{"rootId":"kxvkn82cpzqgx9s","id":"kxvkn82cpzqgx9s"},"id":"ldj3p2ech8xqknu","previousOperationId":"3v60ba99m3fdey1"}
{"type":"log","timestamp":1744291321225,"level":"debug","message":"Page request finished: GET (document) 200 file:///C:/Users/Patheo24/AppData/Local/Temp/jsreport/autocleanup/ea776af5-fe8d-4cbe-9a02-aeed5dea67f4-chrome-pdf.html","meta":{"rootId":"kxvkn82cpzqgx9s","id":"kxvkn82cpzqgx9s"},"id":"3p4o4g5folyo2ep","previousOperationId":"3v60ba99m3fdey1"}
{"type":"log","timestamp":1744291321231,"level":"debug","message":"(console:info) Slow network is detected. See https://www.chromestatus.com/feature/5636954674692096 for more details. Fallback font will be used while loading: http://localhost:5488/fonts/kalpurush.ttf","meta":{"userLevel":true,"rootId":"kxvkn82cpzqgx9s","id":"kxvkn82cpzqgx9s"},"id":"g0tsc9o4tf3un2d","previousOperationId":"3v60ba99m3fdey1"}
{"type":"log","timestamp":1744291321232,"level":"debug","message":"Page request: GET (font) http://localhost:5488/fonts/kalpurush.ttf","meta":{"rootId":"kxvkn82cpzqgx9s","id":"kxvkn82cpzqgx9s"},"id":"30o2kq6emokqze2","previousOperationId":"3v60ba99m3fdey1"}
{"type":"log","timestamp":1744291321233,"level":"debug","message":"Page request: GET (image) https://res.cloudinary.com/dpes1dyqb/image/upload/v1738768933/logo_myycxt.jpg","meta":{"rootId":"kxvkn82cpzqgx9s","id":"kxvkn82cpzqgx9s"},"id":"1lp6u1kawqribg0","previousOperationId":"3v60ba99m3fdey1"}
{"type":"log","timestamp":1744291321289,"level":"debug","message":"Page request: GET (font) http://localhost:5488/fonts/kalpurush.ttf","meta":{"rootId":"kxvkn82cpzqgx9s","id":"kxvkn82cpzqgx9s"},"id":"zl0iujra2fgl71f","previousOperationId":"3v60ba99m3fdey1"}
{"type":"log","timestamp":1744291321290,"level":"debug","message":"Page request finished: GET (image) 200 https://res.cloudinary.com/dpes1dyqb/image/upload/v1738768933/logo_myycxt.jpg","meta":{"rootId":"kxvkn82cpzqgx9s","id":"kxvkn82cpzqgx9s"},"id":"23trt4izlnqlamr","previousOperationId":"3v60ba99m3fdey1"}
{"type":"log","timestamp":1744291321300,"level":"debug","message":"(console:error) Failed to load resource: the server responded with a status of 404 (Not Found)","meta":{"userLevel":true,"rootId":"kxvkn82cpzqgx9s","id":"kxvkn82cpzqgx9s"},"id":"z1gjq89ajq0a67u","previousOperationId":"3v60ba99m3fdey1"}
{"type":"log","timestamp":1744291321300,"level":"warn","message":"Page request failed: GET (font) http://localhost:5488/fonts/kalpurush.ttf, failure: net::ERR_ABORTED","meta":{"rootId":"kxvkn82cpzqgx9s","id":"kxvkn82cpzqgx9s"},"id":"8vdugzmlhmn0jtv","previousOperationId":"3v60ba99m3fdey1"}
{"type":"log","timestamp":1744291321317,"level":"debug","message":"Running chrome with params {\"printBackground\":true,\"format\":\"A5\",\"marginRight\":\"\",\"height\":\"\",\"marginTop\":\"\",\"marginBottom\":\"\",\"marginLeft\":\"\",\"displayHeaderFooter\":true,\"width\":\"\",\"timeout\":59930,\"margin\":{\"top\":\"\",\"right\":\"\",\"bottom\":\"\",\"left\":\"\"}}","meta":{"rootId":"kxvkn82cpzqgx9s","id":"kxvkn82cpzqgx9s"},"id":"pmjhkqb008258m2","previousOperationId":"3v60ba99m3fdey1"}
{"type":"operationEnd","operationId":"3v60ba99m3fdey1","timestamp":1744291321621,"id":"09das41psp3xgy0","previousEventId":"ocby0chu0r4h8qa","previousOperationId":"3v60ba99m3fdey1"}
{"type":"log","timestamp":1744291321621,"level":"debug","message":"Skipping storing report.","meta":{"rootId":"kxvkn82cpzqgx9s","id":"kxvkn82cpzqgx9s"},"id":"bjoze1txlc18vj8","previousOperationId":"3v60ba99m3fdey1"}
{"type":"log","timestamp":1744291321621,"level":"info","message":"Rendering request 27 finished in 584 ms","meta":{"rootId":"kxvkn82cpzqgx9s","id":"kxvkn82cpzqgx9s"},"id":"ya9pgk8amg8j5fy","previousOperationId":"3v60ba99m3fdey1"}
{"type":"operationEnd","subtype":"render","operationId":"i0wt2gbmrq6h1mq","timestamp":1744291321621,"id":"rmflqkyoe0hhs8v","previousEventId":"09das41psp3xgy0","previousOperationId":"3v60ba99m3fdey1"}
{"type":"operationEnd","doDiffs":false,"previousEventId":"bdtn5snsjt0sm3y","previousOperationId":"6s28mx1xbyfahk8","operationId":"6s28mx1xbyfahk8","timestamp":1744291321624,"id":"hckzrkfh5dvm36g"}
