{"type":"operationStart","subtype":"profile","data":{"_id":"V4dLYWTOnsYMp9du","timestamp":"2025-04-09T14:30:42.626Z","state":"queued","mode":"standard","creationDate":"2025-04-09T14:30:42.628Z","modificationDate":"2025-04-09T14:30:42.628Z","shortid":"s0sFA1e","$entitySet":"profiles"},"doDiffs":false,"timestamp":1744209042627,"id":"1x2ahkwhssn5m1h","previousOperationId":null,"operationId":"cd6w0qug2bvv4u2"}
{"type":"log","level":"info","message":"Render request 103 queued for execution and waiting for available worker","previousOperationId":"cd6w0qug2bvv4u2","timestamp":1744209042627,"id":"g5iggrl8ybira1x"}
{"type":"operationStart","subtype":"render","name":"myTemplate","previousOperationId":"cd6w0qug2bvv4u2","timestamp":1744209042640,"id":"0e3syaa4zbuzf4w","previousEventId":"1x2ahkwhssn5m1h","operationId":"73ahw0mn2xpn9vp"}
{"type":"log","timestamp":1744209042640,"level":"info","message":"Starting rendering request 103","meta":{"rootId":"l0dy8z54yportog","id":"l0dy8z54yportog"},"id":"o6kphoqs0ljdm6a","previousOperationId":"73ahw0mn2xpn9vp"}
{"type":"log","timestamp":1744209042640,"level":"info","message":"Rendering template { name: myTemplate, recipe: chrome-pdf, engine: handlebars, preview: true }","meta":{"rootId":"l0dy8z54yportog","id":"l0dy8z54yportog"},"id":"o2yx9zv2fpwo12y","previousOperationId":"73ahw0mn2xpn9vp"}
{"type":"log","timestamp":1744209042641,"level":"debug","message":"Inline data specified.","meta":{"rootId":"l0dy8z54yportog","id":"l0dy8z54yportog"},"id":"9bnr0rco51k5wqu","previousOperationId":"73ahw0mn2xpn9vp"}
{"type":"log","timestamp":1744209042643,"level":"debug","message":"Base url not specified, skipping its injection.","meta":{"rootId":"l0dy8z54yportog","id":"l0dy8z54yportog"},"id":"omei12u37k9dxgv","previousOperationId":"73ahw0mn2xpn9vp"}
{"type":"operationStart","subtype":"engine","name":"handlebars","timestamp":1744209042643,"id":"kx6nwmdvkyf0k7z","previousEventId":"0e3syaa4zbuzf4w","operationId":"z63t2l8kc0yg6ng","previousOperationId":"73ahw0mn2xpn9vp"}
{"type":"log","timestamp":1744209042643,"level":"debug","message":"Rendering engine handlebars","meta":{"rootId":"l0dy8z54yportog","id":"l0dy8z54yportog"},"id":"uhq4n08hbg9g9oc","previousOperationId":"z63t2l8kc0yg6ng"}
{"type":"operationEnd","operationId":"z63t2l8kc0yg6ng","timestamp":1744209042661,"id":"xzyjzqye1dzdk7z","previousEventId":"kx6nwmdvkyf0k7z","previousOperationId":"z63t2l8kc0yg6ng"}
{"type":"operationStart","subtype":"recipe","name":"chrome-pdf","timestamp":1744209042661,"id":"e583ujz98uzvzcj","previousEventId":"xzyjzqye1dzdk7z","operationId":"gidhhnq9lgec2ke","previousOperationId":"z63t2l8kc0yg6ng"}
{"type":"log","timestamp":1744209042661,"level":"debug","message":"Executing recipe chrome-pdf","meta":{"rootId":"l0dy8z54yportog","id":"l0dy8z54yportog"},"id":"c1hp2t9zyhk31d9","previousOperationId":"gidhhnq9lgec2ke"}
{"type":"log","timestamp":1744209042663,"level":"debug","message":"Converting with chrome Chrome/133.0.6943.126 using chrome-pool strategy","meta":{"rootId":"l0dy8z54yportog","id":"l0dy8z54yportog"},"id":"rzbqh833oke0qt2","previousOperationId":"gidhhnq9lgec2ke"}
{"type":"log","timestamp":1744209042739,"level":"debug","message":"Page request: GET (document) file:///C:/Users/Patheo24/AppData/Local/Temp/jsreport/autocleanup/cf483117-bc35-4ce4-864b-0783f8c26f32-chrome-pdf.html","meta":{"rootId":"l0dy8z54yportog","id":"l0dy8z54yportog"},"id":"fg6zbdjg2j90ul2","previousOperationId":"gidhhnq9lgec2ke"}
{"type":"log","timestamp":1744209042768,"level":"debug","message":"Page request finished: GET (document) 200 file:///C:/Users/Patheo24/AppData/Local/Temp/jsreport/autocleanup/cf483117-bc35-4ce4-864b-0783f8c26f32-chrome-pdf.html","meta":{"rootId":"l0dy8z54yportog","id":"l0dy8z54yportog"},"id":"s9g4dljb1rxmd5f","previousOperationId":"gidhhnq9lgec2ke"}
{"type":"log","timestamp":1744209042770,"level":"debug","message":"Page request: GET (font) http://localhost:5488/fonts/kalpurush.ttf","meta":{"rootId":"l0dy8z54yportog","id":"l0dy8z54yportog"},"id":"fm7cklf1a2hw24j","previousOperationId":"gidhhnq9lgec2ke"}
{"type":"log","timestamp":1744209042771,"level":"debug","message":"Page request: GET (image) https://res.cloudinary.com/dpes1dyqb/image/upload/v1738768933/logo_myycxt.jpg","meta":{"rootId":"l0dy8z54yportog","id":"l0dy8z54yportog"},"id":"pks5lj6gbkobos3","previousOperationId":"gidhhnq9lgec2ke"}
{"type":"log","timestamp":1744209042816,"level":"debug","message":"Page request: GET (font) http://localhost:5488/fonts/kalpurush.ttf","meta":{"rootId":"l0dy8z54yportog","id":"l0dy8z54yportog"},"id":"hngldc8mlao5lrh","previousOperationId":"gidhhnq9lgec2ke"}
{"type":"log","timestamp":1744209042817,"level":"debug","message":"Page request finished: GET (image) 200 https://res.cloudinary.com/dpes1dyqb/image/upload/v1738768933/logo_myycxt.jpg","meta":{"rootId":"l0dy8z54yportog","id":"l0dy8z54yportog"},"id":"2yuyon7ny81m9ox","previousOperationId":"gidhhnq9lgec2ke"}
{"type":"log","timestamp":1744209042832,"level":"debug","message":"(console:error) Failed to load resource: the server responded with a status of 404 (Not Found)","meta":{"userLevel":true,"rootId":"l0dy8z54yportog","id":"l0dy8z54yportog"},"id":"hccxn1qyqy5tsk2","previousOperationId":"gidhhnq9lgec2ke"}
{"type":"log","timestamp":1744209042832,"level":"warn","message":"Page request failed: GET (font) http://localhost:5488/fonts/kalpurush.ttf, failure: net::ERR_ABORTED","meta":{"rootId":"l0dy8z54yportog","id":"l0dy8z54yportog"},"id":"lsfv36i50vvq9ci","previousOperationId":"gidhhnq9lgec2ke"}
{"type":"log","timestamp":1744209042842,"level":"debug","message":"Running chrome with params {\"printBackground\":true,\"format\":\"A5\",\"marginRight\":\"\",\"height\":\"\",\"marginTop\":\"\",\"marginBottom\":\"\",\"marginLeft\":\"\",\"displayHeaderFooter\":true,\"width\":\"\",\"timeout\":59963,\"margin\":{\"top\":\"\",\"right\":\"\",\"bottom\":\"\",\"left\":\"\"}}","meta":{"rootId":"l0dy8z54yportog","id":"l0dy8z54yportog"},"id":"ujso847tb4oyyzk","previousOperationId":"gidhhnq9lgec2ke"}
{"type":"operationEnd","operationId":"gidhhnq9lgec2ke","timestamp":1744209043161,"id":"eh9gn3aa0l08b1a","previousEventId":"e583ujz98uzvzcj","previousOperationId":"gidhhnq9lgec2ke"}
{"type":"log","timestamp":1744209043161,"level":"debug","message":"Skipping storing report.","meta":{"rootId":"l0dy8z54yportog","id":"l0dy8z54yportog"},"id":"180j4e1avzar965","previousOperationId":"gidhhnq9lgec2ke"}
{"type":"log","timestamp":1744209043161,"level":"info","message":"Rendering request 103 finished in 535 ms","meta":{"rootId":"l0dy8z54yportog","id":"l0dy8z54yportog"},"id":"olpwqh0en7qotrw","previousOperationId":"gidhhnq9lgec2ke"}
{"type":"operationEnd","subtype":"render","operationId":"73ahw0mn2xpn9vp","timestamp":1744209043161,"id":"befly5322nvvyj0","previousEventId":"eh9gn3aa0l08b1a","previousOperationId":"gidhhnq9lgec2ke"}
{"type":"operationEnd","doDiffs":false,"previousEventId":"1x2ahkwhssn5m1h","previousOperationId":"cd6w0qug2bvv4u2","operationId":"cd6w0qug2bvv4u2","timestamp":1744209043164,"id":"8hl3edtndx6q0tm"}
