{"type":"operationStart","subtype":"profile","data":{"_id":"42zd7HXoSa8gpGm2","timestamp":"2025-04-09T09:30:36.396Z","state":"queued","mode":"standard","creationDate":"2025-04-09T09:30:36.398Z","modificationDate":"2025-04-09T09:30:36.398Z","shortid":"bBNGVAS","$entitySet":"profiles"},"doDiffs":false,"timestamp":1744191036397,"id":"lkkeggewwnzxass","previousOperationId":null,"operationId":"dl8u2bp91h91fiq"}
{"type":"log","level":"info","message":"Render request 53 queued for execution and waiting for available worker","previousOperationId":"dl8u2bp91h91fiq","timestamp":1744191036397,"id":"nan5q326fg97ric"}
{"type":"operationStart","subtype":"render","name":"myTemplate","previousOperationId":"dl8u2bp91h91fiq","timestamp":1744191036410,"id":"hds4fcd8vphih6g","previousEventId":"lkkeggewwnzxass","operationId":"h0xtvs8cy3tiwx7"}
{"type":"log","timestamp":1744191036410,"level":"info","message":"Starting rendering request 53","meta":{"rootId":"l4twtx12aju5l4g","id":"l4twtx12aju5l4g"},"id":"kljc4g6isu00ihs","previousOperationId":"h0xtvs8cy3tiwx7"}
{"type":"log","timestamp":1744191036410,"level":"info","message":"Rendering template { name: myTemplate, recipe: chrome-pdf, engine: handlebars, preview: true }","meta":{"rootId":"l4twtx12aju5l4g","id":"l4twtx12aju5l4g"},"id":"i0thym2mykui1lo","previousOperationId":"h0xtvs8cy3tiwx7"}
{"type":"log","timestamp":1744191036410,"level":"debug","message":"Inline data specified.","meta":{"rootId":"l4twtx12aju5l4g","id":"l4twtx12aju5l4g"},"id":"nfa8gn5e14fn1yn","previousOperationId":"h0xtvs8cy3tiwx7"}
{"type":"log","timestamp":1744191036414,"level":"debug","message":"Base url not specified, skipping its injection.","meta":{"rootId":"l4twtx12aju5l4g","id":"l4twtx12aju5l4g"},"id":"rg5c2pbbf85tvpp","previousOperationId":"h0xtvs8cy3tiwx7"}
{"type":"operationStart","subtype":"engine","name":"handlebars","timestamp":1744191036414,"id":"v0x1oofz703z4pv","previousEventId":"hds4fcd8vphih6g","operationId":"4b5qsb5vhhcg1ra","previousOperationId":"h0xtvs8cy3tiwx7"}
{"type":"log","timestamp":1744191036414,"level":"debug","message":"Rendering engine handlebars","meta":{"rootId":"l4twtx12aju5l4g","id":"l4twtx12aju5l4g"},"id":"cgfcqpozscoi5ba","previousOperationId":"4b5qsb5vhhcg1ra"}
{"type":"operationEnd","operationId":"4b5qsb5vhhcg1ra","timestamp":1744191036428,"id":"irz9ogf24pcg1jv","previousEventId":"v0x1oofz703z4pv","previousOperationId":"4b5qsb5vhhcg1ra"}
{"type":"operationStart","subtype":"recipe","name":"chrome-pdf","timestamp":1744191036428,"id":"43rx2n9ryxill2e","previousEventId":"irz9ogf24pcg1jv","operationId":"j43qr17qpjneg1y","previousOperationId":"4b5qsb5vhhcg1ra"}
{"type":"log","timestamp":1744191036428,"level":"debug","message":"Executing recipe chrome-pdf","meta":{"rootId":"l4twtx12aju5l4g","id":"l4twtx12aju5l4g"},"id":"tugg4uruhra5qt5","previousOperationId":"j43qr17qpjneg1y"}
{"type":"log","timestamp":1744191036431,"level":"debug","message":"Converting with chrome Chrome/133.0.6943.126 using chrome-pool strategy","meta":{"rootId":"l4twtx12aju5l4g","id":"l4twtx12aju5l4g"},"id":"sr5cv8wjz8k9haq","previousOperationId":"j43qr17qpjneg1y"}
{"type":"log","timestamp":1744191036542,"level":"debug","message":"Page request: GET (document) file:///C:/Users/Patheo24/AppData/Local/Temp/jsreport/autocleanup/928e8814-c0e2-477b-9f2f-1ac50400e6be-chrome-pdf.html","meta":{"rootId":"l4twtx12aju5l4g","id":"l4twtx12aju5l4g"},"id":"t9koebw6y07ilkc","previousOperationId":"j43qr17qpjneg1y"}
{"type":"log","timestamp":1744191036563,"level":"debug","message":"Page request finished: GET (document) 200 file:///C:/Users/Patheo24/AppData/Local/Temp/jsreport/autocleanup/928e8814-c0e2-477b-9f2f-1ac50400e6be-chrome-pdf.html","meta":{"rootId":"l4twtx12aju5l4g","id":"l4twtx12aju5l4g"},"id":"t2b5lgfvlnaz377","previousOperationId":"j43qr17qpjneg1y"}
{"type":"log","timestamp":1744191036563,"level":"debug","message":"Page request: GET (image) https://res.cloudinary.com/dpes1dyqb/image/upload/v1738768933/logo_myycxt.jpg","meta":{"rootId":"l4twtx12aju5l4g","id":"l4twtx12aju5l4g"},"id":"ykh1pqmfsva6yxz","previousOperationId":"j43qr17qpjneg1y"}
{"type":"log","timestamp":1744191036563,"level":"debug","message":"(console:info) Slow network is detected. See https://www.chromestatus.com/feature/5636954674692096 for more details. Fallback font will be used while loading: http://localhost:5488/fonts/kalpurush.ttf","meta":{"userLevel":true,"rootId":"l4twtx12aju5l4g","id":"l4twtx12aju5l4g"},"id":"iovj08gt6c2qzhs","previousOperationId":"j43qr17qpjneg1y"}
{"type":"log","timestamp":1744191036564,"level":"debug","message":"Page request: GET (font) http://localhost:5488/fonts/kalpurush.ttf","meta":{"rootId":"l4twtx12aju5l4g","id":"l4twtx12aju5l4g"},"id":"jtal0fys3awml17","previousOperationId":"j43qr17qpjneg1y"}
{"type":"log","timestamp":1744191036609,"level":"debug","message":"Page request: GET (font) http://localhost:5488/fonts/kalpurush.ttf","meta":{"rootId":"l4twtx12aju5l4g","id":"l4twtx12aju5l4g"},"id":"4q00k0ly2yj8cvh","previousOperationId":"j43qr17qpjneg1y"}
{"type":"log","timestamp":1744191036610,"level":"debug","message":"Page request finished: GET (image) 200 https://res.cloudinary.com/dpes1dyqb/image/upload/v1738768933/logo_myycxt.jpg","meta":{"rootId":"l4twtx12aju5l4g","id":"l4twtx12aju5l4g"},"id":"ielz3ywcjtaf7r0","previousOperationId":"j43qr17qpjneg1y"}
{"type":"log","timestamp":1744191036622,"level":"debug","message":"(console:error) Failed to load resource: the server responded with a status of 404 (Not Found)","meta":{"userLevel":true,"rootId":"l4twtx12aju5l4g","id":"l4twtx12aju5l4g"},"id":"l6bxzzxg6f24wvf","previousOperationId":"j43qr17qpjneg1y"}
{"type":"log","timestamp":1744191036623,"level":"warn","message":"Page request failed: GET (font) http://localhost:5488/fonts/kalpurush.ttf, failure: net::ERR_ABORTED","meta":{"rootId":"l4twtx12aju5l4g","id":"l4twtx12aju5l4g"},"id":"ayuqsxagdqf2nm9","previousOperationId":"j43qr17qpjneg1y"}
{"type":"log","timestamp":1744191036628,"level":"debug","message":"Running chrome with params {\"printBackground\":true,\"timeout\":59966,\"margin\":{}}","meta":{"rootId":"l4twtx12aju5l4g","id":"l4twtx12aju5l4g"},"id":"f83isxj8bl8ilhr","previousOperationId":"j43qr17qpjneg1y"}
{"type":"operationEnd","operationId":"j43qr17qpjneg1y","timestamp":1744191036944,"id":"h7mrp0y56rk6bes","previousEventId":"43rx2n9ryxill2e","previousOperationId":"j43qr17qpjneg1y"}
{"type":"log","timestamp":1744191036944,"level":"debug","message":"Skipping storing report.","meta":{"rootId":"l4twtx12aju5l4g","id":"l4twtx12aju5l4g"},"id":"b8ll5w9ua0h6k55","previousOperationId":"j43qr17qpjneg1y"}
{"type":"log","timestamp":1744191036944,"level":"info","message":"Rendering request 53 finished in 548 ms","meta":{"rootId":"l4twtx12aju5l4g","id":"l4twtx12aju5l4g"},"id":"obm1v63mn2pp4x4","previousOperationId":"j43qr17qpjneg1y"}
{"type":"operationEnd","subtype":"render","operationId":"h0xtvs8cy3tiwx7","timestamp":1744191036944,"id":"27qs3548lelvbce","previousEventId":"h7mrp0y56rk6bes","previousOperationId":"j43qr17qpjneg1y"}
{"type":"operationEnd","doDiffs":false,"previousEventId":"lkkeggewwnzxass","previousOperationId":"dl8u2bp91h91fiq","operationId":"dl8u2bp91h91fiq","timestamp":1744191036949,"id":"qlx4x1dk01aczuf"}
