{"type":"operationStart","subtype":"profile","data":{"_id":"GSiPforO5BWMsvhv","timestamp":"2025-04-11T11:55:59.884Z","state":"running","mode":"standard","creationDate":"2025-04-11T11:55:59.886Z","modificationDate":"2025-04-11T11:55:59.886Z","shortid":"ESoz9ag","$entitySet":"profiles","timeout":60000,"templateShortid":"2tjN-EB9Yu"},"doDiffs":false,"timestamp":1744372559886,"id":"evvv9udf4f5yrwh","previousOperationId":null,"operationId":"x9zyqhzb2tj07yq"}
{"type":"log","level":"info","message":"Render request 3 queued for execution and waiting for available worker","previousOperationId":"x9zyqhzb2tj07yq","timestamp":1744372559886,"id":"b6xwqhd4elgqfed"}
{"type":"operationStart","subtype":"render","name":"myTemplate","previousOperationId":"x9zyqhzb2tj07yq","timestamp":1744372559891,"id":"yyyzvpqvly6cdcc","previousEventId":"evvv9udf4f5yrwh","operationId":"hdvr03789f0xydd"}
{"type":"log","timestamp":1744372559892,"level":"info","message":"Starting rendering request 3","meta":{"rootId":"l5sof5hyfh1dqvd","id":"l5sof5hyfh1dqvd"},"id":"qmpeb6nmskttdkd","previousOperationId":"hdvr03789f0xydd"}
{"type":"log","timestamp":1744372559892,"level":"info","message":"Rendering template { name: myTemplate, recipe: chrome-pdf, engine: handlebars, preview: false }","meta":{"rootId":"l5sof5hyfh1dqvd","id":"l5sof5hyfh1dqvd"},"id":"1n7wg9rbfh7lh6e","previousOperationId":"hdvr03789f0xydd"}
{"type":"log","timestamp":1744372559892,"level":"debug","message":"Inline data specified.","meta":{"rootId":"l5sof5hyfh1dqvd","id":"l5sof5hyfh1dqvd"},"id":"4pzo4g75hqe16nb","previousOperationId":"hdvr03789f0xydd"}
{"type":"log","timestamp":1744372559894,"level":"debug","message":"Base url not specified, skipping its injection.","meta":{"rootId":"l5sof5hyfh1dqvd","id":"l5sof5hyfh1dqvd"},"id":"zemqrzd2p0iaeej","previousOperationId":"hdvr03789f0xydd"}
{"type":"operationStart","subtype":"engine","name":"handlebars","timestamp":1744372559895,"id":"vso46mr8m606l2a","previousEventId":"yyyzvpqvly6cdcc","operationId":"p8gn7dxc2l4gloi","previousOperationId":"hdvr03789f0xydd"}
{"type":"log","timestamp":1744372559895,"level":"debug","message":"Rendering engine handlebars","meta":{"rootId":"l5sof5hyfh1dqvd","id":"l5sof5hyfh1dqvd"},"id":"85zbwc5ffwsnpxh","previousOperationId":"p8gn7dxc2l4gloi"}
{"type":"operationEnd","operationId":"p8gn7dxc2l4gloi","timestamp":1744372559909,"id":"ngdp3mp4bh6jqoi","previousEventId":"vso46mr8m606l2a","previousOperationId":"p8gn7dxc2l4gloi"}
{"type":"operationStart","subtype":"recipe","name":"chrome-pdf","timestamp":1744372559910,"id":"z59m62vmrk0la4z","previousEventId":"ngdp3mp4bh6jqoi","operationId":"1im7g6uokoctk3f","previousOperationId":"p8gn7dxc2l4gloi"}
{"type":"log","timestamp":1744372559910,"level":"debug","message":"Executing recipe chrome-pdf","meta":{"rootId":"l5sof5hyfh1dqvd","id":"l5sof5hyfh1dqvd"},"id":"u3jzns5xsz71ulb","previousOperationId":"1im7g6uokoctk3f"}
{"type":"log","timestamp":1744372559914,"level":"debug","message":"Converting with chrome Chrome/133.0.6943.126 using chrome-pool strategy","meta":{"rootId":"l5sof5hyfh1dqvd","id":"l5sof5hyfh1dqvd"},"id":"xbhq0n10pehof8u","previousOperationId":"1im7g6uokoctk3f"}
{"type":"log","timestamp":1744372560082,"level":"debug","message":"Page request: GET (document) file:///C:/Users/Patheo24/AppData/Local/Temp/jsreport/autocleanup/27ad38c2-7282-4d6c-bd2d-4280faecd099-chrome-pdf.html","meta":{"rootId":"l5sof5hyfh1dqvd","id":"l5sof5hyfh1dqvd"},"id":"eqzq50ett5qy3i6","previousOperationId":"1im7g6uokoctk3f"}
{"type":"log","timestamp":1744372560099,"level":"debug","message":"Page request finished: GET (document) 200 file:///C:/Users/Patheo24/AppData/Local/Temp/jsreport/autocleanup/27ad38c2-7282-4d6c-bd2d-4280faecd099-chrome-pdf.html","meta":{"rootId":"l5sof5hyfh1dqvd","id":"l5sof5hyfh1dqvd"},"id":"2hvy03vnsdup7ff","previousOperationId":"1im7g6uokoctk3f"}
{"type":"log","timestamp":1744372560099,"level":"debug","message":"Page request: GET (image) https://res.cloudinary.com/dpes1dyqb/image/upload/v1738768933/logo_myycxt.jpg","meta":{"rootId":"l5sof5hyfh1dqvd","id":"l5sof5hyfh1dqvd"},"id":"w67ly31r41hzyx6","previousOperationId":"1im7g6uokoctk3f"}
{"type":"log","timestamp":1744372560103,"level":"debug","message":"Page request: GET (font) http://localhost:5488/fonts/kalpurush.ttf","meta":{"rootId":"l5sof5hyfh1dqvd","id":"l5sof5hyfh1dqvd"},"id":"dybqavstp1jt8kb","previousOperationId":"1im7g6uokoctk3f"}
{"type":"log","timestamp":1744372560106,"level":"debug","message":"Page request finished: GET (image) 200 https://res.cloudinary.com/dpes1dyqb/image/upload/v1738768933/logo_myycxt.jpg","meta":{"rootId":"l5sof5hyfh1dqvd","id":"l5sof5hyfh1dqvd"},"id":"vrxzjj9cd1ia32d","previousOperationId":"1im7g6uokoctk3f"}
{"type":"log","timestamp":1744372560106,"level":"debug","message":"Page request: GET (font) http://localhost:5488/fonts/kalpurush.ttf","meta":{"rootId":"l5sof5hyfh1dqvd","id":"l5sof5hyfh1dqvd"},"id":"5a63jp77918aujf","previousOperationId":"1im7g6uokoctk3f"}
{"type":"log","timestamp":1744372560113,"level":"debug","message":"(console:error) Failed to load resource: the server responded with a status of 404 (Not Found)","meta":{"userLevel":true,"rootId":"l5sof5hyfh1dqvd","id":"l5sof5hyfh1dqvd"},"id":"xh1u3vakw10uhsz","previousOperationId":"1im7g6uokoctk3f"}
{"type":"log","timestamp":1744372560113,"level":"warn","message":"Page request failed: GET (font) http://localhost:5488/fonts/kalpurush.ttf, failure: net::ERR_ABORTED","meta":{"rootId":"l5sof5hyfh1dqvd","id":"l5sof5hyfh1dqvd"},"id":"rqh8a4so6qdt14o","previousOperationId":"1im7g6uokoctk3f"}
{"type":"log","timestamp":1744372560131,"level":"debug","message":"Running chrome with params {\"printBackground\":true,\"format\":\"A5\",\"marginRight\":\"\",\"height\":\"\",\"marginTop\":\"\",\"marginBottom\":\"\",\"marginLeft\":\"\",\"displayHeaderFooter\":true,\"width\":\"\",\"timeout\":59971,\"margin\":{\"top\":\"\",\"right\":\"\",\"bottom\":\"\",\"left\":\"\"}}","meta":{"rootId":"l5sof5hyfh1dqvd","id":"l5sof5hyfh1dqvd"},"id":"sjw0tjbm6e58fm8","previousOperationId":"1im7g6uokoctk3f"}
{"type":"operationEnd","operationId":"1im7g6uokoctk3f","timestamp":1744372560603,"id":"8q2w94b1l8lvpho","previousEventId":"z59m62vmrk0la4z","previousOperationId":"1im7g6uokoctk3f"}
{"type":"log","timestamp":1744372560603,"level":"debug","message":"Skipping storing report.","meta":{"rootId":"l5sof5hyfh1dqvd","id":"l5sof5hyfh1dqvd"},"id":"27h6lo0jayp8v0l","previousOperationId":"1im7g6uokoctk3f"}
{"type":"log","timestamp":1744372560603,"level":"info","message":"Rendering request 3 finished in 720 ms","meta":{"rootId":"l5sof5hyfh1dqvd","id":"l5sof5hyfh1dqvd"},"id":"zz61dwtm6xctvn5","previousOperationId":"1im7g6uokoctk3f"}
{"type":"operationEnd","subtype":"render","operationId":"hdvr03789f0xydd","timestamp":1744372560603,"id":"ekp1hwsmd620ofd","previousEventId":"8q2w94b1l8lvpho","previousOperationId":"1im7g6uokoctk3f"}
{"type":"operationEnd","doDiffs":false,"previousEventId":"evvv9udf4f5yrwh","previousOperationId":"x9zyqhzb2tj07yq","operationId":"x9zyqhzb2tj07yq","timestamp":1744372560607,"id":"31wtbdrfkyymnpp"}
