{"type":"operationStart","subtype":"profile","data":{"_id":"gI6n77l9ARZ89LEK","timestamp":"2025-04-11T12:34:29.559Z","state":"queued","mode":"standard","creationDate":"2025-04-11T12:34:29.563Z","modificationDate":"2025-04-11T12:34:29.563Z","shortid":"l_WnM-1","$entitySet":"profiles"},"doDiffs":false,"timestamp":1744374869561,"id":"lyzxoaxdq8wyuvi","previousOperationId":null,"operationId":"vnye3y27ovpxcku"}
{"type":"log","level":"info","message":"Render request 17 queued for execution and waiting for available worker","previousOperationId":"vnye3y27ovpxcku","timestamp":1744374869561,"id":"0wooxc0lp2qffhf"}
{"type":"operationStart","subtype":"render","name":"myTemplate","previousOperationId":"vnye3y27ovpxcku","timestamp":1744374869579,"id":"np2ru1u3ahwdyz3","previousEventId":"lyzxoaxdq8wyuvi","operationId":"eocf9pt83my55y2"}
{"type":"log","timestamp":1744374869579,"level":"info","message":"Starting rendering request 17","meta":{"rootId":"l61omkyj3i5m1ja","id":"l61omkyj3i5m1ja"},"id":"r1yu1t6d3px22na","previousOperationId":"eocf9pt83my55y2"}
{"type":"log","timestamp":1744374869579,"level":"info","message":"Rendering template { name: myTemplate, recipe: chrome-pdf, engine: handlebars, preview: true }","meta":{"rootId":"l61omkyj3i5m1ja","id":"l61omkyj3i5m1ja"},"id":"2pcjix3ag4tey96","previousOperationId":"eocf9pt83my55y2"}
{"type":"log","timestamp":1744374869580,"level":"debug","message":"Inline data specified.","meta":{"rootId":"l61omkyj3i5m1ja","id":"l61omkyj3i5m1ja"},"id":"odjczewyamm62xr","previousOperationId":"eocf9pt83my55y2"}
{"type":"log","timestamp":1744374869581,"level":"debug","message":"Base url not specified, skipping its injection.","meta":{"rootId":"l61omkyj3i5m1ja","id":"l61omkyj3i5m1ja"},"id":"req2y9maxdiafiz","previousOperationId":"eocf9pt83my55y2"}
{"type":"operationStart","subtype":"engine","name":"handlebars","timestamp":1744374869582,"id":"qi1clxb57bfdg32","previousEventId":"np2ru1u3ahwdyz3","operationId":"9iavsskbmvzkjmy","previousOperationId":"eocf9pt83my55y2"}
{"type":"log","timestamp":1744374869582,"level":"debug","message":"Rendering engine handlebars","meta":{"rootId":"l61omkyj3i5m1ja","id":"l61omkyj3i5m1ja"},"id":"ix6mno2ijphp4tv","previousOperationId":"9iavsskbmvzkjmy"}
{"type":"operationEnd","operationId":"9iavsskbmvzkjmy","timestamp":1744374869611,"id":"ja6r441fw0pv4ex","previousEventId":"qi1clxb57bfdg32","previousOperationId":"9iavsskbmvzkjmy"}
{"type":"operationStart","subtype":"recipe","name":"chrome-pdf","timestamp":1744374869611,"id":"fr72b7rn2kmsbrc","previousEventId":"ja6r441fw0pv4ex","operationId":"6v99lgi299bidmx","previousOperationId":"9iavsskbmvzkjmy"}
{"type":"log","timestamp":1744374869611,"level":"debug","message":"Executing recipe chrome-pdf","meta":{"rootId":"l61omkyj3i5m1ja","id":"l61omkyj3i5m1ja"},"id":"txlbwihildlc2bj","previousOperationId":"6v99lgi299bidmx"}
{"type":"log","timestamp":1744374869615,"level":"debug","message":"Converting with chrome Chrome/133.0.6943.126 using chrome-pool strategy","meta":{"rootId":"l61omkyj3i5m1ja","id":"l61omkyj3i5m1ja"},"id":"8qbjzhp3pjetkij","previousOperationId":"6v99lgi299bidmx"}
{"type":"log","timestamp":1744374869689,"level":"debug","message":"Page request: GET (document) file:///C:/Users/Patheo24/AppData/Local/Temp/jsreport/autocleanup/b6ce8670-dc5d-4bf4-bb03-5b31dca3729b-chrome-pdf.html","meta":{"rootId":"l61omkyj3i5m1ja","id":"l61omkyj3i5m1ja"},"id":"nuj8koxc2yt1bfl","previousOperationId":"6v99lgi299bidmx"}
{"type":"log","timestamp":1744374869720,"level":"debug","message":"Page request finished: GET (document) 200 file:///C:/Users/Patheo24/AppData/Local/Temp/jsreport/autocleanup/b6ce8670-dc5d-4bf4-bb03-5b31dca3729b-chrome-pdf.html","meta":{"rootId":"l61omkyj3i5m1ja","id":"l61omkyj3i5m1ja"},"id":"81hkj5jyw6segds","previousOperationId":"6v99lgi299bidmx"}
{"type":"log","timestamp":1744374869722,"level":"debug","message":"Page request: GET (font) http://localhost:5488/fonts/kalpurush.ttf","meta":{"rootId":"l61omkyj3i5m1ja","id":"l61omkyj3i5m1ja"},"id":"ptajho4103pmdeh","previousOperationId":"6v99lgi299bidmx"}
{"type":"log","timestamp":1744374869723,"level":"debug","message":"Page request: GET (image) https://res.cloudinary.com/dpes1dyqb/image/upload/v1738768933/logo_myycxt.jpg","meta":{"rootId":"l61omkyj3i5m1ja","id":"l61omkyj3i5m1ja"},"id":"ebcu7tflp6e0hgr","previousOperationId":"6v99lgi299bidmx"}
{"type":"log","timestamp":1744374869779,"level":"debug","message":"Page request: GET (font) http://localhost:5488/fonts/kalpurush.ttf","meta":{"rootId":"l61omkyj3i5m1ja","id":"l61omkyj3i5m1ja"},"id":"j2rlur5nsx1sz7g","previousOperationId":"6v99lgi299bidmx"}
{"type":"log","timestamp":1744374869780,"level":"debug","message":"Page request finished: GET (image) 200 https://res.cloudinary.com/dpes1dyqb/image/upload/v1738768933/logo_myycxt.jpg","meta":{"rootId":"l61omkyj3i5m1ja","id":"l61omkyj3i5m1ja"},"id":"rem3i9sd1pnb5g1","previousOperationId":"6v99lgi299bidmx"}
{"type":"log","timestamp":1744374869788,"level":"debug","message":"(console:error) Failed to load resource: the server responded with a status of 404 (Not Found)","meta":{"userLevel":true,"rootId":"l61omkyj3i5m1ja","id":"l61omkyj3i5m1ja"},"id":"nk35w8v73xvpvpt","previousOperationId":"6v99lgi299bidmx"}
{"type":"log","timestamp":1744374869789,"level":"warn","message":"Page request failed: GET (font) http://localhost:5488/fonts/kalpurush.ttf, failure: net::ERR_ABORTED","meta":{"rootId":"l61omkyj3i5m1ja","id":"l61omkyj3i5m1ja"},"id":"0kyjt10eitlloav","previousOperationId":"6v99lgi299bidmx"}
{"type":"log","timestamp":1744374869800,"level":"debug","message":"Running chrome with params {\"printBackground\":true,\"format\":\"A5\",\"marginRight\":\"\",\"height\":\"\",\"marginTop\":\"\",\"marginBottom\":\"\",\"marginLeft\":\"\",\"displayHeaderFooter\":true,\"width\":\"\",\"timeout\":59945,\"margin\":{\"top\":\"\",\"right\":\"\",\"bottom\":\"\",\"left\":\"\"}}","meta":{"rootId":"l61omkyj3i5m1ja","id":"l61omkyj3i5m1ja"},"id":"n1cdpwj5fsik6bm","previousOperationId":"6v99lgi299bidmx"}
{"type":"operationEnd","operationId":"6v99lgi299bidmx","timestamp":1744374870168,"id":"rpvxataqb3ydphf","previousEventId":"fr72b7rn2kmsbrc","previousOperationId":"6v99lgi299bidmx"}
{"type":"log","timestamp":1744374870168,"level":"debug","message":"Skipping storing report.","meta":{"rootId":"l61omkyj3i5m1ja","id":"l61omkyj3i5m1ja"},"id":"m4kh6hy9fbw3v1v","previousOperationId":"6v99lgi299bidmx"}
{"type":"log","timestamp":1744374870168,"level":"info","message":"Rendering request 17 finished in 609 ms","meta":{"rootId":"l61omkyj3i5m1ja","id":"l61omkyj3i5m1ja"},"id":"1tfik6jwbdfrsy3","previousOperationId":"6v99lgi299bidmx"}
{"type":"operationEnd","subtype":"render","operationId":"eocf9pt83my55y2","timestamp":1744374870168,"id":"14yprzwyx43wt4x","previousEventId":"rpvxataqb3ydphf","previousOperationId":"6v99lgi299bidmx"}
{"type":"operationEnd","doDiffs":false,"previousEventId":"lyzxoaxdq8wyuvi","previousOperationId":"vnye3y27ovpxcku","operationId":"vnye3y27ovpxcku","timestamp":1744374870173,"id":"grn2yw3rtazpdy7"}
