{"type":"operationStart","subtype":"profile","data":{"_id":"N0OKa0l1W8dl7Cdc","timestamp":"2025-04-09T10:06:53.866Z","state":"queued","mode":"standard","creationDate":"2025-04-09T10:06:53.869Z","modificationDate":"2025-04-09T10:06:53.869Z","shortid":"bzeCxTu","$entitySet":"profiles"},"doDiffs":false,"timestamp":1744193213868,"id":"p8dldqe5zo73cz4","previousOperationId":null,"operationId":"w8xcfn7l8jehrzv"}
{"type":"log","level":"info","message":"Render request 4 queued for execution and waiting for available worker","previousOperationId":"w8xcfn7l8jehrzv","timestamp":1744193213868,"id":"og6oezytwnmgzmr"}
{"type":"operationStart","subtype":"render","name":"myTemplate","previousOperationId":"w8xcfn7l8jehrzv","timestamp":1744193213882,"id":"4esrcsschyk5qpq","previousEventId":"p8dldqe5zo73cz4","operationId":"bjfcmxa17lhjvlt"}
{"type":"log","timestamp":1744193213882,"level":"info","message":"Starting rendering request 4","meta":{"rootId":"l669y2bvzdjph7l","id":"l669y2bvzdjph7l"},"id":"9ns3qent3lduign","previousOperationId":"bjfcmxa17lhjvlt"}
{"type":"log","timestamp":1744193213882,"level":"info","message":"Rendering template { name: myTemplate, recipe: chrome-pdf, engine: handlebars, preview: true }","meta":{"rootId":"l669y2bvzdjph7l","id":"l669y2bvzdjph7l"},"id":"smyaj1qisnj1ygs","previousOperationId":"bjfcmxa17lhjvlt"}
{"type":"log","timestamp":1744193213883,"level":"debug","message":"Inline data specified.","meta":{"rootId":"l669y2bvzdjph7l","id":"l669y2bvzdjph7l"},"id":"5k7ak1q1bosonn2","previousOperationId":"bjfcmxa17lhjvlt"}
{"type":"log","timestamp":1744193213885,"level":"debug","message":"Base url not specified, skipping its injection.","meta":{"rootId":"l669y2bvzdjph7l","id":"l669y2bvzdjph7l"},"id":"nwt6mkc797gi0rb","previousOperationId":"bjfcmxa17lhjvlt"}
{"type":"operationStart","subtype":"engine","name":"handlebars","timestamp":1744193213885,"id":"1tscahuy32l914w","previousEventId":"4esrcsschyk5qpq","operationId":"ru6vtuyt523312t","previousOperationId":"bjfcmxa17lhjvlt"}
{"type":"log","timestamp":1744193213885,"level":"debug","message":"Rendering engine handlebars","meta":{"rootId":"l669y2bvzdjph7l","id":"l669y2bvzdjph7l"},"id":"3of6jw224eb0w2e","previousOperationId":"ru6vtuyt523312t"}
{"type":"operationEnd","operationId":"ru6vtuyt523312t","timestamp":1744193213904,"id":"06h3ie1hoctlcrc","previousEventId":"1tscahuy32l914w","previousOperationId":"ru6vtuyt523312t"}
{"type":"operationStart","subtype":"recipe","name":"chrome-pdf","timestamp":1744193213904,"id":"ual8u105n51otk9","previousEventId":"06h3ie1hoctlcrc","operationId":"jpb28s8x3fauy3t","previousOperationId":"ru6vtuyt523312t"}
{"type":"log","timestamp":1744193213904,"level":"debug","message":"Executing recipe chrome-pdf","meta":{"rootId":"l669y2bvzdjph7l","id":"l669y2bvzdjph7l"},"id":"72plwovbf1arlcr","previousOperationId":"jpb28s8x3fauy3t"}
{"type":"log","timestamp":1744193213908,"level":"debug","message":"Converting with chrome Chrome/133.0.6943.126 using chrome-pool strategy","meta":{"rootId":"l669y2bvzdjph7l","id":"l669y2bvzdjph7l"},"id":"i8pi11bjbxz9m6h","previousOperationId":"jpb28s8x3fauy3t"}
{"type":"log","timestamp":1744193214145,"level":"debug","message":"Page request: GET (document) file:///C:/Users/Patheo24/AppData/Local/Temp/jsreport/autocleanup/0ed4cfac-2386-4438-b5ff-94689797c90b-chrome-pdf.html","meta":{"rootId":"l669y2bvzdjph7l","id":"l669y2bvzdjph7l"},"id":"lpi4tv9v6g4upp8","previousOperationId":"jpb28s8x3fauy3t"}
{"type":"log","timestamp":1744193214165,"level":"debug","message":"Page request finished: GET (document) 200 file:///C:/Users/Patheo24/AppData/Local/Temp/jsreport/autocleanup/0ed4cfac-2386-4438-b5ff-94689797c90b-chrome-pdf.html","meta":{"rootId":"l669y2bvzdjph7l","id":"l669y2bvzdjph7l"},"id":"x6vmvqugtwh8xax","previousOperationId":"jpb28s8x3fauy3t"}
{"type":"log","timestamp":1744193214166,"level":"debug","message":"Page request: GET (font) http://localhost:5488/fonts/kalpurush.ttf","meta":{"rootId":"l669y2bvzdjph7l","id":"l669y2bvzdjph7l"},"id":"mcvpmlk6pghmt05","previousOperationId":"jpb28s8x3fauy3t"}
{"type":"log","timestamp":1744193214167,"level":"debug","message":"Page request: GET (image) https://res.cloudinary.com/dpes1dyqb/image/upload/v1738768933/logo_myycxt.jpg","meta":{"rootId":"l669y2bvzdjph7l","id":"l669y2bvzdjph7l"},"id":"kmf6h2lthodkqry","previousOperationId":"jpb28s8x3fauy3t"}
{"type":"log","timestamp":1744193214171,"level":"debug","message":"Page request: GET (font) http://localhost:5488/fonts/kalpurush.ttf","meta":{"rootId":"l669y2bvzdjph7l","id":"l669y2bvzdjph7l"},"id":"tqgyfg00sytg7yg","previousOperationId":"jpb28s8x3fauy3t"}
{"type":"log","timestamp":1744193214173,"level":"debug","message":"Page request finished: GET (image) 200 https://res.cloudinary.com/dpes1dyqb/image/upload/v1738768933/logo_myycxt.jpg","meta":{"rootId":"l669y2bvzdjph7l","id":"l669y2bvzdjph7l"},"id":"k7t0ontnxwrhap6","previousOperationId":"jpb28s8x3fauy3t"}
{"type":"log","timestamp":1744193214215,"level":"debug","message":"(console:error) Failed to load resource: the server responded with a status of 404 (Not Found)","meta":{"userLevel":true,"rootId":"l669y2bvzdjph7l","id":"l669y2bvzdjph7l"},"id":"5yp55soj1cqggxs","previousOperationId":"jpb28s8x3fauy3t"}
{"type":"log","timestamp":1744193214215,"level":"warn","message":"Page request failed: GET (font) http://localhost:5488/fonts/kalpurush.ttf, failure: net::ERR_ABORTED","meta":{"rootId":"l669y2bvzdjph7l","id":"l669y2bvzdjph7l"},"id":"7gz2q2qeayjeo3d","previousOperationId":"jpb28s8x3fauy3t"}
{"type":"log","timestamp":1744193214224,"level":"debug","message":"Running chrome with params {\"printBackground\":true,\"timeout\":59960,\"margin\":{}}","meta":{"rootId":"l669y2bvzdjph7l","id":"l669y2bvzdjph7l"},"id":"h6jcxe4cv5qhug4","previousOperationId":"jpb28s8x3fauy3t"}
{"type":"operationEnd","operationId":"jpb28s8x3fauy3t","timestamp":1744193214520,"id":"gkj49tmto8dkhtr","previousEventId":"ual8u105n51otk9","previousOperationId":"jpb28s8x3fauy3t"}
{"type":"log","timestamp":1744193214520,"level":"debug","message":"Skipping storing report.","meta":{"rootId":"l669y2bvzdjph7l","id":"l669y2bvzdjph7l"},"id":"yn7hp57n2sncwrl","previousOperationId":"jpb28s8x3fauy3t"}
{"type":"log","timestamp":1744193214520,"level":"info","message":"Rendering request 4 finished in 654 ms","meta":{"rootId":"l669y2bvzdjph7l","id":"l669y2bvzdjph7l"},"id":"hheolwvkbb2z1hw","previousOperationId":"jpb28s8x3fauy3t"}
{"type":"operationEnd","subtype":"render","operationId":"bjfcmxa17lhjvlt","timestamp":1744193214520,"id":"p86r9t7s41xw9ep","previousEventId":"gkj49tmto8dkhtr","previousOperationId":"jpb28s8x3fauy3t"}
{"type":"operationEnd","doDiffs":false,"previousEventId":"p8dldqe5zo73cz4","previousOperationId":"w8xcfn7l8jehrzv","operationId":"w8xcfn7l8jehrzv","timestamp":1744193214528,"id":"hhehqwi4isbznl9"}
