{"type":"operationStart","subtype":"profile","data":{"_id":"Hpx3z1Ev9eLiJxoB","timestamp":"2025-04-09T14:27:35.792Z","state":"queued","mode":"standard","creationDate":"2025-04-09T14:27:35.793Z","modificationDate":"2025-04-09T14:27:35.793Z","shortid":"F1jfCJR","$entitySet":"profiles"},"doDiffs":false,"timestamp":1744208855793,"id":"8ie4wfqv5aqf917","previousOperationId":null,"operationId":"zay2daudfdaw3un"}
{"type":"log","level":"info","message":"Render request 99 queued for execution and waiting for available worker","previousOperationId":"zay2daudfdaw3un","timestamp":1744208855793,"id":"wptwp23yykq8zkt"}
{"type":"operationStart","subtype":"render","name":"myTemplate","previousOperationId":"zay2daudfdaw3un","timestamp":1744208855807,"id":"onwmphv7ko8si7s","previousEventId":"8ie4wfqv5aqf917","operationId":"r28hmcfplf1obo2"}
{"type":"log","timestamp":1744208855807,"level":"info","message":"Starting rendering request 99","meta":{"rootId":"l6rvij32r8g2n8r","id":"l6rvij32r8g2n8r"},"id":"ibivr6q8xtdbdg6","previousOperationId":"r28hmcfplf1obo2"}
{"type":"log","timestamp":1744208855807,"level":"info","message":"Rendering template { name: myTemplate, recipe: chrome-pdf, engine: handlebars, preview: true }","meta":{"rootId":"l6rvij32r8g2n8r","id":"l6rvij32r8g2n8r"},"id":"pajtyjgkg8fewv9","previousOperationId":"r28hmcfplf1obo2"}
{"type":"log","timestamp":1744208855808,"level":"debug","message":"Inline data specified.","meta":{"rootId":"l6rvij32r8g2n8r","id":"l6rvij32r8g2n8r"},"id":"kmhzyyzwo9uiw34","previousOperationId":"r28hmcfplf1obo2"}
{"type":"log","timestamp":1744208855809,"level":"debug","message":"Base url not specified, skipping its injection.","meta":{"rootId":"l6rvij32r8g2n8r","id":"l6rvij32r8g2n8r"},"id":"35c5nc2bjjvzwrd","previousOperationId":"r28hmcfplf1obo2"}
{"type":"operationStart","subtype":"engine","name":"handlebars","timestamp":1744208855809,"id":"allawj9yy58d634","previousEventId":"onwmphv7ko8si7s","operationId":"3exxui83se35k74","previousOperationId":"r28hmcfplf1obo2"}
{"type":"log","timestamp":1744208855809,"level":"debug","message":"Rendering engine handlebars","meta":{"rootId":"l6rvij32r8g2n8r","id":"l6rvij32r8g2n8r"},"id":"f07jot8vq2jv7gu","previousOperationId":"3exxui83se35k74"}
{"type":"operationEnd","operationId":"3exxui83se35k74","timestamp":1744208855830,"id":"fcugr32id995o8l","previousEventId":"allawj9yy58d634","previousOperationId":"3exxui83se35k74"}
{"type":"operationStart","subtype":"recipe","name":"chrome-pdf","timestamp":1744208855830,"id":"t5kkhwcj64j7dps","previousEventId":"fcugr32id995o8l","operationId":"8avlbl91jhwv0o2","previousOperationId":"3exxui83se35k74"}
{"type":"log","timestamp":1744208855830,"level":"debug","message":"Executing recipe chrome-pdf","meta":{"rootId":"l6rvij32r8g2n8r","id":"l6rvij32r8g2n8r"},"id":"1ixtqzklgguondk","previousOperationId":"8avlbl91jhwv0o2"}
{"type":"log","timestamp":1744208855832,"level":"debug","message":"Converting with chrome Chrome/133.0.6943.126 using chrome-pool strategy","meta":{"rootId":"l6rvij32r8g2n8r","id":"l6rvij32r8g2n8r"},"id":"99geol1k7bh0zhc","previousOperationId":"8avlbl91jhwv0o2"}
{"type":"log","timestamp":1744208855907,"level":"debug","message":"Page request: GET (document) file:///C:/Users/Patheo24/AppData/Local/Temp/jsreport/autocleanup/90f76dd4-80b3-42a9-bc5c-1124a6668547-chrome-pdf.html","meta":{"rootId":"l6rvij32r8g2n8r","id":"l6rvij32r8g2n8r"},"id":"97kd1eatwj6ebge","previousOperationId":"8avlbl91jhwv0o2"}
{"type":"log","timestamp":1744208855935,"level":"debug","message":"Page request finished: GET (document) 200 file:///C:/Users/Patheo24/AppData/Local/Temp/jsreport/autocleanup/90f76dd4-80b3-42a9-bc5c-1124a6668547-chrome-pdf.html","meta":{"rootId":"l6rvij32r8g2n8r","id":"l6rvij32r8g2n8r"},"id":"3mzz1wyrjkctq1w","previousOperationId":"8avlbl91jhwv0o2"}
{"type":"log","timestamp":1744208855936,"level":"debug","message":"Page request: GET (font) http://localhost:5488/fonts/kalpurush.ttf","meta":{"rootId":"l6rvij32r8g2n8r","id":"l6rvij32r8g2n8r"},"id":"kj7p9xm16vmhorx","previousOperationId":"8avlbl91jhwv0o2"}
{"type":"log","timestamp":1744208855936,"level":"debug","message":"Page request: GET (image) https://res.cloudinary.com/dpes1dyqb/image/upload/v1738768933/logo_myycxt.jpg","meta":{"rootId":"l6rvij32r8g2n8r","id":"l6rvij32r8g2n8r"},"id":"y11dnb3jugzcv8k","previousOperationId":"8avlbl91jhwv0o2"}
{"type":"log","timestamp":1744208855979,"level":"debug","message":"Page request: GET (font) http://localhost:5488/fonts/kalpurush.ttf","meta":{"rootId":"l6rvij32r8g2n8r","id":"l6rvij32r8g2n8r"},"id":"49j5as1ivojyboa","previousOperationId":"8avlbl91jhwv0o2"}
{"type":"log","timestamp":1744208855980,"level":"debug","message":"Page request finished: GET (image) 200 https://res.cloudinary.com/dpes1dyqb/image/upload/v1738768933/logo_myycxt.jpg","meta":{"rootId":"l6rvij32r8g2n8r","id":"l6rvij32r8g2n8r"},"id":"kx7sxmunx7hceae","previousOperationId":"8avlbl91jhwv0o2"}
{"type":"log","timestamp":1744208855986,"level":"debug","message":"(console:error) Failed to load resource: the server responded with a status of 404 (Not Found)","meta":{"userLevel":true,"rootId":"l6rvij32r8g2n8r","id":"l6rvij32r8g2n8r"},"id":"56xiqv5lsy0e6ch","previousOperationId":"8avlbl91jhwv0o2"}
{"type":"log","timestamp":1744208855986,"level":"warn","message":"Page request failed: GET (font) http://localhost:5488/fonts/kalpurush.ttf, failure: net::ERR_ABORTED","meta":{"rootId":"l6rvij32r8g2n8r","id":"l6rvij32r8g2n8r"},"id":"wp9zurgkl2jwczy","previousOperationId":"8avlbl91jhwv0o2"}
{"type":"log","timestamp":1744208856009,"level":"debug","message":"Running chrome with params {\"printBackground\":true,\"format\":\"A5\",\"marginRight\":\"\",\"height\":\"\",\"marginTop\":\"\",\"marginBottom\":\"\",\"marginLeft\":\"\",\"displayHeaderFooter\":true,\"width\":\"\",\"timeout\":59959,\"margin\":{\"top\":\"\",\"right\":\"\",\"bottom\":\"\",\"left\":\"\"}}","meta":{"rootId":"l6rvij32r8g2n8r","id":"l6rvij32r8g2n8r"},"id":"lq84ltz4ojbop11","previousOperationId":"8avlbl91jhwv0o2"}
{"type":"operationEnd","operationId":"8avlbl91jhwv0o2","timestamp":1744208856323,"id":"hn2980asznj9hlu","previousEventId":"t5kkhwcj64j7dps","previousOperationId":"8avlbl91jhwv0o2"}
{"type":"log","timestamp":1744208856323,"level":"debug","message":"Skipping storing report.","meta":{"rootId":"l6rvij32r8g2n8r","id":"l6rvij32r8g2n8r"},"id":"z2zmeeq8fvqp36h","previousOperationId":"8avlbl91jhwv0o2"}
{"type":"log","timestamp":1744208856323,"level":"info","message":"Rendering request 99 finished in 532 ms","meta":{"rootId":"l6rvij32r8g2n8r","id":"l6rvij32r8g2n8r"},"id":"lfk0prdynk0s9zy","previousOperationId":"8avlbl91jhwv0o2"}
{"type":"operationEnd","subtype":"render","operationId":"r28hmcfplf1obo2","timestamp":1744208856323,"id":"8mai2jj96xmrgxh","previousEventId":"hn2980asznj9hlu","previousOperationId":"8avlbl91jhwv0o2"}
{"type":"operationEnd","doDiffs":false,"previousEventId":"8ie4wfqv5aqf917","previousOperationId":"zay2daudfdaw3un","operationId":"zay2daudfdaw3un","timestamp":1744208856328,"id":"yb3ylokvndwwpe1"}
