{"type":"operationStart","subtype":"profile","data":{"_id":"jPcisOsgVM2KZw1F","timestamp":"2025-04-09T14:45:26.907Z","state":"queued","mode":"standard","creationDate":"2025-04-09T14:45:26.909Z","modificationDate":"2025-04-09T14:45:26.909Z","shortid":"9X-dyiA","$entitySet":"profiles"},"doDiffs":false,"timestamp":1744209926908,"id":"as0aitqpkj2i0i1","previousOperationId":null,"operationId":"dj48ohec0pnzlqw"}
{"type":"log","level":"info","message":"Render request 123 queued for execution and waiting for available worker","previousOperationId":"dj48ohec0pnzlqw","timestamp":1744209926908,"id":"uuag5brflh3inuy"}
{"type":"operationStart","subtype":"render","name":"myTemplate","previousOperationId":"dj48ohec0pnzlqw","timestamp":1744209926919,"id":"yoge7u48e5ko7y1","previousEventId":"as0aitqpkj2i0i1","operationId":"6x1b4lxeixk7vur"}
{"type":"log","timestamp":1744209926919,"level":"info","message":"Starting rendering request 123","meta":{"rootId":"lcm3q54af1ozsyp","id":"lcm3q54af1ozsyp"},"id":"h7d6b9kafnoaqbi","previousOperationId":"6x1b4lxeixk7vur"}
{"type":"log","timestamp":1744209926919,"level":"info","message":"Rendering template { name: myTemplate, recipe: chrome-pdf, engine: handlebars, preview: true }","meta":{"rootId":"lcm3q54af1ozsyp","id":"lcm3q54af1ozsyp"},"id":"3vhsa2mqndwg6fo","previousOperationId":"6x1b4lxeixk7vur"}
{"type":"log","timestamp":1744209926920,"level":"debug","message":"Adding sample data HUavgV0Kc","meta":{"rootId":"lcm3q54af1ozsyp","id":"lcm3q54af1ozsyp"},"id":"jwztk238kekj4wm","previousOperationId":"6x1b4lxeixk7vur"}
{"type":"log","timestamp":1744209926921,"level":"debug","message":"Base url not specified, skipping its injection.","meta":{"rootId":"lcm3q54af1ozsyp","id":"lcm3q54af1ozsyp"},"id":"wkq4pafenow2ox7","previousOperationId":"6x1b4lxeixk7vur"}
{"type":"operationStart","subtype":"engine","name":"handlebars","timestamp":1744209926921,"id":"31neyw2wmqrlfzz","previousEventId":"yoge7u48e5ko7y1","operationId":"e1v2oe4hrjkgd4i","previousOperationId":"6x1b4lxeixk7vur"}
{"type":"log","timestamp":1744209926921,"level":"debug","message":"Rendering engine handlebars","meta":{"rootId":"lcm3q54af1ozsyp","id":"lcm3q54af1ozsyp"},"id":"ev57r72oaiqzcgg","previousOperationId":"e1v2oe4hrjkgd4i"}
{"type":"operationEnd","operationId":"e1v2oe4hrjkgd4i","timestamp":1744209926949,"id":"pqz5db3547lvbzf","previousEventId":"31neyw2wmqrlfzz","previousOperationId":"e1v2oe4hrjkgd4i"}
{"type":"operationStart","subtype":"recipe","name":"chrome-pdf","timestamp":1744209926949,"id":"9awagwp38um9snw","previousEventId":"pqz5db3547lvbzf","operationId":"mnnrlcfnxxzmcok","previousOperationId":"e1v2oe4hrjkgd4i"}
{"type":"log","timestamp":1744209926949,"level":"debug","message":"Executing recipe chrome-pdf","meta":{"rootId":"lcm3q54af1ozsyp","id":"lcm3q54af1ozsyp"},"id":"d4m9b0l6f7vd88s","previousOperationId":"mnnrlcfnxxzmcok"}
{"type":"log","timestamp":1744209926952,"level":"debug","message":"Converting with chrome Chrome/133.0.6943.126 using chrome-pool strategy","meta":{"rootId":"lcm3q54af1ozsyp","id":"lcm3q54af1ozsyp"},"id":"prw3l9zhg89smbf","previousOperationId":"mnnrlcfnxxzmcok"}
{"type":"log","timestamp":1744209927012,"level":"debug","message":"Page request: GET (document) file:///C:/Users/Patheo24/AppData/Local/Temp/jsreport/autocleanup/4d34bd8a-2783-427c-91f5-656e9fa0577e-chrome-pdf.html","meta":{"rootId":"lcm3q54af1ozsyp","id":"lcm3q54af1ozsyp"},"id":"lgnvew9qsh4dn99","previousOperationId":"mnnrlcfnxxzmcok"}
{"type":"log","timestamp":1744209927038,"level":"debug","message":"Page request finished: GET (document) 200 file:///C:/Users/Patheo24/AppData/Local/Temp/jsreport/autocleanup/4d34bd8a-2783-427c-91f5-656e9fa0577e-chrome-pdf.html","meta":{"rootId":"lcm3q54af1ozsyp","id":"lcm3q54af1ozsyp"},"id":"9jm14pn68orfnth","previousOperationId":"mnnrlcfnxxzmcok"}
{"type":"log","timestamp":1744209927038,"level":"debug","message":"Page request: GET (image) https://res.cloudinary.com/dpes1dyqb/image/upload/v1738768933/logo_myycxt.jpg","meta":{"rootId":"lcm3q54af1ozsyp","id":"lcm3q54af1ozsyp"},"id":"b1tie44bz8xkzl6","previousOperationId":"mnnrlcfnxxzmcok"}
{"type":"log","timestamp":1744209927039,"level":"debug","message":"Page request: GET (font) http://localhost:5488/fonts/kalpurush.ttf","meta":{"rootId":"lcm3q54af1ozsyp","id":"lcm3q54af1ozsyp"},"id":"ktx024sjo35v9pw","previousOperationId":"mnnrlcfnxxzmcok"}
{"type":"log","timestamp":1744209927042,"level":"debug","message":"Page request: GET (font) http://localhost:5488/fonts/kalpurush.ttf","meta":{"rootId":"lcm3q54af1ozsyp","id":"lcm3q54af1ozsyp"},"id":"l9zt7ut0a83a8vk","previousOperationId":"mnnrlcfnxxzmcok"}
{"type":"log","timestamp":1744209927043,"level":"debug","message":"Page request finished: GET (image) 200 https://res.cloudinary.com/dpes1dyqb/image/upload/v1738768933/logo_myycxt.jpg","meta":{"rootId":"lcm3q54af1ozsyp","id":"lcm3q54af1ozsyp"},"id":"fulj1kw3yhcy4u4","previousOperationId":"mnnrlcfnxxzmcok"}
{"type":"log","timestamp":1744209927090,"level":"debug","message":"(console:error) Failed to load resource: the server responded with a status of 404 (Not Found)","meta":{"userLevel":true,"rootId":"lcm3q54af1ozsyp","id":"lcm3q54af1ozsyp"},"id":"em65lhgc4wub6e0","previousOperationId":"mnnrlcfnxxzmcok"}
{"type":"log","timestamp":1744209927091,"level":"warn","message":"Page request failed: GET (font) http://localhost:5488/fonts/kalpurush.ttf, failure: net::ERR_ABORTED","meta":{"rootId":"lcm3q54af1ozsyp","id":"lcm3q54af1ozsyp"},"id":"lpw6ld2f8jw9e0u","previousOperationId":"mnnrlcfnxxzmcok"}
{"type":"log","timestamp":1744209927104,"level":"debug","message":"Running chrome with params {\"printBackground\":true,\"format\":\"A5\",\"marginRight\":\"\",\"height\":\"\",\"marginTop\":\"\",\"marginBottom\":\"\",\"marginLeft\":\"\",\"displayHeaderFooter\":true,\"width\":\"\",\"timeout\":59956,\"margin\":{\"top\":\"\",\"right\":\"\",\"bottom\":\"\",\"left\":\"\"}}","meta":{"rootId":"lcm3q54af1ozsyp","id":"lcm3q54af1ozsyp"},"id":"h4lccmhay6psjn9","previousOperationId":"mnnrlcfnxxzmcok"}
{"type":"operationEnd","operationId":"mnnrlcfnxxzmcok","timestamp":1744209927450,"id":"tc5ll9or51nzh4f","previousEventId":"9awagwp38um9snw","previousOperationId":"mnnrlcfnxxzmcok"}
{"type":"log","timestamp":1744209927450,"level":"debug","message":"Skipping storing report.","meta":{"rootId":"lcm3q54af1ozsyp","id":"lcm3q54af1ozsyp"},"id":"ewstwsuf3p66b1n","previousOperationId":"mnnrlcfnxxzmcok"}
{"type":"log","timestamp":1744209927450,"level":"info","message":"Rendering request 123 finished in 543 ms","meta":{"rootId":"lcm3q54af1ozsyp","id":"lcm3q54af1ozsyp"},"id":"2ydrjw7w9bnsa49","previousOperationId":"mnnrlcfnxxzmcok"}
{"type":"operationEnd","subtype":"render","operationId":"6x1b4lxeixk7vur","timestamp":1744209927450,"id":"6rgi1w7dqkzotqs","previousEventId":"tc5ll9or51nzh4f","previousOperationId":"mnnrlcfnxxzmcok"}
{"type":"operationEnd","doDiffs":false,"previousEventId":"as0aitqpkj2i0i1","previousOperationId":"dj48ohec0pnzlqw","operationId":"dj48ohec0pnzlqw","timestamp":1744209927453,"id":"lu5x93wdbek0mlu"}
