{"type":"operationStart","subtype":"profile","data":{"_id":"22wlCaLrYp6bAAfV","timestamp":"2025-04-09T14:15:04.100Z","state":"queued","mode":"standard","creationDate":"2025-04-09T14:15:04.102Z","modificationDate":"2025-04-09T14:15:04.102Z","shortid":"CaIU4do","$entitySet":"profiles"},"doDiffs":false,"timestamp":1744208104101,"id":"ze24m903z7kj2n5","previousOperationId":null,"operationId":"af9njz2j1gnm26v"}
{"type":"log","level":"info","message":"Render request 80 queued for execution and waiting for available worker","previousOperationId":"af9njz2j1gnm26v","timestamp":1744208104101,"id":"27f8n5vbirzz6xx"}
{"type":"operationStart","subtype":"render","name":"myTemplate","previousOperationId":"af9njz2j1gnm26v","timestamp":1744208104150,"id":"7xbm1lt5mlkmpko","previousEventId":"ze24m903z7kj2n5","operationId":"018xw3fjpaihxiu"}
{"type":"log","timestamp":1744208104150,"level":"info","message":"Starting rendering request 80","meta":{"rootId":"lgjfkugfjdbpfs2","id":"lgjfkugfjdbpfs2"},"id":"xtchi9oqtfo5k0b","previousOperationId":"018xw3fjpaihxiu"}
{"type":"log","timestamp":1744208104150,"level":"info","message":"Rendering template { name: myTemplate, recipe: chrome-pdf, engine: handlebars, preview: true }","meta":{"rootId":"lgjfkugfjdbpfs2","id":"lgjfkugfjdbpfs2"},"id":"skrw49rzaonjotv","previousOperationId":"018xw3fjpaihxiu"}
{"type":"log","timestamp":1744208104151,"level":"debug","message":"Adding sample data HUavgV0Kc","meta":{"rootId":"lgjfkugfjdbpfs2","id":"lgjfkugfjdbpfs2"},"id":"auncfb5st42sxhb","previousOperationId":"018xw3fjpaihxiu"}
{"type":"log","timestamp":1744208104154,"level":"debug","message":"Base url not specified, skipping its injection.","meta":{"rootId":"lgjfkugfjdbpfs2","id":"lgjfkugfjdbpfs2"},"id":"b6azxueyk4z9h6n","previousOperationId":"018xw3fjpaihxiu"}
{"type":"operationStart","subtype":"engine","name":"handlebars","timestamp":1744208104154,"id":"yowscgnvm3vlzgk","previousEventId":"7xbm1lt5mlkmpko","operationId":"pgxb8uh99u7hk0c","previousOperationId":"018xw3fjpaihxiu"}
{"type":"log","timestamp":1744208104154,"level":"debug","message":"Rendering engine handlebars","meta":{"rootId":"lgjfkugfjdbpfs2","id":"lgjfkugfjdbpfs2"},"id":"sryj0j20i3xuai9","previousOperationId":"pgxb8uh99u7hk0c"}
{"type":"operationEnd","operationId":"pgxb8uh99u7hk0c","timestamp":1744208104182,"id":"12ylian13c30fas","previousEventId":"yowscgnvm3vlzgk","previousOperationId":"pgxb8uh99u7hk0c"}
{"type":"operationStart","subtype":"recipe","name":"chrome-pdf","timestamp":1744208104182,"id":"mfhkfgqk2mxfnse","previousEventId":"12ylian13c30fas","operationId":"luencjbd5zdb9jc","previousOperationId":"pgxb8uh99u7hk0c"}
{"type":"log","timestamp":1744208104182,"level":"debug","message":"Executing recipe chrome-pdf","meta":{"rootId":"lgjfkugfjdbpfs2","id":"lgjfkugfjdbpfs2"},"id":"4t5zvrcx8lgaw49","previousOperationId":"luencjbd5zdb9jc"}
{"type":"log","timestamp":1744208104184,"level":"debug","message":"Converting with chrome Chrome/133.0.6943.126 using chrome-pool strategy","meta":{"rootId":"lgjfkugfjdbpfs2","id":"lgjfkugfjdbpfs2"},"id":"4opkaumjlbddxli","previousOperationId":"luencjbd5zdb9jc"}
{"type":"log","timestamp":1744208104259,"level":"debug","message":"Page request: GET (document) file:///C:/Users/Patheo24/AppData/Local/Temp/jsreport/autocleanup/a543fa86-2c40-4eed-b289-3ee22ae6549d-chrome-pdf.html","meta":{"rootId":"lgjfkugfjdbpfs2","id":"lgjfkugfjdbpfs2"},"id":"q6knglku8ue4a18","previousOperationId":"luencjbd5zdb9jc"}
{"type":"log","timestamp":1744208104290,"level":"debug","message":"Page request finished: GET (document) 200 file:///C:/Users/Patheo24/AppData/Local/Temp/jsreport/autocleanup/a543fa86-2c40-4eed-b289-3ee22ae6549d-chrome-pdf.html","meta":{"rootId":"lgjfkugfjdbpfs2","id":"lgjfkugfjdbpfs2"},"id":"ewy1lw57frmltrk","previousOperationId":"luencjbd5zdb9jc"}
{"type":"log","timestamp":1744208104290,"level":"debug","message":"(console:info) Slow network is detected. See https://www.chromestatus.com/feature/5636954674692096 for more details. Fallback font will be used while loading: http://localhost:5488/fonts/kalpurush.ttf","meta":{"userLevel":true,"rootId":"lgjfkugfjdbpfs2","id":"lgjfkugfjdbpfs2"},"id":"7j9uesj3dpg5r0p","previousOperationId":"luencjbd5zdb9jc"}
{"type":"log","timestamp":1744208104291,"level":"debug","message":"Page request: GET (font) http://localhost:5488/fonts/kalpurush.ttf","meta":{"rootId":"lgjfkugfjdbpfs2","id":"lgjfkugfjdbpfs2"},"id":"apr1o611c9f5ijy","previousOperationId":"luencjbd5zdb9jc"}
{"type":"log","timestamp":1744208104291,"level":"debug","message":"Page request: GET (image) https://res.cloudinary.com/dpes1dyqb/image/upload/v1738768933/logo_myycxt.jpg","meta":{"rootId":"lgjfkugfjdbpfs2","id":"lgjfkugfjdbpfs2"},"id":"by42zd4171xsf94","previousOperationId":"luencjbd5zdb9jc"}
{"type":"log","timestamp":1744208104636,"level":"debug","message":"Page request: GET (font) http://localhost:5488/fonts/kalpurush.ttf","meta":{"rootId":"lgjfkugfjdbpfs2","id":"lgjfkugfjdbpfs2"},"id":"7jsp4onh616odd3","previousOperationId":"luencjbd5zdb9jc"}
{"type":"log","timestamp":1744208104640,"level":"debug","message":"Page request finished: GET (image) 200 https://res.cloudinary.com/dpes1dyqb/image/upload/v1738768933/logo_myycxt.jpg","meta":{"rootId":"lgjfkugfjdbpfs2","id":"lgjfkugfjdbpfs2"},"id":"69mkikclgua9a4v","previousOperationId":"luencjbd5zdb9jc"}
{"type":"log","timestamp":1744208104649,"level":"debug","message":"(console:error) Failed to load resource: the server responded with a status of 404 (Not Found)","meta":{"userLevel":true,"rootId":"lgjfkugfjdbpfs2","id":"lgjfkugfjdbpfs2"},"id":"3vwz7dudkmuiu45","previousOperationId":"luencjbd5zdb9jc"}
{"type":"log","timestamp":1744208104649,"level":"warn","message":"Page request failed: GET (font) http://localhost:5488/fonts/kalpurush.ttf, failure: net::ERR_ABORTED","meta":{"rootId":"lgjfkugfjdbpfs2","id":"lgjfkugfjdbpfs2"},"id":"xnejtl955yxrigh","previousOperationId":"luencjbd5zdb9jc"}
{"type":"log","timestamp":1744208104656,"level":"debug","message":"Running chrome with params {\"printBackground\":true,\"format\":\"A5\",\"marginRight\":\"\",\"height\":\"\",\"marginTop\":\"\",\"marginBottom\":\"\",\"marginLeft\":\"\",\"displayHeaderFooter\":true,\"width\":\"\",\"timeout\":59917,\"margin\":{\"top\":\"\",\"right\":\"\",\"bottom\":\"\",\"left\":\"\"}}","meta":{"rootId":"lgjfkugfjdbpfs2","id":"lgjfkugfjdbpfs2"},"id":"xx9hg16xrsi1ewf","previousOperationId":"luencjbd5zdb9jc"}
{"type":"operationEnd","operationId":"luencjbd5zdb9jc","timestamp":1744208104995,"id":"2g29bp2ko4g4cux","previousEventId":"mfhkfgqk2mxfnse","previousOperationId":"luencjbd5zdb9jc"}
{"type":"log","timestamp":1744208104995,"level":"debug","message":"Skipping storing report.","meta":{"rootId":"lgjfkugfjdbpfs2","id":"lgjfkugfjdbpfs2"},"id":"hpdtgr8x9ki99p8","previousOperationId":"luencjbd5zdb9jc"}
{"type":"log","timestamp":1744208104995,"level":"info","message":"Rendering request 80 finished in 895 ms","meta":{"rootId":"lgjfkugfjdbpfs2","id":"lgjfkugfjdbpfs2"},"id":"bpg94paucc3mzmm","previousOperationId":"luencjbd5zdb9jc"}
{"type":"operationEnd","subtype":"render","operationId":"018xw3fjpaihxiu","timestamp":1744208104995,"id":"weszblykjyokgct","previousEventId":"2g29bp2ko4g4cux","previousOperationId":"luencjbd5zdb9jc"}
{"type":"operationEnd","doDiffs":false,"previousEventId":"ze24m903z7kj2n5","previousOperationId":"af9njz2j1gnm26v","operationId":"af9njz2j1gnm26v","timestamp":1744208104999,"id":"5lthcs7k18dfkqf"}
