{"type":"operationStart","subtype":"profile","data":{"_id":"mey3rgoJmECJDvP7","timestamp":"2025-04-11T12:54:16.318Z","state":"queued","mode":"standard","creationDate":"2025-04-11T12:54:16.319Z","modificationDate":"2025-04-11T12:54:16.319Z","shortid":"JQAySM5","$entitySet":"profiles"},"doDiffs":false,"timestamp":1744376056319,"id":"zpheg7h3e3j5r9u","previousOperationId":null,"operationId":"ua3v20cvqlu4s5n"}
{"type":"log","level":"info","message":"Render request 29 queued for execution and waiting for available worker","previousOperationId":"ua3v20cvqlu4s5n","timestamp":1744376056319,"id":"00ky3wau3cy9w3w"}
{"type":"operationStart","subtype":"render","name":"myTemplate","previousOperationId":"ua3v20cvqlu4s5n","timestamp":1744376056335,"id":"zz4sbf2g4lt2l5p","previousEventId":"zpheg7h3e3j5r9u","operationId":"ftpvhbxprdklbm5"}
{"type":"log","timestamp":1744376056335,"level":"info","message":"Starting rendering request 29","meta":{"rootId":"lhazj03eu724n3y","id":"lhazj03eu724n3y"},"id":"82ffxbgcxi9mtwz","previousOperationId":"ftpvhbxprdklbm5"}
{"type":"log","timestamp":1744376056335,"level":"info","message":"Rendering template { name: myTemplate, recipe: chrome-pdf, engine: handlebars, preview: true }","meta":{"rootId":"lhazj03eu724n3y","id":"lhazj03eu724n3y"},"id":"tswhk8i9k6jnpbs","previousOperationId":"ftpvhbxprdklbm5"}
{"type":"log","timestamp":1744376056335,"level":"debug","message":"Inline data specified.","meta":{"rootId":"lhazj03eu724n3y","id":"lhazj03eu724n3y"},"id":"p90os2xng5wvcuf","previousOperationId":"ftpvhbxprdklbm5"}
{"type":"log","timestamp":1744376056337,"level":"debug","message":"Base url not specified, skipping its injection.","meta":{"rootId":"lhazj03eu724n3y","id":"lhazj03eu724n3y"},"id":"0mwsz9rowsppeak","previousOperationId":"ftpvhbxprdklbm5"}
{"type":"operationStart","subtype":"engine","name":"handlebars","timestamp":1744376056337,"id":"xmflrbwlql2x5qh","previousEventId":"zz4sbf2g4lt2l5p","operationId":"zu0bahwzujpkoaz","previousOperationId":"ftpvhbxprdklbm5"}
{"type":"log","timestamp":1744376056337,"level":"debug","message":"Rendering engine handlebars","meta":{"rootId":"lhazj03eu724n3y","id":"lhazj03eu724n3y"},"id":"q23zgoz3jo85yoc","previousOperationId":"zu0bahwzujpkoaz"}
{"type":"operationEnd","operationId":"zu0bahwzujpkoaz","timestamp":1744376056359,"id":"m0hx5djo2432pna","previousEventId":"xmflrbwlql2x5qh","previousOperationId":"zu0bahwzujpkoaz"}
{"type":"operationStart","subtype":"recipe","name":"chrome-pdf","timestamp":1744376056359,"id":"ddakjem2igvtrau","previousEventId":"m0hx5djo2432pna","operationId":"k0sg07512w1pvmh","previousOperationId":"zu0bahwzujpkoaz"}
{"type":"log","timestamp":1744376056360,"level":"debug","message":"Executing recipe chrome-pdf","meta":{"rootId":"lhazj03eu724n3y","id":"lhazj03eu724n3y"},"id":"9nzix3k0asqdrsv","previousOperationId":"k0sg07512w1pvmh"}
{"type":"log","timestamp":1744376056364,"level":"debug","message":"Converting with chrome Chrome/133.0.6943.126 using chrome-pool strategy","meta":{"rootId":"lhazj03eu724n3y","id":"lhazj03eu724n3y"},"id":"t1hgpugzcoesigy","previousOperationId":"k0sg07512w1pvmh"}
{"type":"log","timestamp":1744376056432,"level":"debug","message":"Page request: GET (document) file:///C:/Users/Patheo24/AppData/Local/Temp/jsreport/autocleanup/44624cb5-43fa-4b0a-bc20-ce94944a3a59-chrome-pdf.html","meta":{"rootId":"lhazj03eu724n3y","id":"lhazj03eu724n3y"},"id":"1slijp2j8cc4s47","previousOperationId":"k0sg07512w1pvmh"}
{"type":"log","timestamp":1744376056457,"level":"debug","message":"Page request finished: GET (document) 200 file:///C:/Users/Patheo24/AppData/Local/Temp/jsreport/autocleanup/44624cb5-43fa-4b0a-bc20-ce94944a3a59-chrome-pdf.html","meta":{"rootId":"lhazj03eu724n3y","id":"lhazj03eu724n3y"},"id":"bkwomjn1u0nqu5x","previousOperationId":"k0sg07512w1pvmh"}
{"type":"log","timestamp":1744376056459,"level":"debug","message":"Page request: GET (font) http://localhost:5488/fonts/kalpurush.ttf","meta":{"rootId":"lhazj03eu724n3y","id":"lhazj03eu724n3y"},"id":"0ed6bmre9hm99i8","previousOperationId":"k0sg07512w1pvmh"}
{"type":"log","timestamp":1744376056461,"level":"debug","message":"Page request: GET (image) https://res.cloudinary.com/dpes1dyqb/image/upload/v1738768933/logo_myycxt.jpg","meta":{"rootId":"lhazj03eu724n3y","id":"lhazj03eu724n3y"},"id":"fy798r9xhekhu9b","previousOperationId":"k0sg07512w1pvmh"}
{"type":"log","timestamp":1744376056517,"level":"debug","message":"Page request: GET (font) http://localhost:5488/fonts/kalpurush.ttf","meta":{"rootId":"lhazj03eu724n3y","id":"lhazj03eu724n3y"},"id":"j2xwxi9814itnlv","previousOperationId":"k0sg07512w1pvmh"}
{"type":"log","timestamp":1744376056518,"level":"debug","message":"Page request finished: GET (image) 200 https://res.cloudinary.com/dpes1dyqb/image/upload/v1738768933/logo_myycxt.jpg","meta":{"rootId":"lhazj03eu724n3y","id":"lhazj03eu724n3y"},"id":"80cv26wzjbtfdsz","previousOperationId":"k0sg07512w1pvmh"}
{"type":"log","timestamp":1744376056526,"level":"debug","message":"(console:error) Failed to load resource: the server responded with a status of 404 (Not Found)","meta":{"userLevel":true,"rootId":"lhazj03eu724n3y","id":"lhazj03eu724n3y"},"id":"vf6x9ydepo87tcm","previousOperationId":"k0sg07512w1pvmh"}
{"type":"log","timestamp":1744376056527,"level":"warn","message":"Page request failed: GET (font) http://localhost:5488/fonts/kalpurush.ttf, failure: net::ERR_ABORTED","meta":{"rootId":"lhazj03eu724n3y","id":"lhazj03eu724n3y"},"id":"4jcl54x8vsr5arn","previousOperationId":"k0sg07512w1pvmh"}
{"type":"log","timestamp":1744376056535,"level":"debug","message":"Running chrome with params {\"printBackground\":true,\"format\":\"A5\",\"marginRight\":\"\",\"height\":\"\",\"marginTop\":\"\",\"marginBottom\":\"\",\"marginLeft\":\"\",\"displayHeaderFooter\":true,\"width\":\"\",\"timeout\":59955,\"margin\":{\"top\":\"\",\"right\":\"\",\"bottom\":\"\",\"left\":\"\"}}","meta":{"rootId":"lhazj03eu724n3y","id":"lhazj03eu724n3y"},"id":"gr7ez6ccraykve9","previousOperationId":"k0sg07512w1pvmh"}
{"type":"operationEnd","operationId":"k0sg07512w1pvmh","timestamp":1744376056871,"id":"w1vknb91zrjwine","previousEventId":"ddakjem2igvtrau","previousOperationId":"k0sg07512w1pvmh"}
{"type":"log","timestamp":1744376056872,"level":"debug","message":"Skipping storing report.","meta":{"rootId":"lhazj03eu724n3y","id":"lhazj03eu724n3y"},"id":"88qlwhoteq5uhyg","previousOperationId":"k0sg07512w1pvmh"}
{"type":"log","timestamp":1744376056872,"level":"info","message":"Rendering request 29 finished in 554 ms","meta":{"rootId":"lhazj03eu724n3y","id":"lhazj03eu724n3y"},"id":"se7obycvdxy8kfa","previousOperationId":"k0sg07512w1pvmh"}
{"type":"operationEnd","subtype":"render","operationId":"ftpvhbxprdklbm5","timestamp":1744376056872,"id":"klsy7gnf9zvlzgv","previousEventId":"w1vknb91zrjwine","previousOperationId":"k0sg07512w1pvmh"}
{"type":"operationEnd","doDiffs":false,"previousEventId":"zpheg7h3e3j5r9u","previousOperationId":"ua3v20cvqlu4s5n","operationId":"ua3v20cvqlu4s5n","timestamp":1744376056878,"id":"45yoo8pow9unomt"}
