{"type":"operationStart","subtype":"profile","data":{"_id":"dPmH7FB8Ixdhvc7H","timestamp":"2025-04-10T13:42:33.090Z","state":"running","mode":"standard","creationDate":"2025-04-10T13:42:33.093Z","modificationDate":"2025-04-10T13:42:33.093Z","shortid":"y5UkPnh","$entitySet":"profiles","timeout":60000,"templateShortid":"2tjN-EB9Yu"},"doDiffs":false,"timestamp":1744292553092,"id":"vzsa33r9qyycidr","previousOperationId":null,"operationId":"brqoaedlhwrco1w"}
{"type":"log","level":"info","message":"Render request 33 queued for execution and waiting for available worker","previousOperationId":"brqoaedlhwrco1w","timestamp":1744292553092,"id":"dgn8u4p9bbj5v5l"}
{"type":"operationStart","subtype":"render","name":"myTemplate","previousOperationId":"brqoaedlhwrco1w","timestamp":1744292553103,"id":"dg7yuqqpclqsnkp","previousEventId":"vzsa33r9qyycidr","operationId":"jdblkytf744oiwd"}
{"type":"log","timestamp":1744292553104,"level":"info","message":"Starting rendering request 33","meta":{"rootId":"lloyk1lfpbbw6n0","id":"lloyk1lfpbbw6n0"},"id":"95ww32cph1fznid","previousOperationId":"jdblkytf744oiwd"}
{"type":"log","timestamp":1744292553104,"level":"info","message":"Rendering template { name: myTemplate, recipe: chrome-pdf, engine: handlebars, preview: false }","meta":{"rootId":"lloyk1lfpbbw6n0","id":"lloyk1lfpbbw6n0"},"id":"ivpupa9xeyi9k8r","previousOperationId":"jdblkytf744oiwd"}
{"type":"log","timestamp":1744292553105,"level":"debug","message":"Inline data specified.","meta":{"rootId":"lloyk1lfpbbw6n0","id":"lloyk1lfpbbw6n0"},"id":"1rx7kkgcxcg6k8q","previousOperationId":"jdblkytf744oiwd"}
{"type":"log","timestamp":1744292553110,"level":"debug","message":"Base url not specified, skipping its injection.","meta":{"rootId":"lloyk1lfpbbw6n0","id":"lloyk1lfpbbw6n0"},"id":"j7ga1o9iq65aizv","previousOperationId":"jdblkytf744oiwd"}
{"type":"operationStart","subtype":"engine","name":"handlebars","timestamp":1744292553110,"id":"ma9lbr4lnlt8fqx","previousEventId":"dg7yuqqpclqsnkp","operationId":"iqw19myeadt4ig4","previousOperationId":"jdblkytf744oiwd"}
{"type":"log","timestamp":1744292553111,"level":"debug","message":"Rendering engine handlebars","meta":{"rootId":"lloyk1lfpbbw6n0","id":"lloyk1lfpbbw6n0"},"id":"vduzb9fqqd8v7ce","previousOperationId":"iqw19myeadt4ig4"}
{"type":"operationEnd","operationId":"iqw19myeadt4ig4","timestamp":1744292553155,"id":"6mymwnvgc8nyuz3","previousEventId":"ma9lbr4lnlt8fqx","previousOperationId":"iqw19myeadt4ig4"}
{"type":"operationStart","subtype":"recipe","name":"chrome-pdf","timestamp":1744292553156,"id":"tiphipqzp072z5g","previousEventId":"6mymwnvgc8nyuz3","operationId":"f3471aizisphb6r","previousOperationId":"iqw19myeadt4ig4"}
{"type":"log","timestamp":1744292553156,"level":"debug","message":"Executing recipe chrome-pdf","meta":{"rootId":"lloyk1lfpbbw6n0","id":"lloyk1lfpbbw6n0"},"id":"5owygpvt58nwts9","previousOperationId":"f3471aizisphb6r"}
{"type":"log","timestamp":1744292553160,"level":"debug","message":"Converting with chrome Chrome/133.0.6943.126 using chrome-pool strategy","meta":{"rootId":"lloyk1lfpbbw6n0","id":"lloyk1lfpbbw6n0"},"id":"m34syesg6ygud0q","previousOperationId":"f3471aizisphb6r"}
{"type":"log","timestamp":1744292553256,"level":"debug","message":"Page request: GET (document) file:///C:/Users/Patheo24/AppData/Local/Temp/jsreport/autocleanup/0b4d11f7-8ae3-48fb-a4b3-f17991367eb4-chrome-pdf.html","meta":{"rootId":"lloyk1lfpbbw6n0","id":"lloyk1lfpbbw6n0"},"id":"8qciyrk6h64ri4u","previousOperationId":"f3471aizisphb6r"}
{"type":"log","timestamp":1744292553292,"level":"debug","message":"Page request finished: GET (document) 200 file:///C:/Users/Patheo24/AppData/Local/Temp/jsreport/autocleanup/0b4d11f7-8ae3-48fb-a4b3-f17991367eb4-chrome-pdf.html","meta":{"rootId":"lloyk1lfpbbw6n0","id":"lloyk1lfpbbw6n0"},"id":"xitx69qqin2a7ws","previousOperationId":"f3471aizisphb6r"}
{"type":"log","timestamp":1744292553298,"level":"debug","message":"Page request: GET (font) http://localhost:5488/fonts/kalpurush.ttf","meta":{"rootId":"lloyk1lfpbbw6n0","id":"lloyk1lfpbbw6n0"},"id":"wjff8kjukz55zww","previousOperationId":"f3471aizisphb6r"}
{"type":"log","timestamp":1744292553299,"level":"debug","message":"Page request: GET (image) https://res.cloudinary.com/dpes1dyqb/image/upload/v1738768933/logo_myycxt.jpg","meta":{"rootId":"lloyk1lfpbbw6n0","id":"lloyk1lfpbbw6n0"},"id":"fhkr7zk04kxrflq","previousOperationId":"f3471aizisphb6r"}
{"type":"log","timestamp":1744292553351,"level":"debug","message":"Page request: GET (font) http://localhost:5488/fonts/kalpurush.ttf","meta":{"rootId":"lloyk1lfpbbw6n0","id":"lloyk1lfpbbw6n0"},"id":"1q696rc8n6kgocm","previousOperationId":"f3471aizisphb6r"}
{"type":"log","timestamp":1744292553352,"level":"debug","message":"Page request finished: GET (image) 200 https://res.cloudinary.com/dpes1dyqb/image/upload/v1738768933/logo_myycxt.jpg","meta":{"rootId":"lloyk1lfpbbw6n0","id":"lloyk1lfpbbw6n0"},"id":"f30yuqf7boixonb","previousOperationId":"f3471aizisphb6r"}
{"type":"log","timestamp":1744292553361,"level":"debug","message":"(console:error) Failed to load resource: the server responded with a status of 404 (Not Found)","meta":{"userLevel":true,"rootId":"lloyk1lfpbbw6n0","id":"lloyk1lfpbbw6n0"},"id":"uq3lhpco5xgdpiw","previousOperationId":"f3471aizisphb6r"}
{"type":"log","timestamp":1744292553361,"level":"warn","message":"Page request failed: GET (font) http://localhost:5488/fonts/kalpurush.ttf, failure: net::ERR_ABORTED","meta":{"rootId":"lloyk1lfpbbw6n0","id":"lloyk1lfpbbw6n0"},"id":"bd3nqg7sssogz19","previousOperationId":"f3471aizisphb6r"}
{"type":"log","timestamp":1744292553375,"level":"debug","message":"Running chrome with params {\"printBackground\":true,\"format\":\"A5\",\"marginRight\":\"\",\"height\":\"\",\"marginTop\":\"\",\"marginBottom\":\"\",\"marginLeft\":\"\",\"displayHeaderFooter\":true,\"width\":\"\",\"timeout\":59931,\"margin\":{\"top\":\"\",\"right\":\"\",\"bottom\":\"\",\"left\":\"\"}}","meta":{"rootId":"lloyk1lfpbbw6n0","id":"lloyk1lfpbbw6n0"},"id":"nwj9f1oswen7n1z","previousOperationId":"f3471aizisphb6r"}
{"type":"operationEnd","operationId":"f3471aizisphb6r","timestamp":1744292553763,"id":"7a4etscyq5d0c2x","previousEventId":"tiphipqzp072z5g","previousOperationId":"f3471aizisphb6r"}
{"type":"log","timestamp":1744292553763,"level":"debug","message":"Skipping storing report.","meta":{"rootId":"lloyk1lfpbbw6n0","id":"lloyk1lfpbbw6n0"},"id":"59ulwderpgdas2d","previousOperationId":"f3471aizisphb6r"}
{"type":"log","timestamp":1744292553764,"level":"info","message":"Rendering request 33 finished in 674 ms","meta":{"rootId":"lloyk1lfpbbw6n0","id":"lloyk1lfpbbw6n0"},"id":"s000l2dxnub7l27","previousOperationId":"f3471aizisphb6r"}
{"type":"operationEnd","subtype":"render","operationId":"jdblkytf744oiwd","timestamp":1744292553764,"id":"hmda9vd58tzq2nt","previousEventId":"7a4etscyq5d0c2x","previousOperationId":"f3471aizisphb6r"}
{"type":"operationEnd","doDiffs":false,"previousEventId":"vzsa33r9qyycidr","previousOperationId":"brqoaedlhwrco1w","operationId":"brqoaedlhwrco1w","timestamp":1744292553766,"id":"5rvzvf9kztljkrm"}
