{"type":"operationStart","subtype":"profile","data":{"_id":"wwhnmjSjWyDrLu0U","timestamp":"2025-04-11T12:20:32.016Z","state":"queued","mode":"standard","creationDate":"2025-04-11T12:20:32.019Z","modificationDate":"2025-04-11T12:20:32.019Z","shortid":"F4srrk2","$entitySet":"profiles"},"doDiffs":false,"timestamp":1744374032016,"id":"aamvpm4ra9hm7l8","previousOperationId":null,"operationId":"0oevvzisny12t8m"}
{"type":"log","level":"info","message":"Render request 6 queued for execution and waiting for available worker","previousOperationId":"0oevvzisny12t8m","timestamp":1744374032018,"id":"1vj84midh339ne4"}
{"type":"operationStart","subtype":"render","name":"myTemplate","previousOperationId":"0oevvzisny12t8m","timestamp":1744374032036,"id":"cjdy56ldx8xs9im","previousEventId":"aamvpm4ra9hm7l8","operationId":"lmfj1ea9aqhpr9j"}
{"type":"log","timestamp":1744374032036,"level":"info","message":"Starting rendering request 6","meta":{"rootId":"llvm8vq93ri1f4j","id":"llvm8vq93ri1f4j"},"id":"955gug29mgc8j0n","previousOperationId":"lmfj1ea9aqhpr9j"}
{"type":"log","timestamp":1744374032036,"level":"info","message":"Rendering template { name: myTemplate, recipe: chrome-pdf, engine: handlebars, preview: true }","meta":{"rootId":"llvm8vq93ri1f4j","id":"llvm8vq93ri1f4j"},"id":"gnz10kn50d85kgg","previousOperationId":"lmfj1ea9aqhpr9j"}
{"type":"log","timestamp":1744374032036,"level":"debug","message":"Inline data specified.","meta":{"rootId":"llvm8vq93ri1f4j","id":"llvm8vq93ri1f4j"},"id":"94frvyh5rivfsvs","previousOperationId":"lmfj1ea9aqhpr9j"}
{"type":"log","timestamp":1744374032042,"level":"debug","message":"Base url not specified, skipping its injection.","meta":{"rootId":"llvm8vq93ri1f4j","id":"llvm8vq93ri1f4j"},"id":"3s8m1o6q0hxjwdt","previousOperationId":"lmfj1ea9aqhpr9j"}
{"type":"operationStart","subtype":"engine","name":"handlebars","timestamp":1744374032042,"id":"cn59h5dd5yoo05x","previousEventId":"cjdy56ldx8xs9im","operationId":"380l7n92lto1wb9","previousOperationId":"lmfj1ea9aqhpr9j"}
{"type":"log","timestamp":1744374032042,"level":"debug","message":"Rendering engine handlebars","meta":{"rootId":"llvm8vq93ri1f4j","id":"llvm8vq93ri1f4j"},"id":"wwwbnk5fojgi266","previousOperationId":"380l7n92lto1wb9"}
{"type":"operationEnd","operationId":"380l7n92lto1wb9","timestamp":1744374032053,"id":"khsb2t9jsikteak","previousEventId":"cn59h5dd5yoo05x","previousOperationId":"380l7n92lto1wb9"}
{"type":"operationStart","subtype":"recipe","name":"chrome-pdf","timestamp":1744374032053,"id":"r4d43uohjj7k9y5","previousEventId":"khsb2t9jsikteak","operationId":"mwx4e9qpbngt9zu","previousOperationId":"380l7n92lto1wb9"}
{"type":"log","timestamp":1744374032053,"level":"debug","message":"Executing recipe chrome-pdf","meta":{"rootId":"llvm8vq93ri1f4j","id":"llvm8vq93ri1f4j"},"id":"s60nz4k77tx58vh","previousOperationId":"mwx4e9qpbngt9zu"}
{"type":"log","timestamp":1744374032056,"level":"debug","message":"Converting with chrome Chrome/133.0.6943.126 using chrome-pool strategy","meta":{"rootId":"llvm8vq93ri1f4j","id":"llvm8vq93ri1f4j"},"id":"zjtmm1s7eygkml3","previousOperationId":"mwx4e9qpbngt9zu"}
{"type":"log","timestamp":1744374032135,"level":"debug","message":"Page request: GET (document) file:///C:/Users/Patheo24/AppData/Local/Temp/jsreport/autocleanup/fef57f64-9d9c-4748-8d0b-342722894880-chrome-pdf.html","meta":{"rootId":"llvm8vq93ri1f4j","id":"llvm8vq93ri1f4j"},"id":"xa7f3xykdo4rhh4","previousOperationId":"mwx4e9qpbngt9zu"}
{"type":"log","timestamp":1744374032182,"level":"debug","message":"Page request finished: GET (document) 200 file:///C:/Users/Patheo24/AppData/Local/Temp/jsreport/autocleanup/fef57f64-9d9c-4748-8d0b-342722894880-chrome-pdf.html","meta":{"rootId":"llvm8vq93ri1f4j","id":"llvm8vq93ri1f4j"},"id":"6c1yzox558a7yfm","previousOperationId":"mwx4e9qpbngt9zu"}
{"type":"log","timestamp":1744374032197,"level":"debug","message":"Page request: GET (font) http://localhost:5488/fonts/kalpurush.ttf","meta":{"rootId":"llvm8vq93ri1f4j","id":"llvm8vq93ri1f4j"},"id":"1x94woieeqj676k","previousOperationId":"mwx4e9qpbngt9zu"}
{"type":"log","timestamp":1744374032199,"level":"debug","message":"Page request: GET (image) https://res.cloudinary.com/dpes1dyqb/image/upload/v1738768933/logo_myycxt.jpg","meta":{"rootId":"llvm8vq93ri1f4j","id":"llvm8vq93ri1f4j"},"id":"d79qjquqepsi8b1","previousOperationId":"mwx4e9qpbngt9zu"}
{"type":"log","timestamp":1744374032277,"level":"debug","message":"Page request: GET (font) http://localhost:5488/fonts/kalpurush.ttf","meta":{"rootId":"llvm8vq93ri1f4j","id":"llvm8vq93ri1f4j"},"id":"98lekwu6fufw3os","previousOperationId":"mwx4e9qpbngt9zu"}
{"type":"log","timestamp":1744374032278,"level":"debug","message":"Page request finished: GET (image) 200 https://res.cloudinary.com/dpes1dyqb/image/upload/v1738768933/logo_myycxt.jpg","meta":{"rootId":"llvm8vq93ri1f4j","id":"llvm8vq93ri1f4j"},"id":"mqcqzus7fw3mxly","previousOperationId":"mwx4e9qpbngt9zu"}
{"type":"log","timestamp":1744374032293,"level":"debug","message":"(console:error) Failed to load resource: the server responded with a status of 404 (Not Found)","meta":{"userLevel":true,"rootId":"llvm8vq93ri1f4j","id":"llvm8vq93ri1f4j"},"id":"rjwpv821tpanl5q","previousOperationId":"mwx4e9qpbngt9zu"}
{"type":"log","timestamp":1744374032294,"level":"warn","message":"Page request failed: GET (font) http://localhost:5488/fonts/kalpurush.ttf, failure: net::ERR_ABORTED","meta":{"rootId":"llvm8vq93ri1f4j","id":"llvm8vq93ri1f4j"},"id":"o5k93b4kn5bftgp","previousOperationId":"mwx4e9qpbngt9zu"}
{"type":"log","timestamp":1744374032305,"level":"debug","message":"Running chrome with params {\"printBackground\":true,\"format\":\"A5\",\"marginRight\":\"\",\"height\":\"\",\"marginTop\":\"\",\"marginBottom\":\"\",\"marginLeft\":\"\",\"displayHeaderFooter\":true,\"width\":\"\",\"timeout\":59960,\"margin\":{\"top\":\"\",\"right\":\"\",\"bottom\":\"\",\"left\":\"\"}}","meta":{"rootId":"llvm8vq93ri1f4j","id":"llvm8vq93ri1f4j"},"id":"vkgixb8nuy9lo42","previousOperationId":"mwx4e9qpbngt9zu"}
{"type":"operationEnd","operationId":"mwx4e9qpbngt9zu","timestamp":1744374032647,"id":"l57fmbsrrjv8xee","previousEventId":"r4d43uohjj7k9y5","previousOperationId":"mwx4e9qpbngt9zu"}
{"type":"log","timestamp":1744374032648,"level":"debug","message":"Skipping storing report.","meta":{"rootId":"llvm8vq93ri1f4j","id":"llvm8vq93ri1f4j"},"id":"bo7orlxpdoaaw0r","previousOperationId":"mwx4e9qpbngt9zu"}
{"type":"log","timestamp":1744374032648,"level":"info","message":"Rendering request 6 finished in 633 ms","meta":{"rootId":"llvm8vq93ri1f4j","id":"llvm8vq93ri1f4j"},"id":"jnvuevrr725yfys","previousOperationId":"mwx4e9qpbngt9zu"}
{"type":"operationEnd","subtype":"render","operationId":"lmfj1ea9aqhpr9j","timestamp":1744374032648,"id":"xu2j6shr5xl267m","previousEventId":"l57fmbsrrjv8xee","previousOperationId":"mwx4e9qpbngt9zu"}
{"type":"operationEnd","doDiffs":false,"previousEventId":"aamvpm4ra9hm7l8","previousOperationId":"0oevvzisny12t8m","operationId":"0oevvzisny12t8m","timestamp":1744374032654,"id":"vl54awebtza9jn2"}
