{"type":"operationStart","subtype":"profile","data":{"_id":"I8QgM8DVcKic9b8r","timestamp":"2025-04-09T14:34:00.172Z","state":"queued","mode":"standard","creationDate":"2025-04-09T14:34:00.173Z","modificationDate":"2025-04-09T14:34:00.173Z","shortid":"yraAq0C","$entitySet":"profiles"},"doDiffs":false,"timestamp":1744209240172,"id":"tqzryq3btoyzby5","previousOperationId":null,"operationId":"cyolvze27ejw72g"}
{"type":"log","level":"info","message":"Render request 108 queued for execution and waiting for available worker","previousOperationId":"cyolvze27ejw72g","timestamp":1744209240172,"id":"wzmbs54386gwt74"}
{"type":"operationStart","subtype":"render","name":"myTemplate","previousOperationId":"cyolvze27ejw72g","timestamp":1744209240186,"id":"domb338f7z00os7","previousEventId":"tqzryq3btoyzby5","operationId":"vobz5r11tr6b1l1"}
{"type":"log","timestamp":1744209240186,"level":"info","message":"Starting rendering request 108","meta":{"rootId":"lm1c0l8ctdtvefn","id":"lm1c0l8ctdtvefn"},"id":"r6aps2ufb3jm5ok","previousOperationId":"vobz5r11tr6b1l1"}
{"type":"log","timestamp":1744209240186,"level":"info","message":"Rendering template { name: myTemplate, recipe: chrome-pdf, engine: handlebars, preview: true }","meta":{"rootId":"lm1c0l8ctdtvefn","id":"lm1c0l8ctdtvefn"},"id":"s5kh05dmraaprx6","previousOperationId":"vobz5r11tr6b1l1"}
{"type":"log","timestamp":1744209240187,"level":"debug","message":"Inline data specified.","meta":{"rootId":"lm1c0l8ctdtvefn","id":"lm1c0l8ctdtvefn"},"id":"yil42hf8osmvaxi","previousOperationId":"vobz5r11tr6b1l1"}
{"type":"log","timestamp":1744209240188,"level":"debug","message":"Base url not specified, skipping its injection.","meta":{"rootId":"lm1c0l8ctdtvefn","id":"lm1c0l8ctdtvefn"},"id":"hf1egi02vtnm0h2","previousOperationId":"vobz5r11tr6b1l1"}
{"type":"operationStart","subtype":"engine","name":"handlebars","timestamp":1744209240188,"id":"8aro2p1eqy4paun","previousEventId":"domb338f7z00os7","operationId":"qlhh5481xw043b8","previousOperationId":"vobz5r11tr6b1l1"}
{"type":"log","timestamp":1744209240188,"level":"debug","message":"Rendering engine handlebars","meta":{"rootId":"lm1c0l8ctdtvefn","id":"lm1c0l8ctdtvefn"},"id":"rvpvh0cp0e6cg31","previousOperationId":"qlhh5481xw043b8"}
{"type":"operationEnd","operationId":"qlhh5481xw043b8","timestamp":1744209240213,"id":"menpaesg6dyt0q7","previousEventId":"8aro2p1eqy4paun","previousOperationId":"qlhh5481xw043b8"}
{"type":"operationStart","subtype":"recipe","name":"chrome-pdf","timestamp":1744209240214,"id":"9y7s5rx6hw3ifyq","previousEventId":"menpaesg6dyt0q7","operationId":"oz08n54lhnekeeb","previousOperationId":"qlhh5481xw043b8"}
{"type":"log","timestamp":1744209240214,"level":"debug","message":"Executing recipe chrome-pdf","meta":{"rootId":"lm1c0l8ctdtvefn","id":"lm1c0l8ctdtvefn"},"id":"eyb7je4yoodpjmz","previousOperationId":"oz08n54lhnekeeb"}
{"type":"log","timestamp":1744209240217,"level":"debug","message":"Converting with chrome Chrome/133.0.6943.126 using chrome-pool strategy","meta":{"rootId":"lm1c0l8ctdtvefn","id":"lm1c0l8ctdtvefn"},"id":"m9l7n6xfz0hz67m","previousOperationId":"oz08n54lhnekeeb"}
{"type":"log","timestamp":1744209240308,"level":"debug","message":"Page request: GET (document) file:///C:/Users/Patheo24/AppData/Local/Temp/jsreport/autocleanup/1d890d4d-c4f7-48b4-8e5c-80854a29e959-chrome-pdf.html","meta":{"rootId":"lm1c0l8ctdtvefn","id":"lm1c0l8ctdtvefn"},"id":"3phjwt3z832496b","previousOperationId":"oz08n54lhnekeeb"}
{"type":"log","timestamp":1744209240354,"level":"debug","message":"Page request finished: GET (document) 200 file:///C:/Users/Patheo24/AppData/Local/Temp/jsreport/autocleanup/1d890d4d-c4f7-48b4-8e5c-80854a29e959-chrome-pdf.html","meta":{"rootId":"lm1c0l8ctdtvefn","id":"lm1c0l8ctdtvefn"},"id":"78po0x83xed0u98","previousOperationId":"oz08n54lhnekeeb"}
{"type":"log","timestamp":1744209240355,"level":"debug","message":"(console:info) Slow network is detected. See https://www.chromestatus.com/feature/5636954674692096 for more details. Fallback font will be used while loading: http://localhost:5488/fonts/kalpurush.ttf","meta":{"userLevel":true,"rootId":"lm1c0l8ctdtvefn","id":"lm1c0l8ctdtvefn"},"id":"yb1jmthnw45iwxn","previousOperationId":"oz08n54lhnekeeb"}
{"type":"log","timestamp":1744209240357,"level":"debug","message":"Page request: GET (font) http://localhost:5488/fonts/kalpurush.ttf","meta":{"rootId":"lm1c0l8ctdtvefn","id":"lm1c0l8ctdtvefn"},"id":"93odn42jc9ilcn7","previousOperationId":"oz08n54lhnekeeb"}
{"type":"log","timestamp":1744209240357,"level":"debug","message":"Page request: GET (image) https://res.cloudinary.com/dpes1dyqb/image/upload/v1738768933/logo_myycxt.jpg","meta":{"rootId":"lm1c0l8ctdtvefn","id":"lm1c0l8ctdtvefn"},"id":"i5aj58jolxht57p","previousOperationId":"oz08n54lhnekeeb"}
{"type":"log","timestamp":1744209240435,"level":"debug","message":"Page request: GET (font) http://localhost:5488/fonts/kalpurush.ttf","meta":{"rootId":"lm1c0l8ctdtvefn","id":"lm1c0l8ctdtvefn"},"id":"d5q7qn6t2u7rlnb","previousOperationId":"oz08n54lhnekeeb"}
{"type":"log","timestamp":1744209240436,"level":"debug","message":"Page request finished: GET (image) 200 https://res.cloudinary.com/dpes1dyqb/image/upload/v1738768933/logo_myycxt.jpg","meta":{"rootId":"lm1c0l8ctdtvefn","id":"lm1c0l8ctdtvefn"},"id":"0knk2emahnnshjf","previousOperationId":"oz08n54lhnekeeb"}
{"type":"log","timestamp":1744209240448,"level":"debug","message":"(console:error) Failed to load resource: the server responded with a status of 404 (Not Found)","meta":{"userLevel":true,"rootId":"lm1c0l8ctdtvefn","id":"lm1c0l8ctdtvefn"},"id":"mrbe8twneywv04s","previousOperationId":"oz08n54lhnekeeb"}
{"type":"log","timestamp":1744209240448,"level":"warn","message":"Page request failed: GET (font) http://localhost:5488/fonts/kalpurush.ttf, failure: net::ERR_ABORTED","meta":{"rootId":"lm1c0l8ctdtvefn","id":"lm1c0l8ctdtvefn"},"id":"b7z1mkfieuv2ln5","previousOperationId":"oz08n54lhnekeeb"}
{"type":"log","timestamp":1744209240460,"level":"debug","message":"Running chrome with params {\"printBackground\":true,\"format\":\"A5\",\"marginRight\":\"\",\"height\":\"\",\"marginTop\":\"\",\"marginBottom\":\"\",\"marginLeft\":\"\",\"displayHeaderFooter\":true,\"width\":\"\",\"timeout\":59954,\"margin\":{\"top\":\"\",\"right\":\"\",\"bottom\":\"\",\"left\":\"\"}}","meta":{"rootId":"lm1c0l8ctdtvefn","id":"lm1c0l8ctdtvefn"},"id":"8hotmz6niaeqvpw","previousOperationId":"oz08n54lhnekeeb"}
{"type":"operationEnd","operationId":"oz08n54lhnekeeb","timestamp":1744209240828,"id":"o7utkzerwgcqbvi","previousEventId":"9y7s5rx6hw3ifyq","previousOperationId":"oz08n54lhnekeeb"}
{"type":"log","timestamp":1744209240828,"level":"debug","message":"Skipping storing report.","meta":{"rootId":"lm1c0l8ctdtvefn","id":"lm1c0l8ctdtvefn"},"id":"3god0je3wjbfids","previousOperationId":"oz08n54lhnekeeb"}
{"type":"log","timestamp":1744209240828,"level":"info","message":"Rendering request 108 finished in 657 ms","meta":{"rootId":"lm1c0l8ctdtvefn","id":"lm1c0l8ctdtvefn"},"id":"2fyg2jzds6bjipp","previousOperationId":"oz08n54lhnekeeb"}
{"type":"operationEnd","subtype":"render","operationId":"vobz5r11tr6b1l1","timestamp":1744209240828,"id":"7hr2rcy0f94t2du","previousEventId":"o7utkzerwgcqbvi","previousOperationId":"oz08n54lhnekeeb"}
{"type":"operationEnd","doDiffs":false,"previousEventId":"tqzryq3btoyzby5","previousOperationId":"cyolvze27ejw72g","operationId":"cyolvze27ejw72g","timestamp":1744209240833,"id":"zak3xvw2bnspex9"}
