{"type":"operationStart","subtype":"profile","data":{"_id":"CyDuqKrBLu0TRixK","timestamp":"2025-04-09T07:06:59.929Z","state":"queued","mode":"standard","creationDate":"2025-04-09T07:06:59.932Z","modificationDate":"2025-04-09T07:06:59.932Z","shortid":"wDKWayt","$entitySet":"profiles"},"doDiffs":false,"timestamp":1744182419931,"id":"j9cxn4v5rq9xcpk","previousOperationId":null,"operationId":"mjw2jzpc1p4kwni"}
{"type":"log","level":"info","message":"Render request 42 queued for execution and waiting for available worker","previousOperationId":"mjw2jzpc1p4kwni","timestamp":1744182419931,"id":"gzags77eg9w4xw4"}
{"type":"operationStart","subtype":"render","name":"myTemplate","previousOperationId":"mjw2jzpc1p4kwni","timestamp":1744182419944,"id":"3fgxwqxl044hm7w","previousEventId":"j9cxn4v5rq9xcpk","operationId":"r7sjxtyjkugbd9x"}
{"type":"log","timestamp":1744182419944,"level":"info","message":"Starting rendering request 42","meta":{"rootId":"lof0ju7xpzlncsi","id":"lof0ju7xpzlncsi"},"id":"lzyo4hgzhbstbi1","previousOperationId":"r7sjxtyjkugbd9x"}
{"type":"log","timestamp":1744182419944,"level":"info","message":"Rendering template { name: myTemplate, recipe: chrome-pdf, engine: handlebars, preview: true }","meta":{"rootId":"lof0ju7xpzlncsi","id":"lof0ju7xpzlncsi"},"id":"dgwd0l9gyng2u3l","previousOperationId":"r7sjxtyjkugbd9x"}
{"type":"log","timestamp":1744182419944,"level":"debug","message":"Inline data specified.","meta":{"rootId":"lof0ju7xpzlncsi","id":"lof0ju7xpzlncsi"},"id":"kt7mdj1tcp4uh3z","previousOperationId":"r7sjxtyjkugbd9x"}
{"type":"log","timestamp":1744182419945,"level":"debug","message":"Base url not specified, skipping its injection.","meta":{"rootId":"lof0ju7xpzlncsi","id":"lof0ju7xpzlncsi"},"id":"adn4zgdq76l84fy","previousOperationId":"r7sjxtyjkugbd9x"}
{"type":"operationStart","subtype":"engine","name":"handlebars","timestamp":1744182419945,"id":"6be5lu51m5gwtw7","previousEventId":"3fgxwqxl044hm7w","operationId":"m0vm756z1u8183x","previousOperationId":"r7sjxtyjkugbd9x"}
{"type":"log","timestamp":1744182419945,"level":"debug","message":"Rendering engine handlebars","meta":{"rootId":"lof0ju7xpzlncsi","id":"lof0ju7xpzlncsi"},"id":"935aecw05u3cbz4","previousOperationId":"m0vm756z1u8183x"}
{"type":"operationEnd","operationId":"m0vm756z1u8183x","timestamp":1744182419969,"id":"6f1h2narknfd6hv","previousEventId":"6be5lu51m5gwtw7","previousOperationId":"m0vm756z1u8183x"}
{"type":"operationStart","subtype":"recipe","name":"chrome-pdf","timestamp":1744182419969,"id":"21cpjups3zzr7mi","previousEventId":"6f1h2narknfd6hv","operationId":"wlt1chkrm86yhjt","previousOperationId":"m0vm756z1u8183x"}
{"type":"log","timestamp":1744182419969,"level":"debug","message":"Executing recipe chrome-pdf","meta":{"rootId":"lof0ju7xpzlncsi","id":"lof0ju7xpzlncsi"},"id":"rigfrwag9q5hx9l","previousOperationId":"wlt1chkrm86yhjt"}
{"type":"log","timestamp":1744182419971,"level":"debug","message":"Converting with chrome Chrome/133.0.6943.126 using chrome-pool strategy","meta":{"rootId":"lof0ju7xpzlncsi","id":"lof0ju7xpzlncsi"},"id":"zz279s270wsflga","previousOperationId":"wlt1chkrm86yhjt"}
{"type":"log","timestamp":1744182420048,"level":"debug","message":"Page request: GET (document) file:///C:/Users/Patheo24/AppData/Local/Temp/jsreport/autocleanup/888f690c-02df-4241-aa26-ea3780a44c8a-chrome-pdf.html","meta":{"rootId":"lof0ju7xpzlncsi","id":"lof0ju7xpzlncsi"},"id":"q0vtyheuarbvv5b","previousOperationId":"wlt1chkrm86yhjt"}
{"type":"log","timestamp":1744182420102,"level":"debug","message":"Page request finished: GET (document) 200 file:///C:/Users/Patheo24/AppData/Local/Temp/jsreport/autocleanup/888f690c-02df-4241-aa26-ea3780a44c8a-chrome-pdf.html","meta":{"rootId":"lof0ju7xpzlncsi","id":"lof0ju7xpzlncsi"},"id":"clyecme6az2nlqh","previousOperationId":"wlt1chkrm86yhjt"}
{"type":"log","timestamp":1744182420103,"level":"debug","message":"(console:info) Slow network is detected. See https://www.chromestatus.com/feature/5636954674692096 for more details. Fallback font will be used while loading: http://localhost:5488/fonts/kalpurush.ttf","meta":{"userLevel":true,"rootId":"lof0ju7xpzlncsi","id":"lof0ju7xpzlncsi"},"id":"wqj7l8cqtzvmhad","previousOperationId":"wlt1chkrm86yhjt"}
{"type":"log","timestamp":1744182420107,"level":"debug","message":"Page request: GET (font) http://localhost:5488/fonts/kalpurush.ttf","meta":{"rootId":"lof0ju7xpzlncsi","id":"lof0ju7xpzlncsi"},"id":"8cz6cyrex0pebhb","previousOperationId":"wlt1chkrm86yhjt"}
{"type":"log","timestamp":1744182420108,"level":"debug","message":"Page request: GET (image) https://res.cloudinary.com/dpes1dyqb/image/upload/v1738768933/logo_myycxt.jpg","meta":{"rootId":"lof0ju7xpzlncsi","id":"lof0ju7xpzlncsi"},"id":"bzesdv6dwvfbj6y","previousOperationId":"wlt1chkrm86yhjt"}
{"type":"log","timestamp":1744182420144,"level":"debug","message":"Page request: GET (font) http://localhost:5488/fonts/kalpurush.ttf","meta":{"rootId":"lof0ju7xpzlncsi","id":"lof0ju7xpzlncsi"},"id":"knvud8mll93u85u","previousOperationId":"wlt1chkrm86yhjt"}
{"type":"log","timestamp":1744182420145,"level":"debug","message":"Page request finished: GET (image) 200 https://res.cloudinary.com/dpes1dyqb/image/upload/v1738768933/logo_myycxt.jpg","meta":{"rootId":"lof0ju7xpzlncsi","id":"lof0ju7xpzlncsi"},"id":"ptfm7w9wiyrwjxp","previousOperationId":"wlt1chkrm86yhjt"}
{"type":"log","timestamp":1744182420153,"level":"debug","message":"(console:error) Failed to load resource: the server responded with a status of 404 (Not Found)","meta":{"userLevel":true,"rootId":"lof0ju7xpzlncsi","id":"lof0ju7xpzlncsi"},"id":"bgam1afl99yj6gg","previousOperationId":"wlt1chkrm86yhjt"}
{"type":"log","timestamp":1744182420153,"level":"warn","message":"Page request failed: GET (font) http://localhost:5488/fonts/kalpurush.ttf, failure: net::ERR_ABORTED","meta":{"rootId":"lof0ju7xpzlncsi","id":"lof0ju7xpzlncsi"},"id":"qkzgqa2rqic779w","previousOperationId":"wlt1chkrm86yhjt"}
{"type":"log","timestamp":1744182420165,"level":"debug","message":"Running chrome with params {\"printBackground\":true,\"timeout\":59959,\"margin\":{}}","meta":{"rootId":"lof0ju7xpzlncsi","id":"lof0ju7xpzlncsi"},"id":"xf0c81kpu3eojcq","previousOperationId":"wlt1chkrm86yhjt"}
{"type":"operationEnd","operationId":"wlt1chkrm86yhjt","timestamp":1744182420547,"id":"ckb3iawceviyjm1","previousEventId":"21cpjups3zzr7mi","previousOperationId":"wlt1chkrm86yhjt"}
{"type":"log","timestamp":1744182420547,"level":"debug","message":"Skipping storing report.","meta":{"rootId":"lof0ju7xpzlncsi","id":"lof0ju7xpzlncsi"},"id":"cllkugli625y1ok","previousOperationId":"wlt1chkrm86yhjt"}
{"type":"log","timestamp":1744182420547,"level":"info","message":"Rendering request 42 finished in 618 ms","meta":{"rootId":"lof0ju7xpzlncsi","id":"lof0ju7xpzlncsi"},"id":"oae1oxkmwo61xxt","previousOperationId":"wlt1chkrm86yhjt"}
{"type":"operationEnd","subtype":"render","operationId":"r7sjxtyjkugbd9x","timestamp":1744182420547,"id":"eppljjjgao915qn","previousEventId":"ckb3iawceviyjm1","previousOperationId":"wlt1chkrm86yhjt"}
{"type":"operationEnd","doDiffs":false,"previousEventId":"j9cxn4v5rq9xcpk","previousOperationId":"mjw2jzpc1p4kwni","operationId":"mjw2jzpc1p4kwni","timestamp":1744182420551,"id":"hrare2xnkoigjnz"}
