{"type":"operationStart","subtype":"profile","data":{"_id":"N0WyeGrBPcfCJNfh","timestamp":"2025-04-10T13:28:00.533Z","state":"queued","mode":"standard","creationDate":"2025-04-10T13:28:00.534Z","modificationDate":"2025-04-10T13:28:00.534Z","shortid":"dlnk9nJ","$entitySet":"profiles"},"doDiffs":false,"timestamp":1744291680534,"id":"pc2d5guz0rdjltl","previousOperationId":null,"operationId":"abl1fwat4h8b93x"}
{"type":"log","level":"info","message":"Render request 31 queued for execution and waiting for available worker","previousOperationId":"abl1fwat4h8b93x","timestamp":1744291680534,"id":"frdw5x46elqd2bl"}
{"type":"operationStart","subtype":"render","name":"myTemplate","previousOperationId":"abl1fwat4h8b93x","timestamp":1744291680548,"id":"4wqgvr9emxrzwk5","previousEventId":"pc2d5guz0rdjltl","operationId":"so8txi3nh5bm5d7"}
{"type":"log","timestamp":1744291680549,"level":"info","message":"Starting rendering request 31","meta":{"rootId":"lokkrb3ayb4nwvb","id":"lokkrb3ayb4nwvb"},"id":"2h8pixhchzy86ba","previousOperationId":"so8txi3nh5bm5d7"}
{"type":"log","timestamp":1744291680549,"level":"info","message":"Rendering template { name: myTemplate, recipe: chrome-pdf, engine: handlebars, preview: true }","meta":{"rootId":"lokkrb3ayb4nwvb","id":"lokkrb3ayb4nwvb"},"id":"g9rc5wnnymkak7c","previousOperationId":"so8txi3nh5bm5d7"}
{"type":"log","timestamp":1744291680549,"level":"debug","message":"Adding sample data HUavgV0Kc","meta":{"rootId":"lokkrb3ayb4nwvb","id":"lokkrb3ayb4nwvb"},"id":"jam6l7msuewlc4f","previousOperationId":"so8txi3nh5bm5d7"}
{"type":"log","timestamp":1744291680551,"level":"debug","message":"Base url not specified, skipping its injection.","meta":{"rootId":"lokkrb3ayb4nwvb","id":"lokkrb3ayb4nwvb"},"id":"5re4hdk2jqfmrz3","previousOperationId":"so8txi3nh5bm5d7"}
{"type":"operationStart","subtype":"engine","name":"handlebars","timestamp":1744291680551,"id":"l5bm2vmvlxxzwze","previousEventId":"4wqgvr9emxrzwk5","operationId":"ve65xh5xlehjnzy","previousOperationId":"so8txi3nh5bm5d7"}
{"type":"log","timestamp":1744291680551,"level":"debug","message":"Rendering engine handlebars","meta":{"rootId":"lokkrb3ayb4nwvb","id":"lokkrb3ayb4nwvb"},"id":"537it3fhh8aqrq4","previousOperationId":"ve65xh5xlehjnzy"}
{"type":"operationEnd","operationId":"ve65xh5xlehjnzy","timestamp":1744291680575,"id":"axmdwpapo6kydb8","previousEventId":"l5bm2vmvlxxzwze","previousOperationId":"ve65xh5xlehjnzy"}
{"type":"operationStart","subtype":"recipe","name":"chrome-pdf","timestamp":1744291680577,"id":"i3z0r7xiq3ty0vc","previousEventId":"axmdwpapo6kydb8","operationId":"aijfgo30yzf5tnt","previousOperationId":"ve65xh5xlehjnzy"}
{"type":"log","timestamp":1744291680577,"level":"debug","message":"Executing recipe chrome-pdf","meta":{"rootId":"lokkrb3ayb4nwvb","id":"lokkrb3ayb4nwvb"},"id":"ch354wlhgvtd8mp","previousOperationId":"aijfgo30yzf5tnt"}
{"type":"log","timestamp":1744291680580,"level":"debug","message":"Converting with chrome Chrome/133.0.6943.126 using chrome-pool strategy","meta":{"rootId":"lokkrb3ayb4nwvb","id":"lokkrb3ayb4nwvb"},"id":"rpj5jbvylsmtbsq","previousOperationId":"aijfgo30yzf5tnt"}
{"type":"log","timestamp":1744291680663,"level":"debug","message":"Page request: GET (document) file:///C:/Users/Patheo24/AppData/Local/Temp/jsreport/autocleanup/1c63b1fd-7dee-4c36-ad44-92d65af4a4e0-chrome-pdf.html","meta":{"rootId":"lokkrb3ayb4nwvb","id":"lokkrb3ayb4nwvb"},"id":"fj9g9apgz3138h3","previousOperationId":"aijfgo30yzf5tnt"}
{"type":"log","timestamp":1744291680698,"level":"debug","message":"Page request finished: GET (document) 200 file:///C:/Users/Patheo24/AppData/Local/Temp/jsreport/autocleanup/1c63b1fd-7dee-4c36-ad44-92d65af4a4e0-chrome-pdf.html","meta":{"rootId":"lokkrb3ayb4nwvb","id":"lokkrb3ayb4nwvb"},"id":"ttxr6uplbhwjrdx","previousOperationId":"aijfgo30yzf5tnt"}
{"type":"log","timestamp":1744291680705,"level":"debug","message":"Page request: GET (font) http://localhost:5488/fonts/kalpurush.ttf","meta":{"rootId":"lokkrb3ayb4nwvb","id":"lokkrb3ayb4nwvb"},"id":"ckv0nuz035rw0pp","previousOperationId":"aijfgo30yzf5tnt"}
{"type":"log","timestamp":1744291680706,"level":"debug","message":"Page request: GET (image) https://res.cloudinary.com/dpes1dyqb/image/upload/v1738768933/logo_myycxt.jpg","meta":{"rootId":"lokkrb3ayb4nwvb","id":"lokkrb3ayb4nwvb"},"id":"1jd9b700f197oo2","previousOperationId":"aijfgo30yzf5tnt"}
{"type":"log","timestamp":1744291680759,"level":"debug","message":"Page request: GET (font) http://localhost:5488/fonts/kalpurush.ttf","meta":{"rootId":"lokkrb3ayb4nwvb","id":"lokkrb3ayb4nwvb"},"id":"emrztiaojg7amzg","previousOperationId":"aijfgo30yzf5tnt"}
{"type":"log","timestamp":1744291680760,"level":"debug","message":"Page request finished: GET (image) 200 https://res.cloudinary.com/dpes1dyqb/image/upload/v1738768933/logo_myycxt.jpg","meta":{"rootId":"lokkrb3ayb4nwvb","id":"lokkrb3ayb4nwvb"},"id":"t90vxk4squ3nqkf","previousOperationId":"aijfgo30yzf5tnt"}
{"type":"log","timestamp":1744291680774,"level":"debug","message":"(console:error) Failed to load resource: the server responded with a status of 404 (Not Found)","meta":{"userLevel":true,"rootId":"lokkrb3ayb4nwvb","id":"lokkrb3ayb4nwvb"},"id":"uxhyfd3dbuqyh94","previousOperationId":"aijfgo30yzf5tnt"}
{"type":"log","timestamp":1744291680775,"level":"warn","message":"Page request failed: GET (font) http://localhost:5488/fonts/kalpurush.ttf, failure: net::ERR_ABORTED","meta":{"rootId":"lokkrb3ayb4nwvb","id":"lokkrb3ayb4nwvb"},"id":"16hj2efvlllr60l","previousOperationId":"aijfgo30yzf5tnt"}
{"type":"log","timestamp":1744291680784,"level":"debug","message":"Running chrome with params {\"printBackground\":true,\"format\":\"A5\",\"marginRight\":\"\",\"height\":\"\",\"marginTop\":\"\",\"marginBottom\":\"\",\"marginLeft\":\"\",\"displayHeaderFooter\":true,\"width\":\"\",\"timeout\":59955,\"margin\":{\"top\":\"\",\"right\":\"\",\"bottom\":\"\",\"left\":\"\"}}","meta":{"rootId":"lokkrb3ayb4nwvb","id":"lokkrb3ayb4nwvb"},"id":"twl5s4phf9fctt4","previousOperationId":"aijfgo30yzf5tnt"}
{"type":"operationEnd","operationId":"aijfgo30yzf5tnt","timestamp":1744291681149,"id":"13kx0uvjqqjkrjf","previousEventId":"i3z0r7xiq3ty0vc","previousOperationId":"aijfgo30yzf5tnt"}
{"type":"log","timestamp":1744291681149,"level":"debug","message":"Skipping storing report.","meta":{"rootId":"lokkrb3ayb4nwvb","id":"lokkrb3ayb4nwvb"},"id":"yhz200vt524cfp8","previousOperationId":"aijfgo30yzf5tnt"}
{"type":"log","timestamp":1744291681149,"level":"info","message":"Rendering request 31 finished in 616 ms","meta":{"rootId":"lokkrb3ayb4nwvb","id":"lokkrb3ayb4nwvb"},"id":"wq6mz198b7j7hnt","previousOperationId":"aijfgo30yzf5tnt"}
{"type":"operationEnd","subtype":"render","operationId":"so8txi3nh5bm5d7","timestamp":1744291681149,"id":"mmgy09zrrpr7w7l","previousEventId":"13kx0uvjqqjkrjf","previousOperationId":"aijfgo30yzf5tnt"}
{"type":"operationEnd","doDiffs":false,"previousEventId":"pc2d5guz0rdjltl","previousOperationId":"abl1fwat4h8b93x","operationId":"abl1fwat4h8b93x","timestamp":1744291681158,"id":"6yucxcgrwiwxx8w"}
