{"type":"operationStart","subtype":"profile","data":{"_id":"rF5CCys8piPolPzb","timestamp":"2025-04-09T14:50:36.014Z","state":"queued","mode":"standard","creationDate":"2025-04-09T14:50:36.016Z","modificationDate":"2025-04-09T14:50:36.016Z","shortid":"L5duZEj","$entitySet":"profiles"},"doDiffs":false,"timestamp":1744210236015,"id":"lr4izhd7g3fckku","previousOperationId":null,"operationId":"a9ya3ctqow3s7v4"}
{"type":"log","level":"info","message":"Render request 128 queued for execution and waiting for available worker","previousOperationId":"a9ya3ctqow3s7v4","timestamp":1744210236015,"id":"q7xnr53nghwos3p"}
{"type":"operationStart","subtype":"render","name":"myTemplate","previousOperationId":"a9ya3ctqow3s7v4","timestamp":1744210236027,"id":"glw2rl82wpy992g","previousEventId":"lr4izhd7g3fckku","operationId":"5se81jrjfhr2hsw"}
{"type":"log","timestamp":1744210236027,"level":"info","message":"Starting rendering request 128","meta":{"rootId":"lpv97inxdb4n309","id":"lpv97inxdb4n309"},"id":"9jlr6tikc8jjskf","previousOperationId":"5se81jrjfhr2hsw"}
{"type":"log","timestamp":1744210236027,"level":"info","message":"Rendering template { name: myTemplate, recipe: chrome-pdf, engine: handlebars, preview: true }","meta":{"rootId":"lpv97inxdb4n309","id":"lpv97inxdb4n309"},"id":"pi88j1e18nhz01u","previousOperationId":"5se81jrjfhr2hsw"}
{"type":"log","timestamp":1744210236028,"level":"debug","message":"Adding sample data HUavgV0Kc","meta":{"rootId":"lpv97inxdb4n309","id":"lpv97inxdb4n309"},"id":"8zk9vwvlut1g6je","previousOperationId":"5se81jrjfhr2hsw"}
{"type":"log","timestamp":1744210236029,"level":"debug","message":"Base url not specified, skipping its injection.","meta":{"rootId":"lpv97inxdb4n309","id":"lpv97inxdb4n309"},"id":"exork13u5yoxcih","previousOperationId":"5se81jrjfhr2hsw"}
{"type":"operationStart","subtype":"engine","name":"handlebars","timestamp":1744210236029,"id":"ftdtunybr5wzoap","previousEventId":"glw2rl82wpy992g","operationId":"btokkd1xnzzrah4","previousOperationId":"5se81jrjfhr2hsw"}
{"type":"log","timestamp":1744210236029,"level":"debug","message":"Rendering engine handlebars","meta":{"rootId":"lpv97inxdb4n309","id":"lpv97inxdb4n309"},"id":"irycug706evrodk","previousOperationId":"btokkd1xnzzrah4"}
{"type":"operationEnd","operationId":"btokkd1xnzzrah4","timestamp":1744210236037,"id":"3a5b4ngdl4kuzk4","previousEventId":"ftdtunybr5wzoap","previousOperationId":"btokkd1xnzzrah4"}
{"type":"operationStart","subtype":"recipe","name":"chrome-pdf","timestamp":1744210236038,"id":"coxw52vn8r446d5","previousEventId":"3a5b4ngdl4kuzk4","operationId":"kfi3skzp3a4xwsi","previousOperationId":"btokkd1xnzzrah4"}
{"type":"log","timestamp":1744210236038,"level":"debug","message":"Executing recipe chrome-pdf","meta":{"rootId":"lpv97inxdb4n309","id":"lpv97inxdb4n309"},"id":"1crqoiugjzi6n5q","previousOperationId":"kfi3skzp3a4xwsi"}
{"type":"log","timestamp":1744210236040,"level":"debug","message":"Converting with chrome Chrome/133.0.6943.126 using chrome-pool strategy","meta":{"rootId":"lpv97inxdb4n309","id":"lpv97inxdb4n309"},"id":"m2yqp8fl48eibnb","previousOperationId":"kfi3skzp3a4xwsi"}
{"type":"log","timestamp":1744210236101,"level":"debug","message":"Page request: GET (document) file:///C:/Users/Patheo24/AppData/Local/Temp/jsreport/autocleanup/802a9062-f111-4d24-b703-de5cb2ee4070-chrome-pdf.html","meta":{"rootId":"lpv97inxdb4n309","id":"lpv97inxdb4n309"},"id":"ynic6wq1rjbbeco","previousOperationId":"kfi3skzp3a4xwsi"}
{"type":"log","timestamp":1744210236126,"level":"debug","message":"Page request finished: GET (document) 200 file:///C:/Users/Patheo24/AppData/Local/Temp/jsreport/autocleanup/802a9062-f111-4d24-b703-de5cb2ee4070-chrome-pdf.html","meta":{"rootId":"lpv97inxdb4n309","id":"lpv97inxdb4n309"},"id":"wibws1ar2il4pu4","previousOperationId":"kfi3skzp3a4xwsi"}
{"type":"log","timestamp":1744210236131,"level":"debug","message":"Page request: GET (image) https://res.cloudinary.com/dpes1dyqb/image/upload/v1738768933/logo_myycxt.jpg","meta":{"rootId":"lpv97inxdb4n309","id":"lpv97inxdb4n309"},"id":"d7i2a1n0kz06yr7","previousOperationId":"kfi3skzp3a4xwsi"}
{"type":"log","timestamp":1744210236132,"level":"debug","message":"(console:info) Slow network is detected. See https://www.chromestatus.com/feature/5636954674692096 for more details. Fallback font will be used while loading: http://localhost:5488/fonts/kalpurush.ttf","meta":{"userLevel":true,"rootId":"lpv97inxdb4n309","id":"lpv97inxdb4n309"},"id":"hjhsww5gfzfg0zb","previousOperationId":"kfi3skzp3a4xwsi"}
{"type":"log","timestamp":1744210236132,"level":"debug","message":"Page request: GET (font) http://localhost:5488/fonts/kalpurush.ttf","meta":{"rootId":"lpv97inxdb4n309","id":"lpv97inxdb4n309"},"id":"5pg0ax6ugkmd97g","previousOperationId":"kfi3skzp3a4xwsi"}
{"type":"log","timestamp":1744210236193,"level":"debug","message":"Page request: GET (font) http://localhost:5488/fonts/kalpurush.ttf","meta":{"rootId":"lpv97inxdb4n309","id":"lpv97inxdb4n309"},"id":"1zdwu5lyove1qht","previousOperationId":"kfi3skzp3a4xwsi"}
{"type":"log","timestamp":1744210236193,"level":"debug","message":"Page request finished: GET (image) 200 https://res.cloudinary.com/dpes1dyqb/image/upload/v1738768933/logo_myycxt.jpg","meta":{"rootId":"lpv97inxdb4n309","id":"lpv97inxdb4n309"},"id":"96ruki4963ogq5u","previousOperationId":"kfi3skzp3a4xwsi"}
{"type":"log","timestamp":1744210236198,"level":"debug","message":"(console:error) Failed to load resource: the server responded with a status of 404 (Not Found)","meta":{"userLevel":true,"rootId":"lpv97inxdb4n309","id":"lpv97inxdb4n309"},"id":"o19borm5ckrh5pm","previousOperationId":"kfi3skzp3a4xwsi"}
{"type":"log","timestamp":1744210236198,"level":"warn","message":"Page request failed: GET (font) http://localhost:5488/fonts/kalpurush.ttf, failure: net::ERR_ABORTED","meta":{"rootId":"lpv97inxdb4n309","id":"lpv97inxdb4n309"},"id":"c1wpkt3ifhikphz","previousOperationId":"kfi3skzp3a4xwsi"}
{"type":"log","timestamp":1744210236208,"level":"debug","message":"Running chrome with params {\"printBackground\":true,\"format\":\"A5\",\"marginRight\":\"\",\"height\":\"\",\"marginTop\":\"\",\"marginBottom\":\"\",\"marginLeft\":\"\",\"displayHeaderFooter\":true,\"width\":\"\",\"timeout\":59975,\"margin\":{\"top\":\"\",\"right\":\"\",\"bottom\":\"\",\"left\":\"\"}}","meta":{"rootId":"lpv97inxdb4n309","id":"lpv97inxdb4n309"},"id":"j752zcs8pwi1wt1","previousOperationId":"kfi3skzp3a4xwsi"}
{"type":"operationEnd","operationId":"kfi3skzp3a4xwsi","timestamp":1744210236531,"id":"o4k995ib8oemawk","previousEventId":"coxw52vn8r446d5","previousOperationId":"kfi3skzp3a4xwsi"}
{"type":"log","timestamp":1744210236531,"level":"debug","message":"Skipping storing report.","meta":{"rootId":"lpv97inxdb4n309","id":"lpv97inxdb4n309"},"id":"nrra7ni6nr9fs4z","previousOperationId":"kfi3skzp3a4xwsi"}
{"type":"log","timestamp":1744210236531,"level":"info","message":"Rendering request 128 finished in 517 ms","meta":{"rootId":"lpv97inxdb4n309","id":"lpv97inxdb4n309"},"id":"oo75dd2w52zqm3f","previousOperationId":"kfi3skzp3a4xwsi"}
{"type":"operationEnd","subtype":"render","operationId":"5se81jrjfhr2hsw","timestamp":1744210236531,"id":"vbth0hdglmyhttl","previousEventId":"o4k995ib8oemawk","previousOperationId":"kfi3skzp3a4xwsi"}
{"type":"operationEnd","doDiffs":false,"previousEventId":"lr4izhd7g3fckku","previousOperationId":"a9ya3ctqow3s7v4","operationId":"a9ya3ctqow3s7v4","timestamp":1744210236535,"id":"tewuc8o1tyligds"}
