{"type":"operationStart","subtype":"profile","data":{"_id":"f9fxnyxEmRGYIgbz","timestamp":"2025-04-09T06:39:29.510Z","state":"queued","mode":"standard","creationDate":"2025-04-09T06:39:29.512Z","modificationDate":"2025-04-09T06:39:29.512Z","shortid":"LlYIgz0","$entitySet":"profiles"},"doDiffs":false,"timestamp":1744180769511,"id":"66porof5itklupu","previousOperationId":null,"operationId":"hl0no9cphs7cc1h"}
{"type":"log","level":"info","message":"Render request 17 queued for execution and waiting for available worker","previousOperationId":"hl0no9cphs7cc1h","timestamp":1744180769511,"id":"bn6fhiotaehp407"}
{"type":"operationStart","subtype":"render","name":"myTemplate","previousOperationId":"hl0no9cphs7cc1h","timestamp":1744180769536,"id":"07oqzxhj2r7vnhw","previousEventId":"66porof5itklupu","operationId":"b55sxzz0iz1cgvk"}
{"type":"log","timestamp":1744180769537,"level":"info","message":"Starting rendering request 17","meta":{"rootId":"lz0lwhjzgg2xh6o","id":"lz0lwhjzgg2xh6o"},"id":"z8ex5fee82nzx3k","previousOperationId":"b55sxzz0iz1cgvk"}
{"type":"log","timestamp":1744180769537,"level":"info","message":"Rendering template { name: myTemplate, recipe: chrome-pdf, engine: handlebars, preview: true }","meta":{"rootId":"lz0lwhjzgg2xh6o","id":"lz0lwhjzgg2xh6o"},"id":"eu8llmoayspg1ey","previousOperationId":"b55sxzz0iz1cgvk"}
{"type":"log","timestamp":1744180769538,"level":"debug","message":"Inline data specified.","meta":{"rootId":"lz0lwhjzgg2xh6o","id":"lz0lwhjzgg2xh6o"},"id":"rivb3y6hwz4rvvk","previousOperationId":"b55sxzz0iz1cgvk"}
{"type":"log","timestamp":1744180769539,"level":"debug","message":"Base url not specified, skipping its injection.","meta":{"rootId":"lz0lwhjzgg2xh6o","id":"lz0lwhjzgg2xh6o"},"id":"pexf7moe6g7rcxi","previousOperationId":"b55sxzz0iz1cgvk"}
{"type":"operationStart","subtype":"engine","name":"handlebars","timestamp":1744180769540,"id":"d2kd0qncn4xvfum","previousEventId":"07oqzxhj2r7vnhw","operationId":"yzsq11lrbtqysuo","previousOperationId":"b55sxzz0iz1cgvk"}
{"type":"log","timestamp":1744180769540,"level":"debug","message":"Rendering engine handlebars","meta":{"rootId":"lz0lwhjzgg2xh6o","id":"lz0lwhjzgg2xh6o"},"id":"abdteegpljlp3xh","previousOperationId":"yzsq11lrbtqysuo"}
{"type":"operationEnd","operationId":"yzsq11lrbtqysuo","timestamp":1744180769559,"id":"pchxa9wjy36fpbw","previousEventId":"d2kd0qncn4xvfum","previousOperationId":"yzsq11lrbtqysuo"}
{"type":"operationStart","subtype":"recipe","name":"chrome-pdf","timestamp":1744180769559,"id":"1y3ddnlaaa644ec","previousEventId":"pchxa9wjy36fpbw","operationId":"cugr1fliontdgim","previousOperationId":"yzsq11lrbtqysuo"}
{"type":"log","timestamp":1744180769560,"level":"debug","message":"Executing recipe chrome-pdf","meta":{"rootId":"lz0lwhjzgg2xh6o","id":"lz0lwhjzgg2xh6o"},"id":"r2y3zz65zrtdrgo","previousOperationId":"cugr1fliontdgim"}
{"type":"log","timestamp":1744180769563,"level":"debug","message":"Converting with chrome Chrome/133.0.6943.126 using chrome-pool strategy","meta":{"rootId":"lz0lwhjzgg2xh6o","id":"lz0lwhjzgg2xh6o"},"id":"pcg1ge29c44313p","previousOperationId":"cugr1fliontdgim"}
{"type":"log","timestamp":1744180769629,"level":"debug","message":"Page request: GET (document) file:///C:/Users/Patheo24/AppData/Local/Temp/jsreport/autocleanup/678120d3-9cad-4bb8-92e6-8be044e4edbb-chrome-pdf.html","meta":{"rootId":"lz0lwhjzgg2xh6o","id":"lz0lwhjzgg2xh6o"},"id":"knnt0ym5gstezny","previousOperationId":"cugr1fliontdgim"}
{"type":"log","timestamp":1744180769655,"level":"debug","message":"Page request finished: GET (document) 200 file:///C:/Users/Patheo24/AppData/Local/Temp/jsreport/autocleanup/678120d3-9cad-4bb8-92e6-8be044e4edbb-chrome-pdf.html","meta":{"rootId":"lz0lwhjzgg2xh6o","id":"lz0lwhjzgg2xh6o"},"id":"20exzsw1rdlogdl","previousOperationId":"cugr1fliontdgim"}
{"type":"log","timestamp":1744180769656,"level":"debug","message":"Page request: GET (font) http://localhost:5488/fonts/kalpurush.ttf","meta":{"rootId":"lz0lwhjzgg2xh6o","id":"lz0lwhjzgg2xh6o"},"id":"rm7pfyq7g9bott1","previousOperationId":"cugr1fliontdgim"}
{"type":"log","timestamp":1744180769657,"level":"debug","message":"Page request: GET (image) https://res.cloudinary.com/dpes1dyqb/image/upload/v1738768933/logo_myycxt.jpg","meta":{"rootId":"lz0lwhjzgg2xh6o","id":"lz0lwhjzgg2xh6o"},"id":"qurph7fnjxishn8","previousOperationId":"cugr1fliontdgim"}
{"type":"log","timestamp":1744180769716,"level":"debug","message":"Page request: GET (font) http://localhost:5488/fonts/kalpurush.ttf","meta":{"rootId":"lz0lwhjzgg2xh6o","id":"lz0lwhjzgg2xh6o"},"id":"y99vn0kqbxvpgbu","previousOperationId":"cugr1fliontdgim"}
{"type":"log","timestamp":1744180769720,"level":"debug","message":"Page request finished: GET (image) 200 https://res.cloudinary.com/dpes1dyqb/image/upload/v1738768933/logo_myycxt.jpg","meta":{"rootId":"lz0lwhjzgg2xh6o","id":"lz0lwhjzgg2xh6o"},"id":"ftursynqt3tfwnl","previousOperationId":"cugr1fliontdgim"}
{"type":"log","timestamp":1744180769735,"level":"debug","message":"(console:error) Failed to load resource: the server responded with a status of 404 (Not Found)","meta":{"userLevel":true,"rootId":"lz0lwhjzgg2xh6o","id":"lz0lwhjzgg2xh6o"},"id":"rjlsf2erk7qnz33","previousOperationId":"cugr1fliontdgim"}
{"type":"log","timestamp":1744180769735,"level":"warn","message":"Page request failed: GET (font) http://localhost:5488/fonts/kalpurush.ttf, failure: net::ERR_ABORTED","meta":{"rootId":"lz0lwhjzgg2xh6o","id":"lz0lwhjzgg2xh6o"},"id":"as10t66xgltw30l","previousOperationId":"cugr1fliontdgim"}
{"type":"log","timestamp":1744180769743,"level":"debug","message":"Running chrome with params {\"printBackground\":true,\"timeout\":59949,\"margin\":{}}","meta":{"rootId":"lz0lwhjzgg2xh6o","id":"lz0lwhjzgg2xh6o"},"id":"ykbv0cpio72lyx9","previousOperationId":"cugr1fliontdgim"}
{"type":"operationEnd","operationId":"cugr1fliontdgim","timestamp":1744180770062,"id":"povmiqp6hyagr2k","previousEventId":"1y3ddnlaaa644ec","previousOperationId":"cugr1fliontdgim"}
{"type":"log","timestamp":1744180770062,"level":"debug","message":"Skipping storing report.","meta":{"rootId":"lz0lwhjzgg2xh6o","id":"lz0lwhjzgg2xh6o"},"id":"ev47w9c2dj4i5ij","previousOperationId":"cugr1fliontdgim"}
{"type":"log","timestamp":1744180770062,"level":"info","message":"Rendering request 17 finished in 552 ms","meta":{"rootId":"lz0lwhjzgg2xh6o","id":"lz0lwhjzgg2xh6o"},"id":"bcrhfhij9aetzpn","previousOperationId":"cugr1fliontdgim"}
{"type":"operationEnd","subtype":"render","operationId":"b55sxzz0iz1cgvk","timestamp":1744180770062,"id":"wx0tvbim7pnygd7","previousEventId":"povmiqp6hyagr2k","previousOperationId":"cugr1fliontdgim"}
{"type":"operationEnd","doDiffs":false,"previousEventId":"66porof5itklupu","previousOperationId":"hl0no9cphs7cc1h","operationId":"hl0no9cphs7cc1h","timestamp":1744180770067,"id":"vg28u81y2rze7bb"}
