{"type":"operationStart","subtype":"profile","data":{"_id":"5ltXXvwrZ88NKQuY","timestamp":"2025-04-09T14:33:49.342Z","state":"queued","mode":"standard","creationDate":"2025-04-09T14:33:49.344Z","modificationDate":"2025-04-09T14:33:49.344Z","shortid":"-mrEde0","$entitySet":"profiles"},"doDiffs":false,"timestamp":1744209229343,"id":"xlrzxn78y3f7wga","previousOperationId":null,"operationId":"1m6hgw2169mlj1z"}
{"type":"log","level":"info","message":"Render request 107 queued for execution and waiting for available worker","previousOperationId":"1m6hgw2169mlj1z","timestamp":1744209229343,"id":"pxog9uq5cvmkrj2"}
{"type":"operationStart","subtype":"render","name":"myTemplate","previousOperationId":"1m6hgw2169mlj1z","timestamp":1744209229356,"id":"9f0j1dz0qd86x0r","previousEventId":"xlrzxn78y3f7wga","operationId":"dp6qa1t5rcpfxo5"}
{"type":"log","timestamp":1744209229356,"level":"info","message":"Starting rendering request 107","meta":{"rootId":"m5h7z40afucd98k","id":"m5h7z40afucd98k"},"id":"6hfr72f45zvws8y","previousOperationId":"dp6qa1t5rcpfxo5"}
{"type":"log","timestamp":1744209229356,"level":"info","message":"Rendering template { name: myTemplate, recipe: chrome-pdf, engine: handlebars, preview: true }","meta":{"rootId":"m5h7z40afucd98k","id":"m5h7z40afucd98k"},"id":"fybq6ip6ui43x10","previousOperationId":"dp6qa1t5rcpfxo5"}
{"type":"log","timestamp":1744209229356,"level":"debug","message":"Inline data specified.","meta":{"rootId":"m5h7z40afucd98k","id":"m5h7z40afucd98k"},"id":"g0cl18hie5cukiz","previousOperationId":"dp6qa1t5rcpfxo5"}
{"type":"log","timestamp":1744209229357,"level":"debug","message":"Base url not specified, skipping its injection.","meta":{"rootId":"m5h7z40afucd98k","id":"m5h7z40afucd98k"},"id":"hqwq9avnaax79us","previousOperationId":"dp6qa1t5rcpfxo5"}
{"type":"operationStart","subtype":"engine","name":"handlebars","timestamp":1744209229358,"id":"f1w02hckz7qeq1m","previousEventId":"9f0j1dz0qd86x0r","operationId":"effu0s88a7ij7gq","previousOperationId":"dp6qa1t5rcpfxo5"}
{"type":"log","timestamp":1744209229358,"level":"debug","message":"Rendering engine handlebars","meta":{"rootId":"m5h7z40afucd98k","id":"m5h7z40afucd98k"},"id":"nao2gtsztdr5951","previousOperationId":"effu0s88a7ij7gq"}
{"type":"operationEnd","operationId":"effu0s88a7ij7gq","timestamp":1744209229376,"id":"8j0iiam85fpqfoc","previousEventId":"f1w02hckz7qeq1m","previousOperationId":"effu0s88a7ij7gq"}
{"type":"operationStart","subtype":"recipe","name":"chrome-pdf","timestamp":1744209229376,"id":"pnfrey2rulvmmcz","previousEventId":"8j0iiam85fpqfoc","operationId":"nkw3suptaz3a2lz","previousOperationId":"effu0s88a7ij7gq"}
{"type":"log","timestamp":1744209229376,"level":"debug","message":"Executing recipe chrome-pdf","meta":{"rootId":"m5h7z40afucd98k","id":"m5h7z40afucd98k"},"id":"od5hatxjrfy1p11","previousOperationId":"nkw3suptaz3a2lz"}
{"type":"log","timestamp":1744209229378,"level":"debug","message":"Converting with chrome Chrome/133.0.6943.126 using chrome-pool strategy","meta":{"rootId":"m5h7z40afucd98k","id":"m5h7z40afucd98k"},"id":"9yezmesb54tw0t2","previousOperationId":"nkw3suptaz3a2lz"}
{"type":"log","timestamp":1744209229453,"level":"debug","message":"Page request: GET (document) file:///C:/Users/Patheo24/AppData/Local/Temp/jsreport/autocleanup/7df6ceae-fe81-456b-9101-745bec59735f-chrome-pdf.html","meta":{"rootId":"m5h7z40afucd98k","id":"m5h7z40afucd98k"},"id":"wgpapvmpsi4hz3u","previousOperationId":"nkw3suptaz3a2lz"}
{"type":"log","timestamp":1744209229478,"level":"debug","message":"Page request finished: GET (document) 200 file:///C:/Users/Patheo24/AppData/Local/Temp/jsreport/autocleanup/7df6ceae-fe81-456b-9101-745bec59735f-chrome-pdf.html","meta":{"rootId":"m5h7z40afucd98k","id":"m5h7z40afucd98k"},"id":"tehrkeq7gxmtn6c","previousOperationId":"nkw3suptaz3a2lz"}
{"type":"log","timestamp":1744209229479,"level":"debug","message":"Page request: GET (image) https://res.cloudinary.com/dpes1dyqb/image/upload/v1738768933/logo_myycxt.jpg","meta":{"rootId":"m5h7z40afucd98k","id":"m5h7z40afucd98k"},"id":"m4mjqrsjnrulyw9","previousOperationId":"nkw3suptaz3a2lz"}
{"type":"log","timestamp":1744209229481,"level":"debug","message":"Page request: GET (font) http://localhost:5488/fonts/kalpurush.ttf","meta":{"rootId":"m5h7z40afucd98k","id":"m5h7z40afucd98k"},"id":"wequf887sby2lc8","previousOperationId":"nkw3suptaz3a2lz"}
{"type":"log","timestamp":1744209229532,"level":"debug","message":"Page request: GET (font) http://localhost:5488/fonts/kalpurush.ttf","meta":{"rootId":"m5h7z40afucd98k","id":"m5h7z40afucd98k"},"id":"sia2ecyo5zow808","previousOperationId":"nkw3suptaz3a2lz"}
{"type":"log","timestamp":1744209229534,"level":"debug","message":"Page request finished: GET (image) 200 https://res.cloudinary.com/dpes1dyqb/image/upload/v1738768933/logo_myycxt.jpg","meta":{"rootId":"m5h7z40afucd98k","id":"m5h7z40afucd98k"},"id":"nwx7ddm8cpd4gcm","previousOperationId":"nkw3suptaz3a2lz"}
{"type":"log","timestamp":1744209229545,"level":"debug","message":"(console:error) Failed to load resource: the server responded with a status of 404 (Not Found)","meta":{"userLevel":true,"rootId":"m5h7z40afucd98k","id":"m5h7z40afucd98k"},"id":"sg3x3yaactxnyjr","previousOperationId":"nkw3suptaz3a2lz"}
{"type":"log","timestamp":1744209229545,"level":"warn","message":"Page request failed: GET (font) http://localhost:5488/fonts/kalpurush.ttf, failure: net::ERR_ABORTED","meta":{"rootId":"m5h7z40afucd98k","id":"m5h7z40afucd98k"},"id":"7dyafek27la9f9x","previousOperationId":"nkw3suptaz3a2lz"}
{"type":"log","timestamp":1744209229558,"level":"debug","message":"Running chrome with params {\"printBackground\":true,\"format\":\"A5\",\"marginRight\":\"\",\"height\":\"\",\"marginTop\":\"\",\"marginBottom\":\"\",\"marginLeft\":\"\",\"displayHeaderFooter\":true,\"width\":\"\",\"timeout\":59965,\"margin\":{\"top\":\"\",\"right\":\"\",\"bottom\":\"\",\"left\":\"\"}}","meta":{"rootId":"m5h7z40afucd98k","id":"m5h7z40afucd98k"},"id":"nxw2b5ywqb9j9u7","previousOperationId":"nkw3suptaz3a2lz"}
{"type":"operationEnd","operationId":"nkw3suptaz3a2lz","timestamp":1744209229907,"id":"p57n1hlm0g9s65m","previousEventId":"pnfrey2rulvmmcz","previousOperationId":"nkw3suptaz3a2lz"}
{"type":"log","timestamp":1744209229907,"level":"debug","message":"Skipping storing report.","meta":{"rootId":"m5h7z40afucd98k","id":"m5h7z40afucd98k"},"id":"plwziv6tffz3zsp","previousOperationId":"nkw3suptaz3a2lz"}
{"type":"log","timestamp":1744209229907,"level":"info","message":"Rendering request 107 finished in 565 ms","meta":{"rootId":"m5h7z40afucd98k","id":"m5h7z40afucd98k"},"id":"pjy60mphhosgo6t","previousOperationId":"nkw3suptaz3a2lz"}
{"type":"operationEnd","subtype":"render","operationId":"dp6qa1t5rcpfxo5","timestamp":1744209229907,"id":"t3wqir7jhny1kec","previousEventId":"p57n1hlm0g9s65m","previousOperationId":"nkw3suptaz3a2lz"}
{"type":"operationEnd","doDiffs":false,"previousEventId":"xlrzxn78y3f7wga","previousOperationId":"1m6hgw2169mlj1z","operationId":"1m6hgw2169mlj1z","timestamp":1744209229910,"id":"lo3v051d0kgmg6w"}
