{"type":"operationStart","subtype":"profile","data":{"_id":"bGz2qZok6SP2ooBV","timestamp":"2025-04-09T14:03:51.059Z","state":"queued","mode":"standard","creationDate":"2025-04-09T14:03:51.061Z","modificationDate":"2025-04-09T14:03:51.061Z","shortid":"6hIw8f5","$entitySet":"profiles"},"doDiffs":false,"timestamp":1744207431060,"id":"5eb4w75e6msf2o1","previousOperationId":null,"operationId":"126d6r7v222abua"}
{"type":"log","level":"info","message":"Render request 61 queued for execution and waiting for available worker","previousOperationId":"126d6r7v222abua","timestamp":1744207431060,"id":"8m2c3euxxsaemly"}
{"type":"operationStart","subtype":"render","name":"myTemplate","previousOperationId":"126d6r7v222abua","timestamp":1744207431097,"id":"pbpsbb47c3jo9u5","previousEventId":"5eb4w75e6msf2o1","operationId":"20tinllafq66dql"}
{"type":"log","timestamp":1744207431098,"level":"info","message":"Starting rendering request 61","meta":{"rootId":"m8uov0nboby4tt8","id":"m8uov0nboby4tt8"},"id":"c6li6f2wsxlbrnp","previousOperationId":"20tinllafq66dql"}
{"type":"log","timestamp":1744207431098,"level":"info","message":"Rendering template { name: myTemplate, recipe: chrome-pdf, engine: handlebars, preview: true }","meta":{"rootId":"m8uov0nboby4tt8","id":"m8uov0nboby4tt8"},"id":"n30xt1bhyu82080","previousOperationId":"20tinllafq66dql"}
{"type":"log","timestamp":1744207431100,"level":"debug","message":"Adding sample data HUavgV0Kc","meta":{"rootId":"m8uov0nboby4tt8","id":"m8uov0nboby4tt8"},"id":"o4v847dmhlfm6ed","previousOperationId":"20tinllafq66dql"}
{"type":"log","timestamp":1744207431102,"level":"debug","message":"Base url not specified, skipping its injection.","meta":{"rootId":"m8uov0nboby4tt8","id":"m8uov0nboby4tt8"},"id":"ga1gzcbn3utueu6","previousOperationId":"20tinllafq66dql"}
{"type":"operationStart","subtype":"engine","name":"handlebars","timestamp":1744207431102,"id":"ejus48ze7eorjcs","previousEventId":"pbpsbb47c3jo9u5","operationId":"ff6qbomh8lv2jh6","previousOperationId":"20tinllafq66dql"}
{"type":"log","timestamp":1744207431102,"level":"debug","message":"Rendering engine handlebars","meta":{"rootId":"m8uov0nboby4tt8","id":"m8uov0nboby4tt8"},"id":"jljw5q0vxk9zyg1","previousOperationId":"ff6qbomh8lv2jh6"}
{"type":"operationEnd","operationId":"ff6qbomh8lv2jh6","timestamp":1744207431124,"id":"j8hkrtj1ocvb8ys","previousEventId":"ejus48ze7eorjcs","previousOperationId":"ff6qbomh8lv2jh6"}
{"type":"operationStart","subtype":"recipe","name":"chrome-pdf","timestamp":1744207431124,"id":"9ueiqquj5p1tya3","previousEventId":"j8hkrtj1ocvb8ys","operationId":"itufn855iytl4xd","previousOperationId":"ff6qbomh8lv2jh6"}
{"type":"log","timestamp":1744207431124,"level":"debug","message":"Executing recipe chrome-pdf","meta":{"rootId":"m8uov0nboby4tt8","id":"m8uov0nboby4tt8"},"id":"6twymhs34bm0rm8","previousOperationId":"itufn855iytl4xd"}
{"type":"log","timestamp":1744207431130,"level":"debug","message":"Converting with chrome Chrome/133.0.6943.126 using chrome-pool strategy","meta":{"rootId":"m8uov0nboby4tt8","id":"m8uov0nboby4tt8"},"id":"l84x2zhbrxaohhz","previousOperationId":"itufn855iytl4xd"}
{"type":"log","timestamp":1744207431201,"level":"debug","message":"Page request: GET (document) file:///C:/Users/Patheo24/AppData/Local/Temp/jsreport/autocleanup/585a9090-0557-4923-9275-58c4ebadd012-chrome-pdf.html","meta":{"rootId":"m8uov0nboby4tt8","id":"m8uov0nboby4tt8"},"id":"ig1f6ha7yksdjlx","previousOperationId":"itufn855iytl4xd"}
{"type":"log","timestamp":1744207431226,"level":"debug","message":"Page request finished: GET (document) 200 file:///C:/Users/Patheo24/AppData/Local/Temp/jsreport/autocleanup/585a9090-0557-4923-9275-58c4ebadd012-chrome-pdf.html","meta":{"rootId":"m8uov0nboby4tt8","id":"m8uov0nboby4tt8"},"id":"chnzk2vwzy54uiq","previousOperationId":"itufn855iytl4xd"}
{"type":"log","timestamp":1744207431227,"level":"debug","message":"(console:info) Slow network is detected. See https://www.chromestatus.com/feature/5636954674692096 for more details. Fallback font will be used while loading: http://localhost:5488/fonts/kalpurush.ttf","meta":{"userLevel":true,"rootId":"m8uov0nboby4tt8","id":"m8uov0nboby4tt8"},"id":"v4ftdgvz411xrdr","previousOperationId":"itufn855iytl4xd"}
{"type":"log","timestamp":1744207431228,"level":"debug","message":"Page request: GET (font) http://localhost:5488/fonts/kalpurush.ttf","meta":{"rootId":"m8uov0nboby4tt8","id":"m8uov0nboby4tt8"},"id":"e02covz5lop9p84","previousOperationId":"itufn855iytl4xd"}
{"type":"log","timestamp":1744207431229,"level":"debug","message":"Page request: GET (image) https://res.cloudinary.com/dpes1dyqb/image/upload/v1738768933/logo_myycxt.jpg","meta":{"rootId":"m8uov0nboby4tt8","id":"m8uov0nboby4tt8"},"id":"p7e3jgim4a7wat2","previousOperationId":"itufn855iytl4xd"}
{"type":"log","timestamp":1744207431290,"level":"debug","message":"Page request: GET (font) http://localhost:5488/fonts/kalpurush.ttf","meta":{"rootId":"m8uov0nboby4tt8","id":"m8uov0nboby4tt8"},"id":"1klhast5jgoh0yd","previousOperationId":"itufn855iytl4xd"}
{"type":"log","timestamp":1744207431291,"level":"debug","message":"Page request finished: GET (image) 200 https://res.cloudinary.com/dpes1dyqb/image/upload/v1738768933/logo_myycxt.jpg","meta":{"rootId":"m8uov0nboby4tt8","id":"m8uov0nboby4tt8"},"id":"sq7r17ve8j3xljh","previousOperationId":"itufn855iytl4xd"}
{"type":"log","timestamp":1744207431298,"level":"debug","message":"(console:error) Failed to load resource: the server responded with a status of 404 (Not Found)","meta":{"userLevel":true,"rootId":"m8uov0nboby4tt8","id":"m8uov0nboby4tt8"},"id":"naj7ne2755cam2n","previousOperationId":"itufn855iytl4xd"}
{"type":"log","timestamp":1744207431298,"level":"warn","message":"Page request failed: GET (font) http://localhost:5488/fonts/kalpurush.ttf, failure: net::ERR_ABORTED","meta":{"rootId":"m8uov0nboby4tt8","id":"m8uov0nboby4tt8"},"id":"131vb0plpg4s0ga","previousOperationId":"itufn855iytl4xd"}
{"type":"log","timestamp":1744207431309,"level":"debug","message":"Running chrome with params {\"printBackground\":true,\"format\":\"A5\",\"marginRight\":\"\",\"timeout\":59930,\"margin\":{\"right\":\"\"}}","meta":{"rootId":"m8uov0nboby4tt8","id":"m8uov0nboby4tt8"},"id":"uc0ndcssrc5k3al","previousOperationId":"itufn855iytl4xd"}
{"type":"operationEnd","operationId":"itufn855iytl4xd","timestamp":1744207431615,"id":"fasjhom2ubluntx","previousEventId":"9ueiqquj5p1tya3","previousOperationId":"itufn855iytl4xd"}
{"type":"log","timestamp":1744207431616,"level":"debug","message":"Skipping storing report.","meta":{"rootId":"m8uov0nboby4tt8","id":"m8uov0nboby4tt8"},"id":"6irxpc0iruqmlx1","previousOperationId":"itufn855iytl4xd"}
{"type":"log","timestamp":1744207431616,"level":"info","message":"Rendering request 61 finished in 557 ms","meta":{"rootId":"m8uov0nboby4tt8","id":"m8uov0nboby4tt8"},"id":"z8rmfalgk7mjdsz","previousOperationId":"itufn855iytl4xd"}
{"type":"operationEnd","subtype":"render","operationId":"20tinllafq66dql","timestamp":1744207431616,"id":"c9ibrm0oca7frqp","previousEventId":"fasjhom2ubluntx","previousOperationId":"itufn855iytl4xd"}
{"type":"operationEnd","doDiffs":false,"previousEventId":"5eb4w75e6msf2o1","previousOperationId":"126d6r7v222abua","operationId":"126d6r7v222abua","timestamp":1744207431619,"id":"fjzsjxopxkq6b0e"}
