{"type":"operationStart","subtype":"profile","data":{"_id":"8VCeaSXCv9Qxj3WD","timestamp":"2025-04-09T14:30:04.837Z","state":"queued","mode":"standard","creationDate":"2025-04-09T14:30:04.838Z","modificationDate":"2025-04-09T14:30:04.838Z","shortid":"In4bsAK","$entitySet":"profiles"},"doDiffs":false,"timestamp":1744209004838,"id":"aitn2kzcq8v1ldl","previousOperationId":null,"operationId":"m8q6ptl9o82lmg1"}
{"type":"log","level":"info","message":"Render request 101 queued for execution and waiting for available worker","previousOperationId":"m8q6ptl9o82lmg1","timestamp":1744209004838,"id":"24qt05jri3vm3xj"}
{"type":"operationStart","subtype":"render","name":"myTemplate","previousOperationId":"m8q6ptl9o82lmg1","timestamp":1744209004848,"id":"ws4726or7x6iy8t","previousEventId":"aitn2kzcq8v1ldl","operationId":"vn2qcpbrxpxdwmj"}
{"type":"log","timestamp":1744209004848,"level":"info","message":"Starting rendering request 101","meta":{"rootId":"mcarw85cnllcl3c","id":"mcarw85cnllcl3c"},"id":"nt6r0jjfegb5ao3","previousOperationId":"vn2qcpbrxpxdwmj"}
{"type":"log","timestamp":1744209004849,"level":"info","message":"Rendering template { name: myTemplate, recipe: chrome-pdf, engine: handlebars, preview: true }","meta":{"rootId":"mcarw85cnllcl3c","id":"mcarw85cnllcl3c"},"id":"ldf155pm4mh4n85","previousOperationId":"vn2qcpbrxpxdwmj"}
{"type":"log","timestamp":1744209004849,"level":"debug","message":"Inline data specified.","meta":{"rootId":"mcarw85cnllcl3c","id":"mcarw85cnllcl3c"},"id":"xpzyak36ivfhfwm","previousOperationId":"vn2qcpbrxpxdwmj"}
{"type":"log","timestamp":1744209004851,"level":"debug","message":"Base url not specified, skipping its injection.","meta":{"rootId":"mcarw85cnllcl3c","id":"mcarw85cnllcl3c"},"id":"96ffxh26xo5ua93","previousOperationId":"vn2qcpbrxpxdwmj"}
{"type":"operationStart","subtype":"engine","name":"handlebars","timestamp":1744209004851,"id":"etmipf329fro8ad","previousEventId":"ws4726or7x6iy8t","operationId":"w2xud7h4qtfhxud","previousOperationId":"vn2qcpbrxpxdwmj"}
{"type":"log","timestamp":1744209004851,"level":"debug","message":"Rendering engine handlebars","meta":{"rootId":"mcarw85cnllcl3c","id":"mcarw85cnllcl3c"},"id":"2yocsqmh0bcf4sz","previousOperationId":"w2xud7h4qtfhxud"}
{"type":"operationEnd","operationId":"w2xud7h4qtfhxud","timestamp":1744209004886,"id":"u42gxiyurv8s201","previousEventId":"etmipf329fro8ad","previousOperationId":"w2xud7h4qtfhxud"}
{"type":"operationStart","subtype":"recipe","name":"chrome-pdf","timestamp":1744209004887,"id":"r0ny362hlqm1412","previousEventId":"u42gxiyurv8s201","operationId":"c80n4t8g4niy8t0","previousOperationId":"w2xud7h4qtfhxud"}
{"type":"log","timestamp":1744209004887,"level":"debug","message":"Executing recipe chrome-pdf","meta":{"rootId":"mcarw85cnllcl3c","id":"mcarw85cnllcl3c"},"id":"4391rwxxwi7ioex","previousOperationId":"c80n4t8g4niy8t0"}
{"type":"log","timestamp":1744209004890,"level":"debug","message":"Converting with chrome Chrome/133.0.6943.126 using chrome-pool strategy","meta":{"rootId":"mcarw85cnllcl3c","id":"mcarw85cnllcl3c"},"id":"02qqejf8x50gzon","previousOperationId":"c80n4t8g4niy8t0"}
{"type":"log","timestamp":1744209004967,"level":"debug","message":"Page request: GET (document) file:///C:/Users/Patheo24/AppData/Local/Temp/jsreport/autocleanup/5e451a3c-355b-4c9f-8a01-dcb8bab228d6-chrome-pdf.html","meta":{"rootId":"mcarw85cnllcl3c","id":"mcarw85cnllcl3c"},"id":"lpqh2uotvgv2jit","previousOperationId":"c80n4t8g4niy8t0"}
{"type":"log","timestamp":1744209004988,"level":"debug","message":"Page request finished: GET (document) 200 file:///C:/Users/Patheo24/AppData/Local/Temp/jsreport/autocleanup/5e451a3c-355b-4c9f-8a01-dcb8bab228d6-chrome-pdf.html","meta":{"rootId":"mcarw85cnllcl3c","id":"mcarw85cnllcl3c"},"id":"rvdj638p5p74wih","previousOperationId":"c80n4t8g4niy8t0"}
{"type":"log","timestamp":1744209004996,"level":"debug","message":"Page request: GET (image) https://res.cloudinary.com/dpes1dyqb/image/upload/v1738768933/logo_myycxt.jpg","meta":{"rootId":"mcarw85cnllcl3c","id":"mcarw85cnllcl3c"},"id":"uyutusend82zfd0","previousOperationId":"c80n4t8g4niy8t0"}
{"type":"log","timestamp":1744209004996,"level":"debug","message":"Page request: GET (font) http://localhost:5488/fonts/kalpurush.ttf","meta":{"rootId":"mcarw85cnllcl3c","id":"mcarw85cnllcl3c"},"id":"6vafa5fuhldtme5","previousOperationId":"c80n4t8g4niy8t0"}
{"type":"log","timestamp":1744209005001,"level":"debug","message":"Page request: GET (font) http://localhost:5488/fonts/kalpurush.ttf","meta":{"rootId":"mcarw85cnllcl3c","id":"mcarw85cnllcl3c"},"id":"vrctcnr975i2zyv","previousOperationId":"c80n4t8g4niy8t0"}
{"type":"log","timestamp":1744209005003,"level":"debug","message":"Page request finished: GET (image) 200 https://res.cloudinary.com/dpes1dyqb/image/upload/v1738768933/logo_myycxt.jpg","meta":{"rootId":"mcarw85cnllcl3c","id":"mcarw85cnllcl3c"},"id":"xuryvk9b6uoketc","previousOperationId":"c80n4t8g4niy8t0"}
{"type":"log","timestamp":1744209005064,"level":"debug","message":"(console:error) Failed to load resource: the server responded with a status of 404 (Not Found)","meta":{"userLevel":true,"rootId":"mcarw85cnllcl3c","id":"mcarw85cnllcl3c"},"id":"yhzjioam22zctcv","previousOperationId":"c80n4t8g4niy8t0"}
{"type":"log","timestamp":1744209005064,"level":"warn","message":"Page request failed: GET (font) http://localhost:5488/fonts/kalpurush.ttf, failure: net::ERR_ABORTED","meta":{"rootId":"mcarw85cnllcl3c","id":"mcarw85cnllcl3c"},"id":"civw06bhxkx00i5","previousOperationId":"c80n4t8g4niy8t0"}
{"type":"log","timestamp":1744209005075,"level":"debug","message":"Running chrome with params {\"printBackground\":true,\"format\":\"A5\",\"marginRight\":\"\",\"height\":\"\",\"marginTop\":\"\",\"marginBottom\":\"\",\"marginLeft\":\"\",\"displayHeaderFooter\":true,\"width\":\"\",\"timeout\":59948,\"margin\":{\"top\":\"\",\"right\":\"\",\"bottom\":\"\",\"left\":\"\"}}","meta":{"rootId":"mcarw85cnllcl3c","id":"mcarw85cnllcl3c"},"id":"ubqv9ghnn0vsrmx","previousOperationId":"c80n4t8g4niy8t0"}
{"type":"operationEnd","operationId":"c80n4t8g4niy8t0","timestamp":1744209005405,"id":"tzlsqt6nxrhi3mb","previousEventId":"r0ny362hlqm1412","previousOperationId":"c80n4t8g4niy8t0"}
{"type":"log","timestamp":1744209005405,"level":"debug","message":"Skipping storing report.","meta":{"rootId":"mcarw85cnllcl3c","id":"mcarw85cnllcl3c"},"id":"fnm120dqxb4jrd0","previousOperationId":"c80n4t8g4niy8t0"}
{"type":"log","timestamp":1744209005405,"level":"info","message":"Rendering request 101 finished in 568 ms","meta":{"rootId":"mcarw85cnllcl3c","id":"mcarw85cnllcl3c"},"id":"yxdaqlgcypqia6o","previousOperationId":"c80n4t8g4niy8t0"}
{"type":"operationEnd","subtype":"render","operationId":"vn2qcpbrxpxdwmj","timestamp":1744209005405,"id":"8dcoo0h5w5i5fk9","previousEventId":"tzlsqt6nxrhi3mb","previousOperationId":"c80n4t8g4niy8t0"}
{"type":"operationEnd","doDiffs":false,"previousEventId":"aitn2kzcq8v1ldl","previousOperationId":"m8q6ptl9o82lmg1","operationId":"m8q6ptl9o82lmg1","timestamp":1744209005408,"id":"jegc2gxukuw467z"}
