{"type":"operationStart","subtype":"profile","data":{"_id":"PiabOBIYu2bub9it","timestamp":"2025-04-09T14:57:07.827Z","state":"queued","mode":"standard","creationDate":"2025-04-09T14:57:07.830Z","modificationDate":"2025-04-09T14:57:07.830Z","shortid":"ds8B_6D","$entitySet":"profiles"},"doDiffs":false,"timestamp":1744210627828,"id":"3fyl76oms7r8viz","previousOperationId":null,"operationId":"196w55ivjxa2pxt"}
{"type":"log","level":"info","message":"Render request 4 queued for execution and waiting for available worker","previousOperationId":"196w55ivjxa2pxt","timestamp":1744210627829,"id":"d9bv9sk7aqgievk"}
{"type":"operationStart","subtype":"render","name":"myTemplate","previousOperationId":"196w55ivjxa2pxt","timestamp":1744210627845,"id":"twct3sny13eazj7","previousEventId":"3fyl76oms7r8viz","operationId":"shtkotnxvfsiyhk"}
{"type":"log","timestamp":1744210627845,"level":"info","message":"Starting rendering request 4","meta":{"rootId":"mfyujfr4g2wd02x","id":"mfyujfr4g2wd02x"},"id":"s0jgy47cgk1h5vd","previousOperationId":"shtkotnxvfsiyhk"}
{"type":"log","timestamp":1744210627845,"level":"info","message":"Rendering template { name: myTemplate, recipe: chrome-pdf, engine: handlebars, preview: true }","meta":{"rootId":"mfyujfr4g2wd02x","id":"mfyujfr4g2wd02x"},"id":"bkp5uk0r2qol0ht","previousOperationId":"shtkotnxvfsiyhk"}
{"type":"log","timestamp":1744210627845,"level":"debug","message":"Inline data specified.","meta":{"rootId":"mfyujfr4g2wd02x","id":"mfyujfr4g2wd02x"},"id":"wn91vuxmleliowa","previousOperationId":"shtkotnxvfsiyhk"}
{"type":"log","timestamp":1744210627847,"level":"debug","message":"Base url not specified, skipping its injection.","meta":{"rootId":"mfyujfr4g2wd02x","id":"mfyujfr4g2wd02x"},"id":"mg2a6drw88xacdn","previousOperationId":"shtkotnxvfsiyhk"}
{"type":"operationStart","subtype":"engine","name":"handlebars","timestamp":1744210627847,"id":"j01qf20j5j4mtre","previousEventId":"twct3sny13eazj7","operationId":"kb7duktuy43omh8","previousOperationId":"shtkotnxvfsiyhk"}
{"type":"log","timestamp":1744210627847,"level":"debug","message":"Rendering engine handlebars","meta":{"rootId":"mfyujfr4g2wd02x","id":"mfyujfr4g2wd02x"},"id":"sen4083dxop3m49","previousOperationId":"kb7duktuy43omh8"}
{"type":"operationEnd","operationId":"kb7duktuy43omh8","timestamp":1744210627890,"id":"ic5mwkc8t160zw4","previousEventId":"j01qf20j5j4mtre","previousOperationId":"kb7duktuy43omh8"}
{"type":"operationStart","subtype":"recipe","name":"chrome-pdf","timestamp":1744210627891,"id":"rmen15t53y1imt2","previousEventId":"ic5mwkc8t160zw4","operationId":"hd10psmt4wnmixf","previousOperationId":"kb7duktuy43omh8"}
{"type":"log","timestamp":1744210627891,"level":"debug","message":"Executing recipe chrome-pdf","meta":{"rootId":"mfyujfr4g2wd02x","id":"mfyujfr4g2wd02x"},"id":"kgyqz1b8pice0zr","previousOperationId":"hd10psmt4wnmixf"}
{"type":"log","timestamp":1744210627894,"level":"debug","message":"Converting with chrome Chrome/133.0.6943.126 using chrome-pool strategy","meta":{"rootId":"mfyujfr4g2wd02x","id":"mfyujfr4g2wd02x"},"id":"irpi03i63f5ilxj","previousOperationId":"hd10psmt4wnmixf"}
{"type":"log","timestamp":1744210628061,"level":"debug","message":"Page request: GET (document) file:///C:/Users/Patheo24/AppData/Local/Temp/jsreport/autocleanup/e699919c-cb6c-44a8-a30c-e50d880e1668-chrome-pdf.html","meta":{"rootId":"mfyujfr4g2wd02x","id":"mfyujfr4g2wd02x"},"id":"dwjocz32c8wfciu","previousOperationId":"hd10psmt4wnmixf"}
{"type":"log","timestamp":1744210628083,"level":"debug","message":"Page request finished: GET (document) 200 file:///C:/Users/Patheo24/AppData/Local/Temp/jsreport/autocleanup/e699919c-cb6c-44a8-a30c-e50d880e1668-chrome-pdf.html","meta":{"rootId":"mfyujfr4g2wd02x","id":"mfyujfr4g2wd02x"},"id":"6qa0dx5gdcbzikm","previousOperationId":"hd10psmt4wnmixf"}
{"type":"log","timestamp":1744210628083,"level":"debug","message":"Page request: GET (image) https://res.cloudinary.com/dpes1dyqb/image/upload/v1738768933/logo_myycxt.jpg","meta":{"rootId":"mfyujfr4g2wd02x","id":"mfyujfr4g2wd02x"},"id":"ysl78nb3p6xtu55","previousOperationId":"hd10psmt4wnmixf"}
{"type":"log","timestamp":1744210628084,"level":"debug","message":"(console:info) Slow network is detected. See https://www.chromestatus.com/feature/5636954674692096 for more details. Fallback font will be used while loading: http://localhost:5488/fonts/kalpurush.ttf","meta":{"userLevel":true,"rootId":"mfyujfr4g2wd02x","id":"mfyujfr4g2wd02x"},"id":"zyaetw6dui4871e","previousOperationId":"hd10psmt4wnmixf"}
{"type":"log","timestamp":1744210628085,"level":"debug","message":"Page request: GET (font) http://localhost:5488/fonts/kalpurush.ttf","meta":{"rootId":"mfyujfr4g2wd02x","id":"mfyujfr4g2wd02x"},"id":"6s0g1wwrabe2cxj","previousOperationId":"hd10psmt4wnmixf"}
{"type":"log","timestamp":1744210628134,"level":"debug","message":"Page request finished: GET (image) 200 https://res.cloudinary.com/dpes1dyqb/image/upload/v1738768933/logo_myycxt.jpg","meta":{"rootId":"mfyujfr4g2wd02x","id":"mfyujfr4g2wd02x"},"id":"8kksjgqnuq8pcs6","previousOperationId":"hd10psmt4wnmixf"}
{"type":"log","timestamp":1744210628135,"level":"debug","message":"Page request: GET (font) http://localhost:5488/fonts/kalpurush.ttf","meta":{"rootId":"mfyujfr4g2wd02x","id":"mfyujfr4g2wd02x"},"id":"apns0og747nvmfl","previousOperationId":"hd10psmt4wnmixf"}
{"type":"log","timestamp":1744210628141,"level":"debug","message":"(console:error) Failed to load resource: the server responded with a status of 404 (Not Found)","meta":{"userLevel":true,"rootId":"mfyujfr4g2wd02x","id":"mfyujfr4g2wd02x"},"id":"5ut59wc9xcqyeid","previousOperationId":"hd10psmt4wnmixf"}
{"type":"log","timestamp":1744210628141,"level":"warn","message":"Page request failed: GET (font) http://localhost:5488/fonts/kalpurush.ttf, failure: net::ERR_ABORTED","meta":{"rootId":"mfyujfr4g2wd02x","id":"mfyujfr4g2wd02x"},"id":"fmzue04s8ocydry","previousOperationId":"hd10psmt4wnmixf"}
{"type":"log","timestamp":1744210628149,"level":"debug","message":"Running chrome with params {\"printBackground\":true,\"format\":\"A5\",\"marginRight\":\"\",\"height\":\"\",\"marginTop\":\"\",\"marginBottom\":\"\",\"marginLeft\":\"\",\"displayHeaderFooter\":true,\"width\":\"\",\"timeout\":59934,\"margin\":{\"top\":\"\",\"right\":\"\",\"bottom\":\"\",\"left\":\"\"}}","meta":{"rootId":"mfyujfr4g2wd02x","id":"mfyujfr4g2wd02x"},"id":"4ebz38dm91qgqp3","previousOperationId":"hd10psmt4wnmixf"}
{"type":"operationEnd","operationId":"hd10psmt4wnmixf","timestamp":1744210628472,"id":"xfvlsym0x43k2xq","previousEventId":"rmen15t53y1imt2","previousOperationId":"hd10psmt4wnmixf"}
{"type":"log","timestamp":1744210628472,"level":"debug","message":"Skipping storing report.","meta":{"rootId":"mfyujfr4g2wd02x","id":"mfyujfr4g2wd02x"},"id":"qng1c0f7g8uybft","previousOperationId":"hd10psmt4wnmixf"}
{"type":"log","timestamp":1744210628472,"level":"info","message":"Rendering request 4 finished in 645 ms","meta":{"rootId":"mfyujfr4g2wd02x","id":"mfyujfr4g2wd02x"},"id":"khztznpxmyzx9gq","previousOperationId":"hd10psmt4wnmixf"}
{"type":"operationEnd","subtype":"render","operationId":"shtkotnxvfsiyhk","timestamp":1744210628472,"id":"vyihpcc5kykrci1","previousEventId":"xfvlsym0x43k2xq","previousOperationId":"hd10psmt4wnmixf"}
{"type":"operationEnd","doDiffs":false,"previousEventId":"3fyl76oms7r8viz","previousOperationId":"196w55ivjxa2pxt","operationId":"196w55ivjxa2pxt","timestamp":1744210628476,"id":"xfmom64v9j8g277"}
