{"type":"operationStart","subtype":"profile","data":{"_id":"zQYL6lcfcQBDoYOh","timestamp":"2025-04-09T13:53:04.008Z","state":"queued","mode":"standard","creationDate":"2025-04-09T13:53:04.010Z","modificationDate":"2025-04-09T13:53:04.010Z","shortid":"CySmv9y","$entitySet":"profiles"},"doDiffs":false,"timestamp":1744206784009,"id":"2cqem0jtdlqfjje","previousOperationId":null,"operationId":"hrcpuuwfiopwgge"}
{"type":"log","level":"info","message":"Render request 42 queued for execution and waiting for available worker","previousOperationId":"hrcpuuwfiopwgge","timestamp":1744206784010,"id":"nsqc6x2kr3bwfjs"}
{"type":"operationStart","subtype":"render","name":"myTemplate","previousOperationId":"hrcpuuwfiopwgge","timestamp":1744206784041,"id":"c9hdhymmddqq1y0","previousEventId":"2cqem0jtdlqfjje","operationId":"z3aouvyaqdfkwcv"}
{"type":"log","timestamp":1744206784041,"level":"info","message":"Starting rendering request 42","meta":{"rootId":"mhk0rkmy2a7wqvq","id":"mhk0rkmy2a7wqvq"},"id":"3waj8m9l2xc3b3b","previousOperationId":"z3aouvyaqdfkwcv"}
{"type":"log","timestamp":1744206784043,"level":"info","message":"Rendering template { name: myTemplate, recipe: chrome-pdf, engine: handlebars, preview: true }","meta":{"rootId":"mhk0rkmy2a7wqvq","id":"mhk0rkmy2a7wqvq"},"id":"wqlyicxjfwjwx8r","previousOperationId":"z3aouvyaqdfkwcv"}
{"type":"log","timestamp":1744206784046,"level":"debug","message":"Adding sample data HUavgV0Kc","meta":{"rootId":"mhk0rkmy2a7wqvq","id":"mhk0rkmy2a7wqvq"},"id":"oemjb9ty5ndff28","previousOperationId":"z3aouvyaqdfkwcv"}
{"type":"log","timestamp":1744206784048,"level":"debug","message":"Base url not specified, skipping its injection.","meta":{"rootId":"mhk0rkmy2a7wqvq","id":"mhk0rkmy2a7wqvq"},"id":"f5lfdxc15usqmgt","previousOperationId":"z3aouvyaqdfkwcv"}
{"type":"operationStart","subtype":"engine","name":"handlebars","timestamp":1744206784049,"id":"23l6qjpkqy93fe5","previousEventId":"c9hdhymmddqq1y0","operationId":"6met4uf6xxe6oyk","previousOperationId":"z3aouvyaqdfkwcv"}
{"type":"log","timestamp":1744206784049,"level":"debug","message":"Rendering engine handlebars","meta":{"rootId":"mhk0rkmy2a7wqvq","id":"mhk0rkmy2a7wqvq"},"id":"t6l7stzoxomewli","previousOperationId":"6met4uf6xxe6oyk"}
{"type":"operationEnd","operationId":"6met4uf6xxe6oyk","timestamp":1744206784094,"id":"9af4jdr4b4uz0vd","previousEventId":"23l6qjpkqy93fe5","previousOperationId":"6met4uf6xxe6oyk"}
{"type":"operationStart","subtype":"recipe","name":"chrome-pdf","timestamp":1744206784094,"id":"xrnk6ohieadmanf","previousEventId":"9af4jdr4b4uz0vd","operationId":"fihh58mxqhm56fo","previousOperationId":"6met4uf6xxe6oyk"}
{"type":"log","timestamp":1744206784094,"level":"debug","message":"Executing recipe chrome-pdf","meta":{"rootId":"mhk0rkmy2a7wqvq","id":"mhk0rkmy2a7wqvq"},"id":"14hvd0abnit4bmu","previousOperationId":"fihh58mxqhm56fo"}
{"type":"log","timestamp":1744206784100,"level":"debug","message":"Converting with chrome Chrome/133.0.6943.126 using chrome-pool strategy","meta":{"rootId":"mhk0rkmy2a7wqvq","id":"mhk0rkmy2a7wqvq"},"id":"vyyh8dpujwfragc","previousOperationId":"fihh58mxqhm56fo"}
{"type":"log","timestamp":1744206784166,"level":"debug","message":"Page request: GET (document) file:///C:/Users/Patheo24/AppData/Local/Temp/jsreport/autocleanup/751ba3fa-bac4-4c46-8880-dcbb7b13914b-chrome-pdf.html","meta":{"rootId":"mhk0rkmy2a7wqvq","id":"mhk0rkmy2a7wqvq"},"id":"czf1nwdqajrhfnj","previousOperationId":"fihh58mxqhm56fo"}
{"type":"log","timestamp":1744206784191,"level":"debug","message":"Page request finished: GET (document) 200 file:///C:/Users/Patheo24/AppData/Local/Temp/jsreport/autocleanup/751ba3fa-bac4-4c46-8880-dcbb7b13914b-chrome-pdf.html","meta":{"rootId":"mhk0rkmy2a7wqvq","id":"mhk0rkmy2a7wqvq"},"id":"hb58gbhhm05853f","previousOperationId":"fihh58mxqhm56fo"}
{"type":"log","timestamp":1744206784192,"level":"debug","message":"(console:info) Slow network is detected. See https://www.chromestatus.com/feature/5636954674692096 for more details. Fallback font will be used while loading: http://localhost:5488/fonts/kalpurush.ttf","meta":{"userLevel":true,"rootId":"mhk0rkmy2a7wqvq","id":"mhk0rkmy2a7wqvq"},"id":"0m2aaqmqx46puym","previousOperationId":"fihh58mxqhm56fo"}
{"type":"log","timestamp":1744206784192,"level":"debug","message":"Page request: GET (font) http://localhost:5488/fonts/kalpurush.ttf","meta":{"rootId":"mhk0rkmy2a7wqvq","id":"mhk0rkmy2a7wqvq"},"id":"ugmuk3dcv5taimx","previousOperationId":"fihh58mxqhm56fo"}
{"type":"log","timestamp":1744206784194,"level":"debug","message":"Page request: GET (image) https://res.cloudinary.com/dpes1dyqb/image/upload/v1738768933/logo_myycxt.jpg","meta":{"rootId":"mhk0rkmy2a7wqvq","id":"mhk0rkmy2a7wqvq"},"id":"1r00zg55pp9ysw4","previousOperationId":"fihh58mxqhm56fo"}
{"type":"log","timestamp":1744206784267,"level":"debug","message":"Page request: GET (font) http://localhost:5488/fonts/kalpurush.ttf","meta":{"rootId":"mhk0rkmy2a7wqvq","id":"mhk0rkmy2a7wqvq"},"id":"my5xwg2v5zack6c","previousOperationId":"fihh58mxqhm56fo"}
{"type":"log","timestamp":1744206784268,"level":"debug","message":"Page request finished: GET (image) 200 https://res.cloudinary.com/dpes1dyqb/image/upload/v1738768933/logo_myycxt.jpg","meta":{"rootId":"mhk0rkmy2a7wqvq","id":"mhk0rkmy2a7wqvq"},"id":"78thvi0bw14u3hy","previousOperationId":"fihh58mxqhm56fo"}
{"type":"log","timestamp":1744206784287,"level":"debug","message":"(console:error) Failed to load resource: the server responded with a status of 404 (Not Found)","meta":{"userLevel":true,"rootId":"mhk0rkmy2a7wqvq","id":"mhk0rkmy2a7wqvq"},"id":"5s4yomipg552t5z","previousOperationId":"fihh58mxqhm56fo"}
{"type":"log","timestamp":1744206784287,"level":"warn","message":"Page request failed: GET (font) http://localhost:5488/fonts/kalpurush.ttf, failure: net::ERR_ABORTED","meta":{"rootId":"mhk0rkmy2a7wqvq","id":"mhk0rkmy2a7wqvq"},"id":"88830jyde3sdf22","previousOperationId":"fihh58mxqhm56fo"}
{"type":"log","timestamp":1744206784300,"level":"debug","message":"Running chrome with params {\"printBackground\":true,\"format\":\"A5\",\"marginRight\":\"\",\"timeout\":59910,\"margin\":{\"right\":\"\"}}","meta":{"rootId":"mhk0rkmy2a7wqvq","id":"mhk0rkmy2a7wqvq"},"id":"fbolqjh4lezjhqg","previousOperationId":"fihh58mxqhm56fo"}
{"type":"operationEnd","operationId":"fihh58mxqhm56fo","timestamp":1744206784611,"id":"1aewidu02t3fxae","previousEventId":"xrnk6ohieadmanf","previousOperationId":"fihh58mxqhm56fo"}
{"type":"log","timestamp":1744206784611,"level":"debug","message":"Skipping storing report.","meta":{"rootId":"mhk0rkmy2a7wqvq","id":"mhk0rkmy2a7wqvq"},"id":"t5sf639dhwfviws","previousOperationId":"fihh58mxqhm56fo"}
{"type":"log","timestamp":1744206784611,"level":"info","message":"Rendering request 42 finished in 603 ms","meta":{"rootId":"mhk0rkmy2a7wqvq","id":"mhk0rkmy2a7wqvq"},"id":"fyw0mt858gvg56l","previousOperationId":"fihh58mxqhm56fo"}
{"type":"operationEnd","subtype":"render","operationId":"z3aouvyaqdfkwcv","timestamp":1744206784611,"id":"q2yx9o0ftzkwpdz","previousEventId":"1aewidu02t3fxae","previousOperationId":"fihh58mxqhm56fo"}
{"type":"operationEnd","doDiffs":false,"previousEventId":"2cqem0jtdlqfjje","previousOperationId":"hrcpuuwfiopwgge","operationId":"hrcpuuwfiopwgge","timestamp":1744206784615,"id":"ns5w2c2uqu9hvls"}
