{"type":"operationStart","subtype":"profile","data":{"_id":"qcmAHDeVK5fhMpae","timestamp":"2025-04-09T07:11:03.725Z","state":"queued","mode":"standard","creationDate":"2025-04-09T07:11:03.727Z","modificationDate":"2025-04-09T07:11:03.727Z","shortid":"BEHwf59","$entitySet":"profiles"},"doDiffs":false,"timestamp":1744182663726,"id":"zfbucimh1rxt291","previousOperationId":null,"operationId":"ngqjvey1njaouy6"}
{"type":"log","level":"info","message":"Render request 44 queued for execution and waiting for available worker","previousOperationId":"ngqjvey1njaouy6","timestamp":1744182663727,"id":"d9yzuwsr5o7j2ww"}
{"type":"operationStart","subtype":"render","name":"myTemplate","previousOperationId":"ngqjvey1njaouy6","timestamp":1744182663737,"id":"slkjgu6z4ftqorx","previousEventId":"zfbucimh1rxt291","operationId":"uhu8y7b9i2bxg3z"}
{"type":"log","timestamp":1744182663737,"level":"info","message":"Starting rendering request 44","meta":{"rootId":"mrh0640sqdv24ww","id":"mrh0640sqdv24ww"},"id":"8h33cp560czny0d","previousOperationId":"uhu8y7b9i2bxg3z"}
{"type":"log","timestamp":1744182663737,"level":"info","message":"Rendering template { name: myTemplate, recipe: chrome-pdf, engine: handlebars, preview: true }","meta":{"rootId":"mrh0640sqdv24ww","id":"mrh0640sqdv24ww"},"id":"fshg9vcyz0udh2h","previousOperationId":"uhu8y7b9i2bxg3z"}
{"type":"log","timestamp":1744182663738,"level":"debug","message":"Inline data specified.","meta":{"rootId":"mrh0640sqdv24ww","id":"mrh0640sqdv24ww"},"id":"h3sq3yupfoz9etr","previousOperationId":"uhu8y7b9i2bxg3z"}
{"type":"log","timestamp":1744182663739,"level":"debug","message":"Base url not specified, skipping its injection.","meta":{"rootId":"mrh0640sqdv24ww","id":"mrh0640sqdv24ww"},"id":"04c1dnhx9rvyl33","previousOperationId":"uhu8y7b9i2bxg3z"}
{"type":"operationStart","subtype":"engine","name":"handlebars","timestamp":1744182663740,"id":"jvygj0kxk62d7il","previousEventId":"slkjgu6z4ftqorx","operationId":"2n5tfzh5sjorld4","previousOperationId":"uhu8y7b9i2bxg3z"}
{"type":"log","timestamp":1744182663740,"level":"debug","message":"Rendering engine handlebars","meta":{"rootId":"mrh0640sqdv24ww","id":"mrh0640sqdv24ww"},"id":"7jone269g8z1bbi","previousOperationId":"2n5tfzh5sjorld4"}
{"type":"operationEnd","operationId":"2n5tfzh5sjorld4","timestamp":1744182663754,"id":"k1kafxm3fc787kn","previousEventId":"jvygj0kxk62d7il","previousOperationId":"2n5tfzh5sjorld4"}
{"type":"operationStart","subtype":"recipe","name":"chrome-pdf","timestamp":1744182663755,"id":"supo9q2eapa3auj","previousEventId":"k1kafxm3fc787kn","operationId":"z2nihwdw3ewleon","previousOperationId":"2n5tfzh5sjorld4"}
{"type":"log","timestamp":1744182663755,"level":"debug","message":"Executing recipe chrome-pdf","meta":{"rootId":"mrh0640sqdv24ww","id":"mrh0640sqdv24ww"},"id":"092gl68jxfhqdzs","previousOperationId":"z2nihwdw3ewleon"}
{"type":"log","timestamp":1744182663762,"level":"debug","message":"Converting with chrome Chrome/133.0.6943.126 using chrome-pool strategy","meta":{"rootId":"mrh0640sqdv24ww","id":"mrh0640sqdv24ww"},"id":"tovrwvqg4xe5l4a","previousOperationId":"z2nihwdw3ewleon"}
{"type":"log","timestamp":1744182663832,"level":"debug","message":"Page request: GET (document) file:///C:/Users/Patheo24/AppData/Local/Temp/jsreport/autocleanup/f7c43047-da62-4c3e-8524-97e78bc3ac70-chrome-pdf.html","meta":{"rootId":"mrh0640sqdv24ww","id":"mrh0640sqdv24ww"},"id":"c5belsw2uh4xg2j","previousOperationId":"z2nihwdw3ewleon"}
{"type":"log","timestamp":1744182663864,"level":"debug","message":"Page request finished: GET (document) 200 file:///C:/Users/Patheo24/AppData/Local/Temp/jsreport/autocleanup/f7c43047-da62-4c3e-8524-97e78bc3ac70-chrome-pdf.html","meta":{"rootId":"mrh0640sqdv24ww","id":"mrh0640sqdv24ww"},"id":"0mwtdgrpfxqlvot","previousOperationId":"z2nihwdw3ewleon"}
{"type":"log","timestamp":1744182663865,"level":"debug","message":"(console:info) Slow network is detected. See https://www.chromestatus.com/feature/5636954674692096 for more details. Fallback font will be used while loading: http://localhost:5488/fonts/kalpurush.ttf","meta":{"userLevel":true,"rootId":"mrh0640sqdv24ww","id":"mrh0640sqdv24ww"},"id":"sflxbjv3jhlze2u","previousOperationId":"z2nihwdw3ewleon"}
{"type":"log","timestamp":1744182663865,"level":"debug","message":"Page request: GET (font) http://localhost:5488/fonts/kalpurush.ttf","meta":{"rootId":"mrh0640sqdv24ww","id":"mrh0640sqdv24ww"},"id":"gledqzyqbflwpvf","previousOperationId":"z2nihwdw3ewleon"}
{"type":"log","timestamp":1744182663866,"level":"debug","message":"Page request: GET (image) https://res.cloudinary.com/dpes1dyqb/image/upload/v1738768933/logo_myycxt.jpg","meta":{"rootId":"mrh0640sqdv24ww","id":"mrh0640sqdv24ww"},"id":"ggvz62hsihc9gar","previousOperationId":"z2nihwdw3ewleon"}
{"type":"log","timestamp":1744182663893,"level":"debug","message":"Page request: GET (font) http://localhost:5488/fonts/kalpurush.ttf","meta":{"rootId":"mrh0640sqdv24ww","id":"mrh0640sqdv24ww"},"id":"jp14n56oxtvfi3c","previousOperationId":"z2nihwdw3ewleon"}
{"type":"log","timestamp":1744182663894,"level":"debug","message":"Page request finished: GET (image) 200 https://res.cloudinary.com/dpes1dyqb/image/upload/v1738768933/logo_myycxt.jpg","meta":{"rootId":"mrh0640sqdv24ww","id":"mrh0640sqdv24ww"},"id":"1vxnzw5s6u5jdgm","previousOperationId":"z2nihwdw3ewleon"}
{"type":"log","timestamp":1744182663900,"level":"debug","message":"(console:error) Failed to load resource: the server responded with a status of 404 (Not Found)","meta":{"userLevel":true,"rootId":"mrh0640sqdv24ww","id":"mrh0640sqdv24ww"},"id":"d18ggzullnf92zc","previousOperationId":"z2nihwdw3ewleon"}
{"type":"log","timestamp":1744182663900,"level":"warn","message":"Page request failed: GET (font) http://localhost:5488/fonts/kalpurush.ttf, failure: net::ERR_ABORTED","meta":{"rootId":"mrh0640sqdv24ww","id":"mrh0640sqdv24ww"},"id":"lygguig2m3f8cbw","previousOperationId":"z2nihwdw3ewleon"}
{"type":"log","timestamp":1744182663913,"level":"debug","message":"Running chrome with params {\"printBackground\":true,\"timeout\":59964,\"margin\":{}}","meta":{"rootId":"mrh0640sqdv24ww","id":"mrh0640sqdv24ww"},"id":"up9eilzmpt39ypa","previousOperationId":"z2nihwdw3ewleon"}
{"type":"operationEnd","operationId":"z2nihwdw3ewleon","timestamp":1744182664196,"id":"xlngh9nkug75m30","previousEventId":"supo9q2eapa3auj","previousOperationId":"z2nihwdw3ewleon"}
{"type":"log","timestamp":1744182664196,"level":"debug","message":"Skipping storing report.","meta":{"rootId":"mrh0640sqdv24ww","id":"mrh0640sqdv24ww"},"id":"zt94yaluzpcqplp","previousOperationId":"z2nihwdw3ewleon"}
{"type":"log","timestamp":1744182664196,"level":"info","message":"Rendering request 44 finished in 471 ms","meta":{"rootId":"mrh0640sqdv24ww","id":"mrh0640sqdv24ww"},"id":"jvaecvy69amru7r","previousOperationId":"z2nihwdw3ewleon"}
{"type":"operationEnd","subtype":"render","operationId":"uhu8y7b9i2bxg3z","timestamp":1744182664196,"id":"3r4invddqfgzu7y","previousEventId":"xlngh9nkug75m30","previousOperationId":"z2nihwdw3ewleon"}
{"type":"operationEnd","doDiffs":false,"previousEventId":"zfbucimh1rxt291","previousOperationId":"ngqjvey1njaouy6","operationId":"ngqjvey1njaouy6","timestamp":1744182664200,"id":"qv09ktqf5576c76"}
