{"type":"operationStart","subtype":"profile","data":{"_id":"tKAXD8BRyKYAQUOT","timestamp":"2025-04-09T07:02:29.929Z","state":"queued","mode":"standard","creationDate":"2025-04-09T07:02:29.931Z","modificationDate":"2025-04-09T07:02:29.931Z","shortid":"p5iGOZg","$entitySet":"profiles"},"doDiffs":false,"timestamp":1744182149930,"id":"vpz4css0rzu0v36","previousOperationId":null,"operationId":"wl5gjobs85dp03e"}
{"type":"log","level":"info","message":"Render request 33 queued for execution and waiting for available worker","previousOperationId":"wl5gjobs85dp03e","timestamp":1744182149930,"id":"jcso0a6tlibma1o"}
{"type":"operationStart","subtype":"render","name":"myTemplate","previousOperationId":"wl5gjobs85dp03e","timestamp":1744182149941,"id":"nu6q0011lt43d2p","previousEventId":"vpz4css0rzu0v36","operationId":"06imr8wrivnep80"}
{"type":"log","timestamp":1744182149941,"level":"info","message":"Starting rendering request 33","meta":{"rootId":"mtvm8x2byjdhc7x","id":"mtvm8x2byjdhc7x"},"id":"gfq25l3bai5pmfh","previousOperationId":"06imr8wrivnep80"}
{"type":"log","timestamp":1744182149941,"level":"info","message":"Rendering template { name: myTemplate, recipe: chrome-pdf, engine: handlebars, preview: true }","meta":{"rootId":"mtvm8x2byjdhc7x","id":"mtvm8x2byjdhc7x"},"id":"sj2u4rgi0t052uh","previousOperationId":"06imr8wrivnep80"}
{"type":"log","timestamp":1744182149941,"level":"debug","message":"Inline data specified.","meta":{"rootId":"mtvm8x2byjdhc7x","id":"mtvm8x2byjdhc7x"},"id":"fp3lczdft9wc3wf","previousOperationId":"06imr8wrivnep80"}
{"type":"log","timestamp":1744182149942,"level":"debug","message":"Base url not specified, skipping its injection.","meta":{"rootId":"mtvm8x2byjdhc7x","id":"mtvm8x2byjdhc7x"},"id":"ipchtsi32vgthhq","previousOperationId":"06imr8wrivnep80"}
{"type":"operationStart","subtype":"engine","name":"handlebars","timestamp":1744182149942,"id":"vsabkdbb6c3p1kq","previousEventId":"nu6q0011lt43d2p","operationId":"3sg0xntxezdbgoc","previousOperationId":"06imr8wrivnep80"}
{"type":"log","timestamp":1744182149942,"level":"debug","message":"Rendering engine handlebars","meta":{"rootId":"mtvm8x2byjdhc7x","id":"mtvm8x2byjdhc7x"},"id":"oankbvppvx5ohld","previousOperationId":"3sg0xntxezdbgoc"}
{"type":"operationEnd","operationId":"3sg0xntxezdbgoc","timestamp":1744182149952,"id":"72ba6dzbovyr21f","previousEventId":"vsabkdbb6c3p1kq","previousOperationId":"3sg0xntxezdbgoc"}
{"type":"operationStart","subtype":"recipe","name":"chrome-pdf","timestamp":1744182149953,"id":"usrmfxg83puxhw5","previousEventId":"72ba6dzbovyr21f","operationId":"4rijff8tuou3bqh","previousOperationId":"3sg0xntxezdbgoc"}
{"type":"log","timestamp":1744182149953,"level":"debug","message":"Executing recipe chrome-pdf","meta":{"rootId":"mtvm8x2byjdhc7x","id":"mtvm8x2byjdhc7x"},"id":"6r0ak0nhlpmas2w","previousOperationId":"4rijff8tuou3bqh"}
{"type":"log","timestamp":1744182149956,"level":"debug","message":"Converting with chrome Chrome/133.0.6943.126 using chrome-pool strategy","meta":{"rootId":"mtvm8x2byjdhc7x","id":"mtvm8x2byjdhc7x"},"id":"ectqvcv1tsrx3wi","previousOperationId":"4rijff8tuou3bqh"}
{"type":"log","timestamp":1744182150020,"level":"debug","message":"Page request: GET (document) file:///C:/Users/Patheo24/AppData/Local/Temp/jsreport/autocleanup/3941d127-9a6b-40a1-9f92-9e6b665abe1f-chrome-pdf.html","meta":{"rootId":"mtvm8x2byjdhc7x","id":"mtvm8x2byjdhc7x"},"id":"4243inzm86qwlg3","previousOperationId":"4rijff8tuou3bqh"}
{"type":"log","timestamp":1744182150044,"level":"debug","message":"Page request finished: GET (document) 200 file:///C:/Users/Patheo24/AppData/Local/Temp/jsreport/autocleanup/3941d127-9a6b-40a1-9f92-9e6b665abe1f-chrome-pdf.html","meta":{"rootId":"mtvm8x2byjdhc7x","id":"mtvm8x2byjdhc7x"},"id":"urvm6rdaimxvd1y","previousOperationId":"4rijff8tuou3bqh"}
{"type":"log","timestamp":1744182150051,"level":"debug","message":"Page request: GET (image) https://res.cloudinary.com/dpes1dyqb/image/upload/v1738768933/logo_myycxt.jpg","meta":{"rootId":"mtvm8x2byjdhc7x","id":"mtvm8x2byjdhc7x"},"id":"vq49m1fwn91tuhm","previousOperationId":"4rijff8tuou3bqh"}
{"type":"log","timestamp":1744182150052,"level":"debug","message":"Page request: GET (font) http://localhost:5488/fonts/kalpurush.ttf","meta":{"rootId":"mtvm8x2byjdhc7x","id":"mtvm8x2byjdhc7x"},"id":"5m1mnzncq2pgbzf","previousOperationId":"4rijff8tuou3bqh"}
{"type":"log","timestamp":1744182150090,"level":"debug","message":"Page request: GET (font) http://localhost:5488/fonts/kalpurush.ttf","meta":{"rootId":"mtvm8x2byjdhc7x","id":"mtvm8x2byjdhc7x"},"id":"xl849tx1n26vg2h","previousOperationId":"4rijff8tuou3bqh"}
{"type":"log","timestamp":1744182150091,"level":"debug","message":"Page request finished: GET (image) 200 https://res.cloudinary.com/dpes1dyqb/image/upload/v1738768933/logo_myycxt.jpg","meta":{"rootId":"mtvm8x2byjdhc7x","id":"mtvm8x2byjdhc7x"},"id":"bo9j896fhthanra","previousOperationId":"4rijff8tuou3bqh"}
{"type":"log","timestamp":1744182150098,"level":"debug","message":"(console:error) Failed to load resource: the server responded with a status of 404 (Not Found)","meta":{"userLevel":true,"rootId":"mtvm8x2byjdhc7x","id":"mtvm8x2byjdhc7x"},"id":"59dqul3wk0xz1ah","previousOperationId":"4rijff8tuou3bqh"}
{"type":"log","timestamp":1744182150099,"level":"warn","message":"Page request failed: GET (font) http://localhost:5488/fonts/kalpurush.ttf, failure: net::ERR_ABORTED","meta":{"rootId":"mtvm8x2byjdhc7x","id":"mtvm8x2byjdhc7x"},"id":"u4a82wc326ylq8s","previousOperationId":"4rijff8tuou3bqh"}
{"type":"log","timestamp":1744182150106,"level":"debug","message":"Running chrome with params {\"printBackground\":true,\"timeout\":59974,\"margin\":{}}","meta":{"rootId":"mtvm8x2byjdhc7x","id":"mtvm8x2byjdhc7x"},"id":"o0ey4mx2sd51263","previousOperationId":"4rijff8tuou3bqh"}
{"type":"operationEnd","operationId":"4rijff8tuou3bqh","timestamp":1744182150403,"id":"ftyerzlfcbfwtr1","previousEventId":"usrmfxg83puxhw5","previousOperationId":"4rijff8tuou3bqh"}
{"type":"log","timestamp":1744182150403,"level":"debug","message":"Skipping storing report.","meta":{"rootId":"mtvm8x2byjdhc7x","id":"mtvm8x2byjdhc7x"},"id":"g6cuugokyz2teul","previousOperationId":"4rijff8tuou3bqh"}
{"type":"log","timestamp":1744182150403,"level":"info","message":"Rendering request 33 finished in 474 ms","meta":{"rootId":"mtvm8x2byjdhc7x","id":"mtvm8x2byjdhc7x"},"id":"hob0tw5j0yknkbn","previousOperationId":"4rijff8tuou3bqh"}
{"type":"operationEnd","subtype":"render","operationId":"06imr8wrivnep80","timestamp":1744182150403,"id":"rsbqs1b66oe4i0x","previousEventId":"ftyerzlfcbfwtr1","previousOperationId":"4rijff8tuou3bqh"}
{"type":"operationEnd","doDiffs":false,"previousEventId":"vpz4css0rzu0v36","previousOperationId":"wl5gjobs85dp03e","operationId":"wl5gjobs85dp03e","timestamp":1744182150408,"id":"bixz9cwdsp2mcxo"}
