{"type":"operationStart","subtype":"profile","data":{"_id":"mckYJqb8uAEBXMpT","timestamp":"2025-04-09T14:03:15.107Z","state":"queued","mode":"standard","creationDate":"2025-04-09T14:03:15.109Z","modificationDate":"2025-04-09T14:03:15.109Z","shortid":"zjyyzfs","$entitySet":"profiles"},"doDiffs":false,"timestamp":1744207395108,"id":"c6c8eu1jissnipd","previousOperationId":null,"operationId":"3gjz6qdl5zdott2"}
{"type":"log","level":"info","message":"Render request 60 queued for execution and waiting for available worker","previousOperationId":"3gjz6qdl5zdott2","timestamp":1744207395108,"id":"554b0wy1v36cydv"}
{"type":"operationStart","subtype":"render","name":"myTemplate","previousOperationId":"3gjz6qdl5zdott2","timestamp":1744207395141,"id":"ej3m845ghdcr4m9","previousEventId":"c6c8eu1jissnipd","operationId":"5ph7a84cr3etg7k"}
{"type":"log","timestamp":1744207395141,"level":"info","message":"Starting rendering request 60","meta":{"rootId":"mufp1k6xlkv7xpd","id":"mufp1k6xlkv7xpd"},"id":"j9gqmlesy53azr9","previousOperationId":"5ph7a84cr3etg7k"}
{"type":"log","timestamp":1744207395141,"level":"info","message":"Rendering template { name: myTemplate, recipe: chrome-pdf, engine: handlebars, preview: true }","meta":{"rootId":"mufp1k6xlkv7xpd","id":"mufp1k6xlkv7xpd"},"id":"3gmyt6gfkiy9azn","previousOperationId":"5ph7a84cr3etg7k"}
{"type":"log","timestamp":1744207395144,"level":"debug","message":"Adding sample data HUavgV0Kc","meta":{"rootId":"mufp1k6xlkv7xpd","id":"mufp1k6xlkv7xpd"},"id":"e7oyyw4o4onv75r","previousOperationId":"5ph7a84cr3etg7k"}
{"type":"log","timestamp":1744207395150,"level":"debug","message":"Base url not specified, skipping its injection.","meta":{"rootId":"mufp1k6xlkv7xpd","id":"mufp1k6xlkv7xpd"},"id":"gie0f2sa5dtx8a3","previousOperationId":"5ph7a84cr3etg7k"}
{"type":"operationStart","subtype":"engine","name":"handlebars","timestamp":1744207395150,"id":"pw8251dpv9umgp9","previousEventId":"ej3m845ghdcr4m9","operationId":"q01dwsk435tdhdb","previousOperationId":"5ph7a84cr3etg7k"}
{"type":"log","timestamp":1744207395151,"level":"debug","message":"Rendering engine handlebars","meta":{"rootId":"mufp1k6xlkv7xpd","id":"mufp1k6xlkv7xpd"},"id":"msizkddxbl1nq71","previousOperationId":"q01dwsk435tdhdb"}
{"type":"operationEnd","operationId":"q01dwsk435tdhdb","timestamp":1744207395177,"id":"gk2f5v035nco63p","previousEventId":"pw8251dpv9umgp9","previousOperationId":"q01dwsk435tdhdb"}
{"type":"operationStart","subtype":"recipe","name":"chrome-pdf","timestamp":1744207395177,"id":"op991xnljqesffy","previousEventId":"gk2f5v035nco63p","operationId":"ogw7cpo8tpfeloc","previousOperationId":"q01dwsk435tdhdb"}
{"type":"log","timestamp":1744207395177,"level":"debug","message":"Executing recipe chrome-pdf","meta":{"rootId":"mufp1k6xlkv7xpd","id":"mufp1k6xlkv7xpd"},"id":"x55e8t1017qfh8h","previousOperationId":"ogw7cpo8tpfeloc"}
{"type":"log","timestamp":1744207395183,"level":"debug","message":"Converting with chrome Chrome/133.0.6943.126 using chrome-pool strategy","meta":{"rootId":"mufp1k6xlkv7xpd","id":"mufp1k6xlkv7xpd"},"id":"qt31o37an20clxe","previousOperationId":"ogw7cpo8tpfeloc"}
{"type":"log","timestamp":1744207395254,"level":"debug","message":"Page request: GET (document) file:///C:/Users/Patheo24/AppData/Local/Temp/jsreport/autocleanup/e998c6f8-b5b6-4b57-8086-2b1e1eb83b2d-chrome-pdf.html","meta":{"rootId":"mufp1k6xlkv7xpd","id":"mufp1k6xlkv7xpd"},"id":"671bggen0rf7tk7","previousOperationId":"ogw7cpo8tpfeloc"}
{"type":"log","timestamp":1744207395277,"level":"debug","message":"Page request finished: GET (document) 200 file:///C:/Users/Patheo24/AppData/Local/Temp/jsreport/autocleanup/e998c6f8-b5b6-4b57-8086-2b1e1eb83b2d-chrome-pdf.html","meta":{"rootId":"mufp1k6xlkv7xpd","id":"mufp1k6xlkv7xpd"},"id":"uarlajrarh8eeai","previousOperationId":"ogw7cpo8tpfeloc"}
{"type":"log","timestamp":1744207395278,"level":"debug","message":"Page request: GET (image) https://res.cloudinary.com/dpes1dyqb/image/upload/v1738768933/logo_myycxt.jpg","meta":{"rootId":"mufp1k6xlkv7xpd","id":"mufp1k6xlkv7xpd"},"id":"fdyjiedy136xzb4","previousOperationId":"ogw7cpo8tpfeloc"}
{"type":"log","timestamp":1744207395280,"level":"debug","message":"Page request: GET (font) http://localhost:5488/fonts/kalpurush.ttf","meta":{"rootId":"mufp1k6xlkv7xpd","id":"mufp1k6xlkv7xpd"},"id":"nzwvcugh8b0tkal","previousOperationId":"ogw7cpo8tpfeloc"}
{"type":"log","timestamp":1744207395333,"level":"debug","message":"Page request: GET (font) http://localhost:5488/fonts/kalpurush.ttf","meta":{"rootId":"mufp1k6xlkv7xpd","id":"mufp1k6xlkv7xpd"},"id":"8ul8p6q71yk08qp","previousOperationId":"ogw7cpo8tpfeloc"}
{"type":"log","timestamp":1744207395335,"level":"debug","message":"Page request finished: GET (image) 200 https://res.cloudinary.com/dpes1dyqb/image/upload/v1738768933/logo_myycxt.jpg","meta":{"rootId":"mufp1k6xlkv7xpd","id":"mufp1k6xlkv7xpd"},"id":"o6fwjr2c5eo7em4","previousOperationId":"ogw7cpo8tpfeloc"}
{"type":"log","timestamp":1744207395342,"level":"debug","message":"(console:error) Failed to load resource: the server responded with a status of 404 (Not Found)","meta":{"userLevel":true,"rootId":"mufp1k6xlkv7xpd","id":"mufp1k6xlkv7xpd"},"id":"p4adw5g5s0urtai","previousOperationId":"ogw7cpo8tpfeloc"}
{"type":"log","timestamp":1744207395342,"level":"warn","message":"Page request failed: GET (font) http://localhost:5488/fonts/kalpurush.ttf, failure: net::ERR_ABORTED","meta":{"rootId":"mufp1k6xlkv7xpd","id":"mufp1k6xlkv7xpd"},"id":"58itzsjiuij358q","previousOperationId":"ogw7cpo8tpfeloc"}
{"type":"log","timestamp":1744207395351,"level":"debug","message":"Running chrome with params {\"printBackground\":true,\"format\":\"A5\",\"marginRight\":\"\",\"timeout\":59924,\"margin\":{\"right\":\"\"}}","meta":{"rootId":"mufp1k6xlkv7xpd","id":"mufp1k6xlkv7xpd"},"id":"uft2ayfv5rqpwr6","previousOperationId":"ogw7cpo8tpfeloc"}
{"type":"operationEnd","operationId":"ogw7cpo8tpfeloc","timestamp":1744207395669,"id":"rwl9g80u2yhi4k9","previousEventId":"op991xnljqesffy","previousOperationId":"ogw7cpo8tpfeloc"}
{"type":"log","timestamp":1744207395669,"level":"debug","message":"Skipping storing report.","meta":{"rootId":"mufp1k6xlkv7xpd","id":"mufp1k6xlkv7xpd"},"id":"g4iuj0dgjc8kbnq","previousOperationId":"ogw7cpo8tpfeloc"}
{"type":"log","timestamp":1744207395669,"level":"info","message":"Rendering request 60 finished in 563 ms","meta":{"rootId":"mufp1k6xlkv7xpd","id":"mufp1k6xlkv7xpd"},"id":"buwlobwp8ijpaer","previousOperationId":"ogw7cpo8tpfeloc"}
{"type":"operationEnd","subtype":"render","operationId":"5ph7a84cr3etg7k","timestamp":1744207395669,"id":"krb67n9lw7rdx4x","previousEventId":"rwl9g80u2yhi4k9","previousOperationId":"ogw7cpo8tpfeloc"}
{"type":"operationEnd","doDiffs":false,"previousEventId":"c6c8eu1jissnipd","previousOperationId":"3gjz6qdl5zdott2","operationId":"3gjz6qdl5zdott2","timestamp":1744207395673,"id":"wfs5h1t7b9a436h"}
