{"type":"operationStart","subtype":"profile","data":{"_id":"ktp0L2Ad4swjjtpF","timestamp":"2025-04-09T14:32:08.499Z","state":"queued","mode":"standard","creationDate":"2025-04-09T14:32:08.501Z","modificationDate":"2025-04-09T14:32:08.501Z","shortid":"KgR5IpR","$entitySet":"profiles"},"doDiffs":false,"timestamp":1744209128500,"id":"p986wbyfxk5h8ux","previousOperationId":null,"operationId":"dl8s8qw37xbjzgz"}
{"type":"log","level":"info","message":"Render request 104 queued for execution and waiting for available worker","previousOperationId":"dl8s8qw37xbjzgz","timestamp":1744209128500,"id":"bp4a6lpqw3e3ko0"}
{"type":"operationStart","subtype":"render","name":"myTemplate","previousOperationId":"dl8s8qw37xbjzgz","timestamp":1744209128514,"id":"zapx4m54l40cpzk","previousEventId":"p986wbyfxk5h8ux","operationId":"s5icc1pdol7z8f2"}
{"type":"log","timestamp":1744209128514,"level":"info","message":"Starting rendering request 104","meta":{"rootId":"mxo2uogd4gdh9np","id":"mxo2uogd4gdh9np"},"id":"amoi7c1lkiurs4x","previousOperationId":"s5icc1pdol7z8f2"}
{"type":"log","timestamp":1744209128515,"level":"info","message":"Rendering template { name: myTemplate, recipe: chrome-pdf, engine: handlebars, preview: true }","meta":{"rootId":"mxo2uogd4gdh9np","id":"mxo2uogd4gdh9np"},"id":"thmwo9ykrir7qe3","previousOperationId":"s5icc1pdol7z8f2"}
{"type":"log","timestamp":1744209128517,"level":"debug","message":"Inline data specified.","meta":{"rootId":"mxo2uogd4gdh9np","id":"mxo2uogd4gdh9np"},"id":"wrtae0clhkarnyf","previousOperationId":"s5icc1pdol7z8f2"}
{"type":"log","timestamp":1744209128518,"level":"debug","message":"Base url not specified, skipping its injection.","meta":{"rootId":"mxo2uogd4gdh9np","id":"mxo2uogd4gdh9np"},"id":"haoc5fcbado2jet","previousOperationId":"s5icc1pdol7z8f2"}
{"type":"operationStart","subtype":"engine","name":"handlebars","timestamp":1744209128518,"id":"gsggueifnutripi","previousEventId":"zapx4m54l40cpzk","operationId":"31kez8p8tlxkp5a","previousOperationId":"s5icc1pdol7z8f2"}
{"type":"log","timestamp":1744209128519,"level":"debug","message":"Rendering engine handlebars","meta":{"rootId":"mxo2uogd4gdh9np","id":"mxo2uogd4gdh9np"},"id":"lc8cces82614fhf","previousOperationId":"31kez8p8tlxkp5a"}
{"type":"operationEnd","operationId":"31kez8p8tlxkp5a","timestamp":1744209128538,"id":"qgm06t0tnb6adbj","previousEventId":"gsggueifnutripi","previousOperationId":"31kez8p8tlxkp5a"}
{"type":"operationStart","subtype":"recipe","name":"chrome-pdf","timestamp":1744209128538,"id":"oho80efzm1ddva1","previousEventId":"qgm06t0tnb6adbj","operationId":"krrf4t7heappdjk","previousOperationId":"31kez8p8tlxkp5a"}
{"type":"log","timestamp":1744209128538,"level":"debug","message":"Executing recipe chrome-pdf","meta":{"rootId":"mxo2uogd4gdh9np","id":"mxo2uogd4gdh9np"},"id":"h0jktfcqfvexg32","previousOperationId":"krrf4t7heappdjk"}
{"type":"log","timestamp":1744209128541,"level":"debug","message":"Converting with chrome Chrome/133.0.6943.126 using chrome-pool strategy","meta":{"rootId":"mxo2uogd4gdh9np","id":"mxo2uogd4gdh9np"},"id":"ezimsdjdnqs7p35","previousOperationId":"krrf4t7heappdjk"}
{"type":"log","timestamp":1744209128616,"level":"debug","message":"Page request: GET (document) file:///C:/Users/Patheo24/AppData/Local/Temp/jsreport/autocleanup/6b7c3ba5-15b6-4a29-bdc0-efe6e2674da4-chrome-pdf.html","meta":{"rootId":"mxo2uogd4gdh9np","id":"mxo2uogd4gdh9np"},"id":"xg6i9fo7zo9pwd8","previousOperationId":"krrf4t7heappdjk"}
{"type":"log","timestamp":1744209128658,"level":"debug","message":"Page request finished: GET (document) 200 file:///C:/Users/Patheo24/AppData/Local/Temp/jsreport/autocleanup/6b7c3ba5-15b6-4a29-bdc0-efe6e2674da4-chrome-pdf.html","meta":{"rootId":"mxo2uogd4gdh9np","id":"mxo2uogd4gdh9np"},"id":"pdmtzqvxw6z1xxj","previousOperationId":"krrf4t7heappdjk"}
{"type":"log","timestamp":1744209128669,"level":"debug","message":"(console:info) Slow network is detected. See https://www.chromestatus.com/feature/5636954674692096 for more details. Fallback font will be used while loading: http://localhost:5488/fonts/kalpurush.ttf","meta":{"userLevel":true,"rootId":"mxo2uogd4gdh9np","id":"mxo2uogd4gdh9np"},"id":"kzdlm8jhqfqo6sk","previousOperationId":"krrf4t7heappdjk"}
{"type":"log","timestamp":1744209128669,"level":"debug","message":"Page request: GET (image) https://res.cloudinary.com/dpes1dyqb/image/upload/v1738768933/logo_myycxt.jpg","meta":{"rootId":"mxo2uogd4gdh9np","id":"mxo2uogd4gdh9np"},"id":"4ooe7n62n36a93y","previousOperationId":"krrf4t7heappdjk"}
{"type":"log","timestamp":1744209128672,"level":"debug","message":"Page request: GET (font) http://localhost:5488/fonts/kalpurush.ttf","meta":{"rootId":"mxo2uogd4gdh9np","id":"mxo2uogd4gdh9np"},"id":"5ipkyts5kfetf0c","previousOperationId":"krrf4t7heappdjk"}
{"type":"log","timestamp":1744209128736,"level":"debug","message":"Page request finished: GET (image) 200 https://res.cloudinary.com/dpes1dyqb/image/upload/v1738768933/logo_myycxt.jpg","meta":{"rootId":"mxo2uogd4gdh9np","id":"mxo2uogd4gdh9np"},"id":"zzj5p6gs1oau39y","previousOperationId":"krrf4t7heappdjk"}
{"type":"log","timestamp":1744209128736,"level":"debug","message":"Page request: GET (font) http://localhost:5488/fonts/kalpurush.ttf","meta":{"rootId":"mxo2uogd4gdh9np","id":"mxo2uogd4gdh9np"},"id":"nrxpbw06oiregmm","previousOperationId":"krrf4t7heappdjk"}
{"type":"log","timestamp":1744209128750,"level":"debug","message":"(console:error) Failed to load resource: the server responded with a status of 404 (Not Found)","meta":{"userLevel":true,"rootId":"mxo2uogd4gdh9np","id":"mxo2uogd4gdh9np"},"id":"a9eq4g8lzb6a5r6","previousOperationId":"krrf4t7heappdjk"}
{"type":"log","timestamp":1744209128750,"level":"warn","message":"Page request failed: GET (font) http://localhost:5488/fonts/kalpurush.ttf, failure: net::ERR_ABORTED","meta":{"rootId":"mxo2uogd4gdh9np","id":"mxo2uogd4gdh9np"},"id":"vmlc3pgn962ct8b","previousOperationId":"krrf4t7heappdjk"}
{"type":"log","timestamp":1744209128760,"level":"debug","message":"Running chrome with params {\"printBackground\":true,\"format\":\"A5\",\"marginRight\":\"\",\"height\":\"\",\"marginTop\":\"\",\"marginBottom\":\"\",\"marginLeft\":\"\",\"displayHeaderFooter\":true,\"width\":\"\",\"timeout\":59959,\"margin\":{\"top\":\"\",\"right\":\"\",\"bottom\":\"\",\"left\":\"\"}}","meta":{"rootId":"mxo2uogd4gdh9np","id":"mxo2uogd4gdh9np"},"id":"4k15zblm0x62p8z","previousOperationId":"krrf4t7heappdjk"}
{"type":"operationEnd","operationId":"krrf4t7heappdjk","timestamp":1744209129291,"id":"ujk4ow7zkou03d5","previousEventId":"oho80efzm1ddva1","previousOperationId":"krrf4t7heappdjk"}
{"type":"log","timestamp":1744209129291,"level":"debug","message":"Skipping storing report.","meta":{"rootId":"mxo2uogd4gdh9np","id":"mxo2uogd4gdh9np"},"id":"k1k3qm6xfpr1rzc","previousOperationId":"krrf4t7heappdjk"}
{"type":"log","timestamp":1744209129291,"level":"info","message":"Rendering request 104 finished in 792 ms","meta":{"rootId":"mxo2uogd4gdh9np","id":"mxo2uogd4gdh9np"},"id":"66kmr9ajzux3a8o","previousOperationId":"krrf4t7heappdjk"}
{"type":"operationEnd","subtype":"render","operationId":"s5icc1pdol7z8f2","timestamp":1744209129291,"id":"etop9mrvg81qtzv","previousEventId":"ujk4ow7zkou03d5","previousOperationId":"krrf4t7heappdjk"}
{"type":"operationEnd","doDiffs":false,"previousEventId":"p986wbyfxk5h8ux","previousOperationId":"dl8s8qw37xbjzgz","operationId":"dl8s8qw37xbjzgz","timestamp":1744209129294,"id":"sfbgckgmmkyd5pa"}
