{"type":"operationStart","subtype":"profile","data":{"_id":"yg3YNC1GhFujUr9O","timestamp":"2025-04-09T10:50:45.013Z","state":"queued","mode":"standard","creationDate":"2025-04-09T10:50:45.015Z","modificationDate":"2025-04-09T10:50:45.015Z","shortid":"zS55JCs","$entitySet":"profiles"},"doDiffs":false,"timestamp":1744195845014,"id":"s8n4l6p15s68kwx","previousOperationId":null,"operationId":"g8ijfr4opdzdcme"}
{"type":"log","level":"info","message":"Render request 27 queued for execution and waiting for available worker","previousOperationId":"g8ijfr4opdzdcme","timestamp":1744195845015,"id":"4aw7f8ilone20cj"}
{"type":"operationStart","subtype":"render","name":"myTemplate","previousOperationId":"g8ijfr4opdzdcme","timestamp":1744195845028,"id":"h9fbphbppxrv8li","previousEventId":"s8n4l6p15s68kwx","operationId":"fmdkp1betykeomv"}
{"type":"log","timestamp":1744195845028,"level":"info","message":"Starting rendering request 27","meta":{"rootId":"n0bhrt6gybs5gb4","id":"n0bhrt6gybs5gb4"},"id":"quf0huqple6fz3l","previousOperationId":"fmdkp1betykeomv"}
{"type":"log","timestamp":1744195845028,"level":"info","message":"Rendering template { name: myTemplate, recipe: chrome-pdf, engine: handlebars, preview: true }","meta":{"rootId":"n0bhrt6gybs5gb4","id":"n0bhrt6gybs5gb4"},"id":"0dlrfc8qacmm8nb","previousOperationId":"fmdkp1betykeomv"}
{"type":"log","timestamp":1744195845029,"level":"debug","message":"Inline data specified.","meta":{"rootId":"n0bhrt6gybs5gb4","id":"n0bhrt6gybs5gb4"},"id":"m0auvlh0tuvnivp","previousOperationId":"fmdkp1betykeomv"}
{"type":"log","timestamp":1744195845030,"level":"debug","message":"Base url not specified, skipping its injection.","meta":{"rootId":"n0bhrt6gybs5gb4","id":"n0bhrt6gybs5gb4"},"id":"jmw0idplmsu9awh","previousOperationId":"fmdkp1betykeomv"}
{"type":"operationStart","subtype":"engine","name":"handlebars","timestamp":1744195845030,"id":"jj993xt2keujmzx","previousEventId":"h9fbphbppxrv8li","operationId":"u9ba2x6wi7djmwb","previousOperationId":"fmdkp1betykeomv"}
{"type":"log","timestamp":1744195845030,"level":"debug","message":"Rendering engine handlebars","meta":{"rootId":"n0bhrt6gybs5gb4","id":"n0bhrt6gybs5gb4"},"id":"1r4s54frct774jo","previousOperationId":"u9ba2x6wi7djmwb"}
{"type":"operationEnd","operationId":"u9ba2x6wi7djmwb","timestamp":1744195845047,"id":"rbhiikplecxj7nu","previousEventId":"jj993xt2keujmzx","previousOperationId":"u9ba2x6wi7djmwb"}
{"type":"operationStart","subtype":"recipe","name":"chrome-pdf","timestamp":1744195845047,"id":"4oyuk9y9a17mh15","previousEventId":"rbhiikplecxj7nu","operationId":"a46rdhzn30a3d7w","previousOperationId":"u9ba2x6wi7djmwb"}
{"type":"log","timestamp":1744195845047,"level":"debug","message":"Executing recipe chrome-pdf","meta":{"rootId":"n0bhrt6gybs5gb4","id":"n0bhrt6gybs5gb4"},"id":"4570oko71otr6ac","previousOperationId":"a46rdhzn30a3d7w"}
{"type":"log","timestamp":1744195845050,"level":"debug","message":"Converting with chrome Chrome/133.0.6943.126 using chrome-pool strategy","meta":{"rootId":"n0bhrt6gybs5gb4","id":"n0bhrt6gybs5gb4"},"id":"6ffq645hku0ffwr","previousOperationId":"a46rdhzn30a3d7w"}
{"type":"log","timestamp":1744195845116,"level":"debug","message":"Page request: GET (document) file:///C:/Users/Patheo24/AppData/Local/Temp/jsreport/autocleanup/66e6ec71-0e4d-4952-9419-96aca25168e1-chrome-pdf.html","meta":{"rootId":"n0bhrt6gybs5gb4","id":"n0bhrt6gybs5gb4"},"id":"nw189lv8z8982y3","previousOperationId":"a46rdhzn30a3d7w"}
{"type":"log","timestamp":1744195845141,"level":"debug","message":"Page request finished: GET (document) 200 file:///C:/Users/Patheo24/AppData/Local/Temp/jsreport/autocleanup/66e6ec71-0e4d-4952-9419-96aca25168e1-chrome-pdf.html","meta":{"rootId":"n0bhrt6gybs5gb4","id":"n0bhrt6gybs5gb4"},"id":"fqgf6trdppvdc7q","previousOperationId":"a46rdhzn30a3d7w"}
{"type":"log","timestamp":1744195845143,"level":"debug","message":"Page request: GET (image) https://res.cloudinary.com/dpes1dyqb/image/upload/v1738768933/logo_myycxt.jpg","meta":{"rootId":"n0bhrt6gybs5gb4","id":"n0bhrt6gybs5gb4"},"id":"cy1ibvibie6rrrf","previousOperationId":"a46rdhzn30a3d7w"}
{"type":"log","timestamp":1744195845147,"level":"debug","message":"(console:info) Slow network is detected. See https://www.chromestatus.com/feature/5636954674692096 for more details. Fallback font will be used while loading: http://localhost:5488/fonts/kalpurush.ttf","meta":{"userLevel":true,"rootId":"n0bhrt6gybs5gb4","id":"n0bhrt6gybs5gb4"},"id":"a16wltbt0rm3dqp","previousOperationId":"a46rdhzn30a3d7w"}
{"type":"log","timestamp":1744195845148,"level":"debug","message":"Page request: GET (font) http://localhost:5488/fonts/kalpurush.ttf","meta":{"rootId":"n0bhrt6gybs5gb4","id":"n0bhrt6gybs5gb4"},"id":"4dqeoyzlxhbus4j","previousOperationId":"a46rdhzn30a3d7w"}
{"type":"log","timestamp":1744195845187,"level":"debug","message":"Page request finished: GET (image) 200 https://res.cloudinary.com/dpes1dyqb/image/upload/v1738768933/logo_myycxt.jpg","meta":{"rootId":"n0bhrt6gybs5gb4","id":"n0bhrt6gybs5gb4"},"id":"seurnpy5kpbe5ov","previousOperationId":"a46rdhzn30a3d7w"}
{"type":"log","timestamp":1744195845188,"level":"debug","message":"Page request: GET (font) http://localhost:5488/fonts/kalpurush.ttf","meta":{"rootId":"n0bhrt6gybs5gb4","id":"n0bhrt6gybs5gb4"},"id":"p0xy83qn1618fa0","previousOperationId":"a46rdhzn30a3d7w"}
{"type":"log","timestamp":1744195845195,"level":"debug","message":"(console:error) Failed to load resource: the server responded with a status of 404 (Not Found)","meta":{"userLevel":true,"rootId":"n0bhrt6gybs5gb4","id":"n0bhrt6gybs5gb4"},"id":"f4fw1rjd8lrn5i3","previousOperationId":"a46rdhzn30a3d7w"}
{"type":"log","timestamp":1744195845196,"level":"warn","message":"Page request failed: GET (font) http://localhost:5488/fonts/kalpurush.ttf, failure: net::ERR_ABORTED","meta":{"rootId":"n0bhrt6gybs5gb4","id":"n0bhrt6gybs5gb4"},"id":"1ffs3g9dq7ah5rh","previousOperationId":"a46rdhzn30a3d7w"}
{"type":"log","timestamp":1744195845202,"level":"debug","message":"Running chrome with params {\"printBackground\":true,\"timeout\":59964,\"margin\":{}}","meta":{"rootId":"n0bhrt6gybs5gb4","id":"n0bhrt6gybs5gb4"},"id":"w3ujul1gapuwjqi","previousOperationId":"a46rdhzn30a3d7w"}
{"type":"operationEnd","operationId":"a46rdhzn30a3d7w","timestamp":1744195845486,"id":"3obugytbnw5s2ol","previousEventId":"4oyuk9y9a17mh15","previousOperationId":"a46rdhzn30a3d7w"}
{"type":"log","timestamp":1744195845486,"level":"debug","message":"Skipping storing report.","meta":{"rootId":"n0bhrt6gybs5gb4","id":"n0bhrt6gybs5gb4"},"id":"k2tzdofg6wi57e2","previousOperationId":"a46rdhzn30a3d7w"}
{"type":"log","timestamp":1744195845486,"level":"info","message":"Rendering request 27 finished in 473 ms","meta":{"rootId":"n0bhrt6gybs5gb4","id":"n0bhrt6gybs5gb4"},"id":"7zk3w2ivz1qt7su","previousOperationId":"a46rdhzn30a3d7w"}
{"type":"operationEnd","subtype":"render","operationId":"fmdkp1betykeomv","timestamp":1744195845486,"id":"80wr84hlzai5d57","previousEventId":"3obugytbnw5s2ol","previousOperationId":"a46rdhzn30a3d7w"}
{"type":"operationEnd","doDiffs":false,"previousEventId":"s8n4l6p15s68kwx","previousOperationId":"g8ijfr4opdzdcme","operationId":"g8ijfr4opdzdcme","timestamp":1744195845491,"id":"o0p54ysc2j3q54n"}
