{"type":"operationStart","subtype":"profile","data":{"_id":"v8uB2Ea1uowFgdFg","timestamp":"2025-04-10T13:24:58.785Z","state":"queued","mode":"standard","creationDate":"2025-04-10T13:24:58.788Z","modificationDate":"2025-04-10T13:24:58.788Z","shortid":"ED_mGF3","$entitySet":"profiles"},"doDiffs":false,"timestamp":1744291498786,"id":"6wxxpi6llvtij2b","previousOperationId":null,"operationId":"0noojtra5au71y1"}
{"type":"log","level":"info","message":"Render request 28 queued for execution and waiting for available worker","previousOperationId":"0noojtra5au71y1","timestamp":1744291498787,"id":"7skt7rvav74pg23"}
{"type":"operationStart","subtype":"render","name":"myTemplate","previousOperationId":"0noojtra5au71y1","timestamp":1744291498801,"id":"hhsucu843v0vjbk","previousEventId":"6wxxpi6llvtij2b","operationId":"9e7yf8u9bok50ic"}
{"type":"log","timestamp":1744291498801,"level":"info","message":"Starting rendering request 28","meta":{"rootId":"n57hc40j1c62ukr","id":"n57hc40j1c62ukr"},"id":"lt7fxdmdu4mrkcq","previousOperationId":"9e7yf8u9bok50ic"}
{"type":"log","timestamp":1744291498801,"level":"info","message":"Rendering template { name: myTemplate, recipe: chrome-pdf, engine: handlebars, preview: true }","meta":{"rootId":"n57hc40j1c62ukr","id":"n57hc40j1c62ukr"},"id":"cuwfktyvo1tza9d","previousOperationId":"9e7yf8u9bok50ic"}
{"type":"log","timestamp":1744291498802,"level":"debug","message":"Adding sample data HUavgV0Kc","meta":{"rootId":"n57hc40j1c62ukr","id":"n57hc40j1c62ukr"},"id":"vbe3hstgcvfjtd2","previousOperationId":"9e7yf8u9bok50ic"}
{"type":"log","timestamp":1744291498804,"level":"debug","message":"Base url not specified, skipping its injection.","meta":{"rootId":"n57hc40j1c62ukr","id":"n57hc40j1c62ukr"},"id":"l5c2xzhi4zb3gcy","previousOperationId":"9e7yf8u9bok50ic"}
{"type":"operationStart","subtype":"engine","name":"handlebars","timestamp":1744291498804,"id":"blzjsrf10lb31qe","previousEventId":"hhsucu843v0vjbk","operationId":"3z23jtjrxh6dh06","previousOperationId":"9e7yf8u9bok50ic"}
{"type":"log","timestamp":1744291498804,"level":"debug","message":"Rendering engine handlebars","meta":{"rootId":"n57hc40j1c62ukr","id":"n57hc40j1c62ukr"},"id":"vy3xuwq7e16d8hg","previousOperationId":"3z23jtjrxh6dh06"}
{"type":"operationEnd","operationId":"3z23jtjrxh6dh06","timestamp":1744291498839,"id":"5stl5bltnt1brya","previousEventId":"blzjsrf10lb31qe","previousOperationId":"3z23jtjrxh6dh06"}
{"type":"operationStart","subtype":"recipe","name":"chrome-pdf","timestamp":1744291498839,"id":"qtue64ny3nsv9lb","previousEventId":"5stl5bltnt1brya","operationId":"qm6kz0yhozlzp63","previousOperationId":"3z23jtjrxh6dh06"}
{"type":"log","timestamp":1744291498839,"level":"debug","message":"Executing recipe chrome-pdf","meta":{"rootId":"n57hc40j1c62ukr","id":"n57hc40j1c62ukr"},"id":"nhvwn8blrop61wj","previousOperationId":"qm6kz0yhozlzp63"}
{"type":"log","timestamp":1744291498843,"level":"debug","message":"Converting with chrome Chrome/133.0.6943.126 using chrome-pool strategy","meta":{"rootId":"n57hc40j1c62ukr","id":"n57hc40j1c62ukr"},"id":"nqwel9t4a5nm58k","previousOperationId":"qm6kz0yhozlzp63"}
{"type":"log","timestamp":1744291498914,"level":"debug","message":"Page request: GET (document) file:///C:/Users/Patheo24/AppData/Local/Temp/jsreport/autocleanup/d2638929-6dab-4ce4-b639-78b7c1f55609-chrome-pdf.html","meta":{"rootId":"n57hc40j1c62ukr","id":"n57hc40j1c62ukr"},"id":"ayxtvpy4nxc6w5l","previousOperationId":"qm6kz0yhozlzp63"}
{"type":"log","timestamp":1744291498948,"level":"debug","message":"Page request finished: GET (document) 200 file:///C:/Users/Patheo24/AppData/Local/Temp/jsreport/autocleanup/d2638929-6dab-4ce4-b639-78b7c1f55609-chrome-pdf.html","meta":{"rootId":"n57hc40j1c62ukr","id":"n57hc40j1c62ukr"},"id":"4ain93ls5mxd3f6","previousOperationId":"qm6kz0yhozlzp63"}
{"type":"log","timestamp":1744291498952,"level":"debug","message":"Page request: GET (font) http://localhost:5488/fonts/kalpurush.ttf","meta":{"rootId":"n57hc40j1c62ukr","id":"n57hc40j1c62ukr"},"id":"mm939m750ak6omf","previousOperationId":"qm6kz0yhozlzp63"}
{"type":"log","timestamp":1744291498953,"level":"debug","message":"Page request: GET (image) https://res.cloudinary.com/dpes1dyqb/image/upload/v1738768933/logo_myycxt.jpg","meta":{"rootId":"n57hc40j1c62ukr","id":"n57hc40j1c62ukr"},"id":"anhqt8n4htmcrqg","previousOperationId":"qm6kz0yhozlzp63"}
{"type":"log","timestamp":1744291498957,"level":"debug","message":"Page request: GET (font) http://localhost:5488/fonts/kalpurush.ttf","meta":{"rootId":"n57hc40j1c62ukr","id":"n57hc40j1c62ukr"},"id":"z8mkjk3qd86ie0n","previousOperationId":"qm6kz0yhozlzp63"}
{"type":"log","timestamp":1744291498959,"level":"debug","message":"Page request finished: GET (image) 200 https://res.cloudinary.com/dpes1dyqb/image/upload/v1738768933/logo_myycxt.jpg","meta":{"rootId":"n57hc40j1c62ukr","id":"n57hc40j1c62ukr"},"id":"0l8szy5at4s0omc","previousOperationId":"qm6kz0yhozlzp63"}
{"type":"log","timestamp":1744291499014,"level":"debug","message":"(console:error) Failed to load resource: the server responded with a status of 404 (Not Found)","meta":{"userLevel":true,"rootId":"n57hc40j1c62ukr","id":"n57hc40j1c62ukr"},"id":"hbgo8t28ess0b37","previousOperationId":"qm6kz0yhozlzp63"}
{"type":"log","timestamp":1744291499014,"level":"warn","message":"Page request failed: GET (font) http://localhost:5488/fonts/kalpurush.ttf, failure: net::ERR_ABORTED","meta":{"rootId":"n57hc40j1c62ukr","id":"n57hc40j1c62ukr"},"id":"jaa8z9atydqlgua","previousOperationId":"qm6kz0yhozlzp63"}
{"type":"log","timestamp":1744291499029,"level":"debug","message":"Running chrome with params {\"printBackground\":true,\"format\":\"A5\",\"marginRight\":\"\",\"height\":\"\",\"marginTop\":\"\",\"marginBottom\":\"\",\"marginLeft\":\"\",\"displayHeaderFooter\":true,\"width\":\"\",\"timeout\":59943,\"margin\":{\"top\":\"\",\"right\":\"\",\"bottom\":\"\",\"left\":\"\"}}","meta":{"rootId":"n57hc40j1c62ukr","id":"n57hc40j1c62ukr"},"id":"q8b2d5r6z4qzujw","previousOperationId":"qm6kz0yhozlzp63"}
{"type":"operationEnd","operationId":"qm6kz0yhozlzp63","timestamp":1744291499358,"id":"6z2h8hjlupki2gk","previousEventId":"qtue64ny3nsv9lb","previousOperationId":"qm6kz0yhozlzp63"}
{"type":"log","timestamp":1744291499358,"level":"debug","message":"Skipping storing report.","meta":{"rootId":"n57hc40j1c62ukr","id":"n57hc40j1c62ukr"},"id":"ih81mhajd73qq4s","previousOperationId":"qm6kz0yhozlzp63"}
{"type":"log","timestamp":1744291499359,"level":"info","message":"Rendering request 28 finished in 574 ms","meta":{"rootId":"n57hc40j1c62ukr","id":"n57hc40j1c62ukr"},"id":"jo2yju4bjvqyk54","previousOperationId":"qm6kz0yhozlzp63"}
{"type":"operationEnd","subtype":"render","operationId":"9e7yf8u9bok50ic","timestamp":1744291499359,"id":"aeei1t4q953pilf","previousEventId":"6z2h8hjlupki2gk","previousOperationId":"qm6kz0yhozlzp63"}
{"type":"operationEnd","doDiffs":false,"previousEventId":"6wxxpi6llvtij2b","previousOperationId":"0noojtra5au71y1","operationId":"0noojtra5au71y1","timestamp":1744291499363,"id":"1dr02gp6np02u1b"}
