{"type":"operationStart","subtype":"profile","data":{"_id":"przxPkiF6x3hGXJu","timestamp":"2025-04-09T14:14:38.002Z","state":"queued","mode":"standard","creationDate":"2025-04-09T14:14:38.005Z","modificationDate":"2025-04-09T14:14:38.005Z","shortid":"1XtbhbJ","$entitySet":"profiles"},"doDiffs":false,"timestamp":1744208078004,"id":"fh1emy7ynw58bfa","previousOperationId":null,"operationId":"0pc66vvz8ms0can"}
{"type":"log","level":"info","message":"Render request 79 queued for execution and waiting for available worker","previousOperationId":"0pc66vvz8ms0can","timestamp":1744208078004,"id":"lmqddu4c9z6wz47"}
{"type":"operationStart","subtype":"render","name":"myTemplate","previousOperationId":"0pc66vvz8ms0can","timestamp":1744208078019,"id":"gj0j5jsn2jbjki7","previousEventId":"fh1emy7ynw58bfa","operationId":"g1ayvu540hdnv8a"}
{"type":"log","timestamp":1744208078019,"level":"info","message":"Starting rendering request 79","meta":{"rootId":"n7xnzbdlimmqsm9","id":"n7xnzbdlimmqsm9"},"id":"41zel7rp160a7qp","previousOperationId":"g1ayvu540hdnv8a"}
{"type":"log","timestamp":1744208078019,"level":"info","message":"Rendering template { name: myTemplate, recipe: chrome-pdf, engine: handlebars, preview: true }","meta":{"rootId":"n7xnzbdlimmqsm9","id":"n7xnzbdlimmqsm9"},"id":"3bw9w1dher5xqdm","previousOperationId":"g1ayvu540hdnv8a"}
{"type":"log","timestamp":1744208078020,"level":"debug","message":"Adding sample data HUavgV0Kc","meta":{"rootId":"n7xnzbdlimmqsm9","id":"n7xnzbdlimmqsm9"},"id":"vl3it7ytyocvcxq","previousOperationId":"g1ayvu540hdnv8a"}
{"type":"log","timestamp":1744208078022,"level":"debug","message":"Base url not specified, skipping its injection.","meta":{"rootId":"n7xnzbdlimmqsm9","id":"n7xnzbdlimmqsm9"},"id":"nz0zw7dvmeqqjpr","previousOperationId":"g1ayvu540hdnv8a"}
{"type":"operationStart","subtype":"engine","name":"handlebars","timestamp":1744208078022,"id":"z0t96a7r4el1izt","previousEventId":"gj0j5jsn2jbjki7","operationId":"v3p2uf66buj06rz","previousOperationId":"g1ayvu540hdnv8a"}
{"type":"log","timestamp":1744208078022,"level":"debug","message":"Rendering engine handlebars","meta":{"rootId":"n7xnzbdlimmqsm9","id":"n7xnzbdlimmqsm9"},"id":"xp7aeq56wqcgn41","previousOperationId":"v3p2uf66buj06rz"}
{"type":"operationEnd","operationId":"v3p2uf66buj06rz","timestamp":1744208078051,"id":"xoueom8qc0ui4mb","previousEventId":"z0t96a7r4el1izt","previousOperationId":"v3p2uf66buj06rz"}
{"type":"operationStart","subtype":"recipe","name":"chrome-pdf","timestamp":1744208078052,"id":"aracvma6exugmmt","previousEventId":"xoueom8qc0ui4mb","operationId":"6p8fggg58lqjd1u","previousOperationId":"v3p2uf66buj06rz"}
{"type":"log","timestamp":1744208078052,"level":"debug","message":"Executing recipe chrome-pdf","meta":{"rootId":"n7xnzbdlimmqsm9","id":"n7xnzbdlimmqsm9"},"id":"jqb3f2lkgia8ebl","previousOperationId":"6p8fggg58lqjd1u"}
{"type":"log","timestamp":1744208078055,"level":"debug","message":"Converting with chrome Chrome/133.0.6943.126 using chrome-pool strategy","meta":{"rootId":"n7xnzbdlimmqsm9","id":"n7xnzbdlimmqsm9"},"id":"w43shvpdxaoh1sk","previousOperationId":"6p8fggg58lqjd1u"}
{"type":"log","timestamp":1744208078139,"level":"debug","message":"Page request: GET (document) file:///C:/Users/Patheo24/AppData/Local/Temp/jsreport/autocleanup/99400f09-ed34-441d-b25a-98c59571f444-chrome-pdf.html","meta":{"rootId":"n7xnzbdlimmqsm9","id":"n7xnzbdlimmqsm9"},"id":"qf97er8bcypmaj1","previousOperationId":"6p8fggg58lqjd1u"}
{"type":"log","timestamp":1744208078173,"level":"debug","message":"Page request finished: GET (document) 200 file:///C:/Users/Patheo24/AppData/Local/Temp/jsreport/autocleanup/99400f09-ed34-441d-b25a-98c59571f444-chrome-pdf.html","meta":{"rootId":"n7xnzbdlimmqsm9","id":"n7xnzbdlimmqsm9"},"id":"3atqn8s6mztsnjp","previousOperationId":"6p8fggg58lqjd1u"}
{"type":"log","timestamp":1744208078182,"level":"debug","message":"Page request: GET (font) http://localhost:5488/fonts/kalpurush.ttf","meta":{"rootId":"n7xnzbdlimmqsm9","id":"n7xnzbdlimmqsm9"},"id":"fpsh3gakaipumgc","previousOperationId":"6p8fggg58lqjd1u"}
{"type":"log","timestamp":1744208078184,"level":"debug","message":"Page request: GET (image) https://res.cloudinary.com/dpes1dyqb/image/upload/v1738768933/logo_myycxt.jpg","meta":{"rootId":"n7xnzbdlimmqsm9","id":"n7xnzbdlimmqsm9"},"id":"d2cluka4hjm1a6n","previousOperationId":"6p8fggg58lqjd1u"}
{"type":"log","timestamp":1744208078242,"level":"debug","message":"Page request: GET (font) http://localhost:5488/fonts/kalpurush.ttf","meta":{"rootId":"n7xnzbdlimmqsm9","id":"n7xnzbdlimmqsm9"},"id":"u7kkvi7h8oozkgm","previousOperationId":"6p8fggg58lqjd1u"}
{"type":"log","timestamp":1744208078243,"level":"debug","message":"Page request finished: GET (image) 200 https://res.cloudinary.com/dpes1dyqb/image/upload/v1738768933/logo_myycxt.jpg","meta":{"rootId":"n7xnzbdlimmqsm9","id":"n7xnzbdlimmqsm9"},"id":"wix8vmcc542zr98","previousOperationId":"6p8fggg58lqjd1u"}
{"type":"log","timestamp":1744208078256,"level":"debug","message":"(console:error) Failed to load resource: the server responded with a status of 404 (Not Found)","meta":{"userLevel":true,"rootId":"n7xnzbdlimmqsm9","id":"n7xnzbdlimmqsm9"},"id":"dnaiw918dkfx9yj","previousOperationId":"6p8fggg58lqjd1u"}
{"type":"log","timestamp":1744208078256,"level":"warn","message":"Page request failed: GET (font) http://localhost:5488/fonts/kalpurush.ttf, failure: net::ERR_ABORTED","meta":{"rootId":"n7xnzbdlimmqsm9","id":"n7xnzbdlimmqsm9"},"id":"6rgfw4p1d4k1anb","previousOperationId":"6p8fggg58lqjd1u"}
{"type":"log","timestamp":1744208078268,"level":"debug","message":"Running chrome with params {\"printBackground\":true,\"format\":\"A5\",\"marginRight\":\"\",\"height\":\"\",\"marginTop\":\"\",\"marginBottom\":\"\",\"marginLeft\":\"\",\"displayHeaderFooter\":true,\"width\":\"\",\"timeout\":59949,\"margin\":{\"top\":\"\",\"right\":\"\",\"bottom\":\"\",\"left\":\"\"}}","meta":{"rootId":"n7xnzbdlimmqsm9","id":"n7xnzbdlimmqsm9"},"id":"jfmwck8k3rzkqyq","previousOperationId":"6p8fggg58lqjd1u"}
{"type":"operationEnd","operationId":"6p8fggg58lqjd1u","timestamp":1744208078678,"id":"34wi8rmzf6l1a12","previousEventId":"aracvma6exugmmt","previousOperationId":"6p8fggg58lqjd1u"}
{"type":"log","timestamp":1744208078678,"level":"debug","message":"Skipping storing report.","meta":{"rootId":"n7xnzbdlimmqsm9","id":"n7xnzbdlimmqsm9"},"id":"16sgdp24gvskxya","previousOperationId":"6p8fggg58lqjd1u"}
{"type":"log","timestamp":1744208078678,"level":"info","message":"Rendering request 79 finished in 676 ms","meta":{"rootId":"n7xnzbdlimmqsm9","id":"n7xnzbdlimmqsm9"},"id":"acz5o5qvxlv3602","previousOperationId":"6p8fggg58lqjd1u"}
{"type":"operationEnd","subtype":"render","operationId":"g1ayvu540hdnv8a","timestamp":1744208078678,"id":"7ieyod9ebyz8y1x","previousEventId":"34wi8rmzf6l1a12","previousOperationId":"6p8fggg58lqjd1u"}
{"type":"operationEnd","doDiffs":false,"previousEventId":"fh1emy7ynw58bfa","previousOperationId":"0pc66vvz8ms0can","operationId":"0pc66vvz8ms0can","timestamp":1744208078682,"id":"82nqrk196d71zjb"}
