{"type":"operationStart","subtype":"profile","data":{"_id":"dis6RHhKARYKmu01","timestamp":"2025-04-09T13:51:13.891Z","state":"queued","mode":"standard","creationDate":"2025-04-09T13:51:13.893Z","modificationDate":"2025-04-09T13:51:13.893Z","shortid":"3s5sYHM","$entitySet":"profiles"},"doDiffs":false,"timestamp":1744206673892,"id":"natvh9q1cd3ovuz","previousOperationId":null,"operationId":"ngru0nsqf87695c"}
{"type":"log","level":"info","message":"Render request 35 queued for execution and waiting for available worker","previousOperationId":"ngru0nsqf87695c","timestamp":1744206673892,"id":"d646qxhi8x6q96v"}
{"type":"operationStart","subtype":"render","name":"myTemplate","previousOperationId":"ngru0nsqf87695c","timestamp":1744206673905,"id":"ggtckur57ia9vul","previousEventId":"natvh9q1cd3ovuz","operationId":"cmddq6vurztj9kp"}
{"type":"log","timestamp":1744206673905,"level":"info","message":"Starting rendering request 35","meta":{"rootId":"n9ulhxh9xvag304","id":"n9ulhxh9xvag304"},"id":"a4n990fn1lpb4wk","previousOperationId":"cmddq6vurztj9kp"}
{"type":"log","timestamp":1744206673905,"level":"info","message":"Rendering template { name: myTemplate, recipe: chrome-pdf, engine: handlebars, preview: true }","meta":{"rootId":"n9ulhxh9xvag304","id":"n9ulhxh9xvag304"},"id":"1edicyzkp8rjpez","previousOperationId":"cmddq6vurztj9kp"}
{"type":"log","timestamp":1744206673906,"level":"debug","message":"Adding sample data HUavgV0Kc","meta":{"rootId":"n9ulhxh9xvag304","id":"n9ulhxh9xvag304"},"id":"0zbr26zu65f1x9u","previousOperationId":"cmddq6vurztj9kp"}
{"type":"log","timestamp":1744206673910,"level":"debug","message":"Base url not specified, skipping its injection.","meta":{"rootId":"n9ulhxh9xvag304","id":"n9ulhxh9xvag304"},"id":"r7tejl2fsy49izc","previousOperationId":"cmddq6vurztj9kp"}
{"type":"operationStart","subtype":"engine","name":"handlebars","timestamp":1744206673910,"id":"krtd7nckdu9iiwm","previousEventId":"ggtckur57ia9vul","operationId":"2be2k8c7wpv6ebg","previousOperationId":"cmddq6vurztj9kp"}
{"type":"log","timestamp":1744206673910,"level":"debug","message":"Rendering engine handlebars","meta":{"rootId":"n9ulhxh9xvag304","id":"n9ulhxh9xvag304"},"id":"obmwc48vzvpk9tj","previousOperationId":"2be2k8c7wpv6ebg"}
{"type":"operationEnd","operationId":"2be2k8c7wpv6ebg","timestamp":1744206673926,"id":"3tocpa0c8i07i0w","previousEventId":"krtd7nckdu9iiwm","previousOperationId":"2be2k8c7wpv6ebg"}
{"type":"operationStart","subtype":"recipe","name":"chrome-pdf","timestamp":1744206673927,"id":"stiyg3vghf6ljbd","previousEventId":"3tocpa0c8i07i0w","operationId":"ndvruoftd7r956z","previousOperationId":"2be2k8c7wpv6ebg"}
{"type":"log","timestamp":1744206673927,"level":"debug","message":"Executing recipe chrome-pdf","meta":{"rootId":"n9ulhxh9xvag304","id":"n9ulhxh9xvag304"},"id":"xfhu75gxdm8dn0r","previousOperationId":"ndvruoftd7r956z"}
{"type":"log","timestamp":1744206673929,"level":"debug","message":"Converting with chrome Chrome/133.0.6943.126 using chrome-pool strategy","meta":{"rootId":"n9ulhxh9xvag304","id":"n9ulhxh9xvag304"},"id":"em02nqs7ofnnxjo","previousOperationId":"ndvruoftd7r956z"}
{"type":"log","timestamp":1744206674003,"level":"debug","message":"Page request: GET (document) file:///C:/Users/Patheo24/AppData/Local/Temp/jsreport/autocleanup/807de56a-6778-45e8-ba7c-f70ca1d9094d-chrome-pdf.html","meta":{"rootId":"n9ulhxh9xvag304","id":"n9ulhxh9xvag304"},"id":"ybnk0zi4q9xyvw4","previousOperationId":"ndvruoftd7r956z"}
{"type":"log","timestamp":1744206674031,"level":"debug","message":"Page request finished: GET (document) 200 file:///C:/Users/Patheo24/AppData/Local/Temp/jsreport/autocleanup/807de56a-6778-45e8-ba7c-f70ca1d9094d-chrome-pdf.html","meta":{"rootId":"n9ulhxh9xvag304","id":"n9ulhxh9xvag304"},"id":"myiq232axyn416j","previousOperationId":"ndvruoftd7r956z"}
{"type":"log","timestamp":1744206674033,"level":"debug","message":"Page request: GET (font) http://localhost:5488/fonts/kalpurush.ttf","meta":{"rootId":"n9ulhxh9xvag304","id":"n9ulhxh9xvag304"},"id":"tb5q03r2r3jcwxi","previousOperationId":"ndvruoftd7r956z"}
{"type":"log","timestamp":1744206674034,"level":"debug","message":"Page request: GET (image) https://res.cloudinary.com/dpes1dyqb/image/upload/v1738768933/logo_myycxt.jpg","meta":{"rootId":"n9ulhxh9xvag304","id":"n9ulhxh9xvag304"},"id":"5hysvy90xxgztx2","previousOperationId":"ndvruoftd7r956z"}
{"type":"log","timestamp":1744206674076,"level":"debug","message":"Page request: GET (font) http://localhost:5488/fonts/kalpurush.ttf","meta":{"rootId":"n9ulhxh9xvag304","id":"n9ulhxh9xvag304"},"id":"t7csency204t0kt","previousOperationId":"ndvruoftd7r956z"}
{"type":"log","timestamp":1744206674079,"level":"debug","message":"Page request finished: GET (image) 200 https://res.cloudinary.com/dpes1dyqb/image/upload/v1738768933/logo_myycxt.jpg","meta":{"rootId":"n9ulhxh9xvag304","id":"n9ulhxh9xvag304"},"id":"uhp7tymtxr3jd64","previousOperationId":"ndvruoftd7r956z"}
{"type":"log","timestamp":1744206674088,"level":"debug","message":"(console:error) Failed to load resource: the server responded with a status of 404 (Not Found)","meta":{"userLevel":true,"rootId":"n9ulhxh9xvag304","id":"n9ulhxh9xvag304"},"id":"c57sj7rbzuaknje","previousOperationId":"ndvruoftd7r956z"}
{"type":"log","timestamp":1744206674088,"level":"warn","message":"Page request failed: GET (font) http://localhost:5488/fonts/kalpurush.ttf, failure: net::ERR_ABORTED","meta":{"rootId":"n9ulhxh9xvag304","id":"n9ulhxh9xvag304"},"id":"rrenhvcwp4ezkrh","previousOperationId":"ndvruoftd7r956z"}
{"type":"log","timestamp":1744206674094,"level":"debug","message":"Running chrome with params {\"printBackground\":true,\"format\":\"A5\",\"marginRight\":\"\",\"timeout\":59963,\"margin\":{\"right\":\"\"}}","meta":{"rootId":"n9ulhxh9xvag304","id":"n9ulhxh9xvag304"},"id":"ejpf668832qe9ce","previousOperationId":"ndvruoftd7r956z"}
{"type":"operationEnd","operationId":"ndvruoftd7r956z","timestamp":1744206674380,"id":"5ik4cpx96gosmgn","previousEventId":"stiyg3vghf6ljbd","previousOperationId":"ndvruoftd7r956z"}
{"type":"log","timestamp":1744206674380,"level":"debug","message":"Skipping storing report.","meta":{"rootId":"n9ulhxh9xvag304","id":"n9ulhxh9xvag304"},"id":"rkaprq445lxogvg","previousOperationId":"ndvruoftd7r956z"}
{"type":"log","timestamp":1744206674380,"level":"info","message":"Rendering request 35 finished in 489 ms","meta":{"rootId":"n9ulhxh9xvag304","id":"n9ulhxh9xvag304"},"id":"kb9vrr7z3jlpii0","previousOperationId":"ndvruoftd7r956z"}
{"type":"operationEnd","subtype":"render","operationId":"cmddq6vurztj9kp","timestamp":1744206674380,"id":"ndd8131f9eq7xda","previousEventId":"5ik4cpx96gosmgn","previousOperationId":"ndvruoftd7r956z"}
{"type":"operationEnd","doDiffs":false,"previousEventId":"natvh9q1cd3ovuz","previousOperationId":"ngru0nsqf87695c","operationId":"ngru0nsqf87695c","timestamp":1744206674388,"id":"p3wnz8qizudzogg"}
