{"type":"operationStart","subtype":"profile","data":{"_id":"KTRMBXz7BitCgwWm","timestamp":"2025-04-10T13:16:58.536Z","state":"queued","mode":"standard","creationDate":"2025-04-10T13:16:58.539Z","modificationDate":"2025-04-10T13:16:58.539Z","shortid":"W52ibHt","$entitySet":"profiles"},"doDiffs":false,"timestamp":1744291018537,"id":"lrqx0mpewfuxz2l","previousOperationId":null,"operationId":"ma32cren3crpg8l"}
{"type":"log","level":"info","message":"Render request 18 queued for execution and waiting for available worker","previousOperationId":"ma32cren3crpg8l","timestamp":1744291018538,"id":"ai63pumk986e4m2"}
{"type":"operationStart","subtype":"render","name":"myTemplate","previousOperationId":"ma32cren3crpg8l","timestamp":1744291018554,"id":"nzbchife7c3ojlc","previousEventId":"lrqx0mpewfuxz2l","operationId":"1lisuqkwy4py3nq"}
{"type":"log","timestamp":1744291018554,"level":"info","message":"Starting rendering request 18","meta":{"rootId":"nb34nibs2g01joi","id":"nb34nibs2g01joi"},"id":"av3agwgnwry1f52","previousOperationId":"1lisuqkwy4py3nq"}
{"type":"log","timestamp":1744291018554,"level":"info","message":"Rendering template { name: myTemplate, recipe: chrome-pdf, engine: handlebars, preview: true }","meta":{"rootId":"nb34nibs2g01joi","id":"nb34nibs2g01joi"},"id":"idr9qpb8v1bqgeo","previousOperationId":"1lisuqkwy4py3nq"}
{"type":"log","timestamp":1744291018559,"level":"debug","message":"Adding sample data HUavgV0Kc","meta":{"rootId":"nb34nibs2g01joi","id":"nb34nibs2g01joi"},"id":"8ihb6q327ehmcs2","previousOperationId":"1lisuqkwy4py3nq"}
{"type":"log","timestamp":1744291018561,"level":"debug","message":"Base url not specified, skipping its injection.","meta":{"rootId":"nb34nibs2g01joi","id":"nb34nibs2g01joi"},"id":"v0tbmyrql1gkbgw","previousOperationId":"1lisuqkwy4py3nq"}
{"type":"operationStart","subtype":"engine","name":"handlebars","timestamp":1744291018561,"id":"cit9t2jyq9cjk54","previousEventId":"nzbchife7c3ojlc","operationId":"4i3t1zeyppbm20u","previousOperationId":"1lisuqkwy4py3nq"}
{"type":"log","timestamp":1744291018561,"level":"debug","message":"Rendering engine handlebars","meta":{"rootId":"nb34nibs2g01joi","id":"nb34nibs2g01joi"},"id":"g4t5dv6rdyzryjw","previousOperationId":"4i3t1zeyppbm20u"}
{"type":"operationEnd","operationId":"4i3t1zeyppbm20u","timestamp":1744291018582,"id":"khyf7dg2mdvsmc5","previousEventId":"cit9t2jyq9cjk54","previousOperationId":"4i3t1zeyppbm20u"}
{"type":"operationStart","subtype":"recipe","name":"chrome-pdf","timestamp":1744291018582,"id":"0gqnhvolbz4078t","previousEventId":"khyf7dg2mdvsmc5","operationId":"gndpmw6hhrq0yz7","previousOperationId":"4i3t1zeyppbm20u"}
{"type":"log","timestamp":1744291018582,"level":"debug","message":"Executing recipe chrome-pdf","meta":{"rootId":"nb34nibs2g01joi","id":"nb34nibs2g01joi"},"id":"xa0jyd8nyw2nrjm","previousOperationId":"gndpmw6hhrq0yz7"}
{"type":"log","timestamp":1744291018586,"level":"debug","message":"Converting with chrome Chrome/133.0.6943.126 using chrome-pool strategy","meta":{"rootId":"nb34nibs2g01joi","id":"nb34nibs2g01joi"},"id":"jhu35qw18mmaaxx","previousOperationId":"gndpmw6hhrq0yz7"}
{"type":"log","timestamp":1744291018652,"level":"debug","message":"Page request: GET (document) file:///C:/Users/Patheo24/AppData/Local/Temp/jsreport/autocleanup/23709200-6988-48fc-ad95-5b3281ecbed8-chrome-pdf.html","meta":{"rootId":"nb34nibs2g01joi","id":"nb34nibs2g01joi"},"id":"buaaqyglrgppixx","previousOperationId":"gndpmw6hhrq0yz7"}
{"type":"log","timestamp":1744291018678,"level":"debug","message":"Page request finished: GET (document) 200 file:///C:/Users/Patheo24/AppData/Local/Temp/jsreport/autocleanup/23709200-6988-48fc-ad95-5b3281ecbed8-chrome-pdf.html","meta":{"rootId":"nb34nibs2g01joi","id":"nb34nibs2g01joi"},"id":"8yswy7uq1fq0eud","previousOperationId":"gndpmw6hhrq0yz7"}
{"type":"log","timestamp":1744291018685,"level":"debug","message":"Page request: GET (font) http://localhost:5488/fonts/kalpurush.ttf","meta":{"rootId":"nb34nibs2g01joi","id":"nb34nibs2g01joi"},"id":"6i71lkoz1jdz53g","previousOperationId":"gndpmw6hhrq0yz7"}
{"type":"log","timestamp":1744291018686,"level":"debug","message":"Page request: GET (image) https://res.cloudinary.com/dpes1dyqb/image/upload/v1738768933/logo_myycxt.jpg","meta":{"rootId":"nb34nibs2g01joi","id":"nb34nibs2g01joi"},"id":"fqkjb9bi9l7amii","previousOperationId":"gndpmw6hhrq0yz7"}
{"type":"log","timestamp":1744291018754,"level":"debug","message":"Page request: GET (font) http://localhost:5488/fonts/kalpurush.ttf","meta":{"rootId":"nb34nibs2g01joi","id":"nb34nibs2g01joi"},"id":"a499qiwvs294909","previousOperationId":"gndpmw6hhrq0yz7"}
{"type":"log","timestamp":1744291018756,"level":"debug","message":"Page request finished: GET (image) 200 https://res.cloudinary.com/dpes1dyqb/image/upload/v1738768933/logo_myycxt.jpg","meta":{"rootId":"nb34nibs2g01joi","id":"nb34nibs2g01joi"},"id":"4syqhhyjpfb4fe6","previousOperationId":"gndpmw6hhrq0yz7"}
{"type":"log","timestamp":1744291018771,"level":"debug","message":"(console:error) Failed to load resource: the server responded with a status of 404 (Not Found)","meta":{"userLevel":true,"rootId":"nb34nibs2g01joi","id":"nb34nibs2g01joi"},"id":"wgwctaeykaqqcz5","previousOperationId":"gndpmw6hhrq0yz7"}
{"type":"log","timestamp":1744291018771,"level":"warn","message":"Page request failed: GET (font) http://localhost:5488/fonts/kalpurush.ttf, failure: net::ERR_ABORTED","meta":{"rootId":"nb34nibs2g01joi","id":"nb34nibs2g01joi"},"id":"yraq5b17bsz2j1f","previousOperationId":"gndpmw6hhrq0yz7"}
{"type":"log","timestamp":1744291018782,"level":"debug","message":"Running chrome with params {\"printBackground\":true,\"format\":\"A5\",\"marginRight\":\"\",\"height\":\"\",\"marginTop\":\"\",\"marginBottom\":\"\",\"marginLeft\":\"\",\"displayHeaderFooter\":true,\"width\":\"\",\"timeout\":59952,\"margin\":{\"top\":\"\",\"right\":\"\",\"bottom\":\"\",\"left\":\"\"}}","meta":{"rootId":"nb34nibs2g01joi","id":"nb34nibs2g01joi"},"id":"b7fuat0qfyitmjc","previousOperationId":"gndpmw6hhrq0yz7"}
{"type":"operationEnd","operationId":"gndpmw6hhrq0yz7","timestamp":1744291019086,"id":"yh74gqa7aucqzp1","previousEventId":"0gqnhvolbz4078t","previousOperationId":"gndpmw6hhrq0yz7"}
{"type":"log","timestamp":1744291019086,"level":"debug","message":"Skipping storing report.","meta":{"rootId":"nb34nibs2g01joi","id":"nb34nibs2g01joi"},"id":"uw665hfo2gr8n0o","previousOperationId":"gndpmw6hhrq0yz7"}
{"type":"log","timestamp":1744291019087,"level":"info","message":"Rendering request 18 finished in 551 ms","meta":{"rootId":"nb34nibs2g01joi","id":"nb34nibs2g01joi"},"id":"pbvzs6ei2xanoeg","previousOperationId":"gndpmw6hhrq0yz7"}
{"type":"operationEnd","subtype":"render","operationId":"1lisuqkwy4py3nq","timestamp":1744291019087,"id":"ft2czvlt9rmw6om","previousEventId":"yh74gqa7aucqzp1","previousOperationId":"gndpmw6hhrq0yz7"}
{"type":"operationEnd","doDiffs":false,"previousEventId":"lrqx0mpewfuxz2l","previousOperationId":"ma32cren3crpg8l","operationId":"ma32cren3crpg8l","timestamp":1744291019093,"id":"tvlsbrjdmfmhz44"}
