{"type":"operationStart","subtype":"profile","data":{"_id":"7ZJYidoJoq2vwSaP","timestamp":"2025-04-11T11:50:53.385Z","state":"running","mode":"standard","creationDate":"2025-04-11T11:50:53.388Z","modificationDate":"2025-04-11T11:50:53.388Z","shortid":"p_1EeQT","$entitySet":"profiles","timeout":60000,"templateShortid":"2tjN-EB9Yu"},"doDiffs":false,"timestamp":1744372253386,"id":"8ufkw868oriom79","previousOperationId":null,"operationId":"e6y212v5bsvtowq"}
{"type":"log","level":"info","message":"Render request 2 queued for execution and waiting for available worker","previousOperationId":"e6y212v5bsvtowq","timestamp":1744372253387,"id":"yes9otqxmlyvqdb"}
{"type":"operationStart","subtype":"render","name":"myTemplate","previousOperationId":"e6y212v5bsvtowq","timestamp":1744372253396,"id":"9v0bqfj251by861","previousEventId":"8ufkw868oriom79","operationId":"v5bogejlg84z5y0"}
{"type":"log","timestamp":1744372253398,"level":"info","message":"Starting rendering request 2","meta":{"rootId":"nw9q3l3y1hnvs71","id":"nw9q3l3y1hnvs71"},"id":"98uv0yufw8fb56f","previousOperationId":"v5bogejlg84z5y0"}
{"type":"log","timestamp":1744372253399,"level":"info","message":"Rendering template { name: myTemplate, recipe: chrome-pdf, engine: handlebars, preview: false }","meta":{"rootId":"nw9q3l3y1hnvs71","id":"nw9q3l3y1hnvs71"},"id":"b3i1sem0ge385dg","previousOperationId":"v5bogejlg84z5y0"}
{"type":"log","timestamp":1744372253402,"level":"debug","message":"Inline data specified.","meta":{"rootId":"nw9q3l3y1hnvs71","id":"nw9q3l3y1hnvs71"},"id":"7tcocjeksqgqf0f","previousOperationId":"v5bogejlg84z5y0"}
{"type":"log","timestamp":1744372253405,"level":"debug","message":"Base url not specified, skipping its injection.","meta":{"rootId":"nw9q3l3y1hnvs71","id":"nw9q3l3y1hnvs71"},"id":"dvfr2u1czumvoe1","previousOperationId":"v5bogejlg84z5y0"}
{"type":"operationStart","subtype":"engine","name":"handlebars","timestamp":1744372253407,"id":"lsaycmvj64rc10s","previousEventId":"9v0bqfj251by861","operationId":"pr0r9wk3ypvbgci","previousOperationId":"v5bogejlg84z5y0"}
{"type":"log","timestamp":1744372253407,"level":"debug","message":"Rendering engine handlebars","meta":{"rootId":"nw9q3l3y1hnvs71","id":"nw9q3l3y1hnvs71"},"id":"x2jeb4w7ljiv4ld","previousOperationId":"pr0r9wk3ypvbgci"}
{"type":"operationEnd","operationId":"pr0r9wk3ypvbgci","timestamp":1744372253949,"id":"owthea596fs9npk","previousEventId":"lsaycmvj64rc10s","previousOperationId":"pr0r9wk3ypvbgci"}
{"type":"operationStart","subtype":"recipe","name":"chrome-pdf","timestamp":1744372253950,"id":"xrx01jgbot19dro","previousEventId":"owthea596fs9npk","operationId":"7a35c1uo4yrjtrw","previousOperationId":"pr0r9wk3ypvbgci"}
{"type":"log","timestamp":1744372253950,"level":"debug","message":"Executing recipe chrome-pdf","meta":{"rootId":"nw9q3l3y1hnvs71","id":"nw9q3l3y1hnvs71"},"id":"y7ukkri8ys9vyrn","previousOperationId":"7a35c1uo4yrjtrw"}
{"type":"log","timestamp":1744372254640,"level":"debug","message":"Converting with chrome Chrome/133.0.6943.126 using chrome-pool strategy","meta":{"rootId":"nw9q3l3y1hnvs71","id":"nw9q3l3y1hnvs71"},"id":"my43x0rmhwd7nan","previousOperationId":"7a35c1uo4yrjtrw"}
{"type":"log","timestamp":1744372254699,"level":"debug","message":"Page request: GET (document) file:///C:/Users/Patheo24/AppData/Local/Temp/jsreport/autocleanup/764e2b93-7de2-46c2-976d-c55843850e57-chrome-pdf.html","meta":{"rootId":"nw9q3l3y1hnvs71","id":"nw9q3l3y1hnvs71"},"id":"thrmd8qoqp71u3e","previousOperationId":"7a35c1uo4yrjtrw"}
{"type":"log","timestamp":1744372254717,"level":"debug","message":"Page request finished: GET (document) 200 file:///C:/Users/Patheo24/AppData/Local/Temp/jsreport/autocleanup/764e2b93-7de2-46c2-976d-c55843850e57-chrome-pdf.html","meta":{"rootId":"nw9q3l3y1hnvs71","id":"nw9q3l3y1hnvs71"},"id":"8lnq2aidw9lk75p","previousOperationId":"7a35c1uo4yrjtrw"}
{"type":"log","timestamp":1744372254718,"level":"debug","message":"Page request: GET (font) http://localhost:5488/fonts/kalpurush.ttf","meta":{"rootId":"nw9q3l3y1hnvs71","id":"nw9q3l3y1hnvs71"},"id":"3mq5je3ziuaubh2","previousOperationId":"7a35c1uo4yrjtrw"}
{"type":"log","timestamp":1744372254719,"level":"debug","message":"Page request: GET (image) https://res.cloudinary.com/dpes1dyqb/image/upload/v1738768933/logo_myycxt.jpg","meta":{"rootId":"nw9q3l3y1hnvs71","id":"nw9q3l3y1hnvs71"},"id":"hvv67pb6d81psul","previousOperationId":"7a35c1uo4yrjtrw"}
{"type":"log","timestamp":1744372254724,"level":"debug","message":"Page request: GET (font) http://localhost:5488/fonts/kalpurush.ttf","meta":{"rootId":"nw9q3l3y1hnvs71","id":"nw9q3l3y1hnvs71"},"id":"e13yr4l77ywkbwz","previousOperationId":"7a35c1uo4yrjtrw"}
{"type":"log","timestamp":1744372254736,"level":"debug","message":"(console:error) Failed to load resource: the server responded with a status of 404 (Not Found)","meta":{"userLevel":true,"rootId":"nw9q3l3y1hnvs71","id":"nw9q3l3y1hnvs71"},"id":"urmunxiv42pksgc","previousOperationId":"7a35c1uo4yrjtrw"}
{"type":"log","timestamp":1744372254738,"level":"warn","message":"Page request failed: GET (font) http://localhost:5488/fonts/kalpurush.ttf, failure: net::ERR_ABORTED","meta":{"rootId":"nw9q3l3y1hnvs71","id":"nw9q3l3y1hnvs71"},"id":"ipggsgmmlexybgh","previousOperationId":"7a35c1uo4yrjtrw"}
{"type":"log","timestamp":1744372255670,"level":"debug","message":"Page request finished: GET (image) 200 https://res.cloudinary.com/dpes1dyqb/image/upload/v1738768933/logo_myycxt.jpg","meta":{"rootId":"nw9q3l3y1hnvs71","id":"nw9q3l3y1hnvs71"},"id":"h8pwd0dx6zd8w1z","previousOperationId":"7a35c1uo4yrjtrw"}
{"type":"log","timestamp":1744372255673,"level":"debug","message":"Running chrome with params {\"printBackground\":true,\"format\":\"A5\",\"marginRight\":\"\",\"height\":\"\",\"marginTop\":\"\",\"marginBottom\":\"\",\"marginLeft\":\"\",\"displayHeaderFooter\":true,\"width\":\"\",\"timeout\":59126,\"margin\":{\"top\":\"\",\"right\":\"\",\"bottom\":\"\",\"left\":\"\"}}","meta":{"rootId":"nw9q3l3y1hnvs71","id":"nw9q3l3y1hnvs71"},"id":"vnnsyemd5sar78y","previousOperationId":"7a35c1uo4yrjtrw"}
{"type":"operationEnd","operationId":"7a35c1uo4yrjtrw","timestamp":1744372256117,"id":"uocc57sr47c6pp6","previousEventId":"xrx01jgbot19dro","previousOperationId":"7a35c1uo4yrjtrw"}
{"type":"log","timestamp":1744372256118,"level":"debug","message":"Skipping storing report.","meta":{"rootId":"nw9q3l3y1hnvs71","id":"nw9q3l3y1hnvs71"},"id":"n6b58o6yt61asd0","previousOperationId":"7a35c1uo4yrjtrw"}
{"type":"log","timestamp":1744372256118,"level":"info","message":"Rendering request 2 finished in 2734 ms","meta":{"rootId":"nw9q3l3y1hnvs71","id":"nw9q3l3y1hnvs71"},"id":"q8bhvmyzemd9ci0","previousOperationId":"7a35c1uo4yrjtrw"}
{"type":"operationEnd","subtype":"render","operationId":"v5bogejlg84z5y0","timestamp":1744372256118,"id":"2q0b2ypjoihyigq","previousEventId":"uocc57sr47c6pp6","previousOperationId":"7a35c1uo4yrjtrw"}
{"type":"operationEnd","doDiffs":false,"previousEventId":"8ufkw868oriom79","previousOperationId":"e6y212v5bsvtowq","operationId":"e6y212v5bsvtowq","timestamp":1744372256121,"id":"rc1vdfjs017w65j"}
