{"type":"operationStart","subtype":"profile","data":{"_id":"ClMhsCloMHNyewzG","timestamp":"2025-04-09T10:07:57.086Z","state":"queued","mode":"standard","creationDate":"2025-04-09T10:07:57.088Z","modificationDate":"2025-04-09T10:07:57.088Z","shortid":"Pa7zyv8","$entitySet":"profiles"},"doDiffs":false,"timestamp":1744193277087,"id":"vjvrn80q3sgopr6","previousOperationId":null,"operationId":"8li85dh7hcffmhr"}
{"type":"log","level":"info","message":"Render request 6 queued for execution and waiting for available worker","previousOperationId":"8li85dh7hcffmhr","timestamp":1744193277087,"id":"fi1d7x60xg99n5l"}
{"type":"operationStart","subtype":"render","name":"myTemplate","previousOperationId":"8li85dh7hcffmhr","timestamp":1744193277107,"id":"fdnn9rak886t4wu","previousEventId":"vjvrn80q3sgopr6","operationId":"m24bhd3t7oom041"}
{"type":"log","timestamp":1744193277109,"level":"info","message":"Starting rendering request 6","meta":{"rootId":"nyx5jksuxtl3bqm","id":"nyx5jksuxtl3bqm"},"id":"kialjn03wv3snrc","previousOperationId":"m24bhd3t7oom041"}
{"type":"log","timestamp":1744193277109,"level":"info","message":"Rendering template { name: myTemplate, recipe: chrome-pdf, engine: handlebars, preview: true }","meta":{"rootId":"nyx5jksuxtl3bqm","id":"nyx5jksuxtl3bqm"},"id":"ou3cwu9wnsxu8j0","previousOperationId":"m24bhd3t7oom041"}
{"type":"log","timestamp":1744193277110,"level":"debug","message":"Inline data specified.","meta":{"rootId":"nyx5jksuxtl3bqm","id":"nyx5jksuxtl3bqm"},"id":"1lsa17efwcbis2n","previousOperationId":"m24bhd3t7oom041"}
{"type":"log","timestamp":1744193277112,"level":"debug","message":"Base url not specified, skipping its injection.","meta":{"rootId":"nyx5jksuxtl3bqm","id":"nyx5jksuxtl3bqm"},"id":"qwk8fygqxpivkh6","previousOperationId":"m24bhd3t7oom041"}
{"type":"operationStart","subtype":"engine","name":"handlebars","timestamp":1744193277112,"id":"i9wrs956mm79990","previousEventId":"fdnn9rak886t4wu","operationId":"ej1asdyakctq959","previousOperationId":"m24bhd3t7oom041"}
{"type":"log","timestamp":1744193277112,"level":"debug","message":"Rendering engine handlebars","meta":{"rootId":"nyx5jksuxtl3bqm","id":"nyx5jksuxtl3bqm"},"id":"8l3m13ix3kpu6bf","previousOperationId":"ej1asdyakctq959"}
{"type":"operationEnd","operationId":"ej1asdyakctq959","timestamp":1744193277129,"id":"rfzlpvgyb1n60ki","previousEventId":"i9wrs956mm79990","previousOperationId":"ej1asdyakctq959"}
{"type":"operationStart","subtype":"recipe","name":"chrome-pdf","timestamp":1744193277130,"id":"ugime8dwsfhzflx","previousEventId":"rfzlpvgyb1n60ki","operationId":"79lfmmhkawgitb4","previousOperationId":"ej1asdyakctq959"}
{"type":"log","timestamp":1744193277130,"level":"debug","message":"Executing recipe chrome-pdf","meta":{"rootId":"nyx5jksuxtl3bqm","id":"nyx5jksuxtl3bqm"},"id":"44l709kr9ijif2u","previousOperationId":"79lfmmhkawgitb4"}
{"type":"log","timestamp":1744193277133,"level":"debug","message":"Converting with chrome Chrome/133.0.6943.126 using chrome-pool strategy","meta":{"rootId":"nyx5jksuxtl3bqm","id":"nyx5jksuxtl3bqm"},"id":"oaol3m5wtb3bpsb","previousOperationId":"79lfmmhkawgitb4"}
{"type":"log","timestamp":1744193277199,"level":"debug","message":"Page request: GET (document) file:///C:/Users/Patheo24/AppData/Local/Temp/jsreport/autocleanup/f8d1d5e4-3251-4f9a-9923-016e91f58805-chrome-pdf.html","meta":{"rootId":"nyx5jksuxtl3bqm","id":"nyx5jksuxtl3bqm"},"id":"qpogrl1dmp5a4ot","previousOperationId":"79lfmmhkawgitb4"}
{"type":"log","timestamp":1744193277228,"level":"debug","message":"Page request finished: GET (document) 200 file:///C:/Users/Patheo24/AppData/Local/Temp/jsreport/autocleanup/f8d1d5e4-3251-4f9a-9923-016e91f58805-chrome-pdf.html","meta":{"rootId":"nyx5jksuxtl3bqm","id":"nyx5jksuxtl3bqm"},"id":"1i3lu8m8wl00rk9","previousOperationId":"79lfmmhkawgitb4"}
{"type":"log","timestamp":1744193277229,"level":"debug","message":"(console:info) Slow network is detected. See https://www.chromestatus.com/feature/5636954674692096 for more details. Fallback font will be used while loading: http://localhost:5488/fonts/kalpurush.ttf","meta":{"userLevel":true,"rootId":"nyx5jksuxtl3bqm","id":"nyx5jksuxtl3bqm"},"id":"ivqnhx796uwk3g1","previousOperationId":"79lfmmhkawgitb4"}
{"type":"log","timestamp":1744193277231,"level":"debug","message":"Page request: GET (image) https://res.cloudinary.com/dpes1dyqb/image/upload/v1738768933/logo_myycxt.jpg","meta":{"rootId":"nyx5jksuxtl3bqm","id":"nyx5jksuxtl3bqm"},"id":"jn09eh7377vogk4","previousOperationId":"79lfmmhkawgitb4"}
{"type":"log","timestamp":1744193277232,"level":"debug","message":"Page request: GET (font) http://localhost:5488/fonts/kalpurush.ttf","meta":{"rootId":"nyx5jksuxtl3bqm","id":"nyx5jksuxtl3bqm"},"id":"xotyuhzquflfifn","previousOperationId":"79lfmmhkawgitb4"}
{"type":"log","timestamp":1744193277282,"level":"debug","message":"Page request: GET (font) http://localhost:5488/fonts/kalpurush.ttf","meta":{"rootId":"nyx5jksuxtl3bqm","id":"nyx5jksuxtl3bqm"},"id":"zn5un6pdgwm7u3o","previousOperationId":"79lfmmhkawgitb4"}
{"type":"log","timestamp":1744193277284,"level":"debug","message":"Page request finished: GET (image) 200 https://res.cloudinary.com/dpes1dyqb/image/upload/v1738768933/logo_myycxt.jpg","meta":{"rootId":"nyx5jksuxtl3bqm","id":"nyx5jksuxtl3bqm"},"id":"jihiopx9kvlj8it","previousOperationId":"79lfmmhkawgitb4"}
{"type":"log","timestamp":1744193277303,"level":"debug","message":"(console:error) Failed to load resource: the server responded with a status of 404 (Not Found)","meta":{"userLevel":true,"rootId":"nyx5jksuxtl3bqm","id":"nyx5jksuxtl3bqm"},"id":"jtcl0agdml956fu","previousOperationId":"79lfmmhkawgitb4"}
{"type":"log","timestamp":1744193277303,"level":"warn","message":"Page request failed: GET (font) http://localhost:5488/fonts/kalpurush.ttf, failure: net::ERR_ABORTED","meta":{"rootId":"nyx5jksuxtl3bqm","id":"nyx5jksuxtl3bqm"},"id":"pzpdwtf3ls3a4b0","previousOperationId":"79lfmmhkawgitb4"}
{"type":"log","timestamp":1744193277315,"level":"debug","message":"Running chrome with params {\"printBackground\":true,\"timeout\":59953,\"margin\":{}}","meta":{"rootId":"nyx5jksuxtl3bqm","id":"nyx5jksuxtl3bqm"},"id":"4cy4aqkit3f7k4z","previousOperationId":"79lfmmhkawgitb4"}
{"type":"operationEnd","operationId":"79lfmmhkawgitb4","timestamp":1744193277632,"id":"tm0rjen6zhpckxu","previousEventId":"ugime8dwsfhzflx","previousOperationId":"79lfmmhkawgitb4"}
{"type":"log","timestamp":1744193277632,"level":"debug","message":"Skipping storing report.","meta":{"rootId":"nyx5jksuxtl3bqm","id":"nyx5jksuxtl3bqm"},"id":"la3delqrx5dxl3t","previousOperationId":"79lfmmhkawgitb4"}
{"type":"log","timestamp":1744193277632,"level":"info","message":"Rendering request 6 finished in 547 ms","meta":{"rootId":"nyx5jksuxtl3bqm","id":"nyx5jksuxtl3bqm"},"id":"obqi8oe9ivtmcai","previousOperationId":"79lfmmhkawgitb4"}
{"type":"operationEnd","subtype":"render","operationId":"m24bhd3t7oom041","timestamp":1744193277632,"id":"nvk5xk7dbnofxm4","previousEventId":"tm0rjen6zhpckxu","previousOperationId":"79lfmmhkawgitb4"}
{"type":"operationEnd","doDiffs":false,"previousEventId":"vjvrn80q3sgopr6","previousOperationId":"8li85dh7hcffmhr","operationId":"8li85dh7hcffmhr","timestamp":1744193277635,"id":"pedmgmtrxh1y1b9"}
