{"type":"operationStart","subtype":"profile","data":{"_id":"DzJj1wppRDtYyiDV","timestamp":"2025-04-09T13:56:32.397Z","state":"queued","mode":"standard","creationDate":"2025-04-09T13:56:32.398Z","modificationDate":"2025-04-09T13:56:32.398Z","shortid":"skUzHXh","$entitySet":"profiles"},"doDiffs":false,"timestamp":1744206992398,"id":"rcsdwg2xkmzxapa","previousOperationId":null,"operationId":"9c3htl87di0b1d9"}
{"type":"log","level":"info","message":"Render request 52 queued for execution and waiting for available worker","previousOperationId":"9c3htl87di0b1d9","timestamp":1744206992398,"id":"lnoxp6fl5gak1xf"}
{"type":"operationStart","subtype":"render","name":"myTemplate","previousOperationId":"9c3htl87di0b1d9","timestamp":1744206992433,"id":"dxjgxfn7m0wynmz","previousEventId":"rcsdwg2xkmzxapa","operationId":"fxf8havl8zcgd8l"}
{"type":"log","timestamp":1744206992433,"level":"info","message":"Starting rendering request 52","meta":{"rootId":"o3xteh7wy0c5i55","id":"o3xteh7wy0c5i55"},"id":"wzmdljwkgqghkig","previousOperationId":"fxf8havl8zcgd8l"}
{"type":"log","timestamp":1744206992434,"level":"info","message":"Rendering template { name: myTemplate, recipe: chrome-pdf, engine: handlebars, preview: true }","meta":{"rootId":"o3xteh7wy0c5i55","id":"o3xteh7wy0c5i55"},"id":"3dt15psfgknihqy","previousOperationId":"fxf8havl8zcgd8l"}
{"type":"log","timestamp":1744206992434,"level":"debug","message":"Adding sample data HUavgV0Kc","meta":{"rootId":"o3xteh7wy0c5i55","id":"o3xteh7wy0c5i55"},"id":"furg025r46x4nxt","previousOperationId":"fxf8havl8zcgd8l"}
{"type":"log","timestamp":1744206992436,"level":"debug","message":"Base url not specified, skipping its injection.","meta":{"rootId":"o3xteh7wy0c5i55","id":"o3xteh7wy0c5i55"},"id":"kmekaaabcayhbdf","previousOperationId":"fxf8havl8zcgd8l"}
{"type":"operationStart","subtype":"engine","name":"handlebars","timestamp":1744206992436,"id":"vmpo6wz5xp2nmlz","previousEventId":"dxjgxfn7m0wynmz","operationId":"l4juvp14w1u3zdj","previousOperationId":"fxf8havl8zcgd8l"}
{"type":"log","timestamp":1744206992436,"level":"debug","message":"Rendering engine handlebars","meta":{"rootId":"o3xteh7wy0c5i55","id":"o3xteh7wy0c5i55"},"id":"pc10ey5mi1wraoh","previousOperationId":"l4juvp14w1u3zdj"}
{"type":"operationEnd","operationId":"l4juvp14w1u3zdj","timestamp":1744206992462,"id":"47lumhvkmk3f12b","previousEventId":"vmpo6wz5xp2nmlz","previousOperationId":"l4juvp14w1u3zdj"}
{"type":"operationStart","subtype":"recipe","name":"chrome-pdf","timestamp":1744206992462,"id":"4m8cuz3erz786nm","previousEventId":"47lumhvkmk3f12b","operationId":"twn5ok3ixx7zzxi","previousOperationId":"l4juvp14w1u3zdj"}
{"type":"log","timestamp":1744206992462,"level":"debug","message":"Executing recipe chrome-pdf","meta":{"rootId":"o3xteh7wy0c5i55","id":"o3xteh7wy0c5i55"},"id":"gq3fxs9buav6lc0","previousOperationId":"twn5ok3ixx7zzxi"}
{"type":"log","timestamp":1744206992466,"level":"debug","message":"Converting with chrome Chrome/133.0.6943.126 using chrome-pool strategy","meta":{"rootId":"o3xteh7wy0c5i55","id":"o3xteh7wy0c5i55"},"id":"szy1kz18hgovgfl","previousOperationId":"twn5ok3ixx7zzxi"}
{"type":"log","timestamp":1744206992544,"level":"debug","message":"Page request: GET (document) file:///C:/Users/Patheo24/AppData/Local/Temp/jsreport/autocleanup/778d7005-bf46-4f57-abd9-4ff9dea4c397-chrome-pdf.html","meta":{"rootId":"o3xteh7wy0c5i55","id":"o3xteh7wy0c5i55"},"id":"e6sicqc293bslhr","previousOperationId":"twn5ok3ixx7zzxi"}
{"type":"log","timestamp":1744206992567,"level":"debug","message":"Page request finished: GET (document) 200 file:///C:/Users/Patheo24/AppData/Local/Temp/jsreport/autocleanup/778d7005-bf46-4f57-abd9-4ff9dea4c397-chrome-pdf.html","meta":{"rootId":"o3xteh7wy0c5i55","id":"o3xteh7wy0c5i55"},"id":"tuw7lh20elnql3y","previousOperationId":"twn5ok3ixx7zzxi"}
{"type":"log","timestamp":1744206992568,"level":"debug","message":"(console:info) Slow network is detected. See https://www.chromestatus.com/feature/5636954674692096 for more details. Fallback font will be used while loading: http://localhost:5488/fonts/kalpurush.ttf","meta":{"userLevel":true,"rootId":"o3xteh7wy0c5i55","id":"o3xteh7wy0c5i55"},"id":"uau6n9gkl38tnhe","previousOperationId":"twn5ok3ixx7zzxi"}
{"type":"log","timestamp":1744206992568,"level":"debug","message":"Page request: GET (font) http://localhost:5488/fonts/kalpurush.ttf","meta":{"rootId":"o3xteh7wy0c5i55","id":"o3xteh7wy0c5i55"},"id":"8y0lh2v1z08s059","previousOperationId":"twn5ok3ixx7zzxi"}
{"type":"log","timestamp":1744206992569,"level":"debug","message":"Page request: GET (image) https://res.cloudinary.com/dpes1dyqb/image/upload/v1738768933/logo_myycxt.jpg","meta":{"rootId":"o3xteh7wy0c5i55","id":"o3xteh7wy0c5i55"},"id":"ri9fk1rvr1pm6n8","previousOperationId":"twn5ok3ixx7zzxi"}
{"type":"log","timestamp":1744206992618,"level":"debug","message":"Page request: GET (font) http://localhost:5488/fonts/kalpurush.ttf","meta":{"rootId":"o3xteh7wy0c5i55","id":"o3xteh7wy0c5i55"},"id":"dtp56a9hqw6wirl","previousOperationId":"twn5ok3ixx7zzxi"}
{"type":"log","timestamp":1744206992618,"level":"debug","message":"Page request finished: GET (image) 200 https://res.cloudinary.com/dpes1dyqb/image/upload/v1738768933/logo_myycxt.jpg","meta":{"rootId":"o3xteh7wy0c5i55","id":"o3xteh7wy0c5i55"},"id":"v81s4fuv9ycum4s","previousOperationId":"twn5ok3ixx7zzxi"}
{"type":"log","timestamp":1744206992628,"level":"debug","message":"(console:error) Failed to load resource: the server responded with a status of 404 (Not Found)","meta":{"userLevel":true,"rootId":"o3xteh7wy0c5i55","id":"o3xteh7wy0c5i55"},"id":"zhlc762gw84uib3","previousOperationId":"twn5ok3ixx7zzxi"}
{"type":"log","timestamp":1744206992628,"level":"warn","message":"Page request failed: GET (font) http://localhost:5488/fonts/kalpurush.ttf, failure: net::ERR_ABORTED","meta":{"rootId":"o3xteh7wy0c5i55","id":"o3xteh7wy0c5i55"},"id":"a6iuctyakkwsmz3","previousOperationId":"twn5ok3ixx7zzxi"}
{"type":"log","timestamp":1744206992634,"level":"debug","message":"Running chrome with params {\"printBackground\":true,\"format\":\"A5\",\"marginRight\":\"\",\"timeout\":59931,\"margin\":{\"right\":\"\"}}","meta":{"rootId":"o3xteh7wy0c5i55","id":"o3xteh7wy0c5i55"},"id":"hskpmnf5b581tfd","previousOperationId":"twn5ok3ixx7zzxi"}
{"type":"operationEnd","operationId":"twn5ok3ixx7zzxi","timestamp":1744206992916,"id":"qs8ruhee0w6ktvm","previousEventId":"4m8cuz3erz786nm","previousOperationId":"twn5ok3ixx7zzxi"}
{"type":"log","timestamp":1744206992916,"level":"debug","message":"Skipping storing report.","meta":{"rootId":"o3xteh7wy0c5i55","id":"o3xteh7wy0c5i55"},"id":"m1kjsv37s8spob8","previousOperationId":"twn5ok3ixx7zzxi"}
{"type":"log","timestamp":1744206992916,"level":"info","message":"Rendering request 52 finished in 520 ms","meta":{"rootId":"o3xteh7wy0c5i55","id":"o3xteh7wy0c5i55"},"id":"7ujyrxhe3n6q97e","previousOperationId":"twn5ok3ixx7zzxi"}
{"type":"operationEnd","subtype":"render","operationId":"fxf8havl8zcgd8l","timestamp":1744206992916,"id":"9ell21op6s5bzg2","previousEventId":"qs8ruhee0w6ktvm","previousOperationId":"twn5ok3ixx7zzxi"}
{"type":"operationEnd","doDiffs":false,"previousEventId":"rcsdwg2xkmzxapa","previousOperationId":"9c3htl87di0b1d9","operationId":"9c3htl87di0b1d9","timestamp":1744206992921,"id":"o8xnnuclh9clvk1"}
