{"type":"operationStart","subtype":"profile","data":{"_id":"EXGQBvHDHtWczLUN","timestamp":"2025-04-09T13:35:52.625Z","state":"queued","mode":"standard","creationDate":"2025-04-09T13:35:52.627Z","modificationDate":"2025-04-09T13:35:52.627Z","shortid":"ZidVmq7","$entitySet":"profiles"},"doDiffs":false,"timestamp":1744205752626,"id":"z54sqzu9o9mo5ol","previousOperationId":null,"operationId":"xnmwkj5hrmbo447"}
{"type":"log","level":"info","message":"Render request 12 queued for execution and waiting for available worker","previousOperationId":"xnmwkj5hrmbo447","timestamp":1744205752626,"id":"st4upoidizanprs"}
{"type":"operationStart","subtype":"render","name":"myTemplate","previousOperationId":"xnmwkj5hrmbo447","timestamp":1744205752640,"id":"tylcscyanm0fg8d","previousEventId":"z54sqzu9o9mo5ol","operationId":"vhbubgc72n9purs"}
{"type":"log","timestamp":1744205752640,"level":"info","message":"Starting rendering request 12","meta":{"rootId":"o8f1ncm59m688bn","id":"o8f1ncm59m688bn"},"id":"vsutrvtlnoqmpkn","previousOperationId":"vhbubgc72n9purs"}
{"type":"log","timestamp":1744205752640,"level":"info","message":"Rendering template { name: myTemplate, recipe: chrome-pdf, engine: handlebars, preview: true }","meta":{"rootId":"o8f1ncm59m688bn","id":"o8f1ncm59m688bn"},"id":"3btmwp7uk5srvi9","previousOperationId":"vhbubgc72n9purs"}
{"type":"log","timestamp":1744205752641,"level":"debug","message":"Adding sample data HUavgV0Kc","meta":{"rootId":"o8f1ncm59m688bn","id":"o8f1ncm59m688bn"},"id":"eqp4cg4k2rhscsu","previousOperationId":"vhbubgc72n9purs"}
{"type":"log","timestamp":1744205752642,"level":"debug","message":"Base url not specified, skipping its injection.","meta":{"rootId":"o8f1ncm59m688bn","id":"o8f1ncm59m688bn"},"id":"hegv4gf4zu19moy","previousOperationId":"vhbubgc72n9purs"}
{"type":"operationStart","subtype":"engine","name":"handlebars","timestamp":1744205752642,"id":"7ksp8beg03xngff","previousEventId":"tylcscyanm0fg8d","operationId":"erwhmy6gat241mc","previousOperationId":"vhbubgc72n9purs"}
{"type":"log","timestamp":1744205752643,"level":"debug","message":"Rendering engine handlebars","meta":{"rootId":"o8f1ncm59m688bn","id":"o8f1ncm59m688bn"},"id":"u2m58e0nmd5zm63","previousOperationId":"erwhmy6gat241mc"}
{"type":"operationEnd","operationId":"erwhmy6gat241mc","timestamp":1744205752673,"id":"znyzzsurotfm17a","previousEventId":"7ksp8beg03xngff","previousOperationId":"erwhmy6gat241mc"}
{"type":"operationStart","subtype":"recipe","name":"chrome-pdf","timestamp":1744205752673,"id":"xn336151f0ki2vt","previousEventId":"znyzzsurotfm17a","operationId":"83k443ryle53126","previousOperationId":"erwhmy6gat241mc"}
{"type":"log","timestamp":1744205752673,"level":"debug","message":"Executing recipe chrome-pdf","meta":{"rootId":"o8f1ncm59m688bn","id":"o8f1ncm59m688bn"},"id":"68ghu5zki8gylit","previousOperationId":"83k443ryle53126"}
{"type":"log","timestamp":1744205752679,"level":"debug","message":"Converting with chrome Chrome/133.0.6943.126 using chrome-pool strategy","meta":{"rootId":"o8f1ncm59m688bn","id":"o8f1ncm59m688bn"},"id":"m8kwjl67clc85tm","previousOperationId":"83k443ryle53126"}
{"type":"log","timestamp":1744205752749,"level":"debug","message":"Page request: GET (document) file:///C:/Users/Patheo24/AppData/Local/Temp/jsreport/autocleanup/c3e0bc74-e86f-4f10-be33-315fbc1765ff-chrome-pdf.html","meta":{"rootId":"o8f1ncm59m688bn","id":"o8f1ncm59m688bn"},"id":"w0z9s12j9xne0me","previousOperationId":"83k443ryle53126"}
{"type":"log","timestamp":1744205752783,"level":"debug","message":"Page request finished: GET (document) 200 file:///C:/Users/Patheo24/AppData/Local/Temp/jsreport/autocleanup/c3e0bc74-e86f-4f10-be33-315fbc1765ff-chrome-pdf.html","meta":{"rootId":"o8f1ncm59m688bn","id":"o8f1ncm59m688bn"},"id":"0hkip7csmftn33h","previousOperationId":"83k443ryle53126"}
{"type":"log","timestamp":1744205752783,"level":"debug","message":"(console:info) Slow network is detected. See https://www.chromestatus.com/feature/5636954674692096 for more details. Fallback font will be used while loading: http://localhost:5488/fonts/kalpurush.ttf","meta":{"userLevel":true,"rootId":"o8f1ncm59m688bn","id":"o8f1ncm59m688bn"},"id":"x2vte9bzs3m4hsq","previousOperationId":"83k443ryle53126"}
{"type":"log","timestamp":1744205752784,"level":"debug","message":"Page request: GET (font) http://localhost:5488/fonts/kalpurush.ttf","meta":{"rootId":"o8f1ncm59m688bn","id":"o8f1ncm59m688bn"},"id":"la7xxffr5i58heh","previousOperationId":"83k443ryle53126"}
{"type":"log","timestamp":1744205752784,"level":"debug","message":"Page request: GET (image) https://res.cloudinary.com/dpes1dyqb/image/upload/v1738768933/logo_myycxt.jpg","meta":{"rootId":"o8f1ncm59m688bn","id":"o8f1ncm59m688bn"},"id":"0hmar4ghb4ng2s9","previousOperationId":"83k443ryle53126"}
{"type":"log","timestamp":1744205752788,"level":"debug","message":"Page request: GET (font) http://localhost:5488/fonts/kalpurush.ttf","meta":{"rootId":"o8f1ncm59m688bn","id":"o8f1ncm59m688bn"},"id":"0ghbm12br8e5sm5","previousOperationId":"83k443ryle53126"}
{"type":"log","timestamp":1744205752789,"level":"debug","message":"Page request finished: GET (image) 200 https://res.cloudinary.com/dpes1dyqb/image/upload/v1738768933/logo_myycxt.jpg","meta":{"rootId":"o8f1ncm59m688bn","id":"o8f1ncm59m688bn"},"id":"8bqx3gb7i0t7e4m","previousOperationId":"83k443ryle53126"}
{"type":"log","timestamp":1744205752832,"level":"debug","message":"(console:error) Failed to load resource: the server responded with a status of 404 (Not Found)","meta":{"userLevel":true,"rootId":"o8f1ncm59m688bn","id":"o8f1ncm59m688bn"},"id":"yq4voze2vdlb3s1","previousOperationId":"83k443ryle53126"}
{"type":"log","timestamp":1744205752832,"level":"warn","message":"Page request failed: GET (font) http://localhost:5488/fonts/kalpurush.ttf, failure: net::ERR_ABORTED","meta":{"rootId":"o8f1ncm59m688bn","id":"o8f1ncm59m688bn"},"id":"mpx0utukx08t3z5","previousOperationId":"83k443ryle53126"}
{"type":"log","timestamp":1744205752837,"level":"debug","message":"Running chrome with params {\"printBackground\":true,\"timeout\":59947,\"margin\":{}}","meta":{"rootId":"o8f1ncm59m688bn","id":"o8f1ncm59m688bn"},"id":"58skv0kbi9oqkbt","previousOperationId":"83k443ryle53126"}
{"type":"operationEnd","operationId":"83k443ryle53126","timestamp":1744205753127,"id":"2bsjmxjxdhdtczr","previousEventId":"xn336151f0ki2vt","previousOperationId":"83k443ryle53126"}
{"type":"log","timestamp":1744205753127,"level":"debug","message":"Skipping storing report.","meta":{"rootId":"o8f1ncm59m688bn","id":"o8f1ncm59m688bn"},"id":"09p3v1ccabo2z9r","previousOperationId":"83k443ryle53126"}
{"type":"log","timestamp":1744205753127,"level":"info","message":"Rendering request 12 finished in 502 ms","meta":{"rootId":"o8f1ncm59m688bn","id":"o8f1ncm59m688bn"},"id":"fa0hzhx2ixi58lw","previousOperationId":"83k443ryle53126"}
{"type":"operationEnd","subtype":"render","operationId":"vhbubgc72n9purs","timestamp":1744205753127,"id":"h4p5q9n75bswm9k","previousEventId":"2bsjmxjxdhdtczr","previousOperationId":"83k443ryle53126"}
{"type":"operationEnd","doDiffs":false,"previousEventId":"z54sqzu9o9mo5ol","previousOperationId":"xnmwkj5hrmbo447","operationId":"xnmwkj5hrmbo447","timestamp":1744205753132,"id":"h3jfr6i54ykezom"}
