{"type":"operationStart","subtype":"profile","data":{"_id":"eRhKRCpStZHUk0Yo","timestamp":"2025-04-09T06:49:45.459Z","state":"queued","mode":"standard","creationDate":"2025-04-09T06:49:45.461Z","modificationDate":"2025-04-09T06:49:45.461Z","shortid":"sd46dfr","$entitySet":"profiles"},"doDiffs":false,"timestamp":1744181385460,"id":"693o8lkevk13lsn","previousOperationId":null,"operationId":"27umuesqdxfoe83"}
{"type":"log","level":"info","message":"Render request 22 queued for execution and waiting for available worker","previousOperationId":"27umuesqdxfoe83","timestamp":1744181385460,"id":"64dlefpy99z3uen"}
{"type":"operationStart","subtype":"render","name":"myTemplate","previousOperationId":"27umuesqdxfoe83","timestamp":1744181385472,"id":"4rrcd3mhpxntzrp","previousEventId":"693o8lkevk13lsn","operationId":"sqsn6azbw8g83ig"}
{"type":"log","timestamp":1744181385472,"level":"info","message":"Starting rendering request 22","meta":{"rootId":"oda0leawmnic1jm","id":"oda0leawmnic1jm"},"id":"cq8bxrqam4d5vyb","previousOperationId":"sqsn6azbw8g83ig"}
{"type":"log","timestamp":1744181385472,"level":"info","message":"Rendering template { name: myTemplate, recipe: chrome-pdf, engine: handlebars, preview: true }","meta":{"rootId":"oda0leawmnic1jm","id":"oda0leawmnic1jm"},"id":"hvt81if3n2wzjc2","previousOperationId":"sqsn6azbw8g83ig"}
{"type":"log","timestamp":1744181385472,"level":"debug","message":"Inline data specified.","meta":{"rootId":"oda0leawmnic1jm","id":"oda0leawmnic1jm"},"id":"91skj7966qus7za","previousOperationId":"sqsn6azbw8g83ig"}
{"type":"log","timestamp":1744181385473,"level":"debug","message":"Base url not specified, skipping its injection.","meta":{"rootId":"oda0leawmnic1jm","id":"oda0leawmnic1jm"},"id":"r3r5zc3phlarqgc","previousOperationId":"sqsn6azbw8g83ig"}
{"type":"operationStart","subtype":"engine","name":"handlebars","timestamp":1744181385474,"id":"mcix4lcu2lpivgw","previousEventId":"4rrcd3mhpxntzrp","operationId":"k3a40fomiavpthl","previousOperationId":"sqsn6azbw8g83ig"}
{"type":"log","timestamp":1744181385474,"level":"debug","message":"Rendering engine handlebars","meta":{"rootId":"oda0leawmnic1jm","id":"oda0leawmnic1jm"},"id":"xq1nnc9iqtv83yy","previousOperationId":"k3a40fomiavpthl"}
{"type":"operationEnd","operationId":"k3a40fomiavpthl","timestamp":1744181385486,"id":"c4zj00wgbem3klz","previousEventId":"mcix4lcu2lpivgw","previousOperationId":"k3a40fomiavpthl"}
{"type":"operationStart","subtype":"recipe","name":"chrome-pdf","timestamp":1744181385486,"id":"flvi7uzgmcpod4q","previousEventId":"c4zj00wgbem3klz","operationId":"vmwa9nn8zoq0jv0","previousOperationId":"k3a40fomiavpthl"}
{"type":"log","timestamp":1744181385486,"level":"debug","message":"Executing recipe chrome-pdf","meta":{"rootId":"oda0leawmnic1jm","id":"oda0leawmnic1jm"},"id":"1yx3qq2ne3r7zxq","previousOperationId":"vmwa9nn8zoq0jv0"}
{"type":"log","timestamp":1744181385489,"level":"debug","message":"Converting with chrome Chrome/133.0.6943.126 using chrome-pool strategy","meta":{"rootId":"oda0leawmnic1jm","id":"oda0leawmnic1jm"},"id":"ucx2ypay3c0ceer","previousOperationId":"vmwa9nn8zoq0jv0"}
{"type":"log","timestamp":1744181385555,"level":"debug","message":"Page request: GET (document) file:///C:/Users/Patheo24/AppData/Local/Temp/jsreport/autocleanup/6f401094-2ba7-4fa3-ad16-46629b11e5a5-chrome-pdf.html","meta":{"rootId":"oda0leawmnic1jm","id":"oda0leawmnic1jm"},"id":"8hcl0p7afxdppjl","previousOperationId":"vmwa9nn8zoq0jv0"}
{"type":"log","timestamp":1744181385598,"level":"debug","message":"Page request finished: GET (document) 200 file:///C:/Users/Patheo24/AppData/Local/Temp/jsreport/autocleanup/6f401094-2ba7-4fa3-ad16-46629b11e5a5-chrome-pdf.html","meta":{"rootId":"oda0leawmnic1jm","id":"oda0leawmnic1jm"},"id":"j3680yb6j6487qu","previousOperationId":"vmwa9nn8zoq0jv0"}
{"type":"log","timestamp":1744181385598,"level":"debug","message":"(console:info) Slow network is detected. See https://www.chromestatus.com/feature/5636954674692096 for more details. Fallback font will be used while loading: http://localhost:5488/fonts/kalpurush.ttf","meta":{"userLevel":true,"rootId":"oda0leawmnic1jm","id":"oda0leawmnic1jm"},"id":"09h5fxqlo10w82t","previousOperationId":"vmwa9nn8zoq0jv0"}
{"type":"log","timestamp":1744181385599,"level":"debug","message":"Page request: GET (font) http://localhost:5488/fonts/kalpurush.ttf","meta":{"rootId":"oda0leawmnic1jm","id":"oda0leawmnic1jm"},"id":"8qc6vnhaiqkuzpw","previousOperationId":"vmwa9nn8zoq0jv0"}
{"type":"log","timestamp":1744181385600,"level":"debug","message":"Page request: GET (image) https://res.cloudinary.com/dpes1dyqb/image/upload/v1738768933/logo_myycxt.jpg","meta":{"rootId":"oda0leawmnic1jm","id":"oda0leawmnic1jm"},"id":"9lzk6e1s0inczi5","previousOperationId":"vmwa9nn8zoq0jv0"}
{"type":"log","timestamp":1744181385638,"level":"debug","message":"Page request: GET (font) http://localhost:5488/fonts/kalpurush.ttf","meta":{"rootId":"oda0leawmnic1jm","id":"oda0leawmnic1jm"},"id":"elz3i3ri3vyq8bn","previousOperationId":"vmwa9nn8zoq0jv0"}
{"type":"log","timestamp":1744181385639,"level":"debug","message":"Page request finished: GET (image) 200 https://res.cloudinary.com/dpes1dyqb/image/upload/v1738768933/logo_myycxt.jpg","meta":{"rootId":"oda0leawmnic1jm","id":"oda0leawmnic1jm"},"id":"ene726kh2oretff","previousOperationId":"vmwa9nn8zoq0jv0"}
{"type":"log","timestamp":1744181385644,"level":"debug","message":"(console:error) Failed to load resource: the server responded with a status of 404 (Not Found)","meta":{"userLevel":true,"rootId":"oda0leawmnic1jm","id":"oda0leawmnic1jm"},"id":"w9jy3gr3eu1pszm","previousOperationId":"vmwa9nn8zoq0jv0"}
{"type":"log","timestamp":1744181385644,"level":"warn","message":"Page request failed: GET (font) http://localhost:5488/fonts/kalpurush.ttf, failure: net::ERR_ABORTED","meta":{"rootId":"oda0leawmnic1jm","id":"oda0leawmnic1jm"},"id":"wza1hb78j51mu5q","previousOperationId":"vmwa9nn8zoq0jv0"}
{"type":"log","timestamp":1744181385653,"level":"debug","message":"Running chrome with params {\"printBackground\":true,\"timeout\":59970,\"margin\":{}}","meta":{"rootId":"oda0leawmnic1jm","id":"oda0leawmnic1jm"},"id":"mtphpyzxt0qurwu","previousOperationId":"vmwa9nn8zoq0jv0"}
{"type":"operationEnd","operationId":"vmwa9nn8zoq0jv0","timestamp":1744181385940,"id":"abnoiwkv7lm6153","previousEventId":"flvi7uzgmcpod4q","previousOperationId":"vmwa9nn8zoq0jv0"}
{"type":"log","timestamp":1744181385941,"level":"debug","message":"Skipping storing report.","meta":{"rootId":"oda0leawmnic1jm","id":"oda0leawmnic1jm"},"id":"zihqfuhg65wx0wa","previousOperationId":"vmwa9nn8zoq0jv0"}
{"type":"log","timestamp":1744181385941,"level":"info","message":"Rendering request 22 finished in 483 ms","meta":{"rootId":"oda0leawmnic1jm","id":"oda0leawmnic1jm"},"id":"p41o7npyvjrcdwo","previousOperationId":"vmwa9nn8zoq0jv0"}
{"type":"operationEnd","subtype":"render","operationId":"sqsn6azbw8g83ig","timestamp":1744181385941,"id":"6vq63oyfu28rdq4","previousEventId":"abnoiwkv7lm6153","previousOperationId":"vmwa9nn8zoq0jv0"}
{"type":"operationEnd","doDiffs":false,"previousEventId":"693o8lkevk13lsn","previousOperationId":"27umuesqdxfoe83","operationId":"27umuesqdxfoe83","timestamp":1744181385946,"id":"0cnerk9e0vgkawe"}
