{"type":"operationStart","subtype":"profile","data":{"_id":"DbFRfAzfVJzKSQHM","timestamp":"2025-04-09T14:34:54.884Z","state":"queued","mode":"standard","creationDate":"2025-04-09T14:34:54.886Z","modificationDate":"2025-04-09T14:34:54.886Z","shortid":"8iz7KyK","$entitySet":"profiles"},"doDiffs":false,"timestamp":1744209294885,"id":"7vfj1jot1qykvpq","previousOperationId":null,"operationId":"jror2b1o72otzgi"}
{"type":"log","level":"info","message":"Render request 112 queued for execution and waiting for available worker","previousOperationId":"jror2b1o72otzgi","timestamp":1744209294885,"id":"1zt8hy28utqb06m"}
{"type":"operationStart","subtype":"render","name":"myTemplate","previousOperationId":"jror2b1o72otzgi","timestamp":1744209294901,"id":"es9b3b7wgalqw88","previousEventId":"7vfj1jot1qykvpq","operationId":"e3p015xn7twxdrg"}
{"type":"log","timestamp":1744209294901,"level":"info","message":"Starting rendering request 112","meta":{"rootId":"osuo92a0qwtlqar","id":"osuo92a0qwtlqar"},"id":"cz9imog7i7neqsi","previousOperationId":"e3p015xn7twxdrg"}
{"type":"log","timestamp":1744209294901,"level":"info","message":"Rendering template { name: myTemplate, recipe: chrome-pdf, engine: handlebars, preview: true }","meta":{"rootId":"osuo92a0qwtlqar","id":"osuo92a0qwtlqar"},"id":"3qzyb8ccyt5g8ut","previousOperationId":"e3p015xn7twxdrg"}
{"type":"log","timestamp":1744209294902,"level":"debug","message":"Inline data specified.","meta":{"rootId":"osuo92a0qwtlqar","id":"osuo92a0qwtlqar"},"id":"e8vvnv98gs0efpe","previousOperationId":"e3p015xn7twxdrg"}
{"type":"log","timestamp":1744209294905,"level":"debug","message":"Base url not specified, skipping its injection.","meta":{"rootId":"osuo92a0qwtlqar","id":"osuo92a0qwtlqar"},"id":"3ltfywhmgjh93pk","previousOperationId":"e3p015xn7twxdrg"}
{"type":"operationStart","subtype":"engine","name":"handlebars","timestamp":1744209294906,"id":"97drtq2qjwloqh6","previousEventId":"es9b3b7wgalqw88","operationId":"5l6sw7u4uf7o2u7","previousOperationId":"e3p015xn7twxdrg"}
{"type":"log","timestamp":1744209294906,"level":"debug","message":"Rendering engine handlebars","meta":{"rootId":"osuo92a0qwtlqar","id":"osuo92a0qwtlqar"},"id":"z7t577hynpm484z","previousOperationId":"5l6sw7u4uf7o2u7"}
{"type":"operationEnd","operationId":"5l6sw7u4uf7o2u7","timestamp":1744209294922,"id":"rq6p1eg1svymk5z","previousEventId":"97drtq2qjwloqh6","previousOperationId":"5l6sw7u4uf7o2u7"}
{"type":"operationStart","subtype":"recipe","name":"chrome-pdf","timestamp":1744209294923,"id":"upu9vbivo8twfes","previousEventId":"rq6p1eg1svymk5z","operationId":"w1duvxvpqbeiuvp","previousOperationId":"5l6sw7u4uf7o2u7"}
{"type":"log","timestamp":1744209294923,"level":"debug","message":"Executing recipe chrome-pdf","meta":{"rootId":"osuo92a0qwtlqar","id":"osuo92a0qwtlqar"},"id":"nroelxmetlyrs49","previousOperationId":"w1duvxvpqbeiuvp"}
{"type":"log","timestamp":1744209294925,"level":"debug","message":"Converting with chrome Chrome/133.0.6943.126 using chrome-pool strategy","meta":{"rootId":"osuo92a0qwtlqar","id":"osuo92a0qwtlqar"},"id":"ssmpv1vpxeflqxc","previousOperationId":"w1duvxvpqbeiuvp"}
{"type":"log","timestamp":1744209295002,"level":"debug","message":"Page request: GET (document) file:///C:/Users/Patheo24/AppData/Local/Temp/jsreport/autocleanup/ca87194e-1f5e-49c7-8dbd-5107deb76568-chrome-pdf.html","meta":{"rootId":"osuo92a0qwtlqar","id":"osuo92a0qwtlqar"},"id":"uj0qxpc79vynbuz","previousOperationId":"w1duvxvpqbeiuvp"}
{"type":"log","timestamp":1744209295030,"level":"debug","message":"Page request finished: GET (document) 200 file:///C:/Users/Patheo24/AppData/Local/Temp/jsreport/autocleanup/ca87194e-1f5e-49c7-8dbd-5107deb76568-chrome-pdf.html","meta":{"rootId":"osuo92a0qwtlqar","id":"osuo92a0qwtlqar"},"id":"ohadqrr0d3wybry","previousOperationId":"w1duvxvpqbeiuvp"}
{"type":"log","timestamp":1744209295030,"level":"debug","message":"(console:info) Slow network is detected. See https://www.chromestatus.com/feature/5636954674692096 for more details. Fallback font will be used while loading: http://localhost:5488/fonts/kalpurush.ttf","meta":{"userLevel":true,"rootId":"osuo92a0qwtlqar","id":"osuo92a0qwtlqar"},"id":"5cu3mua5b7qwhld","previousOperationId":"w1duvxvpqbeiuvp"}
{"type":"log","timestamp":1744209295031,"level":"debug","message":"Page request: GET (font) http://localhost:5488/fonts/kalpurush.ttf","meta":{"rootId":"osuo92a0qwtlqar","id":"osuo92a0qwtlqar"},"id":"8psh1khr0umqjl1","previousOperationId":"w1duvxvpqbeiuvp"}
{"type":"log","timestamp":1744209295032,"level":"debug","message":"Page request: GET (image) https://res.cloudinary.com/dpes1dyqb/image/upload/v1738768933/logo_myycxt.jpg","meta":{"rootId":"osuo92a0qwtlqar","id":"osuo92a0qwtlqar"},"id":"loxqmx8ecxerehw","previousOperationId":"w1duvxvpqbeiuvp"}
{"type":"log","timestamp":1744209295080,"level":"debug","message":"Page request: GET (font) http://localhost:5488/fonts/kalpurush.ttf","meta":{"rootId":"osuo92a0qwtlqar","id":"osuo92a0qwtlqar"},"id":"4ktr5mvewy9doa4","previousOperationId":"w1duvxvpqbeiuvp"}
{"type":"log","timestamp":1744209295081,"level":"debug","message":"Page request finished: GET (image) 200 https://res.cloudinary.com/dpes1dyqb/image/upload/v1738768933/logo_myycxt.jpg","meta":{"rootId":"osuo92a0qwtlqar","id":"osuo92a0qwtlqar"},"id":"jnxtvvfoyno7ur4","previousOperationId":"w1duvxvpqbeiuvp"}
{"type":"log","timestamp":1744209295087,"level":"debug","message":"(console:error) Failed to load resource: the server responded with a status of 404 (Not Found)","meta":{"userLevel":true,"rootId":"osuo92a0qwtlqar","id":"osuo92a0qwtlqar"},"id":"vq2ucz6kpmvfph4","previousOperationId":"w1duvxvpqbeiuvp"}
{"type":"log","timestamp":1744209295087,"level":"warn","message":"Page request failed: GET (font) http://localhost:5488/fonts/kalpurush.ttf, failure: net::ERR_ABORTED","meta":{"rootId":"osuo92a0qwtlqar","id":"osuo92a0qwtlqar"},"id":"c0r3otcsazeh11f","previousOperationId":"w1duvxvpqbeiuvp"}
{"type":"log","timestamp":1744209295093,"level":"debug","message":"Running chrome with params {\"printBackground\":true,\"format\":\"A5\",\"marginRight\":\"\",\"height\":\"\",\"marginTop\":\"\",\"marginBottom\":\"\",\"marginLeft\":\"\",\"displayHeaderFooter\":true,\"width\":\"\",\"timeout\":59960,\"margin\":{\"top\":\"\",\"right\":\"\",\"bottom\":\"\",\"left\":\"\"}}","meta":{"rootId":"osuo92a0qwtlqar","id":"osuo92a0qwtlqar"},"id":"va30dccwbxkv8cm","previousOperationId":"w1duvxvpqbeiuvp"}
{"type":"operationEnd","operationId":"w1duvxvpqbeiuvp","timestamp":1744209295403,"id":"pdnnc4yztagy5dd","previousEventId":"upu9vbivo8twfes","previousOperationId":"w1duvxvpqbeiuvp"}
{"type":"log","timestamp":1744209295403,"level":"debug","message":"Skipping storing report.","meta":{"rootId":"osuo92a0qwtlqar","id":"osuo92a0qwtlqar"},"id":"77zpwwgwxsc3i5p","previousOperationId":"w1duvxvpqbeiuvp"}
{"type":"log","timestamp":1744209295403,"level":"info","message":"Rendering request 112 finished in 519 ms","meta":{"rootId":"osuo92a0qwtlqar","id":"osuo92a0qwtlqar"},"id":"ocbrnjnb3v85omt","previousOperationId":"w1duvxvpqbeiuvp"}
{"type":"operationEnd","subtype":"render","operationId":"e3p015xn7twxdrg","timestamp":1744209295403,"id":"kfhfcai8rkhgvyh","previousEventId":"pdnnc4yztagy5dd","previousOperationId":"w1duvxvpqbeiuvp"}
{"type":"operationEnd","doDiffs":false,"previousEventId":"7vfj1jot1qykvpq","previousOperationId":"jror2b1o72otzgi","operationId":"jror2b1o72otzgi","timestamp":1744209295407,"id":"5g70bucyywhz1zt"}
