{"type":"operationStart","subtype":"profile","data":{"_id":"IzL1IRI3rMeKZZ3B","timestamp":"2025-04-10T13:08:59.956Z","state":"queued","mode":"standard","creationDate":"2025-04-10T13:08:59.958Z","modificationDate":"2025-04-10T13:08:59.958Z","shortid":"cykhvd6","$entitySet":"profiles"},"doDiffs":false,"timestamp":1744290539957,"id":"119qhi3jvk57pf4","previousOperationId":null,"operationId":"1notlyjpuos41ha"}
{"type":"log","level":"info","message":"Render request 8 queued for execution and waiting for available worker","previousOperationId":"1notlyjpuos41ha","timestamp":1744290539957,"id":"asrgys4veml959f"}
{"type":"operationStart","subtype":"render","name":"myTemplate","previousOperationId":"1notlyjpuos41ha","timestamp":1744290539973,"id":"5jkuzp4ql1vfdw1","previousEventId":"119qhi3jvk57pf4","operationId":"wympjjat286dqgd"}
{"type":"log","timestamp":1744290539973,"level":"info","message":"Starting rendering request 8","meta":{"rootId":"oz9rp4axwpryzck","id":"oz9rp4axwpryzck"},"id":"zv3xgzjx4c0qw36","previousOperationId":"wympjjat286dqgd"}
{"type":"log","timestamp":1744290539973,"level":"info","message":"Rendering template { name: myTemplate, recipe: chrome-pdf, engine: handlebars, preview: true }","meta":{"rootId":"oz9rp4axwpryzck","id":"oz9rp4axwpryzck"},"id":"76he97w29ik8e7c","previousOperationId":"wympjjat286dqgd"}
{"type":"log","timestamp":1744290539974,"level":"debug","message":"Adding sample data HUavgV0Kc","meta":{"rootId":"oz9rp4axwpryzck","id":"oz9rp4axwpryzck"},"id":"4dh4wbamdbaahwn","previousOperationId":"wympjjat286dqgd"}
{"type":"log","timestamp":1744290539975,"level":"debug","message":"Base url not specified, skipping its injection.","meta":{"rootId":"oz9rp4axwpryzck","id":"oz9rp4axwpryzck"},"id":"8d6octwv5l5n914","previousOperationId":"wympjjat286dqgd"}
{"type":"operationStart","subtype":"engine","name":"handlebars","timestamp":1744290539976,"id":"sa28rhcn8ocycmx","previousEventId":"5jkuzp4ql1vfdw1","operationId":"avxws9wry7elqgg","previousOperationId":"wympjjat286dqgd"}
{"type":"log","timestamp":1744290539976,"level":"debug","message":"Rendering engine handlebars","meta":{"rootId":"oz9rp4axwpryzck","id":"oz9rp4axwpryzck"},"id":"33a14hlzmfgqbis","previousOperationId":"avxws9wry7elqgg"}
{"type":"operationEnd","operationId":"avxws9wry7elqgg","timestamp":1744290540059,"id":"syja6viqbgxbzyq","previousEventId":"sa28rhcn8ocycmx","previousOperationId":"avxws9wry7elqgg"}
{"type":"operationStart","subtype":"recipe","name":"chrome-pdf","timestamp":1744290540060,"id":"35trui33tsh0bu8","previousEventId":"syja6viqbgxbzyq","operationId":"2ckf171x4iwhq29","previousOperationId":"avxws9wry7elqgg"}
{"type":"log","timestamp":1744290540060,"level":"debug","message":"Executing recipe chrome-pdf","meta":{"rootId":"oz9rp4axwpryzck","id":"oz9rp4axwpryzck"},"id":"rdz9vey5vnyjqmd","previousOperationId":"2ckf171x4iwhq29"}
{"type":"log","timestamp":1744290540064,"level":"debug","message":"Converting with chrome Chrome/133.0.6943.126 using chrome-pool strategy","meta":{"rootId":"oz9rp4axwpryzck","id":"oz9rp4axwpryzck"},"id":"x8egn7x1nsdqeno","previousOperationId":"2ckf171x4iwhq29"}
{"type":"log","timestamp":1744290540133,"level":"debug","message":"Page request: GET (document) file:///C:/Users/Patheo24/AppData/Local/Temp/jsreport/autocleanup/8c17b269-400a-4100-89c2-ae0e304164ce-chrome-pdf.html","meta":{"rootId":"oz9rp4axwpryzck","id":"oz9rp4axwpryzck"},"id":"xdergia5e2ensin","previousOperationId":"2ckf171x4iwhq29"}
{"type":"log","timestamp":1744290540157,"level":"debug","message":"Page request finished: GET (document) 200 file:///C:/Users/Patheo24/AppData/Local/Temp/jsreport/autocleanup/8c17b269-400a-4100-89c2-ae0e304164ce-chrome-pdf.html","meta":{"rootId":"oz9rp4axwpryzck","id":"oz9rp4axwpryzck"},"id":"3d5jtea8tzar4kp","previousOperationId":"2ckf171x4iwhq29"}
{"type":"log","timestamp":1744290540162,"level":"debug","message":"Page request: GET (image) https://res.cloudinary.com/dpes1dyqb/image/upload/v1738768933/logo_myycxt.jpg","meta":{"rootId":"oz9rp4axwpryzck","id":"oz9rp4axwpryzck"},"id":"v0g0k10zzt9u59k","previousOperationId":"2ckf171x4iwhq29"}
{"type":"log","timestamp":1744290540162,"level":"debug","message":"Page request: GET (font) http://localhost:5488/fonts/kalpurush.ttf","meta":{"rootId":"oz9rp4axwpryzck","id":"oz9rp4axwpryzck"},"id":"zfxydxncexsf1l9","previousOperationId":"2ckf171x4iwhq29"}
{"type":"log","timestamp":1744290540210,"level":"debug","message":"Page request: GET (font) http://localhost:5488/fonts/kalpurush.ttf","meta":{"rootId":"oz9rp4axwpryzck","id":"oz9rp4axwpryzck"},"id":"7phge4aoq8acgdb","previousOperationId":"2ckf171x4iwhq29"}
{"type":"log","timestamp":1744290540211,"level":"debug","message":"Page request finished: GET (image) 200 https://res.cloudinary.com/dpes1dyqb/image/upload/v1738768933/logo_myycxt.jpg","meta":{"rootId":"oz9rp4axwpryzck","id":"oz9rp4axwpryzck"},"id":"8jfq4m88fpwiszo","previousOperationId":"2ckf171x4iwhq29"}
{"type":"log","timestamp":1744290540225,"level":"debug","message":"(console:error) Failed to load resource: the server responded with a status of 404 (Not Found)","meta":{"userLevel":true,"rootId":"oz9rp4axwpryzck","id":"oz9rp4axwpryzck"},"id":"h31t9fa3fuh5sdo","previousOperationId":"2ckf171x4iwhq29"}
{"type":"log","timestamp":1744290540226,"level":"warn","message":"Page request failed: GET (font) http://localhost:5488/fonts/kalpurush.ttf, failure: net::ERR_ABORTED","meta":{"rootId":"oz9rp4axwpryzck","id":"oz9rp4axwpryzck"},"id":"ghk1f6ept8d62lc","previousOperationId":"2ckf171x4iwhq29"}
{"type":"log","timestamp":1744290540236,"level":"debug","message":"Running chrome with params {\"printBackground\":true,\"format\":\"A5\",\"marginRight\":\"\",\"height\":\"\",\"marginTop\":\"\",\"marginBottom\":\"\",\"marginLeft\":\"\",\"displayHeaderFooter\":true,\"width\":\"\",\"timeout\":59893,\"margin\":{\"top\":\"\",\"right\":\"\",\"bottom\":\"\",\"left\":\"\"}}","meta":{"rootId":"oz9rp4axwpryzck","id":"oz9rp4axwpryzck"},"id":"hsr6vexddqdkkj2","previousOperationId":"2ckf171x4iwhq29"}
{"type":"operationEnd","operationId":"2ckf171x4iwhq29","timestamp":1744290540576,"id":"wizn7rb1kdzfbgo","previousEventId":"35trui33tsh0bu8","previousOperationId":"2ckf171x4iwhq29"}
{"type":"log","timestamp":1744290540576,"level":"debug","message":"Skipping storing report.","meta":{"rootId":"oz9rp4axwpryzck","id":"oz9rp4axwpryzck"},"id":"d4m30d18ifhwe1a","previousOperationId":"2ckf171x4iwhq29"}
{"type":"log","timestamp":1744290540576,"level":"info","message":"Rendering request 8 finished in 620 ms","meta":{"rootId":"oz9rp4axwpryzck","id":"oz9rp4axwpryzck"},"id":"71qbrfqac8kxtx6","previousOperationId":"2ckf171x4iwhq29"}
{"type":"operationEnd","subtype":"render","operationId":"wympjjat286dqgd","timestamp":1744290540576,"id":"gq3no27c3zkjq71","previousEventId":"wizn7rb1kdzfbgo","previousOperationId":"2ckf171x4iwhq29"}
{"type":"operationEnd","doDiffs":false,"previousEventId":"119qhi3jvk57pf4","previousOperationId":"1notlyjpuos41ha","operationId":"1notlyjpuos41ha","timestamp":1744290540580,"id":"hrhthonpm64dlpd"}
