{"type":"operationStart","subtype":"profile","data":{"_id":"HyD6XWO3S5vHaMjZ","timestamp":"2025-04-09T14:15:30.112Z","state":"queued","mode":"standard","creationDate":"2025-04-09T14:15:30.114Z","modificationDate":"2025-04-09T14:15:30.114Z","shortid":"Btz4ZNz","$entitySet":"profiles"},"doDiffs":false,"timestamp":1744208130113,"id":"zkvtkh3v5rxdg03","previousOperationId":null,"operationId":"8gqi59ikfndpcae"}
{"type":"log","level":"info","message":"Render request 81 queued for execution and waiting for available worker","previousOperationId":"8gqi59ikfndpcae","timestamp":1744208130113,"id":"f8jrjm50yjv2nul"}
{"type":"operationStart","subtype":"render","name":"myTemplate","previousOperationId":"8gqi59ikfndpcae","timestamp":1744208130124,"id":"tn5irr4hdk3azga","previousEventId":"zkvtkh3v5rxdg03","operationId":"rxuj7l4fgi6mq94"}
{"type":"log","timestamp":1744208130124,"level":"info","message":"Starting rendering request 81","meta":{"rootId":"p1xb5wh1y9b4ju5","id":"p1xb5wh1y9b4ju5"},"id":"gjvfsq7gxsaivf3","previousOperationId":"rxuj7l4fgi6mq94"}
{"type":"log","timestamp":1744208130124,"level":"info","message":"Rendering template { name: myTemplate, recipe: chrome-pdf, engine: handlebars, preview: true }","meta":{"rootId":"p1xb5wh1y9b4ju5","id":"p1xb5wh1y9b4ju5"},"id":"0eq863svpyd27qa","previousOperationId":"rxuj7l4fgi6mq94"}
{"type":"log","timestamp":1744208130125,"level":"debug","message":"Adding sample data HUavgV0Kc","meta":{"rootId":"p1xb5wh1y9b4ju5","id":"p1xb5wh1y9b4ju5"},"id":"rh9sgmdt8z3b2u1","previousOperationId":"rxuj7l4fgi6mq94"}
{"type":"log","timestamp":1744208130128,"level":"debug","message":"Base url not specified, skipping its injection.","meta":{"rootId":"p1xb5wh1y9b4ju5","id":"p1xb5wh1y9b4ju5"},"id":"z1zhycbaknejue3","previousOperationId":"rxuj7l4fgi6mq94"}
{"type":"operationStart","subtype":"engine","name":"handlebars","timestamp":1744208130128,"id":"s46sq5dksnu27e1","previousEventId":"tn5irr4hdk3azga","operationId":"yjosvlxe0oal8ro","previousOperationId":"rxuj7l4fgi6mq94"}
{"type":"log","timestamp":1744208130128,"level":"debug","message":"Rendering engine handlebars","meta":{"rootId":"p1xb5wh1y9b4ju5","id":"p1xb5wh1y9b4ju5"},"id":"lmmkjgr5ka7shs6","previousOperationId":"yjosvlxe0oal8ro"}
{"type":"operationEnd","operationId":"yjosvlxe0oal8ro","timestamp":1744208130147,"id":"kttj6e4ebtd3syz","previousEventId":"s46sq5dksnu27e1","previousOperationId":"yjosvlxe0oal8ro"}
{"type":"operationStart","subtype":"recipe","name":"chrome-pdf","timestamp":1744208130147,"id":"47u90tqgk3e81cl","previousEventId":"kttj6e4ebtd3syz","operationId":"905yqeixfl85etx","previousOperationId":"yjosvlxe0oal8ro"}
{"type":"log","timestamp":1744208130147,"level":"debug","message":"Executing recipe chrome-pdf","meta":{"rootId":"p1xb5wh1y9b4ju5","id":"p1xb5wh1y9b4ju5"},"id":"xul99mxto4noog0","previousOperationId":"905yqeixfl85etx"}
{"type":"log","timestamp":1744208130150,"level":"debug","message":"Converting with chrome Chrome/133.0.6943.126 using chrome-pool strategy","meta":{"rootId":"p1xb5wh1y9b4ju5","id":"p1xb5wh1y9b4ju5"},"id":"mpcqxw0ywqfi5rp","previousOperationId":"905yqeixfl85etx"}
{"type":"log","timestamp":1744208130235,"level":"debug","message":"Page request: GET (document) file:///C:/Users/Patheo24/AppData/Local/Temp/jsreport/autocleanup/f252e293-ee26-4253-8b65-4e849cc64636-chrome-pdf.html","meta":{"rootId":"p1xb5wh1y9b4ju5","id":"p1xb5wh1y9b4ju5"},"id":"7olpdhff1qe7zx1","previousOperationId":"905yqeixfl85etx"}
{"type":"log","timestamp":1744208130298,"level":"debug","message":"Page request finished: GET (document) 200 file:///C:/Users/Patheo24/AppData/Local/Temp/jsreport/autocleanup/f252e293-ee26-4253-8b65-4e849cc64636-chrome-pdf.html","meta":{"rootId":"p1xb5wh1y9b4ju5","id":"p1xb5wh1y9b4ju5"},"id":"keitxjupbunxkdn","previousOperationId":"905yqeixfl85etx"}
{"type":"log","timestamp":1744208130308,"level":"debug","message":"Page request: GET (font) http://localhost:5488/fonts/kalpurush.ttf","meta":{"rootId":"p1xb5wh1y9b4ju5","id":"p1xb5wh1y9b4ju5"},"id":"vj2nvd6o6vom8j2","previousOperationId":"905yqeixfl85etx"}
{"type":"log","timestamp":1744208130309,"level":"debug","message":"Page request: GET (image) https://res.cloudinary.com/dpes1dyqb/image/upload/v1738768933/logo_myycxt.jpg","meta":{"rootId":"p1xb5wh1y9b4ju5","id":"p1xb5wh1y9b4ju5"},"id":"mnjug5esszuzvqo","previousOperationId":"905yqeixfl85etx"}
{"type":"log","timestamp":1744208130368,"level":"debug","message":"Page request: GET (font) http://localhost:5488/fonts/kalpurush.ttf","meta":{"rootId":"p1xb5wh1y9b4ju5","id":"p1xb5wh1y9b4ju5"},"id":"09ukr0uubd9xyow","previousOperationId":"905yqeixfl85etx"}
{"type":"log","timestamp":1744208130369,"level":"debug","message":"Page request finished: GET (image) 200 https://res.cloudinary.com/dpes1dyqb/image/upload/v1738768933/logo_myycxt.jpg","meta":{"rootId":"p1xb5wh1y9b4ju5","id":"p1xb5wh1y9b4ju5"},"id":"0g1sisop2kdtier","previousOperationId":"905yqeixfl85etx"}
{"type":"log","timestamp":1744208130374,"level":"debug","message":"(console:error) Failed to load resource: the server responded with a status of 404 (Not Found)","meta":{"userLevel":true,"rootId":"p1xb5wh1y9b4ju5","id":"p1xb5wh1y9b4ju5"},"id":"ojf8ii6is5ztq78","previousOperationId":"905yqeixfl85etx"}
{"type":"log","timestamp":1744208130374,"level":"warn","message":"Page request failed: GET (font) http://localhost:5488/fonts/kalpurush.ttf, failure: net::ERR_ABORTED","meta":{"rootId":"p1xb5wh1y9b4ju5","id":"p1xb5wh1y9b4ju5"},"id":"rsid099ex5l324h","previousOperationId":"905yqeixfl85etx"}
{"type":"log","timestamp":1744208130385,"level":"debug","message":"Running chrome with params {\"printBackground\":true,\"format\":\"A5\",\"marginRight\":\"\",\"height\":\"\",\"marginTop\":\"\",\"marginBottom\":\"\",\"marginLeft\":\"\",\"displayHeaderFooter\":true,\"width\":\"\",\"timeout\":59963,\"margin\":{\"top\":\"\",\"right\":\"\",\"bottom\":\"\",\"left\":\"\"}}","meta":{"rootId":"p1xb5wh1y9b4ju5","id":"p1xb5wh1y9b4ju5"},"id":"sbsxepsgdf16327","previousOperationId":"905yqeixfl85etx"}
{"type":"operationEnd","operationId":"905yqeixfl85etx","timestamp":1744208130709,"id":"4towjcgcua6mt4h","previousEventId":"47u90tqgk3e81cl","previousOperationId":"905yqeixfl85etx"}
{"type":"log","timestamp":1744208130709,"level":"debug","message":"Skipping storing report.","meta":{"rootId":"p1xb5wh1y9b4ju5","id":"p1xb5wh1y9b4ju5"},"id":"cqdxs4kjtmmq7fp","previousOperationId":"905yqeixfl85etx"}
{"type":"log","timestamp":1744208130710,"level":"info","message":"Rendering request 81 finished in 598 ms","meta":{"rootId":"p1xb5wh1y9b4ju5","id":"p1xb5wh1y9b4ju5"},"id":"8kmpxq4c96knz8o","previousOperationId":"905yqeixfl85etx"}
{"type":"operationEnd","subtype":"render","operationId":"rxuj7l4fgi6mq94","timestamp":1744208130710,"id":"nxwqewq2aijbwyo","previousEventId":"4towjcgcua6mt4h","previousOperationId":"905yqeixfl85etx"}
{"type":"operationEnd","doDiffs":false,"previousEventId":"zkvtkh3v5rxdg03","previousOperationId":"8gqi59ikfndpcae","operationId":"8gqi59ikfndpcae","timestamp":1744208130716,"id":"oejphso5sds14a6"}
