{"type":"operationStart","subtype":"profile","data":{"_id":"YjLUN48noVb6lPZh","timestamp":"2025-04-09T10:08:40.442Z","state":"queued","mode":"standard","creationDate":"2025-04-09T10:08:40.445Z","modificationDate":"2025-04-09T10:08:40.445Z","shortid":"GYd6OEB","$entitySet":"profiles"},"doDiffs":false,"timestamp":1744193320444,"id":"0cfwpu1hj4u3g5l","previousOperationId":null,"operationId":"6rgf3o9rtt4c9fq"}
{"type":"log","level":"info","message":"Render request 7 queued for execution and waiting for available worker","previousOperationId":"6rgf3o9rtt4c9fq","timestamp":1744193320444,"id":"5sbhzpfc3w8kcns"}
{"type":"operationStart","subtype":"render","name":"myTemplate","previousOperationId":"6rgf3o9rtt4c9fq","timestamp":1744193320468,"id":"wqeabdfphur8t5e","previousEventId":"0cfwpu1hj4u3g5l","operationId":"vpsrxxcorwugsvt"}
{"type":"log","timestamp":1744193320468,"level":"info","message":"Starting rendering request 7","meta":{"rootId":"p2ths1h36exgf4q","id":"p2ths1h36exgf4q"},"id":"s0vnr67rywqy9x1","previousOperationId":"vpsrxxcorwugsvt"}
{"type":"log","timestamp":1744193320468,"level":"info","message":"Rendering template { name: myTemplate, recipe: chrome-pdf, engine: handlebars, preview: true }","meta":{"rootId":"p2ths1h36exgf4q","id":"p2ths1h36exgf4q"},"id":"mbh7c3lsil8se0s","previousOperationId":"vpsrxxcorwugsvt"}
{"type":"log","timestamp":1744193320469,"level":"debug","message":"Inline data specified.","meta":{"rootId":"p2ths1h36exgf4q","id":"p2ths1h36exgf4q"},"id":"cki72g02dhh44db","previousOperationId":"vpsrxxcorwugsvt"}
{"type":"log","timestamp":1744193320471,"level":"debug","message":"Base url not specified, skipping its injection.","meta":{"rootId":"p2ths1h36exgf4q","id":"p2ths1h36exgf4q"},"id":"hcfh3sfu3w681kq","previousOperationId":"vpsrxxcorwugsvt"}
{"type":"operationStart","subtype":"engine","name":"handlebars","timestamp":1744193320472,"id":"ayuiu2six887791","previousEventId":"wqeabdfphur8t5e","operationId":"yabmjq2dt2d1uuq","previousOperationId":"vpsrxxcorwugsvt"}
{"type":"log","timestamp":1744193320472,"level":"debug","message":"Rendering engine handlebars","meta":{"rootId":"p2ths1h36exgf4q","id":"p2ths1h36exgf4q"},"id":"ooaabc2ssbu96f5","previousOperationId":"yabmjq2dt2d1uuq"}
{"type":"operationEnd","operationId":"yabmjq2dt2d1uuq","timestamp":1744193320495,"id":"y3ybyy1u9ju4903","previousEventId":"ayuiu2six887791","previousOperationId":"yabmjq2dt2d1uuq"}
{"type":"operationStart","subtype":"recipe","name":"chrome-pdf","timestamp":1744193320496,"id":"1fddq5c55i745x9","previousEventId":"y3ybyy1u9ju4903","operationId":"bwfx2cc72xqsg53","previousOperationId":"yabmjq2dt2d1uuq"}
{"type":"log","timestamp":1744193320496,"level":"debug","message":"Executing recipe chrome-pdf","meta":{"rootId":"p2ths1h36exgf4q","id":"p2ths1h36exgf4q"},"id":"6l7kloy8tvg8l9h","previousOperationId":"bwfx2cc72xqsg53"}
{"type":"log","timestamp":1744193320498,"level":"debug","message":"Converting with chrome Chrome/133.0.6943.126 using chrome-pool strategy","meta":{"rootId":"p2ths1h36exgf4q","id":"p2ths1h36exgf4q"},"id":"82xsdqq7b17xszq","previousOperationId":"bwfx2cc72xqsg53"}
{"type":"log","timestamp":1744193320569,"level":"debug","message":"Page request: GET (document) file:///C:/Users/Patheo24/AppData/Local/Temp/jsreport/autocleanup/51e47a02-003b-4ce6-8e36-8286c720dc66-chrome-pdf.html","meta":{"rootId":"p2ths1h36exgf4q","id":"p2ths1h36exgf4q"},"id":"2gjcfbdsa9csxy6","previousOperationId":"bwfx2cc72xqsg53"}
{"type":"log","timestamp":1744193320592,"level":"debug","message":"Page request finished: GET (document) 200 file:///C:/Users/Patheo24/AppData/Local/Temp/jsreport/autocleanup/51e47a02-003b-4ce6-8e36-8286c720dc66-chrome-pdf.html","meta":{"rootId":"p2ths1h36exgf4q","id":"p2ths1h36exgf4q"},"id":"j5ywgp56e3de1bc","previousOperationId":"bwfx2cc72xqsg53"}
{"type":"log","timestamp":1744193320598,"level":"debug","message":"Page request: GET (font) http://localhost:5488/fonts/kalpurush.ttf","meta":{"rootId":"p2ths1h36exgf4q","id":"p2ths1h36exgf4q"},"id":"g6l3mihphlo10fm","previousOperationId":"bwfx2cc72xqsg53"}
{"type":"log","timestamp":1744193320599,"level":"debug","message":"Page request: GET (image) https://res.cloudinary.com/dpes1dyqb/image/upload/v1738768933/logo_myycxt.jpg","meta":{"rootId":"p2ths1h36exgf4q","id":"p2ths1h36exgf4q"},"id":"sxjugb73sv6t145","previousOperationId":"bwfx2cc72xqsg53"}
{"type":"log","timestamp":1744193320634,"level":"debug","message":"Page request: GET (font) http://localhost:5488/fonts/kalpurush.ttf","meta":{"rootId":"p2ths1h36exgf4q","id":"p2ths1h36exgf4q"},"id":"meeciuo7wmwp48o","previousOperationId":"bwfx2cc72xqsg53"}
{"type":"log","timestamp":1744193320635,"level":"debug","message":"Page request finished: GET (image) 200 https://res.cloudinary.com/dpes1dyqb/image/upload/v1738768933/logo_myycxt.jpg","meta":{"rootId":"p2ths1h36exgf4q","id":"p2ths1h36exgf4q"},"id":"aol3dph94q1n19j","previousOperationId":"bwfx2cc72xqsg53"}
{"type":"log","timestamp":1744193320641,"level":"debug","message":"(console:error) Failed to load resource: the server responded with a status of 404 (Not Found)","meta":{"userLevel":true,"rootId":"p2ths1h36exgf4q","id":"p2ths1h36exgf4q"},"id":"doaflg8e15da850","previousOperationId":"bwfx2cc72xqsg53"}
{"type":"log","timestamp":1744193320642,"level":"warn","message":"Page request failed: GET (font) http://localhost:5488/fonts/kalpurush.ttf, failure: net::ERR_ABORTED","meta":{"rootId":"p2ths1h36exgf4q","id":"p2ths1h36exgf4q"},"id":"495b4kg4rlewynh","previousOperationId":"bwfx2cc72xqsg53"}
{"type":"log","timestamp":1744193320649,"level":"debug","message":"Running chrome with params {\"printBackground\":true,\"timeout\":59945,\"margin\":{}}","meta":{"rootId":"p2ths1h36exgf4q","id":"p2ths1h36exgf4q"},"id":"nrf201zznn2fnez","previousOperationId":"bwfx2cc72xqsg53"}
{"type":"operationEnd","operationId":"bwfx2cc72xqsg53","timestamp":1744193320918,"id":"mpkjj1tyif9dohr","previousEventId":"1fddq5c55i745x9","previousOperationId":"bwfx2cc72xqsg53"}
{"type":"log","timestamp":1744193320918,"level":"debug","message":"Skipping storing report.","meta":{"rootId":"p2ths1h36exgf4q","id":"p2ths1h36exgf4q"},"id":"px8hh1mpjvnslwv","previousOperationId":"bwfx2cc72xqsg53"}
{"type":"log","timestamp":1744193320918,"level":"info","message":"Rendering request 7 finished in 476 ms","meta":{"rootId":"p2ths1h36exgf4q","id":"p2ths1h36exgf4q"},"id":"ngw58kvibngzq3p","previousOperationId":"bwfx2cc72xqsg53"}
{"type":"operationEnd","subtype":"render","operationId":"vpsrxxcorwugsvt","timestamp":1744193320918,"id":"03im4gatooly2h6","previousEventId":"mpkjj1tyif9dohr","previousOperationId":"bwfx2cc72xqsg53"}
{"type":"operationEnd","doDiffs":false,"previousEventId":"0cfwpu1hj4u3g5l","previousOperationId":"6rgf3o9rtt4c9fq","operationId":"6rgf3o9rtt4c9fq","timestamp":1744193320925,"id":"qrulsqj1iora4hi"}
