{"type":"operationStart","subtype":"profile","data":{"_id":"b8ad7zJ0yleewyZM","timestamp":"2025-04-11T11:50:31.550Z","state":"running","mode":"standard","creationDate":"2025-04-11T11:50:31.553Z","modificationDate":"2025-04-11T11:50:31.553Z","shortid":"hVuWkg4","$entitySet":"profiles","timeout":60000,"templateShortid":"2tjN-EB9Yu"},"doDiffs":false,"timestamp":1744372231551,"id":"b5gpfg26bcq3thf","previousOperationId":null,"operationId":"5xx6yj8k4wll2yb"}
{"type":"log","level":"info","message":"Render request 1 queued for execution and waiting for available worker","previousOperationId":"5xx6yj8k4wll2yb","timestamp":1744372231551,"id":"lyahweq6skephjp"}
{"type":"operationStart","subtype":"render","name":"myTemplate","previousOperationId":"5xx6yj8k4wll2yb","timestamp":1744372231569,"id":"shjg9gb5ntytkjq","previousEventId":"b5gpfg26bcq3thf","operationId":"w52x1hhd7vwtrgw"}
{"type":"log","timestamp":1744372231570,"level":"info","message":"Starting rendering request 1","meta":{"rootId":"p3vm25ixue9m0w4","id":"p3vm25ixue9m0w4"},"id":"pgooj4dfr25p34a","previousOperationId":"w52x1hhd7vwtrgw"}
{"type":"log","timestamp":1744372231571,"level":"info","message":"Rendering template { name: myTemplate, recipe: chrome-pdf, engine: handlebars, preview: false }","meta":{"rootId":"p3vm25ixue9m0w4","id":"p3vm25ixue9m0w4"},"id":"xnsec4evytc1xq4","previousOperationId":"w52x1hhd7vwtrgw"}
{"type":"log","timestamp":1744372231572,"level":"debug","message":"Inline data specified.","meta":{"rootId":"p3vm25ixue9m0w4","id":"p3vm25ixue9m0w4"},"id":"ni2mda0brslxu3o","previousOperationId":"w52x1hhd7vwtrgw"}
{"type":"log","timestamp":1744372231575,"level":"debug","message":"Base url not specified, skipping its injection.","meta":{"rootId":"p3vm25ixue9m0w4","id":"p3vm25ixue9m0w4"},"id":"8jusmesytili4u8","previousOperationId":"w52x1hhd7vwtrgw"}
{"type":"operationStart","subtype":"engine","name":"handlebars","timestamp":1744372231576,"id":"d4yzp8c53y3mfut","previousEventId":"shjg9gb5ntytkjq","operationId":"tr2eysj2316u3ce","previousOperationId":"w52x1hhd7vwtrgw"}
{"type":"log","timestamp":1744372231576,"level":"debug","message":"Rendering engine handlebars","meta":{"rootId":"p3vm25ixue9m0w4","id":"p3vm25ixue9m0w4"},"id":"qoer7woxbiw20n2","previousOperationId":"tr2eysj2316u3ce"}
{"type":"operationEnd","operationId":"tr2eysj2316u3ce","timestamp":1744372232760,"id":"5lolwo5fedvc5n6","previousEventId":"d4yzp8c53y3mfut","previousOperationId":"tr2eysj2316u3ce"}
{"type":"operationStart","subtype":"recipe","name":"chrome-pdf","timestamp":1744372232761,"id":"3zyexme8ool3d2y","previousEventId":"5lolwo5fedvc5n6","operationId":"7w0tlxp4q8kil10","previousOperationId":"tr2eysj2316u3ce"}
{"type":"log","timestamp":1744372232761,"level":"debug","message":"Executing recipe chrome-pdf","meta":{"rootId":"p3vm25ixue9m0w4","id":"p3vm25ixue9m0w4"},"id":"kfpemhjtkgmb3je","previousOperationId":"7w0tlxp4q8kil10"}
{"type":"log","timestamp":1744372235228,"level":"debug","message":"Converting with chrome Chrome/133.0.6943.126 using chrome-pool strategy","meta":{"rootId":"p3vm25ixue9m0w4","id":"p3vm25ixue9m0w4"},"id":"kvu363di9x1ccjj","previousOperationId":"7w0tlxp4q8kil10"}
{"type":"log","timestamp":1744372235293,"level":"debug","message":"Page request: GET (document) file:///C:/Users/Patheo24/AppData/Local/Temp/jsreport/autocleanup/84f5a7ac-3155-4c6f-9d29-36484527520f-chrome-pdf.html","meta":{"rootId":"p3vm25ixue9m0w4","id":"p3vm25ixue9m0w4"},"id":"w1nr6fv56054c49","previousOperationId":"7w0tlxp4q8kil10"}
{"type":"log","timestamp":1744372235313,"level":"debug","message":"Page request finished: GET (document) 200 file:///C:/Users/Patheo24/AppData/Local/Temp/jsreport/autocleanup/84f5a7ac-3155-4c6f-9d29-36484527520f-chrome-pdf.html","meta":{"rootId":"p3vm25ixue9m0w4","id":"p3vm25ixue9m0w4"},"id":"xd9pw45414n0igs","previousOperationId":"7w0tlxp4q8kil10"}
{"type":"log","timestamp":1744372235313,"level":"debug","message":"Page request: GET (image) https://res.cloudinary.com/dpes1dyqb/image/upload/v1738768933/logo_myycxt.jpg","meta":{"rootId":"p3vm25ixue9m0w4","id":"p3vm25ixue9m0w4"},"id":"yirxp14j1ujdx1c","previousOperationId":"7w0tlxp4q8kil10"}
{"type":"log","timestamp":1744372235314,"level":"debug","message":"Page request: GET (font) http://localhost:5488/fonts/kalpurush.ttf","meta":{"rootId":"p3vm25ixue9m0w4","id":"p3vm25ixue9m0w4"},"id":"0tuxaxwxq9vjlb6","previousOperationId":"7w0tlxp4q8kil10"}
{"type":"log","timestamp":1744372235319,"level":"debug","message":"Page request: GET (font) http://localhost:5488/fonts/kalpurush.ttf","meta":{"rootId":"p3vm25ixue9m0w4","id":"p3vm25ixue9m0w4"},"id":"fuhr7a2zh28iqlc","previousOperationId":"7w0tlxp4q8kil10"}
{"type":"log","timestamp":1744372235330,"level":"debug","message":"(console:error) Failed to load resource: the server responded with a status of 404 (Not Found)","meta":{"userLevel":true,"rootId":"p3vm25ixue9m0w4","id":"p3vm25ixue9m0w4"},"id":"o4jxrtbfuv4j3tk","previousOperationId":"7w0tlxp4q8kil10"}
{"type":"log","timestamp":1744372235331,"level":"warn","message":"Page request failed: GET (font) http://localhost:5488/fonts/kalpurush.ttf, failure: net::ERR_ABORTED","meta":{"rootId":"p3vm25ixue9m0w4","id":"p3vm25ixue9m0w4"},"id":"bzjdi78s5zbcyb5","previousOperationId":"7w0tlxp4q8kil10"}
{"type":"log","timestamp":1744372235551,"level":"debug","message":"Page request finished: GET (image) 200 https://res.cloudinary.com/dpes1dyqb/image/upload/v1738768933/logo_myycxt.jpg","meta":{"rootId":"p3vm25ixue9m0w4","id":"p3vm25ixue9m0w4"},"id":"yaiw9s1vifal0dj","previousOperationId":"7w0tlxp4q8kil10"}
{"type":"log","timestamp":1744372235596,"level":"debug","message":"Running chrome with params {\"printBackground\":true,\"format\":\"A5\",\"marginRight\":\"\",\"height\":\"\",\"marginTop\":\"\",\"marginBottom\":\"\",\"marginLeft\":\"\",\"displayHeaderFooter\":true,\"width\":\"\",\"timeout\":58191,\"margin\":{\"top\":\"\",\"right\":\"\",\"bottom\":\"\",\"left\":\"\"}}","meta":{"rootId":"p3vm25ixue9m0w4","id":"p3vm25ixue9m0w4"},"id":"6jz9ni9aknjclwe","previousOperationId":"7w0tlxp4q8kil10"}
{"type":"operationEnd","operationId":"7w0tlxp4q8kil10","timestamp":1744372236008,"id":"yyponrj6uxreara","previousEventId":"3zyexme8ool3d2y","previousOperationId":"7w0tlxp4q8kil10"}
{"type":"log","timestamp":1744372236009,"level":"debug","message":"Skipping storing report.","meta":{"rootId":"p3vm25ixue9m0w4","id":"p3vm25ixue9m0w4"},"id":"m8ls71gcpdg9gez","previousOperationId":"7w0tlxp4q8kil10"}
{"type":"log","timestamp":1744372236009,"level":"info","message":"Rendering request 1 finished in 4460 ms","meta":{"rootId":"p3vm25ixue9m0w4","id":"p3vm25ixue9m0w4"},"id":"rm6y6y9hfcufuul","previousOperationId":"7w0tlxp4q8kil10"}
{"type":"operationEnd","subtype":"render","operationId":"w52x1hhd7vwtrgw","timestamp":1744372236009,"id":"uzrkc2ccxfhjdr1","previousEventId":"yyponrj6uxreara","previousOperationId":"7w0tlxp4q8kil10"}
{"type":"operationEnd","doDiffs":false,"previousEventId":"b5gpfg26bcq3thf","previousOperationId":"5xx6yj8k4wll2yb","operationId":"5xx6yj8k4wll2yb","timestamp":1744372236012,"id":"0479ypfewinomt0"}
