{"type":"operationStart","subtype":"profile","data":{"_id":"XJBTaFUVwDPCSF46","timestamp":"2025-04-09T14:17:03.917Z","state":"queued","mode":"standard","creationDate":"2025-04-09T14:17:03.919Z","modificationDate":"2025-04-09T14:17:03.919Z","shortid":"uAnF89h","$entitySet":"profiles"},"doDiffs":false,"timestamp":1744208223918,"id":"x4el9knz5w5m2og","previousOperationId":null,"operationId":"s0zpcqpxhf2ftmh"}
{"type":"log","level":"info","message":"Render request 87 queued for execution and waiting for available worker","previousOperationId":"s0zpcqpxhf2ftmh","timestamp":1744208223919,"id":"a6fks5l41w62tv4"}
{"type":"operationStart","subtype":"render","name":"myTemplate","previousOperationId":"s0zpcqpxhf2ftmh","timestamp":1744208223931,"id":"ckqdyjnbitelxur","previousEventId":"x4el9knz5w5m2og","operationId":"zf2ie9lyhjksz2l"}
{"type":"log","timestamp":1744208223931,"level":"info","message":"Starting rendering request 87","meta":{"rootId":"p97rc9r3yimkyu5","id":"p97rc9r3yimkyu5"},"id":"1eewz2zl4wm72zu","previousOperationId":"zf2ie9lyhjksz2l"}
{"type":"log","timestamp":1744208223932,"level":"info","message":"Rendering template { name: myTemplate, recipe: chrome-pdf, engine: handlebars, preview: true }","meta":{"rootId":"p97rc9r3yimkyu5","id":"p97rc9r3yimkyu5"},"id":"tzthsdoj3c36e2d","previousOperationId":"zf2ie9lyhjksz2l"}
{"type":"log","timestamp":1744208223933,"level":"debug","message":"Adding sample data HUavgV0Kc","meta":{"rootId":"p97rc9r3yimkyu5","id":"p97rc9r3yimkyu5"},"id":"2vkt4gztsmt54wu","previousOperationId":"zf2ie9lyhjksz2l"}
{"type":"log","timestamp":1744208223934,"level":"debug","message":"Base url not specified, skipping its injection.","meta":{"rootId":"p97rc9r3yimkyu5","id":"p97rc9r3yimkyu5"},"id":"0r53gzb60i9w8ns","previousOperationId":"zf2ie9lyhjksz2l"}
{"type":"operationStart","subtype":"engine","name":"handlebars","timestamp":1744208223934,"id":"5tc46l0jhh45c2d","previousEventId":"ckqdyjnbitelxur","operationId":"zxl7zvae01eu2ch","previousOperationId":"zf2ie9lyhjksz2l"}
{"type":"log","timestamp":1744208223934,"level":"debug","message":"Rendering engine handlebars","meta":{"rootId":"p97rc9r3yimkyu5","id":"p97rc9r3yimkyu5"},"id":"ax7f0vbnwd0rqqn","previousOperationId":"zxl7zvae01eu2ch"}
{"type":"operationEnd","operationId":"zxl7zvae01eu2ch","timestamp":1744208223953,"id":"696kqbziy4wouxh","previousEventId":"5tc46l0jhh45c2d","previousOperationId":"zxl7zvae01eu2ch"}
{"type":"operationStart","subtype":"recipe","name":"chrome-pdf","timestamp":1744208223953,"id":"r2p5mugkhlt8hfi","previousEventId":"696kqbziy4wouxh","operationId":"6mggy42iwbkvl4l","previousOperationId":"zxl7zvae01eu2ch"}
{"type":"log","timestamp":1744208223953,"level":"debug","message":"Executing recipe chrome-pdf","meta":{"rootId":"p97rc9r3yimkyu5","id":"p97rc9r3yimkyu5"},"id":"vguuup5wudhy0cr","previousOperationId":"6mggy42iwbkvl4l"}
{"type":"log","timestamp":1744208223958,"level":"debug","message":"Converting with chrome Chrome/133.0.6943.126 using chrome-pool strategy","meta":{"rootId":"p97rc9r3yimkyu5","id":"p97rc9r3yimkyu5"},"id":"lp8co0g9nvq7jr2","previousOperationId":"6mggy42iwbkvl4l"}
{"type":"log","timestamp":1744208224034,"level":"debug","message":"Page request: GET (document) file:///C:/Users/Patheo24/AppData/Local/Temp/jsreport/autocleanup/29f3a867-0fc2-4d18-896e-671e9b8f968d-chrome-pdf.html","meta":{"rootId":"p97rc9r3yimkyu5","id":"p97rc9r3yimkyu5"},"id":"h34hhpxdqksvmpv","previousOperationId":"6mggy42iwbkvl4l"}
{"type":"log","timestamp":1744208224065,"level":"debug","message":"Page request finished: GET (document) 200 file:///C:/Users/Patheo24/AppData/Local/Temp/jsreport/autocleanup/29f3a867-0fc2-4d18-896e-671e9b8f968d-chrome-pdf.html","meta":{"rootId":"p97rc9r3yimkyu5","id":"p97rc9r3yimkyu5"},"id":"kjzxr8es61qzuh7","previousOperationId":"6mggy42iwbkvl4l"}
{"type":"log","timestamp":1744208224070,"level":"debug","message":"Page request: GET (font) http://localhost:5488/fonts/kalpurush.ttf","meta":{"rootId":"p97rc9r3yimkyu5","id":"p97rc9r3yimkyu5"},"id":"8gnszobga0hqhis","previousOperationId":"6mggy42iwbkvl4l"}
{"type":"log","timestamp":1744208224071,"level":"debug","message":"Page request: GET (image) https://res.cloudinary.com/dpes1dyqb/image/upload/v1738768933/logo_myycxt.jpg","meta":{"rootId":"p97rc9r3yimkyu5","id":"p97rc9r3yimkyu5"},"id":"dsczv0ptjle7pkh","previousOperationId":"6mggy42iwbkvl4l"}
{"type":"log","timestamp":1744208224116,"level":"debug","message":"Page request: GET (font) http://localhost:5488/fonts/kalpurush.ttf","meta":{"rootId":"p97rc9r3yimkyu5","id":"p97rc9r3yimkyu5"},"id":"80r18ntw617wury","previousOperationId":"6mggy42iwbkvl4l"}
{"type":"log","timestamp":1744208224117,"level":"debug","message":"Page request finished: GET (image) 200 https://res.cloudinary.com/dpes1dyqb/image/upload/v1738768933/logo_myycxt.jpg","meta":{"rootId":"p97rc9r3yimkyu5","id":"p97rc9r3yimkyu5"},"id":"53u98usdwwlcn88","previousOperationId":"6mggy42iwbkvl4l"}
{"type":"log","timestamp":1744208224129,"level":"debug","message":"(console:error) Failed to load resource: the server responded with a status of 404 (Not Found)","meta":{"userLevel":true,"rootId":"p97rc9r3yimkyu5","id":"p97rc9r3yimkyu5"},"id":"3lyhhxmm689lk6e","previousOperationId":"6mggy42iwbkvl4l"}
{"type":"log","timestamp":1744208224129,"level":"warn","message":"Page request failed: GET (font) http://localhost:5488/fonts/kalpurush.ttf, failure: net::ERR_ABORTED","meta":{"rootId":"p97rc9r3yimkyu5","id":"p97rc9r3yimkyu5"},"id":"aczhspcjqg9n86j","previousOperationId":"6mggy42iwbkvl4l"}
{"type":"log","timestamp":1744208224134,"level":"debug","message":"Running chrome with params {\"printBackground\":true,\"format\":\"A5\",\"marginRight\":\"\",\"height\":\"\",\"marginTop\":\"\",\"marginBottom\":\"\",\"marginLeft\":\"\",\"displayHeaderFooter\":true,\"width\":\"\",\"timeout\":59961,\"margin\":{\"top\":\"\",\"right\":\"\",\"bottom\":\"\",\"left\":\"\"}}","meta":{"rootId":"p97rc9r3yimkyu5","id":"p97rc9r3yimkyu5"},"id":"ogxvua03zx7ermv","previousOperationId":"6mggy42iwbkvl4l"}
{"type":"operationEnd","operationId":"6mggy42iwbkvl4l","timestamp":1744208224492,"id":"n5t2tyfpmkyw6cl","previousEventId":"r2p5mugkhlt8hfi","previousOperationId":"6mggy42iwbkvl4l"}
{"type":"log","timestamp":1744208224492,"level":"debug","message":"Skipping storing report.","meta":{"rootId":"p97rc9r3yimkyu5","id":"p97rc9r3yimkyu5"},"id":"fwlcnzsvx0id7vt","previousOperationId":"6mggy42iwbkvl4l"}
{"type":"log","timestamp":1744208224492,"level":"info","message":"Rendering request 87 finished in 575 ms","meta":{"rootId":"p97rc9r3yimkyu5","id":"p97rc9r3yimkyu5"},"id":"4077zeiolrozm8t","previousOperationId":"6mggy42iwbkvl4l"}
{"type":"operationEnd","subtype":"render","operationId":"zf2ie9lyhjksz2l","timestamp":1744208224492,"id":"to2sjqizafx46ow","previousEventId":"n5t2tyfpmkyw6cl","previousOperationId":"6mggy42iwbkvl4l"}
{"type":"operationEnd","doDiffs":false,"previousEventId":"x4el9knz5w5m2og","previousOperationId":"s0zpcqpxhf2ftmh","operationId":"s0zpcqpxhf2ftmh","timestamp":1744208224496,"id":"laiq1zc9rkbvdz5"}
