{"type":"operationStart","subtype":"profile","data":{"_id":"V7cTqEtuVLWlB3jd","timestamp":"2025-04-11T12:32:20.888Z","state":"queued","mode":"standard","creationDate":"2025-04-11T12:32:20.890Z","modificationDate":"2025-04-11T12:32:20.890Z","shortid":"XVBe6pF","$entitySet":"profiles"},"doDiffs":false,"timestamp":1744374740889,"id":"hhzv7y962eu04f0","previousOperationId":null,"operationId":"c2g0xf3q1062b9c"}
{"type":"log","level":"info","message":"Render request 12 queued for execution and waiting for available worker","previousOperationId":"c2g0xf3q1062b9c","timestamp":1744374740889,"id":"6y95vz4xz7vtem2"}
{"type":"operationStart","subtype":"render","name":"myTemplate","previousOperationId":"c2g0xf3q1062b9c","timestamp":1744374740911,"id":"2346r6fcxae9h1a","previousEventId":"hhzv7y962eu04f0","operationId":"28ukp9sxxdg8ikn"}
{"type":"log","timestamp":1744374740911,"level":"info","message":"Starting rendering request 12","meta":{"rootId":"pdewlsdli8lumfr","id":"pdewlsdli8lumfr"},"id":"cufgievzbz9atn7","previousOperationId":"28ukp9sxxdg8ikn"}
{"type":"log","timestamp":1744374740911,"level":"info","message":"Rendering template { name: myTemplate, recipe: chrome-pdf, engine: handlebars, preview: true }","meta":{"rootId":"pdewlsdli8lumfr","id":"pdewlsdli8lumfr"},"id":"a97tvzn7k5kipbd","previousOperationId":"28ukp9sxxdg8ikn"}
{"type":"log","timestamp":1744374740912,"level":"debug","message":"Inline data specified.","meta":{"rootId":"pdewlsdli8lumfr","id":"pdewlsdli8lumfr"},"id":"boiok4fv6fuckcn","previousOperationId":"28ukp9sxxdg8ikn"}
{"type":"log","timestamp":1744374740917,"level":"debug","message":"Base url not specified, skipping its injection.","meta":{"rootId":"pdewlsdli8lumfr","id":"pdewlsdli8lumfr"},"id":"0hinwu8mn2nd4z6","previousOperationId":"28ukp9sxxdg8ikn"}
{"type":"operationStart","subtype":"engine","name":"handlebars","timestamp":1744374740918,"id":"08abpqq3m1olpx1","previousEventId":"2346r6fcxae9h1a","operationId":"zvc4xlnboyjar8g","previousOperationId":"28ukp9sxxdg8ikn"}
{"type":"log","timestamp":1744374740918,"level":"debug","message":"Rendering engine handlebars","meta":{"rootId":"pdewlsdli8lumfr","id":"pdewlsdli8lumfr"},"id":"407n68y09ux65hl","previousOperationId":"zvc4xlnboyjar8g"}
{"type":"operationEnd","operationId":"zvc4xlnboyjar8g","timestamp":1744374740956,"id":"zoonzpy0ro7oc53","previousEventId":"08abpqq3m1olpx1","previousOperationId":"zvc4xlnboyjar8g"}
{"type":"operationStart","subtype":"recipe","name":"chrome-pdf","timestamp":1744374740957,"id":"ijur0xie3x5nob0","previousEventId":"zoonzpy0ro7oc53","operationId":"k7b3nsitizadbfc","previousOperationId":"zvc4xlnboyjar8g"}
{"type":"log","timestamp":1744374740957,"level":"debug","message":"Executing recipe chrome-pdf","meta":{"rootId":"pdewlsdli8lumfr","id":"pdewlsdli8lumfr"},"id":"el0mrso7j2ejubv","previousOperationId":"k7b3nsitizadbfc"}
{"type":"log","timestamp":1744374740960,"level":"debug","message":"Converting with chrome Chrome/133.0.6943.126 using chrome-pool strategy","meta":{"rootId":"pdewlsdli8lumfr","id":"pdewlsdli8lumfr"},"id":"sxoy66ayw365bhq","previousOperationId":"k7b3nsitizadbfc"}
{"type":"log","timestamp":1744374741043,"level":"debug","message":"Page request: GET (document) file:///C:/Users/Patheo24/AppData/Local/Temp/jsreport/autocleanup/1e8ba096-cd6f-48fe-9b0b-5a71c9031d62-chrome-pdf.html","meta":{"rootId":"pdewlsdli8lumfr","id":"pdewlsdli8lumfr"},"id":"idh1djhq7pdxlfs","previousOperationId":"k7b3nsitizadbfc"}
{"type":"log","timestamp":1744374741073,"level":"debug","message":"Page request finished: GET (document) 200 file:///C:/Users/Patheo24/AppData/Local/Temp/jsreport/autocleanup/1e8ba096-cd6f-48fe-9b0b-5a71c9031d62-chrome-pdf.html","meta":{"rootId":"pdewlsdli8lumfr","id":"pdewlsdli8lumfr"},"id":"brgzgjchkulrevi","previousOperationId":"k7b3nsitizadbfc"}
{"type":"log","timestamp":1744374741075,"level":"debug","message":"Page request: GET (font) http://localhost:5488/fonts/kalpurush.ttf","meta":{"rootId":"pdewlsdli8lumfr","id":"pdewlsdli8lumfr"},"id":"ms7iexnqsofgmvb","previousOperationId":"k7b3nsitizadbfc"}
{"type":"log","timestamp":1744374741082,"level":"debug","message":"Page request: GET (image) https://res.cloudinary.com/dpes1dyqb/image/upload/v1738768933/logo_myycxt.jpg","meta":{"rootId":"pdewlsdli8lumfr","id":"pdewlsdli8lumfr"},"id":"6lb0dpxkzk9oy12","previousOperationId":"k7b3nsitizadbfc"}
{"type":"log","timestamp":1744374741143,"level":"debug","message":"Page request: GET (font) http://localhost:5488/fonts/kalpurush.ttf","meta":{"rootId":"pdewlsdli8lumfr","id":"pdewlsdli8lumfr"},"id":"st3c1drb3zk0pdy","previousOperationId":"k7b3nsitizadbfc"}
{"type":"log","timestamp":1744374741146,"level":"debug","message":"Page request finished: GET (image) 200 https://res.cloudinary.com/dpes1dyqb/image/upload/v1738768933/logo_myycxt.jpg","meta":{"rootId":"pdewlsdli8lumfr","id":"pdewlsdli8lumfr"},"id":"t9uim2pbwbu2f78","previousOperationId":"k7b3nsitizadbfc"}
{"type":"log","timestamp":1744374741158,"level":"debug","message":"(console:error) Failed to load resource: the server responded with a status of 404 (Not Found)","meta":{"userLevel":true,"rootId":"pdewlsdli8lumfr","id":"pdewlsdli8lumfr"},"id":"g7tbd34bjy7m2s7","previousOperationId":"k7b3nsitizadbfc"}
{"type":"log","timestamp":1744374741158,"level":"warn","message":"Page request failed: GET (font) http://localhost:5488/fonts/kalpurush.ttf, failure: net::ERR_ABORTED","meta":{"rootId":"pdewlsdli8lumfr","id":"pdewlsdli8lumfr"},"id":"g2lawouzkcnw60h","previousOperationId":"k7b3nsitizadbfc"}
{"type":"log","timestamp":1744374741171,"level":"debug","message":"Running chrome with params {\"printBackground\":true,\"format\":\"A5\",\"marginRight\":\"\",\"height\":\"\",\"marginTop\":\"\",\"marginBottom\":\"\",\"marginLeft\":\"\",\"displayHeaderFooter\":true,\"width\":\"\",\"timeout\":59929,\"margin\":{\"top\":\"\",\"right\":\"\",\"bottom\":\"\",\"left\":\"\"}}","meta":{"rootId":"pdewlsdli8lumfr","id":"pdewlsdli8lumfr"},"id":"7eodxh82r17u4iq","previousOperationId":"k7b3nsitizadbfc"}
{"type":"operationEnd","operationId":"k7b3nsitizadbfc","timestamp":1744374741517,"id":"yucd7az723834as","previousEventId":"ijur0xie3x5nob0","previousOperationId":"k7b3nsitizadbfc"}
{"type":"log","timestamp":1744374741517,"level":"debug","message":"Skipping storing report.","meta":{"rootId":"pdewlsdli8lumfr","id":"pdewlsdli8lumfr"},"id":"4er66pv10ox8413","previousOperationId":"k7b3nsitizadbfc"}
{"type":"log","timestamp":1744374741517,"level":"info","message":"Rendering request 12 finished in 629 ms","meta":{"rootId":"pdewlsdli8lumfr","id":"pdewlsdli8lumfr"},"id":"xo3r755n96gcpp7","previousOperationId":"k7b3nsitizadbfc"}
{"type":"operationEnd","subtype":"render","operationId":"28ukp9sxxdg8ikn","timestamp":1744374741517,"id":"lv8km11tepede65","previousEventId":"yucd7az723834as","previousOperationId":"k7b3nsitizadbfc"}
{"type":"operationEnd","doDiffs":false,"previousEventId":"hhzv7y962eu04f0","previousOperationId":"c2g0xf3q1062b9c","operationId":"c2g0xf3q1062b9c","timestamp":1744374741522,"id":"nk267ou4d07xo0s"}
