{"type":"operationStart","subtype":"profile","data":{"_id":"Yx03XQYPIwe2unTs","timestamp":"2025-04-09T10:58:20.145Z","state":"queued","mode":"standard","creationDate":"2025-04-09T10:58:20.147Z","modificationDate":"2025-04-09T10:58:20.147Z","shortid":"SBmrrti","$entitySet":"profiles"},"doDiffs":false,"timestamp":1744196300146,"id":"tziwyeb4eyf5g75","previousOperationId":null,"operationId":"jmzz3bx9b1yyc6y"}
{"type":"log","level":"info","message":"Render request 33 queued for execution and waiting for available worker","previousOperationId":"jmzz3bx9b1yyc6y","timestamp":1744196300146,"id":"z34p1qncmps6d26"}
{"type":"operationStart","subtype":"render","name":"myTemplate","previousOperationId":"jmzz3bx9b1yyc6y","timestamp":1744196300162,"id":"xfy95cjk3c8o9gr","previousEventId":"tziwyeb4eyf5g75","operationId":"sixsgzy9k73t2bc"}
{"type":"log","timestamp":1744196300162,"level":"info","message":"Starting rendering request 33","meta":{"rootId":"pg6ave7helbohj9","id":"pg6ave7helbohj9"},"id":"8s2co49o8l1dxab","previousOperationId":"sixsgzy9k73t2bc"}
{"type":"log","timestamp":1744196300162,"level":"info","message":"Rendering template { name: myTemplate, recipe: chrome-pdf, engine: handlebars, preview: true }","meta":{"rootId":"pg6ave7helbohj9","id":"pg6ave7helbohj9"},"id":"f6cdbv4vl3dtu0h","previousOperationId":"sixsgzy9k73t2bc"}
{"type":"log","timestamp":1744196300163,"level":"debug","message":"Inline data specified.","meta":{"rootId":"pg6ave7helbohj9","id":"pg6ave7helbohj9"},"id":"22wsfiofqbf2apg","previousOperationId":"sixsgzy9k73t2bc"}
{"type":"log","timestamp":1744196300164,"level":"debug","message":"Base url not specified, skipping its injection.","meta":{"rootId":"pg6ave7helbohj9","id":"pg6ave7helbohj9"},"id":"snx1jlyd5y8uyzc","previousOperationId":"sixsgzy9k73t2bc"}
{"type":"operationStart","subtype":"engine","name":"handlebars","timestamp":1744196300164,"id":"iilnoznklelkbht","previousEventId":"xfy95cjk3c8o9gr","operationId":"d42z5z76yd0gdnc","previousOperationId":"sixsgzy9k73t2bc"}
{"type":"log","timestamp":1744196300164,"level":"debug","message":"Rendering engine handlebars","meta":{"rootId":"pg6ave7helbohj9","id":"pg6ave7helbohj9"},"id":"r89o0jsuq14mdw5","previousOperationId":"d42z5z76yd0gdnc"}
{"type":"operationEnd","operationId":"d42z5z76yd0gdnc","timestamp":1744196300187,"id":"0yygihif01i4hsr","previousEventId":"iilnoznklelkbht","previousOperationId":"d42z5z76yd0gdnc"}
{"type":"operationStart","subtype":"recipe","name":"chrome-pdf","timestamp":1744196300188,"id":"ag6d7pahy3ru2cd","previousEventId":"0yygihif01i4hsr","operationId":"0ikyisu40uenuyq","previousOperationId":"d42z5z76yd0gdnc"}
{"type":"log","timestamp":1744196300188,"level":"debug","message":"Executing recipe chrome-pdf","meta":{"rootId":"pg6ave7helbohj9","id":"pg6ave7helbohj9"},"id":"242yvegf3yyl8qn","previousOperationId":"0ikyisu40uenuyq"}
{"type":"log","timestamp":1744196300192,"level":"debug","message":"Converting with chrome Chrome/133.0.6943.126 using chrome-pool strategy","meta":{"rootId":"pg6ave7helbohj9","id":"pg6ave7helbohj9"},"id":"4cn75d2or7oxr8g","previousOperationId":"0ikyisu40uenuyq"}
{"type":"log","timestamp":1744196300291,"level":"debug","message":"Page request: GET (document) file:///C:/Users/Patheo24/AppData/Local/Temp/jsreport/autocleanup/21cbbcbd-44a2-48e8-a5fa-7bbad4ee7d9c-chrome-pdf.html","meta":{"rootId":"pg6ave7helbohj9","id":"pg6ave7helbohj9"},"id":"v616gzfrhzu03s6","previousOperationId":"0ikyisu40uenuyq"}
{"type":"log","timestamp":1744196300318,"level":"debug","message":"Page request finished: GET (document) 200 file:///C:/Users/Patheo24/AppData/Local/Temp/jsreport/autocleanup/21cbbcbd-44a2-48e8-a5fa-7bbad4ee7d9c-chrome-pdf.html","meta":{"rootId":"pg6ave7helbohj9","id":"pg6ave7helbohj9"},"id":"yxff7x9hgify1es","previousOperationId":"0ikyisu40uenuyq"}
{"type":"log","timestamp":1744196300325,"level":"debug","message":"(console:info) Slow network is detected. See https://www.chromestatus.com/feature/5636954674692096 for more details. Fallback font will be used while loading: http://localhost:5488/fonts/kalpurush.ttf","meta":{"userLevel":true,"rootId":"pg6ave7helbohj9","id":"pg6ave7helbohj9"},"id":"lud0chil6w8ho9n","previousOperationId":"0ikyisu40uenuyq"}
{"type":"log","timestamp":1744196300326,"level":"debug","message":"Page request: GET (image) https://res.cloudinary.com/dpes1dyqb/image/upload/v1738768933/logo_myycxt.jpg","meta":{"rootId":"pg6ave7helbohj9","id":"pg6ave7helbohj9"},"id":"50csbm5npsl6xm6","previousOperationId":"0ikyisu40uenuyq"}
{"type":"log","timestamp":1744196300328,"level":"debug","message":"Page request: GET (font) http://localhost:5488/fonts/kalpurush.ttf","meta":{"rootId":"pg6ave7helbohj9","id":"pg6ave7helbohj9"},"id":"07msb6uulqj7xyr","previousOperationId":"0ikyisu40uenuyq"}
{"type":"log","timestamp":1744196300364,"level":"debug","message":"Page request: GET (font) http://localhost:5488/fonts/kalpurush.ttf","meta":{"rootId":"pg6ave7helbohj9","id":"pg6ave7helbohj9"},"id":"arvnpj2fc8dt31k","previousOperationId":"0ikyisu40uenuyq"}
{"type":"log","timestamp":1744196300367,"level":"debug","message":"Page request finished: GET (image) 200 https://res.cloudinary.com/dpes1dyqb/image/upload/v1738768933/logo_myycxt.jpg","meta":{"rootId":"pg6ave7helbohj9","id":"pg6ave7helbohj9"},"id":"odef7fkb1apd48v","previousOperationId":"0ikyisu40uenuyq"}
{"type":"log","timestamp":1744196300377,"level":"debug","message":"(console:error) Failed to load resource: the server responded with a status of 404 (Not Found)","meta":{"userLevel":true,"rootId":"pg6ave7helbohj9","id":"pg6ave7helbohj9"},"id":"1m6i7q9mv1ui43c","previousOperationId":"0ikyisu40uenuyq"}
{"type":"log","timestamp":1744196300377,"level":"warn","message":"Page request failed: GET (font) http://localhost:5488/fonts/kalpurush.ttf, failure: net::ERR_ABORTED","meta":{"rootId":"pg6ave7helbohj9","id":"pg6ave7helbohj9"},"id":"lykx49qgb05eunv","previousOperationId":"0ikyisu40uenuyq"}
{"type":"log","timestamp":1744196300388,"level":"debug","message":"Running chrome with params {\"printBackground\":true,\"timeout\":59955,\"margin\":{}}","meta":{"rootId":"pg6ave7helbohj9","id":"pg6ave7helbohj9"},"id":"okk0j3t4ag5d1l7","previousOperationId":"0ikyisu40uenuyq"}
{"type":"operationEnd","operationId":"0ikyisu40uenuyq","timestamp":1744196300741,"id":"ue6q03qfwz9m4se","previousEventId":"ag6d7pahy3ru2cd","previousOperationId":"0ikyisu40uenuyq"}
{"type":"log","timestamp":1744196300741,"level":"debug","message":"Skipping storing report.","meta":{"rootId":"pg6ave7helbohj9","id":"pg6ave7helbohj9"},"id":"8jmnt5w3mlw7gs5","previousOperationId":"0ikyisu40uenuyq"}
{"type":"log","timestamp":1744196300741,"level":"info","message":"Rendering request 33 finished in 596 ms","meta":{"rootId":"pg6ave7helbohj9","id":"pg6ave7helbohj9"},"id":"ipsn5697h98xdx3","previousOperationId":"0ikyisu40uenuyq"}
{"type":"operationEnd","subtype":"render","operationId":"sixsgzy9k73t2bc","timestamp":1744196300741,"id":"6ivxcpgd5z2cfxt","previousEventId":"ue6q03qfwz9m4se","previousOperationId":"0ikyisu40uenuyq"}
{"type":"operationEnd","doDiffs":false,"previousEventId":"tziwyeb4eyf5g75","previousOperationId":"jmzz3bx9b1yyc6y","operationId":"jmzz3bx9b1yyc6y","timestamp":1744196300747,"id":"7jbymwcg447d3ha"}
