{"type":"operationStart","subtype":"profile","data":{"_id":"njO9P02mNyqdXzH6","timestamp":"2025-04-09T07:04:05.053Z","state":"queued","mode":"standard","creationDate":"2025-04-09T07:04:05.055Z","modificationDate":"2025-04-09T07:04:05.055Z","shortid":"6PStu_z","$entitySet":"profiles"},"doDiffs":false,"timestamp":1744182245054,"id":"1xspvxbampwlmwk","previousOperationId":null,"operationId":"sxo71culau0dmm8"}
{"type":"log","level":"info","message":"Render request 37 queued for execution and waiting for available worker","previousOperationId":"sxo71culau0dmm8","timestamp":1744182245054,"id":"jg0cb1hn7i55tag"}
{"type":"operationStart","subtype":"render","name":"myTemplate","previousOperationId":"sxo71culau0dmm8","timestamp":1744182245065,"id":"kzc8tdz8i64m9qm","previousEventId":"1xspvxbampwlmwk","operationId":"zadm2xfhwl9zwxx"}
{"type":"log","timestamp":1744182245065,"level":"info","message":"Starting rendering request 37","meta":{"rootId":"pjcp093bh99dzac","id":"pjcp093bh99dzac"},"id":"gq8rubh1gtn0r1v","previousOperationId":"zadm2xfhwl9zwxx"}
{"type":"log","timestamp":1744182245065,"level":"info","message":"Rendering template { name: myTemplate, recipe: chrome-pdf, engine: handlebars, preview: true }","meta":{"rootId":"pjcp093bh99dzac","id":"pjcp093bh99dzac"},"id":"iqvfppf147jrmqo","previousOperationId":"zadm2xfhwl9zwxx"}
{"type":"log","timestamp":1744182245066,"level":"debug","message":"Inline data specified.","meta":{"rootId":"pjcp093bh99dzac","id":"pjcp093bh99dzac"},"id":"7dpnrvyjdxu6znu","previousOperationId":"zadm2xfhwl9zwxx"}
{"type":"log","timestamp":1744182245067,"level":"debug","message":"Base url not specified, skipping its injection.","meta":{"rootId":"pjcp093bh99dzac","id":"pjcp093bh99dzac"},"id":"0hdv02vq1dv1gl7","previousOperationId":"zadm2xfhwl9zwxx"}
{"type":"operationStart","subtype":"engine","name":"handlebars","timestamp":1744182245067,"id":"2gwx07j276lm2rc","previousEventId":"kzc8tdz8i64m9qm","operationId":"wsk5rorf1l2kc4e","previousOperationId":"zadm2xfhwl9zwxx"}
{"type":"log","timestamp":1744182245067,"level":"debug","message":"Rendering engine handlebars","meta":{"rootId":"pjcp093bh99dzac","id":"pjcp093bh99dzac"},"id":"uyn52pzinub5n16","previousOperationId":"wsk5rorf1l2kc4e"}
{"type":"operationEnd","operationId":"wsk5rorf1l2kc4e","timestamp":1744182245092,"id":"j6i7td01dxm4rwc","previousEventId":"2gwx07j276lm2rc","previousOperationId":"wsk5rorf1l2kc4e"}
{"type":"operationStart","subtype":"recipe","name":"chrome-pdf","timestamp":1744182245092,"id":"139lesf7jvwzvao","previousEventId":"j6i7td01dxm4rwc","operationId":"q5gwf1gy8qoo3yi","previousOperationId":"wsk5rorf1l2kc4e"}
{"type":"log","timestamp":1744182245092,"level":"debug","message":"Executing recipe chrome-pdf","meta":{"rootId":"pjcp093bh99dzac","id":"pjcp093bh99dzac"},"id":"wc4rhfxla0qc7d3","previousOperationId":"q5gwf1gy8qoo3yi"}
{"type":"log","timestamp":1744182245095,"level":"debug","message":"Converting with chrome Chrome/133.0.6943.126 using chrome-pool strategy","meta":{"rootId":"pjcp093bh99dzac","id":"pjcp093bh99dzac"},"id":"son2kkxb4kebmnh","previousOperationId":"q5gwf1gy8qoo3yi"}
{"type":"log","timestamp":1744182245162,"level":"debug","message":"Page request: GET (document) file:///C:/Users/Patheo24/AppData/Local/Temp/jsreport/autocleanup/3102be2b-b536-4554-8c0e-5579c4d74ffc-chrome-pdf.html","meta":{"rootId":"pjcp093bh99dzac","id":"pjcp093bh99dzac"},"id":"y6ogkccu5afum61","previousOperationId":"q5gwf1gy8qoo3yi"}
{"type":"log","timestamp":1744182245181,"level":"debug","message":"Page request finished: GET (document) 200 file:///C:/Users/Patheo24/AppData/Local/Temp/jsreport/autocleanup/3102be2b-b536-4554-8c0e-5579c4d74ffc-chrome-pdf.html","meta":{"rootId":"pjcp093bh99dzac","id":"pjcp093bh99dzac"},"id":"anpw6zn4wkx8zc0","previousOperationId":"q5gwf1gy8qoo3yi"}
{"type":"log","timestamp":1744182245182,"level":"debug","message":"(console:info) Slow network is detected. See https://www.chromestatus.com/feature/5636954674692096 for more details. Fallback font will be used while loading: http://localhost:5488/fonts/kalpurush.ttf","meta":{"userLevel":true,"rootId":"pjcp093bh99dzac","id":"pjcp093bh99dzac"},"id":"4jm99zplpw549b8","previousOperationId":"q5gwf1gy8qoo3yi"}
{"type":"log","timestamp":1744182245184,"level":"debug","message":"Page request: GET (font) http://localhost:5488/fonts/kalpurush.ttf","meta":{"rootId":"pjcp093bh99dzac","id":"pjcp093bh99dzac"},"id":"h5fzfatk1ty4eo5","previousOperationId":"q5gwf1gy8qoo3yi"}
{"type":"log","timestamp":1744182245185,"level":"debug","message":"Page request: GET (image) https://res.cloudinary.com/dpes1dyqb/image/upload/v1738768933/logo_myycxt.jpg","meta":{"rootId":"pjcp093bh99dzac","id":"pjcp093bh99dzac"},"id":"574xe9hrxd1u07u","previousOperationId":"q5gwf1gy8qoo3yi"}
{"type":"log","timestamp":1744182245226,"level":"debug","message":"Page request: GET (font) http://localhost:5488/fonts/kalpurush.ttf","meta":{"rootId":"pjcp093bh99dzac","id":"pjcp093bh99dzac"},"id":"rymi64i6io4zef2","previousOperationId":"q5gwf1gy8qoo3yi"}
{"type":"log","timestamp":1744182245227,"level":"debug","message":"Page request finished: GET (image) 200 https://res.cloudinary.com/dpes1dyqb/image/upload/v1738768933/logo_myycxt.jpg","meta":{"rootId":"pjcp093bh99dzac","id":"pjcp093bh99dzac"},"id":"oz3hw27314hhjyb","previousOperationId":"q5gwf1gy8qoo3yi"}
{"type":"log","timestamp":1744182245231,"level":"debug","message":"(console:error) Failed to load resource: the server responded with a status of 404 (Not Found)","meta":{"userLevel":true,"rootId":"pjcp093bh99dzac","id":"pjcp093bh99dzac"},"id":"so55f8ydzv442mu","previousOperationId":"q5gwf1gy8qoo3yi"}
{"type":"log","timestamp":1744182245231,"level":"warn","message":"Page request failed: GET (font) http://localhost:5488/fonts/kalpurush.ttf, failure: net::ERR_ABORTED","meta":{"rootId":"pjcp093bh99dzac","id":"pjcp093bh99dzac"},"id":"gb6lwgh89f4fo1c","previousOperationId":"q5gwf1gy8qoo3yi"}
{"type":"log","timestamp":1744182245240,"level":"debug","message":"Running chrome with params {\"printBackground\":true,\"timeout\":59959,\"margin\":{}}","meta":{"rootId":"pjcp093bh99dzac","id":"pjcp093bh99dzac"},"id":"bs6o168ll9kgdzc","previousOperationId":"q5gwf1gy8qoo3yi"}
{"type":"operationEnd","operationId":"q5gwf1gy8qoo3yi","timestamp":1744182245543,"id":"vqx8jelttif44y1","previousEventId":"139lesf7jvwzvao","previousOperationId":"q5gwf1gy8qoo3yi"}
{"type":"log","timestamp":1744182245543,"level":"debug","message":"Skipping storing report.","meta":{"rootId":"pjcp093bh99dzac","id":"pjcp093bh99dzac"},"id":"wvttm8zzgu9fncn","previousOperationId":"q5gwf1gy8qoo3yi"}
{"type":"log","timestamp":1744182245543,"level":"info","message":"Rendering request 37 finished in 490 ms","meta":{"rootId":"pjcp093bh99dzac","id":"pjcp093bh99dzac"},"id":"tl4mw2odtmfbggg","previousOperationId":"q5gwf1gy8qoo3yi"}
{"type":"operationEnd","subtype":"render","operationId":"zadm2xfhwl9zwxx","timestamp":1744182245543,"id":"hpn8diujrpak159","previousEventId":"vqx8jelttif44y1","previousOperationId":"q5gwf1gy8qoo3yi"}
{"type":"operationEnd","doDiffs":false,"previousEventId":"1xspvxbampwlmwk","previousOperationId":"sxo71culau0dmm8","operationId":"sxo71culau0dmm8","timestamp":1744182245547,"id":"mndh1yx870mwlok"}
