{"type":"operationStart","subtype":"profile","data":{"_id":"xr3DQzBrGZMmGOf0","timestamp":"2025-04-11T12:18:19.092Z","state":"running","mode":"standard","creationDate":"2025-04-11T12:18:19.093Z","modificationDate":"2025-04-11T12:18:19.093Z","shortid":"deif6Z3","$entitySet":"profiles","timeout":60000,"templateShortid":"2tjN-EB9Yu"},"doDiffs":false,"timestamp":1744373899093,"id":"rd9h4r7rdl9xsv6","previousOperationId":null,"operationId":"1tnnhyn5shipjlr"}
{"type":"log","level":"info","message":"Render request 5 queued for execution and waiting for available worker","previousOperationId":"1tnnhyn5shipjlr","timestamp":1744373899093,"id":"44h5mcs4ra94l1h"}
{"type":"operationStart","subtype":"render","name":"myTemplate","previousOperationId":"1tnnhyn5shipjlr","timestamp":1744373899098,"id":"hbro6m5cpqhqfmh","previousEventId":"rd9h4r7rdl9xsv6","operationId":"jo7hm9o79s0f8v6"}
{"type":"log","timestamp":1744373899098,"level":"info","message":"Starting rendering request 5","meta":{"rootId":"pl0mkwuyjc4kqjz","id":"pl0mkwuyjc4kqjz"},"id":"ossmyf76jwaeag1","previousOperationId":"jo7hm9o79s0f8v6"}
{"type":"log","timestamp":1744373899098,"level":"info","message":"Rendering template { name: myTemplate, recipe: chrome-pdf, engine: handlebars, preview: false }","meta":{"rootId":"pl0mkwuyjc4kqjz","id":"pl0mkwuyjc4kqjz"},"id":"s88kyyubt5z8v27","previousOperationId":"jo7hm9o79s0f8v6"}
{"type":"log","timestamp":1744373899099,"level":"debug","message":"Inline data specified.","meta":{"rootId":"pl0mkwuyjc4kqjz","id":"pl0mkwuyjc4kqjz"},"id":"42x1ewu6cn00jd4","previousOperationId":"jo7hm9o79s0f8v6"}
{"type":"log","timestamp":1744373899101,"level":"debug","message":"Base url not specified, skipping its injection.","meta":{"rootId":"pl0mkwuyjc4kqjz","id":"pl0mkwuyjc4kqjz"},"id":"x7h79djytk0r02t","previousOperationId":"jo7hm9o79s0f8v6"}
{"type":"operationStart","subtype":"engine","name":"handlebars","timestamp":1744373899101,"id":"2km3sn6r12mgo3k","previousEventId":"hbro6m5cpqhqfmh","operationId":"vir7t2ekkxo1p65","previousOperationId":"jo7hm9o79s0f8v6"}
{"type":"log","timestamp":1744373899101,"level":"debug","message":"Rendering engine handlebars","meta":{"rootId":"pl0mkwuyjc4kqjz","id":"pl0mkwuyjc4kqjz"},"id":"w1fb16l5n7iibjt","previousOperationId":"vir7t2ekkxo1p65"}
{"type":"operationEnd","operationId":"vir7t2ekkxo1p65","timestamp":1744373899116,"id":"91mypj4xgiqiany","previousEventId":"2km3sn6r12mgo3k","previousOperationId":"vir7t2ekkxo1p65"}
{"type":"operationStart","subtype":"recipe","name":"chrome-pdf","timestamp":1744373899116,"id":"k7koxnkgej40dif","previousEventId":"91mypj4xgiqiany","operationId":"v0os0l27deq3gfo","previousOperationId":"vir7t2ekkxo1p65"}
{"type":"log","timestamp":1744373899116,"level":"debug","message":"Executing recipe chrome-pdf","meta":{"rootId":"pl0mkwuyjc4kqjz","id":"pl0mkwuyjc4kqjz"},"id":"z0zme0njdfh32u8","previousOperationId":"v0os0l27deq3gfo"}
{"type":"log","timestamp":1744373899119,"level":"debug","message":"Converting with chrome Chrome/133.0.6943.126 using chrome-pool strategy","meta":{"rootId":"pl0mkwuyjc4kqjz","id":"pl0mkwuyjc4kqjz"},"id":"ts2nzbyyktjt81n","previousOperationId":"v0os0l27deq3gfo"}
{"type":"log","timestamp":1744373899206,"level":"debug","message":"Page request: GET (document) file:///C:/Users/Patheo24/AppData/Local/Temp/jsreport/autocleanup/2a30e614-826b-40db-84dc-dac99ec88d37-chrome-pdf.html","meta":{"rootId":"pl0mkwuyjc4kqjz","id":"pl0mkwuyjc4kqjz"},"id":"wghor7zoqmljday","previousOperationId":"v0os0l27deq3gfo"}
{"type":"log","timestamp":1744373899221,"level":"debug","message":"Page request finished: GET (document) 200 file:///C:/Users/Patheo24/AppData/Local/Temp/jsreport/autocleanup/2a30e614-826b-40db-84dc-dac99ec88d37-chrome-pdf.html","meta":{"rootId":"pl0mkwuyjc4kqjz","id":"pl0mkwuyjc4kqjz"},"id":"8kwrxde9l9nm5f5","previousOperationId":"v0os0l27deq3gfo"}
{"type":"log","timestamp":1744373899226,"level":"debug","message":"Page request: GET (font) http://localhost:5488/fonts/kalpurush.ttf","meta":{"rootId":"pl0mkwuyjc4kqjz","id":"pl0mkwuyjc4kqjz"},"id":"494r8gabpm6mlqw","previousOperationId":"v0os0l27deq3gfo"}
{"type":"log","timestamp":1744373899226,"level":"debug","message":"Page request: GET (image) https://res.cloudinary.com/dpes1dyqb/image/upload/v1738768933/logo_myycxt.jpg","meta":{"rootId":"pl0mkwuyjc4kqjz","id":"pl0mkwuyjc4kqjz"},"id":"q58v5cr1uw9rume","previousOperationId":"v0os0l27deq3gfo"}
{"type":"log","timestamp":1744373899263,"level":"debug","message":"Page request: GET (font) http://localhost:5488/fonts/kalpurush.ttf","meta":{"rootId":"pl0mkwuyjc4kqjz","id":"pl0mkwuyjc4kqjz"},"id":"lwo3t03t06o8y9i","previousOperationId":"v0os0l27deq3gfo"}
{"type":"log","timestamp":1744373899265,"level":"debug","message":"Page request finished: GET (image) 200 https://res.cloudinary.com/dpes1dyqb/image/upload/v1738768933/logo_myycxt.jpg","meta":{"rootId":"pl0mkwuyjc4kqjz","id":"pl0mkwuyjc4kqjz"},"id":"djq57sr9cwxmhf6","previousOperationId":"v0os0l27deq3gfo"}
{"type":"log","timestamp":1744373899275,"level":"debug","message":"(console:error) Failed to load resource: the server responded with a status of 404 (Not Found)","meta":{"userLevel":true,"rootId":"pl0mkwuyjc4kqjz","id":"pl0mkwuyjc4kqjz"},"id":"4xsfkrzi0q7e5q3","previousOperationId":"v0os0l27deq3gfo"}
{"type":"log","timestamp":1744373899275,"level":"warn","message":"Page request failed: GET (font) http://localhost:5488/fonts/kalpurush.ttf, failure: net::ERR_ABORTED","meta":{"rootId":"pl0mkwuyjc4kqjz","id":"pl0mkwuyjc4kqjz"},"id":"rh98hn84ovech43","previousOperationId":"v0os0l27deq3gfo"}
{"type":"log","timestamp":1744373899286,"level":"debug","message":"Running chrome with params {\"printBackground\":true,\"format\":\"A5\",\"marginRight\":\"\",\"height\":\"\",\"marginTop\":\"\",\"marginBottom\":\"\",\"marginLeft\":\"\",\"displayHeaderFooter\":true,\"width\":\"\",\"timeout\":59973,\"margin\":{\"top\":\"\",\"right\":\"\",\"bottom\":\"\",\"left\":\"\"}}","meta":{"rootId":"pl0mkwuyjc4kqjz","id":"pl0mkwuyjc4kqjz"},"id":"mv9841r9xqzs9gj","previousOperationId":"v0os0l27deq3gfo"}
{"type":"operationEnd","operationId":"v0os0l27deq3gfo","timestamp":1744373899603,"id":"46cp2fs1xtznsyi","previousEventId":"k7koxnkgej40dif","previousOperationId":"v0os0l27deq3gfo"}
{"type":"log","timestamp":1744373899603,"level":"debug","message":"Skipping storing report.","meta":{"rootId":"pl0mkwuyjc4kqjz","id":"pl0mkwuyjc4kqjz"},"id":"w0a99vybil9r1g1","previousOperationId":"v0os0l27deq3gfo"}
{"type":"log","timestamp":1744373899603,"level":"info","message":"Rendering request 5 finished in 512 ms","meta":{"rootId":"pl0mkwuyjc4kqjz","id":"pl0mkwuyjc4kqjz"},"id":"jedh1kqmr94b0ds","previousOperationId":"v0os0l27deq3gfo"}
{"type":"operationEnd","subtype":"render","operationId":"jo7hm9o79s0f8v6","timestamp":1744373899603,"id":"xneutz3smg4vda0","previousEventId":"46cp2fs1xtznsyi","previousOperationId":"v0os0l27deq3gfo"}
{"type":"operationEnd","doDiffs":false,"previousEventId":"rd9h4r7rdl9xsv6","previousOperationId":"1tnnhyn5shipjlr","operationId":"1tnnhyn5shipjlr","timestamp":1744373899605,"id":"q5mlg32pk9j18cq"}
