{"type":"operationStart","subtype":"profile","data":{"_id":"zydS99FAyMnMv2QX","timestamp":"2025-04-09T14:42:00.979Z","state":"queued","mode":"standard","creationDate":"2025-04-09T14:42:00.982Z","modificationDate":"2025-04-09T14:42:00.982Z","shortid":"RrqfqPg","$entitySet":"profiles"},"doDiffs":false,"timestamp":1744209720981,"id":"rvps5a11tncce1z","previousOperationId":null,"operationId":"ft7mu28arejc2so"}
{"type":"log","level":"info","message":"Render request 120 queued for execution and waiting for available worker","previousOperationId":"ft7mu28arejc2so","timestamp":1744209720981,"id":"55rrp2utr6tcpr2"}
{"type":"operationStart","subtype":"render","name":"myTemplate","previousOperationId":"ft7mu28arejc2so","timestamp":1744209720996,"id":"gcc5o7tz309yt8i","previousEventId":"rvps5a11tncce1z","operationId":"0luwjwbddoz85xo"}
{"type":"log","timestamp":1744209720996,"level":"info","message":"Starting rendering request 120","meta":{"rootId":"pnyhe6ipy9doknx","id":"pnyhe6ipy9doknx"},"id":"5it4zzeeqhj7imv","previousOperationId":"0luwjwbddoz85xo"}
{"type":"log","timestamp":1744209720996,"level":"info","message":"Rendering template { name: myTemplate, recipe: chrome-pdf, engine: handlebars, preview: true }","meta":{"rootId":"pnyhe6ipy9doknx","id":"pnyhe6ipy9doknx"},"id":"ar1712t1uzorgq5","previousOperationId":"0luwjwbddoz85xo"}
{"type":"log","timestamp":1744209720997,"level":"debug","message":"Adding sample data HUavgV0Kc","meta":{"rootId":"pnyhe6ipy9doknx","id":"pnyhe6ipy9doknx"},"id":"ldv2p5ty8v1qm2j","previousOperationId":"0luwjwbddoz85xo"}
{"type":"log","timestamp":1744209720998,"level":"debug","message":"Base url not specified, skipping its injection.","meta":{"rootId":"pnyhe6ipy9doknx","id":"pnyhe6ipy9doknx"},"id":"y71j3t21jymse58","previousOperationId":"0luwjwbddoz85xo"}
{"type":"operationStart","subtype":"engine","name":"handlebars","timestamp":1744209720998,"id":"w6j82hhvf4gtqu9","previousEventId":"gcc5o7tz309yt8i","operationId":"pruy0zhaogqo71d","previousOperationId":"0luwjwbddoz85xo"}
{"type":"log","timestamp":1744209720998,"level":"debug","message":"Rendering engine handlebars","meta":{"rootId":"pnyhe6ipy9doknx","id":"pnyhe6ipy9doknx"},"id":"73aay7t92cus0qg","previousOperationId":"pruy0zhaogqo71d"}
{"type":"operationEnd","operationId":"pruy0zhaogqo71d","timestamp":1744209721066,"id":"9ww4bpgrp7ax62q","previousEventId":"w6j82hhvf4gtqu9","previousOperationId":"pruy0zhaogqo71d"}
{"type":"operationStart","subtype":"recipe","name":"chrome-pdf","timestamp":1744209721067,"id":"jgfb2ej4mutoo1l","previousEventId":"9ww4bpgrp7ax62q","operationId":"cvgkz082g6c7xng","previousOperationId":"pruy0zhaogqo71d"}
{"type":"log","timestamp":1744209721067,"level":"debug","message":"Executing recipe chrome-pdf","meta":{"rootId":"pnyhe6ipy9doknx","id":"pnyhe6ipy9doknx"},"id":"uw3db3c7dpllzj6","previousOperationId":"cvgkz082g6c7xng"}
{"type":"log","timestamp":1744209721072,"level":"debug","message":"Converting with chrome Chrome/133.0.6943.126 using chrome-pool strategy","meta":{"rootId":"pnyhe6ipy9doknx","id":"pnyhe6ipy9doknx"},"id":"kllmd72biyyrq4z","previousOperationId":"cvgkz082g6c7xng"}
{"type":"log","timestamp":1744209721146,"level":"debug","message":"Page request: GET (document) file:///C:/Users/Patheo24/AppData/Local/Temp/jsreport/autocleanup/88e9de69-f82f-42df-8c53-150fe4450d1b-chrome-pdf.html","meta":{"rootId":"pnyhe6ipy9doknx","id":"pnyhe6ipy9doknx"},"id":"ff1twwdjjy9rqxb","previousOperationId":"cvgkz082g6c7xng"}
{"type":"log","timestamp":1744209721178,"level":"debug","message":"Page request finished: GET (document) 200 file:///C:/Users/Patheo24/AppData/Local/Temp/jsreport/autocleanup/88e9de69-f82f-42df-8c53-150fe4450d1b-chrome-pdf.html","meta":{"rootId":"pnyhe6ipy9doknx","id":"pnyhe6ipy9doknx"},"id":"sdslat3hjohomep","previousOperationId":"cvgkz082g6c7xng"}
{"type":"log","timestamp":1744209721187,"level":"debug","message":"Page request: GET (image) https://res.cloudinary.com/dpes1dyqb/image/upload/v1738768933/logo_myycxt.jpg","meta":{"rootId":"pnyhe6ipy9doknx","id":"pnyhe6ipy9doknx"},"id":"jhv5y41pkpndwq8","previousOperationId":"cvgkz082g6c7xng"}
{"type":"log","timestamp":1744209721191,"level":"debug","message":"Page request: GET (font) http://localhost:5488/fonts/kalpurush.ttf","meta":{"rootId":"pnyhe6ipy9doknx","id":"pnyhe6ipy9doknx"},"id":"jrjb3iytze75et0","previousOperationId":"cvgkz082g6c7xng"}
{"type":"log","timestamp":1744209721242,"level":"debug","message":"Page request: GET (font) http://localhost:5488/fonts/kalpurush.ttf","meta":{"rootId":"pnyhe6ipy9doknx","id":"pnyhe6ipy9doknx"},"id":"lo027g9qwopd07f","previousOperationId":"cvgkz082g6c7xng"}
{"type":"log","timestamp":1744209721244,"level":"debug","message":"Page request finished: GET (image) 200 https://res.cloudinary.com/dpes1dyqb/image/upload/v1738768933/logo_myycxt.jpg","meta":{"rootId":"pnyhe6ipy9doknx","id":"pnyhe6ipy9doknx"},"id":"5cyyogx96un12ts","previousOperationId":"cvgkz082g6c7xng"}
{"type":"log","timestamp":1744209721254,"level":"debug","message":"(console:error) Failed to load resource: the server responded with a status of 404 (Not Found)","meta":{"userLevel":true,"rootId":"pnyhe6ipy9doknx","id":"pnyhe6ipy9doknx"},"id":"m33tji6ii1uukye","previousOperationId":"cvgkz082g6c7xng"}
{"type":"log","timestamp":1744209721254,"level":"warn","message":"Page request failed: GET (font) http://localhost:5488/fonts/kalpurush.ttf, failure: net::ERR_ABORTED","meta":{"rootId":"pnyhe6ipy9doknx","id":"pnyhe6ipy9doknx"},"id":"1qprrfn2i7uy0ly","previousOperationId":"cvgkz082g6c7xng"}
{"type":"log","timestamp":1744209721266,"level":"debug","message":"Running chrome with params {\"printBackground\":true,\"format\":\"A5\",\"marginRight\":\"\",\"height\":\"\",\"marginTop\":\"\",\"marginBottom\":\"\",\"marginLeft\":\"\",\"displayHeaderFooter\":true,\"width\":\"\",\"timeout\":59910,\"margin\":{\"top\":\"\",\"right\":\"\",\"bottom\":\"\",\"left\":\"\"}}","meta":{"rootId":"pnyhe6ipy9doknx","id":"pnyhe6ipy9doknx"},"id":"w83736qzzocvgpz","previousOperationId":"cvgkz082g6c7xng"}
{"type":"operationEnd","operationId":"cvgkz082g6c7xng","timestamp":1744209721662,"id":"tlnvcyvx12x9fhp","previousEventId":"jgfb2ej4mutoo1l","previousOperationId":"cvgkz082g6c7xng"}
{"type":"log","timestamp":1744209721662,"level":"debug","message":"Skipping storing report.","meta":{"rootId":"pnyhe6ipy9doknx","id":"pnyhe6ipy9doknx"},"id":"owpmhwubekb017u","previousOperationId":"cvgkz082g6c7xng"}
{"type":"log","timestamp":1744209721662,"level":"info","message":"Rendering request 120 finished in 683 ms","meta":{"rootId":"pnyhe6ipy9doknx","id":"pnyhe6ipy9doknx"},"id":"1gxwgc4t5a6on4s","previousOperationId":"cvgkz082g6c7xng"}
{"type":"operationEnd","subtype":"render","operationId":"0luwjwbddoz85xo","timestamp":1744209721662,"id":"obz6vcv8zwv47de","previousEventId":"tlnvcyvx12x9fhp","previousOperationId":"cvgkz082g6c7xng"}
{"type":"operationEnd","doDiffs":false,"previousEventId":"rvps5a11tncce1z","previousOperationId":"ft7mu28arejc2so","operationId":"ft7mu28arejc2so","timestamp":1744209721665,"id":"5uqqf4t00nutsuk"}
