{"type":"operationStart","subtype":"profile","data":{"_id":"TjH8sbhJafn1oUeJ","timestamp":"2025-04-11T12:32:30.238Z","state":"queued","mode":"standard","creationDate":"2025-04-11T12:32:30.240Z","modificationDate":"2025-04-11T12:32:30.240Z","shortid":"nR_gHmW","$entitySet":"profiles"},"doDiffs":false,"timestamp":1744374750239,"id":"vritk48tswwwcc2","previousOperationId":null,"operationId":"98zficmrrh7uiff"}
{"type":"log","level":"info","message":"Render request 13 queued for execution and waiting for available worker","previousOperationId":"98zficmrrh7uiff","timestamp":1744374750239,"id":"0j2lvf9l7k7zyt5"}
{"type":"operationStart","subtype":"render","name":"myTemplate","previousOperationId":"98zficmrrh7uiff","timestamp":1744374750260,"id":"gr7af3wwhsmu8xc","previousEventId":"vritk48tswwwcc2","operationId":"rbnnzg30cvl0yw7"}
{"type":"log","timestamp":1744374750260,"level":"info","message":"Starting rendering request 13","meta":{"rootId":"po66isoeyhrsje9","id":"po66isoeyhrsje9"},"id":"qkar1gjnfgmoa15","previousOperationId":"rbnnzg30cvl0yw7"}
{"type":"log","timestamp":1744374750260,"level":"info","message":"Rendering template { name: myTemplate, recipe: chrome-pdf, engine: handlebars, preview: true }","meta":{"rootId":"po66isoeyhrsje9","id":"po66isoeyhrsje9"},"id":"ubjc426tp2ayef1","previousOperationId":"rbnnzg30cvl0yw7"}
{"type":"log","timestamp":1744374750261,"level":"debug","message":"Inline data specified.","meta":{"rootId":"po66isoeyhrsje9","id":"po66isoeyhrsje9"},"id":"b9z3cge2opji151","previousOperationId":"rbnnzg30cvl0yw7"}
{"type":"log","timestamp":1744374750264,"level":"debug","message":"Base url not specified, skipping its injection.","meta":{"rootId":"po66isoeyhrsje9","id":"po66isoeyhrsje9"},"id":"hmsemgs3ew56ji8","previousOperationId":"rbnnzg30cvl0yw7"}
{"type":"operationStart","subtype":"engine","name":"handlebars","timestamp":1744374750264,"id":"7wea9jji4cc972p","previousEventId":"gr7af3wwhsmu8xc","operationId":"bwjihqjcjtkbeld","previousOperationId":"rbnnzg30cvl0yw7"}
{"type":"log","timestamp":1744374750264,"level":"debug","message":"Rendering engine handlebars","meta":{"rootId":"po66isoeyhrsje9","id":"po66isoeyhrsje9"},"id":"qwt6p02oua9jl86","previousOperationId":"bwjihqjcjtkbeld"}
{"type":"operationEnd","operationId":"bwjihqjcjtkbeld","timestamp":1744374750295,"id":"vtqc06m7l8htmzz","previousEventId":"7wea9jji4cc972p","previousOperationId":"bwjihqjcjtkbeld"}
{"type":"operationStart","subtype":"recipe","name":"chrome-pdf","timestamp":1744374750296,"id":"2r5apf5m9bsprys","previousEventId":"vtqc06m7l8htmzz","operationId":"3h5s0rq9a1l2as9","previousOperationId":"bwjihqjcjtkbeld"}
{"type":"log","timestamp":1744374750296,"level":"debug","message":"Executing recipe chrome-pdf","meta":{"rootId":"po66isoeyhrsje9","id":"po66isoeyhrsje9"},"id":"6u4h9yl7d0cpsjq","previousOperationId":"3h5s0rq9a1l2as9"}
{"type":"log","timestamp":1744374750299,"level":"debug","message":"Converting with chrome Chrome/133.0.6943.126 using chrome-pool strategy","meta":{"rootId":"po66isoeyhrsje9","id":"po66isoeyhrsje9"},"id":"uchmnxniv0ovthy","previousOperationId":"3h5s0rq9a1l2as9"}
{"type":"log","timestamp":1744374750367,"level":"debug","message":"Page request: GET (document) file:///C:/Users/Patheo24/AppData/Local/Temp/jsreport/autocleanup/22ffddf7-1bf2-4b1f-933f-a8feefd16553-chrome-pdf.html","meta":{"rootId":"po66isoeyhrsje9","id":"po66isoeyhrsje9"},"id":"u8zs0w1gfjbumqp","previousOperationId":"3h5s0rq9a1l2as9"}
{"type":"log","timestamp":1744374750393,"level":"debug","message":"Page request finished: GET (document) 200 file:///C:/Users/Patheo24/AppData/Local/Temp/jsreport/autocleanup/22ffddf7-1bf2-4b1f-933f-a8feefd16553-chrome-pdf.html","meta":{"rootId":"po66isoeyhrsje9","id":"po66isoeyhrsje9"},"id":"ozo9djbnjgl8xug","previousOperationId":"3h5s0rq9a1l2as9"}
{"type":"log","timestamp":1744374750395,"level":"debug","message":"Page request: GET (font) http://localhost:5488/fonts/kalpurush.ttf","meta":{"rootId":"po66isoeyhrsje9","id":"po66isoeyhrsje9"},"id":"48rj08onra9lgu3","previousOperationId":"3h5s0rq9a1l2as9"}
{"type":"log","timestamp":1744374750397,"level":"debug","message":"Page request: GET (image) https://res.cloudinary.com/dpes1dyqb/image/upload/v1738768933/logo_myycxt.jpg","meta":{"rootId":"po66isoeyhrsje9","id":"po66isoeyhrsje9"},"id":"o18pmsdawui3j0e","previousOperationId":"3h5s0rq9a1l2as9"}
{"type":"log","timestamp":1744374750443,"level":"debug","message":"Page request: GET (font) http://localhost:5488/fonts/kalpurush.ttf","meta":{"rootId":"po66isoeyhrsje9","id":"po66isoeyhrsje9"},"id":"u38evzdhm2ulm76","previousOperationId":"3h5s0rq9a1l2as9"}
{"type":"log","timestamp":1744374750447,"level":"debug","message":"Page request finished: GET (image) 200 https://res.cloudinary.com/dpes1dyqb/image/upload/v1738768933/logo_myycxt.jpg","meta":{"rootId":"po66isoeyhrsje9","id":"po66isoeyhrsje9"},"id":"lb1g9f240ekevgd","previousOperationId":"3h5s0rq9a1l2as9"}
{"type":"log","timestamp":1744374750455,"level":"debug","message":"(console:error) Failed to load resource: the server responded with a status of 404 (Not Found)","meta":{"userLevel":true,"rootId":"po66isoeyhrsje9","id":"po66isoeyhrsje9"},"id":"uptsyav97tavtwk","previousOperationId":"3h5s0rq9a1l2as9"}
{"type":"log","timestamp":1744374750455,"level":"warn","message":"Page request failed: GET (font) http://localhost:5488/fonts/kalpurush.ttf, failure: net::ERR_ABORTED","meta":{"rootId":"po66isoeyhrsje9","id":"po66isoeyhrsje9"},"id":"e8ar3wotor348mr","previousOperationId":"3h5s0rq9a1l2as9"}
{"type":"log","timestamp":1744374750471,"level":"debug","message":"Running chrome with params {\"printBackground\":true,\"format\":\"A5\",\"marginRight\":\"\",\"height\":\"\",\"marginTop\":\"\",\"marginBottom\":\"\",\"marginLeft\":\"\",\"displayHeaderFooter\":true,\"width\":\"\",\"timeout\":59940,\"margin\":{\"top\":\"\",\"right\":\"\",\"bottom\":\"\",\"left\":\"\"}}","meta":{"rootId":"po66isoeyhrsje9","id":"po66isoeyhrsje9"},"id":"53d0g32qoyeocbh","previousOperationId":"3h5s0rq9a1l2as9"}
{"type":"operationEnd","operationId":"3h5s0rq9a1l2as9","timestamp":1744374750798,"id":"xz9h1x4ffmdfaud","previousEventId":"2r5apf5m9bsprys","previousOperationId":"3h5s0rq9a1l2as9"}
{"type":"log","timestamp":1744374750798,"level":"debug","message":"Skipping storing report.","meta":{"rootId":"po66isoeyhrsje9","id":"po66isoeyhrsje9"},"id":"9fxtmkqn8x2kxqq","previousOperationId":"3h5s0rq9a1l2as9"}
{"type":"log","timestamp":1744374750798,"level":"info","message":"Rendering request 13 finished in 560 ms","meta":{"rootId":"po66isoeyhrsje9","id":"po66isoeyhrsje9"},"id":"xd3xuxls0sr3let","previousOperationId":"3h5s0rq9a1l2as9"}
{"type":"operationEnd","subtype":"render","operationId":"rbnnzg30cvl0yw7","timestamp":1744374750798,"id":"kn104jl0zeo5jsp","previousEventId":"xz9h1x4ffmdfaud","previousOperationId":"3h5s0rq9a1l2as9"}
{"type":"operationEnd","doDiffs":false,"previousEventId":"vritk48tswwwcc2","previousOperationId":"98zficmrrh7uiff","operationId":"98zficmrrh7uiff","timestamp":1744374750801,"id":"k4kg5dqavlwz7fw"}
