{"type":"operationStart","subtype":"profile","data":{"_id":"rWNLFdLs301FI04v","timestamp":"2025-04-09T07:00:32.691Z","state":"queued","mode":"standard","creationDate":"2025-04-09T07:00:32.693Z","modificationDate":"2025-04-09T07:00:32.693Z","shortid":"htIOzUl","$entitySet":"profiles"},"doDiffs":false,"timestamp":1744182032692,"id":"c5mxtc60tenj46x","previousOperationId":null,"operationId":"hk7n4pg2955f34w"}
{"type":"log","level":"info","message":"Render request 31 queued for execution and waiting for available worker","previousOperationId":"hk7n4pg2955f34w","timestamp":1744182032692,"id":"pvb0p51t353knl5"}
{"type":"operationStart","subtype":"render","name":"myTemplate","previousOperationId":"hk7n4pg2955f34w","timestamp":1744182032704,"id":"dsappx87c9nn77r","previousEventId":"c5mxtc60tenj46x","operationId":"gxvaye31ou7t0xy"}
{"type":"log","timestamp":1744182032704,"level":"info","message":"Starting rendering request 31","meta":{"rootId":"prtigjh5fl7r3ld","id":"prtigjh5fl7r3ld"},"id":"8ynh5e2l19sf33h","previousOperationId":"gxvaye31ou7t0xy"}
{"type":"log","timestamp":1744182032704,"level":"info","message":"Rendering template { name: myTemplate, recipe: chrome-pdf, engine: handlebars, preview: true }","meta":{"rootId":"prtigjh5fl7r3ld","id":"prtigjh5fl7r3ld"},"id":"nda2pdh43vsgrgu","previousOperationId":"gxvaye31ou7t0xy"}
{"type":"log","timestamp":1744182032705,"level":"debug","message":"Adding sample data HUavgV0Kc","meta":{"rootId":"prtigjh5fl7r3ld","id":"prtigjh5fl7r3ld"},"id":"ged8ufk9dri81rk","previousOperationId":"gxvaye31ou7t0xy"}
{"type":"log","timestamp":1744182032706,"level":"debug","message":"Base url not specified, skipping its injection.","meta":{"rootId":"prtigjh5fl7r3ld","id":"prtigjh5fl7r3ld"},"id":"w9e5tqtluip6n0m","previousOperationId":"gxvaye31ou7t0xy"}
{"type":"operationStart","subtype":"engine","name":"handlebars","timestamp":1744182032706,"id":"vfnrapdhx7a4b3o","previousEventId":"dsappx87c9nn77r","operationId":"5z6v6al8y0l8fmg","previousOperationId":"gxvaye31ou7t0xy"}
{"type":"log","timestamp":1744182032706,"level":"debug","message":"Rendering engine handlebars","meta":{"rootId":"prtigjh5fl7r3ld","id":"prtigjh5fl7r3ld"},"id":"utqs0g3r081vmmb","previousOperationId":"5z6v6al8y0l8fmg"}
{"type":"operationEnd","operationId":"5z6v6al8y0l8fmg","timestamp":1744182032721,"id":"5jfpef602h3twdj","previousEventId":"vfnrapdhx7a4b3o","previousOperationId":"5z6v6al8y0l8fmg"}
{"type":"operationStart","subtype":"recipe","name":"chrome-pdf","timestamp":1744182032721,"id":"p8svw3i6bxpq6wu","previousEventId":"5jfpef602h3twdj","operationId":"2rstoccui805jem","previousOperationId":"5z6v6al8y0l8fmg"}
{"type":"log","timestamp":1744182032721,"level":"debug","message":"Executing recipe chrome-pdf","meta":{"rootId":"prtigjh5fl7r3ld","id":"prtigjh5fl7r3ld"},"id":"490atqffbkbusag","previousOperationId":"2rstoccui805jem"}
{"type":"log","timestamp":1744182032724,"level":"debug","message":"Converting with chrome Chrome/133.0.6943.126 using chrome-pool strategy","meta":{"rootId":"prtigjh5fl7r3ld","id":"prtigjh5fl7r3ld"},"id":"rc90lrr34wmed8e","previousOperationId":"2rstoccui805jem"}
{"type":"log","timestamp":1744182032796,"level":"debug","message":"Page request: GET (document) file:///C:/Users/Patheo24/AppData/Local/Temp/jsreport/autocleanup/f4b92ccb-f4c0-4f8a-924f-f37540afa594-chrome-pdf.html","meta":{"rootId":"prtigjh5fl7r3ld","id":"prtigjh5fl7r3ld"},"id":"zlunz1t90rkfg9e","previousOperationId":"2rstoccui805jem"}
{"type":"log","timestamp":1744182032822,"level":"debug","message":"Page request finished: GET (document) 200 file:///C:/Users/Patheo24/AppData/Local/Temp/jsreport/autocleanup/f4b92ccb-f4c0-4f8a-924f-f37540afa594-chrome-pdf.html","meta":{"rootId":"prtigjh5fl7r3ld","id":"prtigjh5fl7r3ld"},"id":"0c7mam2j0gdr5dm","previousOperationId":"2rstoccui805jem"}
{"type":"log","timestamp":1744182032823,"level":"debug","message":"Page request: GET (font) http://localhost:5488/fonts/kalpurush.ttf","meta":{"rootId":"prtigjh5fl7r3ld","id":"prtigjh5fl7r3ld"},"id":"83ssljacn7bd39i","previousOperationId":"2rstoccui805jem"}
{"type":"log","timestamp":1744182032824,"level":"debug","message":"Page request: GET (image) https://res.cloudinary.com/dpes1dyqb/image/upload/v1738768933/logo_myycxt.jpg","meta":{"rootId":"prtigjh5fl7r3ld","id":"prtigjh5fl7r3ld"},"id":"z90eap7cjalx4lw","previousOperationId":"2rstoccui805jem"}
{"type":"log","timestamp":1744182032879,"level":"debug","message":"Page request: GET (font) http://localhost:5488/fonts/kalpurush.ttf","meta":{"rootId":"prtigjh5fl7r3ld","id":"prtigjh5fl7r3ld"},"id":"gilx27jux7jzl84","previousOperationId":"2rstoccui805jem"}
{"type":"log","timestamp":1744182032881,"level":"debug","message":"Page request finished: GET (image) 200 https://res.cloudinary.com/dpes1dyqb/image/upload/v1738768933/logo_myycxt.jpg","meta":{"rootId":"prtigjh5fl7r3ld","id":"prtigjh5fl7r3ld"},"id":"pypbnrnr0sjug30","previousOperationId":"2rstoccui805jem"}
{"type":"log","timestamp":1744182032896,"level":"debug","message":"(console:error) Failed to load resource: the server responded with a status of 404 (Not Found)","meta":{"userLevel":true,"rootId":"prtigjh5fl7r3ld","id":"prtigjh5fl7r3ld"},"id":"p030vgxldg4yz7n","previousOperationId":"2rstoccui805jem"}
{"type":"log","timestamp":1744182032896,"level":"warn","message":"Page request failed: GET (font) http://localhost:5488/fonts/kalpurush.ttf, failure: net::ERR_ABORTED","meta":{"rootId":"prtigjh5fl7r3ld","id":"prtigjh5fl7r3ld"},"id":"pdvhnp177mwxhax","previousOperationId":"2rstoccui805jem"}
{"type":"log","timestamp":1744182032903,"level":"debug","message":"Running chrome with params {\"printBackground\":true,\"timeout\":59968,\"margin\":{}}","meta":{"rootId":"prtigjh5fl7r3ld","id":"prtigjh5fl7r3ld"},"id":"we4bvrv3fxp7d9s","previousOperationId":"2rstoccui805jem"}
{"type":"operationEnd","operationId":"2rstoccui805jem","timestamp":1744182033252,"id":"9nxrh053ambjfme","previousEventId":"p8svw3i6bxpq6wu","previousOperationId":"2rstoccui805jem"}
{"type":"log","timestamp":1744182033252,"level":"debug","message":"Skipping storing report.","meta":{"rootId":"prtigjh5fl7r3ld","id":"prtigjh5fl7r3ld"},"id":"ouaggrn27p6nelm","previousOperationId":"2rstoccui805jem"}
{"type":"log","timestamp":1744182033252,"level":"info","message":"Rendering request 31 finished in 561 ms","meta":{"rootId":"prtigjh5fl7r3ld","id":"prtigjh5fl7r3ld"},"id":"p6ya4k3n1oc9vtj","previousOperationId":"2rstoccui805jem"}
{"type":"operationEnd","subtype":"render","operationId":"gxvaye31ou7t0xy","timestamp":1744182033252,"id":"aokm4wo5yvknx8q","previousEventId":"9nxrh053ambjfme","previousOperationId":"2rstoccui805jem"}
{"type":"operationEnd","doDiffs":false,"previousEventId":"c5mxtc60tenj46x","previousOperationId":"hk7n4pg2955f34w","operationId":"hk7n4pg2955f34w","timestamp":1744182033256,"id":"35zckar9cafo2wy"}
