{"type":"operationStart","subtype":"profile","data":{"_id":"IdXs8Cqseu8f3wVM","timestamp":"2025-04-10T13:28:12.197Z","state":"queued","mode":"standard","creationDate":"2025-04-10T13:28:12.199Z","modificationDate":"2025-04-10T13:28:12.199Z","shortid":"3oOm0EZ","$entitySet":"profiles"},"doDiffs":false,"timestamp":1744291692198,"id":"830yhbykpb9tvkn","previousOperationId":null,"operationId":"to516zamqtwmvdj"}
{"type":"log","level":"info","message":"Render request 32 queued for execution and waiting for available worker","previousOperationId":"to516zamqtwmvdj","timestamp":1744291692198,"id":"i0f00hozfpvnj40"}
{"type":"operationStart","subtype":"render","name":"myTemplate","previousOperationId":"to516zamqtwmvdj","timestamp":1744291692215,"id":"s6kf6gcxsy4a3ey","previousEventId":"830yhbykpb9tvkn","operationId":"gb9qyxzhtw8qas0"}
{"type":"log","timestamp":1744291692215,"level":"info","message":"Starting rendering request 32","meta":{"rootId":"pvrhs5i7f064lyp","id":"pvrhs5i7f064lyp"},"id":"bik2ztvoz3zbt4e","previousOperationId":"gb9qyxzhtw8qas0"}
{"type":"log","timestamp":1744291692215,"level":"info","message":"Rendering template { name: myTemplate, recipe: chrome-pdf, engine: handlebars, preview: true }","meta":{"rootId":"pvrhs5i7f064lyp","id":"pvrhs5i7f064lyp"},"id":"tylgt8iyi3l6dn6","previousOperationId":"gb9qyxzhtw8qas0"}
{"type":"log","timestamp":1744291692219,"level":"debug","message":"Adding sample data HUavgV0Kc","meta":{"rootId":"pvrhs5i7f064lyp","id":"pvrhs5i7f064lyp"},"id":"dmznj9d8wrhk257","previousOperationId":"gb9qyxzhtw8qas0"}
{"type":"log","timestamp":1744291692223,"level":"debug","message":"Base url not specified, skipping its injection.","meta":{"rootId":"pvrhs5i7f064lyp","id":"pvrhs5i7f064lyp"},"id":"1p9os45inwyv98v","previousOperationId":"gb9qyxzhtw8qas0"}
{"type":"operationStart","subtype":"engine","name":"handlebars","timestamp":1744291692223,"id":"dxmjbgci4xt5fd6","previousEventId":"s6kf6gcxsy4a3ey","operationId":"l7ujjbohwdrvwji","previousOperationId":"gb9qyxzhtw8qas0"}
{"type":"log","timestamp":1744291692223,"level":"debug","message":"Rendering engine handlebars","meta":{"rootId":"pvrhs5i7f064lyp","id":"pvrhs5i7f064lyp"},"id":"k8i49d8v0gzd72o","previousOperationId":"l7ujjbohwdrvwji"}
{"type":"operationEnd","operationId":"l7ujjbohwdrvwji","timestamp":1744291692244,"id":"sta6s4nzabxe9eu","previousEventId":"dxmjbgci4xt5fd6","previousOperationId":"l7ujjbohwdrvwji"}
{"type":"operationStart","subtype":"recipe","name":"chrome-pdf","timestamp":1744291692245,"id":"zxuswvm8yxy94u0","previousEventId":"sta6s4nzabxe9eu","operationId":"9rbfnrpf52nh7ce","previousOperationId":"l7ujjbohwdrvwji"}
{"type":"log","timestamp":1744291692245,"level":"debug","message":"Executing recipe chrome-pdf","meta":{"rootId":"pvrhs5i7f064lyp","id":"pvrhs5i7f064lyp"},"id":"7kyg9sbadn7too8","previousOperationId":"9rbfnrpf52nh7ce"}
{"type":"log","timestamp":1744291692247,"level":"debug","message":"Converting with chrome Chrome/133.0.6943.126 using chrome-pool strategy","meta":{"rootId":"pvrhs5i7f064lyp","id":"pvrhs5i7f064lyp"},"id":"5gxnqk4e830uuca","previousOperationId":"9rbfnrpf52nh7ce"}
{"type":"log","timestamp":1744291692313,"level":"debug","message":"Page request: GET (document) file:///C:/Users/Patheo24/AppData/Local/Temp/jsreport/autocleanup/544d2f92-491d-4598-a89e-dc8cadff3787-chrome-pdf.html","meta":{"rootId":"pvrhs5i7f064lyp","id":"pvrhs5i7f064lyp"},"id":"rkwbjcg3xtr4flg","previousOperationId":"9rbfnrpf52nh7ce"}
{"type":"log","timestamp":1744291692335,"level":"debug","message":"Page request finished: GET (document) 200 file:///C:/Users/Patheo24/AppData/Local/Temp/jsreport/autocleanup/544d2f92-491d-4598-a89e-dc8cadff3787-chrome-pdf.html","meta":{"rootId":"pvrhs5i7f064lyp","id":"pvrhs5i7f064lyp"},"id":"1yn02isoftey8kc","previousOperationId":"9rbfnrpf52nh7ce"}
{"type":"log","timestamp":1744291692336,"level":"debug","message":"Page request: GET (image) https://res.cloudinary.com/dpes1dyqb/image/upload/v1738768933/logo_myycxt.jpg","meta":{"rootId":"pvrhs5i7f064lyp","id":"pvrhs5i7f064lyp"},"id":"7cztoerkew1u45w","previousOperationId":"9rbfnrpf52nh7ce"}
{"type":"log","timestamp":1744291692337,"level":"debug","message":"Page request: GET (font) http://localhost:5488/fonts/kalpurush.ttf","meta":{"rootId":"pvrhs5i7f064lyp","id":"pvrhs5i7f064lyp"},"id":"w5etw69c12a1u7i","previousOperationId":"9rbfnrpf52nh7ce"}
{"type":"log","timestamp":1744291692388,"level":"debug","message":"Page request: GET (font) http://localhost:5488/fonts/kalpurush.ttf","meta":{"rootId":"pvrhs5i7f064lyp","id":"pvrhs5i7f064lyp"},"id":"v3lgx5fjsv3ec4f","previousOperationId":"9rbfnrpf52nh7ce"}
{"type":"log","timestamp":1744291692389,"level":"debug","message":"Page request finished: GET (image) 200 https://res.cloudinary.com/dpes1dyqb/image/upload/v1738768933/logo_myycxt.jpg","meta":{"rootId":"pvrhs5i7f064lyp","id":"pvrhs5i7f064lyp"},"id":"84ov2hk2q7gi6hx","previousOperationId":"9rbfnrpf52nh7ce"}
{"type":"log","timestamp":1744291692399,"level":"debug","message":"(console:error) Failed to load resource: the server responded with a status of 404 (Not Found)","meta":{"userLevel":true,"rootId":"pvrhs5i7f064lyp","id":"pvrhs5i7f064lyp"},"id":"qzklvkagt3e84in","previousOperationId":"9rbfnrpf52nh7ce"}
{"type":"log","timestamp":1744291692400,"level":"warn","message":"Page request failed: GET (font) http://localhost:5488/fonts/kalpurush.ttf, failure: net::ERR_ABORTED","meta":{"rootId":"pvrhs5i7f064lyp","id":"pvrhs5i7f064lyp"},"id":"zs5l1qppdfmlj7c","previousOperationId":"9rbfnrpf52nh7ce"}
{"type":"log","timestamp":1744291692409,"level":"debug","message":"Running chrome with params {\"printBackground\":true,\"format\":\"A5\",\"marginRight\":\"\",\"height\":\"\",\"marginTop\":\"\",\"marginBottom\":\"\",\"marginLeft\":\"\",\"displayHeaderFooter\":true,\"width\":\"\",\"timeout\":59951,\"margin\":{\"top\":\"\",\"right\":\"\",\"bottom\":\"\",\"left\":\"\"}}","meta":{"rootId":"pvrhs5i7f064lyp","id":"pvrhs5i7f064lyp"},"id":"pcbpe0gn9wwsixf","previousOperationId":"9rbfnrpf52nh7ce"}
{"type":"operationEnd","operationId":"9rbfnrpf52nh7ce","timestamp":1744291692745,"id":"kvxq4yifraowrgm","previousEventId":"zxuswvm8yxy94u0","previousOperationId":"9rbfnrpf52nh7ce"}
{"type":"log","timestamp":1744291692745,"level":"debug","message":"Skipping storing report.","meta":{"rootId":"pvrhs5i7f064lyp","id":"pvrhs5i7f064lyp"},"id":"qhq8j8kmgd1u8dz","previousOperationId":"9rbfnrpf52nh7ce"}
{"type":"log","timestamp":1744291692745,"level":"info","message":"Rendering request 32 finished in 548 ms","meta":{"rootId":"pvrhs5i7f064lyp","id":"pvrhs5i7f064lyp"},"id":"fy35yihrk5abi1m","previousOperationId":"9rbfnrpf52nh7ce"}
{"type":"operationEnd","subtype":"render","operationId":"gb9qyxzhtw8qas0","timestamp":1744291692745,"id":"28mhr7h1opsb2p9","previousEventId":"kvxq4yifraowrgm","previousOperationId":"9rbfnrpf52nh7ce"}
{"type":"operationEnd","doDiffs":false,"previousEventId":"830yhbykpb9tvkn","previousOperationId":"to516zamqtwmvdj","operationId":"to516zamqtwmvdj","timestamp":1744291692750,"id":"0fiplww65tnrk4l"}
