{"type":"operationStart","subtype":"profile","data":{"_id":"DZG4TV4T3pF2gLEc","timestamp":"2025-04-09T10:55:12.353Z","state":"queued","mode":"standard","creationDate":"2025-04-09T10:55:12.355Z","modificationDate":"2025-04-09T10:55:12.355Z","shortid":"XEaW_Rb","$entitySet":"profiles"},"doDiffs":false,"timestamp":1744196112354,"id":"loxkzxp7rbs9lfl","previousOperationId":null,"operationId":"ntad5ykqk5in4i2"}
{"type":"log","level":"info","message":"Render request 29 queued for execution and waiting for available worker","previousOperationId":"ntad5ykqk5in4i2","timestamp":1744196112354,"id":"36fhiq6ile4tm4j"}
{"type":"operationStart","subtype":"render","name":"myTemplate","previousOperationId":"ntad5ykqk5in4i2","timestamp":1744196112367,"id":"39iizc69ci969on","previousEventId":"loxkzxp7rbs9lfl","operationId":"rqe2idxwmu1joii"}
{"type":"log","timestamp":1744196112367,"level":"info","message":"Starting rendering request 29","meta":{"rootId":"q3r2bst2p26dvmm","id":"q3r2bst2p26dvmm"},"id":"17dwtz35yzn2a2g","previousOperationId":"rqe2idxwmu1joii"}
{"type":"log","timestamp":1744196112367,"level":"info","message":"Rendering template { name: myTemplate, recipe: chrome-pdf, engine: handlebars, preview: true }","meta":{"rootId":"q3r2bst2p26dvmm","id":"q3r2bst2p26dvmm"},"id":"ch2wjo97bndbk5x","previousOperationId":"rqe2idxwmu1joii"}
{"type":"log","timestamp":1744196112367,"level":"debug","message":"Inline data specified.","meta":{"rootId":"q3r2bst2p26dvmm","id":"q3r2bst2p26dvmm"},"id":"8e44qfg09wd1l6f","previousOperationId":"rqe2idxwmu1joii"}
{"type":"log","timestamp":1744196112369,"level":"debug","message":"Base url not specified, skipping its injection.","meta":{"rootId":"q3r2bst2p26dvmm","id":"q3r2bst2p26dvmm"},"id":"2kmcik75zw0jofx","previousOperationId":"rqe2idxwmu1joii"}
{"type":"operationStart","subtype":"engine","name":"handlebars","timestamp":1744196112369,"id":"ozwu2467w8emcjs","previousEventId":"39iizc69ci969on","operationId":"d41ajbavypd6nix","previousOperationId":"rqe2idxwmu1joii"}
{"type":"log","timestamp":1744196112369,"level":"debug","message":"Rendering engine handlebars","meta":{"rootId":"q3r2bst2p26dvmm","id":"q3r2bst2p26dvmm"},"id":"itxohwtn9oyl8yc","previousOperationId":"d41ajbavypd6nix"}
{"type":"operationEnd","operationId":"d41ajbavypd6nix","timestamp":1744196112384,"id":"b67qaj76hma2pbd","previousEventId":"ozwu2467w8emcjs","previousOperationId":"d41ajbavypd6nix"}
{"type":"operationStart","subtype":"recipe","name":"chrome-pdf","timestamp":1744196112384,"id":"b5d1oadzpfi7fx8","previousEventId":"b67qaj76hma2pbd","operationId":"yh6s99w7ngnetqx","previousOperationId":"d41ajbavypd6nix"}
{"type":"log","timestamp":1744196112384,"level":"debug","message":"Executing recipe chrome-pdf","meta":{"rootId":"q3r2bst2p26dvmm","id":"q3r2bst2p26dvmm"},"id":"osciivd7uxgqt4a","previousOperationId":"yh6s99w7ngnetqx"}
{"type":"log","timestamp":1744196112387,"level":"debug","message":"Converting with chrome Chrome/133.0.6943.126 using chrome-pool strategy","meta":{"rootId":"q3r2bst2p26dvmm","id":"q3r2bst2p26dvmm"},"id":"ikyn9o3fwgwhktb","previousOperationId":"yh6s99w7ngnetqx"}
{"type":"log","timestamp":1744196112452,"level":"debug","message":"Page request: GET (document) file:///C:/Users/Patheo24/AppData/Local/Temp/jsreport/autocleanup/78786ec5-421d-4410-a579-01ffc529673b-chrome-pdf.html","meta":{"rootId":"q3r2bst2p26dvmm","id":"q3r2bst2p26dvmm"},"id":"t0q28ur8bywtcyp","previousOperationId":"yh6s99w7ngnetqx"}
{"type":"log","timestamp":1744196112477,"level":"debug","message":"Page request finished: GET (document) 200 file:///C:/Users/Patheo24/AppData/Local/Temp/jsreport/autocleanup/78786ec5-421d-4410-a579-01ffc529673b-chrome-pdf.html","meta":{"rootId":"q3r2bst2p26dvmm","id":"q3r2bst2p26dvmm"},"id":"psj36g0qbwm65yk","previousOperationId":"yh6s99w7ngnetqx"}
{"type":"log","timestamp":1744196112478,"level":"debug","message":"Page request: GET (font) http://localhost:5488/fonts/kalpurush.ttf","meta":{"rootId":"q3r2bst2p26dvmm","id":"q3r2bst2p26dvmm"},"id":"9bk5m01gtlmouri","previousOperationId":"yh6s99w7ngnetqx"}
{"type":"log","timestamp":1744196112479,"level":"debug","message":"Page request: GET (image) https://res.cloudinary.com/dpes1dyqb/image/upload/v1738768933/logo_myycxt.jpg","meta":{"rootId":"q3r2bst2p26dvmm","id":"q3r2bst2p26dvmm"},"id":"oh8st7hr9goi5sz","previousOperationId":"yh6s99w7ngnetqx"}
{"type":"log","timestamp":1744196112516,"level":"debug","message":"Page request: GET (font) http://localhost:5488/fonts/kalpurush.ttf","meta":{"rootId":"q3r2bst2p26dvmm","id":"q3r2bst2p26dvmm"},"id":"ncmip8euuo5not4","previousOperationId":"yh6s99w7ngnetqx"}
{"type":"log","timestamp":1744196112519,"level":"debug","message":"Page request finished: GET (image) 200 https://res.cloudinary.com/dpes1dyqb/image/upload/v1738768933/logo_myycxt.jpg","meta":{"rootId":"q3r2bst2p26dvmm","id":"q3r2bst2p26dvmm"},"id":"eeang3y7gom9n2i","previousOperationId":"yh6s99w7ngnetqx"}
{"type":"log","timestamp":1744196112523,"level":"debug","message":"(console:error) Failed to load resource: the server responded with a status of 404 (Not Found)","meta":{"userLevel":true,"rootId":"q3r2bst2p26dvmm","id":"q3r2bst2p26dvmm"},"id":"2tdwlk37qfg9d3d","previousOperationId":"yh6s99w7ngnetqx"}
{"type":"log","timestamp":1744196112523,"level":"warn","message":"Page request failed: GET (font) http://localhost:5488/fonts/kalpurush.ttf, failure: net::ERR_ABORTED","meta":{"rootId":"q3r2bst2p26dvmm","id":"q3r2bst2p26dvmm"},"id":"plukjqkxa4zb4h9","previousOperationId":"yh6s99w7ngnetqx"}
{"type":"log","timestamp":1744196112529,"level":"debug","message":"Running chrome with params {\"printBackground\":true,\"timeout\":59966,\"margin\":{}}","meta":{"rootId":"q3r2bst2p26dvmm","id":"q3r2bst2p26dvmm"},"id":"00771mc89rak6sg","previousOperationId":"yh6s99w7ngnetqx"}
{"type":"operationEnd","operationId":"yh6s99w7ngnetqx","timestamp":1744196112827,"id":"qm8joi853id5n7z","previousEventId":"b5d1oadzpfi7fx8","previousOperationId":"yh6s99w7ngnetqx"}
{"type":"log","timestamp":1744196112827,"level":"debug","message":"Skipping storing report.","meta":{"rootId":"q3r2bst2p26dvmm","id":"q3r2bst2p26dvmm"},"id":"vs5jethc18h2op9","previousOperationId":"yh6s99w7ngnetqx"}
{"type":"log","timestamp":1744196112827,"level":"info","message":"Rendering request 29 finished in 475 ms","meta":{"rootId":"q3r2bst2p26dvmm","id":"q3r2bst2p26dvmm"},"id":"bkf8552m1qya43b","previousOperationId":"yh6s99w7ngnetqx"}
{"type":"operationEnd","subtype":"render","operationId":"rqe2idxwmu1joii","timestamp":1744196112827,"id":"56gis44yn91cp2w","previousEventId":"qm8joi853id5n7z","previousOperationId":"yh6s99w7ngnetqx"}
{"type":"operationEnd","doDiffs":false,"previousEventId":"loxkzxp7rbs9lfl","previousOperationId":"ntad5ykqk5in4i2","operationId":"ntad5ykqk5in4i2","timestamp":1744196112832,"id":"0d47d4o9a16x9l2"}
