{"type":"operationStart","subtype":"profile","data":{"_id":"tsiZCYt5RViDUkqQ","timestamp":"2025-04-11T12:31:42.481Z","state":"queued","mode":"standard","creationDate":"2025-04-11T12:31:42.483Z","modificationDate":"2025-04-11T12:31:42.483Z","shortid":"PFg2iJT","$entitySet":"profiles"},"doDiffs":false,"timestamp":1744374702483,"id":"mr1uwvkn0gzjjit","previousOperationId":null,"operationId":"g3n24rnt1w8r90f"}
{"type":"log","level":"info","message":"Render request 11 queued for execution and waiting for available worker","previousOperationId":"g3n24rnt1w8r90f","timestamp":1744374702483,"id":"uqi6k17nsblueoi"}
{"type":"operationStart","subtype":"render","name":"myTemplate","previousOperationId":"g3n24rnt1w8r90f","timestamp":1744374702499,"id":"yain4q0eldgeoql","previousEventId":"mr1uwvkn0gzjjit","operationId":"t6bdkczy76wsitu"}
{"type":"log","timestamp":1744374702500,"level":"info","message":"Starting rendering request 11","meta":{"rootId":"qbjcto6jf8jgizw","id":"qbjcto6jf8jgizw"},"id":"cur91oa5shk4eh2","previousOperationId":"t6bdkczy76wsitu"}
{"type":"log","timestamp":1744374702500,"level":"info","message":"Rendering template { name: myTemplate, recipe: chrome-pdf, engine: handlebars, preview: true }","meta":{"rootId":"qbjcto6jf8jgizw","id":"qbjcto6jf8jgizw"},"id":"789bj4u4hnqn0m3","previousOperationId":"t6bdkczy76wsitu"}
{"type":"log","timestamp":1744374702500,"level":"debug","message":"Inline data specified.","meta":{"rootId":"qbjcto6jf8jgizw","id":"qbjcto6jf8jgizw"},"id":"rh9e6lilzbznfpj","previousOperationId":"t6bdkczy76wsitu"}
{"type":"log","timestamp":1744374702501,"level":"debug","message":"Base url not specified, skipping its injection.","meta":{"rootId":"qbjcto6jf8jgizw","id":"qbjcto6jf8jgizw"},"id":"dmd444ascslkc24","previousOperationId":"t6bdkczy76wsitu"}
{"type":"operationStart","subtype":"engine","name":"handlebars","timestamp":1744374702502,"id":"920crga2m1n3875","previousEventId":"yain4q0eldgeoql","operationId":"iqdq5sfv7b8e825","previousOperationId":"t6bdkczy76wsitu"}
{"type":"log","timestamp":1744374702502,"level":"debug","message":"Rendering engine handlebars","meta":{"rootId":"qbjcto6jf8jgizw","id":"qbjcto6jf8jgizw"},"id":"59yldqmbtual0hr","previousOperationId":"iqdq5sfv7b8e825"}
{"type":"operationEnd","operationId":"iqdq5sfv7b8e825","timestamp":1744374702546,"id":"ybsb7pe539f5fvm","previousEventId":"920crga2m1n3875","previousOperationId":"iqdq5sfv7b8e825"}
{"type":"operationStart","subtype":"recipe","name":"chrome-pdf","timestamp":1744374702546,"id":"vspie72xlgtcwbp","previousEventId":"ybsb7pe539f5fvm","operationId":"sxv159otje5vpm4","previousOperationId":"iqdq5sfv7b8e825"}
{"type":"log","timestamp":1744374702546,"level":"debug","message":"Executing recipe chrome-pdf","meta":{"rootId":"qbjcto6jf8jgizw","id":"qbjcto6jf8jgizw"},"id":"4biqr23afjgmm14","previousOperationId":"sxv159otje5vpm4"}
{"type":"log","timestamp":1744374702551,"level":"debug","message":"Converting with chrome Chrome/133.0.6943.126 using chrome-pool strategy","meta":{"rootId":"qbjcto6jf8jgizw","id":"qbjcto6jf8jgizw"},"id":"7fhqdjq055gi90j","previousOperationId":"sxv159otje5vpm4"}
{"type":"log","timestamp":1744374702620,"level":"debug","message":"Page request: GET (document) file:///C:/Users/Patheo24/AppData/Local/Temp/jsreport/autocleanup/dd99e671-5e44-4b85-a851-0893e877373c-chrome-pdf.html","meta":{"rootId":"qbjcto6jf8jgizw","id":"qbjcto6jf8jgizw"},"id":"h3s9bfi9lpg43jo","previousOperationId":"sxv159otje5vpm4"}
{"type":"log","timestamp":1744374702641,"level":"debug","message":"Page request finished: GET (document) 200 file:///C:/Users/Patheo24/AppData/Local/Temp/jsreport/autocleanup/dd99e671-5e44-4b85-a851-0893e877373c-chrome-pdf.html","meta":{"rootId":"qbjcto6jf8jgizw","id":"qbjcto6jf8jgizw"},"id":"38vybygsbhunxf5","previousOperationId":"sxv159otje5vpm4"}
{"type":"log","timestamp":1744374702641,"level":"debug","message":"Page request: GET (font) http://localhost:5488/fonts/kalpurush.ttf","meta":{"rootId":"qbjcto6jf8jgizw","id":"qbjcto6jf8jgizw"},"id":"majtmlttep30hpy","previousOperationId":"sxv159otje5vpm4"}
{"type":"log","timestamp":1744374702642,"level":"debug","message":"Page request: GET (image) https://res.cloudinary.com/dpes1dyqb/image/upload/v1738768933/logo_myycxt.jpg","meta":{"rootId":"qbjcto6jf8jgizw","id":"qbjcto6jf8jgizw"},"id":"zaedvmkrhy1yxvz","previousOperationId":"sxv159otje5vpm4"}
{"type":"log","timestamp":1744374702699,"level":"debug","message":"Page request: GET (font) http://localhost:5488/fonts/kalpurush.ttf","meta":{"rootId":"qbjcto6jf8jgizw","id":"qbjcto6jf8jgizw"},"id":"yed8wy572j3qh2x","previousOperationId":"sxv159otje5vpm4"}
{"type":"log","timestamp":1744374702700,"level":"debug","message":"Page request finished: GET (image) 200 https://res.cloudinary.com/dpes1dyqb/image/upload/v1738768933/logo_myycxt.jpg","meta":{"rootId":"qbjcto6jf8jgizw","id":"qbjcto6jf8jgizw"},"id":"7q8skalj664kgzp","previousOperationId":"sxv159otje5vpm4"}
{"type":"log","timestamp":1744374702708,"level":"debug","message":"(console:error) Failed to load resource: the server responded with a status of 404 (Not Found)","meta":{"userLevel":true,"rootId":"qbjcto6jf8jgizw","id":"qbjcto6jf8jgizw"},"id":"vpwx91lhsrd19l7","previousOperationId":"sxv159otje5vpm4"}
{"type":"log","timestamp":1744374702708,"level":"warn","message":"Page request failed: GET (font) http://localhost:5488/fonts/kalpurush.ttf, failure: net::ERR_ABORTED","meta":{"rootId":"qbjcto6jf8jgizw","id":"qbjcto6jf8jgizw"},"id":"c67f2mi8cpl8tn2","previousOperationId":"sxv159otje5vpm4"}
{"type":"log","timestamp":1744374702718,"level":"debug","message":"Running chrome with params {\"printBackground\":true,\"format\":\"A5\",\"marginRight\":\"\",\"height\":\"\",\"marginTop\":\"\",\"marginBottom\":\"\",\"marginLeft\":\"\",\"displayHeaderFooter\":true,\"width\":\"\",\"timeout\":59932,\"margin\":{\"top\":\"\",\"right\":\"\",\"bottom\":\"\",\"left\":\"\"}}","meta":{"rootId":"qbjcto6jf8jgizw","id":"qbjcto6jf8jgizw"},"id":"uo87jsniaih8cop","previousOperationId":"sxv159otje5vpm4"}
{"type":"operationEnd","operationId":"sxv159otje5vpm4","timestamp":1744374703052,"id":"b2c9nkqwv2r9uom","previousEventId":"vspie72xlgtcwbp","previousOperationId":"sxv159otje5vpm4"}
{"type":"log","timestamp":1744374703052,"level":"debug","message":"Skipping storing report.","meta":{"rootId":"qbjcto6jf8jgizw","id":"qbjcto6jf8jgizw"},"id":"ba8rb8dfccxo4lo","previousOperationId":"sxv159otje5vpm4"}
{"type":"log","timestamp":1744374703052,"level":"info","message":"Rendering request 11 finished in 572 ms","meta":{"rootId":"qbjcto6jf8jgizw","id":"qbjcto6jf8jgizw"},"id":"t4rb93ov7r6s6kv","previousOperationId":"sxv159otje5vpm4"}
{"type":"operationEnd","subtype":"render","operationId":"t6bdkczy76wsitu","timestamp":1744374703052,"id":"cqdn7lrtpulj2ar","previousEventId":"b2c9nkqwv2r9uom","previousOperationId":"sxv159otje5vpm4"}
{"type":"operationEnd","doDiffs":false,"previousEventId":"mr1uwvkn0gzjjit","previousOperationId":"g3n24rnt1w8r90f","operationId":"g3n24rnt1w8r90f","timestamp":1744374703056,"id":"7i5b7j0em2mjfa1"}
