{"type":"operationStart","subtype":"profile","data":{"_id":"oIekqQMvolXEtTP9","timestamp":"2025-04-09T13:32:19.248Z","state":"queued","mode":"standard","creationDate":"2025-04-09T13:32:19.250Z","modificationDate":"2025-04-09T13:32:19.250Z","shortid":"Nzpc_fC","$entitySet":"profiles"},"doDiffs":false,"timestamp":1744205539249,"id":"9wcgf9l07mzzjuq","previousOperationId":null,"operationId":"dzfzqjukm1x7oeb"}
{"type":"log","level":"info","message":"Render request 5 queued for execution and waiting for available worker","previousOperationId":"dzfzqjukm1x7oeb","timestamp":1744205539249,"id":"fazaft9pj6rs48z"}
{"type":"operationStart","subtype":"render","name":"myTemplate","previousOperationId":"dzfzqjukm1x7oeb","timestamp":1744205539262,"id":"hodjj34hlvlw4et","previousEventId":"9wcgf9l07mzzjuq","operationId":"um2afw0rl2efreg"}
{"type":"log","timestamp":1744205539262,"level":"info","message":"Starting rendering request 5","meta":{"rootId":"qdai8x8gpvitcqf","id":"qdai8x8gpvitcqf"},"id":"t53jg7outoguip7","previousOperationId":"um2afw0rl2efreg"}
{"type":"log","timestamp":1744205539262,"level":"info","message":"Rendering template { name: myTemplate, recipe: chrome-pdf, engine: handlebars, preview: true }","meta":{"rootId":"qdai8x8gpvitcqf","id":"qdai8x8gpvitcqf"},"id":"7nwpfqan341tvlc","previousOperationId":"um2afw0rl2efreg"}
{"type":"log","timestamp":1744205539263,"level":"debug","message":"Adding sample data HUavgV0Kc","meta":{"rootId":"qdai8x8gpvitcqf","id":"qdai8x8gpvitcqf"},"id":"dnsyt6yi4yy3lbc","previousOperationId":"um2afw0rl2efreg"}
{"type":"log","timestamp":1744205539267,"level":"debug","message":"Base url not specified, skipping its injection.","meta":{"rootId":"qdai8x8gpvitcqf","id":"qdai8x8gpvitcqf"},"id":"knk7fly3ctgkp7u","previousOperationId":"um2afw0rl2efreg"}
{"type":"operationStart","subtype":"engine","name":"handlebars","timestamp":1744205539267,"id":"2ghu9n525olqmq4","previousEventId":"hodjj34hlvlw4et","operationId":"26cg19921ltihkp","previousOperationId":"um2afw0rl2efreg"}
{"type":"log","timestamp":1744205539267,"level":"debug","message":"Rendering engine handlebars","meta":{"rootId":"qdai8x8gpvitcqf","id":"qdai8x8gpvitcqf"},"id":"r4hpjoxzk5xq7yg","previousOperationId":"26cg19921ltihkp"}
{"type":"operationEnd","operationId":"26cg19921ltihkp","timestamp":1744205539300,"id":"4dkrek843rswg2u","previousEventId":"2ghu9n525olqmq4","previousOperationId":"26cg19921ltihkp"}
{"type":"operationStart","subtype":"recipe","name":"chrome-pdf","timestamp":1744205539300,"id":"nbajy50k32zjrq9","previousEventId":"4dkrek843rswg2u","operationId":"9nscaz7jx0f6aid","previousOperationId":"26cg19921ltihkp"}
{"type":"log","timestamp":1744205539300,"level":"debug","message":"Executing recipe chrome-pdf","meta":{"rootId":"qdai8x8gpvitcqf","id":"qdai8x8gpvitcqf"},"id":"jmsp7khuoio73x3","previousOperationId":"9nscaz7jx0f6aid"}
{"type":"log","timestamp":1744205539303,"level":"debug","message":"Converting with chrome Chrome/133.0.6943.126 using chrome-pool strategy","meta":{"rootId":"qdai8x8gpvitcqf","id":"qdai8x8gpvitcqf"},"id":"ntm0nrj12elt0ne","previousOperationId":"9nscaz7jx0f6aid"}
{"type":"log","timestamp":1744205539530,"level":"debug","message":"Page request: GET (document) file:///C:/Users/Patheo24/AppData/Local/Temp/jsreport/autocleanup/398290a2-715a-4430-8d34-52e36e77e067-chrome-pdf.html","meta":{"rootId":"qdai8x8gpvitcqf","id":"qdai8x8gpvitcqf"},"id":"v0epdca1gjb7k8u","previousOperationId":"9nscaz7jx0f6aid"}
{"type":"log","timestamp":1744205539549,"level":"debug","message":"Page request finished: GET (document) 200 file:///C:/Users/Patheo24/AppData/Local/Temp/jsreport/autocleanup/398290a2-715a-4430-8d34-52e36e77e067-chrome-pdf.html","meta":{"rootId":"qdai8x8gpvitcqf","id":"qdai8x8gpvitcqf"},"id":"t9zg6vygxze9n4h","previousOperationId":"9nscaz7jx0f6aid"}
{"type":"log","timestamp":1744205539549,"level":"debug","message":"Page request: GET (font) http://localhost:5488/fonts/kalpurush.ttf","meta":{"rootId":"qdai8x8gpvitcqf","id":"qdai8x8gpvitcqf"},"id":"jfesyvbf56qlb4t","previousOperationId":"9nscaz7jx0f6aid"}
{"type":"log","timestamp":1744205539549,"level":"debug","message":"Page request: GET (image) https://res.cloudinary.com/dpes1dyqb/image/upload/v1738768933/logo_myycxt.jpg","meta":{"rootId":"qdai8x8gpvitcqf","id":"qdai8x8gpvitcqf"},"id":"07ptotu97c7zi74","previousOperationId":"9nscaz7jx0f6aid"}
{"type":"log","timestamp":1744205539553,"level":"debug","message":"Page request: GET (font) http://localhost:5488/fonts/kalpurush.ttf","meta":{"rootId":"qdai8x8gpvitcqf","id":"qdai8x8gpvitcqf"},"id":"v1yeadcifzrp7x8","previousOperationId":"9nscaz7jx0f6aid"}
{"type":"log","timestamp":1744205539555,"level":"debug","message":"Page request finished: GET (image) 200 https://res.cloudinary.com/dpes1dyqb/image/upload/v1738768933/logo_myycxt.jpg","meta":{"rootId":"qdai8x8gpvitcqf","id":"qdai8x8gpvitcqf"},"id":"yv1jwcgc8etyox9","previousOperationId":"9nscaz7jx0f6aid"}
{"type":"log","timestamp":1744205539559,"level":"debug","message":"(console:error) Failed to load resource: the server responded with a status of 404 (Not Found)","meta":{"userLevel":true,"rootId":"qdai8x8gpvitcqf","id":"qdai8x8gpvitcqf"},"id":"j7na6v8d2cwsfst","previousOperationId":"9nscaz7jx0f6aid"}
{"type":"log","timestamp":1744205539559,"level":"warn","message":"Page request failed: GET (font) http://localhost:5488/fonts/kalpurush.ttf, failure: net::ERR_ABORTED","meta":{"rootId":"qdai8x8gpvitcqf","id":"qdai8x8gpvitcqf"},"id":"zo4vxx43ooss4o2","previousOperationId":"9nscaz7jx0f6aid"}
{"type":"log","timestamp":1744205539575,"level":"debug","message":"Running chrome with params {\"printBackground\":true,\"timeout\":59946,\"margin\":{}}","meta":{"rootId":"qdai8x8gpvitcqf","id":"qdai8x8gpvitcqf"},"id":"j79l3vgqrmrtir5","previousOperationId":"9nscaz7jx0f6aid"}
{"type":"operationEnd","operationId":"9nscaz7jx0f6aid","timestamp":1744205539926,"id":"q6nfopkqttegf8v","previousEventId":"nbajy50k32zjrq9","previousOperationId":"9nscaz7jx0f6aid"}
{"type":"log","timestamp":1744205539926,"level":"debug","message":"Skipping storing report.","meta":{"rootId":"qdai8x8gpvitcqf","id":"qdai8x8gpvitcqf"},"id":"i4al533ovhqxdef","previousOperationId":"9nscaz7jx0f6aid"}
{"type":"log","timestamp":1744205539926,"level":"info","message":"Rendering request 5 finished in 678 ms","meta":{"rootId":"qdai8x8gpvitcqf","id":"qdai8x8gpvitcqf"},"id":"jt7wutik4v7k8q4","previousOperationId":"9nscaz7jx0f6aid"}
{"type":"operationEnd","subtype":"render","operationId":"um2afw0rl2efreg","timestamp":1744205539926,"id":"dn89abm3cnubq74","previousEventId":"q6nfopkqttegf8v","previousOperationId":"9nscaz7jx0f6aid"}
{"type":"operationEnd","doDiffs":false,"previousEventId":"9wcgf9l07mzzjuq","previousOperationId":"dzfzqjukm1x7oeb","operationId":"dzfzqjukm1x7oeb","timestamp":1744205539932,"id":"ut5ukb56blu2kdq"}
