{"type":"operationStart","subtype":"profile","data":{"_id":"sgZDPTlBuaG3PtK7","timestamp":"2025-04-10T16:47:42.563Z","state":"running","mode":"standard","creationDate":"2025-04-10T16:47:42.566Z","modificationDate":"2025-04-10T16:47:42.566Z","shortid":"R2xluHJ","$entitySet":"profiles","timeout":60000,"templateShortid":"2tjN-EB9Yu"},"doDiffs":false,"timestamp":1744303662564,"id":"ycgu10i3r7286h2","previousOperationId":null,"operationId":"p5cun8561u4scur"}
{"type":"log","level":"info","message":"Render request 34 queued for execution and waiting for available worker","previousOperationId":"p5cun8561u4scur","timestamp":1744303662565,"id":"lhzrkmgz7u35a5j"}
{"type":"operationStart","subtype":"render","name":"myTemplate","previousOperationId":"p5cun8561u4scur","timestamp":1744303662673,"id":"mjejl7ge8vqy41w","previousEventId":"ycgu10i3r7286h2","operationId":"d1o2xvbfg7jmuby"}
{"type":"log","timestamp":1744303662681,"level":"info","message":"Starting rendering request 34","meta":{"rootId":"qi5760tmadnabzv","id":"qi5760tmadnabzv"},"id":"mzlf67p5g16mkb9","previousOperationId":"d1o2xvbfg7jmuby"}
{"type":"log","timestamp":1744303662687,"level":"info","message":"Rendering template { name: myTemplate, recipe: chrome-pdf, engine: handlebars, preview: false }","meta":{"rootId":"qi5760tmadnabzv","id":"qi5760tmadnabzv"},"id":"of5wwvq7a49tq1f","previousOperationId":"d1o2xvbfg7jmuby"}
{"type":"log","timestamp":1744303662692,"level":"debug","message":"Inline data specified.","meta":{"rootId":"qi5760tmadnabzv","id":"qi5760tmadnabzv"},"id":"4fkdwm5szebl73w","previousOperationId":"d1o2xvbfg7jmuby"}
{"type":"log","timestamp":1744303662695,"level":"debug","message":"Base url not specified, skipping its injection.","meta":{"rootId":"qi5760tmadnabzv","id":"qi5760tmadnabzv"},"id":"xhibm4z8hhx7t51","previousOperationId":"d1o2xvbfg7jmuby"}
{"type":"operationStart","subtype":"engine","name":"handlebars","timestamp":1744303662700,"id":"d3mc7rdnrz5xz3b","previousEventId":"mjejl7ge8vqy41w","operationId":"x632k2kkn9e48su","previousOperationId":"d1o2xvbfg7jmuby"}
{"type":"log","timestamp":1744303662700,"level":"debug","message":"Rendering engine handlebars","meta":{"rootId":"qi5760tmadnabzv","id":"qi5760tmadnabzv"},"id":"ggblf2fwazlagac","previousOperationId":"x632k2kkn9e48su"}
{"type":"operationEnd","operationId":"x632k2kkn9e48su","timestamp":1744303662756,"id":"lbijp447vgmbqex","previousEventId":"d3mc7rdnrz5xz3b","previousOperationId":"x632k2kkn9e48su"}
{"type":"operationStart","subtype":"recipe","name":"chrome-pdf","timestamp":1744303662759,"id":"8br95zun3y3rbr7","previousEventId":"lbijp447vgmbqex","operationId":"g2bh1axg0zlg0po","previousOperationId":"x632k2kkn9e48su"}
{"type":"log","timestamp":1744303662759,"level":"debug","message":"Executing recipe chrome-pdf","meta":{"rootId":"qi5760tmadnabzv","id":"qi5760tmadnabzv"},"id":"js1sh8ig4hfd9d2","previousOperationId":"g2bh1axg0zlg0po"}
{"type":"log","timestamp":1744303663889,"level":"debug","message":"Converting with chrome Chrome/133.0.6943.126 using chrome-pool strategy","meta":{"rootId":"qi5760tmadnabzv","id":"qi5760tmadnabzv"},"id":"eztdunrffhjmuof","previousOperationId":"g2bh1axg0zlg0po"}
{"type":"log","timestamp":1744303663961,"level":"debug","message":"Page request: GET (document) file:///C:/Users/Patheo24/AppData/Local/Temp/jsreport/autocleanup/fca8cb57-0818-45a2-b74f-8b6986d50262-chrome-pdf.html","meta":{"rootId":"qi5760tmadnabzv","id":"qi5760tmadnabzv"},"id":"228hlx2kbon7p2q","previousOperationId":"g2bh1axg0zlg0po"}
{"type":"log","timestamp":1744303663978,"level":"debug","message":"Page request finished: GET (document) 200 file:///C:/Users/Patheo24/AppData/Local/Temp/jsreport/autocleanup/fca8cb57-0818-45a2-b74f-8b6986d50262-chrome-pdf.html","meta":{"rootId":"qi5760tmadnabzv","id":"qi5760tmadnabzv"},"id":"dd735iksy088qul","previousOperationId":"g2bh1axg0zlg0po"}
{"type":"log","timestamp":1744303663980,"level":"debug","message":"Page request: GET (image) https://res.cloudinary.com/dpes1dyqb/image/upload/v1738768933/logo_myycxt.jpg","meta":{"rootId":"qi5760tmadnabzv","id":"qi5760tmadnabzv"},"id":"dy10xkveidthzxi","previousOperationId":"g2bh1axg0zlg0po"}
{"type":"log","timestamp":1744303663980,"level":"debug","message":"Page request: GET (font) http://localhost:5488/fonts/kalpurush.ttf","meta":{"rootId":"qi5760tmadnabzv","id":"qi5760tmadnabzv"},"id":"4nin7rko5ob0jex","previousOperationId":"g2bh1axg0zlg0po"}
{"type":"log","timestamp":1744303663988,"level":"debug","message":"Page request: GET (font) http://localhost:5488/fonts/kalpurush.ttf","meta":{"rootId":"qi5760tmadnabzv","id":"qi5760tmadnabzv"},"id":"op4ac6es6v3ry7m","previousOperationId":"g2bh1axg0zlg0po"}
{"type":"log","timestamp":1744303664003,"level":"debug","message":"(console:error) Failed to load resource: the server responded with a status of 404 (Not Found)","meta":{"userLevel":true,"rootId":"qi5760tmadnabzv","id":"qi5760tmadnabzv"},"id":"6p7r3nho9q5zsp3","previousOperationId":"g2bh1axg0zlg0po"}
{"type":"log","timestamp":1744303664003,"level":"warn","message":"Page request failed: GET (font) http://localhost:5488/fonts/kalpurush.ttf, failure: net::ERR_ABORTED","meta":{"rootId":"qi5760tmadnabzv","id":"qi5760tmadnabzv"},"id":"o6q01tc4br5ftwg","previousOperationId":"g2bh1axg0zlg0po"}
{"type":"log","timestamp":1744303664128,"level":"debug","message":"Page request finished: GET (image) 200 https://res.cloudinary.com/dpes1dyqb/image/upload/v1738768933/logo_myycxt.jpg","meta":{"rootId":"qi5760tmadnabzv","id":"qi5760tmadnabzv"},"id":"hivnv5j0iofomqh","previousOperationId":"g2bh1axg0zlg0po"}
{"type":"log","timestamp":1744303664132,"level":"debug","message":"Running chrome with params {\"printBackground\":true,\"format\":\"A5\",\"marginRight\":\"\",\"height\":\"\",\"marginTop\":\"\",\"marginBottom\":\"\",\"marginLeft\":\"\",\"displayHeaderFooter\":true,\"width\":\"\",\"timeout\":59786,\"margin\":{\"top\":\"\",\"right\":\"\",\"bottom\":\"\",\"left\":\"\"}}","meta":{"rootId":"qi5760tmadnabzv","id":"qi5760tmadnabzv"},"id":"rfc6b52tceg33cs","previousOperationId":"g2bh1axg0zlg0po"}
{"type":"operationEnd","operationId":"g2bh1axg0zlg0po","timestamp":1744303664524,"id":"u7cprz40b1mqvcb","previousEventId":"8br95zun3y3rbr7","previousOperationId":"g2bh1axg0zlg0po"}
{"type":"log","timestamp":1744303664524,"level":"debug","message":"Skipping storing report.","meta":{"rootId":"qi5760tmadnabzv","id":"qi5760tmadnabzv"},"id":"hymf4p4id5ip9gj","previousOperationId":"g2bh1axg0zlg0po"}
{"type":"log","timestamp":1744303664524,"level":"info","message":"Rendering request 34 finished in 1962 ms","meta":{"rootId":"qi5760tmadnabzv","id":"qi5760tmadnabzv"},"id":"vnbn94v1oahqrxn","previousOperationId":"g2bh1axg0zlg0po"}
{"type":"operationEnd","subtype":"render","operationId":"d1o2xvbfg7jmuby","timestamp":1744303664525,"id":"d58x5qdfx1ds45l","previousEventId":"u7cprz40b1mqvcb","previousOperationId":"g2bh1axg0zlg0po"}
{"type":"operationEnd","doDiffs":false,"previousEventId":"ycgu10i3r7286h2","previousOperationId":"p5cun8561u4scur","operationId":"p5cun8561u4scur","timestamp":1744303664527,"id":"0637dxbzh6udll3"}
