{"type":"operationStart","subtype":"profile","data":{"_id":"tGj3Hto1mrvDY6P2","timestamp":"2025-04-09T14:06:47.804Z","state":"queued","mode":"standard","creationDate":"2025-04-09T14:06:47.806Z","modificationDate":"2025-04-09T14:06:47.806Z","shortid":"OQI9h2H","$entitySet":"profiles"},"doDiffs":false,"timestamp":1744207607805,"id":"v4j0va213ou1a1g","previousOperationId":null,"operationId":"ps6p0v7xqxzz2aj"}
{"type":"log","level":"info","message":"Render request 67 queued for execution and waiting for available worker","previousOperationId":"ps6p0v7xqxzz2aj","timestamp":1744207607806,"id":"e19g7h45on5qwxl"}
{"type":"operationStart","subtype":"render","name":"myTemplate","previousOperationId":"ps6p0v7xqxzz2aj","timestamp":1744207607816,"id":"pazj3aqkxlcgdpx","previousEventId":"v4j0va213ou1a1g","operationId":"m70fm2nt8bchyys"}
{"type":"log","timestamp":1744207607816,"level":"info","message":"Starting rendering request 67","meta":{"rootId":"qopazn2e5m23p6r","id":"qopazn2e5m23p6r"},"id":"jsivp7hbsi0l8e6","previousOperationId":"m70fm2nt8bchyys"}
{"type":"log","timestamp":1744207607816,"level":"info","message":"Rendering template { name: myTemplate, recipe: chrome-pdf, engine: handlebars, preview: true }","meta":{"rootId":"qopazn2e5m23p6r","id":"qopazn2e5m23p6r"},"id":"397g51pqizsag9p","previousOperationId":"m70fm2nt8bchyys"}
{"type":"log","timestamp":1744207607820,"level":"debug","message":"Adding sample data HUavgV0Kc","meta":{"rootId":"qopazn2e5m23p6r","id":"qopazn2e5m23p6r"},"id":"s0xxva05te549bl","previousOperationId":"m70fm2nt8bchyys"}
{"type":"log","timestamp":1744207607826,"level":"debug","message":"Base url not specified, skipping its injection.","meta":{"rootId":"qopazn2e5m23p6r","id":"qopazn2e5m23p6r"},"id":"d6akxnsf23jh87f","previousOperationId":"m70fm2nt8bchyys"}
{"type":"operationStart","subtype":"engine","name":"handlebars","timestamp":1744207607826,"id":"5x4vf3ubew1fa8c","previousEventId":"pazj3aqkxlcgdpx","operationId":"ybbx8r330wwfdp1","previousOperationId":"m70fm2nt8bchyys"}
{"type":"log","timestamp":1744207607826,"level":"debug","message":"Rendering engine handlebars","meta":{"rootId":"qopazn2e5m23p6r","id":"qopazn2e5m23p6r"},"id":"f6dauyfx52oue6n","previousOperationId":"ybbx8r330wwfdp1"}
{"type":"operationEnd","operationId":"ybbx8r330wwfdp1","timestamp":1744207607838,"id":"bv39djx08df23r9","previousEventId":"5x4vf3ubew1fa8c","previousOperationId":"ybbx8r330wwfdp1"}
{"type":"operationStart","subtype":"recipe","name":"chrome-pdf","timestamp":1744207607840,"id":"6hor6nhnu72ifa0","previousEventId":"bv39djx08df23r9","operationId":"hwburv0euo029hg","previousOperationId":"ybbx8r330wwfdp1"}
{"type":"log","timestamp":1744207607840,"level":"debug","message":"Executing recipe chrome-pdf","meta":{"rootId":"qopazn2e5m23p6r","id":"qopazn2e5m23p6r"},"id":"q06kiswokxng65e","previousOperationId":"hwburv0euo029hg"}
{"type":"log","timestamp":1744207607844,"level":"debug","message":"Converting with chrome Chrome/133.0.6943.126 using chrome-pool strategy","meta":{"rootId":"qopazn2e5m23p6r","id":"qopazn2e5m23p6r"},"id":"d7t8ss9of2oqd9o","previousOperationId":"hwburv0euo029hg"}
{"type":"log","timestamp":1744207607923,"level":"debug","message":"Page request: GET (document) file:///C:/Users/Patheo24/AppData/Local/Temp/jsreport/autocleanup/aa1907d6-fb95-474d-88ec-b91b6b93a9d5-chrome-pdf.html","meta":{"rootId":"qopazn2e5m23p6r","id":"qopazn2e5m23p6r"},"id":"rkhuf4f63nra38z","previousOperationId":"hwburv0euo029hg"}
{"type":"log","timestamp":1744207607957,"level":"debug","message":"Page request finished: GET (document) 200 file:///C:/Users/Patheo24/AppData/Local/Temp/jsreport/autocleanup/aa1907d6-fb95-474d-88ec-b91b6b93a9d5-chrome-pdf.html","meta":{"rootId":"qopazn2e5m23p6r","id":"qopazn2e5m23p6r"},"id":"m88w7qv21ue0trm","previousOperationId":"hwburv0euo029hg"}
{"type":"log","timestamp":1744207607959,"level":"debug","message":"Page request: GET (font) http://localhost:5488/fonts/kalpurush.ttf","meta":{"rootId":"qopazn2e5m23p6r","id":"qopazn2e5m23p6r"},"id":"hlrbvfwe8z5zgc7","previousOperationId":"hwburv0euo029hg"}
{"type":"log","timestamp":1744207607960,"level":"debug","message":"Page request: GET (image) https://res.cloudinary.com/dpes1dyqb/image/upload/v1738768933/logo_myycxt.jpg","meta":{"rootId":"qopazn2e5m23p6r","id":"qopazn2e5m23p6r"},"id":"5vl57gua46nyyt4","previousOperationId":"hwburv0euo029hg"}
{"type":"log","timestamp":1744207608019,"level":"debug","message":"Page request: GET (font) http://localhost:5488/fonts/kalpurush.ttf","meta":{"rootId":"qopazn2e5m23p6r","id":"qopazn2e5m23p6r"},"id":"mxxpg878tmm9zm6","previousOperationId":"hwburv0euo029hg"}
{"type":"log","timestamp":1744207608020,"level":"debug","message":"Page request finished: GET (image) 200 https://res.cloudinary.com/dpes1dyqb/image/upload/v1738768933/logo_myycxt.jpg","meta":{"rootId":"qopazn2e5m23p6r","id":"qopazn2e5m23p6r"},"id":"8zuo4h25m5nnomm","previousOperationId":"hwburv0euo029hg"}
{"type":"log","timestamp":1744207608051,"level":"debug","message":"(console:error) Failed to load resource: the server responded with a status of 404 (Not Found)","meta":{"userLevel":true,"rootId":"qopazn2e5m23p6r","id":"qopazn2e5m23p6r"},"id":"1vt6n9azqcsnm9a","previousOperationId":"hwburv0euo029hg"}
{"type":"log","timestamp":1744207608051,"level":"warn","message":"Page request failed: GET (font) http://localhost:5488/fonts/kalpurush.ttf, failure: net::ERR_ABORTED","meta":{"rootId":"qopazn2e5m23p6r","id":"qopazn2e5m23p6r"},"id":"grrq1sehkzm6cne","previousOperationId":"hwburv0euo029hg"}
{"type":"log","timestamp":1744207608062,"level":"debug","message":"Running chrome with params {\"printBackground\":true,\"format\":\"A5\",\"marginRight\":\"\",\"timeout\":59961,\"margin\":{\"right\":\"\"}}","meta":{"rootId":"qopazn2e5m23p6r","id":"qopazn2e5m23p6r"},"id":"stkoncsnu5edvun","previousOperationId":"hwburv0euo029hg"}
{"type":"operationEnd","operationId":"hwburv0euo029hg","timestamp":1744207608392,"id":"heupk3i3r2325mi","previousEventId":"6hor6nhnu72ifa0","previousOperationId":"hwburv0euo029hg"}
{"type":"log","timestamp":1744207608392,"level":"debug","message":"Skipping storing report.","meta":{"rootId":"qopazn2e5m23p6r","id":"qopazn2e5m23p6r"},"id":"1ss1i7rrgrmfgyf","previousOperationId":"hwburv0euo029hg"}
{"type":"log","timestamp":1744207608392,"level":"info","message":"Rendering request 67 finished in 588 ms","meta":{"rootId":"qopazn2e5m23p6r","id":"qopazn2e5m23p6r"},"id":"y1z9l96hphkqg54","previousOperationId":"hwburv0euo029hg"}
{"type":"operationEnd","subtype":"render","operationId":"m70fm2nt8bchyys","timestamp":1744207608392,"id":"gcucs87xcsuv2cq","previousEventId":"heupk3i3r2325mi","previousOperationId":"hwburv0euo029hg"}
{"type":"operationEnd","doDiffs":false,"previousEventId":"v4j0va213ou1a1g","previousOperationId":"ps6p0v7xqxzz2aj","operationId":"ps6p0v7xqxzz2aj","timestamp":1744207608396,"id":"2awcfco8lnxj4ae"}
