{"type":"operationStart","subtype":"profile","data":{"_id":"KTtXnv2pcQs149gN","timestamp":"2025-04-09T12:19:34.002Z","state":"queued","mode":"standard","creationDate":"2025-04-09T12:19:34.006Z","modificationDate":"2025-04-09T12:19:34.006Z","shortid":"Mk3UHqY","$entitySet":"profiles"},"doDiffs":false,"timestamp":1744201174004,"id":"52ilyhshk6xfk6p","previousOperationId":null,"operationId":"uusyi9niyouo4hv"}
{"type":"log","level":"info","message":"Render request 44 queued for execution and waiting for available worker","previousOperationId":"uusyi9niyouo4hv","timestamp":1744201174005,"id":"iizv77lxctn3d2t"}
{"type":"operationStart","subtype":"render","name":"myTemplate","previousOperationId":"uusyi9niyouo4hv","timestamp":1744201174022,"id":"584dmrq9kjbcyj2","previousEventId":"52ilyhshk6xfk6p","operationId":"a43xps3zl83mn5q"}
{"type":"log","timestamp":1744201174023,"level":"info","message":"Starting rendering request 44","meta":{"rootId":"qoyba58qfg4led8","id":"qoyba58qfg4led8"},"id":"wshyh8sbruhistf","previousOperationId":"a43xps3zl83mn5q"}
{"type":"log","timestamp":1744201174023,"level":"info","message":"Rendering template { name: myTemplate, recipe: chrome-pdf, engine: handlebars, preview: false }","meta":{"rootId":"qoyba58qfg4led8","id":"qoyba58qfg4led8"},"id":"xv4ft2nf63mymh4","previousOperationId":"a43xps3zl83mn5q"}
{"type":"log","timestamp":1744201174026,"level":"debug","message":"Inline data specified.","meta":{"rootId":"qoyba58qfg4led8","id":"qoyba58qfg4led8"},"id":"cq3gqhbzmtknyzg","previousOperationId":"a43xps3zl83mn5q"}
{"type":"log","timestamp":1744201174038,"level":"debug","message":"Base url not specified, skipping its injection.","meta":{"rootId":"qoyba58qfg4led8","id":"qoyba58qfg4led8"},"id":"l2hqxsxcg3drhdm","previousOperationId":"a43xps3zl83mn5q"}
{"type":"operationStart","subtype":"engine","name":"handlebars","timestamp":1744201174043,"id":"i7vghq6m4uqdgfp","previousEventId":"584dmrq9kjbcyj2","operationId":"g2ghsxoqq41mtpt","previousOperationId":"a43xps3zl83mn5q"}
{"type":"log","timestamp":1744201174043,"level":"debug","message":"Rendering engine handlebars","meta":{"rootId":"qoyba58qfg4led8","id":"qoyba58qfg4led8"},"id":"wrc2ab6hm4w8bc5","previousOperationId":"g2ghsxoqq41mtpt"}
{"type":"operationEnd","operationId":"g2ghsxoqq41mtpt","timestamp":1744201174082,"id":"vidmb23mzgcqv12","previousEventId":"i7vghq6m4uqdgfp","previousOperationId":"g2ghsxoqq41mtpt"}
{"type":"operationStart","subtype":"recipe","name":"chrome-pdf","timestamp":1744201174082,"id":"gpqgb264gbsy6bw","previousEventId":"vidmb23mzgcqv12","operationId":"ixpclgf4ts5qkgd","previousOperationId":"g2ghsxoqq41mtpt"}
{"type":"log","timestamp":1744201174082,"level":"debug","message":"Executing recipe chrome-pdf","meta":{"rootId":"qoyba58qfg4led8","id":"qoyba58qfg4led8"},"id":"1r723kzjznbxcd6","previousOperationId":"ixpclgf4ts5qkgd"}
{"type":"log","timestamp":1744201174145,"level":"debug","message":"Converting with chrome Chrome/133.0.6943.126 using chrome-pool strategy","meta":{"rootId":"qoyba58qfg4led8","id":"qoyba58qfg4led8"},"id":"exlu95kg7u2l70u","previousOperationId":"ixpclgf4ts5qkgd"}
{"type":"log","timestamp":1744201174942,"level":"debug","message":"Page request: GET (document) file:///C:/Users/Patheo24/AppData/Local/Temp/jsreport/autocleanup/606634aa-1668-470e-948a-a1430a4ecf18-chrome-pdf.html","meta":{"rootId":"qoyba58qfg4led8","id":"qoyba58qfg4led8"},"id":"aj5ekv1mk5cwxcn","previousOperationId":"ixpclgf4ts5qkgd"}
{"type":"log","timestamp":1744201174966,"level":"debug","message":"Page request finished: GET (document) 200 file:///C:/Users/Patheo24/AppData/Local/Temp/jsreport/autocleanup/606634aa-1668-470e-948a-a1430a4ecf18-chrome-pdf.html","meta":{"rootId":"qoyba58qfg4led8","id":"qoyba58qfg4led8"},"id":"68vuse2mb6y7fhd","previousOperationId":"ixpclgf4ts5qkgd"}
{"type":"log","timestamp":1744201174966,"level":"debug","message":"(console:info) Slow network is detected. See https://www.chromestatus.com/feature/5636954674692096 for more details. Fallback font will be used while loading: http://localhost:5488/fonts/kalpurush.ttf","meta":{"userLevel":true,"rootId":"qoyba58qfg4led8","id":"qoyba58qfg4led8"},"id":"tnuktt0bffkt43w","previousOperationId":"ixpclgf4ts5qkgd"}
{"type":"log","timestamp":1744201174967,"level":"debug","message":"Page request: GET (font) http://localhost:5488/fonts/kalpurush.ttf","meta":{"rootId":"qoyba58qfg4led8","id":"qoyba58qfg4led8"},"id":"40i3lw0vxyuandf","previousOperationId":"ixpclgf4ts5qkgd"}
{"type":"log","timestamp":1744201175004,"level":"debug","message":"Page request: GET (font) http://localhost:5488/fonts/kalpurush.ttf","meta":{"rootId":"qoyba58qfg4led8","id":"qoyba58qfg4led8"},"id":"7nqs0en4tn5sdyn","previousOperationId":"ixpclgf4ts5qkgd"}
{"type":"log","timestamp":1744201175010,"level":"debug","message":"(console:error) Failed to load resource: the server responded with a status of 404 (Not Found)","meta":{"userLevel":true,"rootId":"qoyba58qfg4led8","id":"qoyba58qfg4led8"},"id":"uoiluc4s0rkm8e0","previousOperationId":"ixpclgf4ts5qkgd"}
{"type":"log","timestamp":1744201175010,"level":"warn","message":"Page request failed: GET (font) http://localhost:5488/fonts/kalpurush.ttf, failure: net::ERR_ABORTED","meta":{"rootId":"qoyba58qfg4led8","id":"qoyba58qfg4led8"},"id":"pzvni6d69rgfk49","previousOperationId":"ixpclgf4ts5qkgd"}
{"type":"log","timestamp":1744201175013,"level":"debug","message":"Running chrome with params {\"printBackground\":true,\"timeout\":59858,\"margin\":{}}","meta":{"rootId":"qoyba58qfg4led8","id":"qoyba58qfg4led8"},"id":"vx8zboqru6jyqby","previousOperationId":"ixpclgf4ts5qkgd"}
{"type":"operationEnd","operationId":"ixpclgf4ts5qkgd","timestamp":1744201175176,"id":"8m1tkg3ep0cc01x","previousEventId":"gpqgb264gbsy6bw","previousOperationId":"ixpclgf4ts5qkgd"}
{"type":"log","timestamp":1744201175176,"level":"debug","message":"Skipping storing report.","meta":{"rootId":"qoyba58qfg4led8","id":"qoyba58qfg4led8"},"id":"76hee425eb7cw62","previousOperationId":"ixpclgf4ts5qkgd"}
{"type":"log","timestamp":1744201175176,"level":"info","message":"Rendering request 44 finished in 1178 ms","meta":{"rootId":"qoyba58qfg4led8","id":"qoyba58qfg4led8"},"id":"rnyoezfgn0ss8wt","previousOperationId":"ixpclgf4ts5qkgd"}
{"type":"operationEnd","subtype":"render","operationId":"a43xps3zl83mn5q","timestamp":1744201175176,"id":"my3epp9av56sx9h","previousEventId":"8m1tkg3ep0cc01x","previousOperationId":"ixpclgf4ts5qkgd"}
{"type":"operationEnd","doDiffs":false,"previousEventId":"52ilyhshk6xfk6p","previousOperationId":"uusyi9niyouo4hv","operationId":"uusyi9niyouo4hv","timestamp":1744201175178,"id":"gant2jlg3ofz9hl"}
