{"type":"operationStart","subtype":"profile","data":{"_id":"XZIKbP1YNYr8NntG","timestamp":"2025-04-10T13:17:44.683Z","state":"queued","mode":"standard","creationDate":"2025-04-10T13:17:44.684Z","modificationDate":"2025-04-10T13:17:44.684Z","shortid":"oDSzRe4","$entitySet":"profiles"},"doDiffs":false,"timestamp":1744291064684,"id":"umhcnc8ozietvuy","previousOperationId":null,"operationId":"4qxh9syehd102y8"}
{"type":"log","level":"info","message":"Render request 20 queued for execution and waiting for available worker","previousOperationId":"4qxh9syehd102y8","timestamp":1744291064684,"id":"0g6oi0m29dxwvts"}
{"type":"operationStart","subtype":"render","name":"myTemplate","previousOperationId":"4qxh9syehd102y8","timestamp":1744291064699,"id":"g4actttoie54m1f","previousEventId":"umhcnc8ozietvuy","operationId":"vbs7b6ow6t3x80x"}
{"type":"log","timestamp":1744291064699,"level":"info","message":"Starting rendering request 20","meta":{"rootId":"qq28xae3b9jdm51","id":"qq28xae3b9jdm51"},"id":"59l9ut3zc58hj5j","previousOperationId":"vbs7b6ow6t3x80x"}
{"type":"log","timestamp":1744291064699,"level":"info","message":"Rendering template { name: myTemplate, recipe: chrome-pdf, engine: handlebars, preview: true }","meta":{"rootId":"qq28xae3b9jdm51","id":"qq28xae3b9jdm51"},"id":"3ord6ft2mbd6lzf","previousOperationId":"vbs7b6ow6t3x80x"}
{"type":"log","timestamp":1744291064700,"level":"debug","message":"Adding sample data HUavgV0Kc","meta":{"rootId":"qq28xae3b9jdm51","id":"qq28xae3b9jdm51"},"id":"aj05zwfzdcp4gca","previousOperationId":"vbs7b6ow6t3x80x"}
{"type":"log","timestamp":1744291064701,"level":"debug","message":"Base url not specified, skipping its injection.","meta":{"rootId":"qq28xae3b9jdm51","id":"qq28xae3b9jdm51"},"id":"wfmax1rq92ogdpn","previousOperationId":"vbs7b6ow6t3x80x"}
{"type":"operationStart","subtype":"engine","name":"handlebars","timestamp":1744291064701,"id":"qccsmjht68ae0og","previousEventId":"g4actttoie54m1f","operationId":"eufz0hc65ss7fi9","previousOperationId":"vbs7b6ow6t3x80x"}
{"type":"log","timestamp":1744291064701,"level":"debug","message":"Rendering engine handlebars","meta":{"rootId":"qq28xae3b9jdm51","id":"qq28xae3b9jdm51"},"id":"5wqz39retal9mye","previousOperationId":"eufz0hc65ss7fi9"}
{"type":"operationEnd","operationId":"eufz0hc65ss7fi9","timestamp":1744291064734,"id":"0kggwe1t4m90psh","previousEventId":"qccsmjht68ae0og","previousOperationId":"eufz0hc65ss7fi9"}
{"type":"operationStart","subtype":"recipe","name":"chrome-pdf","timestamp":1744291064734,"id":"7e6a5vknm8rk6qc","previousEventId":"0kggwe1t4m90psh","operationId":"h89qr0ga4u65ahn","previousOperationId":"eufz0hc65ss7fi9"}
{"type":"log","timestamp":1744291064734,"level":"debug","message":"Executing recipe chrome-pdf","meta":{"rootId":"qq28xae3b9jdm51","id":"qq28xae3b9jdm51"},"id":"nk0uffwl6f8xdyq","previousOperationId":"h89qr0ga4u65ahn"}
{"type":"log","timestamp":1744291064738,"level":"debug","message":"Converting with chrome Chrome/133.0.6943.126 using chrome-pool strategy","meta":{"rootId":"qq28xae3b9jdm51","id":"qq28xae3b9jdm51"},"id":"84kcnf5qmvqxb4i","previousOperationId":"h89qr0ga4u65ahn"}
{"type":"log","timestamp":1744291064809,"level":"debug","message":"Page request: GET (document) file:///C:/Users/Patheo24/AppData/Local/Temp/jsreport/autocleanup/f9620770-8735-47b3-b50a-d6393fd41a49-chrome-pdf.html","meta":{"rootId":"qq28xae3b9jdm51","id":"qq28xae3b9jdm51"},"id":"gni6lzzrdryq6ls","previousOperationId":"h89qr0ga4u65ahn"}
{"type":"log","timestamp":1744291064832,"level":"debug","message":"Page request finished: GET (document) 200 file:///C:/Users/Patheo24/AppData/Local/Temp/jsreport/autocleanup/f9620770-8735-47b3-b50a-d6393fd41a49-chrome-pdf.html","meta":{"rootId":"qq28xae3b9jdm51","id":"qq28xae3b9jdm51"},"id":"keconqsjhpi6sb7","previousOperationId":"h89qr0ga4u65ahn"}
{"type":"log","timestamp":1744291064834,"level":"debug","message":"Page request: GET (font) http://localhost:5488/fonts/kalpurush.ttf","meta":{"rootId":"qq28xae3b9jdm51","id":"qq28xae3b9jdm51"},"id":"8cmrwb2vhvpufm6","previousOperationId":"h89qr0ga4u65ahn"}
{"type":"log","timestamp":1744291064835,"level":"debug","message":"Page request: GET (image) https://res.cloudinary.com/dpes1dyqb/image/upload/v1738768933/logo_myycxt.jpg","meta":{"rootId":"qq28xae3b9jdm51","id":"qq28xae3b9jdm51"},"id":"nvi671st37n5vn7","previousOperationId":"h89qr0ga4u65ahn"}
{"type":"log","timestamp":1744291064902,"level":"debug","message":"Page request: GET (font) http://localhost:5488/fonts/kalpurush.ttf","meta":{"rootId":"qq28xae3b9jdm51","id":"qq28xae3b9jdm51"},"id":"lckwz47np2e4ga3","previousOperationId":"h89qr0ga4u65ahn"}
{"type":"log","timestamp":1744291064904,"level":"debug","message":"Page request finished: GET (image) 200 https://res.cloudinary.com/dpes1dyqb/image/upload/v1738768933/logo_myycxt.jpg","meta":{"rootId":"qq28xae3b9jdm51","id":"qq28xae3b9jdm51"},"id":"bkedg6ql2k1w8e6","previousOperationId":"h89qr0ga4u65ahn"}
{"type":"log","timestamp":1744291064912,"level":"debug","message":"(console:error) Failed to load resource: the server responded with a status of 404 (Not Found)","meta":{"userLevel":true,"rootId":"qq28xae3b9jdm51","id":"qq28xae3b9jdm51"},"id":"r00npt454etda0v","previousOperationId":"h89qr0ga4u65ahn"}
{"type":"log","timestamp":1744291064913,"level":"warn","message":"Page request failed: GET (font) http://localhost:5488/fonts/kalpurush.ttf, failure: net::ERR_ABORTED","meta":{"rootId":"qq28xae3b9jdm51","id":"qq28xae3b9jdm51"},"id":"t97zy2fwgvxbq8a","previousOperationId":"h89qr0ga4u65ahn"}
{"type":"log","timestamp":1744291064925,"level":"debug","message":"Running chrome with params {\"printBackground\":true,\"format\":\"A5\",\"marginRight\":\"\",\"height\":\"\",\"marginTop\":\"\",\"marginBottom\":\"\",\"marginLeft\":\"\",\"displayHeaderFooter\":true,\"width\":\"\",\"timeout\":59946,\"margin\":{\"top\":\"\",\"right\":\"\",\"bottom\":\"\",\"left\":\"\"}}","meta":{"rootId":"qq28xae3b9jdm51","id":"qq28xae3b9jdm51"},"id":"hyu48nr9fmr7x8q","previousOperationId":"h89qr0ga4u65ahn"}
{"type":"operationEnd","operationId":"h89qr0ga4u65ahn","timestamp":1744291065242,"id":"rws0psujuy78v32","previousEventId":"7e6a5vknm8rk6qc","previousOperationId":"h89qr0ga4u65ahn"}
{"type":"log","timestamp":1744291065242,"level":"debug","message":"Skipping storing report.","meta":{"rootId":"qq28xae3b9jdm51","id":"qq28xae3b9jdm51"},"id":"zwf218c6gqbl3gk","previousOperationId":"h89qr0ga4u65ahn"}
{"type":"log","timestamp":1744291065242,"level":"info","message":"Rendering request 20 finished in 560 ms","meta":{"rootId":"qq28xae3b9jdm51","id":"qq28xae3b9jdm51"},"id":"7fxnfx7xnxsryyk","previousOperationId":"h89qr0ga4u65ahn"}
{"type":"operationEnd","subtype":"render","operationId":"vbs7b6ow6t3x80x","timestamp":1744291065242,"id":"pqm2p9u52zmes3b","previousEventId":"rws0psujuy78v32","previousOperationId":"h89qr0ga4u65ahn"}
{"type":"operationEnd","doDiffs":false,"previousEventId":"umhcnc8ozietvuy","previousOperationId":"4qxh9syehd102y8","operationId":"4qxh9syehd102y8","timestamp":1744291065248,"id":"urvv8pn40o49inn"}
