{"type":"operationStart","subtype":"profile","data":{"_id":"ZL7clorIrIFieBBk","timestamp":"2025-04-09T09:11:30.955Z","state":"queued","mode":"standard","creationDate":"2025-04-09T09:11:30.958Z","modificationDate":"2025-04-09T09:11:30.958Z","shortid":"StrIZvY","$entitySet":"profiles"},"doDiffs":false,"timestamp":1744189890957,"id":"frznz83csr19uyg","previousOperationId":null,"operationId":"g88lgte9itnogdm"}
{"type":"log","level":"info","message":"Render request 46 queued for execution and waiting for available worker","previousOperationId":"g88lgte9itnogdm","timestamp":1744189890957,"id":"7yicpo5y2zh9285"}
{"type":"operationStart","subtype":"render","name":"myTemplate","previousOperationId":"g88lgte9itnogdm","timestamp":1744189890975,"id":"7bspxznou5gc5x2","previousEventId":"frznz83csr19uyg","operationId":"wlingdg1byn09mc"}
{"type":"log","timestamp":1744189890975,"level":"info","message":"Starting rendering request 46","meta":{"rootId":"qs5hachxjqnrs59","id":"qs5hachxjqnrs59"},"id":"su6qau522gwx3sr","previousOperationId":"wlingdg1byn09mc"}
{"type":"log","timestamp":1744189890975,"level":"info","message":"Rendering template { name: myTemplate, recipe: chrome-pdf, engine: handlebars, preview: false }","meta":{"rootId":"qs5hachxjqnrs59","id":"qs5hachxjqnrs59"},"id":"bo77req611l1hrg","previousOperationId":"wlingdg1byn09mc"}
{"type":"log","timestamp":1744189890976,"level":"debug","message":"Inline data specified.","meta":{"rootId":"qs5hachxjqnrs59","id":"qs5hachxjqnrs59"},"id":"hx2a3q4wys1chhz","previousOperationId":"wlingdg1byn09mc"}
{"type":"log","timestamp":1744189890978,"level":"debug","message":"Base url not specified, skipping its injection.","meta":{"rootId":"qs5hachxjqnrs59","id":"qs5hachxjqnrs59"},"id":"xila2scxjinbqd6","previousOperationId":"wlingdg1byn09mc"}
{"type":"operationStart","subtype":"engine","name":"handlebars","timestamp":1744189890978,"id":"xwyfae527zx020r","previousEventId":"7bspxznou5gc5x2","operationId":"4y6qbso3960kc1y","previousOperationId":"wlingdg1byn09mc"}
{"type":"log","timestamp":1744189890978,"level":"debug","message":"Rendering engine handlebars","meta":{"rootId":"qs5hachxjqnrs59","id":"qs5hachxjqnrs59"},"id":"qko1ebjjfkg4rct","previousOperationId":"4y6qbso3960kc1y"}
{"type":"operationEnd","operationId":"4y6qbso3960kc1y","timestamp":1744189891000,"id":"s7mx0uhoxswgcop","previousEventId":"xwyfae527zx020r","previousOperationId":"4y6qbso3960kc1y"}
{"type":"operationStart","subtype":"recipe","name":"chrome-pdf","timestamp":1744189891000,"id":"rp4j0glitextcs7","previousEventId":"s7mx0uhoxswgcop","operationId":"njf5j493gdqn1se","previousOperationId":"4y6qbso3960kc1y"}
{"type":"log","timestamp":1744189891000,"level":"debug","message":"Executing recipe chrome-pdf","meta":{"rootId":"qs5hachxjqnrs59","id":"qs5hachxjqnrs59"},"id":"wffh7gqlonb429p","previousOperationId":"njf5j493gdqn1se"}
{"type":"log","timestamp":1744189892108,"level":"debug","message":"Converting with chrome Chrome/133.0.6943.126 using chrome-pool strategy","meta":{"rootId":"qs5hachxjqnrs59","id":"qs5hachxjqnrs59"},"id":"m2slkrxjkzfbr0a","previousOperationId":"njf5j493gdqn1se"}
{"type":"log","timestamp":1744189892192,"level":"debug","message":"Page request: GET (document) file:///C:/Users/Patheo24/AppData/Local/Temp/jsreport/autocleanup/58758c03-adcc-45ed-80fd-ec2cb1f4f32d-chrome-pdf.html","meta":{"rootId":"qs5hachxjqnrs59","id":"qs5hachxjqnrs59"},"id":"0rqas1rpvwe67lu","previousOperationId":"njf5j493gdqn1se"}
{"type":"log","timestamp":1744189892207,"level":"debug","message":"Page request finished: GET (document) 200 file:///C:/Users/Patheo24/AppData/Local/Temp/jsreport/autocleanup/58758c03-adcc-45ed-80fd-ec2cb1f4f32d-chrome-pdf.html","meta":{"rootId":"qs5hachxjqnrs59","id":"qs5hachxjqnrs59"},"id":"ssz8bxovt22gojy","previousOperationId":"njf5j493gdqn1se"}
{"type":"log","timestamp":1744189892210,"level":"debug","message":"Page request: GET (font) http://localhost:5488/fonts/kalpurush.ttf","meta":{"rootId":"qs5hachxjqnrs59","id":"qs5hachxjqnrs59"},"id":"eiekgq0ugu6cvyu","previousOperationId":"njf5j493gdqn1se"}
{"type":"log","timestamp":1744189892211,"level":"debug","message":"Page request: GET (font) http://localhost:5488/fonts/kalpurush.ttf","meta":{"rootId":"qs5hachxjqnrs59","id":"qs5hachxjqnrs59"},"id":"rmgpdkoxkxyw6jp","previousOperationId":"njf5j493gdqn1se"}
{"type":"log","timestamp":1744189892219,"level":"debug","message":"(console:error) Failed to load resource: the server responded with a status of 404 (Not Found)","meta":{"userLevel":true,"rootId":"qs5hachxjqnrs59","id":"qs5hachxjqnrs59"},"id":"6x7voc9dpsc09n5","previousOperationId":"njf5j493gdqn1se"}
{"type":"log","timestamp":1744189892219,"level":"warn","message":"Page request failed: GET (font) http://localhost:5488/fonts/kalpurush.ttf, failure: net::ERR_ABORTED","meta":{"rootId":"qs5hachxjqnrs59","id":"qs5hachxjqnrs59"},"id":"mpzbs5671ipbw0u","previousOperationId":"njf5j493gdqn1se"}
{"type":"log","timestamp":1744189892231,"level":"debug","message":"Running chrome with params {\"printBackground\":true,\"timeout\":59953,\"margin\":{}}","meta":{"rootId":"qs5hachxjqnrs59","id":"qs5hachxjqnrs59"},"id":"idm3fjp5pn6hlxj","previousOperationId":"njf5j493gdqn1se"}
{"type":"operationEnd","operationId":"njf5j493gdqn1se","timestamp":1744189892433,"id":"9b45jdt1pat0146","previousEventId":"rp4j0glitextcs7","previousOperationId":"njf5j493gdqn1se"}
{"type":"log","timestamp":1744189892433,"level":"debug","message":"Skipping storing report.","meta":{"rootId":"qs5hachxjqnrs59","id":"qs5hachxjqnrs59"},"id":"oaybs9ov6p1bftm","previousOperationId":"njf5j493gdqn1se"}
{"type":"log","timestamp":1744189892433,"level":"info","message":"Rendering request 46 finished in 1478 ms","meta":{"rootId":"qs5hachxjqnrs59","id":"qs5hachxjqnrs59"},"id":"ydf3rxwl1anlnlz","previousOperationId":"njf5j493gdqn1se"}
{"type":"operationEnd","subtype":"render","operationId":"wlingdg1byn09mc","timestamp":1744189892433,"id":"7lnzxkneb978do4","previousEventId":"9b45jdt1pat0146","previousOperationId":"njf5j493gdqn1se"}
{"type":"operationEnd","doDiffs":false,"previousEventId":"frznz83csr19uyg","previousOperationId":"g88lgte9itnogdm","operationId":"g88lgte9itnogdm","timestamp":1744189892436,"id":"l6mvwbqolsrkgk0"}
