{"type":"operationStart","subtype":"profile","data":{"_id":"2Z2WpxpPklKIBflN","timestamp":"2025-04-11T12:45:46.458Z","state":"queued","mode":"standard","creationDate":"2025-04-11T12:45:46.461Z","modificationDate":"2025-04-11T12:45:46.461Z","shortid":"9geL3j4","$entitySet":"profiles"},"doDiffs":false,"timestamp":1744375546459,"id":"m5dwa67k730fs0t","previousOperationId":null,"operationId":"ar7sgedtqxdy4hz"}
{"type":"log","level":"info","message":"Render request 24 queued for execution and waiting for available worker","previousOperationId":"ar7sgedtqxdy4hz","timestamp":1744375546459,"id":"is6fj11gah9xkni"}
{"type":"operationStart","subtype":"render","name":"myTemplate","previousOperationId":"ar7sgedtqxdy4hz","timestamp":1744375546475,"id":"s3xamhsweumbc4a","previousEventId":"m5dwa67k730fs0t","operationId":"85t2s9661e54m4c"}
{"type":"log","timestamp":1744375546475,"level":"info","message":"Starting rendering request 24","meta":{"rootId":"qsbjrgq3j4tl6og","id":"qsbjrgq3j4tl6og"},"id":"f3hbxktu819272l","previousOperationId":"85t2s9661e54m4c"}
{"type":"log","timestamp":1744375546476,"level":"info","message":"Rendering template { name: myTemplate, recipe: chrome-pdf, engine: handlebars, preview: true }","meta":{"rootId":"qsbjrgq3j4tl6og","id":"qsbjrgq3j4tl6og"},"id":"v54avhqmkotkax8","previousOperationId":"85t2s9661e54m4c"}
{"type":"log","timestamp":1744375546477,"level":"debug","message":"Inline data specified.","meta":{"rootId":"qsbjrgq3j4tl6og","id":"qsbjrgq3j4tl6og"},"id":"wnehipajqxk5r80","previousOperationId":"85t2s9661e54m4c"}
{"type":"log","timestamp":1744375546478,"level":"debug","message":"Base url not specified, skipping its injection.","meta":{"rootId":"qsbjrgq3j4tl6og","id":"qsbjrgq3j4tl6og"},"id":"20vgbimccnjgihc","previousOperationId":"85t2s9661e54m4c"}
{"type":"operationStart","subtype":"engine","name":"handlebars","timestamp":1744375546479,"id":"d0ondg0kbkfvfi5","previousEventId":"s3xamhsweumbc4a","operationId":"kuibl9kdo0cbnjx","previousOperationId":"85t2s9661e54m4c"}
{"type":"log","timestamp":1744375546479,"level":"debug","message":"Rendering engine handlebars","meta":{"rootId":"qsbjrgq3j4tl6og","id":"qsbjrgq3j4tl6og"},"id":"d0iw9po7zjjqsc7","previousOperationId":"kuibl9kdo0cbnjx"}
{"type":"operationEnd","operationId":"kuibl9kdo0cbnjx","timestamp":1744375546499,"id":"a9qt1txuysl49es","previousEventId":"d0ondg0kbkfvfi5","previousOperationId":"kuibl9kdo0cbnjx"}
{"type":"operationStart","subtype":"recipe","name":"chrome-pdf","timestamp":1744375546499,"id":"use6eec3v8lsfvo","previousEventId":"a9qt1txuysl49es","operationId":"hu65vd0gve6hfz5","previousOperationId":"kuibl9kdo0cbnjx"}
{"type":"log","timestamp":1744375546499,"level":"debug","message":"Executing recipe chrome-pdf","meta":{"rootId":"qsbjrgq3j4tl6og","id":"qsbjrgq3j4tl6og"},"id":"6zuswpw0lcs7pih","previousOperationId":"hu65vd0gve6hfz5"}
{"type":"log","timestamp":1744375546501,"level":"debug","message":"Converting with chrome Chrome/133.0.6943.126 using chrome-pool strategy","meta":{"rootId":"qsbjrgq3j4tl6og","id":"qsbjrgq3j4tl6og"},"id":"i43cgm7youwecud","previousOperationId":"hu65vd0gve6hfz5"}
{"type":"log","timestamp":1744375546582,"level":"debug","message":"Page request: GET (document) file:///C:/Users/Patheo24/AppData/Local/Temp/jsreport/autocleanup/7b60929b-ef1f-4f0e-aa9f-781904c47958-chrome-pdf.html","meta":{"rootId":"qsbjrgq3j4tl6og","id":"qsbjrgq3j4tl6og"},"id":"l6qs93anhqcb2z0","previousOperationId":"hu65vd0gve6hfz5"}
{"type":"log","timestamp":1744375546605,"level":"debug","message":"Page request finished: GET (document) 200 file:///C:/Users/Patheo24/AppData/Local/Temp/jsreport/autocleanup/7b60929b-ef1f-4f0e-aa9f-781904c47958-chrome-pdf.html","meta":{"rootId":"qsbjrgq3j4tl6og","id":"qsbjrgq3j4tl6og"},"id":"kutipuckzo5tfya","previousOperationId":"hu65vd0gve6hfz5"}
{"type":"log","timestamp":1744375546606,"level":"debug","message":"Page request: GET (image) https://res.cloudinary.com/dpes1dyqb/image/upload/v1738768933/logo_myycxt.jpg","meta":{"rootId":"qsbjrgq3j4tl6og","id":"qsbjrgq3j4tl6og"},"id":"z3nzeudkh4p735a","previousOperationId":"hu65vd0gve6hfz5"}
{"type":"log","timestamp":1744375546611,"level":"debug","message":"Page request: GET (font) http://localhost:5488/fonts/kalpurush.ttf","meta":{"rootId":"qsbjrgq3j4tl6og","id":"qsbjrgq3j4tl6og"},"id":"8nviruhxntrzy5w","previousOperationId":"hu65vd0gve6hfz5"}
{"type":"log","timestamp":1744375546615,"level":"debug","message":"Page request: GET (font) http://localhost:5488/fonts/kalpurush.ttf","meta":{"rootId":"qsbjrgq3j4tl6og","id":"qsbjrgq3j4tl6og"},"id":"xok3dtz1ww93rwb","previousOperationId":"hu65vd0gve6hfz5"}
{"type":"log","timestamp":1744375546616,"level":"debug","message":"Page request finished: GET (image) 200 https://res.cloudinary.com/dpes1dyqb/image/upload/v1738768933/logo_myycxt.jpg","meta":{"rootId":"qsbjrgq3j4tl6og","id":"qsbjrgq3j4tl6og"},"id":"zb8a9bchnhr7o3i","previousOperationId":"hu65vd0gve6hfz5"}
{"type":"log","timestamp":1744375546669,"level":"debug","message":"(console:error) Failed to load resource: the server responded with a status of 404 (Not Found)","meta":{"userLevel":true,"rootId":"qsbjrgq3j4tl6og","id":"qsbjrgq3j4tl6og"},"id":"kxju1n3kn95mefu","previousOperationId":"hu65vd0gve6hfz5"}
{"type":"log","timestamp":1744375546669,"level":"warn","message":"Page request failed: GET (font) http://localhost:5488/fonts/kalpurush.ttf, failure: net::ERR_ABORTED","meta":{"rootId":"qsbjrgq3j4tl6og","id":"qsbjrgq3j4tl6og"},"id":"wsldtpxcverjt9v","previousOperationId":"hu65vd0gve6hfz5"}
{"type":"log","timestamp":1744375546682,"level":"debug","message":"Running chrome with params {\"printBackground\":true,\"format\":\"A5\",\"marginRight\":\"\",\"height\":\"\",\"marginTop\":\"\",\"marginBottom\":\"\",\"marginLeft\":\"\",\"displayHeaderFooter\":true,\"width\":\"\",\"timeout\":59957,\"margin\":{\"top\":\"\",\"right\":\"\",\"bottom\":\"\",\"left\":\"\"}}","meta":{"rootId":"qsbjrgq3j4tl6og","id":"qsbjrgq3j4tl6og"},"id":"fwxqxc8lpo4zqbk","previousOperationId":"hu65vd0gve6hfz5"}
{"type":"operationEnd","operationId":"hu65vd0gve6hfz5","timestamp":1744375547043,"id":"439nm33gweuyc1x","previousEventId":"use6eec3v8lsfvo","previousOperationId":"hu65vd0gve6hfz5"}
{"type":"log","timestamp":1744375547043,"level":"debug","message":"Skipping storing report.","meta":{"rootId":"qsbjrgq3j4tl6og","id":"qsbjrgq3j4tl6og"},"id":"84ri3au9nl6bbuu","previousOperationId":"hu65vd0gve6hfz5"}
{"type":"log","timestamp":1744375547043,"level":"info","message":"Rendering request 24 finished in 586 ms","meta":{"rootId":"qsbjrgq3j4tl6og","id":"qsbjrgq3j4tl6og"},"id":"onqpgyfxbh7eece","previousOperationId":"hu65vd0gve6hfz5"}
{"type":"operationEnd","subtype":"render","operationId":"85t2s9661e54m4c","timestamp":1744375547043,"id":"2flpm2gg8w6bbxc","previousEventId":"439nm33gweuyc1x","previousOperationId":"hu65vd0gve6hfz5"}
{"type":"operationEnd","doDiffs":false,"previousEventId":"m5dwa67k730fs0t","previousOperationId":"ar7sgedtqxdy4hz","operationId":"ar7sgedtqxdy4hz","timestamp":1744375547048,"id":"sdgihrxk82iajap"}
