{"type":"operationStart","subtype":"profile","data":{"_id":"M2epWK3NgLgej7nq","timestamp":"2025-04-09T09:32:56.643Z","state":"queued","mode":"standard","creationDate":"2025-04-09T09:32:56.645Z","modificationDate":"2025-04-09T09:32:56.645Z","shortid":"BM1Tkws","$entitySet":"profiles"},"doDiffs":false,"timestamp":1744191176644,"id":"zf51ow47vae59ui","previousOperationId":null,"operationId":"c8x194pezdku8n3"}
{"type":"log","level":"info","message":"Render request 54 queued for execution and waiting for available worker","previousOperationId":"c8x194pezdku8n3","timestamp":1744191176644,"id":"l6s27mjuo616hyr"}
{"type":"operationStart","subtype":"render","name":"myTemplate","previousOperationId":"c8x194pezdku8n3","timestamp":1744191176656,"id":"odnk22bs61ypvgt","previousEventId":"zf51ow47vae59ui","operationId":"49ayjl2jrspc38v"}
{"type":"log","timestamp":1744191176656,"level":"info","message":"Starting rendering request 54","meta":{"rootId":"r3d3unsfn540gzv","id":"r3d3unsfn540gzv"},"id":"izvc8y39u6hr7jk","previousOperationId":"49ayjl2jrspc38v"}
{"type":"log","timestamp":1744191176657,"level":"info","message":"Rendering template { name: myTemplate, recipe: chrome-pdf, engine: handlebars, preview: true }","meta":{"rootId":"r3d3unsfn540gzv","id":"r3d3unsfn540gzv"},"id":"6bct6nth55r8uac","previousOperationId":"49ayjl2jrspc38v"}
{"type":"log","timestamp":1744191176657,"level":"debug","message":"Inline data specified.","meta":{"rootId":"r3d3unsfn540gzv","id":"r3d3unsfn540gzv"},"id":"bmh3ofpo4uuc3q0","previousOperationId":"49ayjl2jrspc38v"}
{"type":"log","timestamp":1744191176658,"level":"debug","message":"Base url not specified, skipping its injection.","meta":{"rootId":"r3d3unsfn540gzv","id":"r3d3unsfn540gzv"},"id":"6w1vvz2lg0f69hp","previousOperationId":"49ayjl2jrspc38v"}
{"type":"operationStart","subtype":"engine","name":"handlebars","timestamp":1744191176658,"id":"2dykdroe7ufkxhn","previousEventId":"odnk22bs61ypvgt","operationId":"bs4b7t1u9z7uvba","previousOperationId":"49ayjl2jrspc38v"}
{"type":"log","timestamp":1744191176658,"level":"debug","message":"Rendering engine handlebars","meta":{"rootId":"r3d3unsfn540gzv","id":"r3d3unsfn540gzv"},"id":"mblnyh1xmqaw6c9","previousOperationId":"bs4b7t1u9z7uvba"}
{"type":"operationEnd","operationId":"bs4b7t1u9z7uvba","timestamp":1744191176681,"id":"mq4hps0th72yxod","previousEventId":"2dykdroe7ufkxhn","previousOperationId":"bs4b7t1u9z7uvba"}
{"type":"operationStart","subtype":"recipe","name":"chrome-pdf","timestamp":1744191176681,"id":"3q8685k4b5nb468","previousEventId":"mq4hps0th72yxod","operationId":"tm93j2i9op9ikal","previousOperationId":"bs4b7t1u9z7uvba"}
{"type":"log","timestamp":1744191176681,"level":"debug","message":"Executing recipe chrome-pdf","meta":{"rootId":"r3d3unsfn540gzv","id":"r3d3unsfn540gzv"},"id":"evs924eh1y74yap","previousOperationId":"tm93j2i9op9ikal"}
{"type":"log","timestamp":1744191176688,"level":"debug","message":"Converting with chrome Chrome/133.0.6943.126 using chrome-pool strategy","meta":{"rootId":"r3d3unsfn540gzv","id":"r3d3unsfn540gzv"},"id":"meqond0yvxou4nt","previousOperationId":"tm93j2i9op9ikal"}
{"type":"log","timestamp":1744191176890,"level":"debug","message":"Page request: GET (document) file:///C:/Users/Patheo24/AppData/Local/Temp/jsreport/autocleanup/f28fc866-1f79-4c71-b5f7-0453f29267fb-chrome-pdf.html","meta":{"rootId":"r3d3unsfn540gzv","id":"r3d3unsfn540gzv"},"id":"1z86hqvt8h88xze","previousOperationId":"tm93j2i9op9ikal"}
{"type":"log","timestamp":1744191176916,"level":"debug","message":"Page request finished: GET (document) 200 file:///C:/Users/Patheo24/AppData/Local/Temp/jsreport/autocleanup/f28fc866-1f79-4c71-b5f7-0453f29267fb-chrome-pdf.html","meta":{"rootId":"r3d3unsfn540gzv","id":"r3d3unsfn540gzv"},"id":"7m2re533urt41sq","previousOperationId":"tm93j2i9op9ikal"}
{"type":"log","timestamp":1744191176916,"level":"debug","message":"(console:info) Slow network is detected. See https://www.chromestatus.com/feature/5636954674692096 for more details. Fallback font will be used while loading: http://localhost:5488/fonts/kalpurush.ttf","meta":{"userLevel":true,"rootId":"r3d3unsfn540gzv","id":"r3d3unsfn540gzv"},"id":"fuwlznrwmhsnsxq","previousOperationId":"tm93j2i9op9ikal"}
{"type":"log","timestamp":1744191176917,"level":"debug","message":"Page request: GET (font) http://localhost:5488/fonts/kalpurush.ttf","meta":{"rootId":"r3d3unsfn540gzv","id":"r3d3unsfn540gzv"},"id":"ke7m218bhsf2lm8","previousOperationId":"tm93j2i9op9ikal"}
{"type":"log","timestamp":1744191176918,"level":"debug","message":"Page request: GET (image) https://res.cloudinary.com/dpes1dyqb/image/upload/v1738768933/logo_myycxt.jpg","meta":{"rootId":"r3d3unsfn540gzv","id":"r3d3unsfn540gzv"},"id":"jerkrp79ua53672","previousOperationId":"tm93j2i9op9ikal"}
{"type":"log","timestamp":1744191176976,"level":"debug","message":"Page request: GET (font) http://localhost:5488/fonts/kalpurush.ttf","meta":{"rootId":"r3d3unsfn540gzv","id":"r3d3unsfn540gzv"},"id":"a15rrcan8wv7s3k","previousOperationId":"tm93j2i9op9ikal"}
{"type":"log","timestamp":1744191176984,"level":"debug","message":"(console:error) Failed to load resource: the server responded with a status of 404 (Not Found)","meta":{"userLevel":true,"rootId":"r3d3unsfn540gzv","id":"r3d3unsfn540gzv"},"id":"ijkd3hnksmpz6bd","previousOperationId":"tm93j2i9op9ikal"}
{"type":"log","timestamp":1744191176985,"level":"warn","message":"Page request failed: GET (font) http://localhost:5488/fonts/kalpurush.ttf, failure: net::ERR_ABORTED","meta":{"rootId":"r3d3unsfn540gzv","id":"r3d3unsfn540gzv"},"id":"8vhdovgypqiv4rj","previousOperationId":"tm93j2i9op9ikal"}
{"type":"log","timestamp":1744191177050,"level":"debug","message":"Page request finished: GET (image) 200 https://res.cloudinary.com/dpes1dyqb/image/upload/v1738768933/logo_myycxt.jpg","meta":{"rootId":"r3d3unsfn540gzv","id":"r3d3unsfn540gzv"},"id":"uyt2et2u7fv5116","previousOperationId":"tm93j2i9op9ikal"}
{"type":"log","timestamp":1744191177052,"level":"debug","message":"Running chrome with params {\"printBackground\":true,\"timeout\":59957,\"margin\":{}}","meta":{"rootId":"r3d3unsfn540gzv","id":"r3d3unsfn540gzv"},"id":"a92w9ts9scrdvbc","previousOperationId":"tm93j2i9op9ikal"}
{"type":"operationEnd","operationId":"tm93j2i9op9ikal","timestamp":1744191177367,"id":"md3iy2tcwwjcvkk","previousEventId":"3q8685k4b5nb468","previousOperationId":"tm93j2i9op9ikal"}
{"type":"log","timestamp":1744191177367,"level":"debug","message":"Skipping storing report.","meta":{"rootId":"r3d3unsfn540gzv","id":"r3d3unsfn540gzv"},"id":"zza6k04kp65zza9","previousOperationId":"tm93j2i9op9ikal"}
{"type":"log","timestamp":1744191177367,"level":"info","message":"Rendering request 54 finished in 724 ms","meta":{"rootId":"r3d3unsfn540gzv","id":"r3d3unsfn540gzv"},"id":"zrx0ewu0nlipw6h","previousOperationId":"tm93j2i9op9ikal"}
{"type":"operationEnd","subtype":"render","operationId":"49ayjl2jrspc38v","timestamp":1744191177367,"id":"zf7bmrakebchxa2","previousEventId":"md3iy2tcwwjcvkk","previousOperationId":"tm93j2i9op9ikal"}
{"type":"operationEnd","doDiffs":false,"previousEventId":"zf51ow47vae59ui","previousOperationId":"c8x194pezdku8n3","operationId":"c8x194pezdku8n3","timestamp":1744191177371,"id":"1s1s6d0wacaqz78"}
