{"type":"operationStart","subtype":"profile","data":{"_id":"zc8GJhqLqXJZKtyb","timestamp":"2025-04-09T10:47:15.064Z","state":"queued","mode":"standard","creationDate":"2025-04-09T10:47:15.066Z","modificationDate":"2025-04-09T10:47:15.066Z","shortid":"gTXhgwO","$entitySet":"profiles"},"doDiffs":false,"timestamp":1744195635065,"id":"sanmxrvuh66x47x","previousOperationId":null,"operationId":"yzivfkiw1icpk6g"}
{"type":"log","level":"info","message":"Render request 22 queued for execution and waiting for available worker","previousOperationId":"yzivfkiw1icpk6g","timestamp":1744195635065,"id":"d8n6mojwhi0d28e"}
{"type":"operationStart","subtype":"render","name":"myTemplate","previousOperationId":"yzivfkiw1icpk6g","timestamp":1744195635080,"id":"7z4e06vzq1391wo","previousEventId":"sanmxrvuh66x47x","operationId":"jmvw7umi59kb37g"}
{"type":"log","timestamp":1744195635081,"level":"info","message":"Starting rendering request 22","meta":{"rootId":"r6t309g9qug3v6z","id":"r6t309g9qug3v6z"},"id":"0kdcwyoaaek2hx1","previousOperationId":"jmvw7umi59kb37g"}
{"type":"log","timestamp":1744195635081,"level":"info","message":"Rendering template { name: myTemplate, recipe: chrome-pdf, engine: handlebars, preview: true }","meta":{"rootId":"r6t309g9qug3v6z","id":"r6t309g9qug3v6z"},"id":"d031lhqceeqs14g","previousOperationId":"jmvw7umi59kb37g"}
{"type":"log","timestamp":1744195635082,"level":"debug","message":"Inline data specified.","meta":{"rootId":"r6t309g9qug3v6z","id":"r6t309g9qug3v6z"},"id":"0ojzfffjdxu0m1k","previousOperationId":"jmvw7umi59kb37g"}
{"type":"log","timestamp":1744195635084,"level":"debug","message":"Base url not specified, skipping its injection.","meta":{"rootId":"r6t309g9qug3v6z","id":"r6t309g9qug3v6z"},"id":"iwvi4y6mxvvwnul","previousOperationId":"jmvw7umi59kb37g"}
{"type":"operationStart","subtype":"engine","name":"handlebars","timestamp":1744195635085,"id":"08pcg6ls6sufyp2","previousEventId":"7z4e06vzq1391wo","operationId":"z1tq3cuvo4yk7lp","previousOperationId":"jmvw7umi59kb37g"}
{"type":"log","timestamp":1744195635085,"level":"debug","message":"Rendering engine handlebars","meta":{"rootId":"r6t309g9qug3v6z","id":"r6t309g9qug3v6z"},"id":"vgqcmrtd3oqykpe","previousOperationId":"z1tq3cuvo4yk7lp"}
{"type":"operationEnd","operationId":"z1tq3cuvo4yk7lp","timestamp":1744195635105,"id":"rtntcyxqm1rdnzz","previousEventId":"08pcg6ls6sufyp2","previousOperationId":"z1tq3cuvo4yk7lp"}
{"type":"operationStart","subtype":"recipe","name":"chrome-pdf","timestamp":1744195635105,"id":"2dtgjakxzehulms","previousEventId":"rtntcyxqm1rdnzz","operationId":"ikmvpdxlxfjtiv3","previousOperationId":"z1tq3cuvo4yk7lp"}
{"type":"log","timestamp":1744195635105,"level":"debug","message":"Executing recipe chrome-pdf","meta":{"rootId":"r6t309g9qug3v6z","id":"r6t309g9qug3v6z"},"id":"t1njjhvhf6su1h1","previousOperationId":"ikmvpdxlxfjtiv3"}
{"type":"log","timestamp":1744195635108,"level":"debug","message":"Converting with chrome Chrome/133.0.6943.126 using chrome-pool strategy","meta":{"rootId":"r6t309g9qug3v6z","id":"r6t309g9qug3v6z"},"id":"3eftfdltzb1rs3t","previousOperationId":"ikmvpdxlxfjtiv3"}
{"type":"log","timestamp":1744195635179,"level":"debug","message":"Page request: GET (document) file:///C:/Users/Patheo24/AppData/Local/Temp/jsreport/autocleanup/3230ed60-a428-4ff1-9ded-cf777baaca7f-chrome-pdf.html","meta":{"rootId":"r6t309g9qug3v6z","id":"r6t309g9qug3v6z"},"id":"l1ijhr1grq1nikr","previousOperationId":"ikmvpdxlxfjtiv3"}
{"type":"log","timestamp":1744195635208,"level":"debug","message":"Page request finished: GET (document) 200 file:///C:/Users/Patheo24/AppData/Local/Temp/jsreport/autocleanup/3230ed60-a428-4ff1-9ded-cf777baaca7f-chrome-pdf.html","meta":{"rootId":"r6t309g9qug3v6z","id":"r6t309g9qug3v6z"},"id":"d9fyszaj48bt0on","previousOperationId":"ikmvpdxlxfjtiv3"}
{"type":"log","timestamp":1744195635209,"level":"debug","message":"(console:info) Slow network is detected. See https://www.chromestatus.com/feature/5636954674692096 for more details. Fallback font will be used while loading: http://localhost:5488/fonts/kalpurush.ttf","meta":{"userLevel":true,"rootId":"r6t309g9qug3v6z","id":"r6t309g9qug3v6z"},"id":"9lt3n5c9gd3nwhd","previousOperationId":"ikmvpdxlxfjtiv3"}
{"type":"log","timestamp":1744195635209,"level":"debug","message":"Page request: GET (font) http://localhost:5488/fonts/kalpurush.ttf","meta":{"rootId":"r6t309g9qug3v6z","id":"r6t309g9qug3v6z"},"id":"am83bw73zzewyhu","previousOperationId":"ikmvpdxlxfjtiv3"}
{"type":"log","timestamp":1744195635210,"level":"debug","message":"Page request: GET (image) https://res.cloudinary.com/dpes1dyqb/image/upload/v1738768933/logo_myycxt.jpg","meta":{"rootId":"r6t309g9qug3v6z","id":"r6t309g9qug3v6z"},"id":"57pqe34j49jktk5","previousOperationId":"ikmvpdxlxfjtiv3"}
{"type":"log","timestamp":1744195635263,"level":"debug","message":"Page request finished: GET (image) 200 https://res.cloudinary.com/dpes1dyqb/image/upload/v1738768933/logo_myycxt.jpg","meta":{"rootId":"r6t309g9qug3v6z","id":"r6t309g9qug3v6z"},"id":"nh7mgmkuhatsatc","previousOperationId":"ikmvpdxlxfjtiv3"}
{"type":"log","timestamp":1744195635263,"level":"debug","message":"Page request: GET (font) http://localhost:5488/fonts/kalpurush.ttf","meta":{"rootId":"r6t309g9qug3v6z","id":"r6t309g9qug3v6z"},"id":"unrcabl36ebck3x","previousOperationId":"ikmvpdxlxfjtiv3"}
{"type":"log","timestamp":1744195635272,"level":"debug","message":"(console:error) Failed to load resource: the server responded with a status of 404 (Not Found)","meta":{"userLevel":true,"rootId":"r6t309g9qug3v6z","id":"r6t309g9qug3v6z"},"id":"bcjdrkbgbg2rm6d","previousOperationId":"ikmvpdxlxfjtiv3"}
{"type":"log","timestamp":1744195635272,"level":"warn","message":"Page request failed: GET (font) http://localhost:5488/fonts/kalpurush.ttf, failure: net::ERR_ABORTED","meta":{"rootId":"r6t309g9qug3v6z","id":"r6t309g9qug3v6z"},"id":"m15xcihs8x10gb2","previousOperationId":"ikmvpdxlxfjtiv3"}
{"type":"log","timestamp":1744195635284,"level":"debug","message":"Running chrome with params {\"printBackground\":true,\"timeout\":59957,\"margin\":{}}","meta":{"rootId":"r6t309g9qug3v6z","id":"r6t309g9qug3v6z"},"id":"uq9ex0bsn9jg456","previousOperationId":"ikmvpdxlxfjtiv3"}
{"type":"operationEnd","operationId":"ikmvpdxlxfjtiv3","timestamp":1744195635605,"id":"bit013tte14n4am","previousEventId":"2dtgjakxzehulms","previousOperationId":"ikmvpdxlxfjtiv3"}
{"type":"log","timestamp":1744195635605,"level":"debug","message":"Skipping storing report.","meta":{"rootId":"r6t309g9qug3v6z","id":"r6t309g9qug3v6z"},"id":"ecyd8s69yc3zfkw","previousOperationId":"ikmvpdxlxfjtiv3"}
{"type":"log","timestamp":1744195635605,"level":"info","message":"Rendering request 22 finished in 541 ms","meta":{"rootId":"r6t309g9qug3v6z","id":"r6t309g9qug3v6z"},"id":"arqtpz286gdybad","previousOperationId":"ikmvpdxlxfjtiv3"}
{"type":"operationEnd","subtype":"render","operationId":"jmvw7umi59kb37g","timestamp":1744195635605,"id":"r41noomt3ilz006","previousEventId":"bit013tte14n4am","previousOperationId":"ikmvpdxlxfjtiv3"}
{"type":"operationEnd","doDiffs":false,"previousEventId":"sanmxrvuh66x47x","previousOperationId":"yzivfkiw1icpk6g","operationId":"yzivfkiw1icpk6g","timestamp":1744195635608,"id":"uro6e6cy6ani7hc"}
