{"type":"operationStart","subtype":"profile","data":{"_id":"42in41rhLfPMFNN7","timestamp":"2025-04-09T13:51:21.206Z","state":"queued","mode":"standard","creationDate":"2025-04-09T13:51:21.208Z","modificationDate":"2025-04-09T13:51:21.208Z","shortid":"WhfZmL9","$entitySet":"profiles"},"doDiffs":false,"timestamp":1744206681207,"id":"ziy9czlvhb37t59","previousOperationId":null,"operationId":"ntoctnlh0h29mf5"}
{"type":"log","level":"info","message":"Render request 36 queued for execution and waiting for available worker","previousOperationId":"ntoctnlh0h29mf5","timestamp":1744206681207,"id":"lujj98oma5kqokj"}
{"type":"operationStart","subtype":"render","name":"myTemplate","previousOperationId":"ntoctnlh0h29mf5","timestamp":1744206681220,"id":"utbxadtiyk2i9ir","previousEventId":"ziy9czlvhb37t59","operationId":"yhxi9f4v96q489v"}
{"type":"log","timestamp":1744206681220,"level":"info","message":"Starting rendering request 36","meta":{"rootId":"res4bcly4mvqd1g","id":"res4bcly4mvqd1g"},"id":"67zn6q1sgahyvyq","previousOperationId":"yhxi9f4v96q489v"}
{"type":"log","timestamp":1744206681220,"level":"info","message":"Rendering template { name: myTemplate, recipe: chrome-pdf, engine: handlebars, preview: true }","meta":{"rootId":"res4bcly4mvqd1g","id":"res4bcly4mvqd1g"},"id":"lfqf4hn2617jut5","previousOperationId":"yhxi9f4v96q489v"}
{"type":"log","timestamp":1744206681221,"level":"debug","message":"Adding sample data HUavgV0Kc","meta":{"rootId":"res4bcly4mvqd1g","id":"res4bcly4mvqd1g"},"id":"6b3pn3mm4hztxrb","previousOperationId":"yhxi9f4v96q489v"}
{"type":"log","timestamp":1744206681223,"level":"debug","message":"Base url not specified, skipping its injection.","meta":{"rootId":"res4bcly4mvqd1g","id":"res4bcly4mvqd1g"},"id":"9yyeg9ordkx3xlg","previousOperationId":"yhxi9f4v96q489v"}
{"type":"operationStart","subtype":"engine","name":"handlebars","timestamp":1744206681223,"id":"qn2hwldvkj683gn","previousEventId":"utbxadtiyk2i9ir","operationId":"rhpp4og7asufl5u","previousOperationId":"yhxi9f4v96q489v"}
{"type":"log","timestamp":1744206681223,"level":"debug","message":"Rendering engine handlebars","meta":{"rootId":"res4bcly4mvqd1g","id":"res4bcly4mvqd1g"},"id":"ty6698s2gn14c66","previousOperationId":"rhpp4og7asufl5u"}
{"type":"operationEnd","operationId":"rhpp4og7asufl5u","timestamp":1744206681253,"id":"3lnzgnux0ps3c18","previousEventId":"qn2hwldvkj683gn","previousOperationId":"rhpp4og7asufl5u"}
{"type":"operationStart","subtype":"recipe","name":"chrome-pdf","timestamp":1744206681253,"id":"za18nikpmu0t2m4","previousEventId":"3lnzgnux0ps3c18","operationId":"wxbv9adnbqys46v","previousOperationId":"rhpp4og7asufl5u"}
{"type":"log","timestamp":1744206681253,"level":"debug","message":"Executing recipe chrome-pdf","meta":{"rootId":"res4bcly4mvqd1g","id":"res4bcly4mvqd1g"},"id":"oy16zs80cadryqn","previousOperationId":"wxbv9adnbqys46v"}
{"type":"log","timestamp":1744206681261,"level":"debug","message":"Converting with chrome Chrome/133.0.6943.126 using chrome-pool strategy","meta":{"rootId":"res4bcly4mvqd1g","id":"res4bcly4mvqd1g"},"id":"s6s8heftez3t87w","previousOperationId":"wxbv9adnbqys46v"}
{"type":"log","timestamp":1744206681375,"level":"debug","message":"Page request: GET (document) file:///C:/Users/Patheo24/AppData/Local/Temp/jsreport/autocleanup/1ff8dada-5b66-4688-8516-3caa93032f1c-chrome-pdf.html","meta":{"rootId":"res4bcly4mvqd1g","id":"res4bcly4mvqd1g"},"id":"mf5xadrk8g6lkbm","previousOperationId":"wxbv9adnbqys46v"}
{"type":"log","timestamp":1744206681403,"level":"debug","message":"Page request finished: GET (document) 200 file:///C:/Users/Patheo24/AppData/Local/Temp/jsreport/autocleanup/1ff8dada-5b66-4688-8516-3caa93032f1c-chrome-pdf.html","meta":{"rootId":"res4bcly4mvqd1g","id":"res4bcly4mvqd1g"},"id":"k8s39mnbebhhbwe","previousOperationId":"wxbv9adnbqys46v"}
{"type":"log","timestamp":1744206681403,"level":"debug","message":"(console:info) Slow network is detected. See https://www.chromestatus.com/feature/5636954674692096 for more details. Fallback font will be used while loading: http://localhost:5488/fonts/kalpurush.ttf","meta":{"userLevel":true,"rootId":"res4bcly4mvqd1g","id":"res4bcly4mvqd1g"},"id":"fmab5ywklllu8gh","previousOperationId":"wxbv9adnbqys46v"}
{"type":"log","timestamp":1744206681404,"level":"debug","message":"Page request: GET (image) https://res.cloudinary.com/dpes1dyqb/image/upload/v1738768933/logo_myycxt.jpg","meta":{"rootId":"res4bcly4mvqd1g","id":"res4bcly4mvqd1g"},"id":"ci4mjf8ilcvl01r","previousOperationId":"wxbv9adnbqys46v"}
{"type":"log","timestamp":1744206681408,"level":"debug","message":"Page request: GET (font) http://localhost:5488/fonts/kalpurush.ttf","meta":{"rootId":"res4bcly4mvqd1g","id":"res4bcly4mvqd1g"},"id":"ybyza7yw7bn091v","previousOperationId":"wxbv9adnbqys46v"}
{"type":"log","timestamp":1744206681411,"level":"debug","message":"Page request: GET (font) http://localhost:5488/fonts/kalpurush.ttf","meta":{"rootId":"res4bcly4mvqd1g","id":"res4bcly4mvqd1g"},"id":"erzpbvujcumjkks","previousOperationId":"wxbv9adnbqys46v"}
{"type":"log","timestamp":1744206681413,"level":"debug","message":"Page request finished: GET (image) 200 https://res.cloudinary.com/dpes1dyqb/image/upload/v1738768933/logo_myycxt.jpg","meta":{"rootId":"res4bcly4mvqd1g","id":"res4bcly4mvqd1g"},"id":"j1y0s7fcghquts5","previousOperationId":"wxbv9adnbqys46v"}
{"type":"log","timestamp":1744206681460,"level":"debug","message":"(console:error) Failed to load resource: the server responded with a status of 404 (Not Found)","meta":{"userLevel":true,"rootId":"res4bcly4mvqd1g","id":"res4bcly4mvqd1g"},"id":"2cg13ahdklbyrs1","previousOperationId":"wxbv9adnbqys46v"}
{"type":"log","timestamp":1744206681460,"level":"warn","message":"Page request failed: GET (font) http://localhost:5488/fonts/kalpurush.ttf, failure: net::ERR_ABORTED","meta":{"rootId":"res4bcly4mvqd1g","id":"res4bcly4mvqd1g"},"id":"v9rmr8e5yxw7ojs","previousOperationId":"wxbv9adnbqys46v"}
{"type":"log","timestamp":1744206681467,"level":"debug","message":"Running chrome with params {\"printBackground\":true,\"format\":\"A5\",\"marginRight\":\"\",\"timeout\":59946,\"margin\":{\"right\":\"\"}}","meta":{"rootId":"res4bcly4mvqd1g","id":"res4bcly4mvqd1g"},"id":"1tyvifl47y7moxp","previousOperationId":"wxbv9adnbqys46v"}
{"type":"operationEnd","operationId":"wxbv9adnbqys46v","timestamp":1744206681750,"id":"va3ww9fjnn3uyqp","previousEventId":"za18nikpmu0t2m4","previousOperationId":"wxbv9adnbqys46v"}
{"type":"log","timestamp":1744206681750,"level":"debug","message":"Skipping storing report.","meta":{"rootId":"res4bcly4mvqd1g","id":"res4bcly4mvqd1g"},"id":"0b0chb7irc729cb","previousOperationId":"wxbv9adnbqys46v"}
{"type":"log","timestamp":1744206681750,"level":"info","message":"Rendering request 36 finished in 544 ms","meta":{"rootId":"res4bcly4mvqd1g","id":"res4bcly4mvqd1g"},"id":"l6zfe11r0vaij9t","previousOperationId":"wxbv9adnbqys46v"}
{"type":"operationEnd","subtype":"render","operationId":"yhxi9f4v96q489v","timestamp":1744206681750,"id":"08n52x4wrclbujv","previousEventId":"va3ww9fjnn3uyqp","previousOperationId":"wxbv9adnbqys46v"}
{"type":"operationEnd","doDiffs":false,"previousEventId":"ziy9czlvhb37t59","previousOperationId":"ntoctnlh0h29mf5","operationId":"ntoctnlh0h29mf5","timestamp":1744206681754,"id":"me33bim3kaxwnn0"}
