{"type":"operationStart","subtype":"profile","data":{"_id":"Hf0balnuMHicFPIc","timestamp":"2025-04-09T12:22:57.336Z","state":"queued","mode":"standard","creationDate":"2025-04-09T12:22:57.338Z","modificationDate":"2025-04-09T12:22:57.338Z","shortid":"cu-rM9F","$entitySet":"profiles"},"doDiffs":false,"timestamp":1744201377337,"id":"mueo2t6dyl4dlc4","previousOperationId":null,"operationId":"ek6obscmgzvrreu"}
{"type":"log","level":"info","message":"Render request 46 queued for execution and waiting for available worker","previousOperationId":"ek6obscmgzvrreu","timestamp":1744201377337,"id":"cwwj5ovsmpx7sm6"}
{"type":"operationStart","subtype":"render","name":"myTemplate","previousOperationId":"ek6obscmgzvrreu","timestamp":1744201377353,"id":"e2475uu2p3jh8xz","previousEventId":"mueo2t6dyl4dlc4","operationId":"athet7ekvu73o3m"}
{"type":"log","timestamp":1744201377353,"level":"info","message":"Starting rendering request 46","meta":{"rootId":"rhqeojnzj3ik9zb","id":"rhqeojnzj3ik9zb"},"id":"i6p44hn4e3sbffc","previousOperationId":"athet7ekvu73o3m"}
{"type":"log","timestamp":1744201377353,"level":"info","message":"Rendering template { name: myTemplate, recipe: chrome-pdf, engine: handlebars, preview: true }","meta":{"rootId":"rhqeojnzj3ik9zb","id":"rhqeojnzj3ik9zb"},"id":"1s9maw5pvhf450w","previousOperationId":"athet7ekvu73o3m"}
{"type":"log","timestamp":1744201377354,"level":"debug","message":"Inline data specified.","meta":{"rootId":"rhqeojnzj3ik9zb","id":"rhqeojnzj3ik9zb"},"id":"faz1lng8h1hc93f","previousOperationId":"athet7ekvu73o3m"}
{"type":"log","timestamp":1744201377360,"level":"debug","message":"Base url not specified, skipping its injection.","meta":{"rootId":"rhqeojnzj3ik9zb","id":"rhqeojnzj3ik9zb"},"id":"xkcopro38aiyj5y","previousOperationId":"athet7ekvu73o3m"}
{"type":"operationStart","subtype":"engine","name":"handlebars","timestamp":1744201377360,"id":"vyt1et9v1bt5ngi","previousEventId":"e2475uu2p3jh8xz","operationId":"0m2fttotj0orkfy","previousOperationId":"athet7ekvu73o3m"}
{"type":"log","timestamp":1744201377360,"level":"debug","message":"Rendering engine handlebars","meta":{"rootId":"rhqeojnzj3ik9zb","id":"rhqeojnzj3ik9zb"},"id":"hwhn8318b39h4zu","previousOperationId":"0m2fttotj0orkfy"}
{"type":"operationEnd","operationId":"0m2fttotj0orkfy","timestamp":1744201377370,"id":"041xkll20simgvk","previousEventId":"vyt1et9v1bt5ngi","previousOperationId":"0m2fttotj0orkfy"}
{"type":"operationStart","subtype":"recipe","name":"chrome-pdf","timestamp":1744201377370,"id":"e40n6pd5gy4sayn","previousEventId":"041xkll20simgvk","operationId":"hwal78krcfcj3hz","previousOperationId":"0m2fttotj0orkfy"}
{"type":"log","timestamp":1744201377370,"level":"debug","message":"Executing recipe chrome-pdf","meta":{"rootId":"rhqeojnzj3ik9zb","id":"rhqeojnzj3ik9zb"},"id":"5m1zs57euru4n1x","previousOperationId":"hwal78krcfcj3hz"}
{"type":"log","timestamp":1744201377372,"level":"debug","message":"Converting with chrome Chrome/133.0.6943.126 using chrome-pool strategy","meta":{"rootId":"rhqeojnzj3ik9zb","id":"rhqeojnzj3ik9zb"},"id":"wq8h39sj3gbo9it","previousOperationId":"hwal78krcfcj3hz"}
{"type":"log","timestamp":1744201377444,"level":"debug","message":"Page request: GET (document) file:///C:/Users/Patheo24/AppData/Local/Temp/jsreport/autocleanup/1fad8d67-df71-4e96-9948-caa870a93eaa-chrome-pdf.html","meta":{"rootId":"rhqeojnzj3ik9zb","id":"rhqeojnzj3ik9zb"},"id":"pqxwplpqxkxo04c","previousOperationId":"hwal78krcfcj3hz"}
{"type":"log","timestamp":1744201377474,"level":"debug","message":"Page request finished: GET (document) 200 file:///C:/Users/Patheo24/AppData/Local/Temp/jsreport/autocleanup/1fad8d67-df71-4e96-9948-caa870a93eaa-chrome-pdf.html","meta":{"rootId":"rhqeojnzj3ik9zb","id":"rhqeojnzj3ik9zb"},"id":"08c4r45mrqg5ynj","previousOperationId":"hwal78krcfcj3hz"}
{"type":"log","timestamp":1744201377475,"level":"debug","message":"(console:info) Slow network is detected. See https://www.chromestatus.com/feature/5636954674692096 for more details. Fallback font will be used while loading: http://localhost:5488/fonts/kalpurush.ttf","meta":{"userLevel":true,"rootId":"rhqeojnzj3ik9zb","id":"rhqeojnzj3ik9zb"},"id":"l11oiyuazb1wnmj","previousOperationId":"hwal78krcfcj3hz"}
{"type":"log","timestamp":1744201377475,"level":"debug","message":"Page request: GET (font) http://localhost:5488/fonts/kalpurush.ttf","meta":{"rootId":"rhqeojnzj3ik9zb","id":"rhqeojnzj3ik9zb"},"id":"644j9tagkthonym","previousOperationId":"hwal78krcfcj3hz"}
{"type":"log","timestamp":1744201377476,"level":"debug","message":"Page request: GET (image) https://res.cloudinary.com/dpes1dyqb/image/upload/v1738768933/logo_myycxt.jpg","meta":{"rootId":"rhqeojnzj3ik9zb","id":"rhqeojnzj3ik9zb"},"id":"t8fywrhqnqyh5ri","previousOperationId":"hwal78krcfcj3hz"}
{"type":"log","timestamp":1744201377536,"level":"debug","message":"Page request: GET (font) http://localhost:5488/fonts/kalpurush.ttf","meta":{"rootId":"rhqeojnzj3ik9zb","id":"rhqeojnzj3ik9zb"},"id":"a3ebktt8s1m5nfo","previousOperationId":"hwal78krcfcj3hz"}
{"type":"log","timestamp":1744201377537,"level":"debug","message":"Page request finished: GET (image) 200 https://res.cloudinary.com/dpes1dyqb/image/upload/v1738768933/logo_myycxt.jpg","meta":{"rootId":"rhqeojnzj3ik9zb","id":"rhqeojnzj3ik9zb"},"id":"lpm5axfmcqeysgd","previousOperationId":"hwal78krcfcj3hz"}
{"type":"log","timestamp":1744201377545,"level":"debug","message":"(console:error) Failed to load resource: the server responded with a status of 404 (Not Found)","meta":{"userLevel":true,"rootId":"rhqeojnzj3ik9zb","id":"rhqeojnzj3ik9zb"},"id":"twlhq92ls67b4l9","previousOperationId":"hwal78krcfcj3hz"}
{"type":"log","timestamp":1744201377545,"level":"warn","message":"Page request failed: GET (font) http://localhost:5488/fonts/kalpurush.ttf, failure: net::ERR_ABORTED","meta":{"rootId":"rhqeojnzj3ik9zb","id":"rhqeojnzj3ik9zb"},"id":"hboovlekzawijrl","previousOperationId":"hwal78krcfcj3hz"}
{"type":"log","timestamp":1744201377565,"level":"debug","message":"Running chrome with params {\"printBackground\":true,\"timeout\":59965,\"margin\":{}}","meta":{"rootId":"rhqeojnzj3ik9zb","id":"rhqeojnzj3ik9zb"},"id":"93xa26120fnur36","previousOperationId":"hwal78krcfcj3hz"}
{"type":"operationEnd","operationId":"hwal78krcfcj3hz","timestamp":1744201377898,"id":"uzoq08mbyarixvr","previousEventId":"e40n6pd5gy4sayn","previousOperationId":"hwal78krcfcj3hz"}
{"type":"log","timestamp":1744201377898,"level":"debug","message":"Skipping storing report.","meta":{"rootId":"rhqeojnzj3ik9zb","id":"rhqeojnzj3ik9zb"},"id":"fubtomzcerrcsnl","previousOperationId":"hwal78krcfcj3hz"}
{"type":"log","timestamp":1744201377898,"level":"info","message":"Rendering request 46 finished in 562 ms","meta":{"rootId":"rhqeojnzj3ik9zb","id":"rhqeojnzj3ik9zb"},"id":"1x90b6evt4x208k","previousOperationId":"hwal78krcfcj3hz"}
{"type":"operationEnd","subtype":"render","operationId":"athet7ekvu73o3m","timestamp":1744201377898,"id":"4ogw31ar1ern163","previousEventId":"uzoq08mbyarixvr","previousOperationId":"hwal78krcfcj3hz"}
{"type":"operationEnd","doDiffs":false,"previousEventId":"mueo2t6dyl4dlc4","previousOperationId":"ek6obscmgzvrreu","operationId":"ek6obscmgzvrreu","timestamp":1744201377903,"id":"mbmsfmjvcnbqog7"}
