{"type":"operationStart","subtype":"profile","data":{"_id":"gyi5gr2kOBVKhrTT","timestamp":"2025-04-09T14:17:11.437Z","state":"queued","mode":"standard","creationDate":"2025-04-09T14:17:11.439Z","modificationDate":"2025-04-09T14:17:11.439Z","shortid":"o891dXw","$entitySet":"profiles"},"doDiffs":false,"timestamp":1744208231438,"id":"hpdlfanrjm1ujtr","previousOperationId":null,"operationId":"kdvys5hkcn5dm4z"}
{"type":"log","level":"info","message":"Render request 88 queued for execution and waiting for available worker","previousOperationId":"kdvys5hkcn5dm4z","timestamp":1744208231438,"id":"6jtj6w4w6nxg39q"}
{"type":"operationStart","subtype":"render","name":"myTemplate","previousOperationId":"kdvys5hkcn5dm4z","timestamp":1744208231449,"id":"79g2kxd9j5tpg7y","previousEventId":"hpdlfanrjm1ujtr","operationId":"wndiz3iuioncxsw"}
{"type":"log","timestamp":1744208231449,"level":"info","message":"Starting rendering request 88","meta":{"rootId":"rk3hu69lrnd58gk","id":"rk3hu69lrnd58gk"},"id":"0gc3lvmxonx6glh","previousOperationId":"wndiz3iuioncxsw"}
{"type":"log","timestamp":1744208231449,"level":"info","message":"Rendering template { name: myTemplate, recipe: chrome-pdf, engine: handlebars, preview: true }","meta":{"rootId":"rk3hu69lrnd58gk","id":"rk3hu69lrnd58gk"},"id":"b3sopd2xk1wa5i0","previousOperationId":"wndiz3iuioncxsw"}
{"type":"log","timestamp":1744208231450,"level":"debug","message":"Adding sample data HUavgV0Kc","meta":{"rootId":"rk3hu69lrnd58gk","id":"rk3hu69lrnd58gk"},"id":"yuiux4emhq408yv","previousOperationId":"wndiz3iuioncxsw"}
{"type":"log","timestamp":1744208231452,"level":"debug","message":"Base url not specified, skipping its injection.","meta":{"rootId":"rk3hu69lrnd58gk","id":"rk3hu69lrnd58gk"},"id":"jry0a8fn8qtjtqo","previousOperationId":"wndiz3iuioncxsw"}
{"type":"operationStart","subtype":"engine","name":"handlebars","timestamp":1744208231452,"id":"hfqtwz67b2ugclx","previousEventId":"79g2kxd9j5tpg7y","operationId":"2oagmdx6hcweg2z","previousOperationId":"wndiz3iuioncxsw"}
{"type":"log","timestamp":1744208231452,"level":"debug","message":"Rendering engine handlebars","meta":{"rootId":"rk3hu69lrnd58gk","id":"rk3hu69lrnd58gk"},"id":"eo7bh624saj51rq","previousOperationId":"2oagmdx6hcweg2z"}
{"type":"operationEnd","operationId":"2oagmdx6hcweg2z","timestamp":1744208231461,"id":"aq3jp0a5kfcj4g6","previousEventId":"hfqtwz67b2ugclx","previousOperationId":"2oagmdx6hcweg2z"}
{"type":"operationStart","subtype":"recipe","name":"chrome-pdf","timestamp":1744208231461,"id":"ahhvtu2smuhw5dv","previousEventId":"aq3jp0a5kfcj4g6","operationId":"373jihsp1aqusbc","previousOperationId":"2oagmdx6hcweg2z"}
{"type":"log","timestamp":1744208231461,"level":"debug","message":"Executing recipe chrome-pdf","meta":{"rootId":"rk3hu69lrnd58gk","id":"rk3hu69lrnd58gk"},"id":"eongaiwqpbj4g82","previousOperationId":"373jihsp1aqusbc"}
{"type":"log","timestamp":1744208231465,"level":"debug","message":"Converting with chrome Chrome/133.0.6943.126 using chrome-pool strategy","meta":{"rootId":"rk3hu69lrnd58gk","id":"rk3hu69lrnd58gk"},"id":"eu5zmyz04pqmwgq","previousOperationId":"373jihsp1aqusbc"}
{"type":"log","timestamp":1744208231538,"level":"debug","message":"Page request: GET (document) file:///C:/Users/Patheo24/AppData/Local/Temp/jsreport/autocleanup/1eef021d-3541-4f5c-89a3-5c5e560b6b09-chrome-pdf.html","meta":{"rootId":"rk3hu69lrnd58gk","id":"rk3hu69lrnd58gk"},"id":"nto2quhflodtqmh","previousOperationId":"373jihsp1aqusbc"}
{"type":"log","timestamp":1744208231583,"level":"debug","message":"Page request finished: GET (document) 200 file:///C:/Users/Patheo24/AppData/Local/Temp/jsreport/autocleanup/1eef021d-3541-4f5c-89a3-5c5e560b6b09-chrome-pdf.html","meta":{"rootId":"rk3hu69lrnd58gk","id":"rk3hu69lrnd58gk"},"id":"4as7mrfj3hb2jkd","previousOperationId":"373jihsp1aqusbc"}
{"type":"log","timestamp":1744208231584,"level":"debug","message":"(console:info) Slow network is detected. See https://www.chromestatus.com/feature/5636954674692096 for more details. Fallback font will be used while loading: http://localhost:5488/fonts/kalpurush.ttf","meta":{"userLevel":true,"rootId":"rk3hu69lrnd58gk","id":"rk3hu69lrnd58gk"},"id":"yaar3zrvxblq03t","previousOperationId":"373jihsp1aqusbc"}
{"type":"log","timestamp":1744208231584,"level":"debug","message":"Page request: GET (font) http://localhost:5488/fonts/kalpurush.ttf","meta":{"rootId":"rk3hu69lrnd58gk","id":"rk3hu69lrnd58gk"},"id":"ta24jfbsb4vy9p4","previousOperationId":"373jihsp1aqusbc"}
{"type":"log","timestamp":1744208231585,"level":"debug","message":"Page request: GET (image) https://res.cloudinary.com/dpes1dyqb/image/upload/v1738768933/logo_myycxt.jpg","meta":{"rootId":"rk3hu69lrnd58gk","id":"rk3hu69lrnd58gk"},"id":"r3whwexijkdi6qz","previousOperationId":"373jihsp1aqusbc"}
{"type":"log","timestamp":1744208231620,"level":"debug","message":"Page request: GET (font) http://localhost:5488/fonts/kalpurush.ttf","meta":{"rootId":"rk3hu69lrnd58gk","id":"rk3hu69lrnd58gk"},"id":"tvzrxmr02ggc5k7","previousOperationId":"373jihsp1aqusbc"}
{"type":"log","timestamp":1744208231621,"level":"debug","message":"Page request finished: GET (image) 200 https://res.cloudinary.com/dpes1dyqb/image/upload/v1738768933/logo_myycxt.jpg","meta":{"rootId":"rk3hu69lrnd58gk","id":"rk3hu69lrnd58gk"},"id":"t6j4dihup7679yx","previousOperationId":"373jihsp1aqusbc"}
{"type":"log","timestamp":1744208231630,"level":"debug","message":"(console:error) Failed to load resource: the server responded with a status of 404 (Not Found)","meta":{"userLevel":true,"rootId":"rk3hu69lrnd58gk","id":"rk3hu69lrnd58gk"},"id":"h8rtyylisfr6a6q","previousOperationId":"373jihsp1aqusbc"}
{"type":"log","timestamp":1744208231630,"level":"warn","message":"Page request failed: GET (font) http://localhost:5488/fonts/kalpurush.ttf, failure: net::ERR_ABORTED","meta":{"rootId":"rk3hu69lrnd58gk","id":"rk3hu69lrnd58gk"},"id":"a2ku28p0gsuykb4","previousOperationId":"373jihsp1aqusbc"}
{"type":"log","timestamp":1744208231638,"level":"debug","message":"Running chrome with params {\"printBackground\":true,\"format\":\"A5\",\"marginRight\":\"\",\"height\":\"\",\"marginTop\":\"\",\"marginBottom\":\"\",\"marginLeft\":\"\",\"displayHeaderFooter\":true,\"width\":\"\",\"timeout\":59974,\"margin\":{\"top\":\"\",\"right\":\"\",\"bottom\":\"\",\"left\":\"\"}}","meta":{"rootId":"rk3hu69lrnd58gk","id":"rk3hu69lrnd58gk"},"id":"bsnajd5c3gy1d4p","previousOperationId":"373jihsp1aqusbc"}
{"type":"operationEnd","operationId":"373jihsp1aqusbc","timestamp":1744208231945,"id":"u7xh3mj209hc8ot","previousEventId":"ahhvtu2smuhw5dv","previousOperationId":"373jihsp1aqusbc"}
{"type":"log","timestamp":1744208231946,"level":"debug","message":"Skipping storing report.","meta":{"rootId":"rk3hu69lrnd58gk","id":"rk3hu69lrnd58gk"},"id":"vn2weckugf69tk8","previousOperationId":"373jihsp1aqusbc"}
{"type":"log","timestamp":1744208231946,"level":"info","message":"Rendering request 88 finished in 509 ms","meta":{"rootId":"rk3hu69lrnd58gk","id":"rk3hu69lrnd58gk"},"id":"hro62ssyecr7nld","previousOperationId":"373jihsp1aqusbc"}
{"type":"operationEnd","subtype":"render","operationId":"wndiz3iuioncxsw","timestamp":1744208231946,"id":"qstkp4yz5fub4g3","previousEventId":"u7xh3mj209hc8ot","previousOperationId":"373jihsp1aqusbc"}
{"type":"operationEnd","doDiffs":false,"previousEventId":"hpdlfanrjm1ujtr","previousOperationId":"kdvys5hkcn5dm4z","operationId":"kdvys5hkcn5dm4z","timestamp":1744208231949,"id":"yqg8x75f0ozbzjb"}
