{"type":"operationStart","subtype":"profile","data":{"_id":"VXvZFHWdPII5fHs3","timestamp":"2025-04-11T13:44:16.899Z","state":"running","mode":"standard","creationDate":"2025-04-11T13:44:16.902Z","modificationDate":"2025-04-11T13:44:16.902Z","shortid":"DqgI_b5","$entitySet":"profiles","timeout":60000,"templateShortid":"2tjN-EB9Yu"},"doDiffs":false,"timestamp":1744379056901,"id":"d0ugian3pvyap5r","previousOperationId":null,"operationId":"rtec51fumsrudyf"}
{"type":"log","level":"info","message":"Render request 47 queued for execution and waiting for available worker","previousOperationId":"rtec51fumsrudyf","timestamp":1744379056901,"id":"utcpu27ftizah1r"}
{"type":"operationStart","subtype":"render","name":"myTemplate","previousOperationId":"rtec51fumsrudyf","timestamp":1744379056907,"id":"qv8r3rtqieu1382","previousEventId":"d0ugian3pvyap5r","operationId":"m5bzimunzjkl3eu"}
{"type":"log","timestamp":1744379056908,"level":"info","message":"Starting rendering request 47","meta":{"rootId":"rocr522wwf6fl1q","id":"rocr522wwf6fl1q"},"id":"hmggpnn3s3t630t","previousOperationId":"m5bzimunzjkl3eu"}
{"type":"log","timestamp":1744379056908,"level":"info","message":"Rendering template { name: myTemplate, recipe: chrome-pdf, engine: handlebars, preview: false }","meta":{"rootId":"rocr522wwf6fl1q","id":"rocr522wwf6fl1q"},"id":"csgcg0b9l9pdjwo","previousOperationId":"m5bzimunzjkl3eu"}
{"type":"log","timestamp":1744379056908,"level":"debug","message":"Inline data specified.","meta":{"rootId":"rocr522wwf6fl1q","id":"rocr522wwf6fl1q"},"id":"iiuqlsr8ssmk07o","previousOperationId":"m5bzimunzjkl3eu"}
{"type":"log","timestamp":1744379056910,"level":"debug","message":"Base url not specified, skipping its injection.","meta":{"rootId":"rocr522wwf6fl1q","id":"rocr522wwf6fl1q"},"id":"scj53lx3pcy7rkm","previousOperationId":"m5bzimunzjkl3eu"}
{"type":"operationStart","subtype":"engine","name":"handlebars","timestamp":1744379056910,"id":"e85b80l0cai0s0q","previousEventId":"qv8r3rtqieu1382","operationId":"kayrbevz0cc1vg0","previousOperationId":"m5bzimunzjkl3eu"}
{"type":"log","timestamp":1744379056910,"level":"debug","message":"Rendering engine handlebars","meta":{"rootId":"rocr522wwf6fl1q","id":"rocr522wwf6fl1q"},"id":"fo11nk4zb45vezf","previousOperationId":"kayrbevz0cc1vg0"}
{"type":"operationEnd","operationId":"kayrbevz0cc1vg0","timestamp":1744379056922,"id":"trwisoc0wlsz4no","previousEventId":"e85b80l0cai0s0q","previousOperationId":"kayrbevz0cc1vg0"}
{"type":"operationStart","subtype":"recipe","name":"chrome-pdf","timestamp":1744379056922,"id":"3hkpbb2jxpo0pwf","previousEventId":"trwisoc0wlsz4no","operationId":"qguz7llqx6c28m2","previousOperationId":"kayrbevz0cc1vg0"}
{"type":"log","timestamp":1744379056922,"level":"debug","message":"Executing recipe chrome-pdf","meta":{"rootId":"rocr522wwf6fl1q","id":"rocr522wwf6fl1q"},"id":"ir2q3ue0jo0w6up","previousOperationId":"qguz7llqx6c28m2"}
{"type":"log","timestamp":1744379056925,"level":"debug","message":"Converting with chrome Chrome/133.0.6943.126 using chrome-pool strategy","meta":{"rootId":"rocr522wwf6fl1q","id":"rocr522wwf6fl1q"},"id":"guzjy8abp4cytbd","previousOperationId":"qguz7llqx6c28m2"}
{"type":"log","timestamp":1744379056994,"level":"debug","message":"Page request: GET (document) file:///C:/Users/Patheo24/AppData/Local/Temp/jsreport/autocleanup/9a21d6df-7fe2-4a29-92e0-836a5abbe3b8-chrome-pdf.html","meta":{"rootId":"rocr522wwf6fl1q","id":"rocr522wwf6fl1q"},"id":"b4eeey9de3c2z3f","previousOperationId":"qguz7llqx6c28m2"}
{"type":"log","timestamp":1744379057012,"level":"debug","message":"Page request finished: GET (document) 200 file:///C:/Users/Patheo24/AppData/Local/Temp/jsreport/autocleanup/9a21d6df-7fe2-4a29-92e0-836a5abbe3b8-chrome-pdf.html","meta":{"rootId":"rocr522wwf6fl1q","id":"rocr522wwf6fl1q"},"id":"rkca44h6zyja9xx","previousOperationId":"qguz7llqx6c28m2"}
{"type":"log","timestamp":1744379057013,"level":"debug","message":"Page request: GET (image) https://res.cloudinary.com/dpes1dyqb/image/upload/v1738768933/logo_myycxt.jpg","meta":{"rootId":"rocr522wwf6fl1q","id":"rocr522wwf6fl1q"},"id":"36nh9rvm24pxpmi","previousOperationId":"qguz7llqx6c28m2"}
{"type":"log","timestamp":1744379057013,"level":"debug","message":"Page request: GET (font) http://localhost:5488/fonts/kalpurush.ttf","meta":{"rootId":"rocr522wwf6fl1q","id":"rocr522wwf6fl1q"},"id":"3jzj6bzi23gnnqj","previousOperationId":"qguz7llqx6c28m2"}
{"type":"log","timestamp":1744379057061,"level":"debug","message":"Page request: GET (font) http://localhost:5488/fonts/kalpurush.ttf","meta":{"rootId":"rocr522wwf6fl1q","id":"rocr522wwf6fl1q"},"id":"tz22q37ef0dmevu","previousOperationId":"qguz7llqx6c28m2"}
{"type":"log","timestamp":1744379057063,"level":"debug","message":"Page request finished: GET (image) 200 https://res.cloudinary.com/dpes1dyqb/image/upload/v1738768933/logo_myycxt.jpg","meta":{"rootId":"rocr522wwf6fl1q","id":"rocr522wwf6fl1q"},"id":"dzzkb5fbv8x1q2h","previousOperationId":"qguz7llqx6c28m2"}
{"type":"log","timestamp":1744379057074,"level":"debug","message":"(console:error) Failed to load resource: the server responded with a status of 404 (Not Found)","meta":{"userLevel":true,"rootId":"rocr522wwf6fl1q","id":"rocr522wwf6fl1q"},"id":"s30xmij8xkvstxd","previousOperationId":"qguz7llqx6c28m2"}
{"type":"log","timestamp":1744379057074,"level":"warn","message":"Page request failed: GET (font) http://localhost:5488/fonts/kalpurush.ttf, failure: net::ERR_ABORTED","meta":{"rootId":"rocr522wwf6fl1q","id":"rocr522wwf6fl1q"},"id":"vv8sn9c2chmbczo","previousOperationId":"qguz7llqx6c28m2"}
{"type":"log","timestamp":1744379057082,"level":"debug","message":"Running chrome with params {\"printBackground\":true,\"format\":\"A5\",\"marginRight\":\"\",\"height\":\"\",\"marginTop\":\"\",\"marginBottom\":\"\",\"marginLeft\":\"\",\"displayHeaderFooter\":true,\"width\":\"\",\"timeout\":59975,\"margin\":{\"top\":\"\",\"right\":\"\",\"bottom\":\"\",\"left\":\"\"}}","meta":{"rootId":"rocr522wwf6fl1q","id":"rocr522wwf6fl1q"},"id":"y30cetmpe6r1mfz","previousOperationId":"qguz7llqx6c28m2"}
{"type":"operationEnd","operationId":"qguz7llqx6c28m2","timestamp":1744379057388,"id":"3vbvbwnszj25mfo","previousEventId":"3hkpbb2jxpo0pwf","previousOperationId":"qguz7llqx6c28m2"}
{"type":"log","timestamp":1744379057388,"level":"debug","message":"Skipping storing report.","meta":{"rootId":"rocr522wwf6fl1q","id":"rocr522wwf6fl1q"},"id":"u644b4v1w9060i4","previousOperationId":"qguz7llqx6c28m2"}
{"type":"log","timestamp":1744379057388,"level":"info","message":"Rendering request 47 finished in 489 ms","meta":{"rootId":"rocr522wwf6fl1q","id":"rocr522wwf6fl1q"},"id":"i98coiwxmipof2g","previousOperationId":"qguz7llqx6c28m2"}
{"type":"operationEnd","subtype":"render","operationId":"m5bzimunzjkl3eu","timestamp":1744379057388,"id":"bb0am914w54y83z","previousEventId":"3vbvbwnszj25mfo","previousOperationId":"qguz7llqx6c28m2"}
{"type":"operationEnd","doDiffs":false,"previousEventId":"d0ugian3pvyap5r","previousOperationId":"rtec51fumsrudyf","operationId":"rtec51fumsrudyf","timestamp":1744379057390,"id":"4hwc7her86a2m1m"}
