{"type":"operationStart","subtype":"profile","data":{"_id":"cOFxvbrBJsW91rr8","timestamp":"2025-04-09T14:36:28.053Z","state":"queued","mode":"standard","creationDate":"2025-04-09T14:36:28.055Z","modificationDate":"2025-04-09T14:36:28.055Z","shortid":"eRWHkE_","$entitySet":"profiles"},"doDiffs":false,"timestamp":1744209388054,"id":"p2gu1xp4stekuk2","previousOperationId":null,"operationId":"12fo1j9toafeni7"}
{"type":"log","level":"info","message":"Render request 117 queued for execution and waiting for available worker","previousOperationId":"12fo1j9toafeni7","timestamp":1744209388054,"id":"hn7jwwyg0dxhl3r"}
{"type":"operationStart","subtype":"render","name":"myTemplate","previousOperationId":"12fo1j9toafeni7","timestamp":1744209388069,"id":"sdc53rh9kytnxlp","previousEventId":"p2gu1xp4stekuk2","operationId":"mkn50n6gjyi94yw"}
{"type":"log","timestamp":1744209388069,"level":"info","message":"Starting rendering request 117","meta":{"rootId":"rrytxh3rf4p4b6h","id":"rrytxh3rf4p4b6h"},"id":"8sdynd3nrbphaap","previousOperationId":"mkn50n6gjyi94yw"}
{"type":"log","timestamp":1744209388069,"level":"info","message":"Rendering template { name: myTemplate, recipe: chrome-pdf, engine: handlebars, preview: true }","meta":{"rootId":"rrytxh3rf4p4b6h","id":"rrytxh3rf4p4b6h"},"id":"jliyy32bscysfor","previousOperationId":"mkn50n6gjyi94yw"}
{"type":"log","timestamp":1744209388070,"level":"debug","message":"Inline data specified.","meta":{"rootId":"rrytxh3rf4p4b6h","id":"rrytxh3rf4p4b6h"},"id":"kal8lqpeianhhr5","previousOperationId":"mkn50n6gjyi94yw"}
{"type":"log","timestamp":1744209388071,"level":"debug","message":"Base url not specified, skipping its injection.","meta":{"rootId":"rrytxh3rf4p4b6h","id":"rrytxh3rf4p4b6h"},"id":"kon9a1ugk5nngz0","previousOperationId":"mkn50n6gjyi94yw"}
{"type":"operationStart","subtype":"engine","name":"handlebars","timestamp":1744209388071,"id":"tppy7djtqbh1cq0","previousEventId":"sdc53rh9kytnxlp","operationId":"z9blng7t1rdwoyx","previousOperationId":"mkn50n6gjyi94yw"}
{"type":"log","timestamp":1744209388071,"level":"debug","message":"Rendering engine handlebars","meta":{"rootId":"rrytxh3rf4p4b6h","id":"rrytxh3rf4p4b6h"},"id":"h9g7hzdnhp0g66y","previousOperationId":"z9blng7t1rdwoyx"}
{"type":"operationEnd","operationId":"z9blng7t1rdwoyx","timestamp":1744209388095,"id":"br86dthcy2np68n","previousEventId":"tppy7djtqbh1cq0","previousOperationId":"z9blng7t1rdwoyx"}
{"type":"operationStart","subtype":"recipe","name":"chrome-pdf","timestamp":1744209388095,"id":"noymurwvyslm6xo","previousEventId":"br86dthcy2np68n","operationId":"58xd6pc0p1xs2sz","previousOperationId":"z9blng7t1rdwoyx"}
{"type":"log","timestamp":1744209388095,"level":"debug","message":"Executing recipe chrome-pdf","meta":{"rootId":"rrytxh3rf4p4b6h","id":"rrytxh3rf4p4b6h"},"id":"bqvp6rb4ux87z69","previousOperationId":"58xd6pc0p1xs2sz"}
{"type":"log","timestamp":1744209388097,"level":"debug","message":"Converting with chrome Chrome/133.0.6943.126 using chrome-pool strategy","meta":{"rootId":"rrytxh3rf4p4b6h","id":"rrytxh3rf4p4b6h"},"id":"dksskm3wpbszuw2","previousOperationId":"58xd6pc0p1xs2sz"}
{"type":"log","timestamp":1744209388165,"level":"debug","message":"Page request: GET (document) file:///C:/Users/Patheo24/AppData/Local/Temp/jsreport/autocleanup/63b5165a-2d2e-4f8f-b0e4-7c77ae9b109c-chrome-pdf.html","meta":{"rootId":"rrytxh3rf4p4b6h","id":"rrytxh3rf4p4b6h"},"id":"hhkh3dqay8gq3ms","previousOperationId":"58xd6pc0p1xs2sz"}
{"type":"log","timestamp":1744209388195,"level":"debug","message":"Page request finished: GET (document) 200 file:///C:/Users/Patheo24/AppData/Local/Temp/jsreport/autocleanup/63b5165a-2d2e-4f8f-b0e4-7c77ae9b109c-chrome-pdf.html","meta":{"rootId":"rrytxh3rf4p4b6h","id":"rrytxh3rf4p4b6h"},"id":"ag4ckybmk25da1e","previousOperationId":"58xd6pc0p1xs2sz"}
{"type":"log","timestamp":1744209388205,"level":"debug","message":"Page request: GET (font) http://localhost:5488/fonts/kalpurush.ttf","meta":{"rootId":"rrytxh3rf4p4b6h","id":"rrytxh3rf4p4b6h"},"id":"gox41ijt8zmnku1","previousOperationId":"58xd6pc0p1xs2sz"}
{"type":"log","timestamp":1744209388205,"level":"debug","message":"Page request: GET (image) https://res.cloudinary.com/dpes1dyqb/image/upload/v1738768933/logo_myycxt.jpg","meta":{"rootId":"rrytxh3rf4p4b6h","id":"rrytxh3rf4p4b6h"},"id":"1cyky6odaqapc8c","previousOperationId":"58xd6pc0p1xs2sz"}
{"type":"log","timestamp":1744209388316,"level":"debug","message":"Page request: GET (font) http://localhost:5488/fonts/kalpurush.ttf","meta":{"rootId":"rrytxh3rf4p4b6h","id":"rrytxh3rf4p4b6h"},"id":"gjrhzu7s0m3spc3","previousOperationId":"58xd6pc0p1xs2sz"}
{"type":"log","timestamp":1744209388318,"level":"debug","message":"Page request finished: GET (image) 200 https://res.cloudinary.com/dpes1dyqb/image/upload/v1738768933/logo_myycxt.jpg","meta":{"rootId":"rrytxh3rf4p4b6h","id":"rrytxh3rf4p4b6h"},"id":"k6tp4rqkvb0qjjs","previousOperationId":"58xd6pc0p1xs2sz"}
{"type":"log","timestamp":1744209388331,"level":"debug","message":"(console:error) Failed to load resource: the server responded with a status of 404 (Not Found)","meta":{"userLevel":true,"rootId":"rrytxh3rf4p4b6h","id":"rrytxh3rf4p4b6h"},"id":"orbicmr7vjxirud","previousOperationId":"58xd6pc0p1xs2sz"}
{"type":"log","timestamp":1744209388331,"level":"warn","message":"Page request failed: GET (font) http://localhost:5488/fonts/kalpurush.ttf, failure: net::ERR_ABORTED","meta":{"rootId":"rrytxh3rf4p4b6h","id":"rrytxh3rf4p4b6h"},"id":"irazhfj2leoco9g","previousOperationId":"58xd6pc0p1xs2sz"}
{"type":"log","timestamp":1744209388343,"level":"debug","message":"Running chrome with params {\"printBackground\":true,\"format\":\"A5\",\"marginRight\":\"\",\"height\":\"\",\"marginTop\":\"\",\"marginBottom\":\"\",\"marginLeft\":\"\",\"displayHeaderFooter\":true,\"width\":\"\",\"timeout\":59956,\"margin\":{\"top\":\"\",\"right\":\"\",\"bottom\":\"\",\"left\":\"\"}}","meta":{"rootId":"rrytxh3rf4p4b6h","id":"rrytxh3rf4p4b6h"},"id":"rqch50op4henanl","previousOperationId":"58xd6pc0p1xs2sz"}
{"type":"operationEnd","operationId":"58xd6pc0p1xs2sz","timestamp":1744209388710,"id":"0qfw6j6m1g11ran","previousEventId":"noymurwvyslm6xo","previousOperationId":"58xd6pc0p1xs2sz"}
{"type":"log","timestamp":1744209388710,"level":"debug","message":"Skipping storing report.","meta":{"rootId":"rrytxh3rf4p4b6h","id":"rrytxh3rf4p4b6h"},"id":"5101gcgiz5vrnkx","previousOperationId":"58xd6pc0p1xs2sz"}
{"type":"log","timestamp":1744209388710,"level":"info","message":"Rendering request 117 finished in 657 ms","meta":{"rootId":"rrytxh3rf4p4b6h","id":"rrytxh3rf4p4b6h"},"id":"c2qmaq50s0eruol","previousOperationId":"58xd6pc0p1xs2sz"}
{"type":"operationEnd","subtype":"render","operationId":"mkn50n6gjyi94yw","timestamp":1744209388710,"id":"31jcx4qqlnlknar","previousEventId":"0qfw6j6m1g11ran","previousOperationId":"58xd6pc0p1xs2sz"}
{"type":"operationEnd","doDiffs":false,"previousEventId":"p2gu1xp4stekuk2","previousOperationId":"12fo1j9toafeni7","operationId":"12fo1j9toafeni7","timestamp":1744209388713,"id":"slncsqq34i98aul"}
