{"type":"operationStart","subtype":"profile","data":{"_id":"6T9waVEUcPf6g4Or","timestamp":"2025-04-11T13:09:02.803Z","state":"running","mode":"standard","creationDate":"2025-04-11T13:09:02.805Z","modificationDate":"2025-04-11T13:09:02.805Z","shortid":"uh2fkRF","$entitySet":"profiles","timeout":60000,"templateShortid":"2tjN-EB9Yu"},"doDiffs":false,"timestamp":1744376942804,"id":"m3hslk4wqk1jk6w","previousOperationId":null,"operationId":"jsi4gqw1narbh8l"}
{"type":"log","level":"info","message":"Render request 44 queued for execution and waiting for available worker","previousOperationId":"jsi4gqw1narbh8l","timestamp":1744376942804,"id":"e376jbii2uxjhj6"}
{"type":"operationStart","subtype":"render","name":"myTemplate","previousOperationId":"jsi4gqw1narbh8l","timestamp":1744376942810,"id":"rqavsxe6mpfrvt5","previousEventId":"m3hslk4wqk1jk6w","operationId":"xbsxvz6f1mdlfan"}
{"type":"log","timestamp":1744376942810,"level":"info","message":"Starting rendering request 44","meta":{"rootId":"rumce9973gmrjpe","id":"rumce9973gmrjpe"},"id":"1qaww7imhvbh1nf","previousOperationId":"xbsxvz6f1mdlfan"}
{"type":"log","timestamp":1744376942811,"level":"info","message":"Rendering template { name: myTemplate, recipe: chrome-pdf, engine: handlebars, preview: false }","meta":{"rootId":"rumce9973gmrjpe","id":"rumce9973gmrjpe"},"id":"a9a6jw6y9jrrj3w","previousOperationId":"xbsxvz6f1mdlfan"}
{"type":"log","timestamp":1744376942811,"level":"debug","message":"Inline data specified.","meta":{"rootId":"rumce9973gmrjpe","id":"rumce9973gmrjpe"},"id":"26k2vzb3fkxewkq","previousOperationId":"xbsxvz6f1mdlfan"}
{"type":"log","timestamp":1744376942813,"level":"debug","message":"Base url not specified, skipping its injection.","meta":{"rootId":"rumce9973gmrjpe","id":"rumce9973gmrjpe"},"id":"n5osqk9uf8w16tk","previousOperationId":"xbsxvz6f1mdlfan"}
{"type":"operationStart","subtype":"engine","name":"handlebars","timestamp":1744376942813,"id":"eb4gxw0j9csu8f7","previousEventId":"rqavsxe6mpfrvt5","operationId":"wyuihpjf0a27ag2","previousOperationId":"xbsxvz6f1mdlfan"}
{"type":"log","timestamp":1744376942813,"level":"debug","message":"Rendering engine handlebars","meta":{"rootId":"rumce9973gmrjpe","id":"rumce9973gmrjpe"},"id":"wnv61ssd7ih98sn","previousOperationId":"wyuihpjf0a27ag2"}
{"type":"operationEnd","operationId":"wyuihpjf0a27ag2","timestamp":1744376942825,"id":"mp4tc9m3drohpmz","previousEventId":"eb4gxw0j9csu8f7","previousOperationId":"wyuihpjf0a27ag2"}
{"type":"operationStart","subtype":"recipe","name":"chrome-pdf","timestamp":1744376942826,"id":"1c4gu43o3ygcwuc","previousEventId":"mp4tc9m3drohpmz","operationId":"eqsej2j16xtybug","previousOperationId":"wyuihpjf0a27ag2"}
{"type":"log","timestamp":1744376942826,"level":"debug","message":"Executing recipe chrome-pdf","meta":{"rootId":"rumce9973gmrjpe","id":"rumce9973gmrjpe"},"id":"dqfa2y10lvp4pvm","previousOperationId":"eqsej2j16xtybug"}
{"type":"log","timestamp":1744376942829,"level":"debug","message":"Converting with chrome Chrome/133.0.6943.126 using chrome-pool strategy","meta":{"rootId":"rumce9973gmrjpe","id":"rumce9973gmrjpe"},"id":"pq9u6ubzbwrpecl","previousOperationId":"eqsej2j16xtybug"}
{"type":"log","timestamp":1744376942893,"level":"debug","message":"Page request: GET (document) file:///C:/Users/Patheo24/AppData/Local/Temp/jsreport/autocleanup/a8b50b1a-0c6f-4068-aef8-79733ec2af14-chrome-pdf.html","meta":{"rootId":"rumce9973gmrjpe","id":"rumce9973gmrjpe"},"id":"fzhkthh232k7q6p","previousOperationId":"eqsej2j16xtybug"}
{"type":"log","timestamp":1744376942913,"level":"debug","message":"Page request finished: GET (document) 200 file:///C:/Users/Patheo24/AppData/Local/Temp/jsreport/autocleanup/a8b50b1a-0c6f-4068-aef8-79733ec2af14-chrome-pdf.html","meta":{"rootId":"rumce9973gmrjpe","id":"rumce9973gmrjpe"},"id":"63atf33xwsinl3w","previousOperationId":"eqsej2j16xtybug"}
{"type":"log","timestamp":1744376942914,"level":"debug","message":"Page request: GET (image) https://res.cloudinary.com/dpes1dyqb/image/upload/v1738768933/logo_myycxt.jpg","meta":{"rootId":"rumce9973gmrjpe","id":"rumce9973gmrjpe"},"id":"vtx2iqego55zg9o","previousOperationId":"eqsej2j16xtybug"}
{"type":"log","timestamp":1744376942914,"level":"debug","message":"Page request: GET (font) http://localhost:5488/fonts/kalpurush.ttf","meta":{"rootId":"rumce9973gmrjpe","id":"rumce9973gmrjpe"},"id":"5lzjqxc8k5ks0jf","previousOperationId":"eqsej2j16xtybug"}
{"type":"log","timestamp":1744376943600,"level":"debug","message":"Page request: GET (font) http://localhost:5488/fonts/kalpurush.ttf","meta":{"rootId":"rumce9973gmrjpe","id":"rumce9973gmrjpe"},"id":"4mlt2x91uwtvpix","previousOperationId":"eqsej2j16xtybug"}
{"type":"log","timestamp":1744376943601,"level":"debug","message":"Page request finished: GET (image) 200 https://res.cloudinary.com/dpes1dyqb/image/upload/v1738768933/logo_myycxt.jpg","meta":{"rootId":"rumce9973gmrjpe","id":"rumce9973gmrjpe"},"id":"lpun20v0fku89lh","previousOperationId":"eqsej2j16xtybug"}
{"type":"log","timestamp":1744376943608,"level":"debug","message":"(console:error) Failed to load resource: the server responded with a status of 404 (Not Found)","meta":{"userLevel":true,"rootId":"rumce9973gmrjpe","id":"rumce9973gmrjpe"},"id":"w65mj38o3a1qs2i","previousOperationId":"eqsej2j16xtybug"}
{"type":"log","timestamp":1744376943608,"level":"warn","message":"Page request failed: GET (font) http://localhost:5488/fonts/kalpurush.ttf, failure: net::ERR_ABORTED","meta":{"rootId":"rumce9973gmrjpe","id":"rumce9973gmrjpe"},"id":"cw7r8ffu2p0r6zg","previousOperationId":"eqsej2j16xtybug"}
{"type":"log","timestamp":1744376943616,"level":"debug","message":"Running chrome with params {\"printBackground\":true,\"format\":\"A5\",\"marginRight\":\"\",\"height\":\"\",\"marginTop\":\"\",\"marginBottom\":\"\",\"marginLeft\":\"\",\"displayHeaderFooter\":true,\"width\":\"\",\"timeout\":59975,\"margin\":{\"top\":\"\",\"right\":\"\",\"bottom\":\"\",\"left\":\"\"}}","meta":{"rootId":"rumce9973gmrjpe","id":"rumce9973gmrjpe"},"id":"rwqvewd7cqjlmkq","previousOperationId":"eqsej2j16xtybug"}
{"type":"operationEnd","operationId":"eqsej2j16xtybug","timestamp":1744376943922,"id":"tjnmo8fj5ahjuek","previousEventId":"1c4gu43o3ygcwuc","previousOperationId":"eqsej2j16xtybug"}
{"type":"log","timestamp":1744376943922,"level":"debug","message":"Skipping storing report.","meta":{"rootId":"rumce9973gmrjpe","id":"rumce9973gmrjpe"},"id":"va91csmhy2f46zc","previousOperationId":"eqsej2j16xtybug"}
{"type":"log","timestamp":1744376943922,"level":"info","message":"Rendering request 44 finished in 1119 ms","meta":{"rootId":"rumce9973gmrjpe","id":"rumce9973gmrjpe"},"id":"3npwcpdki8m989b","previousOperationId":"eqsej2j16xtybug"}
{"type":"operationEnd","subtype":"render","operationId":"xbsxvz6f1mdlfan","timestamp":1744376943922,"id":"q4thbcfqu3xvwb2","previousEventId":"tjnmo8fj5ahjuek","previousOperationId":"eqsej2j16xtybug"}
{"type":"operationEnd","doDiffs":false,"previousEventId":"m3hslk4wqk1jk6w","previousOperationId":"jsi4gqw1narbh8l","operationId":"jsi4gqw1narbh8l","timestamp":1744376943925,"id":"uhdcwgx9qrqnwat"}
