{"type":"operationStart","subtype":"profile","data":{"_id":"C2LR7DdQyIgnwnoo","timestamp":"2025-04-09T06:58:55.302Z","state":"queued","mode":"standard","creationDate":"2025-04-09T06:58:55.304Z","modificationDate":"2025-04-09T06:58:55.304Z","shortid":"nxXdaBF","$entitySet":"profiles"},"doDiffs":false,"timestamp":1744181935303,"id":"ew0wzfjyat9nsft","previousOperationId":null,"operationId":"ed2tq79zmydccm4"}
{"type":"log","level":"info","message":"Render request 28 queued for execution and waiting for available worker","previousOperationId":"ed2tq79zmydccm4","timestamp":1744181935303,"id":"yjqtjtd2u9ctc02"}
{"type":"operationStart","subtype":"render","name":"myTemplate","previousOperationId":"ed2tq79zmydccm4","timestamp":1744181935330,"id":"r47dnlh87xr2gaj","previousEventId":"ew0wzfjyat9nsft","operationId":"cjv6jcz04wukl9e"}
{"type":"log","timestamp":1744181935330,"level":"info","message":"Starting rendering request 28","meta":{"rootId":"s1ad7iux4l0xm4g","id":"s1ad7iux4l0xm4g"},"id":"j6qmuzls0sxq530","previousOperationId":"cjv6jcz04wukl9e"}
{"type":"log","timestamp":1744181935330,"level":"info","message":"Rendering template { name: myTemplate, recipe: chrome-pdf, engine: handlebars, preview: true }","meta":{"rootId":"s1ad7iux4l0xm4g","id":"s1ad7iux4l0xm4g"},"id":"upcjd6owkx5ypfw","previousOperationId":"cjv6jcz04wukl9e"}
{"type":"log","timestamp":1744181935331,"level":"debug","message":"Inline data specified.","meta":{"rootId":"s1ad7iux4l0xm4g","id":"s1ad7iux4l0xm4g"},"id":"ni6lshgg3laigma","previousOperationId":"cjv6jcz04wukl9e"}
{"type":"log","timestamp":1744181935333,"level":"debug","message":"Base url not specified, skipping its injection.","meta":{"rootId":"s1ad7iux4l0xm4g","id":"s1ad7iux4l0xm4g"},"id":"1pdgwmhj1we1h0x","previousOperationId":"cjv6jcz04wukl9e"}
{"type":"operationStart","subtype":"engine","name":"handlebars","timestamp":1744181935333,"id":"6id7zptjiv1loxv","previousEventId":"r47dnlh87xr2gaj","operationId":"z6884tkhdr79k58","previousOperationId":"cjv6jcz04wukl9e"}
{"type":"log","timestamp":1744181935333,"level":"debug","message":"Rendering engine handlebars","meta":{"rootId":"s1ad7iux4l0xm4g","id":"s1ad7iux4l0xm4g"},"id":"wjuyv9o1bpt8sai","previousOperationId":"z6884tkhdr79k58"}
{"type":"operationEnd","operationId":"z6884tkhdr79k58","timestamp":1744181935351,"id":"8rqu2qud5ojn469","previousEventId":"6id7zptjiv1loxv","previousOperationId":"z6884tkhdr79k58"}
{"type":"operationStart","subtype":"recipe","name":"chrome-pdf","timestamp":1744181935351,"id":"hoxpz4cufqhdiw3","previousEventId":"8rqu2qud5ojn469","operationId":"vq0nngmu7m6hdk5","previousOperationId":"z6884tkhdr79k58"}
{"type":"log","timestamp":1744181935351,"level":"debug","message":"Executing recipe chrome-pdf","meta":{"rootId":"s1ad7iux4l0xm4g","id":"s1ad7iux4l0xm4g"},"id":"1smbiu6a0rrebuf","previousOperationId":"vq0nngmu7m6hdk5"}
{"type":"log","timestamp":1744181935359,"level":"debug","message":"Converting with chrome Chrome/133.0.6943.126 using chrome-pool strategy","meta":{"rootId":"s1ad7iux4l0xm4g","id":"s1ad7iux4l0xm4g"},"id":"u6o08p5ihn5xnbo","previousOperationId":"vq0nngmu7m6hdk5"}
{"type":"log","timestamp":1744181935424,"level":"debug","message":"Page request: GET (document) file:///C:/Users/Patheo24/AppData/Local/Temp/jsreport/autocleanup/60bd03f3-cbe5-4fa9-a4f3-f3bbbdbc5626-chrome-pdf.html","meta":{"rootId":"s1ad7iux4l0xm4g","id":"s1ad7iux4l0xm4g"},"id":"g9janfuggxz2rsh","previousOperationId":"vq0nngmu7m6hdk5"}
{"type":"log","timestamp":1744181935441,"level":"debug","message":"Page request finished: GET (document) 200 file:///C:/Users/Patheo24/AppData/Local/Temp/jsreport/autocleanup/60bd03f3-cbe5-4fa9-a4f3-f3bbbdbc5626-chrome-pdf.html","meta":{"rootId":"s1ad7iux4l0xm4g","id":"s1ad7iux4l0xm4g"},"id":"pagfxsfkfynpv2c","previousOperationId":"vq0nngmu7m6hdk5"}
{"type":"log","timestamp":1744181935442,"level":"debug","message":"(console:info) Slow network is detected. See https://www.chromestatus.com/feature/5636954674692096 for more details. Fallback font will be used while loading: http://localhost:5488/fonts/kalpurush.ttf","meta":{"userLevel":true,"rootId":"s1ad7iux4l0xm4g","id":"s1ad7iux4l0xm4g"},"id":"jdohwn47eyx4188","previousOperationId":"vq0nngmu7m6hdk5"}
{"type":"log","timestamp":1744181935442,"level":"debug","message":"Page request: GET (font) http://localhost:5488/fonts/kalpurush.ttf","meta":{"rootId":"s1ad7iux4l0xm4g","id":"s1ad7iux4l0xm4g"},"id":"tgryt6vuojvn1p0","previousOperationId":"vq0nngmu7m6hdk5"}
{"type":"log","timestamp":1744181935443,"level":"debug","message":"Page request: GET (image) https://res.cloudinary.com/dpes1dyqb/image/upload/v1738768933/logo_myycxt.jpg","meta":{"rootId":"s1ad7iux4l0xm4g","id":"s1ad7iux4l0xm4g"},"id":"40zdo4bda7wioim","previousOperationId":"vq0nngmu7m6hdk5"}
{"type":"log","timestamp":1744181935489,"level":"debug","message":"Page request: GET (font) http://localhost:5488/fonts/kalpurush.ttf","meta":{"rootId":"s1ad7iux4l0xm4g","id":"s1ad7iux4l0xm4g"},"id":"8j1ej79ju5sgzg5","previousOperationId":"vq0nngmu7m6hdk5"}
{"type":"log","timestamp":1744181935490,"level":"debug","message":"Page request finished: GET (image) 200 https://res.cloudinary.com/dpes1dyqb/image/upload/v1738768933/logo_myycxt.jpg","meta":{"rootId":"s1ad7iux4l0xm4g","id":"s1ad7iux4l0xm4g"},"id":"3ldomu7rw0u4y4y","previousOperationId":"vq0nngmu7m6hdk5"}
{"type":"log","timestamp":1744181935496,"level":"debug","message":"(console:error) Failed to load resource: the server responded with a status of 404 (Not Found)","meta":{"userLevel":true,"rootId":"s1ad7iux4l0xm4g","id":"s1ad7iux4l0xm4g"},"id":"5m2a08gggab71j4","previousOperationId":"vq0nngmu7m6hdk5"}
{"type":"log","timestamp":1744181935496,"level":"warn","message":"Page request failed: GET (font) http://localhost:5488/fonts/kalpurush.ttf, failure: net::ERR_ABORTED","meta":{"rootId":"s1ad7iux4l0xm4g","id":"s1ad7iux4l0xm4g"},"id":"ro88zgz79kvv5hy","previousOperationId":"vq0nngmu7m6hdk5"}
{"type":"log","timestamp":1744181935504,"level":"debug","message":"Running chrome with params {\"printBackground\":true,\"timeout\":59949,\"margin\":{}}","meta":{"rootId":"s1ad7iux4l0xm4g","id":"s1ad7iux4l0xm4g"},"id":"ofwtqy92nm4ncl3","previousOperationId":"vq0nngmu7m6hdk5"}
{"type":"operationEnd","operationId":"vq0nngmu7m6hdk5","timestamp":1744181935826,"id":"260495w2vzfhxj5","previousEventId":"hoxpz4cufqhdiw3","previousOperationId":"vq0nngmu7m6hdk5"}
{"type":"log","timestamp":1744181935826,"level":"debug","message":"Skipping storing report.","meta":{"rootId":"s1ad7iux4l0xm4g","id":"s1ad7iux4l0xm4g"},"id":"2dlw5qdhszmviey","previousOperationId":"vq0nngmu7m6hdk5"}
{"type":"log","timestamp":1744181935826,"level":"info","message":"Rendering request 28 finished in 524 ms","meta":{"rootId":"s1ad7iux4l0xm4g","id":"s1ad7iux4l0xm4g"},"id":"ahokucxhk45w4pm","previousOperationId":"vq0nngmu7m6hdk5"}
{"type":"operationEnd","subtype":"render","operationId":"cjv6jcz04wukl9e","timestamp":1744181935826,"id":"2uhl03e5z7o3vih","previousEventId":"260495w2vzfhxj5","previousOperationId":"vq0nngmu7m6hdk5"}
{"type":"operationEnd","doDiffs":false,"previousEventId":"ew0wzfjyat9nsft","previousOperationId":"ed2tq79zmydccm4","operationId":"ed2tq79zmydccm4","timestamp":1744181935831,"id":"eemjxu2edapp1ph"}
