{"type":"operationStart","subtype":"profile","data":{"_id":"ZYafB8164R9p7utG","timestamp":"2025-04-09T09:34:13.277Z","state":"queued","mode":"standard","creationDate":"2025-04-09T09:34:13.279Z","modificationDate":"2025-04-09T09:34:13.279Z","shortid":"KdDC0nQ","$entitySet":"profiles"},"doDiffs":false,"timestamp":1744191253278,"id":"z215euubeo2n2vc","previousOperationId":null,"operationId":"k5wnepq0pgm4sry"}
{"type":"log","level":"info","message":"Render request 55 queued for execution and waiting for available worker","previousOperationId":"k5wnepq0pgm4sry","timestamp":1744191253278,"id":"mvfsoskcffx5lsk"}
{"type":"operationStart","subtype":"render","name":"myTemplate","previousOperationId":"k5wnepq0pgm4sry","timestamp":1744191253290,"id":"cxvfi1ddrxrnijw","previousEventId":"z215euubeo2n2vc","operationId":"qabori7zl9ltwmt"}
{"type":"log","timestamp":1744191253290,"level":"info","message":"Starting rendering request 55","meta":{"rootId":"s2o22x32dlq6qkp","id":"s2o22x32dlq6qkp"},"id":"dsryrqk4f1wm7jc","previousOperationId":"qabori7zl9ltwmt"}
{"type":"log","timestamp":1744191253290,"level":"info","message":"Rendering template { name: myTemplate, recipe: chrome-pdf, engine: handlebars, preview: true }","meta":{"rootId":"s2o22x32dlq6qkp","id":"s2o22x32dlq6qkp"},"id":"9z7jc97bazv5vt0","previousOperationId":"qabori7zl9ltwmt"}
{"type":"log","timestamp":1744191253291,"level":"debug","message":"Inline data specified.","meta":{"rootId":"s2o22x32dlq6qkp","id":"s2o22x32dlq6qkp"},"id":"39y7kjm08n0wcnk","previousOperationId":"qabori7zl9ltwmt"}
{"type":"log","timestamp":1744191253292,"level":"debug","message":"Base url not specified, skipping its injection.","meta":{"rootId":"s2o22x32dlq6qkp","id":"s2o22x32dlq6qkp"},"id":"gjc699mbijtojoy","previousOperationId":"qabori7zl9ltwmt"}
{"type":"operationStart","subtype":"engine","name":"handlebars","timestamp":1744191253292,"id":"undss3x8ersp3dp","previousEventId":"cxvfi1ddrxrnijw","operationId":"9o1l4i5fplec2lg","previousOperationId":"qabori7zl9ltwmt"}
{"type":"log","timestamp":1744191253293,"level":"debug","message":"Rendering engine handlebars","meta":{"rootId":"s2o22x32dlq6qkp","id":"s2o22x32dlq6qkp"},"id":"gig0ibmnndjffwi","previousOperationId":"9o1l4i5fplec2lg"}
{"type":"operationEnd","operationId":"9o1l4i5fplec2lg","timestamp":1744191253317,"id":"qwj3amw867wjtzy","previousEventId":"undss3x8ersp3dp","previousOperationId":"9o1l4i5fplec2lg"}
{"type":"operationStart","subtype":"recipe","name":"chrome-pdf","timestamp":1744191253317,"id":"t2y2uhpvpt9kbkw","previousEventId":"qwj3amw867wjtzy","operationId":"jlct4yrpwzpcvww","previousOperationId":"9o1l4i5fplec2lg"}
{"type":"log","timestamp":1744191253317,"level":"debug","message":"Executing recipe chrome-pdf","meta":{"rootId":"s2o22x32dlq6qkp","id":"s2o22x32dlq6qkp"},"id":"8rjpmw3mf4ox2tj","previousOperationId":"jlct4yrpwzpcvww"}
{"type":"log","timestamp":1744191253319,"level":"debug","message":"Converting with chrome Chrome/133.0.6943.126 using chrome-pool strategy","meta":{"rootId":"s2o22x32dlq6qkp","id":"s2o22x32dlq6qkp"},"id":"qj0cakkw7ltuc9t","previousOperationId":"jlct4yrpwzpcvww"}
{"type":"log","timestamp":1744191253377,"level":"debug","message":"Page request: GET (document) file:///C:/Users/Patheo24/AppData/Local/Temp/jsreport/autocleanup/365a33ee-efbe-4db4-bb04-84a29717901c-chrome-pdf.html","meta":{"rootId":"s2o22x32dlq6qkp","id":"s2o22x32dlq6qkp"},"id":"kdsdpkaf6e6gwrl","previousOperationId":"jlct4yrpwzpcvww"}
{"type":"log","timestamp":1744191253407,"level":"debug","message":"Page request finished: GET (document) 200 file:///C:/Users/Patheo24/AppData/Local/Temp/jsreport/autocleanup/365a33ee-efbe-4db4-bb04-84a29717901c-chrome-pdf.html","meta":{"rootId":"s2o22x32dlq6qkp","id":"s2o22x32dlq6qkp"},"id":"8o13zwiqzv5973n","previousOperationId":"jlct4yrpwzpcvww"}
{"type":"log","timestamp":1744191253408,"level":"debug","message":"(console:info) Slow network is detected. See https://www.chromestatus.com/feature/5636954674692096 for more details. Fallback font will be used while loading: http://localhost:5488/fonts/kalpurush.ttf","meta":{"userLevel":true,"rootId":"s2o22x32dlq6qkp","id":"s2o22x32dlq6qkp"},"id":"4iha9ynqb4x23ch","previousOperationId":"jlct4yrpwzpcvww"}
{"type":"log","timestamp":1744191253408,"level":"debug","message":"Page request: GET (font) http://localhost:5488/fonts/kalpurush.ttf","meta":{"rootId":"s2o22x32dlq6qkp","id":"s2o22x32dlq6qkp"},"id":"l4n1g0azoz8wvpw","previousOperationId":"jlct4yrpwzpcvww"}
{"type":"log","timestamp":1744191253410,"level":"debug","message":"Page request: GET (image) https://res.cloudinary.com/dpes1dyqb/image/upload/v1738768933/logo_myycxt.jpg","meta":{"rootId":"s2o22x32dlq6qkp","id":"s2o22x32dlq6qkp"},"id":"0ff23d1grg6uk2b","previousOperationId":"jlct4yrpwzpcvww"}
{"type":"log","timestamp":1744191253446,"level":"debug","message":"Page request: GET (font) http://localhost:5488/fonts/kalpurush.ttf","meta":{"rootId":"s2o22x32dlq6qkp","id":"s2o22x32dlq6qkp"},"id":"5obp21xb5iu6728","previousOperationId":"jlct4yrpwzpcvww"}
{"type":"log","timestamp":1744191253447,"level":"debug","message":"Page request finished: GET (image) 200 https://res.cloudinary.com/dpes1dyqb/image/upload/v1738768933/logo_myycxt.jpg","meta":{"rootId":"s2o22x32dlq6qkp","id":"s2o22x32dlq6qkp"},"id":"tpg1ntufuyf59rg","previousOperationId":"jlct4yrpwzpcvww"}
{"type":"log","timestamp":1744191253452,"level":"debug","message":"(console:error) Failed to load resource: the server responded with a status of 404 (Not Found)","meta":{"userLevel":true,"rootId":"s2o22x32dlq6qkp","id":"s2o22x32dlq6qkp"},"id":"nr1ibkvv9odor5s","previousOperationId":"jlct4yrpwzpcvww"}
{"type":"log","timestamp":1744191253452,"level":"warn","message":"Page request failed: GET (font) http://localhost:5488/fonts/kalpurush.ttf, failure: net::ERR_ABORTED","meta":{"rootId":"s2o22x32dlq6qkp","id":"s2o22x32dlq6qkp"},"id":"6c5byemllz2b2x3","previousOperationId":"jlct4yrpwzpcvww"}
{"type":"log","timestamp":1744191253458,"level":"debug","message":"Running chrome with params {\"printBackground\":true,\"timeout\":59959,\"margin\":{}}","meta":{"rootId":"s2o22x32dlq6qkp","id":"s2o22x32dlq6qkp"},"id":"g8dh92ldlun2oi3","previousOperationId":"jlct4yrpwzpcvww"}
{"type":"operationEnd","operationId":"jlct4yrpwzpcvww","timestamp":1744191253748,"id":"nrrdmyzpp0bltg7","previousEventId":"t2y2uhpvpt9kbkw","previousOperationId":"jlct4yrpwzpcvww"}
{"type":"log","timestamp":1744191253748,"level":"debug","message":"Skipping storing report.","meta":{"rootId":"s2o22x32dlq6qkp","id":"s2o22x32dlq6qkp"},"id":"vd61yqxnai5oosn","previousOperationId":"jlct4yrpwzpcvww"}
{"type":"log","timestamp":1744191253748,"level":"info","message":"Rendering request 55 finished in 471 ms","meta":{"rootId":"s2o22x32dlq6qkp","id":"s2o22x32dlq6qkp"},"id":"hgqxx7dsd2oo0hf","previousOperationId":"jlct4yrpwzpcvww"}
{"type":"operationEnd","subtype":"render","operationId":"qabori7zl9ltwmt","timestamp":1744191253748,"id":"pjv1909fpyirrjy","previousEventId":"nrrdmyzpp0bltg7","previousOperationId":"jlct4yrpwzpcvww"}
{"type":"operationEnd","doDiffs":false,"previousEventId":"z215euubeo2n2vc","previousOperationId":"k5wnepq0pgm4sry","operationId":"k5wnepq0pgm4sry","timestamp":1744191253752,"id":"r2dbaji2johf8mg"}
