{"type":"operationStart","subtype":"profile","data":{"_id":"bb0m4F8xoh0hQXG6","timestamp":"2025-04-09T13:59:34.654Z","state":"queued","mode":"standard","creationDate":"2025-04-09T13:59:34.656Z","modificationDate":"2025-04-09T13:59:34.656Z","shortid":"t_JH_sq","$entitySet":"profiles"},"doDiffs":false,"timestamp":1744207174655,"id":"sk27vflhp6oxct4","previousOperationId":null,"operationId":"stc0hy150c1hpdp"}
{"type":"log","level":"info","message":"Render request 54 queued for execution and waiting for available worker","previousOperationId":"stc0hy150c1hpdp","timestamp":1744207174655,"id":"rgnyljfm7ddpdwn"}
{"type":"operationStart","subtype":"render","name":"myTemplate","previousOperationId":"stc0hy150c1hpdp","timestamp":1744207174669,"id":"afvhy9zjh3pz7pu","previousEventId":"sk27vflhp6oxct4","operationId":"ztpk42f6erfhhya"}
{"type":"log","timestamp":1744207174669,"level":"info","message":"Starting rendering request 54","meta":{"rootId":"s55bvzcz6rfjxk1","id":"s55bvzcz6rfjxk1"},"id":"zdkim3qr4cakg1z","previousOperationId":"ztpk42f6erfhhya"}
{"type":"log","timestamp":1744207174669,"level":"info","message":"Rendering template { name: myTemplate, recipe: chrome-pdf, engine: handlebars, preview: true }","meta":{"rootId":"s55bvzcz6rfjxk1","id":"s55bvzcz6rfjxk1"},"id":"8y0gs15oxmlznit","previousOperationId":"ztpk42f6erfhhya"}
{"type":"log","timestamp":1744207174671,"level":"debug","message":"Adding sample data HUavgV0Kc","meta":{"rootId":"s55bvzcz6rfjxk1","id":"s55bvzcz6rfjxk1"},"id":"9wufzazvy5xze6d","previousOperationId":"ztpk42f6erfhhya"}
{"type":"log","timestamp":1744207174673,"level":"debug","message":"Base url not specified, skipping its injection.","meta":{"rootId":"s55bvzcz6rfjxk1","id":"s55bvzcz6rfjxk1"},"id":"5qruw1lh2d78v50","previousOperationId":"ztpk42f6erfhhya"}
{"type":"operationStart","subtype":"engine","name":"handlebars","timestamp":1744207174673,"id":"mflh4qos1ushw4x","previousEventId":"afvhy9zjh3pz7pu","operationId":"x9zru5idnvn6wcb","previousOperationId":"ztpk42f6erfhhya"}
{"type":"log","timestamp":1744207174673,"level":"debug","message":"Rendering engine handlebars","meta":{"rootId":"s55bvzcz6rfjxk1","id":"s55bvzcz6rfjxk1"},"id":"ygml3ean88vm476","previousOperationId":"x9zru5idnvn6wcb"}
{"type":"operationEnd","operationId":"x9zru5idnvn6wcb","timestamp":1744207174693,"id":"eoh1f6h8nw0pnjb","previousEventId":"mflh4qos1ushw4x","previousOperationId":"x9zru5idnvn6wcb"}
{"type":"operationStart","subtype":"recipe","name":"chrome-pdf","timestamp":1744207174693,"id":"lytjwwrmxncavv8","previousEventId":"eoh1f6h8nw0pnjb","operationId":"uwqysh82q34q2u7","previousOperationId":"x9zru5idnvn6wcb"}
{"type":"log","timestamp":1744207174693,"level":"debug","message":"Executing recipe chrome-pdf","meta":{"rootId":"s55bvzcz6rfjxk1","id":"s55bvzcz6rfjxk1"},"id":"aij6ttf74cd4cf7","previousOperationId":"uwqysh82q34q2u7"}
{"type":"log","timestamp":1744207174696,"level":"debug","message":"Converting with chrome Chrome/133.0.6943.126 using chrome-pool strategy","meta":{"rootId":"s55bvzcz6rfjxk1","id":"s55bvzcz6rfjxk1"},"id":"ti4fj526lke4b6h","previousOperationId":"uwqysh82q34q2u7"}
{"type":"log","timestamp":1744207174775,"level":"debug","message":"Page request: GET (document) file:///C:/Users/Patheo24/AppData/Local/Temp/jsreport/autocleanup/b9f123b0-1fca-4598-90ed-0361076fb72d-chrome-pdf.html","meta":{"rootId":"s55bvzcz6rfjxk1","id":"s55bvzcz6rfjxk1"},"id":"kzusnx70twek62q","previousOperationId":"uwqysh82q34q2u7"}
{"type":"log","timestamp":1744207174797,"level":"debug","message":"Page request finished: GET (document) 200 file:///C:/Users/Patheo24/AppData/Local/Temp/jsreport/autocleanup/b9f123b0-1fca-4598-90ed-0361076fb72d-chrome-pdf.html","meta":{"rootId":"s55bvzcz6rfjxk1","id":"s55bvzcz6rfjxk1"},"id":"nyr4zqbduirs6o9","previousOperationId":"uwqysh82q34q2u7"}
{"type":"log","timestamp":1744207174798,"level":"debug","message":"(console:info) Slow network is detected. See https://www.chromestatus.com/feature/5636954674692096 for more details. Fallback font will be used while loading: http://localhost:5488/fonts/kalpurush.ttf","meta":{"userLevel":true,"rootId":"s55bvzcz6rfjxk1","id":"s55bvzcz6rfjxk1"},"id":"exnv4gj7dhxv70h","previousOperationId":"uwqysh82q34q2u7"}
{"type":"log","timestamp":1744207174798,"level":"debug","message":"Page request: GET (font) http://localhost:5488/fonts/kalpurush.ttf","meta":{"rootId":"s55bvzcz6rfjxk1","id":"s55bvzcz6rfjxk1"},"id":"f2p5so4emrcekvn","previousOperationId":"uwqysh82q34q2u7"}
{"type":"log","timestamp":1744207174799,"level":"debug","message":"Page request: GET (image) https://res.cloudinary.com/dpes1dyqb/image/upload/v1738768933/logo_myycxt.jpg","meta":{"rootId":"s55bvzcz6rfjxk1","id":"s55bvzcz6rfjxk1"},"id":"1trsnv7slg2llsa","previousOperationId":"uwqysh82q34q2u7"}
{"type":"log","timestamp":1744207174867,"level":"debug","message":"Page request: GET (font) http://localhost:5488/fonts/kalpurush.ttf","meta":{"rootId":"s55bvzcz6rfjxk1","id":"s55bvzcz6rfjxk1"},"id":"wtnn52nahj0e0ev","previousOperationId":"uwqysh82q34q2u7"}
{"type":"log","timestamp":1744207174870,"level":"debug","message":"Page request finished: GET (image) 200 https://res.cloudinary.com/dpes1dyqb/image/upload/v1738768933/logo_myycxt.jpg","meta":{"rootId":"s55bvzcz6rfjxk1","id":"s55bvzcz6rfjxk1"},"id":"keahu784s1nhev5","previousOperationId":"uwqysh82q34q2u7"}
{"type":"log","timestamp":1744207174879,"level":"debug","message":"(console:error) Failed to load resource: the server responded with a status of 404 (Not Found)","meta":{"userLevel":true,"rootId":"s55bvzcz6rfjxk1","id":"s55bvzcz6rfjxk1"},"id":"uwrv2631hd8mt1k","previousOperationId":"uwqysh82q34q2u7"}
{"type":"log","timestamp":1744207174880,"level":"warn","message":"Page request failed: GET (font) http://localhost:5488/fonts/kalpurush.ttf, failure: net::ERR_ABORTED","meta":{"rootId":"s55bvzcz6rfjxk1","id":"s55bvzcz6rfjxk1"},"id":"wcj9ui8u5leya27","previousOperationId":"uwqysh82q34q2u7"}
{"type":"log","timestamp":1744207174890,"level":"debug","message":"Running chrome with params {\"printBackground\":true,\"format\":\"A5\",\"marginRight\":\"\",\"timeout\":59959,\"margin\":{\"right\":\"\"}}","meta":{"rootId":"s55bvzcz6rfjxk1","id":"s55bvzcz6rfjxk1"},"id":"4zxjhykwh1hmcju","previousOperationId":"uwqysh82q34q2u7"}
{"type":"operationEnd","operationId":"uwqysh82q34q2u7","timestamp":1744207175207,"id":"6t87xi3fj43swhc","previousEventId":"lytjwwrmxncavv8","previousOperationId":"uwqysh82q34q2u7"}
{"type":"log","timestamp":1744207175207,"level":"debug","message":"Skipping storing report.","meta":{"rootId":"s55bvzcz6rfjxk1","id":"s55bvzcz6rfjxk1"},"id":"1kow2hsoebthop2","previousOperationId":"uwqysh82q34q2u7"}
{"type":"log","timestamp":1744207175207,"level":"info","message":"Rendering request 54 finished in 553 ms","meta":{"rootId":"s55bvzcz6rfjxk1","id":"s55bvzcz6rfjxk1"},"id":"vntxyfk0gp1uajs","previousOperationId":"uwqysh82q34q2u7"}
{"type":"operationEnd","subtype":"render","operationId":"ztpk42f6erfhhya","timestamp":1744207175207,"id":"0n5v159xmnay6s3","previousEventId":"6t87xi3fj43swhc","previousOperationId":"uwqysh82q34q2u7"}
{"type":"operationEnd","doDiffs":false,"previousEventId":"sk27vflhp6oxct4","previousOperationId":"stc0hy150c1hpdp","operationId":"stc0hy150c1hpdp","timestamp":1744207175211,"id":"ta2uv0yzkhgsy8e"}
