{"type":"operationStart","subtype":"profile","data":{"_id":"9Z9h4ozgKVFhyhHw","timestamp":"2025-04-09T13:56:16.418Z","state":"queued","mode":"standard","creationDate":"2025-04-09T13:56:16.420Z","modificationDate":"2025-04-09T13:56:16.420Z","shortid":"cc0H4vT","$entitySet":"profiles"},"doDiffs":false,"timestamp":1744206976419,"id":"vroqwh5l18vdz9k","previousOperationId":null,"operationId":"9r1m22qlyq4mfum"}
{"type":"log","level":"info","message":"Render request 51 queued for execution and waiting for available worker","previousOperationId":"9r1m22qlyq4mfum","timestamp":1744206976419,"id":"mp4mxy9mg0lmvye"}
{"type":"operationStart","subtype":"render","name":"myTemplate","previousOperationId":"9r1m22qlyq4mfum","timestamp":1744206976460,"id":"4wbdo3vr31bv614","previousEventId":"vroqwh5l18vdz9k","operationId":"gz0koi83sso218f"}
{"type":"log","timestamp":1744206976460,"level":"info","message":"Starting rendering request 51","meta":{"rootId":"s7ev2licdl0iodq","id":"s7ev2licdl0iodq"},"id":"l24wr9t4tig23x2","previousOperationId":"gz0koi83sso218f"}
{"type":"log","timestamp":1744206976461,"level":"info","message":"Rendering template { name: myTemplate, recipe: chrome-pdf, engine: handlebars, preview: true }","meta":{"rootId":"s7ev2licdl0iodq","id":"s7ev2licdl0iodq"},"id":"44ao55lh95dpxfo","previousOperationId":"gz0koi83sso218f"}
{"type":"log","timestamp":1744206976462,"level":"debug","message":"Adding sample data HUavgV0Kc","meta":{"rootId":"s7ev2licdl0iodq","id":"s7ev2licdl0iodq"},"id":"q0fs2juudf6idps","previousOperationId":"gz0koi83sso218f"}
{"type":"log","timestamp":1744206976464,"level":"debug","message":"Base url not specified, skipping its injection.","meta":{"rootId":"s7ev2licdl0iodq","id":"s7ev2licdl0iodq"},"id":"xoagkr8c6c43mes","previousOperationId":"gz0koi83sso218f"}
{"type":"operationStart","subtype":"engine","name":"handlebars","timestamp":1744206976464,"id":"khagce1i68jgrf9","previousEventId":"4wbdo3vr31bv614","operationId":"4siyea6lo2vj1r1","previousOperationId":"gz0koi83sso218f"}
{"type":"log","timestamp":1744206976464,"level":"debug","message":"Rendering engine handlebars","meta":{"rootId":"s7ev2licdl0iodq","id":"s7ev2licdl0iodq"},"id":"jis5wtgml42k95t","previousOperationId":"4siyea6lo2vj1r1"}
{"type":"operationEnd","operationId":"4siyea6lo2vj1r1","timestamp":1744206976502,"id":"gis8osofczu8lk5","previousEventId":"khagce1i68jgrf9","previousOperationId":"4siyea6lo2vj1r1"}
{"type":"operationStart","subtype":"recipe","name":"chrome-pdf","timestamp":1744206976502,"id":"g3n0yd7ani3i8ec","previousEventId":"gis8osofczu8lk5","operationId":"3fnoprvux6nn47j","previousOperationId":"4siyea6lo2vj1r1"}
{"type":"log","timestamp":1744206976502,"level":"debug","message":"Executing recipe chrome-pdf","meta":{"rootId":"s7ev2licdl0iodq","id":"s7ev2licdl0iodq"},"id":"jbetsfhvnigjr5c","previousOperationId":"3fnoprvux6nn47j"}
{"type":"log","timestamp":1744206976504,"level":"debug","message":"Converting with chrome Chrome/133.0.6943.126 using chrome-pool strategy","meta":{"rootId":"s7ev2licdl0iodq","id":"s7ev2licdl0iodq"},"id":"typrwhnuip55svj","previousOperationId":"3fnoprvux6nn47j"}
{"type":"log","timestamp":1744206976574,"level":"debug","message":"Page request: GET (document) file:///C:/Users/Patheo24/AppData/Local/Temp/jsreport/autocleanup/b3ecc3b5-e40e-48d5-8be6-229c8b94eb66-chrome-pdf.html","meta":{"rootId":"s7ev2licdl0iodq","id":"s7ev2licdl0iodq"},"id":"xbkxqi55apmj3bq","previousOperationId":"3fnoprvux6nn47j"}
{"type":"log","timestamp":1744206976595,"level":"debug","message":"Page request finished: GET (document) 200 file:///C:/Users/Patheo24/AppData/Local/Temp/jsreport/autocleanup/b3ecc3b5-e40e-48d5-8be6-229c8b94eb66-chrome-pdf.html","meta":{"rootId":"s7ev2licdl0iodq","id":"s7ev2licdl0iodq"},"id":"1zyllrzezmezu1k","previousOperationId":"3fnoprvux6nn47j"}
{"type":"log","timestamp":1744206976604,"level":"debug","message":"Page request: GET (font) http://localhost:5488/fonts/kalpurush.ttf","meta":{"rootId":"s7ev2licdl0iodq","id":"s7ev2licdl0iodq"},"id":"iz1s4jyvynr3gl7","previousOperationId":"3fnoprvux6nn47j"}
{"type":"log","timestamp":1744206976605,"level":"debug","message":"Page request: GET (image) https://res.cloudinary.com/dpes1dyqb/image/upload/v1738768933/logo_myycxt.jpg","meta":{"rootId":"s7ev2licdl0iodq","id":"s7ev2licdl0iodq"},"id":"f4z9ler3e85bzdf","previousOperationId":"3fnoprvux6nn47j"}
{"type":"log","timestamp":1744206976653,"level":"debug","message":"Page request: GET (font) http://localhost:5488/fonts/kalpurush.ttf","meta":{"rootId":"s7ev2licdl0iodq","id":"s7ev2licdl0iodq"},"id":"i5n9segy3fawz0c","previousOperationId":"3fnoprvux6nn47j"}
{"type":"log","timestamp":1744206976654,"level":"debug","message":"Page request finished: GET (image) 200 https://res.cloudinary.com/dpes1dyqb/image/upload/v1738768933/logo_myycxt.jpg","meta":{"rootId":"s7ev2licdl0iodq","id":"s7ev2licdl0iodq"},"id":"wzi9ko6308qt3xk","previousOperationId":"3fnoprvux6nn47j"}
{"type":"log","timestamp":1744206976664,"level":"debug","message":"(console:error) Failed to load resource: the server responded with a status of 404 (Not Found)","meta":{"userLevel":true,"rootId":"s7ev2licdl0iodq","id":"s7ev2licdl0iodq"},"id":"1mylmkyx51qcl9h","previousOperationId":"3fnoprvux6nn47j"}
{"type":"log","timestamp":1744206976664,"level":"warn","message":"Page request failed: GET (font) http://localhost:5488/fonts/kalpurush.ttf, failure: net::ERR_ABORTED","meta":{"rootId":"s7ev2licdl0iodq","id":"s7ev2licdl0iodq"},"id":"05nfvwxgm703l6r","previousOperationId":"3fnoprvux6nn47j"}
{"type":"log","timestamp":1744206976675,"level":"debug","message":"Running chrome with params {\"printBackground\":true,\"format\":\"A5\",\"marginRight\":\"\",\"timeout\":59914,\"margin\":{\"right\":\"\"}}","meta":{"rootId":"s7ev2licdl0iodq","id":"s7ev2licdl0iodq"},"id":"36pavr565h0xvec","previousOperationId":"3fnoprvux6nn47j"}
{"type":"operationEnd","operationId":"3fnoprvux6nn47j","timestamp":1744206976995,"id":"qcsa7h497s1r2v5","previousEventId":"g3n0yd7ani3i8ec","previousOperationId":"3fnoprvux6nn47j"}
{"type":"log","timestamp":1744206976995,"level":"debug","message":"Skipping storing report.","meta":{"rootId":"s7ev2licdl0iodq","id":"s7ev2licdl0iodq"},"id":"hgo5b6getyppks1","previousOperationId":"3fnoprvux6nn47j"}
{"type":"log","timestamp":1744206976995,"level":"info","message":"Rendering request 51 finished in 577 ms","meta":{"rootId":"s7ev2licdl0iodq","id":"s7ev2licdl0iodq"},"id":"4rwvu02yvulymo2","previousOperationId":"3fnoprvux6nn47j"}
{"type":"operationEnd","subtype":"render","operationId":"gz0koi83sso218f","timestamp":1744206976995,"id":"337pbt2rgm2svhg","previousEventId":"qcsa7h497s1r2v5","previousOperationId":"3fnoprvux6nn47j"}
{"type":"operationEnd","doDiffs":false,"previousEventId":"vroqwh5l18vdz9k","previousOperationId":"9r1m22qlyq4mfum","operationId":"9r1m22qlyq4mfum","timestamp":1744206976999,"id":"f7jbj07rz9rx9qe"}
