{"type":"operationStart","subtype":"profile","data":{"_id":"wOT9gXshu1Komste","timestamp":"2025-04-09T11:52:18.451Z","state":"queued","mode":"standard","creationDate":"2025-04-09T11:52:18.452Z","modificationDate":"2025-04-09T11:52:18.452Z","shortid":"prFkHD5","$entitySet":"profiles"},"doDiffs":false,"timestamp":1744199538452,"id":"3bg6fzwdu6ba094","previousOperationId":null,"operationId":"th7kghfa7rb6hhv"}
{"type":"log","level":"info","message":"Render request 41 queued for execution and waiting for available worker","previousOperationId":"th7kghfa7rb6hhv","timestamp":1744199538452,"id":"1amgjrj38xep68c"}
{"type":"operationStart","subtype":"render","name":"myTemplate","previousOperationId":"th7kghfa7rb6hhv","timestamp":1744199538468,"id":"pa7yzp26mr8hqxa","previousEventId":"3bg6fzwdu6ba094","operationId":"uel5jl7jmqiaros"}
{"type":"log","timestamp":1744199538468,"level":"info","message":"Starting rendering request 41","meta":{"rootId":"s9kvq6zmeyynuuk","id":"s9kvq6zmeyynuuk"},"id":"qqlclc5us1yvvtk","previousOperationId":"uel5jl7jmqiaros"}
{"type":"log","timestamp":1744199538469,"level":"info","message":"Rendering template { name: myTemplate, recipe: chrome-pdf, engine: handlebars, preview: false }","meta":{"rootId":"s9kvq6zmeyynuuk","id":"s9kvq6zmeyynuuk"},"id":"glb7ennuxo61zml","previousOperationId":"uel5jl7jmqiaros"}
{"type":"log","timestamp":1744199538469,"level":"debug","message":"Inline data specified.","meta":{"rootId":"s9kvq6zmeyynuuk","id":"s9kvq6zmeyynuuk"},"id":"7c375drc6sfas6x","previousOperationId":"uel5jl7jmqiaros"}
{"type":"log","timestamp":1744199538479,"level":"debug","message":"Base url not specified, skipping its injection.","meta":{"rootId":"s9kvq6zmeyynuuk","id":"s9kvq6zmeyynuuk"},"id":"27cfpu9njjjb6es","previousOperationId":"uel5jl7jmqiaros"}
{"type":"operationStart","subtype":"engine","name":"handlebars","timestamp":1744199538482,"id":"wmk87z10565l3l2","previousEventId":"pa7yzp26mr8hqxa","operationId":"j77jg6mk54txt64","previousOperationId":"uel5jl7jmqiaros"}
{"type":"log","timestamp":1744199538482,"level":"debug","message":"Rendering engine handlebars","meta":{"rootId":"s9kvq6zmeyynuuk","id":"s9kvq6zmeyynuuk"},"id":"d65zrslpi8hn2c1","previousOperationId":"j77jg6mk54txt64"}
{"type":"operationEnd","operationId":"j77jg6mk54txt64","timestamp":1744199538499,"id":"lucij4x4ekup98b","previousEventId":"wmk87z10565l3l2","previousOperationId":"j77jg6mk54txt64"}
{"type":"operationStart","subtype":"recipe","name":"chrome-pdf","timestamp":1744199538499,"id":"1uesilwh1m19pde","previousEventId":"lucij4x4ekup98b","operationId":"lta58dxz7szfaf8","previousOperationId":"j77jg6mk54txt64"}
{"type":"log","timestamp":1744199538499,"level":"debug","message":"Executing recipe chrome-pdf","meta":{"rootId":"s9kvq6zmeyynuuk","id":"s9kvq6zmeyynuuk"},"id":"m0do91zfgqgg7a6","previousOperationId":"lta58dxz7szfaf8"}
{"type":"log","timestamp":1744199538502,"level":"debug","message":"Converting with chrome Chrome/133.0.6943.126 using chrome-pool strategy","meta":{"rootId":"s9kvq6zmeyynuuk","id":"s9kvq6zmeyynuuk"},"id":"uvp8u3kwucww0cs","previousOperationId":"lta58dxz7szfaf8"}
{"type":"log","timestamp":1744199538592,"level":"debug","message":"Page request: GET (document) file:///C:/Users/Patheo24/AppData/Local/Temp/jsreport/autocleanup/7e3ce6ea-ec6b-419d-8ef7-eedd587187aa-chrome-pdf.html","meta":{"rootId":"s9kvq6zmeyynuuk","id":"s9kvq6zmeyynuuk"},"id":"nfacb04w4d9svxk","previousOperationId":"lta58dxz7szfaf8"}
{"type":"log","timestamp":1744199538613,"level":"debug","message":"Page request finished: GET (document) 200 file:///C:/Users/Patheo24/AppData/Local/Temp/jsreport/autocleanup/7e3ce6ea-ec6b-419d-8ef7-eedd587187aa-chrome-pdf.html","meta":{"rootId":"s9kvq6zmeyynuuk","id":"s9kvq6zmeyynuuk"},"id":"tzzalalfutje1xa","previousOperationId":"lta58dxz7szfaf8"}
{"type":"log","timestamp":1744199538613,"level":"debug","message":"(console:info) Slow network is detected. See https://www.chromestatus.com/feature/5636954674692096 for more details. Fallback font will be used while loading: http://localhost:5488/fonts/kalpurush.ttf","meta":{"userLevel":true,"rootId":"s9kvq6zmeyynuuk","id":"s9kvq6zmeyynuuk"},"id":"eznkrxlo11w2c1h","previousOperationId":"lta58dxz7szfaf8"}
{"type":"log","timestamp":1744199538614,"level":"debug","message":"Page request: GET (font) http://localhost:5488/fonts/kalpurush.ttf","meta":{"rootId":"s9kvq6zmeyynuuk","id":"s9kvq6zmeyynuuk"},"id":"l1t817rdb4t5fpl","previousOperationId":"lta58dxz7szfaf8"}
{"type":"log","timestamp":1744199538619,"level":"debug","message":"Page request: GET (font) http://localhost:5488/fonts/kalpurush.ttf","meta":{"rootId":"s9kvq6zmeyynuuk","id":"s9kvq6zmeyynuuk"},"id":"r02brp1rchq8y1q","previousOperationId":"lta58dxz7szfaf8"}
{"type":"log","timestamp":1744199538630,"level":"debug","message":"(console:error) Failed to load resource: the server responded with a status of 404 (Not Found)","meta":{"userLevel":true,"rootId":"s9kvq6zmeyynuuk","id":"s9kvq6zmeyynuuk"},"id":"8cjxji832fthlwa","previousOperationId":"lta58dxz7szfaf8"}
{"type":"log","timestamp":1744199538630,"level":"warn","message":"Page request failed: GET (font) http://localhost:5488/fonts/kalpurush.ttf, failure: net::ERR_ABORTED","meta":{"rootId":"s9kvq6zmeyynuuk","id":"s9kvq6zmeyynuuk"},"id":"yudsr9wis4zaacz","previousOperationId":"lta58dxz7szfaf8"}
{"type":"log","timestamp":1744199538642,"level":"debug","message":"Running chrome with params {\"printBackground\":true,\"timeout\":59949,\"margin\":{}}","meta":{"rootId":"s9kvq6zmeyynuuk","id":"s9kvq6zmeyynuuk"},"id":"mv5irf6kex3d2us","previousOperationId":"lta58dxz7szfaf8"}
{"type":"operationEnd","operationId":"lta58dxz7szfaf8","timestamp":1744199539154,"id":"wud8mumo4aj6tkd","previousEventId":"1uesilwh1m19pde","previousOperationId":"lta58dxz7szfaf8"}
{"type":"log","timestamp":1744199539154,"level":"debug","message":"Skipping storing report.","meta":{"rootId":"s9kvq6zmeyynuuk","id":"s9kvq6zmeyynuuk"},"id":"86ic8ff4mv3asr6","previousOperationId":"lta58dxz7szfaf8"}
{"type":"log","timestamp":1744199539155,"level":"info","message":"Rendering request 41 finished in 705 ms","meta":{"rootId":"s9kvq6zmeyynuuk","id":"s9kvq6zmeyynuuk"},"id":"374bizi3qfdw828","previousOperationId":"lta58dxz7szfaf8"}
{"type":"operationEnd","subtype":"render","operationId":"uel5jl7jmqiaros","timestamp":1744199539155,"id":"wazeku0zwvpe9t9","previousEventId":"wud8mumo4aj6tkd","previousOperationId":"lta58dxz7szfaf8"}
{"type":"operationEnd","doDiffs":false,"previousEventId":"3bg6fzwdu6ba094","previousOperationId":"th7kghfa7rb6hhv","operationId":"th7kghfa7rb6hhv","timestamp":1744199539157,"id":"g00fjmenerqyeze"}
