{"type":"operationStart","subtype":"profile","data":{"_id":"KCAglfdm0aQrUBZq","timestamp":"2025-04-09T19:35:38.510Z","state":"queued","mode":"standard","creationDate":"2025-04-09T19:35:38.513Z","modificationDate":"2025-04-09T19:35:38.513Z","shortid":"iK6V0ak","$entitySet":"profiles"},"doDiffs":false,"timestamp":1744227338511,"id":"40y3kf8swvkczq3","previousOperationId":null,"operationId":"hyz24igkwptu8m6"}
{"type":"log","level":"info","message":"Render request 2 queued for execution and waiting for available worker","previousOperationId":"hyz24igkwptu8m6","timestamp":1744227338511,"id":"ct0ic7hhjseoji5"}
{"type":"operationStart","subtype":"render","name":"myTemplate","previousOperationId":"hyz24igkwptu8m6","timestamp":1744227338533,"id":"wp1sl6v5x7nmr8c","previousEventId":"40y3kf8swvkczq3","operationId":"atc924bnc44fmd3"}
{"type":"log","timestamp":1744227338534,"level":"info","message":"Starting rendering request 2","meta":{"rootId":"se5dv350n6usx95","id":"se5dv350n6usx95"},"id":"49sd9d0wo76fso8","previousOperationId":"atc924bnc44fmd3"}
{"type":"log","timestamp":1744227338534,"level":"info","message":"Rendering template { name: myTemplate, recipe: chrome-pdf, engine: handlebars, preview: true }","meta":{"rootId":"se5dv350n6usx95","id":"se5dv350n6usx95"},"id":"1jnbo9pleo6z1jn","previousOperationId":"atc924bnc44fmd3"}
{"type":"log","timestamp":1744227338539,"level":"debug","message":"Adding sample data HUavgV0Kc","meta":{"rootId":"se5dv350n6usx95","id":"se5dv350n6usx95"},"id":"91obd8o1hb2uu0b","previousOperationId":"atc924bnc44fmd3"}
{"type":"log","timestamp":1744227338545,"level":"debug","message":"Base url not specified, skipping its injection.","meta":{"rootId":"se5dv350n6usx95","id":"se5dv350n6usx95"},"id":"0avrc6ddekkqaud","previousOperationId":"atc924bnc44fmd3"}
{"type":"operationStart","subtype":"engine","name":"handlebars","timestamp":1744227338546,"id":"g35ikfk7cbboc3t","previousEventId":"wp1sl6v5x7nmr8c","operationId":"cn96itjgtq6vszn","previousOperationId":"atc924bnc44fmd3"}
{"type":"log","timestamp":1744227338546,"level":"debug","message":"Rendering engine handlebars","meta":{"rootId":"se5dv350n6usx95","id":"se5dv350n6usx95"},"id":"o8is2srkuazzs2d","previousOperationId":"cn96itjgtq6vszn"}
{"type":"operationEnd","operationId":"cn96itjgtq6vszn","timestamp":1744227339275,"id":"uwa7bylbfzvksjy","previousEventId":"g35ikfk7cbboc3t","previousOperationId":"cn96itjgtq6vszn"}
{"type":"operationStart","subtype":"recipe","name":"chrome-pdf","timestamp":1744227339276,"id":"dzh9c9n88jjdttv","previousEventId":"uwa7bylbfzvksjy","operationId":"a80d1x9pvk1fi8i","previousOperationId":"cn96itjgtq6vszn"}
{"type":"log","timestamp":1744227339276,"level":"debug","message":"Executing recipe chrome-pdf","meta":{"rootId":"se5dv350n6usx95","id":"se5dv350n6usx95"},"id":"lmm265zymsjxfg2","previousOperationId":"a80d1x9pvk1fi8i"}
{"type":"log","timestamp":1744227340153,"level":"debug","message":"Converting with chrome Chrome/133.0.6943.126 using chrome-pool strategy","meta":{"rootId":"se5dv350n6usx95","id":"se5dv350n6usx95"},"id":"eitr11sowxzqiji","previousOperationId":"a80d1x9pvk1fi8i"}
{"type":"log","timestamp":1744227340309,"level":"debug","message":"Page request: GET (document) file:///C:/Users/Patheo24/AppData/Local/Temp/jsreport/autocleanup/6c2a87e9-5205-4c7a-b5bf-7559c47df12a-chrome-pdf.html","meta":{"rootId":"se5dv350n6usx95","id":"se5dv350n6usx95"},"id":"b2hyy09n1ofyq2g","previousOperationId":"a80d1x9pvk1fi8i"}
{"type":"log","timestamp":1744227340339,"level":"debug","message":"Page request finished: GET (document) 200 file:///C:/Users/Patheo24/AppData/Local/Temp/jsreport/autocleanup/6c2a87e9-5205-4c7a-b5bf-7559c47df12a-chrome-pdf.html","meta":{"rootId":"se5dv350n6usx95","id":"se5dv350n6usx95"},"id":"bd07ee89akz7hi3","previousOperationId":"a80d1x9pvk1fi8i"}
{"type":"log","timestamp":1744227340361,"level":"debug","message":"Page request: GET (image) https://res.cloudinary.com/dpes1dyqb/image/upload/v1738768933/logo_myycxt.jpg","meta":{"rootId":"se5dv350n6usx95","id":"se5dv350n6usx95"},"id":"y9ifg7g8yk1cido","previousOperationId":"a80d1x9pvk1fi8i"}
{"type":"log","timestamp":1744227340362,"level":"debug","message":"Page request: GET (font) http://localhost:5488/fonts/kalpurush.ttf","meta":{"rootId":"se5dv350n6usx95","id":"se5dv350n6usx95"},"id":"7vdbe2378te1ja3","previousOperationId":"a80d1x9pvk1fi8i"}
{"type":"log","timestamp":1744227340378,"level":"debug","message":"Page request: GET (font) http://localhost:5488/fonts/kalpurush.ttf","meta":{"rootId":"se5dv350n6usx95","id":"se5dv350n6usx95"},"id":"3x1kkogu2q9o2op","previousOperationId":"a80d1x9pvk1fi8i"}
{"type":"log","timestamp":1744227340395,"level":"debug","message":"(console:error) Failed to load resource: the server responded with a status of 404 (Not Found)","meta":{"userLevel":true,"rootId":"se5dv350n6usx95","id":"se5dv350n6usx95"},"id":"uhi8dq6xlvssp85","previousOperationId":"a80d1x9pvk1fi8i"}
{"type":"log","timestamp":1744227340396,"level":"warn","message":"Page request failed: GET (font) http://localhost:5488/fonts/kalpurush.ttf, failure: net::ERR_ABORTED","meta":{"rootId":"se5dv350n6usx95","id":"se5dv350n6usx95"},"id":"h7n6rzo6mpr1vcq","previousOperationId":"a80d1x9pvk1fi8i"}
{"type":"log","timestamp":1744227340521,"level":"debug","message":"Page request finished: GET (image) 200 https://res.cloudinary.com/dpes1dyqb/image/upload/v1738768933/logo_myycxt.jpg","meta":{"rootId":"se5dv350n6usx95","id":"se5dv350n6usx95"},"id":"xfcitsf9l1kdh21","previousOperationId":"a80d1x9pvk1fi8i"}
{"type":"log","timestamp":1744227340553,"level":"debug","message":"Running chrome with params {\"printBackground\":true,\"format\":\"A5\",\"marginRight\":\"\",\"height\":\"\",\"marginTop\":\"\",\"marginBottom\":\"\",\"marginLeft\":\"\",\"displayHeaderFooter\":true,\"width\":\"\",\"timeout\":58833,\"margin\":{\"top\":\"\",\"right\":\"\",\"bottom\":\"\",\"left\":\"\"}}","meta":{"rootId":"se5dv350n6usx95","id":"se5dv350n6usx95"},"id":"6qpszserv1ihg78","previousOperationId":"a80d1x9pvk1fi8i"}
{"type":"operationEnd","operationId":"a80d1x9pvk1fi8i","timestamp":1744227340975,"id":"8lf6s16lvoqcz2y","previousEventId":"dzh9c9n88jjdttv","previousOperationId":"a80d1x9pvk1fi8i"}
{"type":"log","timestamp":1744227340976,"level":"debug","message":"Skipping storing report.","meta":{"rootId":"se5dv350n6usx95","id":"se5dv350n6usx95"},"id":"fl6jhn6v8uqm3bw","previousOperationId":"a80d1x9pvk1fi8i"}
{"type":"log","timestamp":1744227340976,"level":"info","message":"Rendering request 2 finished in 2467 ms","meta":{"rootId":"se5dv350n6usx95","id":"se5dv350n6usx95"},"id":"inygnjpfjfq1zmp","previousOperationId":"a80d1x9pvk1fi8i"}
{"type":"operationEnd","subtype":"render","operationId":"atc924bnc44fmd3","timestamp":1744227340977,"id":"5tar1l6cn1aub8m","previousEventId":"8lf6s16lvoqcz2y","previousOperationId":"a80d1x9pvk1fi8i"}
{"type":"operationEnd","doDiffs":false,"previousEventId":"40y3kf8swvkczq3","previousOperationId":"hyz24igkwptu8m6","operationId":"hyz24igkwptu8m6","timestamp":1744227340981,"id":"f9ppavonft0hd0z"}
