{"type":"operationStart","subtype":"profile","data":{"_id":"QaMmknynBmxcrgjG","timestamp":"2025-04-11T12:30:44.406Z","state":"queued","mode":"standard","creationDate":"2025-04-11T12:30:44.408Z","modificationDate":"2025-04-11T12:30:44.408Z","shortid":"R8yLIDx","$entitySet":"profiles"},"doDiffs":false,"timestamp":1744374644407,"id":"ujnt9hlkb7wzhsf","previousOperationId":null,"operationId":"m6id2ih0ffihwo8"}
{"type":"log","level":"info","message":"Render request 9 queued for execution and waiting for available worker","previousOperationId":"m6id2ih0ffihwo8","timestamp":1744374644407,"id":"fevgpvg5c6k6yrc"}
{"type":"operationStart","subtype":"render","name":"myTemplate","previousOperationId":"m6id2ih0ffihwo8","timestamp":1744374644424,"id":"hkvrdtfotr1baoc","previousEventId":"ujnt9hlkb7wzhsf","operationId":"lon5m8onxadycig"}
{"type":"log","timestamp":1744374644424,"level":"info","message":"Starting rendering request 9","meta":{"rootId":"smi1p4fhm9qizp6","id":"smi1p4fhm9qizp6"},"id":"n9nrk3relzad0k0","previousOperationId":"lon5m8onxadycig"}
{"type":"log","timestamp":1744374644424,"level":"info","message":"Rendering template { name: myTemplate, recipe: chrome-pdf, engine: handlebars, preview: true }","meta":{"rootId":"smi1p4fhm9qizp6","id":"smi1p4fhm9qizp6"},"id":"44ak2tdrk6jhqym","previousOperationId":"lon5m8onxadycig"}
{"type":"log","timestamp":1744374644424,"level":"debug","message":"Inline data specified.","meta":{"rootId":"smi1p4fhm9qizp6","id":"smi1p4fhm9qizp6"},"id":"f6ff7cscqg8vlqp","previousOperationId":"lon5m8onxadycig"}
{"type":"log","timestamp":1744374644425,"level":"debug","message":"Base url not specified, skipping its injection.","meta":{"rootId":"smi1p4fhm9qizp6","id":"smi1p4fhm9qizp6"},"id":"3apip4k0sd3t3y9","previousOperationId":"lon5m8onxadycig"}
{"type":"operationStart","subtype":"engine","name":"handlebars","timestamp":1744374644425,"id":"xiccvm9w169xyqv","previousEventId":"hkvrdtfotr1baoc","operationId":"ehn5yvm445qetmu","previousOperationId":"lon5m8onxadycig"}
{"type":"log","timestamp":1744374644425,"level":"debug","message":"Rendering engine handlebars","meta":{"rootId":"smi1p4fhm9qizp6","id":"smi1p4fhm9qizp6"},"id":"3ioyupun9r446gs","previousOperationId":"ehn5yvm445qetmu"}
{"type":"operationEnd","operationId":"ehn5yvm445qetmu","timestamp":1744374644454,"id":"gckf8nuaa03be4f","previousEventId":"xiccvm9w169xyqv","previousOperationId":"ehn5yvm445qetmu"}
{"type":"operationStart","subtype":"recipe","name":"chrome-pdf","timestamp":1744374644454,"id":"ymb27xalfqhq02g","previousEventId":"gckf8nuaa03be4f","operationId":"089im1nwjlvatp9","previousOperationId":"ehn5yvm445qetmu"}
{"type":"log","timestamp":1744374644454,"level":"debug","message":"Executing recipe chrome-pdf","meta":{"rootId":"smi1p4fhm9qizp6","id":"smi1p4fhm9qizp6"},"id":"x69bbt0lprvsdzw","previousOperationId":"089im1nwjlvatp9"}
{"type":"log","timestamp":1744374644457,"level":"debug","message":"Converting with chrome Chrome/133.0.6943.126 using chrome-pool strategy","meta":{"rootId":"smi1p4fhm9qizp6","id":"smi1p4fhm9qizp6"},"id":"hnc1psmjy7vug2q","previousOperationId":"089im1nwjlvatp9"}
{"type":"log","timestamp":1744374644536,"level":"debug","message":"Page request: GET (document) file:///C:/Users/Patheo24/AppData/Local/Temp/jsreport/autocleanup/bb70d29b-7764-44f3-83e2-debef138ec37-chrome-pdf.html","meta":{"rootId":"smi1p4fhm9qizp6","id":"smi1p4fhm9qizp6"},"id":"fx7z0z7wuj6iyh9","previousOperationId":"089im1nwjlvatp9"}
{"type":"log","timestamp":1744374644555,"level":"debug","message":"Page request finished: GET (document) 200 file:///C:/Users/Patheo24/AppData/Local/Temp/jsreport/autocleanup/bb70d29b-7764-44f3-83e2-debef138ec37-chrome-pdf.html","meta":{"rootId":"smi1p4fhm9qizp6","id":"smi1p4fhm9qizp6"},"id":"qkv0wmffcdm6t4c","previousOperationId":"089im1nwjlvatp9"}
{"type":"log","timestamp":1744374644555,"level":"debug","message":"Page request: GET (image) https://res.cloudinary.com/dpes1dyqb/image/upload/v1738768933/logo_myycxt.jpg","meta":{"rootId":"smi1p4fhm9qizp6","id":"smi1p4fhm9qizp6"},"id":"cazbxpj83n8iymj","previousOperationId":"089im1nwjlvatp9"}
{"type":"log","timestamp":1744374644556,"level":"debug","message":"Page request: GET (font) http://localhost:5488/fonts/kalpurush.ttf","meta":{"rootId":"smi1p4fhm9qizp6","id":"smi1p4fhm9qizp6"},"id":"ma1s1hlq8eltr4l","previousOperationId":"089im1nwjlvatp9"}
{"type":"log","timestamp":1744374644559,"level":"debug","message":"Page request: GET (font) http://localhost:5488/fonts/kalpurush.ttf","meta":{"rootId":"smi1p4fhm9qizp6","id":"smi1p4fhm9qizp6"},"id":"n7z2lzxym7x2hqi","previousOperationId":"089im1nwjlvatp9"}
{"type":"log","timestamp":1744374644560,"level":"debug","message":"Page request finished: GET (image) 200 https://res.cloudinary.com/dpes1dyqb/image/upload/v1738768933/logo_myycxt.jpg","meta":{"rootId":"smi1p4fhm9qizp6","id":"smi1p4fhm9qizp6"},"id":"pri0yutmb2x1019","previousOperationId":"089im1nwjlvatp9"}
{"type":"log","timestamp":1744374644619,"level":"debug","message":"(console:error) Failed to load resource: the server responded with a status of 404 (Not Found)","meta":{"userLevel":true,"rootId":"smi1p4fhm9qizp6","id":"smi1p4fhm9qizp6"},"id":"zgc5gfp3pkp06p9","previousOperationId":"089im1nwjlvatp9"}
{"type":"log","timestamp":1744374644619,"level":"warn","message":"Page request failed: GET (font) http://localhost:5488/fonts/kalpurush.ttf, failure: net::ERR_ABORTED","meta":{"rootId":"smi1p4fhm9qizp6","id":"smi1p4fhm9qizp6"},"id":"t42lc1l0duk72rj","previousOperationId":"089im1nwjlvatp9"}
{"type":"log","timestamp":1744374644632,"level":"debug","message":"Running chrome with params {\"printBackground\":true,\"format\":\"A5\",\"marginRight\":\"\",\"height\":\"\",\"marginTop\":\"\",\"marginBottom\":\"\",\"marginLeft\":\"\",\"displayHeaderFooter\":true,\"width\":\"\",\"timeout\":59950,\"margin\":{\"top\":\"\",\"right\":\"\",\"bottom\":\"\",\"left\":\"\"}}","meta":{"rootId":"smi1p4fhm9qizp6","id":"smi1p4fhm9qizp6"},"id":"3mptb7nz3oy6yah","previousOperationId":"089im1nwjlvatp9"}
{"type":"operationEnd","operationId":"089im1nwjlvatp9","timestamp":1744374644961,"id":"7wdtnj8ewqdq8xe","previousEventId":"ymb27xalfqhq02g","previousOperationId":"089im1nwjlvatp9"}
{"type":"log","timestamp":1744374644962,"level":"debug","message":"Skipping storing report.","meta":{"rootId":"smi1p4fhm9qizp6","id":"smi1p4fhm9qizp6"},"id":"pj7z45zomo7w2qy","previousOperationId":"089im1nwjlvatp9"}
{"type":"log","timestamp":1744374644962,"level":"info","message":"Rendering request 9 finished in 556 ms","meta":{"rootId":"smi1p4fhm9qizp6","id":"smi1p4fhm9qizp6"},"id":"egy7j42hzzbri4y","previousOperationId":"089im1nwjlvatp9"}
{"type":"operationEnd","subtype":"render","operationId":"lon5m8onxadycig","timestamp":1744374644962,"id":"g4qw29050tnsemz","previousEventId":"7wdtnj8ewqdq8xe","previousOperationId":"089im1nwjlvatp9"}
{"type":"operationEnd","doDiffs":false,"previousEventId":"ujnt9hlkb7wzhsf","previousOperationId":"m6id2ih0ffihwo8","operationId":"m6id2ih0ffihwo8","timestamp":1744374644966,"id":"uhdxsi7qclplr3z"}
