{"type":"operationStart","subtype":"profile","data":{"_id":"llOayBYh1SuAoFBC","timestamp":"2025-04-10T13:20:58.271Z","state":"queued","mode":"standard","creationDate":"2025-04-10T13:20:58.273Z","modificationDate":"2025-04-10T13:20:58.273Z","shortid":"ylTCA34","$entitySet":"profiles"},"doDiffs":false,"timestamp":1744291258272,"id":"k3zqes79cb0s1l8","previousOperationId":null,"operationId":"kyxohj5c4w87pdc"}
{"type":"log","level":"info","message":"Render request 26 queued for execution and waiting for available worker","previousOperationId":"kyxohj5c4w87pdc","timestamp":1744291258272,"id":"e29de76za4melwr"}
{"type":"operationStart","subtype":"render","name":"myTemplate","previousOperationId":"kyxohj5c4w87pdc","timestamp":1744291258291,"id":"gp5hp02tm772ioz","previousEventId":"k3zqes79cb0s1l8","operationId":"966601r1953k1kt"}
{"type":"log","timestamp":1744291258291,"level":"info","message":"Starting rendering request 26","meta":{"rootId":"smnwozxj5itcxl4","id":"smnwozxj5itcxl4"},"id":"p8h1tito50di2g8","previousOperationId":"966601r1953k1kt"}
{"type":"log","timestamp":1744291258291,"level":"info","message":"Rendering template { name: myTemplate, recipe: chrome-pdf, engine: handlebars, preview: true }","meta":{"rootId":"smnwozxj5itcxl4","id":"smnwozxj5itcxl4"},"id":"jawglw55pxp1jqy","previousOperationId":"966601r1953k1kt"}
{"type":"log","timestamp":1744291258292,"level":"debug","message":"Adding sample data HUavgV0Kc","meta":{"rootId":"smnwozxj5itcxl4","id":"smnwozxj5itcxl4"},"id":"65hp6xpeiskgkju","previousOperationId":"966601r1953k1kt"}
{"type":"log","timestamp":1744291258293,"level":"debug","message":"Base url not specified, skipping its injection.","meta":{"rootId":"smnwozxj5itcxl4","id":"smnwozxj5itcxl4"},"id":"wkzhl9uw70643vd","previousOperationId":"966601r1953k1kt"}
{"type":"operationStart","subtype":"engine","name":"handlebars","timestamp":1744291258293,"id":"4lj05wwkmhbos9e","previousEventId":"gp5hp02tm772ioz","operationId":"7qyh34gglwngox8","previousOperationId":"966601r1953k1kt"}
{"type":"log","timestamp":1744291258293,"level":"debug","message":"Rendering engine handlebars","meta":{"rootId":"smnwozxj5itcxl4","id":"smnwozxj5itcxl4"},"id":"0le14l5ty60qaay","previousOperationId":"7qyh34gglwngox8"}
{"type":"operationEnd","operationId":"7qyh34gglwngox8","timestamp":1744291258323,"id":"689qtdcwply6ema","previousEventId":"4lj05wwkmhbos9e","previousOperationId":"7qyh34gglwngox8"}
{"type":"operationStart","subtype":"recipe","name":"chrome-pdf","timestamp":1744291258324,"id":"3jqyv9qnzl2mxmk","previousEventId":"689qtdcwply6ema","operationId":"x2m7a6t8harcg31","previousOperationId":"7qyh34gglwngox8"}
{"type":"log","timestamp":1744291258324,"level":"debug","message":"Executing recipe chrome-pdf","meta":{"rootId":"smnwozxj5itcxl4","id":"smnwozxj5itcxl4"},"id":"28wnvpgar6bt9hb","previousOperationId":"x2m7a6t8harcg31"}
{"type":"log","timestamp":1744291258326,"level":"debug","message":"Converting with chrome Chrome/133.0.6943.126 using chrome-pool strategy","meta":{"rootId":"smnwozxj5itcxl4","id":"smnwozxj5itcxl4"},"id":"yaleu8p2v5ftnu1","previousOperationId":"x2m7a6t8harcg31"}
{"type":"log","timestamp":1744291258398,"level":"debug","message":"Page request: GET (document) file:///C:/Users/Patheo24/AppData/Local/Temp/jsreport/autocleanup/7809c608-dd73-4124-a063-88c298659fc6-chrome-pdf.html","meta":{"rootId":"smnwozxj5itcxl4","id":"smnwozxj5itcxl4"},"id":"lc9qj8pswqzp8r4","previousOperationId":"x2m7a6t8harcg31"}
{"type":"log","timestamp":1744291258422,"level":"debug","message":"Page request finished: GET (document) 200 file:///C:/Users/Patheo24/AppData/Local/Temp/jsreport/autocleanup/7809c608-dd73-4124-a063-88c298659fc6-chrome-pdf.html","meta":{"rootId":"smnwozxj5itcxl4","id":"smnwozxj5itcxl4"},"id":"ia995ncvsl1rqiv","previousOperationId":"x2m7a6t8harcg31"}
{"type":"log","timestamp":1744291258431,"level":"debug","message":"Page request: GET (image) https://res.cloudinary.com/dpes1dyqb/image/upload/v1738768933/logo_myycxt.jpg","meta":{"rootId":"smnwozxj5itcxl4","id":"smnwozxj5itcxl4"},"id":"gj9xx55dya9yh0n","previousOperationId":"x2m7a6t8harcg31"}
{"type":"log","timestamp":1744291258432,"level":"debug","message":"Page request: GET (font) http://localhost:5488/fonts/kalpurush.ttf","meta":{"rootId":"smnwozxj5itcxl4","id":"smnwozxj5itcxl4"},"id":"76qgjw7sj5d6svy","previousOperationId":"x2m7a6t8harcg31"}
{"type":"log","timestamp":1744291258501,"level":"debug","message":"Page request finished: GET (image) 200 https://res.cloudinary.com/dpes1dyqb/image/upload/v1738768933/logo_myycxt.jpg","meta":{"rootId":"smnwozxj5itcxl4","id":"smnwozxj5itcxl4"},"id":"6ggy0z2a51t3t5w","previousOperationId":"x2m7a6t8harcg31"}
{"type":"log","timestamp":1744291258501,"level":"debug","message":"Page request: GET (font) http://localhost:5488/fonts/kalpurush.ttf","meta":{"rootId":"smnwozxj5itcxl4","id":"smnwozxj5itcxl4"},"id":"w5d54m609ypg0r3","previousOperationId":"x2m7a6t8harcg31"}
{"type":"log","timestamp":1744291258512,"level":"debug","message":"(console:error) Failed to load resource: the server responded with a status of 404 (Not Found)","meta":{"userLevel":true,"rootId":"smnwozxj5itcxl4","id":"smnwozxj5itcxl4"},"id":"6hmta1666jbx11x","previousOperationId":"x2m7a6t8harcg31"}
{"type":"log","timestamp":1744291258513,"level":"warn","message":"Page request failed: GET (font) http://localhost:5488/fonts/kalpurush.ttf, failure: net::ERR_ABORTED","meta":{"rootId":"smnwozxj5itcxl4","id":"smnwozxj5itcxl4"},"id":"60wygi56c53a0ff","previousOperationId":"x2m7a6t8harcg31"}
{"type":"log","timestamp":1744291258527,"level":"debug","message":"Running chrome with params {\"printBackground\":true,\"format\":\"A5\",\"marginRight\":\"\",\"height\":\"\",\"marginTop\":\"\",\"marginBottom\":\"\",\"marginLeft\":\"\",\"displayHeaderFooter\":true,\"width\":\"\",\"timeout\":59946,\"margin\":{\"top\":\"\",\"right\":\"\",\"bottom\":\"\",\"left\":\"\"}}","meta":{"rootId":"smnwozxj5itcxl4","id":"smnwozxj5itcxl4"},"id":"z5vez9pe3y30wez","previousOperationId":"x2m7a6t8harcg31"}
{"type":"operationEnd","operationId":"x2m7a6t8harcg31","timestamp":1744291258883,"id":"ryc5oyob7hv77l1","previousEventId":"3jqyv9qnzl2mxmk","previousOperationId":"x2m7a6t8harcg31"}
{"type":"log","timestamp":1744291258883,"level":"debug","message":"Skipping storing report.","meta":{"rootId":"smnwozxj5itcxl4","id":"smnwozxj5itcxl4"},"id":"bc4t6oqqq8x7qhr","previousOperationId":"x2m7a6t8harcg31"}
{"type":"log","timestamp":1744291258883,"level":"info","message":"Rendering request 26 finished in 612 ms","meta":{"rootId":"smnwozxj5itcxl4","id":"smnwozxj5itcxl4"},"id":"vfqlknopls0atls","previousOperationId":"x2m7a6t8harcg31"}
{"type":"operationEnd","subtype":"render","operationId":"966601r1953k1kt","timestamp":1744291258883,"id":"pdpnshjc3j7i02v","previousEventId":"ryc5oyob7hv77l1","previousOperationId":"x2m7a6t8harcg31"}
{"type":"operationEnd","doDiffs":false,"previousEventId":"k3zqes79cb0s1l8","previousOperationId":"kyxohj5c4w87pdc","operationId":"kyxohj5c4w87pdc","timestamp":1744291258889,"id":"umzzmbds13dgo9l"}
