{"type":"operationStart","subtype":"profile","data":{"_id":"q84mSnJNfgh6A2YP","timestamp":"2025-04-10T13:14:07.362Z","state":"queued","mode":"standard","creationDate":"2025-04-10T13:14:07.364Z","modificationDate":"2025-04-10T13:14:07.364Z","shortid":"k8WB44Q","$entitySet":"profiles"},"doDiffs":false,"timestamp":1744290847363,"id":"h2n2kh81hylvkib","previousOperationId":null,"operationId":"36s7mmeyf0wcc3g"}
{"type":"log","level":"info","message":"Render request 11 queued for execution and waiting for available worker","previousOperationId":"36s7mmeyf0wcc3g","timestamp":1744290847363,"id":"fztws32nfoc8yh0"}
{"type":"operationStart","subtype":"render","name":"myTemplate","previousOperationId":"36s7mmeyf0wcc3g","timestamp":1744290847381,"id":"vucqgytrmouuz91","previousEventId":"h2n2kh81hylvkib","operationId":"174dlcmn9sbsscz"}
{"type":"log","timestamp":1744290847381,"level":"info","message":"Starting rendering request 11","meta":{"rootId":"sz4yg1j4e70iyuy","id":"sz4yg1j4e70iyuy"},"id":"kvfepomdiv0dfp0","previousOperationId":"174dlcmn9sbsscz"}
{"type":"log","timestamp":1744290847381,"level":"info","message":"Rendering template { name: myTemplate, recipe: chrome-pdf, engine: handlebars, preview: true }","meta":{"rootId":"sz4yg1j4e70iyuy","id":"sz4yg1j4e70iyuy"},"id":"yawn0c0lcg8idka","previousOperationId":"174dlcmn9sbsscz"}
{"type":"log","timestamp":1744290847384,"level":"debug","message":"Adding sample data HUavgV0Kc","meta":{"rootId":"sz4yg1j4e70iyuy","id":"sz4yg1j4e70iyuy"},"id":"s4x3qorsge25iaw","previousOperationId":"174dlcmn9sbsscz"}
{"type":"log","timestamp":1744290847387,"level":"debug","message":"Base url not specified, skipping its injection.","meta":{"rootId":"sz4yg1j4e70iyuy","id":"sz4yg1j4e70iyuy"},"id":"ioao455pdlanslq","previousOperationId":"174dlcmn9sbsscz"}
{"type":"operationStart","subtype":"engine","name":"handlebars","timestamp":1744290847388,"id":"dj2kw9gpnxmjg5r","previousEventId":"vucqgytrmouuz91","operationId":"4dvxcw7prlx8lka","previousOperationId":"174dlcmn9sbsscz"}
{"type":"log","timestamp":1744290847388,"level":"debug","message":"Rendering engine handlebars","meta":{"rootId":"sz4yg1j4e70iyuy","id":"sz4yg1j4e70iyuy"},"id":"yu4ztl3ugfdpqhw","previousOperationId":"4dvxcw7prlx8lka"}
{"type":"operationEnd","operationId":"4dvxcw7prlx8lka","timestamp":1744290847487,"id":"uuyj592q06o4i9r","previousEventId":"dj2kw9gpnxmjg5r","previousOperationId":"4dvxcw7prlx8lka"}
{"type":"operationStart","subtype":"recipe","name":"chrome-pdf","timestamp":1744290847488,"id":"1cu2ox6499zm5bj","previousEventId":"uuyj592q06o4i9r","operationId":"pgsjvphz9q8jhp1","previousOperationId":"4dvxcw7prlx8lka"}
{"type":"log","timestamp":1744290847488,"level":"debug","message":"Executing recipe chrome-pdf","meta":{"rootId":"sz4yg1j4e70iyuy","id":"sz4yg1j4e70iyuy"},"id":"xdwsmgx67da3aym","previousOperationId":"pgsjvphz9q8jhp1"}
{"type":"log","timestamp":1744290847496,"level":"debug","message":"Converting with chrome Chrome/133.0.6943.126 using chrome-pool strategy","meta":{"rootId":"sz4yg1j4e70iyuy","id":"sz4yg1j4e70iyuy"},"id":"0rgwiwedrunnys0","previousOperationId":"pgsjvphz9q8jhp1"}
{"type":"log","timestamp":1744290847570,"level":"debug","message":"Page request: GET (document) file:///C:/Users/Patheo24/AppData/Local/Temp/jsreport/autocleanup/10789b25-d359-447f-931a-3585e93c33db-chrome-pdf.html","meta":{"rootId":"sz4yg1j4e70iyuy","id":"sz4yg1j4e70iyuy"},"id":"gkixlzahmo70zem","previousOperationId":"pgsjvphz9q8jhp1"}
{"type":"log","timestamp":1744290847598,"level":"debug","message":"Page request finished: GET (document) 200 file:///C:/Users/Patheo24/AppData/Local/Temp/jsreport/autocleanup/10789b25-d359-447f-931a-3585e93c33db-chrome-pdf.html","meta":{"rootId":"sz4yg1j4e70iyuy","id":"sz4yg1j4e70iyuy"},"id":"eckzw2reiupluey","previousOperationId":"pgsjvphz9q8jhp1"}
{"type":"log","timestamp":1744290847602,"level":"debug","message":"(console:info) Slow network is detected. See https://www.chromestatus.com/feature/5636954674692096 for more details. Fallback font will be used while loading: http://localhost:5488/fonts/kalpurush.ttf","meta":{"userLevel":true,"rootId":"sz4yg1j4e70iyuy","id":"sz4yg1j4e70iyuy"},"id":"e31e9vohps7aeba","previousOperationId":"pgsjvphz9q8jhp1"}
{"type":"log","timestamp":1744290847603,"level":"debug","message":"Page request: GET (image) https://res.cloudinary.com/dpes1dyqb/image/upload/v1738768933/logo_myycxt.jpg","meta":{"rootId":"sz4yg1j4e70iyuy","id":"sz4yg1j4e70iyuy"},"id":"p316ucbnhcrh8ot","previousOperationId":"pgsjvphz9q8jhp1"}
{"type":"log","timestamp":1744290847604,"level":"debug","message":"Page request: GET (font) http://localhost:5488/fonts/kalpurush.ttf","meta":{"rootId":"sz4yg1j4e70iyuy","id":"sz4yg1j4e70iyuy"},"id":"vq9m1ouiflyo8xb","previousOperationId":"pgsjvphz9q8jhp1"}
{"type":"log","timestamp":1744290847677,"level":"debug","message":"Page request: GET (font) http://localhost:5488/fonts/kalpurush.ttf","meta":{"rootId":"sz4yg1j4e70iyuy","id":"sz4yg1j4e70iyuy"},"id":"clgn3pbiby7j29q","previousOperationId":"pgsjvphz9q8jhp1"}
{"type":"log","timestamp":1744290847678,"level":"debug","message":"Page request finished: GET (image) 200 https://res.cloudinary.com/dpes1dyqb/image/upload/v1738768933/logo_myycxt.jpg","meta":{"rootId":"sz4yg1j4e70iyuy","id":"sz4yg1j4e70iyuy"},"id":"319fep985spd5l9","previousOperationId":"pgsjvphz9q8jhp1"}
{"type":"log","timestamp":1744290847686,"level":"debug","message":"(console:error) Failed to load resource: the server responded with a status of 404 (Not Found)","meta":{"userLevel":true,"rootId":"sz4yg1j4e70iyuy","id":"sz4yg1j4e70iyuy"},"id":"xks7zckipqif1h8","previousOperationId":"pgsjvphz9q8jhp1"}
{"type":"log","timestamp":1744290847688,"level":"warn","message":"Page request failed: GET (font) http://localhost:5488/fonts/kalpurush.ttf, failure: net::ERR_ABORTED","meta":{"rootId":"sz4yg1j4e70iyuy","id":"sz4yg1j4e70iyuy"},"id":"7svhak9uy057lru","previousOperationId":"pgsjvphz9q8jhp1"}
{"type":"log","timestamp":1744290847698,"level":"debug","message":"Running chrome with params {\"printBackground\":true,\"format\":\"A5\",\"marginRight\":\"\",\"height\":\"\",\"marginTop\":\"\",\"marginBottom\":\"\",\"marginLeft\":\"\",\"displayHeaderFooter\":true,\"width\":\"\",\"timeout\":59868,\"margin\":{\"top\":\"\",\"right\":\"\",\"bottom\":\"\",\"left\":\"\"}}","meta":{"rootId":"sz4yg1j4e70iyuy","id":"sz4yg1j4e70iyuy"},"id":"ke5iw08t9fvzahp","previousOperationId":"pgsjvphz9q8jhp1"}
{"type":"operationEnd","operationId":"pgsjvphz9q8jhp1","timestamp":1744290848016,"id":"noj1ma7fzcawz4i","previousEventId":"1cu2ox6499zm5bj","previousOperationId":"pgsjvphz9q8jhp1"}
{"type":"log","timestamp":1744290848016,"level":"debug","message":"Skipping storing report.","meta":{"rootId":"sz4yg1j4e70iyuy","id":"sz4yg1j4e70iyuy"},"id":"cc9k7emqkd02sf8","previousOperationId":"pgsjvphz9q8jhp1"}
{"type":"log","timestamp":1744290848017,"level":"info","message":"Rendering request 11 finished in 654 ms","meta":{"rootId":"sz4yg1j4e70iyuy","id":"sz4yg1j4e70iyuy"},"id":"rnzkm8yr8uqey8z","previousOperationId":"pgsjvphz9q8jhp1"}
{"type":"operationEnd","subtype":"render","operationId":"174dlcmn9sbsscz","timestamp":1744290848017,"id":"w3iq26dq2vhrftn","previousEventId":"noj1ma7fzcawz4i","previousOperationId":"pgsjvphz9q8jhp1"}
{"type":"operationEnd","doDiffs":false,"previousEventId":"h2n2kh81hylvkib","previousOperationId":"36s7mmeyf0wcc3g","operationId":"36s7mmeyf0wcc3g","timestamp":1744290848022,"id":"37exyqkmc74wz5f"}
