{"type":"operationStart","subtype":"profile","data":{"_id":"IbBodhGNfoGdxbyn","timestamp":"2025-04-10T17:23:19.925Z","state":"queued","mode":"standard","creationDate":"2025-04-10T17:23:19.930Z","modificationDate":"2025-04-10T17:23:19.930Z","shortid":"2cQeG_5","$entitySet":"profiles"},"doDiffs":false,"timestamp":1744305799928,"id":"x3s89i4e0ts9ft1","previousOperationId":null,"operationId":"figl2tbanskk880"}
{"type":"log","level":"info","message":"Render request 7 queued for execution and waiting for available worker","previousOperationId":"figl2tbanskk880","timestamp":1744305799929,"id":"0h5b1m1896vuq7w"}
{"type":"operationStart","subtype":"render","name":"myTemplate","previousOperationId":"figl2tbanskk880","timestamp":1744305799944,"id":"3hk8ozzp6z4fetu","previousEventId":"x3s89i4e0ts9ft1","operationId":"x3ng3fiedfzeic4"}
{"type":"log","timestamp":1744305799944,"level":"info","message":"Starting rendering request 7","meta":{"rootId":"t4hmn4al2m5bh7l","id":"t4hmn4al2m5bh7l"},"id":"49iq9sw9gun96zm","previousOperationId":"x3ng3fiedfzeic4"}
{"type":"log","timestamp":1744305799944,"level":"info","message":"Rendering template { name: myTemplate, recipe: chrome-pdf, engine: handlebars, preview: true }","meta":{"rootId":"t4hmn4al2m5bh7l","id":"t4hmn4al2m5bh7l"},"id":"tbwibqogek8kg9f","previousOperationId":"x3ng3fiedfzeic4"}
{"type":"log","timestamp":1744305799945,"level":"debug","message":"Inline data specified.","meta":{"rootId":"t4hmn4al2m5bh7l","id":"t4hmn4al2m5bh7l"},"id":"kxldu75ni7i3qxs","previousOperationId":"x3ng3fiedfzeic4"}
{"type":"log","timestamp":1744305799948,"level":"debug","message":"Base url not specified, skipping its injection.","meta":{"rootId":"t4hmn4al2m5bh7l","id":"t4hmn4al2m5bh7l"},"id":"h70sa8rhjccuuxv","previousOperationId":"x3ng3fiedfzeic4"}
{"type":"operationStart","subtype":"engine","name":"handlebars","timestamp":1744305799948,"id":"r6kha6kbgrx3owb","previousEventId":"3hk8ozzp6z4fetu","operationId":"t07rvmhsn9cm0i7","previousOperationId":"x3ng3fiedfzeic4"}
{"type":"log","timestamp":1744305799948,"level":"debug","message":"Rendering engine handlebars","meta":{"rootId":"t4hmn4al2m5bh7l","id":"t4hmn4al2m5bh7l"},"id":"9opywjs6rllijjj","previousOperationId":"t07rvmhsn9cm0i7"}
{"type":"operationEnd","operationId":"t07rvmhsn9cm0i7","timestamp":1744305800040,"id":"rupjca62r02gq6g","previousEventId":"r6kha6kbgrx3owb","previousOperationId":"t07rvmhsn9cm0i7"}
{"type":"operationStart","subtype":"recipe","name":"chrome-pdf","timestamp":1744305800040,"id":"4cnf2ehvsq10sae","previousEventId":"rupjca62r02gq6g","operationId":"eiapty283p2rmv8","previousOperationId":"t07rvmhsn9cm0i7"}
{"type":"log","timestamp":1744305800040,"level":"debug","message":"Executing recipe chrome-pdf","meta":{"rootId":"t4hmn4al2m5bh7l","id":"t4hmn4al2m5bh7l"},"id":"y8m29i2gta0k0ox","previousOperationId":"eiapty283p2rmv8"}
{"type":"log","timestamp":1744305800045,"level":"debug","message":"Converting with chrome Chrome/133.0.6943.126 using chrome-pool strategy","meta":{"rootId":"t4hmn4al2m5bh7l","id":"t4hmn4al2m5bh7l"},"id":"budx4x2mqejbimq","previousOperationId":"eiapty283p2rmv8"}
{"type":"log","timestamp":1744305800165,"level":"debug","message":"Page request: GET (document) file:///C:/Users/Patheo24/AppData/Local/Temp/jsreport/autocleanup/3aa9c41b-a0d5-497c-9980-245280b0f2a1-chrome-pdf.html","meta":{"rootId":"t4hmn4al2m5bh7l","id":"t4hmn4al2m5bh7l"},"id":"bna6th09vpg8juv","previousOperationId":"eiapty283p2rmv8"}
{"type":"log","timestamp":1744305800183,"level":"debug","message":"Page request finished: GET (document) 200 file:///C:/Users/Patheo24/AppData/Local/Temp/jsreport/autocleanup/3aa9c41b-a0d5-497c-9980-245280b0f2a1-chrome-pdf.html","meta":{"rootId":"t4hmn4al2m5bh7l","id":"t4hmn4al2m5bh7l"},"id":"cz16xzvtlemb09z","previousOperationId":"eiapty283p2rmv8"}
{"type":"log","timestamp":1744305800183,"level":"debug","message":"(console:info) Slow network is detected. See https://www.chromestatus.com/feature/5636954674692096 for more details. Fallback font will be used while loading: http://localhost:5488/fonts/kalpurush.ttf","meta":{"userLevel":true,"rootId":"t4hmn4al2m5bh7l","id":"t4hmn4al2m5bh7l"},"id":"k1r8f5um68co84m","previousOperationId":"eiapty283p2rmv8"}
{"type":"log","timestamp":1744305800183,"level":"debug","message":"Page request: GET (font) http://localhost:5488/fonts/kalpurush.ttf","meta":{"rootId":"t4hmn4al2m5bh7l","id":"t4hmn4al2m5bh7l"},"id":"n6fsusa0o7lka8x","previousOperationId":"eiapty283p2rmv8"}
{"type":"log","timestamp":1744305800183,"level":"debug","message":"Page request: GET (image) https://res.cloudinary.com/dpes1dyqb/image/upload/v1738768933/logo_myycxt.jpg","meta":{"rootId":"t4hmn4al2m5bh7l","id":"t4hmn4al2m5bh7l"},"id":"bedhsrpbmnhw6v5","previousOperationId":"eiapty283p2rmv8"}
{"type":"log","timestamp":1744305800237,"level":"debug","message":"Page request: GET (font) http://localhost:5488/fonts/kalpurush.ttf","meta":{"rootId":"t4hmn4al2m5bh7l","id":"t4hmn4al2m5bh7l"},"id":"p4ujtow4mu7duwq","previousOperationId":"eiapty283p2rmv8"}
{"type":"log","timestamp":1744305800238,"level":"debug","message":"Page request finished: GET (image) 200 https://res.cloudinary.com/dpes1dyqb/image/upload/v1738768933/logo_myycxt.jpg","meta":{"rootId":"t4hmn4al2m5bh7l","id":"t4hmn4al2m5bh7l"},"id":"kxgley60jn9f9xj","previousOperationId":"eiapty283p2rmv8"}
{"type":"log","timestamp":1744305800246,"level":"debug","message":"(console:error) Failed to load resource: the server responded with a status of 404 (Not Found)","meta":{"userLevel":true,"rootId":"t4hmn4al2m5bh7l","id":"t4hmn4al2m5bh7l"},"id":"iolf3ys0p4rd1vx","previousOperationId":"eiapty283p2rmv8"}
{"type":"log","timestamp":1744305800246,"level":"warn","message":"Page request failed: GET (font) http://localhost:5488/fonts/kalpurush.ttf, failure: net::ERR_ABORTED","meta":{"rootId":"t4hmn4al2m5bh7l","id":"t4hmn4al2m5bh7l"},"id":"dfao2iwhvrpraas","previousOperationId":"eiapty283p2rmv8"}
{"type":"log","timestamp":1744305800257,"level":"debug","message":"Running chrome with params {\"printBackground\":true,\"format\":\"A5\",\"marginRight\":\"\",\"height\":\"\",\"marginTop\":\"\",\"marginBottom\":\"\",\"marginLeft\":\"\",\"displayHeaderFooter\":true,\"width\":\"\",\"timeout\":59883,\"margin\":{\"top\":\"\",\"right\":\"\",\"bottom\":\"\",\"left\":\"\"}}","meta":{"rootId":"t4hmn4al2m5bh7l","id":"t4hmn4al2m5bh7l"},"id":"4mrn24oojax0elo","previousOperationId":"eiapty283p2rmv8"}
{"type":"operationEnd","operationId":"eiapty283p2rmv8","timestamp":1744305800607,"id":"rtj3voa5x9tmlwy","previousEventId":"4cnf2ehvsq10sae","previousOperationId":"eiapty283p2rmv8"}
{"type":"log","timestamp":1744305800608,"level":"debug","message":"Skipping storing report.","meta":{"rootId":"t4hmn4al2m5bh7l","id":"t4hmn4al2m5bh7l"},"id":"t6nedc8c05ix4nc","previousOperationId":"eiapty283p2rmv8"}
{"type":"log","timestamp":1744305800608,"level":"info","message":"Rendering request 7 finished in 683 ms","meta":{"rootId":"t4hmn4al2m5bh7l","id":"t4hmn4al2m5bh7l"},"id":"m4eiepwcfvx4kqt","previousOperationId":"eiapty283p2rmv8"}
{"type":"operationEnd","subtype":"render","operationId":"x3ng3fiedfzeic4","timestamp":1744305800608,"id":"cf6vf0qzfiuiqyy","previousEventId":"rtj3voa5x9tmlwy","previousOperationId":"eiapty283p2rmv8"}
{"type":"operationEnd","doDiffs":false,"previousEventId":"x3s89i4e0ts9ft1","previousOperationId":"figl2tbanskk880","operationId":"figl2tbanskk880","timestamp":1744305800613,"id":"1zarwrj6hmo4dxm"}
