{"type":"operationStart","subtype":"profile","data":{"_id":"sYaq29ZmkJ50mLYx","timestamp":"2025-04-09T13:47:49.782Z","state":"queued","mode":"standard","creationDate":"2025-04-09T13:47:49.783Z","modificationDate":"2025-04-09T13:47:49.783Z","shortid":"mKt8MKD","$entitySet":"profiles"},"doDiffs":false,"timestamp":1744206469782,"id":"7662bc8la12k3yk","previousOperationId":null,"operationId":"fgyceoll1y3hbqf"}
{"type":"log","level":"info","message":"Render request 28 queued for execution and waiting for available worker","previousOperationId":"fgyceoll1y3hbqf","timestamp":1744206469783,"id":"dbpqx34t48k85vy"}
{"type":"operationStart","subtype":"render","name":"myTemplate","previousOperationId":"fgyceoll1y3hbqf","timestamp":1744206469804,"id":"usi8d144w81wjn2","previousEventId":"7662bc8la12k3yk","operationId":"lmsddjrjlggdy0r"}
{"type":"log","timestamp":1744206469804,"level":"info","message":"Starting rendering request 28","meta":{"rootId":"t72e21p9xnug45c","id":"t72e21p9xnug45c"},"id":"41mvs0mefznv508","previousOperationId":"lmsddjrjlggdy0r"}
{"type":"log","timestamp":1744206469805,"level":"info","message":"Rendering template { name: myTemplate, recipe: chrome-pdf, engine: handlebars, preview: true }","meta":{"rootId":"t72e21p9xnug45c","id":"t72e21p9xnug45c"},"id":"6nmnzrt3fu9l6ee","previousOperationId":"lmsddjrjlggdy0r"}
{"type":"log","timestamp":1744206469807,"level":"debug","message":"Adding sample data HUavgV0Kc","meta":{"rootId":"t72e21p9xnug45c","id":"t72e21p9xnug45c"},"id":"av0voknn03cu5jd","previousOperationId":"lmsddjrjlggdy0r"}
{"type":"log","timestamp":1744206469812,"level":"debug","message":"Base url not specified, skipping its injection.","meta":{"rootId":"t72e21p9xnug45c","id":"t72e21p9xnug45c"},"id":"4wdfigkreppu5zp","previousOperationId":"lmsddjrjlggdy0r"}
{"type":"operationStart","subtype":"engine","name":"handlebars","timestamp":1744206469813,"id":"ej8km4gx9bs44hq","previousEventId":"usi8d144w81wjn2","operationId":"69vcuyqyx9f9z4l","previousOperationId":"lmsddjrjlggdy0r"}
{"type":"log","timestamp":1744206469813,"level":"debug","message":"Rendering engine handlebars","meta":{"rootId":"t72e21p9xnug45c","id":"t72e21p9xnug45c"},"id":"6uw8ygop5urewxp","previousOperationId":"69vcuyqyx9f9z4l"}
{"type":"operationEnd","operationId":"69vcuyqyx9f9z4l","timestamp":1744206469847,"id":"3pa1ob0mssjmj2v","previousEventId":"ej8km4gx9bs44hq","previousOperationId":"69vcuyqyx9f9z4l"}
{"type":"operationStart","subtype":"recipe","name":"chrome-pdf","timestamp":1744206469847,"id":"w7zbe0606dk2p0l","previousEventId":"3pa1ob0mssjmj2v","operationId":"uw49cvpd5haw5j3","previousOperationId":"69vcuyqyx9f9z4l"}
{"type":"log","timestamp":1744206469847,"level":"debug","message":"Executing recipe chrome-pdf","meta":{"rootId":"t72e21p9xnug45c","id":"t72e21p9xnug45c"},"id":"1aan0gaiyo4babt","previousOperationId":"uw49cvpd5haw5j3"}
{"type":"log","timestamp":1744206469849,"level":"debug","message":"Converting with chrome Chrome/133.0.6943.126 using chrome-pool strategy","meta":{"rootId":"t72e21p9xnug45c","id":"t72e21p9xnug45c"},"id":"pg1e9ex6lnf1k27","previousOperationId":"uw49cvpd5haw5j3"}
{"type":"log","timestamp":1744206469921,"level":"debug","message":"Page request: GET (document) file:///C:/Users/Patheo24/AppData/Local/Temp/jsreport/autocleanup/7d8c0712-0af4-46d0-ab95-083b7c284471-chrome-pdf.html","meta":{"rootId":"t72e21p9xnug45c","id":"t72e21p9xnug45c"},"id":"byq9y23k644kaed","previousOperationId":"uw49cvpd5haw5j3"}
{"type":"log","timestamp":1744206469951,"level":"debug","message":"Page request finished: GET (document) 200 file:///C:/Users/Patheo24/AppData/Local/Temp/jsreport/autocleanup/7d8c0712-0af4-46d0-ab95-083b7c284471-chrome-pdf.html","meta":{"rootId":"t72e21p9xnug45c","id":"t72e21p9xnug45c"},"id":"rdoe0ewvdim7jra","previousOperationId":"uw49cvpd5haw5j3"}
{"type":"log","timestamp":1744206469955,"level":"debug","message":"Page request: GET (font) http://localhost:5488/fonts/kalpurush.ttf","meta":{"rootId":"t72e21p9xnug45c","id":"t72e21p9xnug45c"},"id":"uzrblhxkau5cfrc","previousOperationId":"uw49cvpd5haw5j3"}
{"type":"log","timestamp":1744206469957,"level":"debug","message":"Page request: GET (image) https://res.cloudinary.com/dpes1dyqb/image/upload/v1738768933/logo_myycxt.jpg","meta":{"rootId":"t72e21p9xnug45c","id":"t72e21p9xnug45c"},"id":"mssp6h7522zl25q","previousOperationId":"uw49cvpd5haw5j3"}
{"type":"log","timestamp":1744206470015,"level":"debug","message":"Page request: GET (font) http://localhost:5488/fonts/kalpurush.ttf","meta":{"rootId":"t72e21p9xnug45c","id":"t72e21p9xnug45c"},"id":"uooo0t78d3kckf1","previousOperationId":"uw49cvpd5haw5j3"}
{"type":"log","timestamp":1744206470016,"level":"debug","message":"Page request finished: GET (image) 200 https://res.cloudinary.com/dpes1dyqb/image/upload/v1738768933/logo_myycxt.jpg","meta":{"rootId":"t72e21p9xnug45c","id":"t72e21p9xnug45c"},"id":"vri5vbspom2hsik","previousOperationId":"uw49cvpd5haw5j3"}
{"type":"log","timestamp":1744206470034,"level":"debug","message":"(console:error) Failed to load resource: the server responded with a status of 404 (Not Found)","meta":{"userLevel":true,"rootId":"t72e21p9xnug45c","id":"t72e21p9xnug45c"},"id":"9dl7zwvc6nvsls1","previousOperationId":"uw49cvpd5haw5j3"}
{"type":"log","timestamp":1744206470035,"level":"warn","message":"Page request failed: GET (font) http://localhost:5488/fonts/kalpurush.ttf, failure: net::ERR_ABORTED","meta":{"rootId":"t72e21p9xnug45c","id":"t72e21p9xnug45c"},"id":"f7bt3jwojdv31sl","previousOperationId":"uw49cvpd5haw5j3"}
{"type":"log","timestamp":1744206470045,"level":"debug","message":"Running chrome with params {\"printBackground\":true,\"format\":\"A5\",\"timeout\":59934,\"margin\":{}}","meta":{"rootId":"t72e21p9xnug45c","id":"t72e21p9xnug45c"},"id":"43v9x0xv8e088wx","previousOperationId":"uw49cvpd5haw5j3"}
{"type":"operationEnd","operationId":"uw49cvpd5haw5j3","timestamp":1744206470385,"id":"tf0wgd12kkrc6mc","previousEventId":"w7zbe0606dk2p0l","previousOperationId":"uw49cvpd5haw5j3"}
{"type":"log","timestamp":1744206470385,"level":"debug","message":"Skipping storing report.","meta":{"rootId":"t72e21p9xnug45c","id":"t72e21p9xnug45c"},"id":"15jk1jayx1gotyv","previousOperationId":"uw49cvpd5haw5j3"}
{"type":"log","timestamp":1744206470385,"level":"info","message":"Rendering request 28 finished in 603 ms","meta":{"rootId":"t72e21p9xnug45c","id":"t72e21p9xnug45c"},"id":"qvqi9aqun39ehi8","previousOperationId":"uw49cvpd5haw5j3"}
{"type":"operationEnd","subtype":"render","operationId":"lmsddjrjlggdy0r","timestamp":1744206470385,"id":"qhoalc3vxe3q37z","previousEventId":"tf0wgd12kkrc6mc","previousOperationId":"uw49cvpd5haw5j3"}
{"type":"operationEnd","doDiffs":false,"previousEventId":"7662bc8la12k3yk","previousOperationId":"fgyceoll1y3hbqf","operationId":"fgyceoll1y3hbqf","timestamp":1744206470389,"id":"18dbh32okg4pr8m"}
