{"type":"operationStart","subtype":"profile","data":{"_id":"Gn0zD6agkgNQKh4w","timestamp":"2025-04-10T12:32:32.398Z","state":"queued","mode":"standard","creationDate":"2025-04-10T12:32:32.400Z","modificationDate":"2025-04-10T12:32:32.400Z","shortid":"-kzvcjL","$entitySet":"profiles"},"doDiffs":false,"timestamp":1744288352399,"id":"o759p6lmvxs6xu8","previousOperationId":null,"operationId":"bb1602camj2pdgn"}
{"type":"log","level":"info","message":"Render request 3 queued for execution and waiting for available worker","previousOperationId":"bb1602camj2pdgn","timestamp":1744288352399,"id":"6zvu3vdozd0goei"}
{"type":"operationStart","subtype":"render","name":"myTemplate","previousOperationId":"bb1602camj2pdgn","timestamp":1744288352415,"id":"xqsw7grt467xntn","previousEventId":"o759p6lmvxs6xu8","operationId":"ki2pie1szsizizm"}
{"type":"log","timestamp":1744288352415,"level":"info","message":"Starting rendering request 3","meta":{"rootId":"t8fo38ewjzr5q59","id":"t8fo38ewjzr5q59"},"id":"tkebohjjw8n0m6h","previousOperationId":"ki2pie1szsizizm"}
{"type":"log","timestamp":1744288352415,"level":"info","message":"Rendering template { name: myTemplate, recipe: chrome-pdf, engine: handlebars, preview: true }","meta":{"rootId":"t8fo38ewjzr5q59","id":"t8fo38ewjzr5q59"},"id":"u6m8qmp7ft2ucru","previousOperationId":"ki2pie1szsizizm"}
{"type":"log","timestamp":1744288352416,"level":"debug","message":"Adding sample data HUavgV0Kc","meta":{"rootId":"t8fo38ewjzr5q59","id":"t8fo38ewjzr5q59"},"id":"bc7s2io7v2ijluz","previousOperationId":"ki2pie1szsizizm"}
{"type":"log","timestamp":1744288352418,"level":"debug","message":"Base url not specified, skipping its injection.","meta":{"rootId":"t8fo38ewjzr5q59","id":"t8fo38ewjzr5q59"},"id":"av0d9uqdfc9x5g0","previousOperationId":"ki2pie1szsizizm"}
{"type":"operationStart","subtype":"engine","name":"handlebars","timestamp":1744288352418,"id":"1yhim9mr94xk09k","previousEventId":"xqsw7grt467xntn","operationId":"5fmpujmhuxh16kp","previousOperationId":"ki2pie1szsizizm"}
{"type":"log","timestamp":1744288352418,"level":"debug","message":"Rendering engine handlebars","meta":{"rootId":"t8fo38ewjzr5q59","id":"t8fo38ewjzr5q59"},"id":"0lygqjtxilz5ly5","previousOperationId":"5fmpujmhuxh16kp"}
{"type":"operationEnd","operationId":"5fmpujmhuxh16kp","timestamp":1744288352432,"id":"xcmckmwamhmeq8k","previousEventId":"1yhim9mr94xk09k","previousOperationId":"5fmpujmhuxh16kp"}
{"type":"operationStart","subtype":"recipe","name":"chrome-pdf","timestamp":1744288352433,"id":"pbe1b4wmwnrqbz1","previousEventId":"xcmckmwamhmeq8k","operationId":"2m4hvol4srs51qb","previousOperationId":"5fmpujmhuxh16kp"}
{"type":"log","timestamp":1744288352433,"level":"debug","message":"Executing recipe chrome-pdf","meta":{"rootId":"t8fo38ewjzr5q59","id":"t8fo38ewjzr5q59"},"id":"wqjyy7ofjoe1zqw","previousOperationId":"2m4hvol4srs51qb"}
{"type":"log","timestamp":1744288352437,"level":"debug","message":"Converting with chrome Chrome/133.0.6943.126 using chrome-pool strategy","meta":{"rootId":"t8fo38ewjzr5q59","id":"t8fo38ewjzr5q59"},"id":"yukqmuztw7gp1y6","previousOperationId":"2m4hvol4srs51qb"}
{"type":"log","timestamp":1744288352633,"level":"debug","message":"Page request: GET (document) file:///C:/Users/Patheo24/AppData/Local/Temp/jsreport/autocleanup/518f6aaa-f31f-41f4-a1d7-dff5c81baa1e-chrome-pdf.html","meta":{"rootId":"t8fo38ewjzr5q59","id":"t8fo38ewjzr5q59"},"id":"omak5ehvug8rhob","previousOperationId":"2m4hvol4srs51qb"}
{"type":"log","timestamp":1744288352654,"level":"debug","message":"Page request finished: GET (document) 200 file:///C:/Users/Patheo24/AppData/Local/Temp/jsreport/autocleanup/518f6aaa-f31f-41f4-a1d7-dff5c81baa1e-chrome-pdf.html","meta":{"rootId":"t8fo38ewjzr5q59","id":"t8fo38ewjzr5q59"},"id":"138y87cxj22qg1y","previousOperationId":"2m4hvol4srs51qb"}
{"type":"log","timestamp":1744288352654,"level":"debug","message":"(console:info) Slow network is detected. See https://www.chromestatus.com/feature/5636954674692096 for more details. Fallback font will be used while loading: http://localhost:5488/fonts/kalpurush.ttf","meta":{"userLevel":true,"rootId":"t8fo38ewjzr5q59","id":"t8fo38ewjzr5q59"},"id":"vn4vpaco52o68eq","previousOperationId":"2m4hvol4srs51qb"}
{"type":"log","timestamp":1744288352655,"level":"debug","message":"Page request: GET (font) http://localhost:5488/fonts/kalpurush.ttf","meta":{"rootId":"t8fo38ewjzr5q59","id":"t8fo38ewjzr5q59"},"id":"rb5vaszrii1zdpw","previousOperationId":"2m4hvol4srs51qb"}
{"type":"log","timestamp":1744288352655,"level":"debug","message":"Page request: GET (image) https://res.cloudinary.com/dpes1dyqb/image/upload/v1738768933/logo_myycxt.jpg","meta":{"rootId":"t8fo38ewjzr5q59","id":"t8fo38ewjzr5q59"},"id":"mweamhrxg2scrz1","previousOperationId":"2m4hvol4srs51qb"}
{"type":"log","timestamp":1744288352697,"level":"debug","message":"Page request: GET (font) http://localhost:5488/fonts/kalpurush.ttf","meta":{"rootId":"t8fo38ewjzr5q59","id":"t8fo38ewjzr5q59"},"id":"bq76a33wmmkdfo4","previousOperationId":"2m4hvol4srs51qb"}
{"type":"log","timestamp":1744288352698,"level":"debug","message":"Page request finished: GET (image) 200 https://res.cloudinary.com/dpes1dyqb/image/upload/v1738768933/logo_myycxt.jpg","meta":{"rootId":"t8fo38ewjzr5q59","id":"t8fo38ewjzr5q59"},"id":"lplpk8vbpoppjbo","previousOperationId":"2m4hvol4srs51qb"}
{"type":"log","timestamp":1744288352703,"level":"debug","message":"(console:error) Failed to load resource: the server responded with a status of 404 (Not Found)","meta":{"userLevel":true,"rootId":"t8fo38ewjzr5q59","id":"t8fo38ewjzr5q59"},"id":"1rea8inu4et8nzm","previousOperationId":"2m4hvol4srs51qb"}
{"type":"log","timestamp":1744288352704,"level":"warn","message":"Page request failed: GET (font) http://localhost:5488/fonts/kalpurush.ttf, failure: net::ERR_ABORTED","meta":{"rootId":"t8fo38ewjzr5q59","id":"t8fo38ewjzr5q59"},"id":"2chutx4te4v2s6s","previousOperationId":"2m4hvol4srs51qb"}
{"type":"log","timestamp":1744288352710,"level":"debug","message":"Running chrome with params {\"printBackground\":true,\"format\":\"A5\",\"marginRight\":\"\",\"height\":\"\",\"marginTop\":\"\",\"marginBottom\":\"\",\"marginLeft\":\"\",\"displayHeaderFooter\":true,\"width\":\"\",\"timeout\":59963,\"margin\":{\"top\":\"\",\"right\":\"\",\"bottom\":\"\",\"left\":\"\"}}","meta":{"rootId":"t8fo38ewjzr5q59","id":"t8fo38ewjzr5q59"},"id":"hym3r47cyay5wiq","previousOperationId":"2m4hvol4srs51qb"}
{"type":"operationEnd","operationId":"2m4hvol4srs51qb","timestamp":1744288353214,"id":"w8sn1syoql8pj4i","previousEventId":"pbe1b4wmwnrqbz1","previousOperationId":"2m4hvol4srs51qb"}
{"type":"log","timestamp":1744288353214,"level":"debug","message":"Skipping storing report.","meta":{"rootId":"t8fo38ewjzr5q59","id":"t8fo38ewjzr5q59"},"id":"s6s8h9pj07zs988","previousOperationId":"2m4hvol4srs51qb"}
{"type":"log","timestamp":1744288353214,"level":"info","message":"Rendering request 3 finished in 816 ms","meta":{"rootId":"t8fo38ewjzr5q59","id":"t8fo38ewjzr5q59"},"id":"6db8dp646woikj7","previousOperationId":"2m4hvol4srs51qb"}
{"type":"operationEnd","subtype":"render","operationId":"ki2pie1szsizizm","timestamp":1744288353214,"id":"a716ky1imqzzce6","previousEventId":"w8sn1syoql8pj4i","previousOperationId":"2m4hvol4srs51qb"}
{"type":"operationEnd","doDiffs":false,"previousEventId":"o759p6lmvxs6xu8","previousOperationId":"bb1602camj2pdgn","operationId":"bb1602camj2pdgn","timestamp":1744288353218,"id":"ocmnyya1m15sw55"}
