{"type":"operationStart","subtype":"profile","data":{"_id":"qbq90EGOnq4QrXC7","timestamp":"2025-04-09T09:37:22.551Z","state":"queued","mode":"standard","creationDate":"2025-04-09T09:37:22.553Z","modificationDate":"2025-04-09T09:37:22.553Z","shortid":"oIHLeui","$entitySet":"profiles"},"doDiffs":false,"timestamp":1744191442552,"id":"3rd7oeskc3zzw9l","previousOperationId":null,"operationId":"mxk9src2uzd9vby"}
{"type":"log","level":"info","message":"Render request 59 queued for execution and waiting for available worker","previousOperationId":"mxk9src2uzd9vby","timestamp":1744191442552,"id":"r0i1wg6xokqp710"}
{"type":"operationStart","subtype":"render","name":"myTemplate","previousOperationId":"mxk9src2uzd9vby","timestamp":1744191442565,"id":"jjgx6oca6rzeckb","previousEventId":"3rd7oeskc3zzw9l","operationId":"qk6i1svt3fb2bs4"}
{"type":"log","timestamp":1744191442565,"level":"info","message":"Starting rendering request 59","meta":{"rootId":"tcg7ah2yj18569m","id":"tcg7ah2yj18569m"},"id":"ne8m74x9q9zurah","previousOperationId":"qk6i1svt3fb2bs4"}
{"type":"log","timestamp":1744191442565,"level":"info","message":"Rendering template { name: myTemplate, recipe: chrome-pdf, engine: handlebars, preview: true }","meta":{"rootId":"tcg7ah2yj18569m","id":"tcg7ah2yj18569m"},"id":"llyv4wsr9577lo1","previousOperationId":"qk6i1svt3fb2bs4"}
{"type":"log","timestamp":1744191442566,"level":"debug","message":"Inline data specified.","meta":{"rootId":"tcg7ah2yj18569m","id":"tcg7ah2yj18569m"},"id":"p038e84c20tixln","previousOperationId":"qk6i1svt3fb2bs4"}
{"type":"log","timestamp":1744191442567,"level":"debug","message":"Base url not specified, skipping its injection.","meta":{"rootId":"tcg7ah2yj18569m","id":"tcg7ah2yj18569m"},"id":"18qxp7p5zlxixky","previousOperationId":"qk6i1svt3fb2bs4"}
{"type":"operationStart","subtype":"engine","name":"handlebars","timestamp":1744191442567,"id":"wjjkx6o1y548kui","previousEventId":"jjgx6oca6rzeckb","operationId":"6trs4nc4044btle","previousOperationId":"qk6i1svt3fb2bs4"}
{"type":"log","timestamp":1744191442567,"level":"debug","message":"Rendering engine handlebars","meta":{"rootId":"tcg7ah2yj18569m","id":"tcg7ah2yj18569m"},"id":"bl2903ly9nt8j62","previousOperationId":"6trs4nc4044btle"}
{"type":"operationEnd","operationId":"6trs4nc4044btle","timestamp":1744191442580,"id":"52kj1z2xjbjjy8m","previousEventId":"wjjkx6o1y548kui","previousOperationId":"6trs4nc4044btle"}
{"type":"operationStart","subtype":"recipe","name":"chrome-pdf","timestamp":1744191442580,"id":"9a855qikicywi0c","previousEventId":"52kj1z2xjbjjy8m","operationId":"bsnalm27y6i7vta","previousOperationId":"6trs4nc4044btle"}
{"type":"log","timestamp":1744191442580,"level":"debug","message":"Executing recipe chrome-pdf","meta":{"rootId":"tcg7ah2yj18569m","id":"tcg7ah2yj18569m"},"id":"kloqc1ohp5yfxpy","previousOperationId":"bsnalm27y6i7vta"}
{"type":"log","timestamp":1744191442583,"level":"debug","message":"Converting with chrome Chrome/133.0.6943.126 using chrome-pool strategy","meta":{"rootId":"tcg7ah2yj18569m","id":"tcg7ah2yj18569m"},"id":"e9su6kzbs94s63u","previousOperationId":"bsnalm27y6i7vta"}
{"type":"log","timestamp":1744191442649,"level":"debug","message":"Page request: GET (document) file:///C:/Users/Patheo24/AppData/Local/Temp/jsreport/autocleanup/e622cad0-69f0-424e-ac39-a3d266be4080-chrome-pdf.html","meta":{"rootId":"tcg7ah2yj18569m","id":"tcg7ah2yj18569m"},"id":"wuioa01o9jmgb4g","previousOperationId":"bsnalm27y6i7vta"}
{"type":"log","timestamp":1744191442670,"level":"debug","message":"Page request finished: GET (document) 200 file:///C:/Users/Patheo24/AppData/Local/Temp/jsreport/autocleanup/e622cad0-69f0-424e-ac39-a3d266be4080-chrome-pdf.html","meta":{"rootId":"tcg7ah2yj18569m","id":"tcg7ah2yj18569m"},"id":"2dis3hmyk8pgjtm","previousOperationId":"bsnalm27y6i7vta"}
{"type":"log","timestamp":1744191442670,"level":"debug","message":"(console:info) Slow network is detected. See https://www.chromestatus.com/feature/5636954674692096 for more details. Fallback font will be used while loading: http://localhost:5488/fonts/kalpurush.ttf","meta":{"userLevel":true,"rootId":"tcg7ah2yj18569m","id":"tcg7ah2yj18569m"},"id":"yya0qwqynrdkiij","previousOperationId":"bsnalm27y6i7vta"}
{"type":"log","timestamp":1744191442671,"level":"debug","message":"Page request: GET (font) http://localhost:5488/fonts/kalpurush.ttf","meta":{"rootId":"tcg7ah2yj18569m","id":"tcg7ah2yj18569m"},"id":"rw7r394ono2d7qg","previousOperationId":"bsnalm27y6i7vta"}
{"type":"log","timestamp":1744191442672,"level":"debug","message":"Page request: GET (image) https://res.cloudinary.com/dpes1dyqb/image/upload/v1738768933/logo_myycxt.jpg","meta":{"rootId":"tcg7ah2yj18569m","id":"tcg7ah2yj18569m"},"id":"rn7sauu9wchjdug","previousOperationId":"bsnalm27y6i7vta"}
{"type":"log","timestamp":1744191442708,"level":"debug","message":"Page request: GET (font) http://localhost:5488/fonts/kalpurush.ttf","meta":{"rootId":"tcg7ah2yj18569m","id":"tcg7ah2yj18569m"},"id":"ct87q1dvepnqg16","previousOperationId":"bsnalm27y6i7vta"}
{"type":"log","timestamp":1744191442709,"level":"debug","message":"Page request finished: GET (image) 200 https://res.cloudinary.com/dpes1dyqb/image/upload/v1738768933/logo_myycxt.jpg","meta":{"rootId":"tcg7ah2yj18569m","id":"tcg7ah2yj18569m"},"id":"dauyuwwdx6o53jh","previousOperationId":"bsnalm27y6i7vta"}
{"type":"log","timestamp":1744191442714,"level":"debug","message":"(console:error) Failed to load resource: the server responded with a status of 404 (Not Found)","meta":{"userLevel":true,"rootId":"tcg7ah2yj18569m","id":"tcg7ah2yj18569m"},"id":"29kojla4y9huwqe","previousOperationId":"bsnalm27y6i7vta"}
{"type":"log","timestamp":1744191442714,"level":"warn","message":"Page request failed: GET (font) http://localhost:5488/fonts/kalpurush.ttf, failure: net::ERR_ABORTED","meta":{"rootId":"tcg7ah2yj18569m","id":"tcg7ah2yj18569m"},"id":"dom1zuhxkwzbqgz","previousOperationId":"bsnalm27y6i7vta"}
{"type":"log","timestamp":1744191442724,"level":"debug","message":"Running chrome with params {\"printBackground\":true,\"timeout\":59969,\"margin\":{}}","meta":{"rootId":"tcg7ah2yj18569m","id":"tcg7ah2yj18569m"},"id":"1djzj9wd4y9w9o7","previousOperationId":"bsnalm27y6i7vta"}
{"type":"operationEnd","operationId":"bsnalm27y6i7vta","timestamp":1744191443012,"id":"7yz3qst3zz0xbuv","previousEventId":"9a855qikicywi0c","previousOperationId":"bsnalm27y6i7vta"}
{"type":"log","timestamp":1744191443012,"level":"debug","message":"Skipping storing report.","meta":{"rootId":"tcg7ah2yj18569m","id":"tcg7ah2yj18569m"},"id":"zl2qrkf5a22ayqh","previousOperationId":"bsnalm27y6i7vta"}
{"type":"log","timestamp":1744191443012,"level":"info","message":"Rendering request 59 finished in 461 ms","meta":{"rootId":"tcg7ah2yj18569m","id":"tcg7ah2yj18569m"},"id":"uzsy04pk38kujyr","previousOperationId":"bsnalm27y6i7vta"}
{"type":"operationEnd","subtype":"render","operationId":"qk6i1svt3fb2bs4","timestamp":1744191443012,"id":"967tpvrh4g5srd2","previousEventId":"7yz3qst3zz0xbuv","previousOperationId":"bsnalm27y6i7vta"}
{"type":"operationEnd","doDiffs":false,"previousEventId":"3rd7oeskc3zzw9l","previousOperationId":"mxk9src2uzd9vby","operationId":"mxk9src2uzd9vby","timestamp":1744191443015,"id":"nzs5oo89sa2wl34"}
