{"type":"operationStart","subtype":"profile","data":{"_id":"ZyoPMtomNfCbrnvJ","timestamp":"2025-04-11T12:44:40.502Z","state":"queued","mode":"standard","creationDate":"2025-04-11T12:44:40.504Z","modificationDate":"2025-04-11T12:44:40.504Z","shortid":"nP1LF77","$entitySet":"profiles"},"doDiffs":false,"timestamp":1744375480503,"id":"5ef0rf332gw01il","previousOperationId":null,"operationId":"oc9ggsb426oxgvh"}
{"type":"log","level":"info","message":"Render request 22 queued for execution and waiting for available worker","previousOperationId":"oc9ggsb426oxgvh","timestamp":1744375480503,"id":"yvwmhvz04wbzj8w"}
{"type":"operationStart","subtype":"render","name":"myTemplate","previousOperationId":"oc9ggsb426oxgvh","timestamp":1744375480520,"id":"hdovazrkhgus6a5","previousEventId":"5ef0rf332gw01il","operationId":"do7aynxhpadm6lh"}
{"type":"log","timestamp":1744375480520,"level":"info","message":"Starting rendering request 22","meta":{"rootId":"tcmw7lm5sn6o4cm","id":"tcmw7lm5sn6o4cm"},"id":"dry1m1zv16h3owl","previousOperationId":"do7aynxhpadm6lh"}
{"type":"log","timestamp":1744375480520,"level":"info","message":"Rendering template { name: myTemplate, recipe: chrome-pdf, engine: handlebars, preview: true }","meta":{"rootId":"tcmw7lm5sn6o4cm","id":"tcmw7lm5sn6o4cm"},"id":"jwc643njaq937m8","previousOperationId":"do7aynxhpadm6lh"}
{"type":"log","timestamp":1744375480520,"level":"debug","message":"Inline data specified.","meta":{"rootId":"tcmw7lm5sn6o4cm","id":"tcmw7lm5sn6o4cm"},"id":"30mby1lm6dgrb6a","previousOperationId":"do7aynxhpadm6lh"}
{"type":"log","timestamp":1744375480527,"level":"debug","message":"Base url not specified, skipping its injection.","meta":{"rootId":"tcmw7lm5sn6o4cm","id":"tcmw7lm5sn6o4cm"},"id":"mta0xxbmp2zf3oq","previousOperationId":"do7aynxhpadm6lh"}
{"type":"operationStart","subtype":"engine","name":"handlebars","timestamp":1744375480528,"id":"6qfw711e2ok1lvq","previousEventId":"hdovazrkhgus6a5","operationId":"l87330cryfrl0jl","previousOperationId":"do7aynxhpadm6lh"}
{"type":"log","timestamp":1744375480528,"level":"debug","message":"Rendering engine handlebars","meta":{"rootId":"tcmw7lm5sn6o4cm","id":"tcmw7lm5sn6o4cm"},"id":"gs4e9mpndnc5i8y","previousOperationId":"l87330cryfrl0jl"}
{"type":"operationEnd","operationId":"l87330cryfrl0jl","timestamp":1744375480552,"id":"mihcoxepi1z4ktl","previousEventId":"6qfw711e2ok1lvq","previousOperationId":"l87330cryfrl0jl"}
{"type":"operationStart","subtype":"recipe","name":"chrome-pdf","timestamp":1744375480552,"id":"bo3sqf9jv9voomc","previousEventId":"mihcoxepi1z4ktl","operationId":"3zd1nq0pgzlu45k","previousOperationId":"l87330cryfrl0jl"}
{"type":"log","timestamp":1744375480552,"level":"debug","message":"Executing recipe chrome-pdf","meta":{"rootId":"tcmw7lm5sn6o4cm","id":"tcmw7lm5sn6o4cm"},"id":"cvmw1meo39bnqyx","previousOperationId":"3zd1nq0pgzlu45k"}
{"type":"log","timestamp":1744375480558,"level":"debug","message":"Converting with chrome Chrome/133.0.6943.126 using chrome-pool strategy","meta":{"rootId":"tcmw7lm5sn6o4cm","id":"tcmw7lm5sn6o4cm"},"id":"fc40cgwaqese2af","previousOperationId":"3zd1nq0pgzlu45k"}
{"type":"log","timestamp":1744375480623,"level":"debug","message":"Page request: GET (document) file:///C:/Users/Patheo24/AppData/Local/Temp/jsreport/autocleanup/1ca84e00-fd4d-41cb-a1db-4211f26e066e-chrome-pdf.html","meta":{"rootId":"tcmw7lm5sn6o4cm","id":"tcmw7lm5sn6o4cm"},"id":"lzdcr9hxmqb1re3","previousOperationId":"3zd1nq0pgzlu45k"}
{"type":"log","timestamp":1744375480655,"level":"debug","message":"Page request finished: GET (document) 200 file:///C:/Users/Patheo24/AppData/Local/Temp/jsreport/autocleanup/1ca84e00-fd4d-41cb-a1db-4211f26e066e-chrome-pdf.html","meta":{"rootId":"tcmw7lm5sn6o4cm","id":"tcmw7lm5sn6o4cm"},"id":"73gbfintlu9e1ye","previousOperationId":"3zd1nq0pgzlu45k"}
{"type":"log","timestamp":1744375480657,"level":"debug","message":"Page request: GET (font) http://localhost:5488/fonts/kalpurush.ttf","meta":{"rootId":"tcmw7lm5sn6o4cm","id":"tcmw7lm5sn6o4cm"},"id":"cqmeac6uk4fwxr6","previousOperationId":"3zd1nq0pgzlu45k"}
{"type":"log","timestamp":1744375480659,"level":"debug","message":"Page request: GET (image) https://res.cloudinary.com/dpes1dyqb/image/upload/v1738768933/logo_myycxt.jpg","meta":{"rootId":"tcmw7lm5sn6o4cm","id":"tcmw7lm5sn6o4cm"},"id":"p3ddett8ef2eloy","previousOperationId":"3zd1nq0pgzlu45k"}
{"type":"log","timestamp":1744375480712,"level":"debug","message":"Page request: GET (font) http://localhost:5488/fonts/kalpurush.ttf","meta":{"rootId":"tcmw7lm5sn6o4cm","id":"tcmw7lm5sn6o4cm"},"id":"bo9b13bwdsygw8r","previousOperationId":"3zd1nq0pgzlu45k"}
{"type":"log","timestamp":1744375480713,"level":"debug","message":"Page request finished: GET (image) 200 https://res.cloudinary.com/dpes1dyqb/image/upload/v1738768933/logo_myycxt.jpg","meta":{"rootId":"tcmw7lm5sn6o4cm","id":"tcmw7lm5sn6o4cm"},"id":"8asr5ifg4kjby3p","previousOperationId":"3zd1nq0pgzlu45k"}
{"type":"log","timestamp":1744375480719,"level":"debug","message":"(console:error) Failed to load resource: the server responded with a status of 404 (Not Found)","meta":{"userLevel":true,"rootId":"tcmw7lm5sn6o4cm","id":"tcmw7lm5sn6o4cm"},"id":"wyptufa3j6a97m1","previousOperationId":"3zd1nq0pgzlu45k"}
{"type":"log","timestamp":1744375480719,"level":"warn","message":"Page request failed: GET (font) http://localhost:5488/fonts/kalpurush.ttf, failure: net::ERR_ABORTED","meta":{"rootId":"tcmw7lm5sn6o4cm","id":"tcmw7lm5sn6o4cm"},"id":"v345emjzck834r8","previousOperationId":"3zd1nq0pgzlu45k"}
{"type":"log","timestamp":1744375480731,"level":"debug","message":"Running chrome with params {\"printBackground\":true,\"format\":\"A5\",\"marginRight\":\"\",\"height\":\"\",\"marginTop\":\"\",\"marginBottom\":\"\",\"marginLeft\":\"\",\"displayHeaderFooter\":true,\"width\":\"\",\"timeout\":59946,\"margin\":{\"top\":\"\",\"right\":\"\",\"bottom\":\"\",\"left\":\"\"}}","meta":{"rootId":"tcmw7lm5sn6o4cm","id":"tcmw7lm5sn6o4cm"},"id":"m6eikjp9aqe1ohk","previousOperationId":"3zd1nq0pgzlu45k"}
{"type":"operationEnd","operationId":"3zd1nq0pgzlu45k","timestamp":1744375481102,"id":"lt3rv5ykrfiam1o","previousEventId":"bo3sqf9jv9voomc","previousOperationId":"3zd1nq0pgzlu45k"}
{"type":"log","timestamp":1744375481102,"level":"debug","message":"Skipping storing report.","meta":{"rootId":"tcmw7lm5sn6o4cm","id":"tcmw7lm5sn6o4cm"},"id":"jocs4bnxrs11l2t","previousOperationId":"3zd1nq0pgzlu45k"}
{"type":"log","timestamp":1744375481103,"level":"info","message":"Rendering request 22 finished in 601 ms","meta":{"rootId":"tcmw7lm5sn6o4cm","id":"tcmw7lm5sn6o4cm"},"id":"rtsg7er1muj3iiz","previousOperationId":"3zd1nq0pgzlu45k"}
{"type":"operationEnd","subtype":"render","operationId":"do7aynxhpadm6lh","timestamp":1744375481103,"id":"1mn870rl3hvnng6","previousEventId":"lt3rv5ykrfiam1o","previousOperationId":"3zd1nq0pgzlu45k"}
{"type":"operationEnd","doDiffs":false,"previousEventId":"5ef0rf332gw01il","previousOperationId":"oc9ggsb426oxgvh","operationId":"oc9ggsb426oxgvh","timestamp":1744375481109,"id":"ba5jxqbv51jxpsl"}
