{"type":"operationStart","subtype":"profile","data":{"_id":"nv9IquUoQbxqADqw","timestamp":"2025-04-09T10:59:48.935Z","state":"queued","mode":"standard","creationDate":"2025-04-09T10:59:48.938Z","modificationDate":"2025-04-09T10:59:48.938Z","shortid":"9pG2XiU","$entitySet":"profiles"},"doDiffs":false,"timestamp":1744196388936,"id":"9t7uvv88wjr95h8","previousOperationId":null,"operationId":"wno8wq5s9wngdtn"}
{"type":"log","level":"info","message":"Render request 35 queued for execution and waiting for available worker","previousOperationId":"wno8wq5s9wngdtn","timestamp":1744196388937,"id":"rmysuhb3g5joarf"}
{"type":"operationStart","subtype":"render","name":"myTemplate","previousOperationId":"wno8wq5s9wngdtn","timestamp":1744196388949,"id":"6ga4km3d80c5pnk","previousEventId":"9t7uvv88wjr95h8","operationId":"gafe2gawkg8db36"}
{"type":"log","timestamp":1744196388949,"level":"info","message":"Starting rendering request 35","meta":{"rootId":"tf457lajl8ja5wp","id":"tf457lajl8ja5wp"},"id":"20exu0w1glq8ucn","previousOperationId":"gafe2gawkg8db36"}
{"type":"log","timestamp":1744196388949,"level":"info","message":"Rendering template { name: myTemplate, recipe: chrome-pdf, engine: handlebars, preview: true }","meta":{"rootId":"tf457lajl8ja5wp","id":"tf457lajl8ja5wp"},"id":"v4x3yin0r6aj9jc","previousOperationId":"gafe2gawkg8db36"}
{"type":"log","timestamp":1744196388950,"level":"debug","message":"Inline data specified.","meta":{"rootId":"tf457lajl8ja5wp","id":"tf457lajl8ja5wp"},"id":"4s5ru19ksfdycil","previousOperationId":"gafe2gawkg8db36"}
{"type":"log","timestamp":1744196388951,"level":"debug","message":"Base url not specified, skipping its injection.","meta":{"rootId":"tf457lajl8ja5wp","id":"tf457lajl8ja5wp"},"id":"br7ahfbzre9masw","previousOperationId":"gafe2gawkg8db36"}
{"type":"operationStart","subtype":"engine","name":"handlebars","timestamp":1744196388951,"id":"l5ft4y0octojhpr","previousEventId":"6ga4km3d80c5pnk","operationId":"aqv1m2zsa1o02h6","previousOperationId":"gafe2gawkg8db36"}
{"type":"log","timestamp":1744196388951,"level":"debug","message":"Rendering engine handlebars","meta":{"rootId":"tf457lajl8ja5wp","id":"tf457lajl8ja5wp"},"id":"dpt2lh5ustz8sh3","previousOperationId":"aqv1m2zsa1o02h6"}
{"type":"operationEnd","operationId":"aqv1m2zsa1o02h6","timestamp":1744196388966,"id":"jawh7zphtj09yk0","previousEventId":"l5ft4y0octojhpr","previousOperationId":"aqv1m2zsa1o02h6"}
{"type":"operationStart","subtype":"recipe","name":"chrome-pdf","timestamp":1744196388966,"id":"mre3f7th7s45sq8","previousEventId":"jawh7zphtj09yk0","operationId":"17tt94pt1h7a86e","previousOperationId":"aqv1m2zsa1o02h6"}
{"type":"log","timestamp":1744196388966,"level":"debug","message":"Executing recipe chrome-pdf","meta":{"rootId":"tf457lajl8ja5wp","id":"tf457lajl8ja5wp"},"id":"lqto161uih7ircu","previousOperationId":"17tt94pt1h7a86e"}
{"type":"log","timestamp":1744196388969,"level":"debug","message":"Converting with chrome Chrome/133.0.6943.126 using chrome-pool strategy","meta":{"rootId":"tf457lajl8ja5wp","id":"tf457lajl8ja5wp"},"id":"qdqxjwzbr3lcl46","previousOperationId":"17tt94pt1h7a86e"}
{"type":"log","timestamp":1744196389037,"level":"debug","message":"Page request: GET (document) file:///C:/Users/Patheo24/AppData/Local/Temp/jsreport/autocleanup/bba587e5-6458-43e1-9836-c86912add86f-chrome-pdf.html","meta":{"rootId":"tf457lajl8ja5wp","id":"tf457lajl8ja5wp"},"id":"655rcwb4bwgya7v","previousOperationId":"17tt94pt1h7a86e"}
{"type":"log","timestamp":1744196389071,"level":"debug","message":"Page request finished: GET (document) 200 file:///C:/Users/Patheo24/AppData/Local/Temp/jsreport/autocleanup/bba587e5-6458-43e1-9836-c86912add86f-chrome-pdf.html","meta":{"rootId":"tf457lajl8ja5wp","id":"tf457lajl8ja5wp"},"id":"63t5gf7kkdf810a","previousOperationId":"17tt94pt1h7a86e"}
{"type":"log","timestamp":1744196389072,"level":"debug","message":"Page request: GET (font) http://localhost:5488/fonts/kalpurush.ttf","meta":{"rootId":"tf457lajl8ja5wp","id":"tf457lajl8ja5wp"},"id":"5gixzu2fehewhc6","previousOperationId":"17tt94pt1h7a86e"}
{"type":"log","timestamp":1744196389073,"level":"debug","message":"Page request: GET (image) https://res.cloudinary.com/dpes1dyqb/image/upload/v1738768933/logo_myycxt.jpg","meta":{"rootId":"tf457lajl8ja5wp","id":"tf457lajl8ja5wp"},"id":"rgdszj5upmhhrtl","previousOperationId":"17tt94pt1h7a86e"}
{"type":"log","timestamp":1744196389130,"level":"debug","message":"Page request: GET (font) http://localhost:5488/fonts/kalpurush.ttf","meta":{"rootId":"tf457lajl8ja5wp","id":"tf457lajl8ja5wp"},"id":"qan19sj2jxz8yav","previousOperationId":"17tt94pt1h7a86e"}
{"type":"log","timestamp":1744196389132,"level":"debug","message":"Page request finished: GET (image) 200 https://res.cloudinary.com/dpes1dyqb/image/upload/v1738768933/logo_myycxt.jpg","meta":{"rootId":"tf457lajl8ja5wp","id":"tf457lajl8ja5wp"},"id":"7fimocegja5kzzk","previousOperationId":"17tt94pt1h7a86e"}
{"type":"log","timestamp":1744196389136,"level":"debug","message":"(console:error) Failed to load resource: the server responded with a status of 404 (Not Found)","meta":{"userLevel":true,"rootId":"tf457lajl8ja5wp","id":"tf457lajl8ja5wp"},"id":"bbyiep1ifqves4b","previousOperationId":"17tt94pt1h7a86e"}
{"type":"log","timestamp":1744196389136,"level":"warn","message":"Page request failed: GET (font) http://localhost:5488/fonts/kalpurush.ttf, failure: net::ERR_ABORTED","meta":{"rootId":"tf457lajl8ja5wp","id":"tf457lajl8ja5wp"},"id":"w1nh4av0qwoltrz","previousOperationId":"17tt94pt1h7a86e"}
{"type":"log","timestamp":1744196389147,"level":"debug","message":"Running chrome with params {\"printBackground\":true,\"timeout\":59967,\"margin\":{}}","meta":{"rootId":"tf457lajl8ja5wp","id":"tf457lajl8ja5wp"},"id":"sroryo3pa49a16n","previousOperationId":"17tt94pt1h7a86e"}
{"type":"operationEnd","operationId":"17tt94pt1h7a86e","timestamp":1744196389464,"id":"33y41rnetaqeyhn","previousEventId":"mre3f7th7s45sq8","previousOperationId":"17tt94pt1h7a86e"}
{"type":"log","timestamp":1744196389464,"level":"debug","message":"Skipping storing report.","meta":{"rootId":"tf457lajl8ja5wp","id":"tf457lajl8ja5wp"},"id":"23hgsyak74gzfdn","previousOperationId":"17tt94pt1h7a86e"}
{"type":"log","timestamp":1744196389464,"level":"info","message":"Rendering request 35 finished in 529 ms","meta":{"rootId":"tf457lajl8ja5wp","id":"tf457lajl8ja5wp"},"id":"ea8lhogp9ofj2t2","previousOperationId":"17tt94pt1h7a86e"}
{"type":"operationEnd","subtype":"render","operationId":"gafe2gawkg8db36","timestamp":1744196389464,"id":"yvfmsauukvnp5nu","previousEventId":"33y41rnetaqeyhn","previousOperationId":"17tt94pt1h7a86e"}
{"type":"operationEnd","doDiffs":false,"previousEventId":"9t7uvv88wjr95h8","previousOperationId":"wno8wq5s9wngdtn","operationId":"wno8wq5s9wngdtn","timestamp":1744196389467,"id":"2la443c5i4gtla9"}
