{"type":"operationStart","subtype":"profile","data":{"_id":"rUV1rSwbOtERZCUX","timestamp":"2025-04-10T13:19:35.969Z","state":"queued","mode":"standard","creationDate":"2025-04-10T13:19:35.971Z","modificationDate":"2025-04-10T13:19:35.971Z","shortid":"Mvvdm2b","$entitySet":"profiles"},"doDiffs":false,"timestamp":1744291175970,"id":"sywdl12co92nvl8","previousOperationId":null,"operationId":"vlift58o6j403n7"}
{"type":"log","level":"info","message":"Render request 24 queued for execution and waiting for available worker","previousOperationId":"vlift58o6j403n7","timestamp":1744291175970,"id":"jnbe6jgh1dqr89r"}
{"type":"operationStart","subtype":"render","name":"myTemplate","previousOperationId":"vlift58o6j403n7","timestamp":1744291176003,"id":"sdfr2f28muqd77y","previousEventId":"sywdl12co92nvl8","operationId":"dyv9g2ujphoe1q0"}
{"type":"log","timestamp":1744291176003,"level":"info","message":"Starting rendering request 24","meta":{"rootId":"tg8hg3mi2gar1to","id":"tg8hg3mi2gar1to"},"id":"fq4qvs9f8j5nnxl","previousOperationId":"dyv9g2ujphoe1q0"}
{"type":"log","timestamp":1744291176004,"level":"info","message":"Rendering template { name: myTemplate, recipe: chrome-pdf, engine: handlebars, preview: true }","meta":{"rootId":"tg8hg3mi2gar1to","id":"tg8hg3mi2gar1to"},"id":"3nvo57f1j60tm3f","previousOperationId":"dyv9g2ujphoe1q0"}
{"type":"log","timestamp":1744291176005,"level":"debug","message":"Adding sample data HUavgV0Kc","meta":{"rootId":"tg8hg3mi2gar1to","id":"tg8hg3mi2gar1to"},"id":"wm4rzue0joe5vsy","previousOperationId":"dyv9g2ujphoe1q0"}
{"type":"log","timestamp":1744291176008,"level":"debug","message":"Base url not specified, skipping its injection.","meta":{"rootId":"tg8hg3mi2gar1to","id":"tg8hg3mi2gar1to"},"id":"465bvywjma35wwz","previousOperationId":"dyv9g2ujphoe1q0"}
{"type":"operationStart","subtype":"engine","name":"handlebars","timestamp":1744291176008,"id":"o0d66ahsheuj5eh","previousEventId":"sdfr2f28muqd77y","operationId":"o03qsd8ltlgkeus","previousOperationId":"dyv9g2ujphoe1q0"}
{"type":"log","timestamp":1744291176008,"level":"debug","message":"Rendering engine handlebars","meta":{"rootId":"tg8hg3mi2gar1to","id":"tg8hg3mi2gar1to"},"id":"16ybs6c7mo4nr0h","previousOperationId":"o03qsd8ltlgkeus"}
{"type":"operationEnd","operationId":"o03qsd8ltlgkeus","timestamp":1744291176038,"id":"ke8zjx8t94l1mhn","previousEventId":"o0d66ahsheuj5eh","previousOperationId":"o03qsd8ltlgkeus"}
{"type":"operationStart","subtype":"recipe","name":"chrome-pdf","timestamp":1744291176039,"id":"udix1ycrj8vcpmh","previousEventId":"ke8zjx8t94l1mhn","operationId":"0f4j67khqa9mo13","previousOperationId":"o03qsd8ltlgkeus"}
{"type":"log","timestamp":1744291176039,"level":"debug","message":"Executing recipe chrome-pdf","meta":{"rootId":"tg8hg3mi2gar1to","id":"tg8hg3mi2gar1to"},"id":"215hj22qf1m5a4a","previousOperationId":"0f4j67khqa9mo13"}
{"type":"log","timestamp":1744291176044,"level":"debug","message":"Converting with chrome Chrome/133.0.6943.126 using chrome-pool strategy","meta":{"rootId":"tg8hg3mi2gar1to","id":"tg8hg3mi2gar1to"},"id":"be3zo8809p3hde8","previousOperationId":"0f4j67khqa9mo13"}
{"type":"log","timestamp":1744291176101,"level":"debug","message":"Page request: GET (document) file:///C:/Users/Patheo24/AppData/Local/Temp/jsreport/autocleanup/1ddb1374-0b51-4f23-b36b-994ce0becc26-chrome-pdf.html","meta":{"rootId":"tg8hg3mi2gar1to","id":"tg8hg3mi2gar1to"},"id":"9cr8jg0l5r1yrfn","previousOperationId":"0f4j67khqa9mo13"}
{"type":"log","timestamp":1744291176125,"level":"debug","message":"Page request finished: GET (document) 200 file:///C:/Users/Patheo24/AppData/Local/Temp/jsreport/autocleanup/1ddb1374-0b51-4f23-b36b-994ce0becc26-chrome-pdf.html","meta":{"rootId":"tg8hg3mi2gar1to","id":"tg8hg3mi2gar1to"},"id":"40vmd28299sthq4","previousOperationId":"0f4j67khqa9mo13"}
{"type":"log","timestamp":1744291176132,"level":"debug","message":"Page request: GET (image) https://res.cloudinary.com/dpes1dyqb/image/upload/v1738768933/logo_myycxt.jpg","meta":{"rootId":"tg8hg3mi2gar1to","id":"tg8hg3mi2gar1to"},"id":"uq7szanqw6mz9zq","previousOperationId":"0f4j67khqa9mo13"}
{"type":"log","timestamp":1744291176133,"level":"debug","message":"Page request: GET (font) http://localhost:5488/fonts/kalpurush.ttf","meta":{"rootId":"tg8hg3mi2gar1to","id":"tg8hg3mi2gar1to"},"id":"pzqth3zpzfrojii","previousOperationId":"0f4j67khqa9mo13"}
{"type":"log","timestamp":1744291176182,"level":"debug","message":"Page request: GET (font) http://localhost:5488/fonts/kalpurush.ttf","meta":{"rootId":"tg8hg3mi2gar1to","id":"tg8hg3mi2gar1to"},"id":"v3yz85r96aly3hl","previousOperationId":"0f4j67khqa9mo13"}
{"type":"log","timestamp":1744291176184,"level":"debug","message":"Page request finished: GET (image) 200 https://res.cloudinary.com/dpes1dyqb/image/upload/v1738768933/logo_myycxt.jpg","meta":{"rootId":"tg8hg3mi2gar1to","id":"tg8hg3mi2gar1to"},"id":"gkthwt4c6mtnqcd","previousOperationId":"0f4j67khqa9mo13"}
{"type":"log","timestamp":1744291176190,"level":"debug","message":"(console:error) Failed to load resource: the server responded with a status of 404 (Not Found)","meta":{"userLevel":true,"rootId":"tg8hg3mi2gar1to","id":"tg8hg3mi2gar1to"},"id":"d5h31de8sy2bg20","previousOperationId":"0f4j67khqa9mo13"}
{"type":"log","timestamp":1744291176191,"level":"warn","message":"Page request failed: GET (font) http://localhost:5488/fonts/kalpurush.ttf, failure: net::ERR_ABORTED","meta":{"rootId":"tg8hg3mi2gar1to","id":"tg8hg3mi2gar1to"},"id":"6mzep2ju5dlrvii","previousOperationId":"0f4j67khqa9mo13"}
{"type":"log","timestamp":1744291176198,"level":"debug","message":"Running chrome with params {\"printBackground\":true,\"format\":\"A5\",\"marginRight\":\"\",\"height\":\"\",\"marginTop\":\"\",\"marginBottom\":\"\",\"marginLeft\":\"\",\"displayHeaderFooter\":true,\"width\":\"\",\"timeout\":59926,\"margin\":{\"top\":\"\",\"right\":\"\",\"bottom\":\"\",\"left\":\"\"}}","meta":{"rootId":"tg8hg3mi2gar1to","id":"tg8hg3mi2gar1to"},"id":"he0kcbe3epk73e6","previousOperationId":"0f4j67khqa9mo13"}
{"type":"operationEnd","operationId":"0f4j67khqa9mo13","timestamp":1744291176519,"id":"m2om9c98h4cu1nk","previousEventId":"udix1ycrj8vcpmh","previousOperationId":"0f4j67khqa9mo13"}
{"type":"log","timestamp":1744291176519,"level":"debug","message":"Skipping storing report.","meta":{"rootId":"tg8hg3mi2gar1to","id":"tg8hg3mi2gar1to"},"id":"bar59rwdvhe40a2","previousOperationId":"0f4j67khqa9mo13"}
{"type":"log","timestamp":1744291176519,"level":"info","message":"Rendering request 24 finished in 550 ms","meta":{"rootId":"tg8hg3mi2gar1to","id":"tg8hg3mi2gar1to"},"id":"zh983qjyngnn2ge","previousOperationId":"0f4j67khqa9mo13"}
{"type":"operationEnd","subtype":"render","operationId":"dyv9g2ujphoe1q0","timestamp":1744291176519,"id":"n4vtskm90l1sctk","previousEventId":"m2om9c98h4cu1nk","previousOperationId":"0f4j67khqa9mo13"}
{"type":"operationEnd","doDiffs":false,"previousEventId":"sywdl12co92nvl8","previousOperationId":"vlift58o6j403n7","operationId":"vlift58o6j403n7","timestamp":1744291176525,"id":"4kiqzuhafwxljjl"}
