{"type":"operationStart","subtype":"profile","data":{"_id":"hzDFWqg7BDE6pUQH","timestamp":"2025-04-09T10:25:29.682Z","state":"queued","mode":"standard","creationDate":"2025-04-09T10:25:29.685Z","modificationDate":"2025-04-09T10:25:29.685Z","shortid":"tgkSsiR","$entitySet":"profiles"},"doDiffs":false,"timestamp":1744194329684,"id":"k6bk3jprrsbt9zn","previousOperationId":null,"operationId":"biosj6ki5musz8f"}
{"type":"log","level":"info","message":"Render request 10 queued for execution and waiting for available worker","previousOperationId":"biosj6ki5musz8f","timestamp":1744194329684,"id":"a3k61l3yrewsdyg"}
{"type":"operationStart","subtype":"render","name":"myTemplate","previousOperationId":"biosj6ki5musz8f","timestamp":1744194329700,"id":"m8u783d251gujr1","previousEventId":"k6bk3jprrsbt9zn","operationId":"t0y3zgmqdkgo6y8"}
{"type":"log","timestamp":1744194329701,"level":"info","message":"Starting rendering request 10","meta":{"rootId":"th6yafbaklekv2v","id":"th6yafbaklekv2v"},"id":"ertwd78fhjg81i2","previousOperationId":"t0y3zgmqdkgo6y8"}
{"type":"log","timestamp":1744194329701,"level":"info","message":"Rendering template { name: myTemplate, recipe: chrome-pdf, engine: handlebars, preview: true }","meta":{"rootId":"th6yafbaklekv2v","id":"th6yafbaklekv2v"},"id":"165c12s6pycojbu","previousOperationId":"t0y3zgmqdkgo6y8"}
{"type":"log","timestamp":1744194329701,"level":"debug","message":"Inline data specified.","meta":{"rootId":"th6yafbaklekv2v","id":"th6yafbaklekv2v"},"id":"tmo20z3d9ppnb01","previousOperationId":"t0y3zgmqdkgo6y8"}
{"type":"log","timestamp":1744194329702,"level":"debug","message":"Base url not specified, skipping its injection.","meta":{"rootId":"th6yafbaklekv2v","id":"th6yafbaklekv2v"},"id":"ayihuckwu2d3z0j","previousOperationId":"t0y3zgmqdkgo6y8"}
{"type":"operationStart","subtype":"engine","name":"handlebars","timestamp":1744194329703,"id":"foe44196sjecpg9","previousEventId":"m8u783d251gujr1","operationId":"0kfouyst0ghfe0d","previousOperationId":"t0y3zgmqdkgo6y8"}
{"type":"log","timestamp":1744194329703,"level":"debug","message":"Rendering engine handlebars","meta":{"rootId":"th6yafbaklekv2v","id":"th6yafbaklekv2v"},"id":"xwofb3ju2ph5y84","previousOperationId":"0kfouyst0ghfe0d"}
{"type":"operationEnd","operationId":"0kfouyst0ghfe0d","timestamp":1744194329721,"id":"5txyx8pfzxr1zij","previousEventId":"foe44196sjecpg9","previousOperationId":"0kfouyst0ghfe0d"}
{"type":"operationStart","subtype":"recipe","name":"chrome-pdf","timestamp":1744194329721,"id":"ub4bxxqnrgq0kmn","previousEventId":"5txyx8pfzxr1zij","operationId":"xo1mplka7j38mr5","previousOperationId":"0kfouyst0ghfe0d"}
{"type":"log","timestamp":1744194329721,"level":"debug","message":"Executing recipe chrome-pdf","meta":{"rootId":"th6yafbaklekv2v","id":"th6yafbaklekv2v"},"id":"dqdl7ld53gl5fbj","previousOperationId":"xo1mplka7j38mr5"}
{"type":"log","timestamp":1744194329724,"level":"debug","message":"Converting with chrome Chrome/133.0.6943.126 using chrome-pool strategy","meta":{"rootId":"th6yafbaklekv2v","id":"th6yafbaklekv2v"},"id":"w62phsntgl0hvll","previousOperationId":"xo1mplka7j38mr5"}
{"type":"log","timestamp":1744194329814,"level":"debug","message":"Page request: GET (document) file:///C:/Users/Patheo24/AppData/Local/Temp/jsreport/autocleanup/4c4c804b-28b4-4196-b003-04bd082e55b5-chrome-pdf.html","meta":{"rootId":"th6yafbaklekv2v","id":"th6yafbaklekv2v"},"id":"gw70zfp4lgvv4lo","previousOperationId":"xo1mplka7j38mr5"}
{"type":"log","timestamp":1744194329847,"level":"debug","message":"Page request finished: GET (document) 200 file:///C:/Users/Patheo24/AppData/Local/Temp/jsreport/autocleanup/4c4c804b-28b4-4196-b003-04bd082e55b5-chrome-pdf.html","meta":{"rootId":"th6yafbaklekv2v","id":"th6yafbaklekv2v"},"id":"np7jypeew144hqv","previousOperationId":"xo1mplka7j38mr5"}
{"type":"log","timestamp":1744194329849,"level":"debug","message":"(console:info) Slow network is detected. See https://www.chromestatus.com/feature/5636954674692096 for more details. Fallback font will be used while loading: http://localhost:5488/fonts/kalpurush.ttf","meta":{"userLevel":true,"rootId":"th6yafbaklekv2v","id":"th6yafbaklekv2v"},"id":"ybualxsl8sslwft","previousOperationId":"xo1mplka7j38mr5"}
{"type":"log","timestamp":1744194329849,"level":"debug","message":"Page request: GET (font) http://localhost:5488/fonts/kalpurush.ttf","meta":{"rootId":"th6yafbaklekv2v","id":"th6yafbaklekv2v"},"id":"d4fkofqn12o6rbi","previousOperationId":"xo1mplka7j38mr5"}
{"type":"log","timestamp":1744194329850,"level":"debug","message":"Page request: GET (image) https://res.cloudinary.com/dpes1dyqb/image/upload/v1738768933/logo_myycxt.jpg","meta":{"rootId":"th6yafbaklekv2v","id":"th6yafbaklekv2v"},"id":"9wwq4pubfcx9tut","previousOperationId":"xo1mplka7j38mr5"}
{"type":"log","timestamp":1744194329912,"level":"debug","message":"Page request finished: GET (image) 200 https://res.cloudinary.com/dpes1dyqb/image/upload/v1738768933/logo_myycxt.jpg","meta":{"rootId":"th6yafbaklekv2v","id":"th6yafbaklekv2v"},"id":"kknbeu390raw22a","previousOperationId":"xo1mplka7j38mr5"}
{"type":"log","timestamp":1744194329912,"level":"debug","message":"Page request: GET (font) http://localhost:5488/fonts/kalpurush.ttf","meta":{"rootId":"th6yafbaklekv2v","id":"th6yafbaklekv2v"},"id":"b2mvmkkus9gocw4","previousOperationId":"xo1mplka7j38mr5"}
{"type":"log","timestamp":1744194329931,"level":"debug","message":"(console:error) Failed to load resource: the server responded with a status of 404 (Not Found)","meta":{"userLevel":true,"rootId":"th6yafbaklekv2v","id":"th6yafbaklekv2v"},"id":"t3e65iuezo2doon","previousOperationId":"xo1mplka7j38mr5"}
{"type":"log","timestamp":1744194329932,"level":"warn","message":"Page request failed: GET (font) http://localhost:5488/fonts/kalpurush.ttf, failure: net::ERR_ABORTED","meta":{"rootId":"th6yafbaklekv2v","id":"th6yafbaklekv2v"},"id":"pctdk3p5sp45txs","previousOperationId":"xo1mplka7j38mr5"}
{"type":"log","timestamp":1744194329943,"level":"debug","message":"Running chrome with params {\"printBackground\":true,\"timeout\":59959,\"margin\":{}}","meta":{"rootId":"th6yafbaklekv2v","id":"th6yafbaklekv2v"},"id":"n3zfausrpt1jcq2","previousOperationId":"xo1mplka7j38mr5"}
{"type":"operationEnd","operationId":"xo1mplka7j38mr5","timestamp":1744194330255,"id":"8hun75gp1721m2b","previousEventId":"ub4bxxqnrgq0kmn","previousOperationId":"xo1mplka7j38mr5"}
{"type":"log","timestamp":1744194330255,"level":"debug","message":"Skipping storing report.","meta":{"rootId":"th6yafbaklekv2v","id":"th6yafbaklekv2v"},"id":"kwmmm3xyqegrqxi","previousOperationId":"xo1mplka7j38mr5"}
{"type":"log","timestamp":1744194330255,"level":"info","message":"Rendering request 10 finished in 573 ms","meta":{"rootId":"th6yafbaklekv2v","id":"th6yafbaklekv2v"},"id":"hbctq4ktmmiwnvn","previousOperationId":"xo1mplka7j38mr5"}
{"type":"operationEnd","subtype":"render","operationId":"t0y3zgmqdkgo6y8","timestamp":1744194330255,"id":"1mb1tk14r6myk2e","previousEventId":"8hun75gp1721m2b","previousOperationId":"xo1mplka7j38mr5"}
{"type":"operationEnd","doDiffs":false,"previousEventId":"k6bk3jprrsbt9zn","previousOperationId":"biosj6ki5musz8f","operationId":"biosj6ki5musz8f","timestamp":1744194330261,"id":"1z9hdwu8nya5twe"}
