{"type":"operationStart","subtype":"profile","data":{"_id":"VWSDNiKvr0ATRROy","timestamp":"2025-04-09T10:58:55.131Z","state":"queued","mode":"standard","creationDate":"2025-04-09T10:58:55.133Z","modificationDate":"2025-04-09T10:58:55.133Z","shortid":"KpT6XRw","$entitySet":"profiles"},"doDiffs":false,"timestamp":1744196335132,"id":"27swotg7v3yae21","previousOperationId":null,"operationId":"r3xizcrl0i8fwoz"}
{"type":"log","level":"info","message":"Render request 34 queued for execution and waiting for available worker","previousOperationId":"r3xizcrl0i8fwoz","timestamp":1744196335132,"id":"p6pvi2xo2irusml"}
{"type":"operationStart","subtype":"render","name":"myTemplate","previousOperationId":"r3xizcrl0i8fwoz","timestamp":1744196335145,"id":"tt6t41gcpzhdfzi","previousEventId":"27swotg7v3yae21","operationId":"zse8th9h1pp0gfn"}
{"type":"log","timestamp":1744196335145,"level":"info","message":"Starting rendering request 34","meta":{"rootId":"tj3o95p1x0qhi0h","id":"tj3o95p1x0qhi0h"},"id":"k0i7x6eklvj9ox6","previousOperationId":"zse8th9h1pp0gfn"}
{"type":"log","timestamp":1744196335145,"level":"info","message":"Rendering template { name: myTemplate, recipe: chrome-pdf, engine: handlebars, preview: true }","meta":{"rootId":"tj3o95p1x0qhi0h","id":"tj3o95p1x0qhi0h"},"id":"s8h05gjs48lvkvp","previousOperationId":"zse8th9h1pp0gfn"}
{"type":"log","timestamp":1744196335146,"level":"debug","message":"Inline data specified.","meta":{"rootId":"tj3o95p1x0qhi0h","id":"tj3o95p1x0qhi0h"},"id":"i4duthtikan6ya2","previousOperationId":"zse8th9h1pp0gfn"}
{"type":"log","timestamp":1744196335147,"level":"debug","message":"Base url not specified, skipping its injection.","meta":{"rootId":"tj3o95p1x0qhi0h","id":"tj3o95p1x0qhi0h"},"id":"ox57czcf2xqww5s","previousOperationId":"zse8th9h1pp0gfn"}
{"type":"operationStart","subtype":"engine","name":"handlebars","timestamp":1744196335147,"id":"mn6rao4qfvmx5ht","previousEventId":"tt6t41gcpzhdfzi","operationId":"o077h5ga14tg9k7","previousOperationId":"zse8th9h1pp0gfn"}
{"type":"log","timestamp":1744196335147,"level":"debug","message":"Rendering engine handlebars","meta":{"rootId":"tj3o95p1x0qhi0h","id":"tj3o95p1x0qhi0h"},"id":"ilvj73v2hp7krcj","previousOperationId":"o077h5ga14tg9k7"}
{"type":"operationEnd","operationId":"o077h5ga14tg9k7","timestamp":1744196335163,"id":"m4eqjc7cj4jzm9g","previousEventId":"mn6rao4qfvmx5ht","previousOperationId":"o077h5ga14tg9k7"}
{"type":"operationStart","subtype":"recipe","name":"chrome-pdf","timestamp":1744196335164,"id":"9yxm8ra9qsy3ilr","previousEventId":"m4eqjc7cj4jzm9g","operationId":"cfdzqqaaaedya84","previousOperationId":"o077h5ga14tg9k7"}
{"type":"log","timestamp":1744196335164,"level":"debug","message":"Executing recipe chrome-pdf","meta":{"rootId":"tj3o95p1x0qhi0h","id":"tj3o95p1x0qhi0h"},"id":"r7i2yyyffh5bdty","previousOperationId":"cfdzqqaaaedya84"}
{"type":"log","timestamp":1744196335166,"level":"debug","message":"Converting with chrome Chrome/133.0.6943.126 using chrome-pool strategy","meta":{"rootId":"tj3o95p1x0qhi0h","id":"tj3o95p1x0qhi0h"},"id":"5g731ysm7zo7puh","previousOperationId":"cfdzqqaaaedya84"}
{"type":"log","timestamp":1744196335233,"level":"debug","message":"Page request: GET (document) file:///C:/Users/Patheo24/AppData/Local/Temp/jsreport/autocleanup/6f360654-a0c3-410f-a2c5-15a6d4a6d202-chrome-pdf.html","meta":{"rootId":"tj3o95p1x0qhi0h","id":"tj3o95p1x0qhi0h"},"id":"o1hz79tp5tlzb2p","previousOperationId":"cfdzqqaaaedya84"}
{"type":"log","timestamp":1744196335271,"level":"debug","message":"Page request finished: GET (document) 200 file:///C:/Users/Patheo24/AppData/Local/Temp/jsreport/autocleanup/6f360654-a0c3-410f-a2c5-15a6d4a6d202-chrome-pdf.html","meta":{"rootId":"tj3o95p1x0qhi0h","id":"tj3o95p1x0qhi0h"},"id":"7whv1q2w1xlwzcg","previousOperationId":"cfdzqqaaaedya84"}
{"type":"log","timestamp":1744196335272,"level":"debug","message":"(console:info) Slow network is detected. See https://www.chromestatus.com/feature/5636954674692096 for more details. Fallback font will be used while loading: http://localhost:5488/fonts/kalpurush.ttf","meta":{"userLevel":true,"rootId":"tj3o95p1x0qhi0h","id":"tj3o95p1x0qhi0h"},"id":"uro96w030nuc4hj","previousOperationId":"cfdzqqaaaedya84"}
{"type":"log","timestamp":1744196335272,"level":"debug","message":"Page request: GET (font) http://localhost:5488/fonts/kalpurush.ttf","meta":{"rootId":"tj3o95p1x0qhi0h","id":"tj3o95p1x0qhi0h"},"id":"oqbh4ra95c6f8rd","previousOperationId":"cfdzqqaaaedya84"}
{"type":"log","timestamp":1744196335274,"level":"debug","message":"Page request: GET (image) https://res.cloudinary.com/dpes1dyqb/image/upload/v1738768933/logo_myycxt.jpg","meta":{"rootId":"tj3o95p1x0qhi0h","id":"tj3o95p1x0qhi0h"},"id":"4dd5wvlbw093vd1","previousOperationId":"cfdzqqaaaedya84"}
{"type":"log","timestamp":1744196335334,"level":"debug","message":"Page request: GET (font) http://localhost:5488/fonts/kalpurush.ttf","meta":{"rootId":"tj3o95p1x0qhi0h","id":"tj3o95p1x0qhi0h"},"id":"tyn8474v1ayqoo4","previousOperationId":"cfdzqqaaaedya84"}
{"type":"log","timestamp":1744196335335,"level":"debug","message":"Page request finished: GET (image) 200 https://res.cloudinary.com/dpes1dyqb/image/upload/v1738768933/logo_myycxt.jpg","meta":{"rootId":"tj3o95p1x0qhi0h","id":"tj3o95p1x0qhi0h"},"id":"qqs10kuqcj981jj","previousOperationId":"cfdzqqaaaedya84"}
{"type":"log","timestamp":1744196335344,"level":"debug","message":"(console:error) Failed to load resource: the server responded with a status of 404 (Not Found)","meta":{"userLevel":true,"rootId":"tj3o95p1x0qhi0h","id":"tj3o95p1x0qhi0h"},"id":"85pg2amo8416n1c","previousOperationId":"cfdzqqaaaedya84"}
{"type":"log","timestamp":1744196335345,"level":"warn","message":"Page request failed: GET (font) http://localhost:5488/fonts/kalpurush.ttf, failure: net::ERR_ABORTED","meta":{"rootId":"tj3o95p1x0qhi0h","id":"tj3o95p1x0qhi0h"},"id":"ncwnpe4juambfpa","previousOperationId":"cfdzqqaaaedya84"}
{"type":"log","timestamp":1744196335351,"level":"debug","message":"Running chrome with params {\"printBackground\":true,\"timeout\":59966,\"margin\":{}}","meta":{"rootId":"tj3o95p1x0qhi0h","id":"tj3o95p1x0qhi0h"},"id":"zadag8ium7k2iq6","previousOperationId":"cfdzqqaaaedya84"}
{"type":"operationEnd","operationId":"cfdzqqaaaedya84","timestamp":1744196335650,"id":"k9at35orbcl23il","previousEventId":"9yxm8ra9qsy3ilr","previousOperationId":"cfdzqqaaaedya84"}
{"type":"log","timestamp":1744196335650,"level":"debug","message":"Skipping storing report.","meta":{"rootId":"tj3o95p1x0qhi0h","id":"tj3o95p1x0qhi0h"},"id":"0v144ud5w3nb88e","previousOperationId":"cfdzqqaaaedya84"}
{"type":"log","timestamp":1744196335650,"level":"info","message":"Rendering request 34 finished in 519 ms","meta":{"rootId":"tj3o95p1x0qhi0h","id":"tj3o95p1x0qhi0h"},"id":"13k6f0wfdfd3n5w","previousOperationId":"cfdzqqaaaedya84"}
{"type":"operationEnd","subtype":"render","operationId":"zse8th9h1pp0gfn","timestamp":1744196335650,"id":"4izwwtna4knngfo","previousEventId":"k9at35orbcl23il","previousOperationId":"cfdzqqaaaedya84"}
{"type":"operationEnd","doDiffs":false,"previousEventId":"27swotg7v3yae21","previousOperationId":"r3xizcrl0i8fwoz","operationId":"r3xizcrl0i8fwoz","timestamp":1744196335654,"id":"bfr0kx7tev98bo7"}
