{"type":"operationStart","subtype":"profile","data":{"_id":"1At3FxzpqJWCHLt4","timestamp":"2025-04-09T10:35:59.347Z","state":"queued","mode":"standard","creationDate":"2025-04-09T10:35:59.348Z","modificationDate":"2025-04-09T10:35:59.348Z","shortid":"wC-hSMo","$entitySet":"profiles"},"doDiffs":false,"timestamp":1744194959348,"id":"e4fo876ydxremxq","previousOperationId":null,"operationId":"o3udlea8jn8q9h5"}
{"type":"log","level":"info","message":"Render request 13 queued for execution and waiting for available worker","previousOperationId":"o3udlea8jn8q9h5","timestamp":1744194959348,"id":"h96fg3uh5estr8q"}
{"type":"operationStart","subtype":"render","name":"myTemplate","previousOperationId":"o3udlea8jn8q9h5","timestamp":1744194959360,"id":"3oaeenxwr28criu","previousEventId":"e4fo876ydxremxq","operationId":"18zk757apinhzr7"}
{"type":"log","timestamp":1744194959360,"level":"info","message":"Starting rendering request 13","meta":{"rootId":"tm5bx0spzdxfcv6","id":"tm5bx0spzdxfcv6"},"id":"invprspb63wr22g","previousOperationId":"18zk757apinhzr7"}
{"type":"log","timestamp":1744194959361,"level":"info","message":"Rendering template { name: myTemplate, recipe: chrome-pdf, engine: handlebars, preview: true }","meta":{"rootId":"tm5bx0spzdxfcv6","id":"tm5bx0spzdxfcv6"},"id":"nrm1nnpsewhotzc","previousOperationId":"18zk757apinhzr7"}
{"type":"log","timestamp":1744194959362,"level":"debug","message":"Inline data specified.","meta":{"rootId":"tm5bx0spzdxfcv6","id":"tm5bx0spzdxfcv6"},"id":"juqj13y9et7znec","previousOperationId":"18zk757apinhzr7"}
{"type":"log","timestamp":1744194959364,"level":"debug","message":"Base url not specified, skipping its injection.","meta":{"rootId":"tm5bx0spzdxfcv6","id":"tm5bx0spzdxfcv6"},"id":"snc7pesvmyxynkv","previousOperationId":"18zk757apinhzr7"}
{"type":"operationStart","subtype":"engine","name":"handlebars","timestamp":1744194959364,"id":"m60knjhkpw01poo","previousEventId":"3oaeenxwr28criu","operationId":"ovztpvsmr4gmryg","previousOperationId":"18zk757apinhzr7"}
{"type":"log","timestamp":1744194959364,"level":"debug","message":"Rendering engine handlebars","meta":{"rootId":"tm5bx0spzdxfcv6","id":"tm5bx0spzdxfcv6"},"id":"u1qibsxa88ap42a","previousOperationId":"ovztpvsmr4gmryg"}
{"type":"operationEnd","operationId":"ovztpvsmr4gmryg","timestamp":1744194959383,"id":"wqrl40chaurszxg","previousEventId":"m60knjhkpw01poo","previousOperationId":"ovztpvsmr4gmryg"}
{"type":"operationStart","subtype":"recipe","name":"chrome-pdf","timestamp":1744194959384,"id":"e5uwqpe5ubbrq3u","previousEventId":"wqrl40chaurszxg","operationId":"tucizskr84cfydx","previousOperationId":"ovztpvsmr4gmryg"}
{"type":"log","timestamp":1744194959384,"level":"debug","message":"Executing recipe chrome-pdf","meta":{"rootId":"tm5bx0spzdxfcv6","id":"tm5bx0spzdxfcv6"},"id":"g6n3ns2q22l1vnr","previousOperationId":"tucizskr84cfydx"}
{"type":"log","timestamp":1744194959387,"level":"debug","message":"Converting with chrome Chrome/133.0.6943.126 using chrome-pool strategy","meta":{"rootId":"tm5bx0spzdxfcv6","id":"tm5bx0spzdxfcv6"},"id":"dm5ura5aaiq2nhx","previousOperationId":"tucizskr84cfydx"}
{"type":"log","timestamp":1744194959459,"level":"debug","message":"Page request: GET (document) file:///C:/Users/Patheo24/AppData/Local/Temp/jsreport/autocleanup/02289f6b-b312-41d6-a899-b5544f0f3b27-chrome-pdf.html","meta":{"rootId":"tm5bx0spzdxfcv6","id":"tm5bx0spzdxfcv6"},"id":"s5zzlbtgcoffefu","previousOperationId":"tucizskr84cfydx"}
{"type":"log","timestamp":1744194959485,"level":"debug","message":"Page request finished: GET (document) 200 file:///C:/Users/Patheo24/AppData/Local/Temp/jsreport/autocleanup/02289f6b-b312-41d6-a899-b5544f0f3b27-chrome-pdf.html","meta":{"rootId":"tm5bx0spzdxfcv6","id":"tm5bx0spzdxfcv6"},"id":"c4gof48x5ixuxoh","previousOperationId":"tucizskr84cfydx"}
{"type":"log","timestamp":1744194959492,"level":"debug","message":"Page request: GET (image) https://res.cloudinary.com/dpes1dyqb/image/upload/v1738768933/logo_myycxt.jpg","meta":{"rootId":"tm5bx0spzdxfcv6","id":"tm5bx0spzdxfcv6"},"id":"iis6so060rodpiu","previousOperationId":"tucizskr84cfydx"}
{"type":"log","timestamp":1744194959493,"level":"debug","message":"Page request: GET (font) http://localhost:5488/fonts/kalpurush.ttf","meta":{"rootId":"tm5bx0spzdxfcv6","id":"tm5bx0spzdxfcv6"},"id":"x9q6iksjrqiyll5","previousOperationId":"tucizskr84cfydx"}
{"type":"log","timestamp":1744194959550,"level":"debug","message":"Page request: GET (font) http://localhost:5488/fonts/kalpurush.ttf","meta":{"rootId":"tm5bx0spzdxfcv6","id":"tm5bx0spzdxfcv6"},"id":"qbrml4dx5vp74z7","previousOperationId":"tucizskr84cfydx"}
{"type":"log","timestamp":1744194959552,"level":"debug","message":"Page request finished: GET (image) 200 https://res.cloudinary.com/dpes1dyqb/image/upload/v1738768933/logo_myycxt.jpg","meta":{"rootId":"tm5bx0spzdxfcv6","id":"tm5bx0spzdxfcv6"},"id":"v18cbht6mw2qw7n","previousOperationId":"tucizskr84cfydx"}
{"type":"log","timestamp":1744194959565,"level":"debug","message":"(console:error) Failed to load resource: the server responded with a status of 404 (Not Found)","meta":{"userLevel":true,"rootId":"tm5bx0spzdxfcv6","id":"tm5bx0spzdxfcv6"},"id":"6zpkbu33pdl0yu7","previousOperationId":"tucizskr84cfydx"}
{"type":"log","timestamp":1744194959566,"level":"warn","message":"Page request failed: GET (font) http://localhost:5488/fonts/kalpurush.ttf, failure: net::ERR_ABORTED","meta":{"rootId":"tm5bx0spzdxfcv6","id":"tm5bx0spzdxfcv6"},"id":"p37810lmwek4n74","previousOperationId":"tucizskr84cfydx"}
{"type":"log","timestamp":1744194959575,"level":"debug","message":"Running chrome with params {\"printBackground\":true,\"timeout\":59960,\"margin\":{}}","meta":{"rootId":"tm5bx0spzdxfcv6","id":"tm5bx0spzdxfcv6"},"id":"ss71bmdlioea9sl","previousOperationId":"tucizskr84cfydx"}
{"type":"operationEnd","operationId":"tucizskr84cfydx","timestamp":1744194959899,"id":"56jqffzs94jf6up","previousEventId":"e5uwqpe5ubbrq3u","previousOperationId":"tucizskr84cfydx"}
{"type":"log","timestamp":1744194959899,"level":"debug","message":"Skipping storing report.","meta":{"rootId":"tm5bx0spzdxfcv6","id":"tm5bx0spzdxfcv6"},"id":"n4ea0pd4nll5hhm","previousOperationId":"tucizskr84cfydx"}
{"type":"log","timestamp":1744194959899,"level":"info","message":"Rendering request 13 finished in 553 ms","meta":{"rootId":"tm5bx0spzdxfcv6","id":"tm5bx0spzdxfcv6"},"id":"la8q9r1zqpeyei4","previousOperationId":"tucizskr84cfydx"}
{"type":"operationEnd","subtype":"render","operationId":"18zk757apinhzr7","timestamp":1744194959899,"id":"6ok5y5yhtx4ivv3","previousEventId":"56jqffzs94jf6up","previousOperationId":"tucizskr84cfydx"}
{"type":"operationEnd","doDiffs":false,"previousEventId":"e4fo876ydxremxq","previousOperationId":"o3udlea8jn8q9h5","operationId":"o3udlea8jn8q9h5","timestamp":1744194959905,"id":"iy2n39e3wk1rrlm"}
