{"type":"operationStart","subtype":"profile","data":{"_id":"SrxeEDBfqURERzh3","timestamp":"2025-04-09T11:37:09.081Z","state":"queued","mode":"standard","creationDate":"2025-04-09T11:37:09.086Z","modificationDate":"2025-04-09T11:37:09.086Z","shortid":"4kYgLCc","$entitySet":"profiles"},"doDiffs":false,"timestamp":1744198629083,"id":"yqoqfm14wdp1pz4","previousOperationId":null,"operationId":"e3fr2lunamtlezm"}
{"type":"log","level":"info","message":"Render request 39 queued for execution and waiting for available worker","previousOperationId":"e3fr2lunamtlezm","timestamp":1744198629083,"id":"uw6nimbwoof4g7i"}
{"type":"operationStart","subtype":"render","name":"myTemplate","previousOperationId":"e3fr2lunamtlezm","timestamp":1744198629105,"id":"khykc80pa93krqm","previousEventId":"yqoqfm14wdp1pz4","operationId":"vgrl2wcok3sr32h"}
{"type":"log","timestamp":1744198629105,"level":"info","message":"Starting rendering request 39","meta":{"rootId":"tmftvxlgqnl1m8q","id":"tmftvxlgqnl1m8q"},"id":"6lnt9pjqj10y1z8","previousOperationId":"vgrl2wcok3sr32h"}
{"type":"log","timestamp":1744198629106,"level":"info","message":"Rendering template { name: myTemplate, recipe: chrome-pdf, engine: handlebars, preview: false }","meta":{"rootId":"tmftvxlgqnl1m8q","id":"tmftvxlgqnl1m8q"},"id":"xvkw5ewhk1t941d","previousOperationId":"vgrl2wcok3sr32h"}
{"type":"log","timestamp":1744198629106,"level":"debug","message":"Inline data specified.","meta":{"rootId":"tmftvxlgqnl1m8q","id":"tmftvxlgqnl1m8q"},"id":"l2y3ke6btmj98hg","previousOperationId":"vgrl2wcok3sr32h"}
{"type":"log","timestamp":1744198629109,"level":"debug","message":"Base url not specified, skipping its injection.","meta":{"rootId":"tmftvxlgqnl1m8q","id":"tmftvxlgqnl1m8q"},"id":"fmk13eav8v8y8l7","previousOperationId":"vgrl2wcok3sr32h"}
{"type":"operationStart","subtype":"engine","name":"handlebars","timestamp":1744198629109,"id":"joc0ywthmesb8rc","previousEventId":"khykc80pa93krqm","operationId":"48kgt3h0uy6opdi","previousOperationId":"vgrl2wcok3sr32h"}
{"type":"log","timestamp":1744198629109,"level":"debug","message":"Rendering engine handlebars","meta":{"rootId":"tmftvxlgqnl1m8q","id":"tmftvxlgqnl1m8q"},"id":"fbsb05prx3xaxq6","previousOperationId":"48kgt3h0uy6opdi"}
{"type":"operationEnd","operationId":"48kgt3h0uy6opdi","timestamp":1744198629128,"id":"lads3wtegnlrwdy","previousEventId":"joc0ywthmesb8rc","previousOperationId":"48kgt3h0uy6opdi"}
{"type":"operationStart","subtype":"recipe","name":"chrome-pdf","timestamp":1744198629128,"id":"6qw3tm7jn4db3g3","previousEventId":"lads3wtegnlrwdy","operationId":"hqt0mcsk9sh58r9","previousOperationId":"48kgt3h0uy6opdi"}
{"type":"log","timestamp":1744198629128,"level":"debug","message":"Executing recipe chrome-pdf","meta":{"rootId":"tmftvxlgqnl1m8q","id":"tmftvxlgqnl1m8q"},"id":"rv764sp8mjvig1j","previousOperationId":"hqt0mcsk9sh58r9"}
{"type":"log","timestamp":1744198629140,"level":"debug","message":"Converting with chrome Chrome/133.0.6943.126 using chrome-pool strategy","meta":{"rootId":"tmftvxlgqnl1m8q","id":"tmftvxlgqnl1m8q"},"id":"q82zyvufqdy6cvx","previousOperationId":"hqt0mcsk9sh58r9"}
{"type":"log","timestamp":1744198629420,"level":"debug","message":"Page request: GET (document) file:///C:/Users/Patheo24/AppData/Local/Temp/jsreport/autocleanup/ccba4d19-8110-4dad-9801-5b31b0eb252b-chrome-pdf.html","meta":{"rootId":"tmftvxlgqnl1m8q","id":"tmftvxlgqnl1m8q"},"id":"rlgxt4o1aw1hoqi","previousOperationId":"hqt0mcsk9sh58r9"}
{"type":"log","timestamp":1744198629445,"level":"debug","message":"Page request finished: GET (document) 200 file:///C:/Users/Patheo24/AppData/Local/Temp/jsreport/autocleanup/ccba4d19-8110-4dad-9801-5b31b0eb252b-chrome-pdf.html","meta":{"rootId":"tmftvxlgqnl1m8q","id":"tmftvxlgqnl1m8q"},"id":"8glar26bzsjwzsm","previousOperationId":"hqt0mcsk9sh58r9"}
{"type":"log","timestamp":1744198629445,"level":"debug","message":"(console:info) Slow network is detected. See https://www.chromestatus.com/feature/5636954674692096 for more details. Fallback font will be used while loading: http://localhost:5488/fonts/kalpurush.ttf","meta":{"userLevel":true,"rootId":"tmftvxlgqnl1m8q","id":"tmftvxlgqnl1m8q"},"id":"l8u83jqp96lx4pg","previousOperationId":"hqt0mcsk9sh58r9"}
{"type":"log","timestamp":1744198629446,"level":"debug","message":"Page request: GET (font) http://localhost:5488/fonts/kalpurush.ttf","meta":{"rootId":"tmftvxlgqnl1m8q","id":"tmftvxlgqnl1m8q"},"id":"o337s3e40kewh99","previousOperationId":"hqt0mcsk9sh58r9"}
{"type":"log","timestamp":1744198629495,"level":"debug","message":"Page request: GET (font) http://localhost:5488/fonts/kalpurush.ttf","meta":{"rootId":"tmftvxlgqnl1m8q","id":"tmftvxlgqnl1m8q"},"id":"j8q8bzlkg7844zp","previousOperationId":"hqt0mcsk9sh58r9"}
{"type":"log","timestamp":1744198629508,"level":"debug","message":"(console:error) Failed to load resource: the server responded with a status of 404 (Not Found)","meta":{"userLevel":true,"rootId":"tmftvxlgqnl1m8q","id":"tmftvxlgqnl1m8q"},"id":"si122ogkmdypygl","previousOperationId":"hqt0mcsk9sh58r9"}
{"type":"log","timestamp":1744198629509,"level":"warn","message":"Page request failed: GET (font) http://localhost:5488/fonts/kalpurush.ttf, failure: net::ERR_ABORTED","meta":{"rootId":"tmftvxlgqnl1m8q","id":"tmftvxlgqnl1m8q"},"id":"7a8plv1lj2jvywc","previousOperationId":"hqt0mcsk9sh58r9"}
{"type":"log","timestamp":1744198629513,"level":"debug","message":"Running chrome with params {\"printBackground\":true,\"timeout\":59948,\"margin\":{}}","meta":{"rootId":"tmftvxlgqnl1m8q","id":"tmftvxlgqnl1m8q"},"id":"d93tweie67mblnx","previousOperationId":"hqt0mcsk9sh58r9"}
{"type":"operationEnd","operationId":"hqt0mcsk9sh58r9","timestamp":1744198629681,"id":"g633k7yqvxpnpsv","previousEventId":"6qw3tm7jn4db3g3","previousOperationId":"hqt0mcsk9sh58r9"}
{"type":"log","timestamp":1744198629681,"level":"debug","message":"Skipping storing report.","meta":{"rootId":"tmftvxlgqnl1m8q","id":"tmftvxlgqnl1m8q"},"id":"vos9shh5cseqldj","previousOperationId":"hqt0mcsk9sh58r9"}
{"type":"log","timestamp":1744198629681,"level":"info","message":"Rendering request 39 finished in 600 ms","meta":{"rootId":"tmftvxlgqnl1m8q","id":"tmftvxlgqnl1m8q"},"id":"5a5b4nl234yo3pj","previousOperationId":"hqt0mcsk9sh58r9"}
{"type":"operationEnd","subtype":"render","operationId":"vgrl2wcok3sr32h","timestamp":1744198629681,"id":"8i6yuwke0tf459v","previousEventId":"g633k7yqvxpnpsv","previousOperationId":"hqt0mcsk9sh58r9"}
{"type":"operationEnd","doDiffs":false,"previousEventId":"yqoqfm14wdp1pz4","previousOperationId":"e3fr2lunamtlezm","operationId":"e3fr2lunamtlezm","timestamp":1744198629685,"id":"6uahhjh2ir4rbk6"}
