{"type":"operationStart","subtype":"profile","data":{"_id":"jPQNoAHhgmN6yLkX","timestamp":"2025-04-10T17:22:49.748Z","state":"queued","mode":"standard","creationDate":"2025-04-10T17:22:49.751Z","modificationDate":"2025-04-10T17:22:49.751Z","shortid":"4W4EOS2","$entitySet":"profiles"},"doDiffs":false,"timestamp":1744305769749,"id":"7wz1pldttd02uqq","previousOperationId":null,"operationId":"w8jtcazoujmr39s"}
{"type":"log","level":"info","message":"Render request 6 queued for execution and waiting for available worker","previousOperationId":"w8jtcazoujmr39s","timestamp":1744305769750,"id":"ppt3wwbgdhbm4jd"}
{"type":"operationStart","subtype":"render","name":"myTemplate","previousOperationId":"w8jtcazoujmr39s","timestamp":1744305769766,"id":"8mlg373tddhm5qw","previousEventId":"7wz1pldttd02uqq","operationId":"iwyq96mz6xiq2qh"}
{"type":"log","timestamp":1744305769766,"level":"info","message":"Starting rendering request 6","meta":{"rootId":"trljinvca4jdr3k","id":"trljinvca4jdr3k"},"id":"g165kr2e650s3n0","previousOperationId":"iwyq96mz6xiq2qh"}
{"type":"log","timestamp":1744305769766,"level":"info","message":"Rendering template { name: myTemplate, recipe: chrome-pdf, engine: handlebars, preview: true }","meta":{"rootId":"trljinvca4jdr3k","id":"trljinvca4jdr3k"},"id":"6vg9h5hh969k72w","previousOperationId":"iwyq96mz6xiq2qh"}
{"type":"log","timestamp":1744305769767,"level":"debug","message":"Inline data specified.","meta":{"rootId":"trljinvca4jdr3k","id":"trljinvca4jdr3k"},"id":"g0ed6bfcdez8z19","previousOperationId":"iwyq96mz6xiq2qh"}
{"type":"log","timestamp":1744305769768,"level":"debug","message":"Base url not specified, skipping its injection.","meta":{"rootId":"trljinvca4jdr3k","id":"trljinvca4jdr3k"},"id":"g6ojykf1jqlm3zv","previousOperationId":"iwyq96mz6xiq2qh"}
{"type":"operationStart","subtype":"engine","name":"handlebars","timestamp":1744305769769,"id":"srn65cs9otj73fx","previousEventId":"8mlg373tddhm5qw","operationId":"3xjs41t7b3sz0d5","previousOperationId":"iwyq96mz6xiq2qh"}
{"type":"log","timestamp":1744305769769,"level":"debug","message":"Rendering engine handlebars","meta":{"rootId":"trljinvca4jdr3k","id":"trljinvca4jdr3k"},"id":"cps5a3x1j4aj5ez","previousOperationId":"3xjs41t7b3sz0d5"}
{"type":"operationEnd","operationId":"3xjs41t7b3sz0d5","timestamp":1744305769841,"id":"rnyr7a2pe01cku9","previousEventId":"srn65cs9otj73fx","previousOperationId":"3xjs41t7b3sz0d5"}
{"type":"operationStart","subtype":"recipe","name":"chrome-pdf","timestamp":1744305769841,"id":"4jwtzdltjxmpdwq","previousEventId":"rnyr7a2pe01cku9","operationId":"if1gpw98cblu5as","previousOperationId":"3xjs41t7b3sz0d5"}
{"type":"log","timestamp":1744305769841,"level":"debug","message":"Executing recipe chrome-pdf","meta":{"rootId":"trljinvca4jdr3k","id":"trljinvca4jdr3k"},"id":"i1lf4kdu25iulqg","previousOperationId":"if1gpw98cblu5as"}
{"type":"log","timestamp":1744305769844,"level":"debug","message":"Converting with chrome Chrome/133.0.6943.126 using chrome-pool strategy","meta":{"rootId":"trljinvca4jdr3k","id":"trljinvca4jdr3k"},"id":"9w0qyngvfaa8sxh","previousOperationId":"if1gpw98cblu5as"}
{"type":"log","timestamp":1744305769972,"level":"debug","message":"Page request: GET (document) file:///C:/Users/Patheo24/AppData/Local/Temp/jsreport/autocleanup/afc4ab6d-49d8-4940-8fcb-3f7a6e1cb3f0-chrome-pdf.html","meta":{"rootId":"trljinvca4jdr3k","id":"trljinvca4jdr3k"},"id":"j0uhj6c7ji4zuvr","previousOperationId":"if1gpw98cblu5as"}
{"type":"log","timestamp":1744305769990,"level":"debug","message":"Page request finished: GET (document) 200 file:///C:/Users/Patheo24/AppData/Local/Temp/jsreport/autocleanup/afc4ab6d-49d8-4940-8fcb-3f7a6e1cb3f0-chrome-pdf.html","meta":{"rootId":"trljinvca4jdr3k","id":"trljinvca4jdr3k"},"id":"vptpgt5ggsk5oo8","previousOperationId":"if1gpw98cblu5as"}
{"type":"log","timestamp":1744305769991,"level":"debug","message":"Page request: GET (image) https://res.cloudinary.com/dpes1dyqb/image/upload/v1738768933/logo_myycxt.jpg","meta":{"rootId":"trljinvca4jdr3k","id":"trljinvca4jdr3k"},"id":"q0vlk3cs4c0tp3v","previousOperationId":"if1gpw98cblu5as"}
{"type":"log","timestamp":1744305769992,"level":"debug","message":"(console:info) Slow network is detected. See https://www.chromestatus.com/feature/5636954674692096 for more details. Fallback font will be used while loading: http://localhost:5488/fonts/kalpurush.ttf","meta":{"userLevel":true,"rootId":"trljinvca4jdr3k","id":"trljinvca4jdr3k"},"id":"6uxxgl5rtkzjmg2","previousOperationId":"if1gpw98cblu5as"}
{"type":"log","timestamp":1744305769993,"level":"debug","message":"Page request: GET (font) http://localhost:5488/fonts/kalpurush.ttf","meta":{"rootId":"trljinvca4jdr3k","id":"trljinvca4jdr3k"},"id":"yla2i1uxd042zwc","previousOperationId":"if1gpw98cblu5as"}
{"type":"log","timestamp":1744305770041,"level":"debug","message":"Page request: GET (font) http://localhost:5488/fonts/kalpurush.ttf","meta":{"rootId":"trljinvca4jdr3k","id":"trljinvca4jdr3k"},"id":"kv0zp85g5gnhb0e","previousOperationId":"if1gpw98cblu5as"}
{"type":"log","timestamp":1744305770043,"level":"debug","message":"Page request finished: GET (image) 200 https://res.cloudinary.com/dpes1dyqb/image/upload/v1738768933/logo_myycxt.jpg","meta":{"rootId":"trljinvca4jdr3k","id":"trljinvca4jdr3k"},"id":"y4jrhtjvpx1k0yz","previousOperationId":"if1gpw98cblu5as"}
{"type":"log","timestamp":1744305770049,"level":"debug","message":"(console:error) Failed to load resource: the server responded with a status of 404 (Not Found)","meta":{"userLevel":true,"rootId":"trljinvca4jdr3k","id":"trljinvca4jdr3k"},"id":"510l339kzab2gbn","previousOperationId":"if1gpw98cblu5as"}
{"type":"log","timestamp":1744305770049,"level":"warn","message":"Page request failed: GET (font) http://localhost:5488/fonts/kalpurush.ttf, failure: net::ERR_ABORTED","meta":{"rootId":"trljinvca4jdr3k","id":"trljinvca4jdr3k"},"id":"00ipxwxjke0df43","previousOperationId":"if1gpw98cblu5as"}
{"type":"log","timestamp":1744305770061,"level":"debug","message":"Running chrome with params {\"printBackground\":true,\"format\":\"A5\",\"marginRight\":\"\",\"height\":\"\",\"marginTop\":\"\",\"marginBottom\":\"\",\"marginLeft\":\"\",\"displayHeaderFooter\":true,\"width\":\"\",\"timeout\":59905,\"margin\":{\"top\":\"\",\"right\":\"\",\"bottom\":\"\",\"left\":\"\"}}","meta":{"rootId":"trljinvca4jdr3k","id":"trljinvca4jdr3k"},"id":"yt7wn2src9wxqqd","previousOperationId":"if1gpw98cblu5as"}
{"type":"operationEnd","operationId":"if1gpw98cblu5as","timestamp":1744305770410,"id":"r4ht9d7gohozgyh","previousEventId":"4jwtzdltjxmpdwq","previousOperationId":"if1gpw98cblu5as"}
{"type":"log","timestamp":1744305770410,"level":"debug","message":"Skipping storing report.","meta":{"rootId":"trljinvca4jdr3k","id":"trljinvca4jdr3k"},"id":"5umlaolctdvz5d9","previousOperationId":"if1gpw98cblu5as"}
{"type":"log","timestamp":1744305770410,"level":"info","message":"Rendering request 6 finished in 662 ms","meta":{"rootId":"trljinvca4jdr3k","id":"trljinvca4jdr3k"},"id":"djref4wyph6zb6b","previousOperationId":"if1gpw98cblu5as"}
{"type":"operationEnd","subtype":"render","operationId":"iwyq96mz6xiq2qh","timestamp":1744305770410,"id":"1tel0ou9y05w0w6","previousEventId":"r4ht9d7gohozgyh","previousOperationId":"if1gpw98cblu5as"}
{"type":"operationEnd","doDiffs":false,"previousEventId":"7wz1pldttd02uqq","previousOperationId":"w8jtcazoujmr39s","operationId":"w8jtcazoujmr39s","timestamp":1744305770416,"id":"7rcggf0hc080m7s"}
