{"type":"operationStart","subtype":"profile","data":{"_id":"Ze9xs0QA51y61lUR","timestamp":"2025-04-09T10:48:50.120Z","state":"queued","mode":"standard","creationDate":"2025-04-09T10:48:50.122Z","modificationDate":"2025-04-09T10:48:50.122Z","shortid":"cacshHN","$entitySet":"profiles"},"doDiffs":false,"timestamp":1744195730121,"id":"u6j5zg5tnihzjw9","previousOperationId":null,"operationId":"7mvzegso3lzjsua"}
{"type":"log","level":"info","message":"Render request 23 queued for execution and waiting for available worker","previousOperationId":"7mvzegso3lzjsua","timestamp":1744195730121,"id":"893rmxmlv9g2a2j"}
{"type":"operationStart","subtype":"render","name":"myTemplate","previousOperationId":"7mvzegso3lzjsua","timestamp":1744195730154,"id":"m5jml89il96a2ev","previousEventId":"u6j5zg5tnihzjw9","operationId":"wj0sepz07iv7190"}
{"type":"log","timestamp":1744195730154,"level":"info","message":"Starting rendering request 23","meta":{"rootId":"ttvc1443vpugwil","id":"ttvc1443vpugwil"},"id":"1axsq3j534653ox","previousOperationId":"wj0sepz07iv7190"}
{"type":"log","timestamp":1744195730154,"level":"info","message":"Rendering template { name: myTemplate, recipe: chrome-pdf, engine: handlebars, preview: true }","meta":{"rootId":"ttvc1443vpugwil","id":"ttvc1443vpugwil"},"id":"gjn66n2sxzkdpws","previousOperationId":"wj0sepz07iv7190"}
{"type":"log","timestamp":1744195730155,"level":"debug","message":"Inline data specified.","meta":{"rootId":"ttvc1443vpugwil","id":"ttvc1443vpugwil"},"id":"pllo2a2xixtqrih","previousOperationId":"wj0sepz07iv7190"}
{"type":"log","timestamp":1744195730156,"level":"debug","message":"Base url not specified, skipping its injection.","meta":{"rootId":"ttvc1443vpugwil","id":"ttvc1443vpugwil"},"id":"nfqt9x7vrpv86fy","previousOperationId":"wj0sepz07iv7190"}
{"type":"operationStart","subtype":"engine","name":"handlebars","timestamp":1744195730156,"id":"vp9fim0gczc5df0","previousEventId":"m5jml89il96a2ev","operationId":"7ja16tff1jzh1ea","previousOperationId":"wj0sepz07iv7190"}
{"type":"log","timestamp":1744195730156,"level":"debug","message":"Rendering engine handlebars","meta":{"rootId":"ttvc1443vpugwil","id":"ttvc1443vpugwil"},"id":"hz79qf68zk2wem9","previousOperationId":"7ja16tff1jzh1ea"}
{"type":"operationEnd","operationId":"7ja16tff1jzh1ea","timestamp":1744195730186,"id":"071xu9la4wh7ewn","previousEventId":"vp9fim0gczc5df0","previousOperationId":"7ja16tff1jzh1ea"}
{"type":"operationStart","subtype":"recipe","name":"chrome-pdf","timestamp":1744195730186,"id":"gbmak3pmjh20mon","previousEventId":"071xu9la4wh7ewn","operationId":"84d00pw0i9o06xe","previousOperationId":"7ja16tff1jzh1ea"}
{"type":"log","timestamp":1744195730186,"level":"debug","message":"Executing recipe chrome-pdf","meta":{"rootId":"ttvc1443vpugwil","id":"ttvc1443vpugwil"},"id":"hfr2jf85u8wyd2t","previousOperationId":"84d00pw0i9o06xe"}
{"type":"log","timestamp":1744195730189,"level":"debug","message":"Converting with chrome Chrome/133.0.6943.126 using chrome-pool strategy","meta":{"rootId":"ttvc1443vpugwil","id":"ttvc1443vpugwil"},"id":"tz1o0k8iinht54s","previousOperationId":"84d00pw0i9o06xe"}
{"type":"log","timestamp":1744195730263,"level":"debug","message":"Page request: GET (document) file:///C:/Users/Patheo24/AppData/Local/Temp/jsreport/autocleanup/900d8b35-2566-4a8a-a01e-eeb17655cbf8-chrome-pdf.html","meta":{"rootId":"ttvc1443vpugwil","id":"ttvc1443vpugwil"},"id":"n0elwrnd9up4xlb","previousOperationId":"84d00pw0i9o06xe"}
{"type":"log","timestamp":1744195730298,"level":"debug","message":"Page request finished: GET (document) 200 file:///C:/Users/Patheo24/AppData/Local/Temp/jsreport/autocleanup/900d8b35-2566-4a8a-a01e-eeb17655cbf8-chrome-pdf.html","meta":{"rootId":"ttvc1443vpugwil","id":"ttvc1443vpugwil"},"id":"7w8x5i31h4wo2ce","previousOperationId":"84d00pw0i9o06xe"}
{"type":"log","timestamp":1744195730302,"level":"debug","message":"Page request: GET (font) http://localhost:5488/fonts/kalpurush.ttf","meta":{"rootId":"ttvc1443vpugwil","id":"ttvc1443vpugwil"},"id":"pd2cnjbqt5wa9c9","previousOperationId":"84d00pw0i9o06xe"}
{"type":"log","timestamp":1744195730303,"level":"debug","message":"Page request: GET (image) https://res.cloudinary.com/dpes1dyqb/image/upload/v1738768933/logo_myycxt.jpg","meta":{"rootId":"ttvc1443vpugwil","id":"ttvc1443vpugwil"},"id":"9j0v6vipsi0w3sa","previousOperationId":"84d00pw0i9o06xe"}
{"type":"log","timestamp":1744195730361,"level":"debug","message":"Page request: GET (font) http://localhost:5488/fonts/kalpurush.ttf","meta":{"rootId":"ttvc1443vpugwil","id":"ttvc1443vpugwil"},"id":"q2sowd1hq91a9nl","previousOperationId":"84d00pw0i9o06xe"}
{"type":"log","timestamp":1744195730362,"level":"debug","message":"Page request finished: GET (image) 200 https://res.cloudinary.com/dpes1dyqb/image/upload/v1738768933/logo_myycxt.jpg","meta":{"rootId":"ttvc1443vpugwil","id":"ttvc1443vpugwil"},"id":"hqvpky5whryudzw","previousOperationId":"84d00pw0i9o06xe"}
{"type":"log","timestamp":1744195730370,"level":"debug","message":"(console:error) Failed to load resource: the server responded with a status of 404 (Not Found)","meta":{"userLevel":true,"rootId":"ttvc1443vpugwil","id":"ttvc1443vpugwil"},"id":"mkz0zfcgrt6u5hj","previousOperationId":"84d00pw0i9o06xe"}
{"type":"log","timestamp":1744195730370,"level":"warn","message":"Page request failed: GET (font) http://localhost:5488/fonts/kalpurush.ttf, failure: net::ERR_ABORTED","meta":{"rootId":"ttvc1443vpugwil","id":"ttvc1443vpugwil"},"id":"kdh3ri1skh2suk1","previousOperationId":"84d00pw0i9o06xe"}
{"type":"log","timestamp":1744195730379,"level":"debug","message":"Running chrome with params {\"printBackground\":true,\"timeout\":59932,\"margin\":{}}","meta":{"rootId":"ttvc1443vpugwil","id":"ttvc1443vpugwil"},"id":"c7t7h70jrzmd36l","previousOperationId":"84d00pw0i9o06xe"}
{"type":"operationEnd","operationId":"84d00pw0i9o06xe","timestamp":1744195730678,"id":"67rzmovox522p9j","previousEventId":"gbmak3pmjh20mon","previousOperationId":"84d00pw0i9o06xe"}
{"type":"log","timestamp":1744195730678,"level":"debug","message":"Skipping storing report.","meta":{"rootId":"ttvc1443vpugwil","id":"ttvc1443vpugwil"},"id":"rou3w176xvdgb45","previousOperationId":"84d00pw0i9o06xe"}
{"type":"log","timestamp":1744195730678,"level":"info","message":"Rendering request 23 finished in 558 ms","meta":{"rootId":"ttvc1443vpugwil","id":"ttvc1443vpugwil"},"id":"ledgrwd2oc5sniv","previousOperationId":"84d00pw0i9o06xe"}
{"type":"operationEnd","subtype":"render","operationId":"wj0sepz07iv7190","timestamp":1744195730678,"id":"vypetgopoo1nnf0","previousEventId":"67rzmovox522p9j","previousOperationId":"84d00pw0i9o06xe"}
{"type":"operationEnd","doDiffs":false,"previousEventId":"u6j5zg5tnihzjw9","previousOperationId":"7mvzegso3lzjsua","operationId":"7mvzegso3lzjsua","timestamp":1744195730683,"id":"bhhxpovtyr1bj3m"}
