{"type":"operationStart","subtype":"profile","data":{"_id":"gxyztBdYu8fbQBz3","timestamp":"2025-04-11T13:00:23.224Z","state":"queued","mode":"standard","creationDate":"2025-04-11T13:00:23.226Z","modificationDate":"2025-04-11T13:00:23.226Z","shortid":"rmOPwPr","$entitySet":"profiles"},"doDiffs":false,"timestamp":1744376423225,"id":"2onzloego6ltwna","previousOperationId":null,"operationId":"henvl41n55oo0zh"}
{"type":"log","level":"info","message":"Render request 40 queued for execution and waiting for available worker","previousOperationId":"henvl41n55oo0zh","timestamp":1744376423225,"id":"lz9aoxqpn8kf3xq"}
{"type":"operationStart","subtype":"render","name":"myTemplate","previousOperationId":"henvl41n55oo0zh","timestamp":1744376423240,"id":"jx6oxso6bibjazg","previousEventId":"2onzloego6ltwna","operationId":"wgj2mox459xu8cy"}
{"type":"log","timestamp":1744376423240,"level":"info","message":"Starting rendering request 40","meta":{"rootId":"ty7w8d2556ukr2h","id":"ty7w8d2556ukr2h"},"id":"vxhchs9or09s018","previousOperationId":"wgj2mox459xu8cy"}
{"type":"log","timestamp":1744376423240,"level":"info","message":"Rendering template { name: myTemplate, recipe: chrome-pdf, engine: handlebars, preview: true }","meta":{"rootId":"ty7w8d2556ukr2h","id":"ty7w8d2556ukr2h"},"id":"lurxk0bdnp4kp1q","previousOperationId":"wgj2mox459xu8cy"}
{"type":"log","timestamp":1744376423241,"level":"debug","message":"Inline data specified.","meta":{"rootId":"ty7w8d2556ukr2h","id":"ty7w8d2556ukr2h"},"id":"2hnvtfdsbtq2fwy","previousOperationId":"wgj2mox459xu8cy"}
{"type":"log","timestamp":1744376423241,"level":"debug","message":"Base url not specified, skipping its injection.","meta":{"rootId":"ty7w8d2556ukr2h","id":"ty7w8d2556ukr2h"},"id":"xzgu54l1pc6szo2","previousOperationId":"wgj2mox459xu8cy"}
{"type":"operationStart","subtype":"engine","name":"handlebars","timestamp":1744376423241,"id":"0ujg9x5sczpfc2p","previousEventId":"jx6oxso6bibjazg","operationId":"16wkfkznt63aj8t","previousOperationId":"wgj2mox459xu8cy"}
{"type":"log","timestamp":1744376423241,"level":"debug","message":"Rendering engine handlebars","meta":{"rootId":"ty7w8d2556ukr2h","id":"ty7w8d2556ukr2h"},"id":"1giitb46nfd19ei","previousOperationId":"16wkfkznt63aj8t"}
{"type":"operationEnd","operationId":"16wkfkznt63aj8t","timestamp":1744376423261,"id":"7nd4utea1aezdif","previousEventId":"0ujg9x5sczpfc2p","previousOperationId":"16wkfkznt63aj8t"}
{"type":"operationStart","subtype":"recipe","name":"chrome-pdf","timestamp":1744376423261,"id":"9h0joaadoz6stkv","previousEventId":"7nd4utea1aezdif","operationId":"e3dg29y5jbavix8","previousOperationId":"16wkfkznt63aj8t"}
{"type":"log","timestamp":1744376423261,"level":"debug","message":"Executing recipe chrome-pdf","meta":{"rootId":"ty7w8d2556ukr2h","id":"ty7w8d2556ukr2h"},"id":"ken2qwys7dzdqzd","previousOperationId":"e3dg29y5jbavix8"}
{"type":"log","timestamp":1744376423265,"level":"debug","message":"Converting with chrome Chrome/133.0.6943.126 using chrome-pool strategy","meta":{"rootId":"ty7w8d2556ukr2h","id":"ty7w8d2556ukr2h"},"id":"2aru96rtssangjm","previousOperationId":"e3dg29y5jbavix8"}
{"type":"log","timestamp":1744376423338,"level":"debug","message":"Page request: GET (document) file:///C:/Users/Patheo24/AppData/Local/Temp/jsreport/autocleanup/aadd7337-90ea-4001-8bc2-53e888277efd-chrome-pdf.html","meta":{"rootId":"ty7w8d2556ukr2h","id":"ty7w8d2556ukr2h"},"id":"gtnh9sobu73z4nz","previousOperationId":"e3dg29y5jbavix8"}
{"type":"log","timestamp":1744376423366,"level":"debug","message":"Page request finished: GET (document) 200 file:///C:/Users/Patheo24/AppData/Local/Temp/jsreport/autocleanup/aadd7337-90ea-4001-8bc2-53e888277efd-chrome-pdf.html","meta":{"rootId":"ty7w8d2556ukr2h","id":"ty7w8d2556ukr2h"},"id":"d6nneuw610uze1l","previousOperationId":"e3dg29y5jbavix8"}
{"type":"log","timestamp":1744376423371,"level":"debug","message":"Page request: GET (image) https://res.cloudinary.com/dpes1dyqb/image/upload/v1738768933/logo_myycxt.jpg","meta":{"rootId":"ty7w8d2556ukr2h","id":"ty7w8d2556ukr2h"},"id":"qsatviv7emlfcqc","previousOperationId":"e3dg29y5jbavix8"}
{"type":"log","timestamp":1744376423371,"level":"debug","message":"Page request: GET (font) http://localhost:5488/fonts/kalpurush.ttf","meta":{"rootId":"ty7w8d2556ukr2h","id":"ty7w8d2556ukr2h"},"id":"5emkekt3hs62gh6","previousOperationId":"e3dg29y5jbavix8"}
{"type":"log","timestamp":1744376423375,"level":"debug","message":"Page request: GET (font) http://localhost:5488/fonts/kalpurush.ttf","meta":{"rootId":"ty7w8d2556ukr2h","id":"ty7w8d2556ukr2h"},"id":"mb2cpga5974j790","previousOperationId":"e3dg29y5jbavix8"}
{"type":"log","timestamp":1744376423376,"level":"debug","message":"Page request finished: GET (image) 200 https://res.cloudinary.com/dpes1dyqb/image/upload/v1738768933/logo_myycxt.jpg","meta":{"rootId":"ty7w8d2556ukr2h","id":"ty7w8d2556ukr2h"},"id":"kiwar51fvly45lt","previousOperationId":"e3dg29y5jbavix8"}
{"type":"log","timestamp":1744376423437,"level":"debug","message":"(console:error) Failed to load resource: the server responded with a status of 404 (Not Found)","meta":{"userLevel":true,"rootId":"ty7w8d2556ukr2h","id":"ty7w8d2556ukr2h"},"id":"iboxumnt48siya7","previousOperationId":"e3dg29y5jbavix8"}
{"type":"log","timestamp":1744376423438,"level":"warn","message":"Page request failed: GET (font) http://localhost:5488/fonts/kalpurush.ttf, failure: net::ERR_ABORTED","meta":{"rootId":"ty7w8d2556ukr2h","id":"ty7w8d2556ukr2h"},"id":"fgn3aa353y1zqoz","previousOperationId":"e3dg29y5jbavix8"}
{"type":"log","timestamp":1744376423453,"level":"debug","message":"Running chrome with params {\"printBackground\":true,\"format\":\"A5\",\"marginRight\":\"\",\"height\":\"\",\"marginTop\":\"\",\"marginBottom\":\"\",\"marginLeft\":\"\",\"displayHeaderFooter\":true,\"width\":\"\",\"timeout\":59961,\"margin\":{\"top\":\"\",\"right\":\"\",\"bottom\":\"\",\"left\":\"\"}}","meta":{"rootId":"ty7w8d2556ukr2h","id":"ty7w8d2556ukr2h"},"id":"8pwyft1hhfdji60","previousOperationId":"e3dg29y5jbavix8"}
{"type":"operationEnd","operationId":"e3dg29y5jbavix8","timestamp":1744376423821,"id":"5hmf2ew1mbayau0","previousEventId":"9h0joaadoz6stkv","previousOperationId":"e3dg29y5jbavix8"}
{"type":"log","timestamp":1744376423821,"level":"debug","message":"Skipping storing report.","meta":{"rootId":"ty7w8d2556ukr2h","id":"ty7w8d2556ukr2h"},"id":"vwm93wetjvkfooj","previousOperationId":"e3dg29y5jbavix8"}
{"type":"log","timestamp":1744376423821,"level":"info","message":"Rendering request 40 finished in 597 ms","meta":{"rootId":"ty7w8d2556ukr2h","id":"ty7w8d2556ukr2h"},"id":"sql6mzk5ikm0qe9","previousOperationId":"e3dg29y5jbavix8"}
{"type":"operationEnd","subtype":"render","operationId":"wgj2mox459xu8cy","timestamp":1744376423821,"id":"z7p12qgi79eorft","previousEventId":"5hmf2ew1mbayau0","previousOperationId":"e3dg29y5jbavix8"}
{"type":"operationEnd","doDiffs":false,"previousEventId":"2onzloego6ltwna","previousOperationId":"henvl41n55oo0zh","operationId":"henvl41n55oo0zh","timestamp":1744376423825,"id":"jlw9h479excadjq"}
