{"type":"operationStart","subtype":"profile","data":{"_id":"vj2E3K2faAlvYDyn","timestamp":"2025-04-09T11:20:08.151Z","state":"queued","mode":"standard","creationDate":"2025-04-09T11:20:08.153Z","modificationDate":"2025-04-09T11:20:08.153Z","shortid":"DH8vcGK","$entitySet":"profiles"},"doDiffs":false,"timestamp":1744197608152,"id":"ofkir0y996qp6p9","previousOperationId":null,"operationId":"v5ptjrm44n5mcjv"}
{"type":"log","level":"info","message":"Render request 37 queued for execution and waiting for available worker","previousOperationId":"v5ptjrm44n5mcjv","timestamp":1744197608152,"id":"3mwllz96737wrks"}
{"type":"operationStart","subtype":"render","name":"myTemplate","previousOperationId":"v5ptjrm44n5mcjv","timestamp":1744197608164,"id":"ebl5ej9zlqglnpe","previousEventId":"ofkir0y996qp6p9","operationId":"zdloe4x2e8bkphz"}
{"type":"log","timestamp":1744197608165,"level":"info","message":"Starting rendering request 37","meta":{"rootId":"tzih3kjk01udvhl","id":"tzih3kjk01udvhl"},"id":"3fmiyoti1uvnnuj","previousOperationId":"zdloe4x2e8bkphz"}
{"type":"log","timestamp":1744197608165,"level":"info","message":"Rendering template { name: myTemplate, recipe: chrome-pdf, engine: handlebars, preview: false }","meta":{"rootId":"tzih3kjk01udvhl","id":"tzih3kjk01udvhl"},"id":"cb9s1mfktb48dq4","previousOperationId":"zdloe4x2e8bkphz"}
{"type":"log","timestamp":1744197608166,"level":"debug","message":"Inline data specified.","meta":{"rootId":"tzih3kjk01udvhl","id":"tzih3kjk01udvhl"},"id":"lbwthb9jl2h0qaz","previousOperationId":"zdloe4x2e8bkphz"}
{"type":"log","timestamp":1744197608168,"level":"debug","message":"Base url not specified, skipping its injection.","meta":{"rootId":"tzih3kjk01udvhl","id":"tzih3kjk01udvhl"},"id":"fw21f69z1cjrg3p","previousOperationId":"zdloe4x2e8bkphz"}
{"type":"operationStart","subtype":"engine","name":"handlebars","timestamp":1744197608169,"id":"je5758xbu1l7rub","previousEventId":"ebl5ej9zlqglnpe","operationId":"994qn1srulahj13","previousOperationId":"zdloe4x2e8bkphz"}
{"type":"log","timestamp":1744197608169,"level":"debug","message":"Rendering engine handlebars","meta":{"rootId":"tzih3kjk01udvhl","id":"tzih3kjk01udvhl"},"id":"jmm2xhlmm57c1ot","previousOperationId":"994qn1srulahj13"}
{"type":"operationEnd","operationId":"994qn1srulahj13","timestamp":1744197608186,"id":"r23946wp2meq0py","previousEventId":"je5758xbu1l7rub","previousOperationId":"994qn1srulahj13"}
{"type":"operationStart","subtype":"recipe","name":"chrome-pdf","timestamp":1744197608186,"id":"bk4xvcwu8egrsc9","previousEventId":"r23946wp2meq0py","operationId":"kiq97p70bjvsrqe","previousOperationId":"994qn1srulahj13"}
{"type":"log","timestamp":1744197608186,"level":"debug","message":"Executing recipe chrome-pdf","meta":{"rootId":"tzih3kjk01udvhl","id":"tzih3kjk01udvhl"},"id":"fer0txcm8jecwyj","previousOperationId":"kiq97p70bjvsrqe"}
{"type":"log","timestamp":1744197608193,"level":"debug","message":"Converting with chrome Chrome/133.0.6943.126 using chrome-pool strategy","meta":{"rootId":"tzih3kjk01udvhl","id":"tzih3kjk01udvhl"},"id":"gy7j944levv2ehn","previousOperationId":"kiq97p70bjvsrqe"}
{"type":"log","timestamp":1744197608288,"level":"debug","message":"Page request: GET (document) file:///C:/Users/Patheo24/AppData/Local/Temp/jsreport/autocleanup/5c0336a6-59c6-42c2-8b4c-fc8b0f493f71-chrome-pdf.html","meta":{"rootId":"tzih3kjk01udvhl","id":"tzih3kjk01udvhl"},"id":"13e10ozdft61hch","previousOperationId":"kiq97p70bjvsrqe"}
{"type":"log","timestamp":1744197608305,"level":"debug","message":"Page request finished: GET (document) 200 file:///C:/Users/Patheo24/AppData/Local/Temp/jsreport/autocleanup/5c0336a6-59c6-42c2-8b4c-fc8b0f493f71-chrome-pdf.html","meta":{"rootId":"tzih3kjk01udvhl","id":"tzih3kjk01udvhl"},"id":"0o8sujmc6fkhzow","previousOperationId":"kiq97p70bjvsrqe"}
{"type":"log","timestamp":1744197608306,"level":"debug","message":"(console:info) Slow network is detected. See https://www.chromestatus.com/feature/5636954674692096 for more details. Fallback font will be used while loading: http://localhost:5488/fonts/kalpurush.ttf","meta":{"userLevel":true,"rootId":"tzih3kjk01udvhl","id":"tzih3kjk01udvhl"},"id":"3die83m020obbd3","previousOperationId":"kiq97p70bjvsrqe"}
{"type":"log","timestamp":1744197608315,"level":"debug","message":"Page request: GET (font) http://localhost:5488/fonts/kalpurush.ttf","meta":{"rootId":"tzih3kjk01udvhl","id":"tzih3kjk01udvhl"},"id":"yozwhf16pk3gdew","previousOperationId":"kiq97p70bjvsrqe"}
{"type":"log","timestamp":1744197608359,"level":"debug","message":"Page request: GET (font) http://localhost:5488/fonts/kalpurush.ttf","meta":{"rootId":"tzih3kjk01udvhl","id":"tzih3kjk01udvhl"},"id":"elmi208r23721up","previousOperationId":"kiq97p70bjvsrqe"}
{"type":"log","timestamp":1744197608378,"level":"debug","message":"(console:error) Failed to load resource: the server responded with a status of 404 (Not Found)","meta":{"userLevel":true,"rootId":"tzih3kjk01udvhl","id":"tzih3kjk01udvhl"},"id":"zbyokdjtw1sdisx","previousOperationId":"kiq97p70bjvsrqe"}
{"type":"log","timestamp":1744197608378,"level":"warn","message":"Page request failed: GET (font) http://localhost:5488/fonts/kalpurush.ttf, failure: net::ERR_ABORTED","meta":{"rootId":"tzih3kjk01udvhl","id":"tzih3kjk01udvhl"},"id":"0thwhmfe0yx4t8o","previousOperationId":"kiq97p70bjvsrqe"}
{"type":"log","timestamp":1744197608387,"level":"debug","message":"Running chrome with params {\"printBackground\":true,\"timeout\":59963,\"margin\":{}}","meta":{"rootId":"tzih3kjk01udvhl","id":"tzih3kjk01udvhl"},"id":"22r1b5nusxe8ogz","previousOperationId":"kiq97p70bjvsrqe"}
{"type":"operationEnd","operationId":"kiq97p70bjvsrqe","timestamp":1744197608637,"id":"lrsbxuxb1dlwqxw","previousEventId":"bk4xvcwu8egrsc9","previousOperationId":"kiq97p70bjvsrqe"}
{"type":"log","timestamp":1744197608637,"level":"debug","message":"Skipping storing report.","meta":{"rootId":"tzih3kjk01udvhl","id":"tzih3kjk01udvhl"},"id":"bq7hiny9s75659q","previousOperationId":"kiq97p70bjvsrqe"}
{"type":"log","timestamp":1744197608637,"level":"info","message":"Rendering request 37 finished in 486 ms","meta":{"rootId":"tzih3kjk01udvhl","id":"tzih3kjk01udvhl"},"id":"gvpdkd2dmcsc7nn","previousOperationId":"kiq97p70bjvsrqe"}
{"type":"operationEnd","subtype":"render","operationId":"zdloe4x2e8bkphz","timestamp":1744197608637,"id":"yyylbpjtdqfefe0","previousEventId":"lrsbxuxb1dlwqxw","previousOperationId":"kiq97p70bjvsrqe"}
{"type":"operationEnd","doDiffs":false,"previousEventId":"ofkir0y996qp6p9","previousOperationId":"v5ptjrm44n5mcjv","operationId":"v5ptjrm44n5mcjv","timestamp":1744197608648,"id":"09xpwpwwapjwhu3"}
