{"type":"operationStart","subtype":"profile","data":{"_id":"RL8ChLLJNIgtPBhJ","timestamp":"2025-04-09T06:59:06.140Z","state":"queued","mode":"standard","creationDate":"2025-04-09T06:59:06.142Z","modificationDate":"2025-04-09T06:59:06.142Z","shortid":"D60qTR7","$entitySet":"profiles"},"doDiffs":false,"timestamp":1744181946141,"id":"adeesbdv08f3g2e","previousOperationId":null,"operationId":"pjtr16h8ebg09k0"}
{"type":"log","level":"info","message":"Render request 29 queued for execution and waiting for available worker","previousOperationId":"pjtr16h8ebg09k0","timestamp":1744181946141,"id":"5w2vl46x6crr8ve"}
{"type":"operationStart","subtype":"render","name":"myTemplate","previousOperationId":"pjtr16h8ebg09k0","timestamp":1744181946152,"id":"e8fxfkupsnqi6ed","previousEventId":"adeesbdv08f3g2e","operationId":"dikprum8e220se3"}
{"type":"log","timestamp":1744181946152,"level":"info","message":"Starting rendering request 29","meta":{"rootId":"u2onzjo3w7aam60","id":"u2onzjo3w7aam60"},"id":"waodpyz8j0zplug","previousOperationId":"dikprum8e220se3"}
{"type":"log","timestamp":1744181946152,"level":"info","message":"Rendering template { name: myTemplate, recipe: chrome-pdf, engine: handlebars, preview: true }","meta":{"rootId":"u2onzjo3w7aam60","id":"u2onzjo3w7aam60"},"id":"de6qn4doo6b2wo9","previousOperationId":"dikprum8e220se3"}
{"type":"log","timestamp":1744181946152,"level":"debug","message":"Inline data specified.","meta":{"rootId":"u2onzjo3w7aam60","id":"u2onzjo3w7aam60"},"id":"rz224moocagc98t","previousOperationId":"dikprum8e220se3"}
{"type":"log","timestamp":1744181946153,"level":"debug","message":"Base url not specified, skipping its injection.","meta":{"rootId":"u2onzjo3w7aam60","id":"u2onzjo3w7aam60"},"id":"07y9gf27nbnajsf","previousOperationId":"dikprum8e220se3"}
{"type":"operationStart","subtype":"engine","name":"handlebars","timestamp":1744181946154,"id":"uxomukyoo56meje","previousEventId":"e8fxfkupsnqi6ed","operationId":"9g6jjuxz4adm6l4","previousOperationId":"dikprum8e220se3"}
{"type":"log","timestamp":1744181946154,"level":"debug","message":"Rendering engine handlebars","meta":{"rootId":"u2onzjo3w7aam60","id":"u2onzjo3w7aam60"},"id":"11pck5msvuaun3v","previousOperationId":"9g6jjuxz4adm6l4"}
{"type":"operationEnd","operationId":"9g6jjuxz4adm6l4","timestamp":1744181946166,"id":"xv3hx3b06xbl92c","previousEventId":"uxomukyoo56meje","previousOperationId":"9g6jjuxz4adm6l4"}
{"type":"operationStart","subtype":"recipe","name":"chrome-pdf","timestamp":1744181946167,"id":"vwf03cq3lmv10mz","previousEventId":"xv3hx3b06xbl92c","operationId":"hehbcpha5weul1p","previousOperationId":"9g6jjuxz4adm6l4"}
{"type":"log","timestamp":1744181946167,"level":"debug","message":"Executing recipe chrome-pdf","meta":{"rootId":"u2onzjo3w7aam60","id":"u2onzjo3w7aam60"},"id":"hoaf7te329uej9s","previousOperationId":"hehbcpha5weul1p"}
{"type":"log","timestamp":1744181946170,"level":"debug","message":"Converting with chrome Chrome/133.0.6943.126 using chrome-pool strategy","meta":{"rootId":"u2onzjo3w7aam60","id":"u2onzjo3w7aam60"},"id":"wc7kcedcel2rbel","previousOperationId":"hehbcpha5weul1p"}
{"type":"log","timestamp":1744181946232,"level":"debug","message":"Page request: GET (document) file:///C:/Users/Patheo24/AppData/Local/Temp/jsreport/autocleanup/de56d807-1aa5-4202-86e0-a52a80a57700-chrome-pdf.html","meta":{"rootId":"u2onzjo3w7aam60","id":"u2onzjo3w7aam60"},"id":"ekgwdvhpwl5angj","previousOperationId":"hehbcpha5weul1p"}
{"type":"log","timestamp":1744181946255,"level":"debug","message":"Page request finished: GET (document) 200 file:///C:/Users/Patheo24/AppData/Local/Temp/jsreport/autocleanup/de56d807-1aa5-4202-86e0-a52a80a57700-chrome-pdf.html","meta":{"rootId":"u2onzjo3w7aam60","id":"u2onzjo3w7aam60"},"id":"n41a94sbyyx8g42","previousOperationId":"hehbcpha5weul1p"}
{"type":"log","timestamp":1744181946256,"level":"debug","message":"Page request: GET (font) http://localhost:5488/fonts/kalpurush.ttf","meta":{"rootId":"u2onzjo3w7aam60","id":"u2onzjo3w7aam60"},"id":"8kabd3rzovn9pb7","previousOperationId":"hehbcpha5weul1p"}
{"type":"log","timestamp":1744181946257,"level":"debug","message":"Page request: GET (image) https://res.cloudinary.com/dpes1dyqb/image/upload/v1738768933/logo_myycxt.jpg","meta":{"rootId":"u2onzjo3w7aam60","id":"u2onzjo3w7aam60"},"id":"0i5emfudf0n2ci2","previousOperationId":"hehbcpha5weul1p"}
{"type":"log","timestamp":1744181946305,"level":"debug","message":"Page request: GET (font) http://localhost:5488/fonts/kalpurush.ttf","meta":{"rootId":"u2onzjo3w7aam60","id":"u2onzjo3w7aam60"},"id":"q7r5h469gzt22ll","previousOperationId":"hehbcpha5weul1p"}
{"type":"log","timestamp":1744181946306,"level":"debug","message":"Page request finished: GET (image) 200 https://res.cloudinary.com/dpes1dyqb/image/upload/v1738768933/logo_myycxt.jpg","meta":{"rootId":"u2onzjo3w7aam60","id":"u2onzjo3w7aam60"},"id":"0bic4zfpxss1p2l","previousOperationId":"hehbcpha5weul1p"}
{"type":"log","timestamp":1744181946316,"level":"debug","message":"(console:error) Failed to load resource: the server responded with a status of 404 (Not Found)","meta":{"userLevel":true,"rootId":"u2onzjo3w7aam60","id":"u2onzjo3w7aam60"},"id":"hv2bsaxvkb2w0qa","previousOperationId":"hehbcpha5weul1p"}
{"type":"log","timestamp":1744181946316,"level":"warn","message":"Page request failed: GET (font) http://localhost:5488/fonts/kalpurush.ttf, failure: net::ERR_ABORTED","meta":{"rootId":"u2onzjo3w7aam60","id":"u2onzjo3w7aam60"},"id":"midsd6zzqp7eoqw","previousOperationId":"hehbcpha5weul1p"}
{"type":"log","timestamp":1744181946324,"level":"debug","message":"Running chrome with params {\"printBackground\":true,\"timeout\":59971,\"margin\":{}}","meta":{"rootId":"u2onzjo3w7aam60","id":"u2onzjo3w7aam60"},"id":"ojwhqicr920uugd","previousOperationId":"hehbcpha5weul1p"}
{"type":"operationEnd","operationId":"hehbcpha5weul1p","timestamp":1744181946615,"id":"7czqxf7br5suq2r","previousEventId":"vwf03cq3lmv10mz","previousOperationId":"hehbcpha5weul1p"}
{"type":"log","timestamp":1744181946615,"level":"debug","message":"Skipping storing report.","meta":{"rootId":"u2onzjo3w7aam60","id":"u2onzjo3w7aam60"},"id":"f8sxqiv1sneh745","previousOperationId":"hehbcpha5weul1p"}
{"type":"log","timestamp":1744181946615,"level":"info","message":"Rendering request 29 finished in 475 ms","meta":{"rootId":"u2onzjo3w7aam60","id":"u2onzjo3w7aam60"},"id":"grquc3tycssbda1","previousOperationId":"hehbcpha5weul1p"}
{"type":"operationEnd","subtype":"render","operationId":"dikprum8e220se3","timestamp":1744181946615,"id":"0d4p2th8z7tozpu","previousEventId":"7czqxf7br5suq2r","previousOperationId":"hehbcpha5weul1p"}
{"type":"operationEnd","doDiffs":false,"previousEventId":"adeesbdv08f3g2e","previousOperationId":"pjtr16h8ebg09k0","operationId":"pjtr16h8ebg09k0","timestamp":1744181946620,"id":"n5w342152jtfn1w"}
