{"type":"operationStart","subtype":"profile","data":{"_id":"NmBsb9k4FyipAtok","timestamp":"2025-04-09T14:59:23.272Z","state":"queued","mode":"standard","creationDate":"2025-04-09T14:59:23.274Z","modificationDate":"2025-04-09T14:59:23.274Z","shortid":"7GQrMHH","$entitySet":"profiles"},"doDiffs":false,"timestamp":1744210763273,"id":"v368vu7kuvhcbjc","previousOperationId":null,"operationId":"9ntosx0pwq8nebp"}
{"type":"log","level":"info","message":"Render request 8 queued for execution and waiting for available worker","previousOperationId":"9ntosx0pwq8nebp","timestamp":1744210763273,"id":"xj6kt4uw13mb44d"}
{"type":"operationStart","subtype":"render","name":"myTemplate","previousOperationId":"9ntosx0pwq8nebp","timestamp":1744210763291,"id":"hvt0eyzkrhnfhe8","previousEventId":"v368vu7kuvhcbjc","operationId":"ytfaiyraza9bcpd"}
{"type":"log","timestamp":1744210763291,"level":"info","message":"Starting rendering request 8","meta":{"rootId":"u8t1p4nacisk6xt","id":"u8t1p4nacisk6xt"},"id":"832s6vwa5lqhz4o","previousOperationId":"ytfaiyraza9bcpd"}
{"type":"log","timestamp":1744210763291,"level":"info","message":"Rendering template { name: myTemplate, recipe: chrome-pdf, engine: handlebars, preview: true }","meta":{"rootId":"u8t1p4nacisk6xt","id":"u8t1p4nacisk6xt"},"id":"v3rm5jztmj41jh5","previousOperationId":"ytfaiyraza9bcpd"}
{"type":"log","timestamp":1744210763292,"level":"debug","message":"Inline data specified.","meta":{"rootId":"u8t1p4nacisk6xt","id":"u8t1p4nacisk6xt"},"id":"1hfkgcbn3cdw9om","previousOperationId":"ytfaiyraza9bcpd"}
{"type":"log","timestamp":1744210763293,"level":"debug","message":"Base url not specified, skipping its injection.","meta":{"rootId":"u8t1p4nacisk6xt","id":"u8t1p4nacisk6xt"},"id":"d2ipv4tov39foe0","previousOperationId":"ytfaiyraza9bcpd"}
{"type":"operationStart","subtype":"engine","name":"handlebars","timestamp":1744210763293,"id":"r1zejmrx4x130sp","previousEventId":"hvt0eyzkrhnfhe8","operationId":"c3rldjqnzks4eju","previousOperationId":"ytfaiyraza9bcpd"}
{"type":"log","timestamp":1744210763293,"level":"debug","message":"Rendering engine handlebars","meta":{"rootId":"u8t1p4nacisk6xt","id":"u8t1p4nacisk6xt"},"id":"sobdtjrgmk2yccy","previousOperationId":"c3rldjqnzks4eju"}
{"type":"operationEnd","operationId":"c3rldjqnzks4eju","timestamp":1744210763319,"id":"om4l068xr2lgadr","previousEventId":"r1zejmrx4x130sp","previousOperationId":"c3rldjqnzks4eju"}
{"type":"operationStart","subtype":"recipe","name":"chrome-pdf","timestamp":1744210763319,"id":"2hfdlb6q45s3i0i","previousEventId":"om4l068xr2lgadr","operationId":"85s9rtzxncn3o88","previousOperationId":"c3rldjqnzks4eju"}
{"type":"log","timestamp":1744210763319,"level":"debug","message":"Executing recipe chrome-pdf","meta":{"rootId":"u8t1p4nacisk6xt","id":"u8t1p4nacisk6xt"},"id":"ims3lmvjffx29rk","previousOperationId":"85s9rtzxncn3o88"}
{"type":"log","timestamp":1744210763325,"level":"debug","message":"Converting with chrome Chrome/133.0.6943.126 using chrome-pool strategy","meta":{"rootId":"u8t1p4nacisk6xt","id":"u8t1p4nacisk6xt"},"id":"q7wx3eionpjjplh","previousOperationId":"85s9rtzxncn3o88"}
{"type":"log","timestamp":1744210763397,"level":"debug","message":"Page request: GET (document) file:///C:/Users/Patheo24/AppData/Local/Temp/jsreport/autocleanup/5df88b63-1130-41ac-ac09-506d4f7989db-chrome-pdf.html","meta":{"rootId":"u8t1p4nacisk6xt","id":"u8t1p4nacisk6xt"},"id":"3ezxz15u49cfipt","previousOperationId":"85s9rtzxncn3o88"}
{"type":"log","timestamp":1744210763423,"level":"debug","message":"Page request finished: GET (document) 200 file:///C:/Users/Patheo24/AppData/Local/Temp/jsreport/autocleanup/5df88b63-1130-41ac-ac09-506d4f7989db-chrome-pdf.html","meta":{"rootId":"u8t1p4nacisk6xt","id":"u8t1p4nacisk6xt"},"id":"hjj02ckko3n0goe","previousOperationId":"85s9rtzxncn3o88"}
{"type":"log","timestamp":1744210763430,"level":"debug","message":"Page request: GET (image) https://res.cloudinary.com/dpes1dyqb/image/upload/v1738768933/logo_myycxt.jpg","meta":{"rootId":"u8t1p4nacisk6xt","id":"u8t1p4nacisk6xt"},"id":"cmxlnoxgjlz7j7h","previousOperationId":"85s9rtzxncn3o88"}
{"type":"log","timestamp":1744210763430,"level":"debug","message":"(console:info) Slow network is detected. See https://www.chromestatus.com/feature/5636954674692096 for more details. Fallback font will be used while loading: http://localhost:5488/fonts/kalpurush.ttf","meta":{"userLevel":true,"rootId":"u8t1p4nacisk6xt","id":"u8t1p4nacisk6xt"},"id":"bosvq5pmbbhn1qc","previousOperationId":"85s9rtzxncn3o88"}
{"type":"log","timestamp":1744210763432,"level":"debug","message":"Page request: GET (font) http://localhost:5488/fonts/kalpurush.ttf","meta":{"rootId":"u8t1p4nacisk6xt","id":"u8t1p4nacisk6xt"},"id":"g88rhiaalhdbuix","previousOperationId":"85s9rtzxncn3o88"}
{"type":"log","timestamp":1744210763477,"level":"debug","message":"Page request: GET (font) http://localhost:5488/fonts/kalpurush.ttf","meta":{"rootId":"u8t1p4nacisk6xt","id":"u8t1p4nacisk6xt"},"id":"9d72vhsk0n5g3ib","previousOperationId":"85s9rtzxncn3o88"}
{"type":"log","timestamp":1744210763478,"level":"debug","message":"Page request finished: GET (image) 200 https://res.cloudinary.com/dpes1dyqb/image/upload/v1738768933/logo_myycxt.jpg","meta":{"rootId":"u8t1p4nacisk6xt","id":"u8t1p4nacisk6xt"},"id":"4uoc9wy2o6w5hos","previousOperationId":"85s9rtzxncn3o88"}
{"type":"log","timestamp":1744210763483,"level":"debug","message":"(console:error) Failed to load resource: the server responded with a status of 404 (Not Found)","meta":{"userLevel":true,"rootId":"u8t1p4nacisk6xt","id":"u8t1p4nacisk6xt"},"id":"7br4baof4kfbe1z","previousOperationId":"85s9rtzxncn3o88"}
{"type":"log","timestamp":1744210763483,"level":"warn","message":"Page request failed: GET (font) http://localhost:5488/fonts/kalpurush.ttf, failure: net::ERR_ABORTED","meta":{"rootId":"u8t1p4nacisk6xt","id":"u8t1p4nacisk6xt"},"id":"mkrtwjk56vsknez","previousOperationId":"85s9rtzxncn3o88"}
{"type":"log","timestamp":1744210763495,"level":"debug","message":"Running chrome with params {\"printBackground\":true,\"format\":\"A5\",\"marginRight\":\"\",\"height\":\"\",\"marginTop\":\"\",\"marginBottom\":\"\",\"marginLeft\":\"\",\"displayHeaderFooter\":true,\"width\":\"\",\"timeout\":59947,\"margin\":{\"top\":\"\",\"right\":\"\",\"bottom\":\"\",\"left\":\"\"}}","meta":{"rootId":"u8t1p4nacisk6xt","id":"u8t1p4nacisk6xt"},"id":"3u14cbhoglsvurr","previousOperationId":"85s9rtzxncn3o88"}
{"type":"operationEnd","operationId":"85s9rtzxncn3o88","timestamp":1744210763812,"id":"lekrs77otf7luag","previousEventId":"2hfdlb6q45s3i0i","previousOperationId":"85s9rtzxncn3o88"}
{"type":"log","timestamp":1744210763812,"level":"debug","message":"Skipping storing report.","meta":{"rootId":"u8t1p4nacisk6xt","id":"u8t1p4nacisk6xt"},"id":"5tjcfzeib9rv3fp","previousOperationId":"85s9rtzxncn3o88"}
{"type":"log","timestamp":1744210763812,"level":"info","message":"Rendering request 8 finished in 541 ms","meta":{"rootId":"u8t1p4nacisk6xt","id":"u8t1p4nacisk6xt"},"id":"sby8m5x56aqow4h","previousOperationId":"85s9rtzxncn3o88"}
{"type":"operationEnd","subtype":"render","operationId":"ytfaiyraza9bcpd","timestamp":1744210763812,"id":"c0ykvbbeeitcv1x","previousEventId":"lekrs77otf7luag","previousOperationId":"85s9rtzxncn3o88"}
{"type":"operationEnd","doDiffs":false,"previousEventId":"v368vu7kuvhcbjc","previousOperationId":"9ntosx0pwq8nebp","operationId":"9ntosx0pwq8nebp","timestamp":1744210763818,"id":"fkxj6t3vjzp3rik"}
