{"type":"operationStart","subtype":"profile","data":{"_id":"CalCMicccQn2SYf8","timestamp":"2025-04-09T13:55:24.031Z","state":"queued","mode":"standard","creationDate":"2025-04-09T13:55:24.033Z","modificationDate":"2025-04-09T13:55:24.033Z","shortid":"Q-uKd1n","$entitySet":"profiles"},"doDiffs":false,"timestamp":1744206924032,"id":"z1v9nyatsw75si6","previousOperationId":null,"operationId":"f4pzx1jixv9e0vi"}
{"type":"log","level":"info","message":"Render request 50 queued for execution and waiting for available worker","previousOperationId":"f4pzx1jixv9e0vi","timestamp":1744206924032,"id":"d7ne10f209ovcah"}
{"type":"operationStart","subtype":"render","name":"myTemplate","previousOperationId":"f4pzx1jixv9e0vi","timestamp":1744206924082,"id":"283p19j6af8sz91","previousEventId":"z1v9nyatsw75si6","operationId":"oq9xutjx244u75n"}
{"type":"log","timestamp":1744206924082,"level":"info","message":"Starting rendering request 50","meta":{"rootId":"u8wxl7ezegpyx4j","id":"u8wxl7ezegpyx4j"},"id":"2545txfd09qiy7k","previousOperationId":"oq9xutjx244u75n"}
{"type":"log","timestamp":1744206924082,"level":"info","message":"Rendering template { name: myTemplate, recipe: chrome-pdf, engine: handlebars, preview: true }","meta":{"rootId":"u8wxl7ezegpyx4j","id":"u8wxl7ezegpyx4j"},"id":"j91xsbq91vri7e7","previousOperationId":"oq9xutjx244u75n"}
{"type":"log","timestamp":1744206924084,"level":"debug","message":"Adding sample data HUavgV0Kc","meta":{"rootId":"u8wxl7ezegpyx4j","id":"u8wxl7ezegpyx4j"},"id":"u4fzsywjl1lmxd5","previousOperationId":"oq9xutjx244u75n"}
{"type":"log","timestamp":1744206924095,"level":"debug","message":"Base url not specified, skipping its injection.","meta":{"rootId":"u8wxl7ezegpyx4j","id":"u8wxl7ezegpyx4j"},"id":"pb9bf9hr7exqe9j","previousOperationId":"oq9xutjx244u75n"}
{"type":"operationStart","subtype":"engine","name":"handlebars","timestamp":1744206924095,"id":"usg960p0gjsyv8q","previousEventId":"283p19j6af8sz91","operationId":"eumlt0mlywepj7a","previousOperationId":"oq9xutjx244u75n"}
{"type":"log","timestamp":1744206924095,"level":"debug","message":"Rendering engine handlebars","meta":{"rootId":"u8wxl7ezegpyx4j","id":"u8wxl7ezegpyx4j"},"id":"frwrod7mxclxa7i","previousOperationId":"eumlt0mlywepj7a"}
{"type":"operationEnd","operationId":"eumlt0mlywepj7a","timestamp":1744206924116,"id":"gn1gxa9mp69ixmu","previousEventId":"usg960p0gjsyv8q","previousOperationId":"eumlt0mlywepj7a"}
{"type":"operationStart","subtype":"recipe","name":"chrome-pdf","timestamp":1744206924117,"id":"l5bd5oxa2xhma6k","previousEventId":"gn1gxa9mp69ixmu","operationId":"dkup48r886vafhp","previousOperationId":"eumlt0mlywepj7a"}
{"type":"log","timestamp":1744206924117,"level":"debug","message":"Executing recipe chrome-pdf","meta":{"rootId":"u8wxl7ezegpyx4j","id":"u8wxl7ezegpyx4j"},"id":"m4hs26p1aakylgh","previousOperationId":"dkup48r886vafhp"}
{"type":"log","timestamp":1744206924120,"level":"debug","message":"Converting with chrome Chrome/133.0.6943.126 using chrome-pool strategy","meta":{"rootId":"u8wxl7ezegpyx4j","id":"u8wxl7ezegpyx4j"},"id":"rqx32sdjj4h8sih","previousOperationId":"dkup48r886vafhp"}
{"type":"log","timestamp":1744206924218,"level":"debug","message":"Page request: GET (document) file:///C:/Users/Patheo24/AppData/Local/Temp/jsreport/autocleanup/1844cae7-c5fd-4efb-b20f-e56e135d51fc-chrome-pdf.html","meta":{"rootId":"u8wxl7ezegpyx4j","id":"u8wxl7ezegpyx4j"},"id":"4lksimjce4kyxn2","previousOperationId":"dkup48r886vafhp"}
{"type":"log","timestamp":1744206924254,"level":"debug","message":"Page request finished: GET (document) 200 file:///C:/Users/Patheo24/AppData/Local/Temp/jsreport/autocleanup/1844cae7-c5fd-4efb-b20f-e56e135d51fc-chrome-pdf.html","meta":{"rootId":"u8wxl7ezegpyx4j","id":"u8wxl7ezegpyx4j"},"id":"ao63bh99kbkv5y5","previousOperationId":"dkup48r886vafhp"}
{"type":"log","timestamp":1744206924254,"level":"debug","message":"(console:info) Slow network is detected. See https://www.chromestatus.com/feature/5636954674692096 for more details. Fallback font will be used while loading: http://localhost:5488/fonts/kalpurush.ttf","meta":{"userLevel":true,"rootId":"u8wxl7ezegpyx4j","id":"u8wxl7ezegpyx4j"},"id":"i9byjecs8wolj4j","previousOperationId":"dkup48r886vafhp"}
{"type":"log","timestamp":1744206924261,"level":"debug","message":"Page request: GET (font) http://localhost:5488/fonts/kalpurush.ttf","meta":{"rootId":"u8wxl7ezegpyx4j","id":"u8wxl7ezegpyx4j"},"id":"b6exaxrw18iz63n","previousOperationId":"dkup48r886vafhp"}
{"type":"log","timestamp":1744206924262,"level":"debug","message":"Page request: GET (image) https://res.cloudinary.com/dpes1dyqb/image/upload/v1738768933/logo_myycxt.jpg","meta":{"rootId":"u8wxl7ezegpyx4j","id":"u8wxl7ezegpyx4j"},"id":"k06x2mun5dzb3ij","previousOperationId":"dkup48r886vafhp"}
{"type":"log","timestamp":1744206924320,"level":"debug","message":"Page request finished: GET (image) 200 https://res.cloudinary.com/dpes1dyqb/image/upload/v1738768933/logo_myycxt.jpg","meta":{"rootId":"u8wxl7ezegpyx4j","id":"u8wxl7ezegpyx4j"},"id":"64ldcq1eoaoumtt","previousOperationId":"dkup48r886vafhp"}
{"type":"log","timestamp":1744206924320,"level":"debug","message":"Page request: GET (font) http://localhost:5488/fonts/kalpurush.ttf","meta":{"rootId":"u8wxl7ezegpyx4j","id":"u8wxl7ezegpyx4j"},"id":"9hfktqede1cttbg","previousOperationId":"dkup48r886vafhp"}
{"type":"log","timestamp":1744206924329,"level":"debug","message":"(console:error) Failed to load resource: the server responded with a status of 404 (Not Found)","meta":{"userLevel":true,"rootId":"u8wxl7ezegpyx4j","id":"u8wxl7ezegpyx4j"},"id":"c33zyd445yyyulc","previousOperationId":"dkup48r886vafhp"}
{"type":"log","timestamp":1744206924330,"level":"warn","message":"Page request failed: GET (font) http://localhost:5488/fonts/kalpurush.ttf, failure: net::ERR_ABORTED","meta":{"rootId":"u8wxl7ezegpyx4j","id":"u8wxl7ezegpyx4j"},"id":"n0vykk5sy91aaor","previousOperationId":"dkup48r886vafhp"}
{"type":"log","timestamp":1744206924348,"level":"debug","message":"Running chrome with params {\"printBackground\":true,\"format\":\"A5\",\"marginRight\":\"\",\"timeout\":59912,\"margin\":{\"right\":\"\"}}","meta":{"rootId":"u8wxl7ezegpyx4j","id":"u8wxl7ezegpyx4j"},"id":"5repxf3694s9aok","previousOperationId":"dkup48r886vafhp"}
{"type":"operationEnd","operationId":"dkup48r886vafhp","timestamp":1744206924653,"id":"an5kt0n30e1idti","previousEventId":"l5bd5oxa2xhma6k","previousOperationId":"dkup48r886vafhp"}
{"type":"log","timestamp":1744206924654,"level":"debug","message":"Skipping storing report.","meta":{"rootId":"u8wxl7ezegpyx4j","id":"u8wxl7ezegpyx4j"},"id":"zl0cq0ziqmh72bh","previousOperationId":"dkup48r886vafhp"}
{"type":"log","timestamp":1744206924654,"level":"info","message":"Rendering request 50 finished in 623 ms","meta":{"rootId":"u8wxl7ezegpyx4j","id":"u8wxl7ezegpyx4j"},"id":"9qjpmhrsiylx1h9","previousOperationId":"dkup48r886vafhp"}
{"type":"operationEnd","subtype":"render","operationId":"oq9xutjx244u75n","timestamp":1744206924654,"id":"dhoq8lmgw6tenxy","previousEventId":"an5kt0n30e1idti","previousOperationId":"dkup48r886vafhp"}
{"type":"operationEnd","doDiffs":false,"previousEventId":"z1v9nyatsw75si6","previousOperationId":"f4pzx1jixv9e0vi","operationId":"f4pzx1jixv9e0vi","timestamp":1744206924658,"id":"sps61nyopkqzwlo"}
