{"type":"operationStart","subtype":"profile","data":{"_id":"ojwBnMA85sOGa4EV","timestamp":"2025-04-09T06:41:46.059Z","state":"queued","mode":"standard","creationDate":"2025-04-09T06:41:46.061Z","modificationDate":"2025-04-09T06:41:46.061Z","shortid":"_tPxoeg","$entitySet":"profiles"},"doDiffs":false,"timestamp":1744180906060,"id":"l7fdqe6d2xzspc6","previousOperationId":null,"operationId":"5f0wixgnbwnzjtb"}
{"type":"log","level":"info","message":"Render request 20 queued for execution and waiting for available worker","previousOperationId":"5f0wixgnbwnzjtb","timestamp":1744180906060,"id":"ox1enx70d1jpizj"}
{"type":"operationStart","subtype":"render","name":"myTemplate","previousOperationId":"5f0wixgnbwnzjtb","timestamp":1744180906080,"id":"vbyjaq0ak2ne1bo","previousEventId":"l7fdqe6d2xzspc6","operationId":"ist3nfwpxg5qum7"}
{"type":"log","timestamp":1744180906080,"level":"info","message":"Starting rendering request 20","meta":{"rootId":"uawbhxrcsx263w7","id":"uawbhxrcsx263w7"},"id":"z4pf5p3gi0osg53","previousOperationId":"ist3nfwpxg5qum7"}
{"type":"log","timestamp":1744180906080,"level":"info","message":"Rendering template { name: myTemplate, recipe: chrome-pdf, engine: handlebars, preview: true }","meta":{"rootId":"uawbhxrcsx263w7","id":"uawbhxrcsx263w7"},"id":"abgifshgbd4fnlu","previousOperationId":"ist3nfwpxg5qum7"}
{"type":"log","timestamp":1744180906081,"level":"debug","message":"Inline data specified.","meta":{"rootId":"uawbhxrcsx263w7","id":"uawbhxrcsx263w7"},"id":"gyrpqnkihypz2x7","previousOperationId":"ist3nfwpxg5qum7"}
{"type":"log","timestamp":1744180906082,"level":"debug","message":"Base url not specified, skipping its injection.","meta":{"rootId":"uawbhxrcsx263w7","id":"uawbhxrcsx263w7"},"id":"mcwwgh6cn6m5nia","previousOperationId":"ist3nfwpxg5qum7"}
{"type":"operationStart","subtype":"engine","name":"handlebars","timestamp":1744180906082,"id":"20dnui7hsolxz38","previousEventId":"vbyjaq0ak2ne1bo","operationId":"h41cuz58wtnp8i2","previousOperationId":"ist3nfwpxg5qum7"}
{"type":"log","timestamp":1744180906082,"level":"debug","message":"Rendering engine handlebars","meta":{"rootId":"uawbhxrcsx263w7","id":"uawbhxrcsx263w7"},"id":"gnhho04ojozrg3f","previousOperationId":"h41cuz58wtnp8i2"}
{"type":"operationEnd","operationId":"h41cuz58wtnp8i2","timestamp":1744180906101,"id":"frvtrgnwx36rhmd","previousEventId":"20dnui7hsolxz38","previousOperationId":"h41cuz58wtnp8i2"}
{"type":"operationStart","subtype":"recipe","name":"chrome-pdf","timestamp":1744180906101,"id":"jn3vyqn5h9ntcih","previousEventId":"frvtrgnwx36rhmd","operationId":"nfygeauepuhg3r8","previousOperationId":"h41cuz58wtnp8i2"}
{"type":"log","timestamp":1744180906101,"level":"debug","message":"Executing recipe chrome-pdf","meta":{"rootId":"uawbhxrcsx263w7","id":"uawbhxrcsx263w7"},"id":"8536fdfo7020vfj","previousOperationId":"nfygeauepuhg3r8"}
{"type":"log","timestamp":1744180906104,"level":"debug","message":"Converting with chrome Chrome/133.0.6943.126 using chrome-pool strategy","meta":{"rootId":"uawbhxrcsx263w7","id":"uawbhxrcsx263w7"},"id":"hgftv2xac3h40hk","previousOperationId":"nfygeauepuhg3r8"}
{"type":"log","timestamp":1744180906164,"level":"debug","message":"Page request: GET (document) file:///C:/Users/Patheo24/AppData/Local/Temp/jsreport/autocleanup/83fe4713-6d24-4aed-9183-20b5564ae816-chrome-pdf.html","meta":{"rootId":"uawbhxrcsx263w7","id":"uawbhxrcsx263w7"},"id":"kv38ngfhs8eba3j","previousOperationId":"nfygeauepuhg3r8"}
{"type":"log","timestamp":1744180906190,"level":"debug","message":"Page request finished: GET (document) 200 file:///C:/Users/Patheo24/AppData/Local/Temp/jsreport/autocleanup/83fe4713-6d24-4aed-9183-20b5564ae816-chrome-pdf.html","meta":{"rootId":"uawbhxrcsx263w7","id":"uawbhxrcsx263w7"},"id":"c96xh8y7xs8yhf2","previousOperationId":"nfygeauepuhg3r8"}
{"type":"log","timestamp":1744180906195,"level":"debug","message":"Page request: GET (image) https://res.cloudinary.com/dpes1dyqb/image/upload/v1738768933/logo_myycxt.jpg","meta":{"rootId":"uawbhxrcsx263w7","id":"uawbhxrcsx263w7"},"id":"14yazh8mad8lop3","previousOperationId":"nfygeauepuhg3r8"}
{"type":"log","timestamp":1744180906196,"level":"debug","message":"(console:info) Slow network is detected. See https://www.chromestatus.com/feature/5636954674692096 for more details. Fallback font will be used while loading: http://localhost:5488/fonts/kalpurush.ttf","meta":{"userLevel":true,"rootId":"uawbhxrcsx263w7","id":"uawbhxrcsx263w7"},"id":"4tvs0fu3t4jaodk","previousOperationId":"nfygeauepuhg3r8"}
{"type":"log","timestamp":1744180906196,"level":"debug","message":"Page request: GET (font) http://localhost:5488/fonts/kalpurush.ttf","meta":{"rootId":"uawbhxrcsx263w7","id":"uawbhxrcsx263w7"},"id":"ol1uvlw1mxo907g","previousOperationId":"nfygeauepuhg3r8"}
{"type":"log","timestamp":1744180906201,"level":"debug","message":"Page request: GET (font) http://localhost:5488/fonts/kalpurush.ttf","meta":{"rootId":"uawbhxrcsx263w7","id":"uawbhxrcsx263w7"},"id":"elah2xtso63d8zx","previousOperationId":"nfygeauepuhg3r8"}
{"type":"log","timestamp":1744180906202,"level":"debug","message":"Page request finished: GET (image) 200 https://res.cloudinary.com/dpes1dyqb/image/upload/v1738768933/logo_myycxt.jpg","meta":{"rootId":"uawbhxrcsx263w7","id":"uawbhxrcsx263w7"},"id":"j55jgdd3xvjx7it","previousOperationId":"nfygeauepuhg3r8"}
{"type":"log","timestamp":1744180906250,"level":"debug","message":"(console:error) Failed to load resource: the server responded with a status of 404 (Not Found)","meta":{"userLevel":true,"rootId":"uawbhxrcsx263w7","id":"uawbhxrcsx263w7"},"id":"ujdvy9wk080pmly","previousOperationId":"nfygeauepuhg3r8"}
{"type":"log","timestamp":1744180906250,"level":"warn","message":"Page request failed: GET (font) http://localhost:5488/fonts/kalpurush.ttf, failure: net::ERR_ABORTED","meta":{"rootId":"uawbhxrcsx263w7","id":"uawbhxrcsx263w7"},"id":"gtkn1ocnqya7hs8","previousOperationId":"nfygeauepuhg3r8"}
{"type":"log","timestamp":1744180906258,"level":"debug","message":"Running chrome with params {\"printBackground\":true,\"timeout\":59956,\"margin\":{}}","meta":{"rootId":"uawbhxrcsx263w7","id":"uawbhxrcsx263w7"},"id":"ddp2ze2ir75ynjb","previousOperationId":"nfygeauepuhg3r8"}
{"type":"operationEnd","operationId":"nfygeauepuhg3r8","timestamp":1744180906546,"id":"8tbio1lw5yhg7ae","previousEventId":"jn3vyqn5h9ntcih","previousOperationId":"nfygeauepuhg3r8"}
{"type":"log","timestamp":1744180906546,"level":"debug","message":"Skipping storing report.","meta":{"rootId":"uawbhxrcsx263w7","id":"uawbhxrcsx263w7"},"id":"p0ehx7us2l8i01s","previousOperationId":"nfygeauepuhg3r8"}
{"type":"log","timestamp":1744180906546,"level":"info","message":"Rendering request 20 finished in 487 ms","meta":{"rootId":"uawbhxrcsx263w7","id":"uawbhxrcsx263w7"},"id":"f89ai384klhkix8","previousOperationId":"nfygeauepuhg3r8"}
{"type":"operationEnd","subtype":"render","operationId":"ist3nfwpxg5qum7","timestamp":1744180906546,"id":"5k02qi6sb72lbl5","previousEventId":"8tbio1lw5yhg7ae","previousOperationId":"nfygeauepuhg3r8"}
{"type":"operationEnd","doDiffs":false,"previousEventId":"l7fdqe6d2xzspc6","previousOperationId":"5f0wixgnbwnzjtb","operationId":"5f0wixgnbwnzjtb","timestamp":1744180906551,"id":"0naiu36cr6rimes"}
