{"type":"operationStart","subtype":"profile","data":{"_id":"fu5cCf7XREngsJD4","timestamp":"2025-04-09T10:50:09.983Z","state":"queued","mode":"standard","creationDate":"2025-04-09T10:50:09.991Z","modificationDate":"2025-04-09T10:50:09.991Z","shortid":"byUOTeP","$entitySet":"profiles"},"doDiffs":false,"timestamp":1744195809990,"id":"xs7lrgon5kzdzo1","previousOperationId":null,"operationId":"etb6vplb8h1z679"}
{"type":"log","level":"info","message":"Render request 25 queued for execution and waiting for available worker","previousOperationId":"etb6vplb8h1z679","timestamp":1744195809990,"id":"zerkmogli5kr4af"}
{"type":"operationStart","subtype":"render","name":"myTemplate","previousOperationId":"etb6vplb8h1z679","timestamp":1744195810068,"id":"ff199co2nkr7xn7","previousEventId":"xs7lrgon5kzdzo1","operationId":"zmdc86adr89y85t"}
{"type":"log","timestamp":1744195810068,"level":"info","message":"Starting rendering request 25","meta":{"rootId":"uc01defd222z3yr","id":"uc01defd222z3yr"},"id":"l9x65t3ny5f06qv","previousOperationId":"zmdc86adr89y85t"}
{"type":"log","timestamp":1744195810068,"level":"info","message":"Rendering template { name: myTemplate, recipe: chrome-pdf, engine: handlebars, preview: true }","meta":{"rootId":"uc01defd222z3yr","id":"uc01defd222z3yr"},"id":"l6sur02uwe5l3uh","previousOperationId":"zmdc86adr89y85t"}
{"type":"log","timestamp":1744195810070,"level":"debug","message":"Inline data specified.","meta":{"rootId":"uc01defd222z3yr","id":"uc01defd222z3yr"},"id":"tutlomf452cjf76","previousOperationId":"zmdc86adr89y85t"}
{"type":"log","timestamp":1744195810087,"level":"debug","message":"Base url not specified, skipping its injection.","meta":{"rootId":"uc01defd222z3yr","id":"uc01defd222z3yr"},"id":"27s6c9sqqx9y03h","previousOperationId":"zmdc86adr89y85t"}
{"type":"operationStart","subtype":"engine","name":"handlebars","timestamp":1744195810087,"id":"522vibx65dq12fw","previousEventId":"ff199co2nkr7xn7","operationId":"lqakpbvrbtgjnvk","previousOperationId":"zmdc86adr89y85t"}
{"type":"log","timestamp":1744195810087,"level":"debug","message":"Rendering engine handlebars","meta":{"rootId":"uc01defd222z3yr","id":"uc01defd222z3yr"},"id":"lrjwgcyqviqwth8","previousOperationId":"lqakpbvrbtgjnvk"}
{"type":"operationEnd","operationId":"lqakpbvrbtgjnvk","timestamp":1744195810126,"id":"4hhcp9hcj7bh15g","previousEventId":"522vibx65dq12fw","previousOperationId":"lqakpbvrbtgjnvk"}
{"type":"operationStart","subtype":"recipe","name":"chrome-pdf","timestamp":1744195810126,"id":"vle4hyx8yqughpk","previousEventId":"4hhcp9hcj7bh15g","operationId":"989pxm45dhz3eoo","previousOperationId":"lqakpbvrbtgjnvk"}
{"type":"log","timestamp":1744195810126,"level":"debug","message":"Executing recipe chrome-pdf","meta":{"rootId":"uc01defd222z3yr","id":"uc01defd222z3yr"},"id":"16um4bz6w2zygv0","previousOperationId":"989pxm45dhz3eoo"}
{"type":"log","timestamp":1744195810128,"level":"debug","message":"Converting with chrome Chrome/133.0.6943.126 using chrome-pool strategy","meta":{"rootId":"uc01defd222z3yr","id":"uc01defd222z3yr"},"id":"44vkxoedm9wgk78","previousOperationId":"989pxm45dhz3eoo"}
{"type":"log","timestamp":1744195810208,"level":"debug","message":"Page request: GET (document) file:///C:/Users/Patheo24/AppData/Local/Temp/jsreport/autocleanup/ad892f63-6881-448e-ad4c-c195703db008-chrome-pdf.html","meta":{"rootId":"uc01defd222z3yr","id":"uc01defd222z3yr"},"id":"s4m4spmx0ywfdol","previousOperationId":"989pxm45dhz3eoo"}
{"type":"log","timestamp":1744195810230,"level":"debug","message":"Page request finished: GET (document) 200 file:///C:/Users/Patheo24/AppData/Local/Temp/jsreport/autocleanup/ad892f63-6881-448e-ad4c-c195703db008-chrome-pdf.html","meta":{"rootId":"uc01defd222z3yr","id":"uc01defd222z3yr"},"id":"o8914smoq85stqo","previousOperationId":"989pxm45dhz3eoo"}
{"type":"log","timestamp":1744195810239,"level":"debug","message":"Page request: GET (image) https://res.cloudinary.com/dpes1dyqb/image/upload/v1738768933/logo_myycxt.jpg","meta":{"rootId":"uc01defd222z3yr","id":"uc01defd222z3yr"},"id":"1a672mxjyguqzlc","previousOperationId":"989pxm45dhz3eoo"}
{"type":"log","timestamp":1744195810241,"level":"debug","message":"Page request: GET (font) http://localhost:5488/fonts/kalpurush.ttf","meta":{"rootId":"uc01defd222z3yr","id":"uc01defd222z3yr"},"id":"8079wgsqx7p7v5i","previousOperationId":"989pxm45dhz3eoo"}
{"type":"log","timestamp":1744195810274,"level":"debug","message":"Page request: GET (font) http://localhost:5488/fonts/kalpurush.ttf","meta":{"rootId":"uc01defd222z3yr","id":"uc01defd222z3yr"},"id":"8yaympp2dhmy9gk","previousOperationId":"989pxm45dhz3eoo"}
{"type":"log","timestamp":1744195810276,"level":"debug","message":"Page request finished: GET (image) 200 https://res.cloudinary.com/dpes1dyqb/image/upload/v1738768933/logo_myycxt.jpg","meta":{"rootId":"uc01defd222z3yr","id":"uc01defd222z3yr"},"id":"daveqztnqm6c86z","previousOperationId":"989pxm45dhz3eoo"}
{"type":"log","timestamp":1744195810280,"level":"debug","message":"(console:error) Failed to load resource: the server responded with a status of 404 (Not Found)","meta":{"userLevel":true,"rootId":"uc01defd222z3yr","id":"uc01defd222z3yr"},"id":"qo2v9onwjp0vwzn","previousOperationId":"989pxm45dhz3eoo"}
{"type":"log","timestamp":1744195810280,"level":"warn","message":"Page request failed: GET (font) http://localhost:5488/fonts/kalpurush.ttf, failure: net::ERR_ABORTED","meta":{"rootId":"uc01defd222z3yr","id":"uc01defd222z3yr"},"id":"oor6v2gwptuolng","previousOperationId":"989pxm45dhz3eoo"}
{"type":"log","timestamp":1744195810288,"level":"debug","message":"Running chrome with params {\"printBackground\":true,\"timeout\":59855,\"margin\":{}}","meta":{"rootId":"uc01defd222z3yr","id":"uc01defd222z3yr"},"id":"w0xaer2hwcuuow1","previousOperationId":"989pxm45dhz3eoo"}
{"type":"operationEnd","operationId":"989pxm45dhz3eoo","timestamp":1744195810589,"id":"5ghtkepl7z6ppmw","previousEventId":"vle4hyx8yqughpk","previousOperationId":"989pxm45dhz3eoo"}
{"type":"log","timestamp":1744195810589,"level":"debug","message":"Skipping storing report.","meta":{"rootId":"uc01defd222z3yr","id":"uc01defd222z3yr"},"id":"hdpiecudfbtwkm4","previousOperationId":"989pxm45dhz3eoo"}
{"type":"log","timestamp":1744195810589,"level":"info","message":"Rendering request 25 finished in 607 ms","meta":{"rootId":"uc01defd222z3yr","id":"uc01defd222z3yr"},"id":"0hs2iiyfbktj4yk","previousOperationId":"989pxm45dhz3eoo"}
{"type":"operationEnd","subtype":"render","operationId":"zmdc86adr89y85t","timestamp":1744195810589,"id":"pkelrpw2z1bwqhm","previousEventId":"5ghtkepl7z6ppmw","previousOperationId":"989pxm45dhz3eoo"}
{"type":"operationEnd","doDiffs":false,"previousEventId":"xs7lrgon5kzdzo1","previousOperationId":"etb6vplb8h1z679","operationId":"etb6vplb8h1z679","timestamp":1744195810593,"id":"f4zy8nj7faqnju0"}
