{"type":"operationStart","subtype":"profile","data":{"_id":"ni5sIvzElK7f4Cqf","timestamp":"2025-04-09T13:42:41.655Z","state":"queued","mode":"standard","creationDate":"2025-04-09T13:42:41.657Z","modificationDate":"2025-04-09T13:42:41.657Z","shortid":"qKP3U5s","$entitySet":"profiles"},"doDiffs":false,"timestamp":1744206161656,"id":"yrn6lq1x9igronm","previousOperationId":null,"operationId":"9amgxrv3xkn93yf"}
{"type":"log","level":"info","message":"Render request 21 queued for execution and waiting for available worker","previousOperationId":"9amgxrv3xkn93yf","timestamp":1744206161656,"id":"ma5vvtjg4k926ye"}
{"type":"operationStart","subtype":"render","name":"myTemplate","previousOperationId":"9amgxrv3xkn93yf","timestamp":1744206161669,"id":"w0bi2vpwm0fs7rf","previousEventId":"yrn6lq1x9igronm","operationId":"8wljgatu8hi4ka8"}
{"type":"log","timestamp":1744206161669,"level":"info","message":"Starting rendering request 21","meta":{"rootId":"ud5hnn48m9wbzwe","id":"ud5hnn48m9wbzwe"},"id":"fd4nfgpldf9qc7p","previousOperationId":"8wljgatu8hi4ka8"}
{"type":"log","timestamp":1744206161669,"level":"info","message":"Rendering template { name: myTemplate, recipe: chrome-pdf, engine: handlebars, preview: true }","meta":{"rootId":"ud5hnn48m9wbzwe","id":"ud5hnn48m9wbzwe"},"id":"mxbdyuwwd1utd3c","previousOperationId":"8wljgatu8hi4ka8"}
{"type":"log","timestamp":1744206161670,"level":"debug","message":"Adding sample data HUavgV0Kc","meta":{"rootId":"ud5hnn48m9wbzwe","id":"ud5hnn48m9wbzwe"},"id":"h4rf4c3krvt8wa3","previousOperationId":"8wljgatu8hi4ka8"}
{"type":"log","timestamp":1744206161672,"level":"debug","message":"Base url not specified, skipping its injection.","meta":{"rootId":"ud5hnn48m9wbzwe","id":"ud5hnn48m9wbzwe"},"id":"813awg6sv1gvy76","previousOperationId":"8wljgatu8hi4ka8"}
{"type":"operationStart","subtype":"engine","name":"handlebars","timestamp":1744206161672,"id":"ls6urzc1qlc1bhq","previousEventId":"w0bi2vpwm0fs7rf","operationId":"eu5zbpde94rdmvm","previousOperationId":"8wljgatu8hi4ka8"}
{"type":"log","timestamp":1744206161672,"level":"debug","message":"Rendering engine handlebars","meta":{"rootId":"ud5hnn48m9wbzwe","id":"ud5hnn48m9wbzwe"},"id":"gq89bxtzgpo0z5s","previousOperationId":"eu5zbpde94rdmvm"}
{"type":"operationEnd","operationId":"eu5zbpde94rdmvm","timestamp":1744206161698,"id":"ml2sxyd7gpm1l64","previousEventId":"ls6urzc1qlc1bhq","previousOperationId":"eu5zbpde94rdmvm"}
{"type":"operationStart","subtype":"recipe","name":"chrome-pdf","timestamp":1744206161698,"id":"zcp68ydx6vbqz5w","previousEventId":"ml2sxyd7gpm1l64","operationId":"0cvxwd9wlmxbjew","previousOperationId":"eu5zbpde94rdmvm"}
{"type":"log","timestamp":1744206161698,"level":"debug","message":"Executing recipe chrome-pdf","meta":{"rootId":"ud5hnn48m9wbzwe","id":"ud5hnn48m9wbzwe"},"id":"wa88e0iocj1gagd","previousOperationId":"0cvxwd9wlmxbjew"}
{"type":"log","timestamp":1744206161701,"level":"debug","message":"Converting with chrome Chrome/133.0.6943.126 using chrome-pool strategy","meta":{"rootId":"ud5hnn48m9wbzwe","id":"ud5hnn48m9wbzwe"},"id":"f2az1pdv0t2oais","previousOperationId":"0cvxwd9wlmxbjew"}
{"type":"log","timestamp":1744206161769,"level":"debug","message":"Page request: GET (document) file:///C:/Users/Patheo24/AppData/Local/Temp/jsreport/autocleanup/6261a7ca-e35e-4d38-8bd8-55d53ee28957-chrome-pdf.html","meta":{"rootId":"ud5hnn48m9wbzwe","id":"ud5hnn48m9wbzwe"},"id":"e8ek7felmvht1gy","previousOperationId":"0cvxwd9wlmxbjew"}
{"type":"log","timestamp":1744206161795,"level":"debug","message":"Page request: GET (image) https://res.cloudinary.com/dpes1dyqb/image/upload/v1738768933/logo_myycxt.jpg","meta":{"rootId":"ud5hnn48m9wbzwe","id":"ud5hnn48m9wbzwe"},"id":"ud8it7eq2014rme","previousOperationId":"0cvxwd9wlmxbjew"}
{"type":"log","timestamp":1744206161796,"level":"debug","message":"Page request finished: GET (document) 200 file:///C:/Users/Patheo24/AppData/Local/Temp/jsreport/autocleanup/6261a7ca-e35e-4d38-8bd8-55d53ee28957-chrome-pdf.html","meta":{"rootId":"ud5hnn48m9wbzwe","id":"ud5hnn48m9wbzwe"},"id":"l5r0pz1qxt4i5vh","previousOperationId":"0cvxwd9wlmxbjew"}
{"type":"log","timestamp":1744206161800,"level":"debug","message":"Page request: GET (font) http://localhost:5488/fonts/kalpurush.ttf","meta":{"rootId":"ud5hnn48m9wbzwe","id":"ud5hnn48m9wbzwe"},"id":"uh0odlpaoik2smz","previousOperationId":"0cvxwd9wlmxbjew"}
{"type":"log","timestamp":1744206161803,"level":"debug","message":"Page request: GET (font) http://localhost:5488/fonts/kalpurush.ttf","meta":{"rootId":"ud5hnn48m9wbzwe","id":"ud5hnn48m9wbzwe"},"id":"guzasxw52796s76","previousOperationId":"0cvxwd9wlmxbjew"}
{"type":"log","timestamp":1744206161804,"level":"debug","message":"Page request finished: GET (image) 200 https://res.cloudinary.com/dpes1dyqb/image/upload/v1738768933/logo_myycxt.jpg","meta":{"rootId":"ud5hnn48m9wbzwe","id":"ud5hnn48m9wbzwe"},"id":"g6wj83xvkcu70k9","previousOperationId":"0cvxwd9wlmxbjew"}
{"type":"log","timestamp":1744206161808,"level":"debug","message":"(console:error) Failed to load resource: the server responded with a status of 404 (Not Found)","meta":{"userLevel":true,"rootId":"ud5hnn48m9wbzwe","id":"ud5hnn48m9wbzwe"},"id":"eohpncmxzj463j4","previousOperationId":"0cvxwd9wlmxbjew"}
{"type":"log","timestamp":1744206161808,"level":"warn","message":"Page request failed: GET (font) http://localhost:5488/fonts/kalpurush.ttf, failure: net::ERR_ABORTED","meta":{"rootId":"ud5hnn48m9wbzwe","id":"ud5hnn48m9wbzwe"},"id":"nt79c7b0qnyyxpf","previousOperationId":"0cvxwd9wlmxbjew"}
{"type":"log","timestamp":1744206161826,"level":"debug","message":"Running chrome with params {\"printBackground\":true,\"timeout\":59955,\"margin\":{}}","meta":{"rootId":"ud5hnn48m9wbzwe","id":"ud5hnn48m9wbzwe"},"id":"xhdjz2wcxxxtpik","previousOperationId":"0cvxwd9wlmxbjew"}
{"type":"operationEnd","operationId":"0cvxwd9wlmxbjew","timestamp":1744206162117,"id":"yduoj0uokwqcodg","previousEventId":"zcp68ydx6vbqz5w","previousOperationId":"0cvxwd9wlmxbjew"}
{"type":"log","timestamp":1744206162117,"level":"debug","message":"Skipping storing report.","meta":{"rootId":"ud5hnn48m9wbzwe","id":"ud5hnn48m9wbzwe"},"id":"gx3drcp6xwxdx7j","previousOperationId":"0cvxwd9wlmxbjew"}
{"type":"log","timestamp":1744206162117,"level":"info","message":"Rendering request 21 finished in 462 ms","meta":{"rootId":"ud5hnn48m9wbzwe","id":"ud5hnn48m9wbzwe"},"id":"yb5skj162uksrib","previousOperationId":"0cvxwd9wlmxbjew"}
{"type":"operationEnd","subtype":"render","operationId":"8wljgatu8hi4ka8","timestamp":1744206162117,"id":"offh16h5dmu8dxg","previousEventId":"yduoj0uokwqcodg","previousOperationId":"0cvxwd9wlmxbjew"}
{"type":"operationEnd","doDiffs":false,"previousEventId":"yrn6lq1x9igronm","previousOperationId":"9amgxrv3xkn93yf","operationId":"9amgxrv3xkn93yf","timestamp":1744206162125,"id":"kbsd7j7kglpez5o"}
