{"type":"operationStart","subtype":"profile","data":{"_id":"jUAawgnJIA5qnvcI","timestamp":"2025-04-09T14:05:46.294Z","state":"queued","mode":"standard","creationDate":"2025-04-09T14:05:46.296Z","modificationDate":"2025-04-09T14:05:46.296Z","shortid":"-ytGAtm","$entitySet":"profiles"},"doDiffs":false,"timestamp":1744207546295,"id":"dvl0j67wzezuqht","previousOperationId":null,"operationId":"w115kcgspk3aukn"}
{"type":"log","level":"info","message":"Render request 64 queued for execution and waiting for available worker","previousOperationId":"w115kcgspk3aukn","timestamp":1744207546295,"id":"kgo4rinmvlisx39"}
{"type":"operationStart","subtype":"render","name":"myTemplate","previousOperationId":"w115kcgspk3aukn","timestamp":1744207546312,"id":"9vtp6xcn78rq0j0","previousEventId":"dvl0j67wzezuqht","operationId":"8fnmm8hjynj62tu"}
{"type":"log","timestamp":1744207546312,"level":"info","message":"Starting rendering request 64","meta":{"rootId":"ufmvc6y59ccs8gd","id":"ufmvc6y59ccs8gd"},"id":"17sipk2hpp4vn5w","previousOperationId":"8fnmm8hjynj62tu"}
{"type":"log","timestamp":1744207546312,"level":"info","message":"Rendering template { name: myTemplate, recipe: chrome-pdf, engine: handlebars, preview: true }","meta":{"rootId":"ufmvc6y59ccs8gd","id":"ufmvc6y59ccs8gd"},"id":"5dfciqf9w5izr64","previousOperationId":"8fnmm8hjynj62tu"}
{"type":"log","timestamp":1744207546319,"level":"debug","message":"Adding sample data HUavgV0Kc","meta":{"rootId":"ufmvc6y59ccs8gd","id":"ufmvc6y59ccs8gd"},"id":"57h0yw72jiurb6p","previousOperationId":"8fnmm8hjynj62tu"}
{"type":"log","timestamp":1744207546360,"level":"debug","message":"Base url not specified, skipping its injection.","meta":{"rootId":"ufmvc6y59ccs8gd","id":"ufmvc6y59ccs8gd"},"id":"6v34iy3nuftk8vz","previousOperationId":"8fnmm8hjynj62tu"}
{"type":"operationStart","subtype":"engine","name":"handlebars","timestamp":1744207546361,"id":"241hacr96rqkg9a","previousEventId":"9vtp6xcn78rq0j0","operationId":"sdyhh1i86zsv4tt","previousOperationId":"8fnmm8hjynj62tu"}
{"type":"log","timestamp":1744207546361,"level":"debug","message":"Rendering engine handlebars","meta":{"rootId":"ufmvc6y59ccs8gd","id":"ufmvc6y59ccs8gd"},"id":"jeiz90bryz7d43m","previousOperationId":"sdyhh1i86zsv4tt"}
{"type":"operationEnd","operationId":"sdyhh1i86zsv4tt","timestamp":1744207546392,"id":"22n4pbshhq73h1s","previousEventId":"241hacr96rqkg9a","previousOperationId":"sdyhh1i86zsv4tt"}
{"type":"operationStart","subtype":"recipe","name":"chrome-pdf","timestamp":1744207546393,"id":"zo5no6j91b1fu2j","previousEventId":"22n4pbshhq73h1s","operationId":"crn9xr9pw4k4pv6","previousOperationId":"sdyhh1i86zsv4tt"}
{"type":"log","timestamp":1744207546393,"level":"debug","message":"Executing recipe chrome-pdf","meta":{"rootId":"ufmvc6y59ccs8gd","id":"ufmvc6y59ccs8gd"},"id":"dzt2g30bom0ocj9","previousOperationId":"crn9xr9pw4k4pv6"}
{"type":"log","timestamp":1744207546395,"level":"debug","message":"Converting with chrome Chrome/133.0.6943.126 using chrome-pool strategy","meta":{"rootId":"ufmvc6y59ccs8gd","id":"ufmvc6y59ccs8gd"},"id":"z8pq64mkvgrmsnd","previousOperationId":"crn9xr9pw4k4pv6"}
{"type":"log","timestamp":1744207546468,"level":"debug","message":"Page request: GET (document) file:///C:/Users/Patheo24/AppData/Local/Temp/jsreport/autocleanup/986d4f6e-e695-4e94-a43d-eb3b04a41b9e-chrome-pdf.html","meta":{"rootId":"ufmvc6y59ccs8gd","id":"ufmvc6y59ccs8gd"},"id":"4h66c1jxdeyrhm4","previousOperationId":"crn9xr9pw4k4pv6"}
{"type":"log","timestamp":1744207546493,"level":"debug","message":"Page request finished: GET (document) 200 file:///C:/Users/Patheo24/AppData/Local/Temp/jsreport/autocleanup/986d4f6e-e695-4e94-a43d-eb3b04a41b9e-chrome-pdf.html","meta":{"rootId":"ufmvc6y59ccs8gd","id":"ufmvc6y59ccs8gd"},"id":"u0v51oza95dnsv9","previousOperationId":"crn9xr9pw4k4pv6"}
{"type":"log","timestamp":1744207546500,"level":"debug","message":"Page request: GET (image) https://res.cloudinary.com/dpes1dyqb/image/upload/v1738768933/logo_myycxt.jpg","meta":{"rootId":"ufmvc6y59ccs8gd","id":"ufmvc6y59ccs8gd"},"id":"mpd679lxj9pscv0","previousOperationId":"crn9xr9pw4k4pv6"}
{"type":"log","timestamp":1744207546502,"level":"debug","message":"Page request: GET (font) http://localhost:5488/fonts/kalpurush.ttf","meta":{"rootId":"ufmvc6y59ccs8gd","id":"ufmvc6y59ccs8gd"},"id":"vpkipaakzxaazkt","previousOperationId":"crn9xr9pw4k4pv6"}
{"type":"log","timestamp":1744207546556,"level":"debug","message":"Page request: GET (font) http://localhost:5488/fonts/kalpurush.ttf","meta":{"rootId":"ufmvc6y59ccs8gd","id":"ufmvc6y59ccs8gd"},"id":"urwik7o7s6eeixt","previousOperationId":"crn9xr9pw4k4pv6"}
{"type":"log","timestamp":1744207546559,"level":"debug","message":"Page request finished: GET (image) 200 https://res.cloudinary.com/dpes1dyqb/image/upload/v1738768933/logo_myycxt.jpg","meta":{"rootId":"ufmvc6y59ccs8gd","id":"ufmvc6y59ccs8gd"},"id":"6sv88jz1u5dk5bn","previousOperationId":"crn9xr9pw4k4pv6"}
{"type":"log","timestamp":1744207546587,"level":"debug","message":"(console:error) Failed to load resource: the server responded with a status of 404 (Not Found)","meta":{"userLevel":true,"rootId":"ufmvc6y59ccs8gd","id":"ufmvc6y59ccs8gd"},"id":"0fvwuq92l7mb73z","previousOperationId":"crn9xr9pw4k4pv6"}
{"type":"log","timestamp":1744207546587,"level":"warn","message":"Page request failed: GET (font) http://localhost:5488/fonts/kalpurush.ttf, failure: net::ERR_ABORTED","meta":{"rootId":"ufmvc6y59ccs8gd","id":"ufmvc6y59ccs8gd"},"id":"1vff12m2zpyhzik","previousOperationId":"crn9xr9pw4k4pv6"}
{"type":"log","timestamp":1744207546599,"level":"debug","message":"Running chrome with params {\"printBackground\":true,\"format\":\"A5\",\"marginRight\":\"\",\"timeout\":59900,\"margin\":{\"right\":\"\"}}","meta":{"rootId":"ufmvc6y59ccs8gd","id":"ufmvc6y59ccs8gd"},"id":"xqvm2o4xlcd3oi6","previousOperationId":"crn9xr9pw4k4pv6"}
{"type":"operationEnd","operationId":"crn9xr9pw4k4pv6","timestamp":1744207546906,"id":"r98aplurg4yggke","previousEventId":"zo5no6j91b1fu2j","previousOperationId":"crn9xr9pw4k4pv6"}
{"type":"log","timestamp":1744207546906,"level":"debug","message":"Skipping storing report.","meta":{"rootId":"ufmvc6y59ccs8gd","id":"ufmvc6y59ccs8gd"},"id":"w4lxlzjrv98udnb","previousOperationId":"crn9xr9pw4k4pv6"}
{"type":"log","timestamp":1744207546906,"level":"info","message":"Rendering request 64 finished in 612 ms","meta":{"rootId":"ufmvc6y59ccs8gd","id":"ufmvc6y59ccs8gd"},"id":"rc3rpt49cwxfyk9","previousOperationId":"crn9xr9pw4k4pv6"}
{"type":"operationEnd","subtype":"render","operationId":"8fnmm8hjynj62tu","timestamp":1744207546906,"id":"koyq0cmdr0iq6ej","previousEventId":"r98aplurg4yggke","previousOperationId":"crn9xr9pw4k4pv6"}
{"type":"operationEnd","doDiffs":false,"previousEventId":"dvl0j67wzezuqht","previousOperationId":"w115kcgspk3aukn","operationId":"w115kcgspk3aukn","timestamp":1744207546910,"id":"i4cgq9zrado470y"}
