{"type":"operationStart","subtype":"profile","data":{"_id":"8KXTcg2TObK74vOo","timestamp":"2025-04-09T07:03:05.522Z","state":"queued","mode":"standard","creationDate":"2025-04-09T07:03:05.524Z","modificationDate":"2025-04-09T07:03:05.524Z","shortid":"ONJaJf_","$entitySet":"profiles"},"doDiffs":false,"timestamp":1744182185523,"id":"2x9u3cpfn1pcn38","previousOperationId":null,"operationId":"sybqgu68y3m44hi"}
{"type":"log","level":"info","message":"Render request 34 queued for execution and waiting for available worker","previousOperationId":"sybqgu68y3m44hi","timestamp":1744182185524,"id":"724347j7bbu01eo"}
{"type":"operationStart","subtype":"render","name":"myTemplate","previousOperationId":"sybqgu68y3m44hi","timestamp":1744182185543,"id":"l0zk070mv689f65","previousEventId":"2x9u3cpfn1pcn38","operationId":"5udaeigwotujxg4"}
{"type":"log","timestamp":1744182185543,"level":"info","message":"Starting rendering request 34","meta":{"rootId":"uh1p4sfd8pk35nw","id":"uh1p4sfd8pk35nw"},"id":"xhua7etg6uqiy2l","previousOperationId":"5udaeigwotujxg4"}
{"type":"log","timestamp":1744182185543,"level":"info","message":"Rendering template { name: myTemplate, recipe: chrome-pdf, engine: handlebars, preview: true }","meta":{"rootId":"uh1p4sfd8pk35nw","id":"uh1p4sfd8pk35nw"},"id":"yusccexrozs6tdb","previousOperationId":"5udaeigwotujxg4"}
{"type":"log","timestamp":1744182185544,"level":"debug","message":"Inline data specified.","meta":{"rootId":"uh1p4sfd8pk35nw","id":"uh1p4sfd8pk35nw"},"id":"fjy95z3178tftr9","previousOperationId":"5udaeigwotujxg4"}
{"type":"log","timestamp":1744182185545,"level":"debug","message":"Base url not specified, skipping its injection.","meta":{"rootId":"uh1p4sfd8pk35nw","id":"uh1p4sfd8pk35nw"},"id":"kbiz5uq2h0hn0i6","previousOperationId":"5udaeigwotujxg4"}
{"type":"operationStart","subtype":"engine","name":"handlebars","timestamp":1744182185545,"id":"3pxfxjlrj23fdmx","previousEventId":"l0zk070mv689f65","operationId":"cl1bbyo0n5ybtqf","previousOperationId":"5udaeigwotujxg4"}
{"type":"log","timestamp":1744182185545,"level":"debug","message":"Rendering engine handlebars","meta":{"rootId":"uh1p4sfd8pk35nw","id":"uh1p4sfd8pk35nw"},"id":"77nq9qxdbv94yeg","previousOperationId":"cl1bbyo0n5ybtqf"}
{"type":"operationEnd","operationId":"cl1bbyo0n5ybtqf","timestamp":1744182185560,"id":"tu31ge1coombaok","previousEventId":"3pxfxjlrj23fdmx","previousOperationId":"cl1bbyo0n5ybtqf"}
{"type":"operationStart","subtype":"recipe","name":"chrome-pdf","timestamp":1744182185561,"id":"yrklam958haajvg","previousEventId":"tu31ge1coombaok","operationId":"ve2k8nvtsvu5hwh","previousOperationId":"cl1bbyo0n5ybtqf"}
{"type":"log","timestamp":1744182185561,"level":"debug","message":"Executing recipe chrome-pdf","meta":{"rootId":"uh1p4sfd8pk35nw","id":"uh1p4sfd8pk35nw"},"id":"mmucnu7bgzwy1ww","previousOperationId":"ve2k8nvtsvu5hwh"}
{"type":"log","timestamp":1744182185567,"level":"debug","message":"Converting with chrome Chrome/133.0.6943.126 using chrome-pool strategy","meta":{"rootId":"uh1p4sfd8pk35nw","id":"uh1p4sfd8pk35nw"},"id":"29vbwsg67edx1pz","previousOperationId":"ve2k8nvtsvu5hwh"}
{"type":"log","timestamp":1744182185628,"level":"debug","message":"Page request: GET (document) file:///C:/Users/Patheo24/AppData/Local/Temp/jsreport/autocleanup/b92df95d-3300-47fd-9037-1cf259a6d3b1-chrome-pdf.html","meta":{"rootId":"uh1p4sfd8pk35nw","id":"uh1p4sfd8pk35nw"},"id":"4jfyc0npr2fbajk","previousOperationId":"ve2k8nvtsvu5hwh"}
{"type":"log","timestamp":1744182185656,"level":"debug","message":"Page request finished: GET (document) 200 file:///C:/Users/Patheo24/AppData/Local/Temp/jsreport/autocleanup/b92df95d-3300-47fd-9037-1cf259a6d3b1-chrome-pdf.html","meta":{"rootId":"uh1p4sfd8pk35nw","id":"uh1p4sfd8pk35nw"},"id":"5a1kduwam6n96c7","previousOperationId":"ve2k8nvtsvu5hwh"}
{"type":"log","timestamp":1744182185659,"level":"debug","message":"(console:info) Slow network is detected. See https://www.chromestatus.com/feature/5636954674692096 for more details. Fallback font will be used while loading: http://localhost:5488/fonts/kalpurush.ttf","meta":{"userLevel":true,"rootId":"uh1p4sfd8pk35nw","id":"uh1p4sfd8pk35nw"},"id":"3ibgxb75aiw9w5q","previousOperationId":"ve2k8nvtsvu5hwh"}
{"type":"log","timestamp":1744182185660,"level":"debug","message":"Page request: GET (image) https://res.cloudinary.com/dpes1dyqb/image/upload/v1738768933/logo_myycxt.jpg","meta":{"rootId":"uh1p4sfd8pk35nw","id":"uh1p4sfd8pk35nw"},"id":"m7an1ipeb7qhui2","previousOperationId":"ve2k8nvtsvu5hwh"}
{"type":"log","timestamp":1744182185660,"level":"debug","message":"Page request: GET (font) http://localhost:5488/fonts/kalpurush.ttf","meta":{"rootId":"uh1p4sfd8pk35nw","id":"uh1p4sfd8pk35nw"},"id":"e1vmly18c0unqv7","previousOperationId":"ve2k8nvtsvu5hwh"}
{"type":"log","timestamp":1744182185665,"level":"debug","message":"Page request: GET (font) http://localhost:5488/fonts/kalpurush.ttf","meta":{"rootId":"uh1p4sfd8pk35nw","id":"uh1p4sfd8pk35nw"},"id":"1n4zwmofhrd0l2a","previousOperationId":"ve2k8nvtsvu5hwh"}
{"type":"log","timestamp":1744182185667,"level":"debug","message":"Page request finished: GET (image) 200 https://res.cloudinary.com/dpes1dyqb/image/upload/v1738768933/logo_myycxt.jpg","meta":{"rootId":"uh1p4sfd8pk35nw","id":"uh1p4sfd8pk35nw"},"id":"uy4ce5nvrzer2vq","previousOperationId":"ve2k8nvtsvu5hwh"}
{"type":"log","timestamp":1744182185720,"level":"debug","message":"(console:error) Failed to load resource: the server responded with a status of 404 (Not Found)","meta":{"userLevel":true,"rootId":"uh1p4sfd8pk35nw","id":"uh1p4sfd8pk35nw"},"id":"mfqdpq8vsbhbk5a","previousOperationId":"ve2k8nvtsvu5hwh"}
{"type":"log","timestamp":1744182185720,"level":"warn","message":"Page request failed: GET (font) http://localhost:5488/fonts/kalpurush.ttf, failure: net::ERR_ABORTED","meta":{"rootId":"uh1p4sfd8pk35nw","id":"uh1p4sfd8pk35nw"},"id":"sw2zenhaga6awq7","previousOperationId":"ve2k8nvtsvu5hwh"}
{"type":"log","timestamp":1744182185728,"level":"debug","message":"Running chrome with params {\"printBackground\":true,\"timeout\":59956,\"margin\":{}}","meta":{"rootId":"uh1p4sfd8pk35nw","id":"uh1p4sfd8pk35nw"},"id":"a2ux4sdovfzmamo","previousOperationId":"ve2k8nvtsvu5hwh"}
{"type":"operationEnd","operationId":"ve2k8nvtsvu5hwh","timestamp":1744182186017,"id":"ugntcruxh9io7qj","previousEventId":"yrklam958haajvg","previousOperationId":"ve2k8nvtsvu5hwh"}
{"type":"log","timestamp":1744182186017,"level":"debug","message":"Skipping storing report.","meta":{"rootId":"uh1p4sfd8pk35nw","id":"uh1p4sfd8pk35nw"},"id":"i3dsumjkhja1xl4","previousOperationId":"ve2k8nvtsvu5hwh"}
{"type":"log","timestamp":1744182186017,"level":"info","message":"Rendering request 34 finished in 495 ms","meta":{"rootId":"uh1p4sfd8pk35nw","id":"uh1p4sfd8pk35nw"},"id":"61ixyik2a418hea","previousOperationId":"ve2k8nvtsvu5hwh"}
{"type":"operationEnd","subtype":"render","operationId":"5udaeigwotujxg4","timestamp":1744182186017,"id":"s3jy0uh4ixu89j3","previousEventId":"ugntcruxh9io7qj","previousOperationId":"ve2k8nvtsvu5hwh"}
{"type":"operationEnd","doDiffs":false,"previousEventId":"2x9u3cpfn1pcn38","previousOperationId":"sybqgu68y3m44hi","operationId":"sybqgu68y3m44hi","timestamp":1744182186021,"id":"5vt5adoq8ewtfsd"}
