{"type":"operationStart","subtype":"profile","data":{"_id":"wziElPqa3yrngQLO","timestamp":"2025-04-09T07:03:30.786Z","state":"queued","mode":"standard","creationDate":"2025-04-09T07:03:30.788Z","modificationDate":"2025-04-09T07:03:30.788Z","shortid":"SBmnP__","$entitySet":"profiles"},"doDiffs":false,"timestamp":1744182210787,"id":"6l6id1c4zsj1d34","previousOperationId":null,"operationId":"y76rx6h6t584dx3"}
{"type":"log","level":"info","message":"Render request 36 queued for execution and waiting for available worker","previousOperationId":"y76rx6h6t584dx3","timestamp":1744182210787,"id":"9aob13ktj1ggoxz"}
{"type":"operationStart","subtype":"render","name":"myTemplate","previousOperationId":"y76rx6h6t584dx3","timestamp":1744182210799,"id":"4s1md4yiyik88jd","previousEventId":"6l6id1c4zsj1d34","operationId":"oc3p8i7ahokzqeu"}
{"type":"log","timestamp":1744182210799,"level":"info","message":"Starting rendering request 36","meta":{"rootId":"um2wkbiql319rbw","id":"um2wkbiql319rbw"},"id":"l303vj407s4qesk","previousOperationId":"oc3p8i7ahokzqeu"}
{"type":"log","timestamp":1744182210799,"level":"info","message":"Rendering template { name: myTemplate, recipe: chrome-pdf, engine: handlebars, preview: true }","meta":{"rootId":"um2wkbiql319rbw","id":"um2wkbiql319rbw"},"id":"nisp6jok4opmmx1","previousOperationId":"oc3p8i7ahokzqeu"}
{"type":"log","timestamp":1744182210799,"level":"debug","message":"Inline data specified.","meta":{"rootId":"um2wkbiql319rbw","id":"um2wkbiql319rbw"},"id":"4nnjcmaj15smtkq","previousOperationId":"oc3p8i7ahokzqeu"}
{"type":"log","timestamp":1744182210801,"level":"debug","message":"Base url not specified, skipping its injection.","meta":{"rootId":"um2wkbiql319rbw","id":"um2wkbiql319rbw"},"id":"sj8wtjg0m6jv3q2","previousOperationId":"oc3p8i7ahokzqeu"}
{"type":"operationStart","subtype":"engine","name":"handlebars","timestamp":1744182210801,"id":"2s4ao5fo057mclx","previousEventId":"4s1md4yiyik88jd","operationId":"r69o88kmpseiwqp","previousOperationId":"oc3p8i7ahokzqeu"}
{"type":"log","timestamp":1744182210801,"level":"debug","message":"Rendering engine handlebars","meta":{"rootId":"um2wkbiql319rbw","id":"um2wkbiql319rbw"},"id":"438n4st1gdhypf0","previousOperationId":"r69o88kmpseiwqp"}
{"type":"operationEnd","operationId":"r69o88kmpseiwqp","timestamp":1744182210814,"id":"0x23tfu8fg38wke","previousEventId":"2s4ao5fo057mclx","previousOperationId":"r69o88kmpseiwqp"}
{"type":"operationStart","subtype":"recipe","name":"chrome-pdf","timestamp":1744182210814,"id":"1tyvju6cb5xrbvu","previousEventId":"0x23tfu8fg38wke","operationId":"3nra84df7wlaizq","previousOperationId":"r69o88kmpseiwqp"}
{"type":"log","timestamp":1744182210814,"level":"debug","message":"Executing recipe chrome-pdf","meta":{"rootId":"um2wkbiql319rbw","id":"um2wkbiql319rbw"},"id":"zxbon5earlskq4t","previousOperationId":"3nra84df7wlaizq"}
{"type":"log","timestamp":1744182210831,"level":"debug","message":"Converting with chrome Chrome/133.0.6943.126 using chrome-pool strategy","meta":{"rootId":"um2wkbiql319rbw","id":"um2wkbiql319rbw"},"id":"8tg7js9xad6mrgc","previousOperationId":"3nra84df7wlaizq"}
{"type":"log","timestamp":1744182210902,"level":"debug","message":"Page request: GET (document) file:///C:/Users/Patheo24/AppData/Local/Temp/jsreport/autocleanup/ee3251e0-53ba-402e-a981-ec0e5e7ebbdb-chrome-pdf.html","meta":{"rootId":"um2wkbiql319rbw","id":"um2wkbiql319rbw"},"id":"v3n9jqn0yq0j1bh","previousOperationId":"3nra84df7wlaizq"}
{"type":"log","timestamp":1744182210925,"level":"debug","message":"Page request finished: GET (document) 200 file:///C:/Users/Patheo24/AppData/Local/Temp/jsreport/autocleanup/ee3251e0-53ba-402e-a981-ec0e5e7ebbdb-chrome-pdf.html","meta":{"rootId":"um2wkbiql319rbw","id":"um2wkbiql319rbw"},"id":"2clems1jm1lwfc8","previousOperationId":"3nra84df7wlaizq"}
{"type":"log","timestamp":1744182210931,"level":"debug","message":"Page request: GET (image) https://res.cloudinary.com/dpes1dyqb/image/upload/v1738768933/logo_myycxt.jpg","meta":{"rootId":"um2wkbiql319rbw","id":"um2wkbiql319rbw"},"id":"nplxo1tnovdrpd8","previousOperationId":"3nra84df7wlaizq"}
{"type":"log","timestamp":1744182210932,"level":"debug","message":"(console:info) Slow network is detected. See https://www.chromestatus.com/feature/5636954674692096 for more details. Fallback font will be used while loading: http://localhost:5488/fonts/kalpurush.ttf","meta":{"userLevel":true,"rootId":"um2wkbiql319rbw","id":"um2wkbiql319rbw"},"id":"wyiw4frsbnevk2k","previousOperationId":"3nra84df7wlaizq"}
{"type":"log","timestamp":1744182210933,"level":"debug","message":"Page request: GET (font) http://localhost:5488/fonts/kalpurush.ttf","meta":{"rootId":"um2wkbiql319rbw","id":"um2wkbiql319rbw"},"id":"ommcpx296lxc2lr","previousOperationId":"3nra84df7wlaizq"}
{"type":"log","timestamp":1744182210969,"level":"debug","message":"Page request: GET (font) http://localhost:5488/fonts/kalpurush.ttf","meta":{"rootId":"um2wkbiql319rbw","id":"um2wkbiql319rbw"},"id":"yv26w13qfdhb2ou","previousOperationId":"3nra84df7wlaizq"}
{"type":"log","timestamp":1744182210971,"level":"debug","message":"Page request finished: GET (image) 200 https://res.cloudinary.com/dpes1dyqb/image/upload/v1738768933/logo_myycxt.jpg","meta":{"rootId":"um2wkbiql319rbw","id":"um2wkbiql319rbw"},"id":"dqt8axd0wrioqhi","previousOperationId":"3nra84df7wlaizq"}
{"type":"log","timestamp":1744182210976,"level":"debug","message":"(console:error) Failed to load resource: the server responded with a status of 404 (Not Found)","meta":{"userLevel":true,"rootId":"um2wkbiql319rbw","id":"um2wkbiql319rbw"},"id":"pqqf11pxdbi5bal","previousOperationId":"3nra84df7wlaizq"}
{"type":"log","timestamp":1744182210976,"level":"warn","message":"Page request failed: GET (font) http://localhost:5488/fonts/kalpurush.ttf, failure: net::ERR_ABORTED","meta":{"rootId":"um2wkbiql319rbw","id":"um2wkbiql319rbw"},"id":"buf32g3x1mmxryx","previousOperationId":"3nra84df7wlaizq"}
{"type":"log","timestamp":1744182210989,"level":"debug","message":"Running chrome with params {\"printBackground\":true,\"timeout\":59955,\"margin\":{}}","meta":{"rootId":"um2wkbiql319rbw","id":"um2wkbiql319rbw"},"id":"1yb26jz3j0t36ia","previousOperationId":"3nra84df7wlaizq"}
{"type":"operationEnd","operationId":"3nra84df7wlaizq","timestamp":1744182211291,"id":"tkemo89rm1k96oe","previousEventId":"1tyvju6cb5xrbvu","previousOperationId":"3nra84df7wlaizq"}
{"type":"log","timestamp":1744182211291,"level":"debug","message":"Skipping storing report.","meta":{"rootId":"um2wkbiql319rbw","id":"um2wkbiql319rbw"},"id":"d6fn4e6htnq1iot","previousOperationId":"3nra84df7wlaizq"}
{"type":"log","timestamp":1744182211291,"level":"info","message":"Rendering request 36 finished in 506 ms","meta":{"rootId":"um2wkbiql319rbw","id":"um2wkbiql319rbw"},"id":"4ou0fhx3m8a27r1","previousOperationId":"3nra84df7wlaizq"}
{"type":"operationEnd","subtype":"render","operationId":"oc3p8i7ahokzqeu","timestamp":1744182211291,"id":"gx67ovmrv68ofy4","previousEventId":"tkemo89rm1k96oe","previousOperationId":"3nra84df7wlaizq"}
{"type":"operationEnd","doDiffs":false,"previousEventId":"6l6id1c4zsj1d34","previousOperationId":"y76rx6h6t584dx3","operationId":"y76rx6h6t584dx3","timestamp":1744182211295,"id":"avr4tecb2b64ynr"}
