{"type":"operationStart","subtype":"profile","data":{"_id":"GSEXhxqdpDyS3HkN","timestamp":"2025-04-09T13:58:48.842Z","state":"queued","mode":"standard","creationDate":"2025-04-09T13:58:48.843Z","modificationDate":"2025-04-09T13:58:48.843Z","shortid":"viESGt7","$entitySet":"profiles"},"doDiffs":false,"timestamp":1744207128843,"id":"v80kytp97luwi14","previousOperationId":null,"operationId":"w7a5tj8a0mjs10r"}
{"type":"log","level":"info","message":"Render request 53 queued for execution and waiting for available worker","previousOperationId":"w7a5tj8a0mjs10r","timestamp":1744207128843,"id":"bz92if8n6ltfkis"}
{"type":"operationStart","subtype":"render","name":"myTemplate","previousOperationId":"w7a5tj8a0mjs10r","timestamp":1744207128859,"id":"9dzm8gt7d4hm2xr","previousEventId":"v80kytp97luwi14","operationId":"ma165q9mfcm3zn4"}
{"type":"log","timestamp":1744207128859,"level":"info","message":"Starting rendering request 53","meta":{"rootId":"uvhuvg7g4xyg15d","id":"uvhuvg7g4xyg15d"},"id":"h8tusp5l2u906vf","previousOperationId":"ma165q9mfcm3zn4"}
{"type":"log","timestamp":1744207128859,"level":"info","message":"Rendering template { name: myTemplate, recipe: chrome-pdf, engine: handlebars, preview: true }","meta":{"rootId":"uvhuvg7g4xyg15d","id":"uvhuvg7g4xyg15d"},"id":"mwjumisv2losjox","previousOperationId":"ma165q9mfcm3zn4"}
{"type":"log","timestamp":1744207128860,"level":"debug","message":"Adding sample data HUavgV0Kc","meta":{"rootId":"uvhuvg7g4xyg15d","id":"uvhuvg7g4xyg15d"},"id":"pv86ii6wj7rh3tb","previousOperationId":"ma165q9mfcm3zn4"}
{"type":"log","timestamp":1744207128862,"level":"debug","message":"Base url not specified, skipping its injection.","meta":{"rootId":"uvhuvg7g4xyg15d","id":"uvhuvg7g4xyg15d"},"id":"fg1i44f2mptsi3l","previousOperationId":"ma165q9mfcm3zn4"}
{"type":"operationStart","subtype":"engine","name":"handlebars","timestamp":1744207128862,"id":"xhd79xdq8ajhk87","previousEventId":"9dzm8gt7d4hm2xr","operationId":"5jpszg3ppk9njmk","previousOperationId":"ma165q9mfcm3zn4"}
{"type":"log","timestamp":1744207128862,"level":"debug","message":"Rendering engine handlebars","meta":{"rootId":"uvhuvg7g4xyg15d","id":"uvhuvg7g4xyg15d"},"id":"uyqc7xysmvfotsw","previousOperationId":"5jpszg3ppk9njmk"}
{"type":"operationEnd","operationId":"5jpszg3ppk9njmk","timestamp":1744207128889,"id":"8ralnwju317u7sx","previousEventId":"xhd79xdq8ajhk87","previousOperationId":"5jpszg3ppk9njmk"}
{"type":"operationStart","subtype":"recipe","name":"chrome-pdf","timestamp":1744207128889,"id":"9h108ge4ix0o3ft","previousEventId":"8ralnwju317u7sx","operationId":"7e3h03e5rdk25a3","previousOperationId":"5jpszg3ppk9njmk"}
{"type":"log","timestamp":1744207128889,"level":"debug","message":"Executing recipe chrome-pdf","meta":{"rootId":"uvhuvg7g4xyg15d","id":"uvhuvg7g4xyg15d"},"id":"f0yp7ilwt3lwmy7","previousOperationId":"7e3h03e5rdk25a3"}
{"type":"log","timestamp":1744207128891,"level":"debug","message":"Converting with chrome Chrome/133.0.6943.126 using chrome-pool strategy","meta":{"rootId":"uvhuvg7g4xyg15d","id":"uvhuvg7g4xyg15d"},"id":"hvs70lb9g6m7wj0","previousOperationId":"7e3h03e5rdk25a3"}
{"type":"log","timestamp":1744207128965,"level":"debug","message":"Page request: GET (document) file:///C:/Users/Patheo24/AppData/Local/Temp/jsreport/autocleanup/a234702a-a7f2-44b3-9de8-cfeaef4f754f-chrome-pdf.html","meta":{"rootId":"uvhuvg7g4xyg15d","id":"uvhuvg7g4xyg15d"},"id":"afd9ta2by2ypg9x","previousOperationId":"7e3h03e5rdk25a3"}
{"type":"log","timestamp":1744207128993,"level":"debug","message":"Page request finished: GET (document) 200 file:///C:/Users/Patheo24/AppData/Local/Temp/jsreport/autocleanup/a234702a-a7f2-44b3-9de8-cfeaef4f754f-chrome-pdf.html","meta":{"rootId":"uvhuvg7g4xyg15d","id":"uvhuvg7g4xyg15d"},"id":"v1ynpy17gndqhv1","previousOperationId":"7e3h03e5rdk25a3"}
{"type":"log","timestamp":1744207128999,"level":"debug","message":"Page request: GET (font) http://localhost:5488/fonts/kalpurush.ttf","meta":{"rootId":"uvhuvg7g4xyg15d","id":"uvhuvg7g4xyg15d"},"id":"94ulpuo4ll5i1kt","previousOperationId":"7e3h03e5rdk25a3"}
{"type":"log","timestamp":1744207129000,"level":"debug","message":"Page request: GET (image) https://res.cloudinary.com/dpes1dyqb/image/upload/v1738768933/logo_myycxt.jpg","meta":{"rootId":"uvhuvg7g4xyg15d","id":"uvhuvg7g4xyg15d"},"id":"zln26hz0mn02mbg","previousOperationId":"7e3h03e5rdk25a3"}
{"type":"log","timestamp":1744207129058,"level":"debug","message":"Page request: GET (font) http://localhost:5488/fonts/kalpurush.ttf","meta":{"rootId":"uvhuvg7g4xyg15d","id":"uvhuvg7g4xyg15d"},"id":"l5uvm4pzbmzc95m","previousOperationId":"7e3h03e5rdk25a3"}
{"type":"log","timestamp":1744207129059,"level":"debug","message":"Page request finished: GET (image) 200 https://res.cloudinary.com/dpes1dyqb/image/upload/v1738768933/logo_myycxt.jpg","meta":{"rootId":"uvhuvg7g4xyg15d","id":"uvhuvg7g4xyg15d"},"id":"alzcklgmc68167q","previousOperationId":"7e3h03e5rdk25a3"}
{"type":"log","timestamp":1744207129076,"level":"debug","message":"(console:error) Failed to load resource: the server responded with a status of 404 (Not Found)","meta":{"userLevel":true,"rootId":"uvhuvg7g4xyg15d","id":"uvhuvg7g4xyg15d"},"id":"xdaups79jeqwq9x","previousOperationId":"7e3h03e5rdk25a3"}
{"type":"log","timestamp":1744207129076,"level":"warn","message":"Page request failed: GET (font) http://localhost:5488/fonts/kalpurush.ttf, failure: net::ERR_ABORTED","meta":{"rootId":"uvhuvg7g4xyg15d","id":"uvhuvg7g4xyg15d"},"id":"q5iwctxk2fbsx1o","previousOperationId":"7e3h03e5rdk25a3"}
{"type":"log","timestamp":1744207129085,"level":"debug","message":"Running chrome with params {\"printBackground\":true,\"format\":\"A5\",\"marginRight\":\"\",\"timeout\":59951,\"margin\":{\"right\":\"\"}}","meta":{"rootId":"uvhuvg7g4xyg15d","id":"uvhuvg7g4xyg15d"},"id":"0dr48spx0bf8zkg","previousOperationId":"7e3h03e5rdk25a3"}
{"type":"operationEnd","operationId":"7e3h03e5rdk25a3","timestamp":1744207129400,"id":"ts24weh2azd6zob","previousEventId":"9h108ge4ix0o3ft","previousOperationId":"7e3h03e5rdk25a3"}
{"type":"log","timestamp":1744207129400,"level":"debug","message":"Skipping storing report.","meta":{"rootId":"uvhuvg7g4xyg15d","id":"uvhuvg7g4xyg15d"},"id":"nnt217kgffeglu2","previousOperationId":"7e3h03e5rdk25a3"}
{"type":"log","timestamp":1744207129400,"level":"info","message":"Rendering request 53 finished in 559 ms","meta":{"rootId":"uvhuvg7g4xyg15d","id":"uvhuvg7g4xyg15d"},"id":"vn4zapyge0nwlyi","previousOperationId":"7e3h03e5rdk25a3"}
{"type":"operationEnd","subtype":"render","operationId":"ma165q9mfcm3zn4","timestamp":1744207129400,"id":"rjg7bzjh2n0gfn7","previousEventId":"ts24weh2azd6zob","previousOperationId":"7e3h03e5rdk25a3"}
{"type":"operationEnd","doDiffs":false,"previousEventId":"v80kytp97luwi14","previousOperationId":"w7a5tj8a0mjs10r","operationId":"w7a5tj8a0mjs10r","timestamp":1744207129405,"id":"xfx5yuwlskqf5dc"}
