{"type":"operationStart","subtype":"profile","data":{"_id":"b5i2u7V4e8I0VQTk","timestamp":"2025-04-09T06:01:36.753Z","state":"queued","mode":"standard","creationDate":"2025-04-09T06:01:36.756Z","modificationDate":"2025-04-09T06:01:36.756Z","shortid":"VRrUCIB","$entitySet":"profiles"},"doDiffs":false,"timestamp":1744178496755,"id":"jo6gs0msox0rktt","previousOperationId":null,"operationId":"v98xsm1uw418zsx"}
{"type":"log","level":"info","message":"Render request 3 queued for execution and waiting for available worker","previousOperationId":"v98xsm1uw418zsx","timestamp":1744178496755,"id":"o8g9mzr5j6vabfx"}
{"type":"operationStart","subtype":"render","name":"myTemplate","previousOperationId":"v98xsm1uw418zsx","timestamp":1744178496770,"id":"9tmxumnw3hquqa2","previousEventId":"jo6gs0msox0rktt","operationId":"o7w67bofmgnfbk5"}
{"type":"log","timestamp":1744178496770,"level":"info","message":"Starting rendering request 3","meta":{"rootId":"v1prfhxmq2d81h0","id":"v1prfhxmq2d81h0"},"id":"po2wvbnp4phs7ir","previousOperationId":"o7w67bofmgnfbk5"}
{"type":"log","timestamp":1744178496770,"level":"info","message":"Rendering template { name: myTemplate, recipe: chrome-pdf, engine: handlebars, preview: false }","meta":{"rootId":"v1prfhxmq2d81h0","id":"v1prfhxmq2d81h0"},"id":"e8nytius7wh2jr5","previousOperationId":"o7w67bofmgnfbk5"}
{"type":"log","timestamp":1744178496772,"level":"debug","message":"Inline data specified.","meta":{"rootId":"v1prfhxmq2d81h0","id":"v1prfhxmq2d81h0"},"id":"k0bkban6ub4xasp","previousOperationId":"o7w67bofmgnfbk5"}
{"type":"log","timestamp":1744178496777,"level":"debug","message":"Base url not specified, skipping its injection.","meta":{"rootId":"v1prfhxmq2d81h0","id":"v1prfhxmq2d81h0"},"id":"ka51fx0wfqq22lb","previousOperationId":"o7w67bofmgnfbk5"}
{"type":"operationStart","subtype":"engine","name":"handlebars","timestamp":1744178496778,"id":"voysmxvetmptw2r","previousEventId":"9tmxumnw3hquqa2","operationId":"bxenxat543gmoh2","previousOperationId":"o7w67bofmgnfbk5"}
{"type":"log","timestamp":1744178496779,"level":"debug","message":"Rendering engine handlebars","meta":{"rootId":"v1prfhxmq2d81h0","id":"v1prfhxmq2d81h0"},"id":"5c5flwgnna9r2ma","previousOperationId":"bxenxat543gmoh2"}
{"type":"operationEnd","operationId":"bxenxat543gmoh2","timestamp":1744178496793,"id":"kzw3acjkzexwdrx","previousEventId":"voysmxvetmptw2r","previousOperationId":"bxenxat543gmoh2"}
{"type":"operationStart","subtype":"recipe","name":"chrome-pdf","timestamp":1744178496793,"id":"fbxun1tujzrau1l","previousEventId":"kzw3acjkzexwdrx","operationId":"3hlco9coiqe5y90","previousOperationId":"bxenxat543gmoh2"}
{"type":"log","timestamp":1744178496793,"level":"debug","message":"Executing recipe chrome-pdf","meta":{"rootId":"v1prfhxmq2d81h0","id":"v1prfhxmq2d81h0"},"id":"16jwcsb8si657h7","previousOperationId":"3hlco9coiqe5y90"}
{"type":"log","timestamp":1744178496797,"level":"debug","message":"Converting with chrome Chrome/133.0.6943.126 using chrome-pool strategy","meta":{"rootId":"v1prfhxmq2d81h0","id":"v1prfhxmq2d81h0"},"id":"8efcwpivxr63fjz","previousOperationId":"3hlco9coiqe5y90"}
{"type":"log","timestamp":1744178497046,"level":"debug","message":"Page request: GET (document) file:///C:/Users/Patheo24/AppData/Local/Temp/jsreport/autocleanup/499498b4-f750-4598-a372-4c0bcb726bc5-chrome-pdf.html","meta":{"rootId":"v1prfhxmq2d81h0","id":"v1prfhxmq2d81h0"},"id":"slpz2v1fnur6i7x","previousOperationId":"3hlco9coiqe5y90"}
{"type":"log","timestamp":1744178497068,"level":"debug","message":"Page request finished: GET (document) 200 file:///C:/Users/Patheo24/AppData/Local/Temp/jsreport/autocleanup/499498b4-f750-4598-a372-4c0bcb726bc5-chrome-pdf.html","meta":{"rootId":"v1prfhxmq2d81h0","id":"v1prfhxmq2d81h0"},"id":"4zzbo0q6bp9dvt2","previousOperationId":"3hlco9coiqe5y90"}
{"type":"log","timestamp":1744178497068,"level":"debug","message":"(console:info) Slow network is detected. See https://www.chromestatus.com/feature/5636954674692096 for more details. Fallback font will be used while loading: http://localhost:5488/fonts/kalpurush.ttf","meta":{"userLevel":true,"rootId":"v1prfhxmq2d81h0","id":"v1prfhxmq2d81h0"},"id":"my7qdv91pmvdkgn","previousOperationId":"3hlco9coiqe5y90"}
{"type":"log","timestamp":1744178497069,"level":"debug","message":"Page request: GET (font) http://localhost:5488/fonts/kalpurush.ttf","meta":{"rootId":"v1prfhxmq2d81h0","id":"v1prfhxmq2d81h0"},"id":"6hxarhov7m15tnh","previousOperationId":"3hlco9coiqe5y90"}
{"type":"log","timestamp":1744178497109,"level":"debug","message":"Page request: GET (font) http://localhost:5488/fonts/kalpurush.ttf","meta":{"rootId":"v1prfhxmq2d81h0","id":"v1prfhxmq2d81h0"},"id":"rtjczn8qyreo9se","previousOperationId":"3hlco9coiqe5y90"}
{"type":"log","timestamp":1744178497116,"level":"debug","message":"(console:error) Failed to load resource: the server responded with a status of 404 (Not Found)","meta":{"userLevel":true,"rootId":"v1prfhxmq2d81h0","id":"v1prfhxmq2d81h0"},"id":"139uhn75ebfng7t","previousOperationId":"3hlco9coiqe5y90"}
{"type":"log","timestamp":1744178497116,"level":"warn","message":"Page request failed: GET (font) http://localhost:5488/fonts/kalpurush.ttf, failure: net::ERR_ABORTED","meta":{"rootId":"v1prfhxmq2d81h0","id":"v1prfhxmq2d81h0"},"id":"1i3lfmv9zar6uq6","previousOperationId":"3hlco9coiqe5y90"}
{"type":"log","timestamp":1744178497119,"level":"debug","message":"Running chrome with params {\"printBackground\":true,\"timeout\":59958,\"margin\":{}}","meta":{"rootId":"v1prfhxmq2d81h0","id":"v1prfhxmq2d81h0"},"id":"5vt81rbkonzux7k","previousOperationId":"3hlco9coiqe5y90"}
{"type":"operationEnd","operationId":"3hlco9coiqe5y90","timestamp":1744178497282,"id":"ogp8iudngwmehla","previousEventId":"fbxun1tujzrau1l","previousOperationId":"3hlco9coiqe5y90"}
{"type":"log","timestamp":1744178497282,"level":"debug","message":"Skipping storing report.","meta":{"rootId":"v1prfhxmq2d81h0","id":"v1prfhxmq2d81h0"},"id":"fpawhym9hohbppv","previousOperationId":"3hlco9coiqe5y90"}
{"type":"log","timestamp":1744178497282,"level":"info","message":"Rendering request 3 finished in 529 ms","meta":{"rootId":"v1prfhxmq2d81h0","id":"v1prfhxmq2d81h0"},"id":"oolwsm77z6i5cg2","previousOperationId":"3hlco9coiqe5y90"}
{"type":"operationEnd","subtype":"render","operationId":"o7w67bofmgnfbk5","timestamp":1744178497282,"id":"2030jh2iamsv85q","previousEventId":"ogp8iudngwmehla","previousOperationId":"3hlco9coiqe5y90"}
{"type":"operationEnd","doDiffs":false,"previousEventId":"jo6gs0msox0rktt","previousOperationId":"v98xsm1uw418zsx","operationId":"v98xsm1uw418zsx","timestamp":1744178497284,"id":"u0dx95qv5l5o29b"}
