{"type":"operationStart","subtype":"profile","data":{"_id":"pshHQRLLvPyP3QSh","timestamp":"2025-04-09T13:35:25.472Z","state":"queued","mode":"standard","creationDate":"2025-04-09T13:35:25.474Z","modificationDate":"2025-04-09T13:35:25.474Z","shortid":"70CNQBU","$entitySet":"profiles"},"doDiffs":false,"timestamp":1744205725473,"id":"q7wa7wemoh1cf3f","previousOperationId":null,"operationId":"4o5925re4fkppnp"}
{"type":"log","level":"info","message":"Render request 10 queued for execution and waiting for available worker","previousOperationId":"4o5925re4fkppnp","timestamp":1744205725473,"id":"6tspa6cfqyw2wc2"}
{"type":"operationStart","subtype":"render","name":"myTemplate","previousOperationId":"4o5925re4fkppnp","timestamp":1744205725486,"id":"a604me6mkh24a9f","previousEventId":"q7wa7wemoh1cf3f","operationId":"1ggi5ks9p67cyrs"}
{"type":"log","timestamp":1744205725486,"level":"info","message":"Starting rendering request 10","meta":{"rootId":"vcb8chbav31i7cj","id":"vcb8chbav31i7cj"},"id":"xjklvubbiiaprwe","previousOperationId":"1ggi5ks9p67cyrs"}
{"type":"log","timestamp":1744205725487,"level":"info","message":"Rendering template { name: myTemplate, recipe: chrome-pdf, engine: handlebars, preview: true }","meta":{"rootId":"vcb8chbav31i7cj","id":"vcb8chbav31i7cj"},"id":"4il42wuv56bxvts","previousOperationId":"1ggi5ks9p67cyrs"}
{"type":"log","timestamp":1744205725487,"level":"debug","message":"Adding sample data HUavgV0Kc","meta":{"rootId":"vcb8chbav31i7cj","id":"vcb8chbav31i7cj"},"id":"11d8qxhvdq8jecx","previousOperationId":"1ggi5ks9p67cyrs"}
{"type":"log","timestamp":1744205725488,"level":"debug","message":"Base url not specified, skipping its injection.","meta":{"rootId":"vcb8chbav31i7cj","id":"vcb8chbav31i7cj"},"id":"n6xsh0rsyehk29z","previousOperationId":"1ggi5ks9p67cyrs"}
{"type":"operationStart","subtype":"engine","name":"handlebars","timestamp":1744205725489,"id":"buig53qaptm42yu","previousEventId":"a604me6mkh24a9f","operationId":"jm8nn6dkywvep70","previousOperationId":"1ggi5ks9p67cyrs"}
{"type":"log","timestamp":1744205725489,"level":"debug","message":"Rendering engine handlebars","meta":{"rootId":"vcb8chbav31i7cj","id":"vcb8chbav31i7cj"},"id":"tpdsbf2tpcwwm6r","previousOperationId":"jm8nn6dkywvep70"}
{"type":"operationEnd","operationId":"jm8nn6dkywvep70","timestamp":1744205725519,"id":"nb0aj5u4n3ee6in","previousEventId":"buig53qaptm42yu","previousOperationId":"jm8nn6dkywvep70"}
{"type":"operationStart","subtype":"recipe","name":"chrome-pdf","timestamp":1744205725519,"id":"5tvwm0s5qlrmm8s","previousEventId":"nb0aj5u4n3ee6in","operationId":"vydd1d0bsveworp","previousOperationId":"jm8nn6dkywvep70"}
{"type":"log","timestamp":1744205725519,"level":"debug","message":"Executing recipe chrome-pdf","meta":{"rootId":"vcb8chbav31i7cj","id":"vcb8chbav31i7cj"},"id":"iymxo5cqicouozj","previousOperationId":"vydd1d0bsveworp"}
{"type":"log","timestamp":1744205725521,"level":"debug","message":"Converting with chrome Chrome/133.0.6943.126 using chrome-pool strategy","meta":{"rootId":"vcb8chbav31i7cj","id":"vcb8chbav31i7cj"},"id":"ao3v2vcml1xdxgf","previousOperationId":"vydd1d0bsveworp"}
{"type":"log","timestamp":1744205725588,"level":"debug","message":"Page request: GET (document) file:///C:/Users/Patheo24/AppData/Local/Temp/jsreport/autocleanup/99751e8f-e369-43bd-b23d-f83929e79bd5-chrome-pdf.html","meta":{"rootId":"vcb8chbav31i7cj","id":"vcb8chbav31i7cj"},"id":"brt8a17e2iow83o","previousOperationId":"vydd1d0bsveworp"}
{"type":"log","timestamp":1744205725619,"level":"debug","message":"Page request finished: GET (document) 200 file:///C:/Users/Patheo24/AppData/Local/Temp/jsreport/autocleanup/99751e8f-e369-43bd-b23d-f83929e79bd5-chrome-pdf.html","meta":{"rootId":"vcb8chbav31i7cj","id":"vcb8chbav31i7cj"},"id":"su4jqjvhwr0k4c5","previousOperationId":"vydd1d0bsveworp"}
{"type":"log","timestamp":1744205725619,"level":"debug","message":"(console:info) Slow network is detected. See https://www.chromestatus.com/feature/5636954674692096 for more details. Fallback font will be used while loading: http://localhost:5488/fonts/kalpurush.ttf","meta":{"userLevel":true,"rootId":"vcb8chbav31i7cj","id":"vcb8chbav31i7cj"},"id":"q5z8m0vnttbzbuu","previousOperationId":"vydd1d0bsveworp"}
{"type":"log","timestamp":1744205725619,"level":"debug","message":"Page request: GET (font) http://localhost:5488/fonts/kalpurush.ttf","meta":{"rootId":"vcb8chbav31i7cj","id":"vcb8chbav31i7cj"},"id":"0vw0qadb1w0foo4","previousOperationId":"vydd1d0bsveworp"}
{"type":"log","timestamp":1744205725620,"level":"debug","message":"Page request: GET (image) https://res.cloudinary.com/dpes1dyqb/image/upload/v1738768933/logo_myycxt.jpg","meta":{"rootId":"vcb8chbav31i7cj","id":"vcb8chbav31i7cj"},"id":"zifs8hy801okqai","previousOperationId":"vydd1d0bsveworp"}
{"type":"log","timestamp":1744205725662,"level":"debug","message":"Page request: GET (font) http://localhost:5488/fonts/kalpurush.ttf","meta":{"rootId":"vcb8chbav31i7cj","id":"vcb8chbav31i7cj"},"id":"cw4ijy5bw3192nd","previousOperationId":"vydd1d0bsveworp"}
{"type":"log","timestamp":1744205725663,"level":"debug","message":"Page request finished: GET (image) 200 https://res.cloudinary.com/dpes1dyqb/image/upload/v1738768933/logo_myycxt.jpg","meta":{"rootId":"vcb8chbav31i7cj","id":"vcb8chbav31i7cj"},"id":"juvntudf4w46khm","previousOperationId":"vydd1d0bsveworp"}
{"type":"log","timestamp":1744205725677,"level":"debug","message":"(console:error) Failed to load resource: the server responded with a status of 404 (Not Found)","meta":{"userLevel":true,"rootId":"vcb8chbav31i7cj","id":"vcb8chbav31i7cj"},"id":"4izc7bxwmhdtp7u","previousOperationId":"vydd1d0bsveworp"}
{"type":"log","timestamp":1744205725677,"level":"warn","message":"Page request failed: GET (font) http://localhost:5488/fonts/kalpurush.ttf, failure: net::ERR_ABORTED","meta":{"rootId":"vcb8chbav31i7cj","id":"vcb8chbav31i7cj"},"id":"ptn9c5sl27wrq4x","previousOperationId":"vydd1d0bsveworp"}
{"type":"log","timestamp":1744205725687,"level":"debug","message":"Running chrome with params {\"printBackground\":true,\"timeout\":59951,\"margin\":{}}","meta":{"rootId":"vcb8chbav31i7cj","id":"vcb8chbav31i7cj"},"id":"5u7b164nbsas05d","previousOperationId":"vydd1d0bsveworp"}
{"type":"operationEnd","operationId":"vydd1d0bsveworp","timestamp":1744205725982,"id":"5arks1jniqwo0vv","previousEventId":"5tvwm0s5qlrmm8s","previousOperationId":"vydd1d0bsveworp"}
{"type":"log","timestamp":1744205725982,"level":"debug","message":"Skipping storing report.","meta":{"rootId":"vcb8chbav31i7cj","id":"vcb8chbav31i7cj"},"id":"kxbjn23ihzhnhsx","previousOperationId":"vydd1d0bsveworp"}
{"type":"log","timestamp":1744205725982,"level":"info","message":"Rendering request 10 finished in 511 ms","meta":{"rootId":"vcb8chbav31i7cj","id":"vcb8chbav31i7cj"},"id":"jqfg18of8qw8lz1","previousOperationId":"vydd1d0bsveworp"}
{"type":"operationEnd","subtype":"render","operationId":"1ggi5ks9p67cyrs","timestamp":1744205725982,"id":"gc3i9r7tbppd5jv","previousEventId":"5arks1jniqwo0vv","previousOperationId":"vydd1d0bsveworp"}
{"type":"operationEnd","doDiffs":false,"previousEventId":"q7wa7wemoh1cf3f","previousOperationId":"4o5925re4fkppnp","operationId":"4o5925re4fkppnp","timestamp":1744205725986,"id":"jlcl0hzs0esj02y"}
