{"type":"operationStart","subtype":"profile","data":{"_id":"v67g8ZE1ebQl4uzo","timestamp":"2025-04-09T07:01:57.625Z","state":"queued","mode":"standard","creationDate":"2025-04-09T07:01:57.627Z","modificationDate":"2025-04-09T07:01:57.627Z","shortid":"Z6dAlVt","$entitySet":"profiles"},"doDiffs":false,"timestamp":1744182117626,"id":"v2kwu6wdv4c8osy","previousOperationId":null,"operationId":"3uafc84219fbw4r"}
{"type":"log","level":"info","message":"Render request 32 queued for execution and waiting for available worker","previousOperationId":"3uafc84219fbw4r","timestamp":1744182117626,"id":"37gg4lroothvj1x"}
{"type":"operationStart","subtype":"render","name":"myTemplate","previousOperationId":"3uafc84219fbw4r","timestamp":1744182117650,"id":"otxag6dpwo23xr9","previousEventId":"v2kwu6wdv4c8osy","operationId":"lqugtl79urq351d"}
{"type":"log","timestamp":1744182117650,"level":"info","message":"Starting rendering request 32","meta":{"rootId":"vckzggbb7t2lfun","id":"vckzggbb7t2lfun"},"id":"1gae0fe8ywnb0m9","previousOperationId":"lqugtl79urq351d"}
{"type":"log","timestamp":1744182117650,"level":"info","message":"Rendering template { name: myTemplate, recipe: chrome-pdf, engine: handlebars, preview: true }","meta":{"rootId":"vckzggbb7t2lfun","id":"vckzggbb7t2lfun"},"id":"2a1w5ot02jk5akj","previousOperationId":"lqugtl79urq351d"}
{"type":"log","timestamp":1744182117651,"level":"debug","message":"Inline data specified.","meta":{"rootId":"vckzggbb7t2lfun","id":"vckzggbb7t2lfun"},"id":"um7lwksqf8r9slh","previousOperationId":"lqugtl79urq351d"}
{"type":"log","timestamp":1744182117653,"level":"debug","message":"Base url not specified, skipping its injection.","meta":{"rootId":"vckzggbb7t2lfun","id":"vckzggbb7t2lfun"},"id":"arltguuuuvzoxjx","previousOperationId":"lqugtl79urq351d"}
{"type":"operationStart","subtype":"engine","name":"handlebars","timestamp":1744182117653,"id":"ro9nfwslz5w6f53","previousEventId":"otxag6dpwo23xr9","operationId":"tan9avsj8ta9id1","previousOperationId":"lqugtl79urq351d"}
{"type":"log","timestamp":1744182117653,"level":"debug","message":"Rendering engine handlebars","meta":{"rootId":"vckzggbb7t2lfun","id":"vckzggbb7t2lfun"},"id":"0trvs5bn0t74qnl","previousOperationId":"tan9avsj8ta9id1"}
{"type":"operationEnd","operationId":"tan9avsj8ta9id1","timestamp":1744182117669,"id":"rwsfufg80cmkedq","previousEventId":"ro9nfwslz5w6f53","previousOperationId":"tan9avsj8ta9id1"}
{"type":"operationStart","subtype":"recipe","name":"chrome-pdf","timestamp":1744182117670,"id":"9wkf0p6gtzx4xhr","previousEventId":"rwsfufg80cmkedq","operationId":"drxrq6oqc343vxq","previousOperationId":"tan9avsj8ta9id1"}
{"type":"log","timestamp":1744182117670,"level":"debug","message":"Executing recipe chrome-pdf","meta":{"rootId":"vckzggbb7t2lfun","id":"vckzggbb7t2lfun"},"id":"2yuthk1aujql95t","previousOperationId":"drxrq6oqc343vxq"}
{"type":"log","timestamp":1744182117675,"level":"debug","message":"Converting with chrome Chrome/133.0.6943.126 using chrome-pool strategy","meta":{"rootId":"vckzggbb7t2lfun","id":"vckzggbb7t2lfun"},"id":"659bnh44fu9hd37","previousOperationId":"drxrq6oqc343vxq"}
{"type":"log","timestamp":1744182117740,"level":"debug","message":"Page request: GET (document) file:///C:/Users/Patheo24/AppData/Local/Temp/jsreport/autocleanup/b8153fe1-7e72-48ba-bad8-5c43e7523221-chrome-pdf.html","meta":{"rootId":"vckzggbb7t2lfun","id":"vckzggbb7t2lfun"},"id":"xh75xg770sacmee","previousOperationId":"drxrq6oqc343vxq"}
{"type":"log","timestamp":1744182117763,"level":"debug","message":"Page request finished: GET (document) 200 file:///C:/Users/Patheo24/AppData/Local/Temp/jsreport/autocleanup/b8153fe1-7e72-48ba-bad8-5c43e7523221-chrome-pdf.html","meta":{"rootId":"vckzggbb7t2lfun","id":"vckzggbb7t2lfun"},"id":"jlxltk85tol31bq","previousOperationId":"drxrq6oqc343vxq"}
{"type":"log","timestamp":1744182117763,"level":"debug","message":"(console:info) Slow network is detected. See https://www.chromestatus.com/feature/5636954674692096 for more details. Fallback font will be used while loading: http://localhost:5488/fonts/kalpurush.ttf","meta":{"userLevel":true,"rootId":"vckzggbb7t2lfun","id":"vckzggbb7t2lfun"},"id":"9c771nlwwu36zgv","previousOperationId":"drxrq6oqc343vxq"}
{"type":"log","timestamp":1744182117764,"level":"debug","message":"Page request: GET (font) http://localhost:5488/fonts/kalpurush.ttf","meta":{"rootId":"vckzggbb7t2lfun","id":"vckzggbb7t2lfun"},"id":"227wm7jh1vug16n","previousOperationId":"drxrq6oqc343vxq"}
{"type":"log","timestamp":1744182117764,"level":"debug","message":"Page request: GET (image) https://res.cloudinary.com/dpes1dyqb/image/upload/v1738768933/logo_myycxt.jpg","meta":{"rootId":"vckzggbb7t2lfun","id":"vckzggbb7t2lfun"},"id":"qs4y9xm8gtk3ceu","previousOperationId":"drxrq6oqc343vxq"}
{"type":"log","timestamp":1744182117804,"level":"debug","message":"Page request: GET (font) http://localhost:5488/fonts/kalpurush.ttf","meta":{"rootId":"vckzggbb7t2lfun","id":"vckzggbb7t2lfun"},"id":"qyx7id67iusxd2p","previousOperationId":"drxrq6oqc343vxq"}
{"type":"log","timestamp":1744182117806,"level":"debug","message":"Page request finished: GET (image) 200 https://res.cloudinary.com/dpes1dyqb/image/upload/v1738768933/logo_myycxt.jpg","meta":{"rootId":"vckzggbb7t2lfun","id":"vckzggbb7t2lfun"},"id":"4vheft9ebxmlbl2","previousOperationId":"drxrq6oqc343vxq"}
{"type":"log","timestamp":1744182117811,"level":"debug","message":"(console:error) Failed to load resource: the server responded with a status of 404 (Not Found)","meta":{"userLevel":true,"rootId":"vckzggbb7t2lfun","id":"vckzggbb7t2lfun"},"id":"epaqzyu189d5ox7","previousOperationId":"drxrq6oqc343vxq"}
{"type":"log","timestamp":1744182117811,"level":"warn","message":"Page request failed: GET (font) http://localhost:5488/fonts/kalpurush.ttf, failure: net::ERR_ABORTED","meta":{"rootId":"vckzggbb7t2lfun","id":"vckzggbb7t2lfun"},"id":"snaqz1nc1eufs63","previousOperationId":"drxrq6oqc343vxq"}
{"type":"log","timestamp":1744182117818,"level":"debug","message":"Running chrome with params {\"printBackground\":true,\"timeout\":59952,\"margin\":{}}","meta":{"rootId":"vckzggbb7t2lfun","id":"vckzggbb7t2lfun"},"id":"qzsccuqmbjl5yhg","previousOperationId":"drxrq6oqc343vxq"}
{"type":"operationEnd","operationId":"drxrq6oqc343vxq","timestamp":1744182118111,"id":"vaqwguj38bvxlap","previousEventId":"9wkf0p6gtzx4xhr","previousOperationId":"drxrq6oqc343vxq"}
{"type":"log","timestamp":1744182118111,"level":"debug","message":"Skipping storing report.","meta":{"rootId":"vckzggbb7t2lfun","id":"vckzggbb7t2lfun"},"id":"g7k7dllodh6ckc1","previousOperationId":"drxrq6oqc343vxq"}
{"type":"log","timestamp":1744182118111,"level":"info","message":"Rendering request 32 finished in 486 ms","meta":{"rootId":"vckzggbb7t2lfun","id":"vckzggbb7t2lfun"},"id":"e6ilgf483rept2m","previousOperationId":"drxrq6oqc343vxq"}
{"type":"operationEnd","subtype":"render","operationId":"lqugtl79urq351d","timestamp":1744182118111,"id":"hkpaik4ojd585bq","previousEventId":"vaqwguj38bvxlap","previousOperationId":"drxrq6oqc343vxq"}
{"type":"operationEnd","doDiffs":false,"previousEventId":"v2kwu6wdv4c8osy","previousOperationId":"3uafc84219fbw4r","operationId":"3uafc84219fbw4r","timestamp":1744182118116,"id":"520qvcrhkxlb3f5"}
