{"type":"operationStart","subtype":"profile","data":{"_id":"WzT9iM5xGNbk70i5","timestamp":"2025-04-09T12:19:58.220Z","state":"queued","mode":"standard","creationDate":"2025-04-09T12:19:58.222Z","modificationDate":"2025-04-09T12:19:58.222Z","shortid":"nY4P3de","$entitySet":"profiles"},"doDiffs":false,"timestamp":1744201198221,"id":"3290llrmakqwfxl","previousOperationId":null,"operationId":"5xv4ekyl8b1mv0y"}
{"type":"log","level":"info","message":"Render request 45 queued for execution and waiting for available worker","previousOperationId":"5xv4ekyl8b1mv0y","timestamp":1744201198221,"id":"b3zhtsd899sie3r"}
{"type":"operationStart","subtype":"render","name":"myTemplate","previousOperationId":"5xv4ekyl8b1mv0y","timestamp":1744201198231,"id":"tpgh9g2kepls0nq","previousEventId":"3290llrmakqwfxl","operationId":"9poofuc6upruwm4"}
{"type":"log","timestamp":1744201198231,"level":"info","message":"Starting rendering request 45","meta":{"rootId":"vcpkld6cnp4le89","id":"vcpkld6cnp4le89"},"id":"72aj3tqo77oy832","previousOperationId":"9poofuc6upruwm4"}
{"type":"log","timestamp":1744201198231,"level":"info","message":"Rendering template { name: myTemplate, recipe: chrome-pdf, engine: handlebars, preview: false }","meta":{"rootId":"vcpkld6cnp4le89","id":"vcpkld6cnp4le89"},"id":"1r1iqj58h74kvmv","previousOperationId":"9poofuc6upruwm4"}
{"type":"log","timestamp":1744201198232,"level":"debug","message":"Inline data specified.","meta":{"rootId":"vcpkld6cnp4le89","id":"vcpkld6cnp4le89"},"id":"n0lbfeaa90sjpxg","previousOperationId":"9poofuc6upruwm4"}
{"type":"log","timestamp":1744201198233,"level":"debug","message":"Base url not specified, skipping its injection.","meta":{"rootId":"vcpkld6cnp4le89","id":"vcpkld6cnp4le89"},"id":"gxtlhzi8chnyygs","previousOperationId":"9poofuc6upruwm4"}
{"type":"operationStart","subtype":"engine","name":"handlebars","timestamp":1744201198234,"id":"log0hcrh6bkc8va","previousEventId":"tpgh9g2kepls0nq","operationId":"ibmjkhgy17w4089","previousOperationId":"9poofuc6upruwm4"}
{"type":"log","timestamp":1744201198234,"level":"debug","message":"Rendering engine handlebars","meta":{"rootId":"vcpkld6cnp4le89","id":"vcpkld6cnp4le89"},"id":"ngxv2vgr00yghvx","previousOperationId":"ibmjkhgy17w4089"}
{"type":"operationEnd","operationId":"ibmjkhgy17w4089","timestamp":1744201198246,"id":"uzq0pmwyrivcice","previousEventId":"log0hcrh6bkc8va","previousOperationId":"ibmjkhgy17w4089"}
{"type":"operationStart","subtype":"recipe","name":"chrome-pdf","timestamp":1744201198247,"id":"5nc8nhpay4d9tet","previousEventId":"uzq0pmwyrivcice","operationId":"42n4zy1xndcrs8l","previousOperationId":"ibmjkhgy17w4089"}
{"type":"log","timestamp":1744201198247,"level":"debug","message":"Executing recipe chrome-pdf","meta":{"rootId":"vcpkld6cnp4le89","id":"vcpkld6cnp4le89"},"id":"q6sldvpdzg7z78o","previousOperationId":"42n4zy1xndcrs8l"}
{"type":"log","timestamp":1744201198251,"level":"debug","message":"Converting with chrome Chrome/133.0.6943.126 using chrome-pool strategy","meta":{"rootId":"vcpkld6cnp4le89","id":"vcpkld6cnp4le89"},"id":"7y2iov5a7o1oh9f","previousOperationId":"42n4zy1xndcrs8l"}
{"type":"log","timestamp":1744201198458,"level":"debug","message":"Page request: GET (document) file:///C:/Users/Patheo24/AppData/Local/Temp/jsreport/autocleanup/c337cb74-839c-4097-a42a-34415ee9d338-chrome-pdf.html","meta":{"rootId":"vcpkld6cnp4le89","id":"vcpkld6cnp4le89"},"id":"o2z6xhc28o7nh53","previousOperationId":"42n4zy1xndcrs8l"}
{"type":"log","timestamp":1744201198487,"level":"debug","message":"Page request finished: GET (document) 200 file:///C:/Users/Patheo24/AppData/Local/Temp/jsreport/autocleanup/c337cb74-839c-4097-a42a-34415ee9d338-chrome-pdf.html","meta":{"rootId":"vcpkld6cnp4le89","id":"vcpkld6cnp4le89"},"id":"9v3fr04t9fjyjmu","previousOperationId":"42n4zy1xndcrs8l"}
{"type":"log","timestamp":1744201198487,"level":"debug","message":"(console:info) Slow network is detected. See https://www.chromestatus.com/feature/5636954674692096 for more details. Fallback font will be used while loading: http://localhost:5488/fonts/kalpurush.ttf","meta":{"userLevel":true,"rootId":"vcpkld6cnp4le89","id":"vcpkld6cnp4le89"},"id":"shb9opw08agr6um","previousOperationId":"42n4zy1xndcrs8l"}
{"type":"log","timestamp":1744201198487,"level":"debug","message":"Page request: GET (font) http://localhost:5488/fonts/kalpurush.ttf","meta":{"rootId":"vcpkld6cnp4le89","id":"vcpkld6cnp4le89"},"id":"m5wolsq0nhpa3im","previousOperationId":"42n4zy1xndcrs8l"}
{"type":"log","timestamp":1744201198522,"level":"debug","message":"Page request: GET (font) http://localhost:5488/fonts/kalpurush.ttf","meta":{"rootId":"vcpkld6cnp4le89","id":"vcpkld6cnp4le89"},"id":"k79ec60s9wh1nla","previousOperationId":"42n4zy1xndcrs8l"}
{"type":"log","timestamp":1744201198536,"level":"debug","message":"(console:error) Failed to load resource: the server responded with a status of 404 (Not Found)","meta":{"userLevel":true,"rootId":"vcpkld6cnp4le89","id":"vcpkld6cnp4le89"},"id":"4d1ndvqw4varzyc","previousOperationId":"42n4zy1xndcrs8l"}
{"type":"log","timestamp":1744201198536,"level":"warn","message":"Page request failed: GET (font) http://localhost:5488/fonts/kalpurush.ttf, failure: net::ERR_ABORTED","meta":{"rootId":"vcpkld6cnp4le89","id":"vcpkld6cnp4le89"},"id":"b9ve5m5361lxm9a","previousOperationId":"42n4zy1xndcrs8l"}
{"type":"log","timestamp":1744201198540,"level":"debug","message":"Running chrome with params {\"printBackground\":true,\"timeout\":59971,\"margin\":{}}","meta":{"rootId":"vcpkld6cnp4le89","id":"vcpkld6cnp4le89"},"id":"errjej8xeydzqlz","previousOperationId":"42n4zy1xndcrs8l"}
{"type":"operationEnd","operationId":"42n4zy1xndcrs8l","timestamp":1744201198737,"id":"cy9zdsr39oyulwh","previousEventId":"5nc8nhpay4d9tet","previousOperationId":"42n4zy1xndcrs8l"}
{"type":"log","timestamp":1744201198737,"level":"debug","message":"Skipping storing report.","meta":{"rootId":"vcpkld6cnp4le89","id":"vcpkld6cnp4le89"},"id":"y7rk641g81nadro","previousOperationId":"42n4zy1xndcrs8l"}
{"type":"log","timestamp":1744201198737,"level":"info","message":"Rendering request 45 finished in 517 ms","meta":{"rootId":"vcpkld6cnp4le89","id":"vcpkld6cnp4le89"},"id":"gavkrgq1q15esyb","previousOperationId":"42n4zy1xndcrs8l"}
{"type":"operationEnd","subtype":"render","operationId":"9poofuc6upruwm4","timestamp":1744201198737,"id":"kbqdkorcw4ikgzx","previousEventId":"cy9zdsr39oyulwh","previousOperationId":"42n4zy1xndcrs8l"}
{"type":"operationEnd","doDiffs":false,"previousEventId":"3290llrmakqwfxl","previousOperationId":"5xv4ekyl8b1mv0y","operationId":"5xv4ekyl8b1mv0y","timestamp":1744201198739,"id":"s8c1d828ndnk1v1"}
