{"type":"operationStart","subtype":"profile","data":{"_id":"zl93xZdgI7g2py1Y","timestamp":"2025-04-11T12:35:29.304Z","state":"queued","mode":"standard","creationDate":"2025-04-11T12:35:29.307Z","modificationDate":"2025-04-11T12:35:29.307Z","shortid":"07V63kf","$entitySet":"profiles"},"doDiffs":false,"timestamp":1744374929305,"id":"wzx8t49cpuox9q7","previousOperationId":null,"operationId":"ci7807b8j0jsjqq"}
{"type":"log","level":"info","message":"Render request 18 queued for execution and waiting for available worker","previousOperationId":"ci7807b8j0jsjqq","timestamp":1744374929306,"id":"han10p1ckeshyos"}
{"type":"operationStart","subtype":"render","name":"myTemplate","previousOperationId":"ci7807b8j0jsjqq","timestamp":1744374929327,"id":"3ifnd5tz3ql8iz9","previousEventId":"wzx8t49cpuox9q7","operationId":"aoa8o3sc2qiql29"}
{"type":"log","timestamp":1744374929327,"level":"info","message":"Starting rendering request 18","meta":{"rootId":"vii509pbfk4g91v","id":"vii509pbfk4g91v"},"id":"fmsrbqmoomyeb5d","previousOperationId":"aoa8o3sc2qiql29"}
{"type":"log","timestamp":1744374929327,"level":"info","message":"Rendering template { name: myTemplate, recipe: chrome-pdf, engine: handlebars, preview: true }","meta":{"rootId":"vii509pbfk4g91v","id":"vii509pbfk4g91v"},"id":"2mjf3dzfowifhfy","previousOperationId":"aoa8o3sc2qiql29"}
{"type":"log","timestamp":1744374929327,"level":"debug","message":"Inline data specified.","meta":{"rootId":"vii509pbfk4g91v","id":"vii509pbfk4g91v"},"id":"5zzcs9vmnl10adf","previousOperationId":"aoa8o3sc2qiql29"}
{"type":"log","timestamp":1744374929329,"level":"debug","message":"Base url not specified, skipping its injection.","meta":{"rootId":"vii509pbfk4g91v","id":"vii509pbfk4g91v"},"id":"pxfii62sy82i6ve","previousOperationId":"aoa8o3sc2qiql29"}
{"type":"operationStart","subtype":"engine","name":"handlebars","timestamp":1744374929329,"id":"e457jhbz812fhnm","previousEventId":"3ifnd5tz3ql8iz9","operationId":"rh4ngp1fhex024l","previousOperationId":"aoa8o3sc2qiql29"}
{"type":"log","timestamp":1744374929329,"level":"debug","message":"Rendering engine handlebars","meta":{"rootId":"vii509pbfk4g91v","id":"vii509pbfk4g91v"},"id":"7tn75cqmmnbhlct","previousOperationId":"rh4ngp1fhex024l"}
{"type":"operationEnd","operationId":"rh4ngp1fhex024l","timestamp":1744374929361,"id":"w9afnmugws74s0o","previousEventId":"e457jhbz812fhnm","previousOperationId":"rh4ngp1fhex024l"}
{"type":"operationStart","subtype":"recipe","name":"chrome-pdf","timestamp":1744374929361,"id":"a8x5jc65z0mjq1m","previousEventId":"w9afnmugws74s0o","operationId":"936k03uinaq2k88","previousOperationId":"rh4ngp1fhex024l"}
{"type":"log","timestamp":1744374929361,"level":"debug","message":"Executing recipe chrome-pdf","meta":{"rootId":"vii509pbfk4g91v","id":"vii509pbfk4g91v"},"id":"trg5zg8347oa1rw","previousOperationId":"936k03uinaq2k88"}
{"type":"log","timestamp":1744374929364,"level":"debug","message":"Converting with chrome Chrome/133.0.6943.126 using chrome-pool strategy","meta":{"rootId":"vii509pbfk4g91v","id":"vii509pbfk4g91v"},"id":"cbyaoitqqwns0rc","previousOperationId":"936k03uinaq2k88"}
{"type":"log","timestamp":1744374929445,"level":"debug","message":"Page request: GET (document) file:///C:/Users/Patheo24/AppData/Local/Temp/jsreport/autocleanup/ad584d0a-c1f6-450e-adea-8d4098cb126e-chrome-pdf.html","meta":{"rootId":"vii509pbfk4g91v","id":"vii509pbfk4g91v"},"id":"ck9kefnn5a1js3m","previousOperationId":"936k03uinaq2k88"}
{"type":"log","timestamp":1744374929498,"level":"debug","message":"Page request finished: GET (document) 200 file:///C:/Users/Patheo24/AppData/Local/Temp/jsreport/autocleanup/ad584d0a-c1f6-450e-adea-8d4098cb126e-chrome-pdf.html","meta":{"rootId":"vii509pbfk4g91v","id":"vii509pbfk4g91v"},"id":"a8sgjnm4q1wgj37","previousOperationId":"936k03uinaq2k88"}
{"type":"log","timestamp":1744374929499,"level":"debug","message":"Page request: GET (image) https://res.cloudinary.com/dpes1dyqb/image/upload/v1738768933/logo_myycxt.jpg","meta":{"rootId":"vii509pbfk4g91v","id":"vii509pbfk4g91v"},"id":"eqcoboxt0gwg237","previousOperationId":"936k03uinaq2k88"}
{"type":"log","timestamp":1744374929500,"level":"debug","message":"Page request: GET (font) http://localhost:5488/fonts/kalpurush.ttf","meta":{"rootId":"vii509pbfk4g91v","id":"vii509pbfk4g91v"},"id":"4x7yx58ayeruqln","previousOperationId":"936k03uinaq2k88"}
{"type":"log","timestamp":1744374929562,"level":"debug","message":"Page request: GET (font) http://localhost:5488/fonts/kalpurush.ttf","meta":{"rootId":"vii509pbfk4g91v","id":"vii509pbfk4g91v"},"id":"qolyrkn1z87tnlv","previousOperationId":"936k03uinaq2k88"}
{"type":"log","timestamp":1744374929563,"level":"debug","message":"Page request finished: GET (image) 200 https://res.cloudinary.com/dpes1dyqb/image/upload/v1738768933/logo_myycxt.jpg","meta":{"rootId":"vii509pbfk4g91v","id":"vii509pbfk4g91v"},"id":"jtv3zngkfdewbo4","previousOperationId":"936k03uinaq2k88"}
{"type":"log","timestamp":1744374929568,"level":"debug","message":"(console:error) Failed to load resource: the server responded with a status of 404 (Not Found)","meta":{"userLevel":true,"rootId":"vii509pbfk4g91v","id":"vii509pbfk4g91v"},"id":"dyn7fbx6fbgpomp","previousOperationId":"936k03uinaq2k88"}
{"type":"log","timestamp":1744374929569,"level":"warn","message":"Page request failed: GET (font) http://localhost:5488/fonts/kalpurush.ttf, failure: net::ERR_ABORTED","meta":{"rootId":"vii509pbfk4g91v","id":"vii509pbfk4g91v"},"id":"ww46vfi3zm7bqws","previousOperationId":"936k03uinaq2k88"}
{"type":"log","timestamp":1744374929580,"level":"debug","message":"Running chrome with params {\"printBackground\":true,\"format\":\"A5\",\"marginRight\":\"\",\"height\":\"\",\"marginTop\":\"\",\"marginBottom\":\"\",\"marginLeft\":\"\",\"displayHeaderFooter\":true,\"width\":\"\",\"timeout\":59941,\"margin\":{\"top\":\"\",\"right\":\"\",\"bottom\":\"\",\"left\":\"\"}}","meta":{"rootId":"vii509pbfk4g91v","id":"vii509pbfk4g91v"},"id":"bparbpy43cgmw52","previousOperationId":"936k03uinaq2k88"}
{"type":"operationEnd","operationId":"936k03uinaq2k88","timestamp":1744374929922,"id":"gzqtzej0un9bt1k","previousEventId":"a8x5jc65z0mjq1m","previousOperationId":"936k03uinaq2k88"}
{"type":"log","timestamp":1744374929922,"level":"debug","message":"Skipping storing report.","meta":{"rootId":"vii509pbfk4g91v","id":"vii509pbfk4g91v"},"id":"3zpq5b4m4zj7nuw","previousOperationId":"936k03uinaq2k88"}
{"type":"log","timestamp":1744374929923,"level":"info","message":"Rendering request 18 finished in 619 ms","meta":{"rootId":"vii509pbfk4g91v","id":"vii509pbfk4g91v"},"id":"t0hqrok1ih52bh9","previousOperationId":"936k03uinaq2k88"}
{"type":"operationEnd","subtype":"render","operationId":"aoa8o3sc2qiql29","timestamp":1744374929923,"id":"833ila0k99dh9vb","previousEventId":"gzqtzej0un9bt1k","previousOperationId":"936k03uinaq2k88"}
{"type":"operationEnd","doDiffs":false,"previousEventId":"wzx8t49cpuox9q7","previousOperationId":"ci7807b8j0jsjqq","operationId":"ci7807b8j0jsjqq","timestamp":1744374929928,"id":"mko0viomumd4xam"}
