{"type":"operationStart","subtype":"profile","data":{"_id":"Dag3733uKPonOeMx","timestamp":"2025-04-11T12:56:13.184Z","state":"queued","mode":"standard","creationDate":"2025-04-11T12:56:13.187Z","modificationDate":"2025-04-11T12:56:13.187Z","shortid":"4xKAyxG","$entitySet":"profiles"},"doDiffs":false,"timestamp":1744376173185,"id":"k11ua4s5e00i6q8","previousOperationId":null,"operationId":"o1seowwkiis5q90"}
{"type":"log","level":"info","message":"Render request 31 queued for execution and waiting for available worker","previousOperationId":"o1seowwkiis5q90","timestamp":1744376173185,"id":"jc7hysjm2t9htt2"}
{"type":"operationStart","subtype":"render","name":"myTemplate","previousOperationId":"o1seowwkiis5q90","timestamp":1744376173203,"id":"hwqp6rtx8vkd7x8","previousEventId":"k11ua4s5e00i6q8","operationId":"d0zg7jvogu5o7d7"}
{"type":"log","timestamp":1744376173203,"level":"info","message":"Starting rendering request 31","meta":{"rootId":"vlgre1u19yhohe4","id":"vlgre1u19yhohe4"},"id":"1m0vpe2kd8pcne1","previousOperationId":"d0zg7jvogu5o7d7"}
{"type":"log","timestamp":1744376173203,"level":"info","message":"Rendering template { name: myTemplate, recipe: chrome-pdf, engine: handlebars, preview: true }","meta":{"rootId":"vlgre1u19yhohe4","id":"vlgre1u19yhohe4"},"id":"u226u3bdnpwhmr3","previousOperationId":"d0zg7jvogu5o7d7"}
{"type":"log","timestamp":1744376173204,"level":"debug","message":"Inline data specified.","meta":{"rootId":"vlgre1u19yhohe4","id":"vlgre1u19yhohe4"},"id":"ugf3yufob5nf87s","previousOperationId":"d0zg7jvogu5o7d7"}
{"type":"log","timestamp":1744376173210,"level":"debug","message":"Base url not specified, skipping its injection.","meta":{"rootId":"vlgre1u19yhohe4","id":"vlgre1u19yhohe4"},"id":"julzcjeo3k4221x","previousOperationId":"d0zg7jvogu5o7d7"}
{"type":"operationStart","subtype":"engine","name":"handlebars","timestamp":1744376173210,"id":"s6pr5lrr8ysdbn9","previousEventId":"hwqp6rtx8vkd7x8","operationId":"8g1rrgevl15slmb","previousOperationId":"d0zg7jvogu5o7d7"}
{"type":"log","timestamp":1744376173210,"level":"debug","message":"Rendering engine handlebars","meta":{"rootId":"vlgre1u19yhohe4","id":"vlgre1u19yhohe4"},"id":"lqsbve1o11ea6r8","previousOperationId":"8g1rrgevl15slmb"}
{"type":"operationEnd","operationId":"8g1rrgevl15slmb","timestamp":1744376173221,"id":"12jpz2ka45prcl6","previousEventId":"s6pr5lrr8ysdbn9","previousOperationId":"8g1rrgevl15slmb"}
{"type":"operationStart","subtype":"recipe","name":"chrome-pdf","timestamp":1744376173222,"id":"k9e4hj5yzgsbe6x","previousEventId":"12jpz2ka45prcl6","operationId":"gnhrot06dnc560u","previousOperationId":"8g1rrgevl15slmb"}
{"type":"log","timestamp":1744376173222,"level":"debug","message":"Executing recipe chrome-pdf","meta":{"rootId":"vlgre1u19yhohe4","id":"vlgre1u19yhohe4"},"id":"eu7117x8u8e64qy","previousOperationId":"gnhrot06dnc560u"}
{"type":"log","timestamp":1744376173226,"level":"debug","message":"Converting with chrome Chrome/133.0.6943.126 using chrome-pool strategy","meta":{"rootId":"vlgre1u19yhohe4","id":"vlgre1u19yhohe4"},"id":"dg05b1w1ye5tnvf","previousOperationId":"gnhrot06dnc560u"}
{"type":"log","timestamp":1744376173315,"level":"debug","message":"Page request: GET (document) file:///C:/Users/Patheo24/AppData/Local/Temp/jsreport/autocleanup/4402d3be-5aa1-4c05-ba5e-cd5fd088def5-chrome-pdf.html","meta":{"rootId":"vlgre1u19yhohe4","id":"vlgre1u19yhohe4"},"id":"v33e3eyenpfvscp","previousOperationId":"gnhrot06dnc560u"}
{"type":"log","timestamp":1744376173349,"level":"debug","message":"Page request finished: GET (document) 200 file:///C:/Users/Patheo24/AppData/Local/Temp/jsreport/autocleanup/4402d3be-5aa1-4c05-ba5e-cd5fd088def5-chrome-pdf.html","meta":{"rootId":"vlgre1u19yhohe4","id":"vlgre1u19yhohe4"},"id":"iea2jjfj09hnane","previousOperationId":"gnhrot06dnc560u"}
{"type":"log","timestamp":1744376173350,"level":"debug","message":"Page request: GET (font) http://localhost:5488/fonts/kalpurush.ttf","meta":{"rootId":"vlgre1u19yhohe4","id":"vlgre1u19yhohe4"},"id":"bznq2790wt00xz7","previousOperationId":"gnhrot06dnc560u"}
{"type":"log","timestamp":1744376173351,"level":"debug","message":"Page request: GET (image) https://res.cloudinary.com/dpes1dyqb/image/upload/v1738768933/logo_myycxt.jpg","meta":{"rootId":"vlgre1u19yhohe4","id":"vlgre1u19yhohe4"},"id":"vtmmrai00yhfs5m","previousOperationId":"gnhrot06dnc560u"}
{"type":"log","timestamp":1744376173429,"level":"debug","message":"Page request: GET (font) http://localhost:5488/fonts/kalpurush.ttf","meta":{"rootId":"vlgre1u19yhohe4","id":"vlgre1u19yhohe4"},"id":"go8htn6zmeqvjbf","previousOperationId":"gnhrot06dnc560u"}
{"type":"log","timestamp":1744376173431,"level":"debug","message":"Page request finished: GET (image) 200 https://res.cloudinary.com/dpes1dyqb/image/upload/v1738768933/logo_myycxt.jpg","meta":{"rootId":"vlgre1u19yhohe4","id":"vlgre1u19yhohe4"},"id":"7jkplecmt89dppa","previousOperationId":"gnhrot06dnc560u"}
{"type":"log","timestamp":1744376173447,"level":"debug","message":"(console:error) Failed to load resource: the server responded with a status of 404 (Not Found)","meta":{"userLevel":true,"rootId":"vlgre1u19yhohe4","id":"vlgre1u19yhohe4"},"id":"4fup6vcv5vve5ok","previousOperationId":"gnhrot06dnc560u"}
{"type":"log","timestamp":1744376173447,"level":"warn","message":"Page request failed: GET (font) http://localhost:5488/fonts/kalpurush.ttf, failure: net::ERR_ABORTED","meta":{"rootId":"vlgre1u19yhohe4","id":"vlgre1u19yhohe4"},"id":"chzt8cunbdds1xy","previousOperationId":"gnhrot06dnc560u"}
{"type":"log","timestamp":1744376173462,"level":"debug","message":"Running chrome with params {\"printBackground\":true,\"format\":\"A5\",\"marginRight\":\"\",\"height\":\"\",\"marginTop\":\"\",\"marginBottom\":\"\",\"marginLeft\":\"\",\"displayHeaderFooter\":true,\"width\":\"\",\"timeout\":59960,\"margin\":{\"top\":\"\",\"right\":\"\",\"bottom\":\"\",\"left\":\"\"}}","meta":{"rootId":"vlgre1u19yhohe4","id":"vlgre1u19yhohe4"},"id":"78luhqenpe87tnb","previousOperationId":"gnhrot06dnc560u"}
{"type":"operationEnd","operationId":"gnhrot06dnc560u","timestamp":1744376173813,"id":"05j6ge1u73t67qm","previousEventId":"k9e4hj5yzgsbe6x","previousOperationId":"gnhrot06dnc560u"}
{"type":"log","timestamp":1744376173813,"level":"debug","message":"Skipping storing report.","meta":{"rootId":"vlgre1u19yhohe4","id":"vlgre1u19yhohe4"},"id":"lh205prfsyb1xg9","previousOperationId":"gnhrot06dnc560u"}
{"type":"log","timestamp":1744376173814,"level":"info","message":"Rendering request 31 finished in 630 ms","meta":{"rootId":"vlgre1u19yhohe4","id":"vlgre1u19yhohe4"},"id":"ehydgpgyg7j0qvj","previousOperationId":"gnhrot06dnc560u"}
{"type":"operationEnd","subtype":"render","operationId":"d0zg7jvogu5o7d7","timestamp":1744376173814,"id":"l608vm54kb3n3m1","previousEventId":"05j6ge1u73t67qm","previousOperationId":"gnhrot06dnc560u"}
{"type":"operationEnd","doDiffs":false,"previousEventId":"k11ua4s5e00i6q8","previousOperationId":"o1seowwkiis5q90","operationId":"o1seowwkiis5q90","timestamp":1744376173817,"id":"51phsbdgrf3565k"}
