{"type":"operationStart","subtype":"profile","data":{"_id":"QcT8SY4OmnZ3IBtX","timestamp":"2025-04-15T19:54:51.802Z","state":"queued","mode":"standard","creationDate":"2025-04-15T19:54:51.809Z","modificationDate":"2025-04-15T19:54:51.809Z","shortid":"MnDJp5W","$entitySet":"profiles"},"doDiffs":false,"timestamp":1744746891804,"id":"bjcs38q5zrx2htw","previousOperationId":null,"operationId":"r5ho81myg1kseat"}
{"type":"log","level":"info","message":"Render request 1 queued for execution and waiting for available worker","previousOperationId":"r5ho81myg1kseat","timestamp":1744746891807,"id":"ez9gsx784k4ifw4"}
{"type":"operationStart","subtype":"render","name":"myTemplate","previousOperationId":"r5ho81myg1kseat","timestamp":1744746891879,"id":"vl5givgfcu8x73t","previousEventId":"bjcs38q5zrx2htw","operationId":"8m38r9a237oemcw"}
{"type":"log","timestamp":1744746891880,"level":"info","message":"Starting rendering request 1","meta":{"rootId":"vsl6qrfiit88j03","id":"vsl6qrfiit88j03"},"id":"qa86jlgbem7ampd","previousOperationId":"8m38r9a237oemcw"}
{"type":"log","timestamp":1744746891881,"level":"info","message":"Rendering template { name: myTemplate, recipe: chrome-pdf, engine: handlebars, preview: true }","meta":{"rootId":"vsl6qrfiit88j03","id":"vsl6qrfiit88j03"},"id":"r588g5a1bdgvb2l","previousOperationId":"8m38r9a237oemcw"}
{"type":"log","timestamp":1744746891886,"level":"debug","message":"Adding sample data HUavgV0Kc","meta":{"rootId":"vsl6qrfiit88j03","id":"vsl6qrfiit88j03"},"id":"26xx6vdmidng6dv","previousOperationId":"8m38r9a237oemcw"}
{"type":"log","timestamp":1744746891890,"level":"debug","message":"Base url not specified, skipping its injection.","meta":{"rootId":"vsl6qrfiit88j03","id":"vsl6qrfiit88j03"},"id":"4kb142w19j4xpty","previousOperationId":"8m38r9a237oemcw"}
{"type":"operationStart","subtype":"engine","name":"handlebars","timestamp":1744746891891,"id":"wnjuf229b7wzg8b","previousEventId":"vl5givgfcu8x73t","operationId":"l0tijtzyjdgkfoq","previousOperationId":"8m38r9a237oemcw"}
{"type":"log","timestamp":1744746891891,"level":"debug","message":"Rendering engine handlebars","meta":{"rootId":"vsl6qrfiit88j03","id":"vsl6qrfiit88j03"},"id":"swbjzf0nymvh1qj","previousOperationId":"l0tijtzyjdgkfoq"}
{"type":"operationEnd","operationId":"l0tijtzyjdgkfoq","timestamp":1744746892959,"id":"f07m1yeypi9sf5g","previousEventId":"wnjuf229b7wzg8b","previousOperationId":"l0tijtzyjdgkfoq"}
{"type":"operationStart","subtype":"recipe","name":"chrome-pdf","timestamp":1744746892960,"id":"p0lcca47dtd39vr","previousEventId":"f07m1yeypi9sf5g","operationId":"2f62ed9v452reir","previousOperationId":"l0tijtzyjdgkfoq"}
{"type":"log","timestamp":1744746892960,"level":"debug","message":"Executing recipe chrome-pdf","meta":{"rootId":"vsl6qrfiit88j03","id":"vsl6qrfiit88j03"},"id":"poaqrwmmzuv40rn","previousOperationId":"2f62ed9v452reir"}
{"type":"log","timestamp":1744746895475,"level":"debug","message":"Converting with chrome Chrome/133.0.6943.126 using chrome-pool strategy","meta":{"rootId":"vsl6qrfiit88j03","id":"vsl6qrfiit88j03"},"id":"natopvsfdksp6xo","previousOperationId":"2f62ed9v452reir"}
{"type":"log","timestamp":1744746895546,"level":"debug","message":"Page request: GET (document) file:///C:/Users/Patheo24/AppData/Local/Temp/jsreport/autocleanup/ecfe0021-1f80-443b-9217-17071824d214-chrome-pdf.html","meta":{"rootId":"vsl6qrfiit88j03","id":"vsl6qrfiit88j03"},"id":"405re12vb23di18","previousOperationId":"2f62ed9v452reir"}
{"type":"log","timestamp":1744746895565,"level":"debug","message":"Page request finished: GET (document) 200 file:///C:/Users/Patheo24/AppData/Local/Temp/jsreport/autocleanup/ecfe0021-1f80-443b-9217-17071824d214-chrome-pdf.html","meta":{"rootId":"vsl6qrfiit88j03","id":"vsl6qrfiit88j03"},"id":"dfrp1k19j1gx073","previousOperationId":"2f62ed9v452reir"}
{"type":"log","timestamp":1744746895566,"level":"debug","message":"Page request: GET (image) https://res.cloudinary.com/dpes1dyqb/image/upload/v1738768933/logo_myycxt.jpg","meta":{"rootId":"vsl6qrfiit88j03","id":"vsl6qrfiit88j03"},"id":"fnse11vbujlk70c","previousOperationId":"2f62ed9v452reir"}
{"type":"log","timestamp":1744746895567,"level":"debug","message":"Page request: GET (font) http://localhost:5488/fonts/kalpurush.ttf","meta":{"rootId":"vsl6qrfiit88j03","id":"vsl6qrfiit88j03"},"id":"vhta6u0dv1mu2p9","previousOperationId":"2f62ed9v452reir"}
{"type":"log","timestamp":1744746895574,"level":"debug","message":"Page request: GET (font) http://localhost:5488/fonts/kalpurush.ttf","meta":{"rootId":"vsl6qrfiit88j03","id":"vsl6qrfiit88j03"},"id":"13jl7q18t5g0fw8","previousOperationId":"2f62ed9v452reir"}
{"type":"log","timestamp":1744746895592,"level":"debug","message":"(console:error) Failed to load resource: the server responded with a status of 404 (Not Found)","meta":{"userLevel":true,"rootId":"vsl6qrfiit88j03","id":"vsl6qrfiit88j03"},"id":"zbop3cnchdhmtk6","previousOperationId":"2f62ed9v452reir"}
{"type":"log","timestamp":1744746895592,"level":"warn","message":"Page request failed: GET (font) http://localhost:5488/fonts/kalpurush.ttf, failure: net::ERR_ABORTED","meta":{"rootId":"vsl6qrfiit88j03","id":"vsl6qrfiit88j03"},"id":"bgxw5g1al1g36qr","previousOperationId":"2f62ed9v452reir"}
{"type":"log","timestamp":1744746895710,"level":"debug","message":"Page request finished: GET (image) 200 https://res.cloudinary.com/dpes1dyqb/image/upload/v1738768933/logo_myycxt.jpg","meta":{"rootId":"vsl6qrfiit88j03","id":"vsl6qrfiit88j03"},"id":"g4q8g2575m7qkwl","previousOperationId":"2f62ed9v452reir"}
{"type":"log","timestamp":1744746895757,"level":"debug","message":"Running chrome with params {\"printBackground\":true,\"format\":\"A5\",\"marginRight\":\"\",\"height\":\"\",\"marginTop\":\"\",\"marginBottom\":\"\",\"marginLeft\":\"\",\"displayHeaderFooter\":true,\"width\":\"\",\"timeout\":58167,\"margin\":{\"top\":\"\",\"right\":\"\",\"bottom\":\"\",\"left\":\"\"}}","meta":{"rootId":"vsl6qrfiit88j03","id":"vsl6qrfiit88j03"},"id":"dq3uedyk7i7h77d","previousOperationId":"2f62ed9v452reir"}
{"type":"operationEnd","operationId":"2f62ed9v452reir","timestamp":1744746896252,"id":"cbr216dhad290wz","previousEventId":"p0lcca47dtd39vr","previousOperationId":"2f62ed9v452reir"}
{"type":"log","timestamp":1744746896254,"level":"debug","message":"Skipping storing report.","meta":{"rootId":"vsl6qrfiit88j03","id":"vsl6qrfiit88j03"},"id":"fcfjd3liq1s25pw","previousOperationId":"2f62ed9v452reir"}
{"type":"log","timestamp":1744746896254,"level":"info","message":"Rendering request 1 finished in 4454 ms","meta":{"rootId":"vsl6qrfiit88j03","id":"vsl6qrfiit88j03"},"id":"3zgicc68c216ezc","previousOperationId":"2f62ed9v452reir"}
{"type":"operationEnd","subtype":"render","operationId":"8m38r9a237oemcw","timestamp":1744746896254,"id":"5clrdygterbypik","previousEventId":"cbr216dhad290wz","previousOperationId":"2f62ed9v452reir"}
{"type":"operationEnd","doDiffs":false,"previousEventId":"bjcs38q5zrx2htw","previousOperationId":"r5ho81myg1kseat","operationId":"r5ho81myg1kseat","timestamp":1744746896259,"id":"2ldgj3h20i0op1n"}
