{"type":"operationStart","subtype":"profile","data":{"_id":"lH1wfcuTWyseqKy4","timestamp":"2025-04-09T10:12:42.478Z","state":"queued","mode":"standard","creationDate":"2025-04-09T10:12:42.480Z","modificationDate":"2025-04-09T10:12:42.480Z","shortid":"VT-4SOb","$entitySet":"profiles"},"doDiffs":false,"timestamp":1744193562479,"id":"s8qxp6wl8kko948","previousOperationId":null,"operationId":"dsbxie3qfl9xrwa"}
{"type":"log","level":"info","message":"Render request 8 queued for execution and waiting for available worker","previousOperationId":"dsbxie3qfl9xrwa","timestamp":1744193562480,"id":"4pog9a9oaulacpc"}
{"type":"operationStart","subtype":"render","name":"myTemplate","previousOperationId":"dsbxie3qfl9xrwa","timestamp":1744193562499,"id":"pntasl4fdfnlu5x","previousEventId":"s8qxp6wl8kko948","operationId":"tg2vesadw7b0p5y"}
{"type":"log","timestamp":1744193562499,"level":"info","message":"Starting rendering request 8","meta":{"rootId":"vztvg9laak78j3z","id":"vztvg9laak78j3z"},"id":"2ua3trcjj1ty7tw","previousOperationId":"tg2vesadw7b0p5y"}
{"type":"log","timestamp":1744193562499,"level":"info","message":"Rendering template { name: myTemplate, recipe: chrome-pdf, engine: handlebars, preview: true }","meta":{"rootId":"vztvg9laak78j3z","id":"vztvg9laak78j3z"},"id":"dx5j29vb2jp7u8i","previousOperationId":"tg2vesadw7b0p5y"}
{"type":"log","timestamp":1744193562501,"level":"debug","message":"Inline data specified.","meta":{"rootId":"vztvg9laak78j3z","id":"vztvg9laak78j3z"},"id":"gjzkvgeedasdjyr","previousOperationId":"tg2vesadw7b0p5y"}
{"type":"log","timestamp":1744193562503,"level":"debug","message":"Base url not specified, skipping its injection.","meta":{"rootId":"vztvg9laak78j3z","id":"vztvg9laak78j3z"},"id":"15abxjg0voi6hav","previousOperationId":"tg2vesadw7b0p5y"}
{"type":"operationStart","subtype":"engine","name":"handlebars","timestamp":1744193562503,"id":"7pwrftjvs6jzhw6","previousEventId":"pntasl4fdfnlu5x","operationId":"w40qss08dt9sscc","previousOperationId":"tg2vesadw7b0p5y"}
{"type":"log","timestamp":1744193562503,"level":"debug","message":"Rendering engine handlebars","meta":{"rootId":"vztvg9laak78j3z","id":"vztvg9laak78j3z"},"id":"ze1uceugzzbfoxd","previousOperationId":"w40qss08dt9sscc"}
{"type":"operationEnd","operationId":"w40qss08dt9sscc","timestamp":1744193562556,"id":"mp71fubhugpzkg0","previousEventId":"7pwrftjvs6jzhw6","previousOperationId":"w40qss08dt9sscc"}
{"type":"operationStart","subtype":"recipe","name":"chrome-pdf","timestamp":1744193562556,"id":"vdxmy2x0zvxa93c","previousEventId":"mp71fubhugpzkg0","operationId":"fjs7qrir6e3spo0","previousOperationId":"w40qss08dt9sscc"}
{"type":"log","timestamp":1744193562556,"level":"debug","message":"Executing recipe chrome-pdf","meta":{"rootId":"vztvg9laak78j3z","id":"vztvg9laak78j3z"},"id":"bu440lmdczew9h4","previousOperationId":"fjs7qrir6e3spo0"}
{"type":"log","timestamp":1744193562559,"level":"debug","message":"Converting with chrome Chrome/133.0.6943.126 using chrome-pool strategy","meta":{"rootId":"vztvg9laak78j3z","id":"vztvg9laak78j3z"},"id":"dla45vzfuwplp7e","previousOperationId":"fjs7qrir6e3spo0"}
{"type":"log","timestamp":1744193562629,"level":"debug","message":"Page request: GET (document) file:///C:/Users/Patheo24/AppData/Local/Temp/jsreport/autocleanup/66cf3267-91e5-42b2-92f4-dcead6fb1425-chrome-pdf.html","meta":{"rootId":"vztvg9laak78j3z","id":"vztvg9laak78j3z"},"id":"z68ujv5empni3jo","previousOperationId":"fjs7qrir6e3spo0"}
{"type":"log","timestamp":1744193562659,"level":"debug","message":"Page request finished: GET (document) 200 file:///C:/Users/Patheo24/AppData/Local/Temp/jsreport/autocleanup/66cf3267-91e5-42b2-92f4-dcead6fb1425-chrome-pdf.html","meta":{"rootId":"vztvg9laak78j3z","id":"vztvg9laak78j3z"},"id":"17hhrj42szhjhi1","previousOperationId":"fjs7qrir6e3spo0"}
{"type":"log","timestamp":1744193562659,"level":"debug","message":"(console:info) Slow network is detected. See https://www.chromestatus.com/feature/5636954674692096 for more details. Fallback font will be used while loading: http://localhost:5488/fonts/kalpurush.ttf","meta":{"userLevel":true,"rootId":"vztvg9laak78j3z","id":"vztvg9laak78j3z"},"id":"lz6hejuqlxoq0kh","previousOperationId":"fjs7qrir6e3spo0"}
{"type":"log","timestamp":1744193562663,"level":"debug","message":"Page request: GET (font) http://localhost:5488/fonts/kalpurush.ttf","meta":{"rootId":"vztvg9laak78j3z","id":"vztvg9laak78j3z"},"id":"6ov66kfayje0zug","previousOperationId":"fjs7qrir6e3spo0"}
{"type":"log","timestamp":1744193562664,"level":"debug","message":"Page request: GET (image) https://res.cloudinary.com/dpes1dyqb/image/upload/v1738768933/logo_myycxt.jpg","meta":{"rootId":"vztvg9laak78j3z","id":"vztvg9laak78j3z"},"id":"a222wjzp2fzl48m","previousOperationId":"fjs7qrir6e3spo0"}
{"type":"log","timestamp":1744193562700,"level":"debug","message":"Page request: GET (font) http://localhost:5488/fonts/kalpurush.ttf","meta":{"rootId":"vztvg9laak78j3z","id":"vztvg9laak78j3z"},"id":"gijc9g9a8cwn4iq","previousOperationId":"fjs7qrir6e3spo0"}
{"type":"log","timestamp":1744193562701,"level":"debug","message":"Page request finished: GET (image) 200 https://res.cloudinary.com/dpes1dyqb/image/upload/v1738768933/logo_myycxt.jpg","meta":{"rootId":"vztvg9laak78j3z","id":"vztvg9laak78j3z"},"id":"4mwhmsz8x7gd6d6","previousOperationId":"fjs7qrir6e3spo0"}
{"type":"log","timestamp":1744193562707,"level":"debug","message":"(console:error) Failed to load resource: the server responded with a status of 404 (Not Found)","meta":{"userLevel":true,"rootId":"vztvg9laak78j3z","id":"vztvg9laak78j3z"},"id":"w1k9omwyjaqgen8","previousOperationId":"fjs7qrir6e3spo0"}
{"type":"log","timestamp":1744193562707,"level":"warn","message":"Page request failed: GET (font) http://localhost:5488/fonts/kalpurush.ttf, failure: net::ERR_ABORTED","meta":{"rootId":"vztvg9laak78j3z","id":"vztvg9laak78j3z"},"id":"ynwfpdv8ortg1xw","previousOperationId":"fjs7qrir6e3spo0"}
{"type":"log","timestamp":1744193562715,"level":"debug","message":"Running chrome with params {\"printBackground\":true,\"timeout\":59920,\"margin\":{}}","meta":{"rootId":"vztvg9laak78j3z","id":"vztvg9laak78j3z"},"id":"gguu10isp9j16xy","previousOperationId":"fjs7qrir6e3spo0"}
{"type":"operationEnd","operationId":"fjs7qrir6e3spo0","timestamp":1744193563018,"id":"nvvmdfvd2vniew2","previousEventId":"vdxmy2x0zvxa93c","previousOperationId":"fjs7qrir6e3spo0"}
{"type":"log","timestamp":1744193563018,"level":"debug","message":"Skipping storing report.","meta":{"rootId":"vztvg9laak78j3z","id":"vztvg9laak78j3z"},"id":"5t3cgk1kdfzzq70","previousOperationId":"fjs7qrir6e3spo0"}
{"type":"log","timestamp":1744193563018,"level":"info","message":"Rendering request 8 finished in 540 ms","meta":{"rootId":"vztvg9laak78j3z","id":"vztvg9laak78j3z"},"id":"ytjn6odhp26b0pt","previousOperationId":"fjs7qrir6e3spo0"}
{"type":"operationEnd","subtype":"render","operationId":"tg2vesadw7b0p5y","timestamp":1744193563018,"id":"ll9j85kruddsr1t","previousEventId":"nvvmdfvd2vniew2","previousOperationId":"fjs7qrir6e3spo0"}
{"type":"operationEnd","doDiffs":false,"previousEventId":"s8qxp6wl8kko948","previousOperationId":"dsbxie3qfl9xrwa","operationId":"dsbxie3qfl9xrwa","timestamp":1744193563024,"id":"0ui1892axiwo98e"}
