{"type":"operationStart","subtype":"profile","data":{"_id":"IURbstITmhE6vuo4","timestamp":"2025-04-09T14:17:56.736Z","state":"queued","mode":"standard","creationDate":"2025-04-09T14:17:56.738Z","modificationDate":"2025-04-09T14:17:56.738Z","shortid":"SKvr9i8","$entitySet":"profiles"},"doDiffs":false,"timestamp":1744208276737,"id":"kgr7qsrtcwbvatq","previousOperationId":null,"operationId":"zfd30e4r2w4rnl8"}
{"type":"log","level":"info","message":"Render request 89 queued for execution and waiting for available worker","previousOperationId":"zfd30e4r2w4rnl8","timestamp":1744208276737,"id":"d54bnkk6gqgmtg8"}
{"type":"operationStart","subtype":"render","name":"myTemplate","previousOperationId":"zfd30e4r2w4rnl8","timestamp":1744208276749,"id":"c3qsl82u0lg9m83","previousEventId":"kgr7qsrtcwbvatq","operationId":"xxk56os76g8grk0"}
{"type":"log","timestamp":1744208276749,"level":"info","message":"Starting rendering request 89","meta":{"rootId":"w5rs9pey6g4ux4l","id":"w5rs9pey6g4ux4l"},"id":"pdm3mtq3fjjudao","previousOperationId":"xxk56os76g8grk0"}
{"type":"log","timestamp":1744208276749,"level":"info","message":"Rendering template { name: myTemplate, recipe: chrome-pdf, engine: handlebars, preview: true }","meta":{"rootId":"w5rs9pey6g4ux4l","id":"w5rs9pey6g4ux4l"},"id":"lcyb5njjw752tcl","previousOperationId":"xxk56os76g8grk0"}
{"type":"log","timestamp":1744208276750,"level":"debug","message":"Adding sample data HUavgV0Kc","meta":{"rootId":"w5rs9pey6g4ux4l","id":"w5rs9pey6g4ux4l"},"id":"7zqyek5atavwg8s","previousOperationId":"xxk56os76g8grk0"}
{"type":"log","timestamp":1744208276751,"level":"debug","message":"Base url not specified, skipping its injection.","meta":{"rootId":"w5rs9pey6g4ux4l","id":"w5rs9pey6g4ux4l"},"id":"ucnr2p1q3s3hs9k","previousOperationId":"xxk56os76g8grk0"}
{"type":"operationStart","subtype":"engine","name":"handlebars","timestamp":1744208276752,"id":"cn7218l4usdyw79","previousEventId":"c3qsl82u0lg9m83","operationId":"gxdh2yanfbwrm29","previousOperationId":"xxk56os76g8grk0"}
{"type":"log","timestamp":1744208276752,"level":"debug","message":"Rendering engine handlebars","meta":{"rootId":"w5rs9pey6g4ux4l","id":"w5rs9pey6g4ux4l"},"id":"fhf60carg0dk78x","previousOperationId":"gxdh2yanfbwrm29"}
{"type":"operationEnd","operationId":"gxdh2yanfbwrm29","timestamp":1744208276777,"id":"c4agft6jhuwqa12","previousEventId":"cn7218l4usdyw79","previousOperationId":"gxdh2yanfbwrm29"}
{"type":"operationStart","subtype":"recipe","name":"chrome-pdf","timestamp":1744208276778,"id":"2zgnvb5c52w3ra8","previousEventId":"c4agft6jhuwqa12","operationId":"0cbjat9q968jdmk","previousOperationId":"gxdh2yanfbwrm29"}
{"type":"log","timestamp":1744208276778,"level":"debug","message":"Executing recipe chrome-pdf","meta":{"rootId":"w5rs9pey6g4ux4l","id":"w5rs9pey6g4ux4l"},"id":"a988tp3ivvqjr9r","previousOperationId":"0cbjat9q968jdmk"}
{"type":"log","timestamp":1744208276781,"level":"debug","message":"Converting with chrome Chrome/133.0.6943.126 using chrome-pool strategy","meta":{"rootId":"w5rs9pey6g4ux4l","id":"w5rs9pey6g4ux4l"},"id":"iacowiu90sgf1hr","previousOperationId":"0cbjat9q968jdmk"}
{"type":"log","timestamp":1744208276863,"level":"debug","message":"Page request: GET (document) file:///C:/Users/Patheo24/AppData/Local/Temp/jsreport/autocleanup/a8296cec-2443-43fa-931d-6f918b902110-chrome-pdf.html","meta":{"rootId":"w5rs9pey6g4ux4l","id":"w5rs9pey6g4ux4l"},"id":"juj18l6kx8zewuc","previousOperationId":"0cbjat9q968jdmk"}
{"type":"log","timestamp":1744208276893,"level":"debug","message":"Page request finished: GET (document) 200 file:///C:/Users/Patheo24/AppData/Local/Temp/jsreport/autocleanup/a8296cec-2443-43fa-931d-6f918b902110-chrome-pdf.html","meta":{"rootId":"w5rs9pey6g4ux4l","id":"w5rs9pey6g4ux4l"},"id":"4swtofk8sgao7ng","previousOperationId":"0cbjat9q968jdmk"}
{"type":"log","timestamp":1744208276916,"level":"debug","message":"Page request: GET (image) https://res.cloudinary.com/dpes1dyqb/image/upload/v1738768933/logo_myycxt.jpg","meta":{"rootId":"w5rs9pey6g4ux4l","id":"w5rs9pey6g4ux4l"},"id":"imtew21i40mop5x","previousOperationId":"0cbjat9q968jdmk"}
{"type":"log","timestamp":1744208276917,"level":"debug","message":"Page request: GET (font) http://localhost:5488/fonts/kalpurush.ttf","meta":{"rootId":"w5rs9pey6g4ux4l","id":"w5rs9pey6g4ux4l"},"id":"93xv7m3kjar11nl","previousOperationId":"0cbjat9q968jdmk"}
{"type":"log","timestamp":1744208276977,"level":"debug","message":"Page request finished: GET (image) 200 https://res.cloudinary.com/dpes1dyqb/image/upload/v1738768933/logo_myycxt.jpg","meta":{"rootId":"w5rs9pey6g4ux4l","id":"w5rs9pey6g4ux4l"},"id":"lx0ryb30u55j1q3","previousOperationId":"0cbjat9q968jdmk"}
{"type":"log","timestamp":1744208276982,"level":"debug","message":"Page request: GET (font) http://localhost:5488/fonts/kalpurush.ttf","meta":{"rootId":"w5rs9pey6g4ux4l","id":"w5rs9pey6g4ux4l"},"id":"i0fijc21nr58ygm","previousOperationId":"0cbjat9q968jdmk"}
{"type":"log","timestamp":1744208276998,"level":"debug","message":"(console:error) Failed to load resource: the server responded with a status of 404 (Not Found)","meta":{"userLevel":true,"rootId":"w5rs9pey6g4ux4l","id":"w5rs9pey6g4ux4l"},"id":"lxzphzsoh882mcc","previousOperationId":"0cbjat9q968jdmk"}
{"type":"log","timestamp":1744208276998,"level":"warn","message":"Page request failed: GET (font) http://localhost:5488/fonts/kalpurush.ttf, failure: net::ERR_ABORTED","meta":{"rootId":"w5rs9pey6g4ux4l","id":"w5rs9pey6g4ux4l"},"id":"gqwtsa6v59uruqk","previousOperationId":"0cbjat9q968jdmk"}
{"type":"log","timestamp":1744208277008,"level":"debug","message":"Running chrome with params {\"printBackground\":true,\"format\":\"A5\",\"marginRight\":\"\",\"height\":\"\",\"marginTop\":\"\",\"marginBottom\":\"\",\"marginLeft\":\"\",\"displayHeaderFooter\":true,\"width\":\"\",\"timeout\":59957,\"margin\":{\"top\":\"\",\"right\":\"\",\"bottom\":\"\",\"left\":\"\"}}","meta":{"rootId":"w5rs9pey6g4ux4l","id":"w5rs9pey6g4ux4l"},"id":"x6zmysfzenxzh7e","previousOperationId":"0cbjat9q968jdmk"}
{"type":"operationEnd","operationId":"0cbjat9q968jdmk","timestamp":1744208277333,"id":"qrr8yyz920gde1q","previousEventId":"2zgnvb5c52w3ra8","previousOperationId":"0cbjat9q968jdmk"}
{"type":"log","timestamp":1744208277333,"level":"debug","message":"Skipping storing report.","meta":{"rootId":"w5rs9pey6g4ux4l","id":"w5rs9pey6g4ux4l"},"id":"azkugkysbs6kvy3","previousOperationId":"0cbjat9q968jdmk"}
{"type":"log","timestamp":1744208277333,"level":"info","message":"Rendering request 89 finished in 597 ms","meta":{"rootId":"w5rs9pey6g4ux4l","id":"w5rs9pey6g4ux4l"},"id":"ilo8ef67gcfim4a","previousOperationId":"0cbjat9q968jdmk"}
{"type":"operationEnd","subtype":"render","operationId":"xxk56os76g8grk0","timestamp":1744208277334,"id":"dk9qxe8vv7ufh58","previousEventId":"qrr8yyz920gde1q","previousOperationId":"0cbjat9q968jdmk"}
{"type":"operationEnd","doDiffs":false,"previousEventId":"kgr7qsrtcwbvatq","previousOperationId":"zfd30e4r2w4rnl8","operationId":"zfd30e4r2w4rnl8","timestamp":1744208277341,"id":"bg8brscahpi8q5l"}
