{"type":"operationStart","subtype":"profile","data":{"_id":"CNSGTUAsfnDX8ZEw","timestamp":"2025-04-09T14:35:18.259Z","state":"queued","mode":"standard","creationDate":"2025-04-09T14:35:18.260Z","modificationDate":"2025-04-09T14:35:18.260Z","shortid":"mtK4Y-Q","$entitySet":"profiles"},"doDiffs":false,"timestamp":1744209318260,"id":"utnausme2o9qmgn","previousOperationId":null,"operationId":"5hsr5tesl04lnme"}
{"type":"log","level":"info","message":"Render request 114 queued for execution and waiting for available worker","previousOperationId":"5hsr5tesl04lnme","timestamp":1744209318260,"id":"p24ozpm56e2d4or"}
{"type":"operationStart","subtype":"render","name":"myTemplate","previousOperationId":"5hsr5tesl04lnme","timestamp":1744209318271,"id":"3ni0o5rwhhsniis","previousEventId":"utnausme2o9qmgn","operationId":"76f26fnx0fjxtsi"}
{"type":"log","timestamp":1744209318271,"level":"info","message":"Starting rendering request 114","meta":{"rootId":"wa8eqqigwgtxbf4","id":"wa8eqqigwgtxbf4"},"id":"nq82ez2imubdike","previousOperationId":"76f26fnx0fjxtsi"}
{"type":"log","timestamp":1744209318271,"level":"info","message":"Rendering template { name: myTemplate, recipe: chrome-pdf, engine: handlebars, preview: true }","meta":{"rootId":"wa8eqqigwgtxbf4","id":"wa8eqqigwgtxbf4"},"id":"xi7x8m9imaty6yw","previousOperationId":"76f26fnx0fjxtsi"}
{"type":"log","timestamp":1744209318271,"level":"debug","message":"Inline data specified.","meta":{"rootId":"wa8eqqigwgtxbf4","id":"wa8eqqigwgtxbf4"},"id":"c1o64c5sgjrrh35","previousOperationId":"76f26fnx0fjxtsi"}
{"type":"log","timestamp":1744209318273,"level":"debug","message":"Base url not specified, skipping its injection.","meta":{"rootId":"wa8eqqigwgtxbf4","id":"wa8eqqigwgtxbf4"},"id":"9it9l2pvkjer3dt","previousOperationId":"76f26fnx0fjxtsi"}
{"type":"operationStart","subtype":"engine","name":"handlebars","timestamp":1744209318273,"id":"gutvfupy470dedl","previousEventId":"3ni0o5rwhhsniis","operationId":"5klqy3s3phb98op","previousOperationId":"76f26fnx0fjxtsi"}
{"type":"log","timestamp":1744209318273,"level":"debug","message":"Rendering engine handlebars","meta":{"rootId":"wa8eqqigwgtxbf4","id":"wa8eqqigwgtxbf4"},"id":"2io6jvza00xkery","previousOperationId":"5klqy3s3phb98op"}
{"type":"operationEnd","operationId":"5klqy3s3phb98op","timestamp":1744209318293,"id":"xa9nl1sk4wpznzz","previousEventId":"gutvfupy470dedl","previousOperationId":"5klqy3s3phb98op"}
{"type":"operationStart","subtype":"recipe","name":"chrome-pdf","timestamp":1744209318294,"id":"hiwk8lnija4yots","previousEventId":"xa9nl1sk4wpznzz","operationId":"m1cai3ch6fz5hz6","previousOperationId":"5klqy3s3phb98op"}
{"type":"log","timestamp":1744209318294,"level":"debug","message":"Executing recipe chrome-pdf","meta":{"rootId":"wa8eqqigwgtxbf4","id":"wa8eqqigwgtxbf4"},"id":"s3eazhmgqgkb3yc","previousOperationId":"m1cai3ch6fz5hz6"}
{"type":"log","timestamp":1744209318333,"level":"debug","message":"Converting with chrome Chrome/133.0.6943.126 using chrome-pool strategy","meta":{"rootId":"wa8eqqigwgtxbf4","id":"wa8eqqigwgtxbf4"},"id":"n4ww7t2rcvfjhff","previousOperationId":"m1cai3ch6fz5hz6"}
{"type":"log","timestamp":1744209318413,"level":"debug","message":"Page request: GET (document) file:///C:/Users/Patheo24/AppData/Local/Temp/jsreport/autocleanup/96e01077-4dbb-46a2-8c1c-7a687a0fd5f1-chrome-pdf.html","meta":{"rootId":"wa8eqqigwgtxbf4","id":"wa8eqqigwgtxbf4"},"id":"hrt75p0fk04po5i","previousOperationId":"m1cai3ch6fz5hz6"}
{"type":"log","timestamp":1744209318443,"level":"debug","message":"Page request finished: GET (document) 200 file:///C:/Users/Patheo24/AppData/Local/Temp/jsreport/autocleanup/96e01077-4dbb-46a2-8c1c-7a687a0fd5f1-chrome-pdf.html","meta":{"rootId":"wa8eqqigwgtxbf4","id":"wa8eqqigwgtxbf4"},"id":"oe6io8q2h49iu0j","previousOperationId":"m1cai3ch6fz5hz6"}
{"type":"log","timestamp":1744209318443,"level":"debug","message":"(console:info) Slow network is detected. See https://www.chromestatus.com/feature/5636954674692096 for more details. Fallback font will be used while loading: http://localhost:5488/fonts/kalpurush.ttf","meta":{"userLevel":true,"rootId":"wa8eqqigwgtxbf4","id":"wa8eqqigwgtxbf4"},"id":"k0vsvmj4tpwijl7","previousOperationId":"m1cai3ch6fz5hz6"}
{"type":"log","timestamp":1744209318445,"level":"debug","message":"Page request: GET (font) http://localhost:5488/fonts/kalpurush.ttf","meta":{"rootId":"wa8eqqigwgtxbf4","id":"wa8eqqigwgtxbf4"},"id":"lm2xxkltnihyyrv","previousOperationId":"m1cai3ch6fz5hz6"}
{"type":"log","timestamp":1744209318446,"level":"debug","message":"Page request: GET (image) https://res.cloudinary.com/dpes1dyqb/image/upload/v1738768933/logo_myycxt.jpg","meta":{"rootId":"wa8eqqigwgtxbf4","id":"wa8eqqigwgtxbf4"},"id":"7l2r30gbngo11oc","previousOperationId":"m1cai3ch6fz5hz6"}
{"type":"log","timestamp":1744209318513,"level":"debug","message":"Page request finished: GET (image) 200 https://res.cloudinary.com/dpes1dyqb/image/upload/v1738768933/logo_myycxt.jpg","meta":{"rootId":"wa8eqqigwgtxbf4","id":"wa8eqqigwgtxbf4"},"id":"v07h5m10olgdbx1","previousOperationId":"m1cai3ch6fz5hz6"}
{"type":"log","timestamp":1744209318514,"level":"debug","message":"Page request: GET (font) http://localhost:5488/fonts/kalpurush.ttf","meta":{"rootId":"wa8eqqigwgtxbf4","id":"wa8eqqigwgtxbf4"},"id":"7cvzwpt9r1b6otx","previousOperationId":"m1cai3ch6fz5hz6"}
{"type":"log","timestamp":1744209318522,"level":"debug","message":"(console:error) Failed to load resource: the server responded with a status of 404 (Not Found)","meta":{"userLevel":true,"rootId":"wa8eqqigwgtxbf4","id":"wa8eqqigwgtxbf4"},"id":"tx1c2795dmom7aq","previousOperationId":"m1cai3ch6fz5hz6"}
{"type":"log","timestamp":1744209318523,"level":"warn","message":"Page request failed: GET (font) http://localhost:5488/fonts/kalpurush.ttf, failure: net::ERR_ABORTED","meta":{"rootId":"wa8eqqigwgtxbf4","id":"wa8eqqigwgtxbf4"},"id":"05jap41x845gnec","previousOperationId":"m1cai3ch6fz5hz6"}
{"type":"log","timestamp":1744209318533,"level":"debug","message":"Running chrome with params {\"printBackground\":true,\"format\":\"A5\",\"marginRight\":\"\",\"height\":\"\",\"marginTop\":\"\",\"marginBottom\":\"\",\"marginLeft\":\"\",\"displayHeaderFooter\":true,\"width\":\"\",\"timeout\":59927,\"margin\":{\"top\":\"\",\"right\":\"\",\"bottom\":\"\",\"left\":\"\"}}","meta":{"rootId":"wa8eqqigwgtxbf4","id":"wa8eqqigwgtxbf4"},"id":"0yahcvb5e8qpixg","previousOperationId":"m1cai3ch6fz5hz6"}
{"type":"operationEnd","operationId":"m1cai3ch6fz5hz6","timestamp":1744209318872,"id":"bh0qwua9ay9mzuv","previousEventId":"hiwk8lnija4yots","previousOperationId":"m1cai3ch6fz5hz6"}
{"type":"log","timestamp":1744209318872,"level":"debug","message":"Skipping storing report.","meta":{"rootId":"wa8eqqigwgtxbf4","id":"wa8eqqigwgtxbf4"},"id":"kldtte0n7fhtax8","previousOperationId":"m1cai3ch6fz5hz6"}
{"type":"log","timestamp":1744209318872,"level":"info","message":"Rendering request 114 finished in 613 ms","meta":{"rootId":"wa8eqqigwgtxbf4","id":"wa8eqqigwgtxbf4"},"id":"vg0uyug56ku64mv","previousOperationId":"m1cai3ch6fz5hz6"}
{"type":"operationEnd","subtype":"render","operationId":"76f26fnx0fjxtsi","timestamp":1744209318872,"id":"z4fmy8o32jcplu1","previousEventId":"bh0qwua9ay9mzuv","previousOperationId":"m1cai3ch6fz5hz6"}
{"type":"operationEnd","doDiffs":false,"previousEventId":"utnausme2o9qmgn","previousOperationId":"5hsr5tesl04lnme","operationId":"5hsr5tesl04lnme","timestamp":1744209318875,"id":"4n51xwnq7subz36"}
