{"type":"operationStart","subtype":"profile","data":{"_id":"gEC7QQHlyLmrZ2n2","timestamp":"2025-04-09T14:23:41.264Z","state":"queued","mode":"standard","creationDate":"2025-04-09T14:23:41.266Z","modificationDate":"2025-04-09T14:23:41.266Z","shortid":"P4sBteK","$entitySet":"profiles"},"doDiffs":false,"timestamp":1744208621265,"id":"pyukolp24zq0ayy","previousOperationId":null,"operationId":"ce4r8sranr1u52d"}
{"type":"log","level":"info","message":"Render request 94 queued for execution and waiting for available worker","previousOperationId":"ce4r8sranr1u52d","timestamp":1744208621265,"id":"5slswno2p5nw5rt"}
{"type":"operationStart","subtype":"render","name":"myTemplate","previousOperationId":"ce4r8sranr1u52d","timestamp":1744208621282,"id":"s8n1m5muf9ezzd8","previousEventId":"pyukolp24zq0ayy","operationId":"fxv1auuw73g92t2"}
{"type":"log","timestamp":1744208621282,"level":"info","message":"Starting rendering request 94","meta":{"rootId":"whpy3ng5p7rh80s","id":"whpy3ng5p7rh80s"},"id":"u91qqcupnm2hhoi","previousOperationId":"fxv1auuw73g92t2"}
{"type":"log","timestamp":1744208621282,"level":"info","message":"Rendering template { name: myTemplate, recipe: chrome-pdf, engine: handlebars, preview: false }","meta":{"rootId":"whpy3ng5p7rh80s","id":"whpy3ng5p7rh80s"},"id":"ht5jf2id7a3d0q4","previousOperationId":"fxv1auuw73g92t2"}
{"type":"log","timestamp":1744208621283,"level":"debug","message":"Inline data specified.","meta":{"rootId":"whpy3ng5p7rh80s","id":"whpy3ng5p7rh80s"},"id":"6jhb5jyogbc2ano","previousOperationId":"fxv1auuw73g92t2"}
{"type":"log","timestamp":1744208621285,"level":"debug","message":"Base url not specified, skipping its injection.","meta":{"rootId":"whpy3ng5p7rh80s","id":"whpy3ng5p7rh80s"},"id":"4uczlryqxw7i2hy","previousOperationId":"fxv1auuw73g92t2"}
{"type":"operationStart","subtype":"engine","name":"handlebars","timestamp":1744208621286,"id":"absegjh35s9cttj","previousEventId":"s8n1m5muf9ezzd8","operationId":"w6i2andy8znp4g5","previousOperationId":"fxv1auuw73g92t2"}
{"type":"log","timestamp":1744208621286,"level":"debug","message":"Rendering engine handlebars","meta":{"rootId":"whpy3ng5p7rh80s","id":"whpy3ng5p7rh80s"},"id":"i66q9m8lwgblruy","previousOperationId":"w6i2andy8znp4g5"}
{"type":"operationEnd","operationId":"w6i2andy8znp4g5","timestamp":1744208621319,"id":"bcfxpjvivbl7bch","previousEventId":"absegjh35s9cttj","previousOperationId":"w6i2andy8znp4g5"}
{"type":"operationStart","subtype":"recipe","name":"chrome-pdf","timestamp":1744208621319,"id":"im84r1v6r88f13p","previousEventId":"bcfxpjvivbl7bch","operationId":"i4jvhijg4356xcq","previousOperationId":"w6i2andy8znp4g5"}
{"type":"log","timestamp":1744208621319,"level":"debug","message":"Executing recipe chrome-pdf","meta":{"rootId":"whpy3ng5p7rh80s","id":"whpy3ng5p7rh80s"},"id":"g809l01oxhwonbm","previousOperationId":"i4jvhijg4356xcq"}
{"type":"log","timestamp":1744208621322,"level":"debug","message":"Converting with chrome Chrome/133.0.6943.126 using chrome-pool strategy","meta":{"rootId":"whpy3ng5p7rh80s","id":"whpy3ng5p7rh80s"},"id":"5z0wm2tgmoentxt","previousOperationId":"i4jvhijg4356xcq"}
{"type":"log","timestamp":1744208621417,"level":"debug","message":"Page request: GET (document) file:///C:/Users/Patheo24/AppData/Local/Temp/jsreport/autocleanup/6beb695b-ab66-4a37-b636-2649a423366b-chrome-pdf.html","meta":{"rootId":"whpy3ng5p7rh80s","id":"whpy3ng5p7rh80s"},"id":"eyjuji18ww7mcih","previousOperationId":"i4jvhijg4356xcq"}
{"type":"log","timestamp":1744208621450,"level":"debug","message":"Page request finished: GET (document) 200 file:///C:/Users/Patheo24/AppData/Local/Temp/jsreport/autocleanup/6beb695b-ab66-4a37-b636-2649a423366b-chrome-pdf.html","meta":{"rootId":"whpy3ng5p7rh80s","id":"whpy3ng5p7rh80s"},"id":"h7rpq5nmbzhr2lf","previousOperationId":"i4jvhijg4356xcq"}
{"type":"log","timestamp":1744208621452,"level":"debug","message":"Page request: GET (image) https://res.cloudinary.com/dpes1dyqb/image/upload/v1738768933/logo_myycxt.jpg","meta":{"rootId":"whpy3ng5p7rh80s","id":"whpy3ng5p7rh80s"},"id":"dvqdgc5z1mlto9z","previousOperationId":"i4jvhijg4356xcq"}
{"type":"log","timestamp":1744208621452,"level":"debug","message":"Page request: GET (font) http://localhost:5488/fonts/kalpurush.ttf","meta":{"rootId":"whpy3ng5p7rh80s","id":"whpy3ng5p7rh80s"},"id":"3s0hjzyseui2xhm","previousOperationId":"i4jvhijg4356xcq"}
{"type":"log","timestamp":1744208621533,"level":"debug","message":"Page request: GET (font) http://localhost:5488/fonts/kalpurush.ttf","meta":{"rootId":"whpy3ng5p7rh80s","id":"whpy3ng5p7rh80s"},"id":"dt7o5nr4fx3u8lb","previousOperationId":"i4jvhijg4356xcq"}
{"type":"log","timestamp":1744208621533,"level":"debug","message":"Page request finished: GET (image) 200 https://res.cloudinary.com/dpes1dyqb/image/upload/v1738768933/logo_myycxt.jpg","meta":{"rootId":"whpy3ng5p7rh80s","id":"whpy3ng5p7rh80s"},"id":"nrb0q88kwgrrj9p","previousOperationId":"i4jvhijg4356xcq"}
{"type":"log","timestamp":1744208621541,"level":"debug","message":"(console:error) Failed to load resource: the server responded with a status of 404 (Not Found)","meta":{"userLevel":true,"rootId":"whpy3ng5p7rh80s","id":"whpy3ng5p7rh80s"},"id":"o1b2sb7h7w5qq73","previousOperationId":"i4jvhijg4356xcq"}
{"type":"log","timestamp":1744208621541,"level":"warn","message":"Page request failed: GET (font) http://localhost:5488/fonts/kalpurush.ttf, failure: net::ERR_ABORTED","meta":{"rootId":"whpy3ng5p7rh80s","id":"whpy3ng5p7rh80s"},"id":"ud5pq7uhfub8887","previousOperationId":"i4jvhijg4356xcq"}
{"type":"log","timestamp":1744208621551,"level":"debug","message":"Running chrome with params {\"printBackground\":true,\"format\":\"A5\",\"marginRight\":\"\",\"height\":\"\",\"marginTop\":\"\",\"marginBottom\":\"\",\"marginLeft\":\"\",\"displayHeaderFooter\":true,\"width\":\"\",\"timeout\":59943,\"margin\":{\"top\":\"\",\"right\":\"\",\"bottom\":\"\",\"left\":\"\"}}","meta":{"rootId":"whpy3ng5p7rh80s","id":"whpy3ng5p7rh80s"},"id":"bnabu4m641ogijz","previousOperationId":"i4jvhijg4356xcq"}
{"type":"operationEnd","operationId":"i4jvhijg4356xcq","timestamp":1744208622051,"id":"mvgzcnp8185fwl5","previousEventId":"im84r1v6r88f13p","previousOperationId":"i4jvhijg4356xcq"}
{"type":"log","timestamp":1744208622051,"level":"debug","message":"Skipping storing report.","meta":{"rootId":"whpy3ng5p7rh80s","id":"whpy3ng5p7rh80s"},"id":"osz413rmg41jfw3","previousOperationId":"i4jvhijg4356xcq"}
{"type":"log","timestamp":1744208622051,"level":"info","message":"Rendering request 94 finished in 787 ms","meta":{"rootId":"whpy3ng5p7rh80s","id":"whpy3ng5p7rh80s"},"id":"hb4pf57d9slbyvz","previousOperationId":"i4jvhijg4356xcq"}
{"type":"operationEnd","subtype":"render","operationId":"fxv1auuw73g92t2","timestamp":1744208622051,"id":"q011q073k9010td","previousEventId":"mvgzcnp8185fwl5","previousOperationId":"i4jvhijg4356xcq"}
{"type":"operationEnd","doDiffs":false,"previousEventId":"pyukolp24zq0ayy","previousOperationId":"ce4r8sranr1u52d","operationId":"ce4r8sranr1u52d","timestamp":1744208622053,"id":"qchwoh5qyzen8k9"}
