{"type":"operationStart","subtype":"profile","data":{"_id":"QS9669nVbTbgHuEt","timestamp":"2025-04-09T13:50:48.471Z","state":"queued","mode":"standard","creationDate":"2025-04-09T13:50:48.473Z","modificationDate":"2025-04-09T13:50:48.473Z","shortid":"WsqaEBj","$entitySet":"profiles"},"doDiffs":false,"timestamp":1744206648473,"id":"9y6ex1ii95i7a1a","previousOperationId":null,"operationId":"0wdblsnluz35yr2"}
{"type":"log","level":"info","message":"Render request 33 queued for execution and waiting for available worker","previousOperationId":"0wdblsnluz35yr2","timestamp":1744206648473,"id":"8ev1pipj06dr8gq"}
{"type":"operationStart","subtype":"render","name":"myTemplate","previousOperationId":"0wdblsnluz35yr2","timestamp":1744206648489,"id":"a2nqp0fjp6532hi","previousEventId":"9y6ex1ii95i7a1a","operationId":"e8whk743i9rvnj9"}
{"type":"log","timestamp":1744206648489,"level":"info","message":"Starting rendering request 33","meta":{"rootId":"wixltqj9uhszy5v","id":"wixltqj9uhszy5v"},"id":"2fta9r3z5jcpicm","previousOperationId":"e8whk743i9rvnj9"}
{"type":"log","timestamp":1744206648490,"level":"info","message":"Rendering template { name: myTemplate, recipe: chrome-pdf, engine: handlebars, preview: true }","meta":{"rootId":"wixltqj9uhszy5v","id":"wixltqj9uhszy5v"},"id":"ac193903bz0ysvv","previousOperationId":"e8whk743i9rvnj9"}
{"type":"log","timestamp":1744206648490,"level":"debug","message":"Adding sample data HUavgV0Kc","meta":{"rootId":"wixltqj9uhszy5v","id":"wixltqj9uhszy5v"},"id":"7zhtqncqmgq5xca","previousOperationId":"e8whk743i9rvnj9"}
{"type":"log","timestamp":1744206648492,"level":"debug","message":"Base url not specified, skipping its injection.","meta":{"rootId":"wixltqj9uhszy5v","id":"wixltqj9uhszy5v"},"id":"alpqvc0ald1g9e7","previousOperationId":"e8whk743i9rvnj9"}
{"type":"operationStart","subtype":"engine","name":"handlebars","timestamp":1744206648492,"id":"9n8h5t2ydba231m","previousEventId":"a2nqp0fjp6532hi","operationId":"ul2vmywhw98nsqf","previousOperationId":"e8whk743i9rvnj9"}
{"type":"log","timestamp":1744206648492,"level":"debug","message":"Rendering engine handlebars","meta":{"rootId":"wixltqj9uhszy5v","id":"wixltqj9uhszy5v"},"id":"u66m8p0ozk9s5it","previousOperationId":"ul2vmywhw98nsqf"}
{"type":"operationEnd","operationId":"ul2vmywhw98nsqf","timestamp":1744206648517,"id":"7kqd1rddrifwoqi","previousEventId":"9n8h5t2ydba231m","previousOperationId":"ul2vmywhw98nsqf"}
{"type":"operationStart","subtype":"recipe","name":"chrome-pdf","timestamp":1744206648517,"id":"9xw0w1r0yqaoju9","previousEventId":"7kqd1rddrifwoqi","operationId":"c4ft38fiqaaa2on","previousOperationId":"ul2vmywhw98nsqf"}
{"type":"log","timestamp":1744206648518,"level":"debug","message":"Executing recipe chrome-pdf","meta":{"rootId":"wixltqj9uhszy5v","id":"wixltqj9uhszy5v"},"id":"ao8brqsnfcr7qmw","previousOperationId":"c4ft38fiqaaa2on"}
{"type":"log","timestamp":1744206648520,"level":"debug","message":"Converting with chrome Chrome/133.0.6943.126 using chrome-pool strategy","meta":{"rootId":"wixltqj9uhszy5v","id":"wixltqj9uhszy5v"},"id":"3qtqou5rrwp6anj","previousOperationId":"c4ft38fiqaaa2on"}
{"type":"log","timestamp":1744206648606,"level":"debug","message":"Page request: GET (document) file:///C:/Users/Patheo24/AppData/Local/Temp/jsreport/autocleanup/313ccbfd-44e2-42f9-9634-1a67c22ac2df-chrome-pdf.html","meta":{"rootId":"wixltqj9uhszy5v","id":"wixltqj9uhszy5v"},"id":"itz89bge9me5m4d","previousOperationId":"c4ft38fiqaaa2on"}
{"type":"log","timestamp":1744206648635,"level":"debug","message":"Page request finished: GET (document) 200 file:///C:/Users/Patheo24/AppData/Local/Temp/jsreport/autocleanup/313ccbfd-44e2-42f9-9634-1a67c22ac2df-chrome-pdf.html","meta":{"rootId":"wixltqj9uhszy5v","id":"wixltqj9uhszy5v"},"id":"bbv0aihz0a5ww5t","previousOperationId":"c4ft38fiqaaa2on"}
{"type":"log","timestamp":1744206648643,"level":"debug","message":"Page request: GET (image) https://res.cloudinary.com/dpes1dyqb/image/upload/v1738768933/logo_myycxt.jpg","meta":{"rootId":"wixltqj9uhszy5v","id":"wixltqj9uhszy5v"},"id":"4r3xb2c3tppgead","previousOperationId":"c4ft38fiqaaa2on"}
{"type":"log","timestamp":1744206648644,"level":"debug","message":"Page request: GET (font) http://localhost:5488/fonts/kalpurush.ttf","meta":{"rootId":"wixltqj9uhszy5v","id":"wixltqj9uhszy5v"},"id":"pvgeijijkosjlg8","previousOperationId":"c4ft38fiqaaa2on"}
{"type":"log","timestamp":1744206648650,"level":"debug","message":"Page request: GET (font) http://localhost:5488/fonts/kalpurush.ttf","meta":{"rootId":"wixltqj9uhszy5v","id":"wixltqj9uhszy5v"},"id":"lnn6g4cozm0dgrp","previousOperationId":"c4ft38fiqaaa2on"}
{"type":"log","timestamp":1744206648717,"level":"debug","message":"Page request finished: GET (image) 200 https://res.cloudinary.com/dpes1dyqb/image/upload/v1738768933/logo_myycxt.jpg","meta":{"rootId":"wixltqj9uhszy5v","id":"wixltqj9uhszy5v"},"id":"60exqy2jpe70qbr","previousOperationId":"c4ft38fiqaaa2on"}
{"type":"log","timestamp":1744206648717,"level":"debug","message":"(console:error) Failed to load resource: the server responded with a status of 404 (Not Found)","meta":{"userLevel":true,"rootId":"wixltqj9uhszy5v","id":"wixltqj9uhszy5v"},"id":"ylpnoh8wxu6p5mz","previousOperationId":"c4ft38fiqaaa2on"}
{"type":"log","timestamp":1744206648717,"level":"warn","message":"Page request failed: GET (font) http://localhost:5488/fonts/kalpurush.ttf, failure: net::ERR_ABORTED","meta":{"rootId":"wixltqj9uhszy5v","id":"wixltqj9uhszy5v"},"id":"ym1e2defvdcq4b2","previousOperationId":"c4ft38fiqaaa2on"}
{"type":"log","timestamp":1744206648726,"level":"debug","message":"Running chrome with params {\"printBackground\":true,\"format\":\"A5\",\"marginRight\":\"\",\"timeout\":59952,\"margin\":{\"right\":\"\"}}","meta":{"rootId":"wixltqj9uhszy5v","id":"wixltqj9uhszy5v"},"id":"gq1bf8s09q105zx","previousOperationId":"c4ft38fiqaaa2on"}
{"type":"operationEnd","operationId":"c4ft38fiqaaa2on","timestamp":1744206649053,"id":"n1frxozgl513ap0","previousEventId":"9xw0w1r0yqaoju9","previousOperationId":"c4ft38fiqaaa2on"}
{"type":"log","timestamp":1744206649053,"level":"debug","message":"Skipping storing report.","meta":{"rootId":"wixltqj9uhszy5v","id":"wixltqj9uhszy5v"},"id":"b03cxybcfwuremh","previousOperationId":"c4ft38fiqaaa2on"}
{"type":"log","timestamp":1744206649053,"level":"info","message":"Rendering request 33 finished in 582 ms","meta":{"rootId":"wixltqj9uhszy5v","id":"wixltqj9uhszy5v"},"id":"5tf3wc7036rgurl","previousOperationId":"c4ft38fiqaaa2on"}
{"type":"operationEnd","subtype":"render","operationId":"e8whk743i9rvnj9","timestamp":1744206649053,"id":"2efs4ekqum8wxf7","previousEventId":"n1frxozgl513ap0","previousOperationId":"c4ft38fiqaaa2on"}
{"type":"operationEnd","doDiffs":false,"previousEventId":"9y6ex1ii95i7a1a","previousOperationId":"0wdblsnluz35yr2","operationId":"0wdblsnluz35yr2","timestamp":1744206649058,"id":"sgpijslpjy3ssv1"}
