{"type":"operationStart","subtype":"profile","data":{"_id":"nf5hoMh1duTIWZVj","timestamp":"2025-04-11T12:57:50.488Z","state":"queued","mode":"standard","creationDate":"2025-04-11T12:57:50.491Z","modificationDate":"2025-04-11T12:57:50.491Z","shortid":"CIjHEEy","$entitySet":"profiles"},"doDiffs":false,"timestamp":1744376270489,"id":"gs66y95d7odk5l8","previousOperationId":null,"operationId":"ghdbpoxng64mrxj"}
{"type":"log","level":"info","message":"Render request 33 queued for execution and waiting for available worker","previousOperationId":"ghdbpoxng64mrxj","timestamp":1744376270490,"id":"u50qvuu5zxc1ef6"}
{"type":"operationStart","subtype":"render","name":"myTemplate","previousOperationId":"ghdbpoxng64mrxj","timestamp":1744376270506,"id":"ydgkyc6cohempfm","previousEventId":"gs66y95d7odk5l8","operationId":"3gpvyesfmsekgi4"}
{"type":"log","timestamp":1744376270506,"level":"info","message":"Starting rendering request 33","meta":{"rootId":"wj4mfetlzngjpkc","id":"wj4mfetlzngjpkc"},"id":"vhvs3n3xc1bu40w","previousOperationId":"3gpvyesfmsekgi4"}
{"type":"log","timestamp":1744376270506,"level":"info","message":"Rendering template { name: myTemplate, recipe: chrome-pdf, engine: handlebars, preview: true }","meta":{"rootId":"wj4mfetlzngjpkc","id":"wj4mfetlzngjpkc"},"id":"183ja05aevhv9g5","previousOperationId":"3gpvyesfmsekgi4"}
{"type":"log","timestamp":1744376270507,"level":"debug","message":"Inline data specified.","meta":{"rootId":"wj4mfetlzngjpkc","id":"wj4mfetlzngjpkc"},"id":"jwq4squwbteo87m","previousOperationId":"3gpvyesfmsekgi4"}
{"type":"log","timestamp":1744376270508,"level":"debug","message":"Base url not specified, skipping its injection.","meta":{"rootId":"wj4mfetlzngjpkc","id":"wj4mfetlzngjpkc"},"id":"4epujyv0vxe9tdi","previousOperationId":"3gpvyesfmsekgi4"}
{"type":"operationStart","subtype":"engine","name":"handlebars","timestamp":1744376270508,"id":"xzrc91k3ftmsrwl","previousEventId":"ydgkyc6cohempfm","operationId":"wubvug92qvnfmlj","previousOperationId":"3gpvyesfmsekgi4"}
{"type":"log","timestamp":1744376270508,"level":"debug","message":"Rendering engine handlebars","meta":{"rootId":"wj4mfetlzngjpkc","id":"wj4mfetlzngjpkc"},"id":"7pizs7yovf8kml3","previousOperationId":"wubvug92qvnfmlj"}
{"type":"operationEnd","operationId":"wubvug92qvnfmlj","timestamp":1744376270531,"id":"nrcymorloiuu2xr","previousEventId":"xzrc91k3ftmsrwl","previousOperationId":"wubvug92qvnfmlj"}
{"type":"operationStart","subtype":"recipe","name":"chrome-pdf","timestamp":1744376270531,"id":"00e4htsa6wdnar3","previousEventId":"nrcymorloiuu2xr","operationId":"27u2r9bq24z4sy5","previousOperationId":"wubvug92qvnfmlj"}
{"type":"log","timestamp":1744376270531,"level":"debug","message":"Executing recipe chrome-pdf","meta":{"rootId":"wj4mfetlzngjpkc","id":"wj4mfetlzngjpkc"},"id":"pewux40pqsjc39e","previousOperationId":"27u2r9bq24z4sy5"}
{"type":"log","timestamp":1744376270535,"level":"debug","message":"Converting with chrome Chrome/133.0.6943.126 using chrome-pool strategy","meta":{"rootId":"wj4mfetlzngjpkc","id":"wj4mfetlzngjpkc"},"id":"gd8bbxiqpbirrlu","previousOperationId":"27u2r9bq24z4sy5"}
{"type":"log","timestamp":1744376270614,"level":"debug","message":"Page request: GET (document) file:///C:/Users/Patheo24/AppData/Local/Temp/jsreport/autocleanup/62a8cba4-75e3-44a7-a86c-0f6adefbe8a6-chrome-pdf.html","meta":{"rootId":"wj4mfetlzngjpkc","id":"wj4mfetlzngjpkc"},"id":"s0f412a6pedmsrq","previousOperationId":"27u2r9bq24z4sy5"}
{"type":"log","timestamp":1744376270642,"level":"debug","message":"Page request finished: GET (document) 200 file:///C:/Users/Patheo24/AppData/Local/Temp/jsreport/autocleanup/62a8cba4-75e3-44a7-a86c-0f6adefbe8a6-chrome-pdf.html","meta":{"rootId":"wj4mfetlzngjpkc","id":"wj4mfetlzngjpkc"},"id":"lh5ebmqz731lb1l","previousOperationId":"27u2r9bq24z4sy5"}
{"type":"log","timestamp":1744376270646,"level":"debug","message":"Page request: GET (image) https://res.cloudinary.com/dpes1dyqb/image/upload/v1738768933/logo_myycxt.jpg","meta":{"rootId":"wj4mfetlzngjpkc","id":"wj4mfetlzngjpkc"},"id":"vnvt7gy7rrmpnok","previousOperationId":"27u2r9bq24z4sy5"}
{"type":"log","timestamp":1744376270646,"level":"debug","message":"Page request: GET (font) http://localhost:5488/fonts/kalpurush.ttf","meta":{"rootId":"wj4mfetlzngjpkc","id":"wj4mfetlzngjpkc"},"id":"292u8yq39eiejd2","previousOperationId":"27u2r9bq24z4sy5"}
{"type":"log","timestamp":1744376270651,"level":"debug","message":"Page request: GET (font) http://localhost:5488/fonts/kalpurush.ttf","meta":{"rootId":"wj4mfetlzngjpkc","id":"wj4mfetlzngjpkc"},"id":"dcodpfo576h7c8n","previousOperationId":"27u2r9bq24z4sy5"}
{"type":"log","timestamp":1744376270702,"level":"debug","message":"Page request finished: GET (image) 200 https://res.cloudinary.com/dpes1dyqb/image/upload/v1738768933/logo_myycxt.jpg","meta":{"rootId":"wj4mfetlzngjpkc","id":"wj4mfetlzngjpkc"},"id":"y1e1y15r9rjgmfb","previousOperationId":"27u2r9bq24z4sy5"}
{"type":"log","timestamp":1744376270707,"level":"debug","message":"(console:error) Failed to load resource: the server responded with a status of 404 (Not Found)","meta":{"userLevel":true,"rootId":"wj4mfetlzngjpkc","id":"wj4mfetlzngjpkc"},"id":"bka5vmakcc0ltwy","previousOperationId":"27u2r9bq24z4sy5"}
{"type":"log","timestamp":1744376270707,"level":"warn","message":"Page request failed: GET (font) http://localhost:5488/fonts/kalpurush.ttf, failure: net::ERR_ABORTED","meta":{"rootId":"wj4mfetlzngjpkc","id":"wj4mfetlzngjpkc"},"id":"b4r2whl6tc4vwea","previousOperationId":"27u2r9bq24z4sy5"}
{"type":"log","timestamp":1744376270716,"level":"debug","message":"Running chrome with params {\"printBackground\":true,\"format\":\"A5\",\"marginRight\":\"\",\"height\":\"\",\"marginTop\":\"\",\"marginBottom\":\"\",\"marginLeft\":\"\",\"displayHeaderFooter\":true,\"width\":\"\",\"timeout\":59954,\"margin\":{\"top\":\"\",\"right\":\"\",\"bottom\":\"\",\"left\":\"\"}}","meta":{"rootId":"wj4mfetlzngjpkc","id":"wj4mfetlzngjpkc"},"id":"k74d1241l7octln","previousOperationId":"27u2r9bq24z4sy5"}
{"type":"operationEnd","operationId":"27u2r9bq24z4sy5","timestamp":1744376271091,"id":"k3yrf8iswrpz8wz","previousEventId":"00e4htsa6wdnar3","previousOperationId":"27u2r9bq24z4sy5"}
{"type":"log","timestamp":1744376271091,"level":"debug","message":"Skipping storing report.","meta":{"rootId":"wj4mfetlzngjpkc","id":"wj4mfetlzngjpkc"},"id":"iuli0tpwmm801ky","previousOperationId":"27u2r9bq24z4sy5"}
{"type":"log","timestamp":1744376271091,"level":"info","message":"Rendering request 33 finished in 604 ms","meta":{"rootId":"wj4mfetlzngjpkc","id":"wj4mfetlzngjpkc"},"id":"5b95962a7oz9leb","previousOperationId":"27u2r9bq24z4sy5"}
{"type":"operationEnd","subtype":"render","operationId":"3gpvyesfmsekgi4","timestamp":1744376271091,"id":"oq1ljmteibc4d8k","previousEventId":"k3yrf8iswrpz8wz","previousOperationId":"27u2r9bq24z4sy5"}
{"type":"operationEnd","doDiffs":false,"previousEventId":"gs66y95d7odk5l8","previousOperationId":"ghdbpoxng64mrxj","operationId":"ghdbpoxng64mrxj","timestamp":1744376271096,"id":"53r1w9oecf60ft3"}
