{"type":"operationStart","subtype":"profile","data":{"_id":"XXFB8UnKDEw4ni9i","timestamp":"2025-04-09T13:37:31.794Z","state":"queued","mode":"standard","creationDate":"2025-04-09T13:37:31.796Z","modificationDate":"2025-04-09T13:37:31.796Z","shortid":"UKHx4BS","$entitySet":"profiles"},"doDiffs":false,"timestamp":1744205851795,"id":"eajkmtuyc4mtays","previousOperationId":null,"operationId":"u4sd9kmsr67vh5a"}
{"type":"log","level":"info","message":"Render request 15 queued for execution and waiting for available worker","previousOperationId":"u4sd9kmsr67vh5a","timestamp":1744205851795,"id":"khwhu78wn4w8pu7"}
{"type":"operationStart","subtype":"render","name":"myTemplate","previousOperationId":"u4sd9kmsr67vh5a","timestamp":1744205851808,"id":"zvr582jienyoyr2","previousEventId":"eajkmtuyc4mtays","operationId":"m2nxkt706x3is03"}
{"type":"log","timestamp":1744205851808,"level":"info","message":"Starting rendering request 15","meta":{"rootId":"wny1e3gnddq9mvg","id":"wny1e3gnddq9mvg"},"id":"31i97j0tn7uozwc","previousOperationId":"m2nxkt706x3is03"}
{"type":"log","timestamp":1744205851808,"level":"info","message":"Rendering template { name: myTemplate, recipe: chrome-pdf, engine: handlebars, preview: true }","meta":{"rootId":"wny1e3gnddq9mvg","id":"wny1e3gnddq9mvg"},"id":"xnwq9pa63sgewxt","previousOperationId":"m2nxkt706x3is03"}
{"type":"log","timestamp":1744205851811,"level":"debug","message":"Adding sample data HUavgV0Kc","meta":{"rootId":"wny1e3gnddq9mvg","id":"wny1e3gnddq9mvg"},"id":"uzq8e1v4ikgn8ql","previousOperationId":"m2nxkt706x3is03"}
{"type":"log","timestamp":1744205851813,"level":"debug","message":"Base url not specified, skipping its injection.","meta":{"rootId":"wny1e3gnddq9mvg","id":"wny1e3gnddq9mvg"},"id":"ag8hyz320ebusnn","previousOperationId":"m2nxkt706x3is03"}
{"type":"operationStart","subtype":"engine","name":"handlebars","timestamp":1744205851813,"id":"ljxyvi74wbp94ur","previousEventId":"zvr582jienyoyr2","operationId":"5nr2wondlli22br","previousOperationId":"m2nxkt706x3is03"}
{"type":"log","timestamp":1744205851813,"level":"debug","message":"Rendering engine handlebars","meta":{"rootId":"wny1e3gnddq9mvg","id":"wny1e3gnddq9mvg"},"id":"o6ebcpbhdxko0tw","previousOperationId":"5nr2wondlli22br"}
{"type":"operationEnd","operationId":"5nr2wondlli22br","timestamp":1744205851833,"id":"3mvzo2srbl3ml5i","previousEventId":"ljxyvi74wbp94ur","previousOperationId":"5nr2wondlli22br"}
{"type":"operationStart","subtype":"recipe","name":"chrome-pdf","timestamp":1744205851833,"id":"dsp0h8abpu64ah1","previousEventId":"3mvzo2srbl3ml5i","operationId":"4onhuyz1sbshhu6","previousOperationId":"5nr2wondlli22br"}
{"type":"log","timestamp":1744205851833,"level":"debug","message":"Executing recipe chrome-pdf","meta":{"rootId":"wny1e3gnddq9mvg","id":"wny1e3gnddq9mvg"},"id":"62acj2cc4lj1wzd","previousOperationId":"4onhuyz1sbshhu6"}
{"type":"log","timestamp":1744205851838,"level":"debug","message":"Converting with chrome Chrome/133.0.6943.126 using chrome-pool strategy","meta":{"rootId":"wny1e3gnddq9mvg","id":"wny1e3gnddq9mvg"},"id":"vt2arbd44fjwq2s","previousOperationId":"4onhuyz1sbshhu6"}
{"type":"log","timestamp":1744205851900,"level":"debug","message":"Page request: GET (document) file:///C:/Users/Patheo24/AppData/Local/Temp/jsreport/autocleanup/28508860-0b84-4138-a123-92b1adcac3af-chrome-pdf.html","meta":{"rootId":"wny1e3gnddq9mvg","id":"wny1e3gnddq9mvg"},"id":"bcaq0y6pv7kp0ye","previousOperationId":"4onhuyz1sbshhu6"}
{"type":"log","timestamp":1744205851923,"level":"debug","message":"Page request finished: GET (document) 200 file:///C:/Users/Patheo24/AppData/Local/Temp/jsreport/autocleanup/28508860-0b84-4138-a123-92b1adcac3af-chrome-pdf.html","meta":{"rootId":"wny1e3gnddq9mvg","id":"wny1e3gnddq9mvg"},"id":"apq52hg1d8hyyfm","previousOperationId":"4onhuyz1sbshhu6"}
{"type":"log","timestamp":1744205851927,"level":"debug","message":"Page request: GET (font) http://localhost:5488/fonts/kalpurush.ttf","meta":{"rootId":"wny1e3gnddq9mvg","id":"wny1e3gnddq9mvg"},"id":"xeinnlu04vrd565","previousOperationId":"4onhuyz1sbshhu6"}
{"type":"log","timestamp":1744205851928,"level":"debug","message":"Page request: GET (image) https://res.cloudinary.com/dpes1dyqb/image/upload/v1738768933/logo_myycxt.jpg","meta":{"rootId":"wny1e3gnddq9mvg","id":"wny1e3gnddq9mvg"},"id":"3a6sqvjfvuw4j09","previousOperationId":"4onhuyz1sbshhu6"}
{"type":"log","timestamp":1744205851965,"level":"debug","message":"Page request: GET (font) http://localhost:5488/fonts/kalpurush.ttf","meta":{"rootId":"wny1e3gnddq9mvg","id":"wny1e3gnddq9mvg"},"id":"trmotnlnvyik5e7","previousOperationId":"4onhuyz1sbshhu6"}
{"type":"log","timestamp":1744205851967,"level":"debug","message":"Page request finished: GET (image) 200 https://res.cloudinary.com/dpes1dyqb/image/upload/v1738768933/logo_myycxt.jpg","meta":{"rootId":"wny1e3gnddq9mvg","id":"wny1e3gnddq9mvg"},"id":"xdsbsfnn0qvtdv4","previousOperationId":"4onhuyz1sbshhu6"}
{"type":"log","timestamp":1744205851974,"level":"debug","message":"(console:error) Failed to load resource: the server responded with a status of 404 (Not Found)","meta":{"userLevel":true,"rootId":"wny1e3gnddq9mvg","id":"wny1e3gnddq9mvg"},"id":"k6quqtt1p450wxk","previousOperationId":"4onhuyz1sbshhu6"}
{"type":"log","timestamp":1744205851974,"level":"warn","message":"Page request failed: GET (font) http://localhost:5488/fonts/kalpurush.ttf, failure: net::ERR_ABORTED","meta":{"rootId":"wny1e3gnddq9mvg","id":"wny1e3gnddq9mvg"},"id":"49p8zdja3iyerse","previousOperationId":"4onhuyz1sbshhu6"}
{"type":"log","timestamp":1744205851980,"level":"debug","message":"Running chrome with params {\"printBackground\":true,\"timeout\":59959,\"margin\":{}}","meta":{"rootId":"wny1e3gnddq9mvg","id":"wny1e3gnddq9mvg"},"id":"khza26h7az6ek9s","previousOperationId":"4onhuyz1sbshhu6"}
{"type":"operationEnd","operationId":"4onhuyz1sbshhu6","timestamp":1744205852262,"id":"7wr8poxf74ksx74","previousEventId":"dsp0h8abpu64ah1","previousOperationId":"4onhuyz1sbshhu6"}
{"type":"log","timestamp":1744205852262,"level":"debug","message":"Skipping storing report.","meta":{"rootId":"wny1e3gnddq9mvg","id":"wny1e3gnddq9mvg"},"id":"jil5bn3w9h9tb5e","previousOperationId":"4onhuyz1sbshhu6"}
{"type":"log","timestamp":1744205852262,"level":"info","message":"Rendering request 15 finished in 468 ms","meta":{"rootId":"wny1e3gnddq9mvg","id":"wny1e3gnddq9mvg"},"id":"jp2lgmttrpgmy6h","previousOperationId":"4onhuyz1sbshhu6"}
{"type":"operationEnd","subtype":"render","operationId":"m2nxkt706x3is03","timestamp":1744205852262,"id":"zu87rfzvi0o1cs8","previousEventId":"7wr8poxf74ksx74","previousOperationId":"4onhuyz1sbshhu6"}
{"type":"operationEnd","doDiffs":false,"previousEventId":"eajkmtuyc4mtays","previousOperationId":"u4sd9kmsr67vh5a","operationId":"u4sd9kmsr67vh5a","timestamp":1744205852267,"id":"kqy4klegfkj4del"}
