{"type":"operationStart","subtype":"profile","data":{"_id":"bWKJW0ZCKM4kLrzH","timestamp":"2025-04-09T06:10:29.944Z","state":"queued","mode":"standard","creationDate":"2025-04-09T06:10:29.946Z","modificationDate":"2025-04-09T06:10:29.946Z","shortid":"FmR2nBt","$entitySet":"profiles"},"doDiffs":false,"timestamp":1744179029945,"id":"7l0m11mdbfjrcd9","previousOperationId":null,"operationId":"1zr1l7ybd416jyj"}
{"type":"log","level":"info","message":"Render request 5 queued for execution and waiting for available worker","previousOperationId":"1zr1l7ybd416jyj","timestamp":1744179029945,"id":"7ddblrzv0tfgwjb"}
{"type":"operationStart","subtype":"render","name":"myTemplate","previousOperationId":"1zr1l7ybd416jyj","timestamp":1744179029966,"id":"jy3ls0ivo1pywn2","previousEventId":"7l0m11mdbfjrcd9","operationId":"b1tdwvgfzwz7orx"}
{"type":"log","timestamp":1744179029967,"level":"info","message":"Starting rendering request 5","meta":{"rootId":"wtppay3lzqturp4","id":"wtppay3lzqturp4"},"id":"2r4f5dskrglyvxk","previousOperationId":"b1tdwvgfzwz7orx"}
{"type":"log","timestamp":1744179029967,"level":"info","message":"Rendering template { name: myTemplate, recipe: chrome-pdf, engine: handlebars, preview: true }","meta":{"rootId":"wtppay3lzqturp4","id":"wtppay3lzqturp4"},"id":"meitb1cvbi27r82","previousOperationId":"b1tdwvgfzwz7orx"}
{"type":"log","timestamp":1744179029968,"level":"debug","message":"Inline data specified.","meta":{"rootId":"wtppay3lzqturp4","id":"wtppay3lzqturp4"},"id":"7wnhhrvuwmoti84","previousOperationId":"b1tdwvgfzwz7orx"}
{"type":"log","timestamp":1744179029974,"level":"debug","message":"Base url not specified, skipping its injection.","meta":{"rootId":"wtppay3lzqturp4","id":"wtppay3lzqturp4"},"id":"2fwfaxaaphpvfv9","previousOperationId":"b1tdwvgfzwz7orx"}
{"type":"operationStart","subtype":"engine","name":"handlebars","timestamp":1744179029975,"id":"badwwjyl8pgg08z","previousEventId":"jy3ls0ivo1pywn2","operationId":"wijxqswv6hsldxs","previousOperationId":"b1tdwvgfzwz7orx"}
{"type":"log","timestamp":1744179029975,"level":"debug","message":"Rendering engine handlebars","meta":{"rootId":"wtppay3lzqturp4","id":"wtppay3lzqturp4"},"id":"etubmik3tjws85p","previousOperationId":"wijxqswv6hsldxs"}
{"type":"operationEnd","operationId":"wijxqswv6hsldxs","timestamp":1744179029994,"id":"p7ubrvvhuzpwhf9","previousEventId":"badwwjyl8pgg08z","previousOperationId":"wijxqswv6hsldxs"}
{"type":"operationStart","subtype":"recipe","name":"chrome-pdf","timestamp":1744179029994,"id":"kz8z1y40n1enjvg","previousEventId":"p7ubrvvhuzpwhf9","operationId":"fk73xu84obn8xsm","previousOperationId":"wijxqswv6hsldxs"}
{"type":"log","timestamp":1744179029994,"level":"debug","message":"Executing recipe chrome-pdf","meta":{"rootId":"wtppay3lzqturp4","id":"wtppay3lzqturp4"},"id":"uv4r3z36a7rxkd2","previousOperationId":"fk73xu84obn8xsm"}
{"type":"log","timestamp":1744179029998,"level":"debug","message":"Converting with chrome Chrome/133.0.6943.126 using chrome-pool strategy","meta":{"rootId":"wtppay3lzqturp4","id":"wtppay3lzqturp4"},"id":"9gjt7z0821vxbu4","previousOperationId":"fk73xu84obn8xsm"}
{"type":"log","timestamp":1744179030066,"level":"debug","message":"Page request: GET (document) file:///C:/Users/Patheo24/AppData/Local/Temp/jsreport/autocleanup/5c2dbee2-acf2-4c51-8ae6-df6efd2628ac-chrome-pdf.html","meta":{"rootId":"wtppay3lzqturp4","id":"wtppay3lzqturp4"},"id":"7agzw9dldwh38xz","previousOperationId":"fk73xu84obn8xsm"}
{"type":"log","timestamp":1744179030095,"level":"debug","message":"Page request finished: GET (document) 200 file:///C:/Users/Patheo24/AppData/Local/Temp/jsreport/autocleanup/5c2dbee2-acf2-4c51-8ae6-df6efd2628ac-chrome-pdf.html","meta":{"rootId":"wtppay3lzqturp4","id":"wtppay3lzqturp4"},"id":"gbish8e2jhqkwsb","previousOperationId":"fk73xu84obn8xsm"}
{"type":"log","timestamp":1744179030095,"level":"debug","message":"(console:info) Slow network is detected. See https://www.chromestatus.com/feature/5636954674692096 for more details. Fallback font will be used while loading: http://localhost:5488/fonts/kalpurush.ttf","meta":{"userLevel":true,"rootId":"wtppay3lzqturp4","id":"wtppay3lzqturp4"},"id":"orz92qehpagzk7h","previousOperationId":"fk73xu84obn8xsm"}
{"type":"log","timestamp":1744179030096,"level":"debug","message":"Page request: GET (font) http://localhost:5488/fonts/kalpurush.ttf","meta":{"rootId":"wtppay3lzqturp4","id":"wtppay3lzqturp4"},"id":"nju0sbtzx86koui","previousOperationId":"fk73xu84obn8xsm"}
{"type":"log","timestamp":1744179030129,"level":"debug","message":"Page request: GET (font) http://localhost:5488/fonts/kalpurush.ttf","meta":{"rootId":"wtppay3lzqturp4","id":"wtppay3lzqturp4"},"id":"6lgq3zs51vkvwlk","previousOperationId":"fk73xu84obn8xsm"}
{"type":"log","timestamp":1744179030138,"level":"debug","message":"(console:error) Failed to load resource: the server responded with a status of 404 (Not Found)","meta":{"userLevel":true,"rootId":"wtppay3lzqturp4","id":"wtppay3lzqturp4"},"id":"ge6kzoq6vmlkboq","previousOperationId":"fk73xu84obn8xsm"}
{"type":"log","timestamp":1744179030138,"level":"warn","message":"Page request failed: GET (font) http://localhost:5488/fonts/kalpurush.ttf, failure: net::ERR_ABORTED","meta":{"rootId":"wtppay3lzqturp4","id":"wtppay3lzqturp4"},"id":"wqbqm45r16fdata","previousOperationId":"fk73xu84obn8xsm"}
{"type":"log","timestamp":1744179030145,"level":"debug","message":"Running chrome with params {\"printBackground\":true,\"timeout\":59948,\"margin\":{}}","meta":{"rootId":"wtppay3lzqturp4","id":"wtppay3lzqturp4"},"id":"lq10pvxqkx3h2sw","previousOperationId":"fk73xu84obn8xsm"}
{"type":"operationEnd","operationId":"fk73xu84obn8xsm","timestamp":1744179030296,"id":"8cb5a85abobas8d","previousEventId":"kz8z1y40n1enjvg","previousOperationId":"fk73xu84obn8xsm"}
{"type":"log","timestamp":1744179030296,"level":"debug","message":"Skipping storing report.","meta":{"rootId":"wtppay3lzqturp4","id":"wtppay3lzqturp4"},"id":"wh9qd9ne74e2ejt","previousOperationId":"fk73xu84obn8xsm"}
{"type":"log","timestamp":1744179030296,"level":"info","message":"Rendering request 5 finished in 352 ms","meta":{"rootId":"wtppay3lzqturp4","id":"wtppay3lzqturp4"},"id":"5oexguk7c0rczod","previousOperationId":"fk73xu84obn8xsm"}
{"type":"operationEnd","subtype":"render","operationId":"b1tdwvgfzwz7orx","timestamp":1744179030296,"id":"3817sdanufpom6o","previousEventId":"8cb5a85abobas8d","previousOperationId":"fk73xu84obn8xsm"}
{"type":"operationEnd","doDiffs":false,"previousEventId":"7l0m11mdbfjrcd9","previousOperationId":"1zr1l7ybd416jyj","operationId":"1zr1l7ybd416jyj","timestamp":1744179030300,"id":"phkcnt51gmaqdpa"}
