{"type":"operationStart","subtype":"profile","data":{"_id":"CLEjVLndiCrAeNN4","timestamp":"2025-04-09T13:43:50.858Z","state":"queued","mode":"standard","creationDate":"2025-04-09T13:43:50.861Z","modificationDate":"2025-04-09T13:43:50.861Z","shortid":"frhE3Od","$entitySet":"profiles"},"doDiffs":false,"timestamp":1744206230859,"id":"miuajz0aieysq32","previousOperationId":null,"operationId":"zb1f8nfi0lq82dw"}
{"type":"log","level":"info","message":"Render request 23 queued for execution and waiting for available worker","previousOperationId":"zb1f8nfi0lq82dw","timestamp":1744206230860,"id":"xco4mf1kg0amcz9"}
{"type":"operationStart","subtype":"render","name":"myTemplate","previousOperationId":"zb1f8nfi0lq82dw","timestamp":1744206230890,"id":"4slkciooil54alb","previousEventId":"miuajz0aieysq32","operationId":"ucm9ht6vdyxe59f"}
{"type":"log","timestamp":1744206230890,"level":"info","message":"Starting rendering request 23","meta":{"rootId":"wujm42oe60qdjj6","id":"wujm42oe60qdjj6"},"id":"zh6oi1k2x0tcndy","previousOperationId":"ucm9ht6vdyxe59f"}
{"type":"log","timestamp":1744206230890,"level":"info","message":"Rendering template { name: myTemplate, recipe: chrome-pdf, engine: handlebars, preview: true }","meta":{"rootId":"wujm42oe60qdjj6","id":"wujm42oe60qdjj6"},"id":"n24g3dv92yorz3r","previousOperationId":"ucm9ht6vdyxe59f"}
{"type":"log","timestamp":1744206230892,"level":"debug","message":"Adding sample data HUavgV0Kc","meta":{"rootId":"wujm42oe60qdjj6","id":"wujm42oe60qdjj6"},"id":"t9ivw33wsj0r7w1","previousOperationId":"ucm9ht6vdyxe59f"}
{"type":"log","timestamp":1744206230895,"level":"debug","message":"Base url not specified, skipping its injection.","meta":{"rootId":"wujm42oe60qdjj6","id":"wujm42oe60qdjj6"},"id":"tyigk6g63rlpivb","previousOperationId":"ucm9ht6vdyxe59f"}
{"type":"operationStart","subtype":"engine","name":"handlebars","timestamp":1744206230895,"id":"d8puug0zvcslp5e","previousEventId":"4slkciooil54alb","operationId":"7c0a6924mxtacbo","previousOperationId":"ucm9ht6vdyxe59f"}
{"type":"log","timestamp":1744206230895,"level":"debug","message":"Rendering engine handlebars","meta":{"rootId":"wujm42oe60qdjj6","id":"wujm42oe60qdjj6"},"id":"nw9p778z24k4kmd","previousOperationId":"7c0a6924mxtacbo"}
{"type":"operationEnd","operationId":"7c0a6924mxtacbo","timestamp":1744206230922,"id":"2gc5ea1ss4s2s2q","previousEventId":"d8puug0zvcslp5e","previousOperationId":"7c0a6924mxtacbo"}
{"type":"operationStart","subtype":"recipe","name":"chrome-pdf","timestamp":1744206230923,"id":"yaoacvbyydcvs38","previousEventId":"2gc5ea1ss4s2s2q","operationId":"euowy4k3ckmlz73","previousOperationId":"7c0a6924mxtacbo"}
{"type":"log","timestamp":1744206230924,"level":"debug","message":"Executing recipe chrome-pdf","meta":{"rootId":"wujm42oe60qdjj6","id":"wujm42oe60qdjj6"},"id":"xbv7pcjguud2w6m","previousOperationId":"euowy4k3ckmlz73"}
{"type":"log","timestamp":1744206230932,"level":"debug","message":"Converting with chrome Chrome/133.0.6943.126 using chrome-pool strategy","meta":{"rootId":"wujm42oe60qdjj6","id":"wujm42oe60qdjj6"},"id":"7v56t6gdvz5b13o","previousOperationId":"euowy4k3ckmlz73"}
{"type":"log","timestamp":1744206231017,"level":"debug","message":"Page request: GET (document) file:///C:/Users/Patheo24/AppData/Local/Temp/jsreport/autocleanup/08fcbd3f-308e-47d5-8bfb-1f77376b354c-chrome-pdf.html","meta":{"rootId":"wujm42oe60qdjj6","id":"wujm42oe60qdjj6"},"id":"a9oamgetcljvxz3","previousOperationId":"euowy4k3ckmlz73"}
{"type":"log","timestamp":1744206231050,"level":"debug","message":"Page request finished: GET (document) 200 file:///C:/Users/Patheo24/AppData/Local/Temp/jsreport/autocleanup/08fcbd3f-308e-47d5-8bfb-1f77376b354c-chrome-pdf.html","meta":{"rootId":"wujm42oe60qdjj6","id":"wujm42oe60qdjj6"},"id":"xamk8nkr5gr2oyu","previousOperationId":"euowy4k3ckmlz73"}
{"type":"log","timestamp":1744206231058,"level":"debug","message":"Page request: GET (font) http://localhost:5488/fonts/kalpurush.ttf","meta":{"rootId":"wujm42oe60qdjj6","id":"wujm42oe60qdjj6"},"id":"nn00yrssb6h3q37","previousOperationId":"euowy4k3ckmlz73"}
{"type":"log","timestamp":1744206231059,"level":"debug","message":"Page request: GET (image) https://res.cloudinary.com/dpes1dyqb/image/upload/v1738768933/logo_myycxt.jpg","meta":{"rootId":"wujm42oe60qdjj6","id":"wujm42oe60qdjj6"},"id":"e3t6ht3rtrl1tmf","previousOperationId":"euowy4k3ckmlz73"}
{"type":"log","timestamp":1744206231114,"level":"debug","message":"Page request: GET (font) http://localhost:5488/fonts/kalpurush.ttf","meta":{"rootId":"wujm42oe60qdjj6","id":"wujm42oe60qdjj6"},"id":"8goius1prbwyqzk","previousOperationId":"euowy4k3ckmlz73"}
{"type":"log","timestamp":1744206231119,"level":"debug","message":"Page request finished: GET (image) 200 https://res.cloudinary.com/dpes1dyqb/image/upload/v1738768933/logo_myycxt.jpg","meta":{"rootId":"wujm42oe60qdjj6","id":"wujm42oe60qdjj6"},"id":"lxumgmv72gbak8f","previousOperationId":"euowy4k3ckmlz73"}
{"type":"log","timestamp":1744206231130,"level":"debug","message":"(console:error) Failed to load resource: the server responded with a status of 404 (Not Found)","meta":{"userLevel":true,"rootId":"wujm42oe60qdjj6","id":"wujm42oe60qdjj6"},"id":"07p9gnivhjc631o","previousOperationId":"euowy4k3ckmlz73"}
{"type":"log","timestamp":1744206231130,"level":"warn","message":"Page request failed: GET (font) http://localhost:5488/fonts/kalpurush.ttf, failure: net::ERR_ABORTED","meta":{"rootId":"wujm42oe60qdjj6","id":"wujm42oe60qdjj6"},"id":"kv4egkhkhmo2fx8","previousOperationId":"euowy4k3ckmlz73"}
{"type":"log","timestamp":1744206231148,"level":"debug","message":"Running chrome with params {\"printBackground\":true,\"timeout\":59927,\"margin\":{}}","meta":{"rootId":"wujm42oe60qdjj6","id":"wujm42oe60qdjj6"},"id":"cugcriwh92z3ptv","previousOperationId":"euowy4k3ckmlz73"}
{"type":"operationEnd","operationId":"euowy4k3ckmlz73","timestamp":1744206231470,"id":"9iig641j1hktvcn","previousEventId":"yaoacvbyydcvs38","previousOperationId":"euowy4k3ckmlz73"}
{"type":"log","timestamp":1744206231470,"level":"debug","message":"Skipping storing report.","meta":{"rootId":"wujm42oe60qdjj6","id":"wujm42oe60qdjj6"},"id":"tkxw1vj7ixxytm2","previousOperationId":"euowy4k3ckmlz73"}
{"type":"log","timestamp":1744206231470,"level":"info","message":"Rendering request 23 finished in 612 ms","meta":{"rootId":"wujm42oe60qdjj6","id":"wujm42oe60qdjj6"},"id":"3iyp12zdxszu4rg","previousOperationId":"euowy4k3ckmlz73"}
{"type":"operationEnd","subtype":"render","operationId":"ucm9ht6vdyxe59f","timestamp":1744206231470,"id":"n6os8oiv77x7ybr","previousEventId":"9iig641j1hktvcn","previousOperationId":"euowy4k3ckmlz73"}
{"type":"operationEnd","doDiffs":false,"previousEventId":"miuajz0aieysq32","previousOperationId":"zb1f8nfi0lq82dw","operationId":"zb1f8nfi0lq82dw","timestamp":1744206231474,"id":"wtckb9x7lu6hi63"}
