{"type":"operationStart","subtype":"profile","data":{"_id":"NS0ZttYtxfMXTH8X","timestamp":"2025-04-09T11:19:32.508Z","state":"queued","mode":"standard","creationDate":"2025-04-09T11:19:32.510Z","modificationDate":"2025-04-09T11:19:32.510Z","shortid":"hX17PG1","$entitySet":"profiles"},"doDiffs":false,"timestamp":1744197572509,"id":"qa80uiv737uscbc","previousOperationId":null,"operationId":"xgateqmvi2y0gw2"}
{"type":"log","level":"info","message":"Render request 36 queued for execution and waiting for available worker","previousOperationId":"xgateqmvi2y0gw2","timestamp":1744197572509,"id":"qagvg5301jcnazd"}
{"type":"operationStart","subtype":"render","name":"myTemplate","previousOperationId":"xgateqmvi2y0gw2","timestamp":1744197572639,"id":"h5s24cnkr0tc981","previousEventId":"qa80uiv737uscbc","operationId":"l9aclqrtnwi253t"}
{"type":"log","timestamp":1744197572640,"level":"info","message":"Starting rendering request 36","meta":{"rootId":"x4xzyagtihnkjin","id":"x4xzyagtihnkjin"},"id":"0kxxmpi5m0qbmil","previousOperationId":"l9aclqrtnwi253t"}
{"type":"log","timestamp":1744197572640,"level":"info","message":"Rendering template { name: myTemplate, recipe: chrome-pdf, engine: handlebars, preview: false }","meta":{"rootId":"x4xzyagtihnkjin","id":"x4xzyagtihnkjin"},"id":"dp2uplb2wbqkx7g","previousOperationId":"l9aclqrtnwi253t"}
{"type":"log","timestamp":1744197572642,"level":"debug","message":"Inline data specified.","meta":{"rootId":"x4xzyagtihnkjin","id":"x4xzyagtihnkjin"},"id":"yux4bssply9ismp","previousOperationId":"l9aclqrtnwi253t"}
{"type":"log","timestamp":1744197572675,"level":"debug","message":"Base url not specified, skipping its injection.","meta":{"rootId":"x4xzyagtihnkjin","id":"x4xzyagtihnkjin"},"id":"82za85a6cw366g5","previousOperationId":"l9aclqrtnwi253t"}
{"type":"operationStart","subtype":"engine","name":"handlebars","timestamp":1744197572675,"id":"3umvr26d9gokv51","previousEventId":"h5s24cnkr0tc981","operationId":"ns7yvxq96b5r46t","previousOperationId":"l9aclqrtnwi253t"}
{"type":"log","timestamp":1744197572675,"level":"debug","message":"Rendering engine handlebars","meta":{"rootId":"x4xzyagtihnkjin","id":"x4xzyagtihnkjin"},"id":"tgwzikf3bq636gv","previousOperationId":"ns7yvxq96b5r46t"}
{"type":"operationEnd","operationId":"ns7yvxq96b5r46t","timestamp":1744197572690,"id":"vdg7jb2bh50ecw3","previousEventId":"3umvr26d9gokv51","previousOperationId":"ns7yvxq96b5r46t"}
{"type":"operationStart","subtype":"recipe","name":"chrome-pdf","timestamp":1744197572690,"id":"b3azrwnc9bq30bs","previousEventId":"vdg7jb2bh50ecw3","operationId":"f5hkfvx5e5eo1me","previousOperationId":"ns7yvxq96b5r46t"}
{"type":"log","timestamp":1744197572690,"level":"debug","message":"Executing recipe chrome-pdf","meta":{"rootId":"x4xzyagtihnkjin","id":"x4xzyagtihnkjin"},"id":"8m238l481ea7cfd","previousOperationId":"f5hkfvx5e5eo1me"}
{"type":"log","timestamp":1744197572695,"level":"debug","message":"Converting with chrome Chrome/133.0.6943.126 using chrome-pool strategy","meta":{"rootId":"x4xzyagtihnkjin","id":"x4xzyagtihnkjin"},"id":"657dtsfqp2mtdo2","previousOperationId":"f5hkfvx5e5eo1me"}
{"type":"log","timestamp":1744197573552,"level":"debug","message":"Page request: GET (document) file:///C:/Users/Patheo24/AppData/Local/Temp/jsreport/autocleanup/3c3f41bf-279e-4645-b531-9f4875d6fdcb-chrome-pdf.html","meta":{"rootId":"x4xzyagtihnkjin","id":"x4xzyagtihnkjin"},"id":"w2v2hx78m5o81p1","previousOperationId":"f5hkfvx5e5eo1me"}
{"type":"log","timestamp":1744197573597,"level":"debug","message":"Page request finished: GET (document) 200 file:///C:/Users/Patheo24/AppData/Local/Temp/jsreport/autocleanup/3c3f41bf-279e-4645-b531-9f4875d6fdcb-chrome-pdf.html","meta":{"rootId":"x4xzyagtihnkjin","id":"x4xzyagtihnkjin"},"id":"ugvbhbixb1mix0e","previousOperationId":"f5hkfvx5e5eo1me"}
{"type":"log","timestamp":1744197573598,"level":"debug","message":"(console:info) Slow network is detected. See https://www.chromestatus.com/feature/5636954674692096 for more details. Fallback font will be used while loading: http://localhost:5488/fonts/kalpurush.ttf","meta":{"userLevel":true,"rootId":"x4xzyagtihnkjin","id":"x4xzyagtihnkjin"},"id":"9zoidpeu45l0b8l","previousOperationId":"f5hkfvx5e5eo1me"}
{"type":"log","timestamp":1744197573598,"level":"debug","message":"Page request: GET (font) http://localhost:5488/fonts/kalpurush.ttf","meta":{"rootId":"x4xzyagtihnkjin","id":"x4xzyagtihnkjin"},"id":"ltt0buj8zq6eb15","previousOperationId":"f5hkfvx5e5eo1me"}
{"type":"log","timestamp":1744197573651,"level":"debug","message":"Page request: GET (font) http://localhost:5488/fonts/kalpurush.ttf","meta":{"rootId":"x4xzyagtihnkjin","id":"x4xzyagtihnkjin"},"id":"2lwrrk9jrjegyf0","previousOperationId":"f5hkfvx5e5eo1me"}
{"type":"log","timestamp":1744197573674,"level":"debug","message":"(console:error) Failed to load resource: the server responded with a status of 404 (Not Found)","meta":{"userLevel":true,"rootId":"x4xzyagtihnkjin","id":"x4xzyagtihnkjin"},"id":"e1zk9k50ysdk7vr","previousOperationId":"f5hkfvx5e5eo1me"}
{"type":"log","timestamp":1744197573675,"level":"warn","message":"Page request failed: GET (font) http://localhost:5488/fonts/kalpurush.ttf, failure: net::ERR_ABORTED","meta":{"rootId":"x4xzyagtihnkjin","id":"x4xzyagtihnkjin"},"id":"6ao0zqi8o29ybtx","previousOperationId":"f5hkfvx5e5eo1me"}
{"type":"log","timestamp":1744197573699,"level":"debug","message":"Running chrome with params {\"printBackground\":true,\"timeout\":59810,\"margin\":{}}","meta":{"rootId":"x4xzyagtihnkjin","id":"x4xzyagtihnkjin"},"id":"mrq4zz1hul016rm","previousOperationId":"f5hkfvx5e5eo1me"}
{"type":"operationEnd","operationId":"f5hkfvx5e5eo1me","timestamp":1744197574368,"id":"jrsrfj4yh4jka0d","previousEventId":"b3azrwnc9bq30bs","previousOperationId":"f5hkfvx5e5eo1me"}
{"type":"log","timestamp":1744197574368,"level":"debug","message":"Skipping storing report.","meta":{"rootId":"x4xzyagtihnkjin","id":"x4xzyagtihnkjin"},"id":"e1s29zen4onsr11","previousOperationId":"f5hkfvx5e5eo1me"}
{"type":"log","timestamp":1744197574369,"level":"info","message":"Rendering request 36 finished in 1867 ms","meta":{"rootId":"x4xzyagtihnkjin","id":"x4xzyagtihnkjin"},"id":"wqd85jzy49shus7","previousOperationId":"f5hkfvx5e5eo1me"}
{"type":"operationEnd","subtype":"render","operationId":"l9aclqrtnwi253t","timestamp":1744197574369,"id":"iityen9vrurndi6","previousEventId":"jrsrfj4yh4jka0d","previousOperationId":"f5hkfvx5e5eo1me"}
{"type":"operationEnd","doDiffs":false,"previousEventId":"qa80uiv737uscbc","previousOperationId":"xgateqmvi2y0gw2","operationId":"xgateqmvi2y0gw2","timestamp":1744197574371,"id":"rxufqfxbrxfb8ce"}
