{"type":"operationStart","subtype":"profile","data":{"_id":"bPDfCTxH3n9md3l5","timestamp":"2025-04-09T14:16:24.350Z","state":"queued","mode":"standard","creationDate":"2025-04-09T14:16:24.352Z","modificationDate":"2025-04-09T14:16:24.352Z","shortid":"ayICFwp","$entitySet":"profiles"},"doDiffs":false,"timestamp":1744208184351,"id":"e2fz2eemj67di6p","previousOperationId":null,"operationId":"4f8nc6khs55sdpx"}
{"type":"log","level":"info","message":"Render request 85 queued for execution and waiting for available worker","previousOperationId":"4f8nc6khs55sdpx","timestamp":1744208184351,"id":"2ymblty5nzylbkd"}
{"type":"operationStart","subtype":"render","name":"myTemplate","previousOperationId":"4f8nc6khs55sdpx","timestamp":1744208184363,"id":"zufbl8iphprzixi","previousEventId":"e2fz2eemj67di6p","operationId":"jylsc2fb3du4poi"}
{"type":"log","timestamp":1744208184363,"level":"info","message":"Starting rendering request 85","meta":{"rootId":"xnfmm1qo14gaouv","id":"xnfmm1qo14gaouv"},"id":"7i8mrvq4uj7nka8","previousOperationId":"jylsc2fb3du4poi"}
{"type":"log","timestamp":1744208184363,"level":"info","message":"Rendering template { name: myTemplate, recipe: chrome-pdf, engine: handlebars, preview: true }","meta":{"rootId":"xnfmm1qo14gaouv","id":"xnfmm1qo14gaouv"},"id":"zr21ise0js5547w","previousOperationId":"jylsc2fb3du4poi"}
{"type":"log","timestamp":1744208184364,"level":"debug","message":"Adding sample data HUavgV0Kc","meta":{"rootId":"xnfmm1qo14gaouv","id":"xnfmm1qo14gaouv"},"id":"8ht3txx4sr32y3h","previousOperationId":"jylsc2fb3du4poi"}
{"type":"log","timestamp":1744208184365,"level":"debug","message":"Base url not specified, skipping its injection.","meta":{"rootId":"xnfmm1qo14gaouv","id":"xnfmm1qo14gaouv"},"id":"gjkhf44sxdp3cuj","previousOperationId":"jylsc2fb3du4poi"}
{"type":"operationStart","subtype":"engine","name":"handlebars","timestamp":1744208184365,"id":"jkjozh0gryxbnl7","previousEventId":"zufbl8iphprzixi","operationId":"fx528go6re67kd3","previousOperationId":"jylsc2fb3du4poi"}
{"type":"log","timestamp":1744208184365,"level":"debug","message":"Rendering engine handlebars","meta":{"rootId":"xnfmm1qo14gaouv","id":"xnfmm1qo14gaouv"},"id":"drscvo5g73kuo0n","previousOperationId":"fx528go6re67kd3"}
{"type":"operationEnd","operationId":"fx528go6re67kd3","timestamp":1744208184395,"id":"owqbn5ohvpjzbby","previousEventId":"jkjozh0gryxbnl7","previousOperationId":"fx528go6re67kd3"}
{"type":"operationStart","subtype":"recipe","name":"chrome-pdf","timestamp":1744208184395,"id":"qc9899ihtvadakk","previousEventId":"owqbn5ohvpjzbby","operationId":"r7bmhj5de0e6s4p","previousOperationId":"fx528go6re67kd3"}
{"type":"log","timestamp":1744208184395,"level":"debug","message":"Executing recipe chrome-pdf","meta":{"rootId":"xnfmm1qo14gaouv","id":"xnfmm1qo14gaouv"},"id":"iwrdtrr41dnblxf","previousOperationId":"r7bmhj5de0e6s4p"}
{"type":"log","timestamp":1744208184398,"level":"debug","message":"Converting with chrome Chrome/133.0.6943.126 using chrome-pool strategy","meta":{"rootId":"xnfmm1qo14gaouv","id":"xnfmm1qo14gaouv"},"id":"c62qjiazpqwdn15","previousOperationId":"r7bmhj5de0e6s4p"}
{"type":"log","timestamp":1744208184469,"level":"debug","message":"Page request: GET (document) file:///C:/Users/Patheo24/AppData/Local/Temp/jsreport/autocleanup/9cbcd3c1-66fb-4158-bdc8-70006eaf1248-chrome-pdf.html","meta":{"rootId":"xnfmm1qo14gaouv","id":"xnfmm1qo14gaouv"},"id":"j492a2vfrtrnast","previousOperationId":"r7bmhj5de0e6s4p"}
{"type":"log","timestamp":1744208184496,"level":"debug","message":"Page request finished: GET (document) 200 file:///C:/Users/Patheo24/AppData/Local/Temp/jsreport/autocleanup/9cbcd3c1-66fb-4158-bdc8-70006eaf1248-chrome-pdf.html","meta":{"rootId":"xnfmm1qo14gaouv","id":"xnfmm1qo14gaouv"},"id":"g8zl9fl22ilx12l","previousOperationId":"r7bmhj5de0e6s4p"}
{"type":"log","timestamp":1744208184506,"level":"debug","message":"(console:info) Slow network is detected. See https://www.chromestatus.com/feature/5636954674692096 for more details. Fallback font will be used while loading: http://localhost:5488/fonts/kalpurush.ttf","meta":{"userLevel":true,"rootId":"xnfmm1qo14gaouv","id":"xnfmm1qo14gaouv"},"id":"0ge3zpjopcu5wrj","previousOperationId":"r7bmhj5de0e6s4p"}
{"type":"log","timestamp":1744208184506,"level":"debug","message":"Page request: GET (image) https://res.cloudinary.com/dpes1dyqb/image/upload/v1738768933/logo_myycxt.jpg","meta":{"rootId":"xnfmm1qo14gaouv","id":"xnfmm1qo14gaouv"},"id":"ghe1zko1t129j06","previousOperationId":"r7bmhj5de0e6s4p"}
{"type":"log","timestamp":1744208184507,"level":"debug","message":"Page request: GET (font) http://localhost:5488/fonts/kalpurush.ttf","meta":{"rootId":"xnfmm1qo14gaouv","id":"xnfmm1qo14gaouv"},"id":"e4p9otzrg4c9az3","previousOperationId":"r7bmhj5de0e6s4p"}
{"type":"log","timestamp":1744208184561,"level":"debug","message":"Page request: GET (font) http://localhost:5488/fonts/kalpurush.ttf","meta":{"rootId":"xnfmm1qo14gaouv","id":"xnfmm1qo14gaouv"},"id":"qoss25zhwrvlsem","previousOperationId":"r7bmhj5de0e6s4p"}
{"type":"log","timestamp":1744208184562,"level":"debug","message":"Page request finished: GET (image) 200 https://res.cloudinary.com/dpes1dyqb/image/upload/v1738768933/logo_myycxt.jpg","meta":{"rootId":"xnfmm1qo14gaouv","id":"xnfmm1qo14gaouv"},"id":"4l849drf6u2b4vr","previousOperationId":"r7bmhj5de0e6s4p"}
{"type":"log","timestamp":1744208184568,"level":"debug","message":"(console:error) Failed to load resource: the server responded with a status of 404 (Not Found)","meta":{"userLevel":true,"rootId":"xnfmm1qo14gaouv","id":"xnfmm1qo14gaouv"},"id":"v485pgy2x1yhxqa","previousOperationId":"r7bmhj5de0e6s4p"}
{"type":"log","timestamp":1744208184568,"level":"warn","message":"Page request failed: GET (font) http://localhost:5488/fonts/kalpurush.ttf, failure: net::ERR_ABORTED","meta":{"rootId":"xnfmm1qo14gaouv","id":"xnfmm1qo14gaouv"},"id":"0mjnwwx11euwjp8","previousOperationId":"r7bmhj5de0e6s4p"}
{"type":"log","timestamp":1744208184577,"level":"debug","message":"Running chrome with params {\"printBackground\":true,\"format\":\"A5\",\"marginRight\":\"\",\"height\":\"\",\"marginTop\":\"\",\"marginBottom\":\"\",\"marginLeft\":\"\",\"displayHeaderFooter\":true,\"width\":\"\",\"timeout\":59953,\"margin\":{\"top\":\"\",\"right\":\"\",\"bottom\":\"\",\"left\":\"\"}}","meta":{"rootId":"xnfmm1qo14gaouv","id":"xnfmm1qo14gaouv"},"id":"4bdu56n2eig3xgh","previousOperationId":"r7bmhj5de0e6s4p"}
{"type":"operationEnd","operationId":"r7bmhj5de0e6s4p","timestamp":1744208184915,"id":"ae7nprngdlqc7id","previousEventId":"qc9899ihtvadakk","previousOperationId":"r7bmhj5de0e6s4p"}
{"type":"log","timestamp":1744208184915,"level":"debug","message":"Skipping storing report.","meta":{"rootId":"xnfmm1qo14gaouv","id":"xnfmm1qo14gaouv"},"id":"j3lae4zoescuen1","previousOperationId":"r7bmhj5de0e6s4p"}
{"type":"log","timestamp":1744208184915,"level":"info","message":"Rendering request 85 finished in 565 ms","meta":{"rootId":"xnfmm1qo14gaouv","id":"xnfmm1qo14gaouv"},"id":"hpi72roxn0dc3fn","previousOperationId":"r7bmhj5de0e6s4p"}
{"type":"operationEnd","subtype":"render","operationId":"jylsc2fb3du4poi","timestamp":1744208184915,"id":"jyysphx8jhi1dpi","previousEventId":"ae7nprngdlqc7id","previousOperationId":"r7bmhj5de0e6s4p"}
{"type":"operationEnd","doDiffs":false,"previousEventId":"e2fz2eemj67di6p","previousOperationId":"4f8nc6khs55sdpx","operationId":"4f8nc6khs55sdpx","timestamp":1744208184920,"id":"pl5i4091jgcxwn7"}
