{"type":"operationStart","subtype":"profile","data":{"_id":"c5sZZS43TGGs1Zvg","timestamp":"2025-04-10T16:54:20.012Z","state":"running","mode":"standard","creationDate":"2025-04-10T16:54:20.016Z","modificationDate":"2025-04-10T16:54:20.016Z","shortid":"YHFM9y9","$entitySet":"profiles","timeout":60000,"templateShortid":"2tjN-EB9Yu"},"doDiffs":false,"timestamp":1744304060014,"id":"x6jq061odqakbug","previousOperationId":null,"operationId":"i2chir0mkniej7v"}
{"type":"log","level":"info","message":"Render request 35 queued for execution and waiting for available worker","previousOperationId":"i2chir0mkniej7v","timestamp":1744304060014,"id":"744i9pk45rf1oz2"}
{"type":"operationStart","subtype":"render","name":"myTemplate","previousOperationId":"i2chir0mkniej7v","timestamp":1744304060150,"id":"sr4prj0lh1zjjzi","previousEventId":"x6jq061odqakbug","operationId":"ga4n81brroh6vzx"}
{"type":"log","timestamp":1744304060160,"level":"info","message":"Starting rendering request 35","meta":{"rootId":"xqla6wuq55fmrsw","id":"xqla6wuq55fmrsw"},"id":"2t77uppnsr5rftr","previousOperationId":"ga4n81brroh6vzx"}
{"type":"log","timestamp":1744304060173,"level":"info","message":"Rendering template { name: myTemplate, recipe: chrome-pdf, engine: handlebars, preview: false }","meta":{"rootId":"xqla6wuq55fmrsw","id":"xqla6wuq55fmrsw"},"id":"be1zkpp8p4mf5iw","previousOperationId":"ga4n81brroh6vzx"}
{"type":"log","timestamp":1744304060181,"level":"debug","message":"Inline data specified.","meta":{"rootId":"xqla6wuq55fmrsw","id":"xqla6wuq55fmrsw"},"id":"yfzft89mfl16rv0","previousOperationId":"ga4n81brroh6vzx"}
{"type":"log","timestamp":1744304060185,"level":"debug","message":"Base url not specified, skipping its injection.","meta":{"rootId":"xqla6wuq55fmrsw","id":"xqla6wuq55fmrsw"},"id":"umv0ohg4y1vw1uk","previousOperationId":"ga4n81brroh6vzx"}
{"type":"operationStart","subtype":"engine","name":"handlebars","timestamp":1744304060191,"id":"q5884u80iw6dy5o","previousEventId":"sr4prj0lh1zjjzi","operationId":"510sq2iiiap5fqv","previousOperationId":"ga4n81brroh6vzx"}
{"type":"log","timestamp":1744304060192,"level":"debug","message":"Rendering engine handlebars","meta":{"rootId":"xqla6wuq55fmrsw","id":"xqla6wuq55fmrsw"},"id":"ntaimikhqiibawg","previousOperationId":"510sq2iiiap5fqv"}
{"type":"operationEnd","operationId":"510sq2iiiap5fqv","timestamp":1744304060280,"id":"wyvisrqarrugw91","previousEventId":"q5884u80iw6dy5o","previousOperationId":"510sq2iiiap5fqv"}
{"type":"operationStart","subtype":"recipe","name":"chrome-pdf","timestamp":1744304060282,"id":"klyb0dmwwfe2yzq","previousEventId":"wyvisrqarrugw91","operationId":"xnagzine01b83uc","previousOperationId":"510sq2iiiap5fqv"}
{"type":"log","timestamp":1744304060282,"level":"debug","message":"Executing recipe chrome-pdf","meta":{"rootId":"xqla6wuq55fmrsw","id":"xqla6wuq55fmrsw"},"id":"1jq1q0p9pbf9ro0","previousOperationId":"xnagzine01b83uc"}
{"type":"log","timestamp":1744304060706,"level":"debug","message":"Converting with chrome Chrome/133.0.6943.126 using chrome-pool strategy","meta":{"rootId":"xqla6wuq55fmrsw","id":"xqla6wuq55fmrsw"},"id":"v5bpbzq9iqyflnu","previousOperationId":"xnagzine01b83uc"}
{"type":"log","timestamp":1744304060793,"level":"debug","message":"Page request: GET (document) file:///C:/Users/Patheo24/AppData/Local/Temp/jsreport/autocleanup/06728653-0311-431b-9e74-82fc760fbb55-chrome-pdf.html","meta":{"rootId":"xqla6wuq55fmrsw","id":"xqla6wuq55fmrsw"},"id":"roq7fozwvh8i755","previousOperationId":"xnagzine01b83uc"}
{"type":"log","timestamp":1744304060816,"level":"debug","message":"Page request finished: GET (document) 200 file:///C:/Users/Patheo24/AppData/Local/Temp/jsreport/autocleanup/06728653-0311-431b-9e74-82fc760fbb55-chrome-pdf.html","meta":{"rootId":"xqla6wuq55fmrsw","id":"xqla6wuq55fmrsw"},"id":"xe6px0sl6t6pipl","previousOperationId":"xnagzine01b83uc"}
{"type":"log","timestamp":1744304060821,"level":"debug","message":"Page request: GET (font) http://localhost:5488/fonts/kalpurush.ttf","meta":{"rootId":"xqla6wuq55fmrsw","id":"xqla6wuq55fmrsw"},"id":"bwcabdtba9stq6z","previousOperationId":"xnagzine01b83uc"}
{"type":"log","timestamp":1744304060822,"level":"debug","message":"Page request: GET (image) https://res.cloudinary.com/dpes1dyqb/image/upload/v1738768933/logo_myycxt.jpg","meta":{"rootId":"xqla6wuq55fmrsw","id":"xqla6wuq55fmrsw"},"id":"wpvalu31injk4fj","previousOperationId":"xnagzine01b83uc"}
{"type":"log","timestamp":1744304060897,"level":"debug","message":"Page request: GET (font) http://localhost:5488/fonts/kalpurush.ttf","meta":{"rootId":"xqla6wuq55fmrsw","id":"xqla6wuq55fmrsw"},"id":"eawvwai5cqtksyx","previousOperationId":"xnagzine01b83uc"}
{"type":"log","timestamp":1744304060917,"level":"debug","message":"(console:error) Failed to load resource: the server responded with a status of 404 (Not Found)","meta":{"userLevel":true,"rootId":"xqla6wuq55fmrsw","id":"xqla6wuq55fmrsw"},"id":"jv2b3ov8kdp0d6n","previousOperationId":"xnagzine01b83uc"}
{"type":"log","timestamp":1744304060917,"level":"warn","message":"Page request failed: GET (font) http://localhost:5488/fonts/kalpurush.ttf, failure: net::ERR_ABORTED","meta":{"rootId":"xqla6wuq55fmrsw","id":"xqla6wuq55fmrsw"},"id":"5be6z1hqxoyqaxc","previousOperationId":"xnagzine01b83uc"}
{"type":"log","timestamp":1744304061072,"level":"debug","message":"Page request finished: GET (image) 200 https://res.cloudinary.com/dpes1dyqb/image/upload/v1738768933/logo_myycxt.jpg","meta":{"rootId":"xqla6wuq55fmrsw","id":"xqla6wuq55fmrsw"},"id":"hdy6x6rvssmaile","previousOperationId":"xnagzine01b83uc"}
{"type":"log","timestamp":1744304061080,"level":"debug","message":"Running chrome with params {\"printBackground\":true,\"format\":\"A5\",\"marginRight\":\"\",\"height\":\"\",\"marginTop\":\"\",\"marginBottom\":\"\",\"marginLeft\":\"\",\"displayHeaderFooter\":true,\"width\":\"\",\"timeout\":59724,\"margin\":{\"top\":\"\",\"right\":\"\",\"bottom\":\"\",\"left\":\"\"}}","meta":{"rootId":"xqla6wuq55fmrsw","id":"xqla6wuq55fmrsw"},"id":"9gw6wjbod4e14bw","previousOperationId":"xnagzine01b83uc"}
{"type":"operationEnd","operationId":"xnagzine01b83uc","timestamp":1744304061489,"id":"8q3i2dmi90w0xk7","previousEventId":"klyb0dmwwfe2yzq","previousOperationId":"xnagzine01b83uc"}
{"type":"log","timestamp":1744304061489,"level":"debug","message":"Skipping storing report.","meta":{"rootId":"xqla6wuq55fmrsw","id":"xqla6wuq55fmrsw"},"id":"l87bgqe6pf0j66w","previousOperationId":"xnagzine01b83uc"}
{"type":"log","timestamp":1744304061489,"level":"info","message":"Rendering request 35 finished in 1478 ms","meta":{"rootId":"xqla6wuq55fmrsw","id":"xqla6wuq55fmrsw"},"id":"fksdjc6ow2i30pi","previousOperationId":"xnagzine01b83uc"}
{"type":"operationEnd","subtype":"render","operationId":"ga4n81brroh6vzx","timestamp":1744304061490,"id":"ad36bzmxw1jr97y","previousEventId":"8q3i2dmi90w0xk7","previousOperationId":"xnagzine01b83uc"}
{"type":"operationEnd","doDiffs":false,"previousEventId":"x6jq061odqakbug","previousOperationId":"i2chir0mkniej7v","operationId":"i2chir0mkniej7v","timestamp":1744304061493,"id":"2gam0gj4ggnk3s7"}
