{"type":"operationStart","subtype":"profile","data":{"_id":"JPKlh4RhYxfo4ZZf","timestamp":"2025-04-09T14:06:08.262Z","state":"queued","mode":"standard","creationDate":"2025-04-09T14:06:08.264Z","modificationDate":"2025-04-09T14:06:08.264Z","shortid":"ouCLRP7","$entitySet":"profiles"},"doDiffs":false,"timestamp":1744207568263,"id":"khxekk53goy563c","previousOperationId":null,"operationId":"7fnq5b7g11zwdw4"}
{"type":"log","level":"info","message":"Render request 65 queued for execution and waiting for available worker","previousOperationId":"7fnq5b7g11zwdw4","timestamp":1744207568263,"id":"f7hkx3s9mw16fxt"}
{"type":"operationStart","subtype":"render","name":"myTemplate","previousOperationId":"7fnq5b7g11zwdw4","timestamp":1744207568301,"id":"ekhv3vjnfbldmvu","previousEventId":"khxekk53goy563c","operationId":"sa7u5zfjtrvvvr1"}
{"type":"log","timestamp":1744207568301,"level":"info","message":"Starting rendering request 65","meta":{"rootId":"xst9k169mhxb6t2","id":"xst9k169mhxb6t2"},"id":"yv31nt336o66oh6","previousOperationId":"sa7u5zfjtrvvvr1"}
{"type":"log","timestamp":1744207568301,"level":"info","message":"Rendering template { name: myTemplate, recipe: chrome-pdf, engine: handlebars, preview: true }","meta":{"rootId":"xst9k169mhxb6t2","id":"xst9k169mhxb6t2"},"id":"q2a570g800l8q6f","previousOperationId":"sa7u5zfjtrvvvr1"}
{"type":"log","timestamp":1744207568307,"level":"debug","message":"Adding sample data HUavgV0Kc","meta":{"rootId":"xst9k169mhxb6t2","id":"xst9k169mhxb6t2"},"id":"51oer264tjg7urx","previousOperationId":"sa7u5zfjtrvvvr1"}
{"type":"log","timestamp":1744207568309,"level":"debug","message":"Base url not specified, skipping its injection.","meta":{"rootId":"xst9k169mhxb6t2","id":"xst9k169mhxb6t2"},"id":"ovtwf2rfsdmbqlr","previousOperationId":"sa7u5zfjtrvvvr1"}
{"type":"operationStart","subtype":"engine","name":"handlebars","timestamp":1744207568309,"id":"lzvrhch55p1dqhj","previousEventId":"ekhv3vjnfbldmvu","operationId":"uehmv9cgy7vz1l5","previousOperationId":"sa7u5zfjtrvvvr1"}
{"type":"log","timestamp":1744207568309,"level":"debug","message":"Rendering engine handlebars","meta":{"rootId":"xst9k169mhxb6t2","id":"xst9k169mhxb6t2"},"id":"a8nljtmf9n824rj","previousOperationId":"uehmv9cgy7vz1l5"}
{"type":"operationEnd","operationId":"uehmv9cgy7vz1l5","timestamp":1744207568328,"id":"idzcwaw9s9e5pgj","previousEventId":"lzvrhch55p1dqhj","previousOperationId":"uehmv9cgy7vz1l5"}
{"type":"operationStart","subtype":"recipe","name":"chrome-pdf","timestamp":1744207568329,"id":"9qlr532nmu3dx7r","previousEventId":"idzcwaw9s9e5pgj","operationId":"lqsp6pqr8i2oxj4","previousOperationId":"uehmv9cgy7vz1l5"}
{"type":"log","timestamp":1744207568329,"level":"debug","message":"Executing recipe chrome-pdf","meta":{"rootId":"xst9k169mhxb6t2","id":"xst9k169mhxb6t2"},"id":"38jucm55w8a9b5b","previousOperationId":"lqsp6pqr8i2oxj4"}
{"type":"log","timestamp":1744207568346,"level":"debug","message":"Converting with chrome Chrome/133.0.6943.126 using chrome-pool strategy","meta":{"rootId":"xst9k169mhxb6t2","id":"xst9k169mhxb6t2"},"id":"bgcoszdwv9kigel","previousOperationId":"lqsp6pqr8i2oxj4"}
{"type":"log","timestamp":1744207568418,"level":"debug","message":"Page request: GET (document) file:///C:/Users/Patheo24/AppData/Local/Temp/jsreport/autocleanup/e6bb1790-eeda-4aaa-9a96-59806b15daf2-chrome-pdf.html","meta":{"rootId":"xst9k169mhxb6t2","id":"xst9k169mhxb6t2"},"id":"45rlsfz7jrtimj6","previousOperationId":"lqsp6pqr8i2oxj4"}
{"type":"log","timestamp":1744207568440,"level":"debug","message":"Page request finished: GET (document) 200 file:///C:/Users/Patheo24/AppData/Local/Temp/jsreport/autocleanup/e6bb1790-eeda-4aaa-9a96-59806b15daf2-chrome-pdf.html","meta":{"rootId":"xst9k169mhxb6t2","id":"xst9k169mhxb6t2"},"id":"3n829d4x1t7uqax","previousOperationId":"lqsp6pqr8i2oxj4"}
{"type":"log","timestamp":1744207568442,"level":"debug","message":"Page request: GET (image) https://res.cloudinary.com/dpes1dyqb/image/upload/v1738768933/logo_myycxt.jpg","meta":{"rootId":"xst9k169mhxb6t2","id":"xst9k169mhxb6t2"},"id":"w9zmbf0mvgdsw9y","previousOperationId":"lqsp6pqr8i2oxj4"}
{"type":"log","timestamp":1744207568449,"level":"debug","message":"Page request: GET (font) http://localhost:5488/fonts/kalpurush.ttf","meta":{"rootId":"xst9k169mhxb6t2","id":"xst9k169mhxb6t2"},"id":"nqhomgyamfuagx6","previousOperationId":"lqsp6pqr8i2oxj4"}
{"type":"log","timestamp":1744207568500,"level":"debug","message":"Page request: GET (font) http://localhost:5488/fonts/kalpurush.ttf","meta":{"rootId":"xst9k169mhxb6t2","id":"xst9k169mhxb6t2"},"id":"w1wt5hlqj3roxv6","previousOperationId":"lqsp6pqr8i2oxj4"}
{"type":"log","timestamp":1744207568501,"level":"debug","message":"Page request finished: GET (image) 200 https://res.cloudinary.com/dpes1dyqb/image/upload/v1738768933/logo_myycxt.jpg","meta":{"rootId":"xst9k169mhxb6t2","id":"xst9k169mhxb6t2"},"id":"udx8u4dwmt1617g","previousOperationId":"lqsp6pqr8i2oxj4"}
{"type":"log","timestamp":1744207568519,"level":"debug","message":"(console:error) Failed to load resource: the server responded with a status of 404 (Not Found)","meta":{"userLevel":true,"rootId":"xst9k169mhxb6t2","id":"xst9k169mhxb6t2"},"id":"ztj4qajqr377lz7","previousOperationId":"lqsp6pqr8i2oxj4"}
{"type":"log","timestamp":1744207568519,"level":"warn","message":"Page request failed: GET (font) http://localhost:5488/fonts/kalpurush.ttf, failure: net::ERR_ABORTED","meta":{"rootId":"xst9k169mhxb6t2","id":"xst9k169mhxb6t2"},"id":"uzorsaxe48h763z","previousOperationId":"lqsp6pqr8i2oxj4"}
{"type":"log","timestamp":1744207568529,"level":"debug","message":"Running chrome with params {\"printBackground\":true,\"format\":\"A5\",\"marginRight\":\"\",\"timeout\":59917,\"margin\":{\"right\":\"\"}}","meta":{"rootId":"xst9k169mhxb6t2","id":"xst9k169mhxb6t2"},"id":"iiu136kj1i0iqs8","previousOperationId":"lqsp6pqr8i2oxj4"}
{"type":"operationEnd","operationId":"lqsp6pqr8i2oxj4","timestamp":1744207568839,"id":"eb1r4t5gs33blcg","previousEventId":"9qlr532nmu3dx7r","previousOperationId":"lqsp6pqr8i2oxj4"}
{"type":"log","timestamp":1744207568839,"level":"debug","message":"Skipping storing report.","meta":{"rootId":"xst9k169mhxb6t2","id":"xst9k169mhxb6t2"},"id":"3lva6a3sqa5gfqu","previousOperationId":"lqsp6pqr8i2oxj4"}
{"type":"log","timestamp":1744207568839,"level":"info","message":"Rendering request 65 finished in 577 ms","meta":{"rootId":"xst9k169mhxb6t2","id":"xst9k169mhxb6t2"},"id":"xhhqahmayz0dcu2","previousOperationId":"lqsp6pqr8i2oxj4"}
{"type":"operationEnd","subtype":"render","operationId":"sa7u5zfjtrvvvr1","timestamp":1744207568839,"id":"b4uwnlo8kvim7x8","previousEventId":"eb1r4t5gs33blcg","previousOperationId":"lqsp6pqr8i2oxj4"}
{"type":"operationEnd","doDiffs":false,"previousEventId":"khxekk53goy563c","previousOperationId":"7fnq5b7g11zwdw4","operationId":"7fnq5b7g11zwdw4","timestamp":1744207568843,"id":"a58a0be8rtq2rwq"}
