{"type":"operationStart","subtype":"profile","data":{"_id":"FmBs1WCrV1azzRH2","timestamp":"2025-04-11T12:17:36.570Z","state":"running","mode":"standard","creationDate":"2025-04-11T12:17:36.572Z","modificationDate":"2025-04-11T12:17:36.572Z","shortid":"0Cbe9fa","$entitySet":"profiles","timeout":60000,"templateShortid":"2tjN-EB9Yu"},"doDiffs":false,"timestamp":1744373856571,"id":"ddaq191xgmeupz9","previousOperationId":null,"operationId":"dir91jcfxv2gnap"}
{"type":"log","level":"info","message":"Render request 4 queued for execution and waiting for available worker","previousOperationId":"dir91jcfxv2gnap","timestamp":1744373856571,"id":"y2m1x4vk4zrlt97"}
{"type":"operationStart","subtype":"render","name":"myTemplate","previousOperationId":"dir91jcfxv2gnap","timestamp":1744373856579,"id":"ivukn8cdc3kkejy","previousEventId":"ddaq191xgmeupz9","operationId":"nlzpwd3s1ps7unz"}
{"type":"log","timestamp":1744373856579,"level":"info","message":"Starting rendering request 4","meta":{"rootId":"xvun7aer80olpdu","id":"xvun7aer80olpdu"},"id":"f3e5i62ixtdm3cm","previousOperationId":"nlzpwd3s1ps7unz"}
{"type":"log","timestamp":1744373856579,"level":"info","message":"Rendering template { name: myTemplate, recipe: chrome-pdf, engine: handlebars, preview: false }","meta":{"rootId":"xvun7aer80olpdu","id":"xvun7aer80olpdu"},"id":"tm4ec7zo7qcxb23","previousOperationId":"nlzpwd3s1ps7unz"}
{"type":"log","timestamp":1744373856580,"level":"debug","message":"Inline data specified.","meta":{"rootId":"xvun7aer80olpdu","id":"xvun7aer80olpdu"},"id":"4ml8o41zwcgtia1","previousOperationId":"nlzpwd3s1ps7unz"}
{"type":"log","timestamp":1744373856583,"level":"debug","message":"Base url not specified, skipping its injection.","meta":{"rootId":"xvun7aer80olpdu","id":"xvun7aer80olpdu"},"id":"etyslao76e5wezo","previousOperationId":"nlzpwd3s1ps7unz"}
{"type":"operationStart","subtype":"engine","name":"handlebars","timestamp":1744373856584,"id":"vfi7ni3tf6ia3d5","previousEventId":"ivukn8cdc3kkejy","operationId":"f9q3zj344fap7sn","previousOperationId":"nlzpwd3s1ps7unz"}
{"type":"log","timestamp":1744373856584,"level":"debug","message":"Rendering engine handlebars","meta":{"rootId":"xvun7aer80olpdu","id":"xvun7aer80olpdu"},"id":"wo2k6q7blwxcd79","previousOperationId":"f9q3zj344fap7sn"}
{"type":"operationEnd","operationId":"f9q3zj344fap7sn","timestamp":1744373856600,"id":"l0jyn3833kwehqu","previousEventId":"vfi7ni3tf6ia3d5","previousOperationId":"f9q3zj344fap7sn"}
{"type":"operationStart","subtype":"recipe","name":"chrome-pdf","timestamp":1744373856601,"id":"ee7iyufcj01nwga","previousEventId":"l0jyn3833kwehqu","operationId":"52qn8078nmmcorq","previousOperationId":"f9q3zj344fap7sn"}
{"type":"log","timestamp":1744373856601,"level":"debug","message":"Executing recipe chrome-pdf","meta":{"rootId":"xvun7aer80olpdu","id":"xvun7aer80olpdu"},"id":"3rmg890uiggwkj8","previousOperationId":"52qn8078nmmcorq"}
{"type":"log","timestamp":1744373856605,"level":"debug","message":"Converting with chrome Chrome/133.0.6943.126 using chrome-pool strategy","meta":{"rootId":"xvun7aer80olpdu","id":"xvun7aer80olpdu"},"id":"5cscrgsbdevkc7y","previousOperationId":"52qn8078nmmcorq"}
{"type":"log","timestamp":1744373856680,"level":"debug","message":"Page request: GET (document) file:///C:/Users/Patheo24/AppData/Local/Temp/jsreport/autocleanup/c24f17a1-738a-4580-b2d0-ca7e08e7fc5b-chrome-pdf.html","meta":{"rootId":"xvun7aer80olpdu","id":"xvun7aer80olpdu"},"id":"bjxha4lw80d2upm","previousOperationId":"52qn8078nmmcorq"}
{"type":"log","timestamp":1744373856706,"level":"debug","message":"Page request finished: GET (document) 200 file:///C:/Users/Patheo24/AppData/Local/Temp/jsreport/autocleanup/c24f17a1-738a-4580-b2d0-ca7e08e7fc5b-chrome-pdf.html","meta":{"rootId":"xvun7aer80olpdu","id":"xvun7aer80olpdu"},"id":"86ei3r9sh8op4g2","previousOperationId":"52qn8078nmmcorq"}
{"type":"log","timestamp":1744373856707,"level":"debug","message":"Page request: GET (image) https://res.cloudinary.com/dpes1dyqb/image/upload/v1738768933/logo_myycxt.jpg","meta":{"rootId":"xvun7aer80olpdu","id":"xvun7aer80olpdu"},"id":"t1hin5ctjs2w5sh","previousOperationId":"52qn8078nmmcorq"}
{"type":"log","timestamp":1744373856708,"level":"debug","message":"Page request: GET (font) http://localhost:5488/fonts/kalpurush.ttf","meta":{"rootId":"xvun7aer80olpdu","id":"xvun7aer80olpdu"},"id":"4zqvf5lpwnsg37u","previousOperationId":"52qn8078nmmcorq"}
{"type":"log","timestamp":1744373856711,"level":"debug","message":"Page request: GET (font) http://localhost:5488/fonts/kalpurush.ttf","meta":{"rootId":"xvun7aer80olpdu","id":"xvun7aer80olpdu"},"id":"c28ejqwdhu6kje8","previousOperationId":"52qn8078nmmcorq"}
{"type":"log","timestamp":1744373856712,"level":"debug","message":"Page request finished: GET (image) 200 https://res.cloudinary.com/dpes1dyqb/image/upload/v1738768933/logo_myycxt.jpg","meta":{"rootId":"xvun7aer80olpdu","id":"xvun7aer80olpdu"},"id":"lxl4mx0ddxf3no2","previousOperationId":"52qn8078nmmcorq"}
{"type":"log","timestamp":1744373856762,"level":"debug","message":"(console:error) Failed to load resource: the server responded with a status of 404 (Not Found)","meta":{"userLevel":true,"rootId":"xvun7aer80olpdu","id":"xvun7aer80olpdu"},"id":"mqkzi0bx0zs54nt","previousOperationId":"52qn8078nmmcorq"}
{"type":"log","timestamp":1744373856762,"level":"warn","message":"Page request failed: GET (font) http://localhost:5488/fonts/kalpurush.ttf, failure: net::ERR_ABORTED","meta":{"rootId":"xvun7aer80olpdu","id":"xvun7aer80olpdu"},"id":"vi2lunodiwf0h3s","previousOperationId":"52qn8078nmmcorq"}
{"type":"log","timestamp":1744373856773,"level":"debug","message":"Running chrome with params {\"printBackground\":true,\"format\":\"A5\",\"marginRight\":\"\",\"height\":\"\",\"marginTop\":\"\",\"marginBottom\":\"\",\"marginLeft\":\"\",\"displayHeaderFooter\":true,\"width\":\"\",\"timeout\":59965,\"margin\":{\"top\":\"\",\"right\":\"\",\"bottom\":\"\",\"left\":\"\"}}","meta":{"rootId":"xvun7aer80olpdu","id":"xvun7aer80olpdu"},"id":"fogg1xb0qhw9a98","previousOperationId":"52qn8078nmmcorq"}
{"type":"operationEnd","operationId":"52qn8078nmmcorq","timestamp":1744373857065,"id":"65uqjz93algfwrt","previousEventId":"ee7iyufcj01nwga","previousOperationId":"52qn8078nmmcorq"}
{"type":"log","timestamp":1744373857065,"level":"debug","message":"Skipping storing report.","meta":{"rootId":"xvun7aer80olpdu","id":"xvun7aer80olpdu"},"id":"syqn1ll3ilp7xet","previousOperationId":"52qn8078nmmcorq"}
{"type":"log","timestamp":1744373857065,"level":"info","message":"Rendering request 4 finished in 496 ms","meta":{"rootId":"xvun7aer80olpdu","id":"xvun7aer80olpdu"},"id":"p9b4fgrnzgxzxc4","previousOperationId":"52qn8078nmmcorq"}
{"type":"operationEnd","subtype":"render","operationId":"nlzpwd3s1ps7unz","timestamp":1744373857065,"id":"qyaduqjelf8ffz5","previousEventId":"65uqjz93algfwrt","previousOperationId":"52qn8078nmmcorq"}
{"type":"operationEnd","doDiffs":false,"previousEventId":"ddaq191xgmeupz9","previousOperationId":"dir91jcfxv2gnap","operationId":"dir91jcfxv2gnap","timestamp":1744373857071,"id":"r5bhbcmvi6r2hp2"}
