{"type":"operationStart","subtype":"profile","data":{"_id":"ePik0OAbpmWxvwY0","timestamp":"2025-04-09T13:53:41.954Z","state":"queued","mode":"standard","creationDate":"2025-04-09T13:53:41.956Z","modificationDate":"2025-04-09T13:53:41.956Z","shortid":"vEBZpf1","$entitySet":"profiles"},"doDiffs":false,"timestamp":1744206821955,"id":"opv9te9ynhb1f0j","previousOperationId":null,"operationId":"t3w7vjyr3p42er2"}
{"type":"log","level":"info","message":"Render request 45 queued for execution and waiting for available worker","previousOperationId":"t3w7vjyr3p42er2","timestamp":1744206821955,"id":"v4wks8qqh2dkzt8"}
{"type":"operationStart","subtype":"render","name":"myTemplate","previousOperationId":"t3w7vjyr3p42er2","timestamp":1744206821985,"id":"efvczr63fdtkpu8","previousEventId":"opv9te9ynhb1f0j","operationId":"jkyzwsw343kezvd"}
{"type":"log","timestamp":1744206821985,"level":"info","message":"Starting rendering request 45","meta":{"rootId":"xwj9fucvxgl07ve","id":"xwj9fucvxgl07ve"},"id":"yxsrfsfq0myud3d","previousOperationId":"jkyzwsw343kezvd"}
{"type":"log","timestamp":1744206821985,"level":"info","message":"Rendering template { name: myTemplate, recipe: chrome-pdf, engine: handlebars, preview: true }","meta":{"rootId":"xwj9fucvxgl07ve","id":"xwj9fucvxgl07ve"},"id":"hdv91nd8of7w5iq","previousOperationId":"jkyzwsw343kezvd"}
{"type":"log","timestamp":1744206821986,"level":"debug","message":"Adding sample data HUavgV0Kc","meta":{"rootId":"xwj9fucvxgl07ve","id":"xwj9fucvxgl07ve"},"id":"3pyve9shi6xhv0p","previousOperationId":"jkyzwsw343kezvd"}
{"type":"log","timestamp":1744206821988,"level":"debug","message":"Base url not specified, skipping its injection.","meta":{"rootId":"xwj9fucvxgl07ve","id":"xwj9fucvxgl07ve"},"id":"1oofqyoin87wshw","previousOperationId":"jkyzwsw343kezvd"}
{"type":"operationStart","subtype":"engine","name":"handlebars","timestamp":1744206821989,"id":"b9d9bdikg8iy5ut","previousEventId":"efvczr63fdtkpu8","operationId":"q7389hj8rxoucd8","previousOperationId":"jkyzwsw343kezvd"}
{"type":"log","timestamp":1744206821989,"level":"debug","message":"Rendering engine handlebars","meta":{"rootId":"xwj9fucvxgl07ve","id":"xwj9fucvxgl07ve"},"id":"rw42wyoiva4wd2v","previousOperationId":"q7389hj8rxoucd8"}
{"type":"operationEnd","operationId":"q7389hj8rxoucd8","timestamp":1744206822030,"id":"vgqwyr5va3abbzz","previousEventId":"b9d9bdikg8iy5ut","previousOperationId":"q7389hj8rxoucd8"}
{"type":"operationStart","subtype":"recipe","name":"chrome-pdf","timestamp":1744206822031,"id":"7739qcbdd5zvlu1","previousEventId":"vgqwyr5va3abbzz","operationId":"schb7gdcqr7zfg7","previousOperationId":"q7389hj8rxoucd8"}
{"type":"log","timestamp":1744206822031,"level":"debug","message":"Executing recipe chrome-pdf","meta":{"rootId":"xwj9fucvxgl07ve","id":"xwj9fucvxgl07ve"},"id":"23chm5lobqplryj","previousOperationId":"schb7gdcqr7zfg7"}
{"type":"log","timestamp":1744206822036,"level":"debug","message":"Converting with chrome Chrome/133.0.6943.126 using chrome-pool strategy","meta":{"rootId":"xwj9fucvxgl07ve","id":"xwj9fucvxgl07ve"},"id":"0wrmauzyzcz4j8z","previousOperationId":"schb7gdcqr7zfg7"}
{"type":"log","timestamp":1744206822092,"level":"debug","message":"Page request: GET (document) file:///C:/Users/Patheo24/AppData/Local/Temp/jsreport/autocleanup/b296bbd0-0d4a-4110-b49b-7e4a530310d7-chrome-pdf.html","meta":{"rootId":"xwj9fucvxgl07ve","id":"xwj9fucvxgl07ve"},"id":"ek0ixkndvj9cy76","previousOperationId":"schb7gdcqr7zfg7"}
{"type":"log","timestamp":1744206822121,"level":"debug","message":"Page request finished: GET (document) 200 file:///C:/Users/Patheo24/AppData/Local/Temp/jsreport/autocleanup/b296bbd0-0d4a-4110-b49b-7e4a530310d7-chrome-pdf.html","meta":{"rootId":"xwj9fucvxgl07ve","id":"xwj9fucvxgl07ve"},"id":"dwa271bf4dycwvg","previousOperationId":"schb7gdcqr7zfg7"}
{"type":"log","timestamp":1744206822127,"level":"debug","message":"Page request: GET (font) http://localhost:5488/fonts/kalpurush.ttf","meta":{"rootId":"xwj9fucvxgl07ve","id":"xwj9fucvxgl07ve"},"id":"0uabauff10n6ocg","previousOperationId":"schb7gdcqr7zfg7"}
{"type":"log","timestamp":1744206822128,"level":"debug","message":"Page request: GET (image) https://res.cloudinary.com/dpes1dyqb/image/upload/v1738768933/logo_myycxt.jpg","meta":{"rootId":"xwj9fucvxgl07ve","id":"xwj9fucvxgl07ve"},"id":"iw9grqpf1hm08j1","previousOperationId":"schb7gdcqr7zfg7"}
{"type":"log","timestamp":1744206822169,"level":"debug","message":"Page request: GET (font) http://localhost:5488/fonts/kalpurush.ttf","meta":{"rootId":"xwj9fucvxgl07ve","id":"xwj9fucvxgl07ve"},"id":"jefnsain1s89pr6","previousOperationId":"schb7gdcqr7zfg7"}
{"type":"log","timestamp":1744206822169,"level":"debug","message":"Page request finished: GET (image) 200 https://res.cloudinary.com/dpes1dyqb/image/upload/v1738768933/logo_myycxt.jpg","meta":{"rootId":"xwj9fucvxgl07ve","id":"xwj9fucvxgl07ve"},"id":"5nq078za7l799n9","previousOperationId":"schb7gdcqr7zfg7"}
{"type":"log","timestamp":1744206822174,"level":"debug","message":"(console:error) Failed to load resource: the server responded with a status of 404 (Not Found)","meta":{"userLevel":true,"rootId":"xwj9fucvxgl07ve","id":"xwj9fucvxgl07ve"},"id":"fd07lfzvak20fhf","previousOperationId":"schb7gdcqr7zfg7"}
{"type":"log","timestamp":1744206822174,"level":"warn","message":"Page request failed: GET (font) http://localhost:5488/fonts/kalpurush.ttf, failure: net::ERR_ABORTED","meta":{"rootId":"xwj9fucvxgl07ve","id":"xwj9fucvxgl07ve"},"id":"3lpe97dzx2ykwmx","previousOperationId":"schb7gdcqr7zfg7"}
{"type":"log","timestamp":1744206822184,"level":"debug","message":"Running chrome with params {\"printBackground\":true,\"format\":\"A5\",\"marginRight\":\"\",\"timeout\":59920,\"margin\":{\"right\":\"\"}}","meta":{"rootId":"xwj9fucvxgl07ve","id":"xwj9fucvxgl07ve"},"id":"x3jmiwoqoiknpnw","previousOperationId":"schb7gdcqr7zfg7"}
{"type":"operationEnd","operationId":"schb7gdcqr7zfg7","timestamp":1744206822521,"id":"xwjdl5etrpctqgr","previousEventId":"7739qcbdd5zvlu1","previousOperationId":"schb7gdcqr7zfg7"}
{"type":"log","timestamp":1744206822521,"level":"debug","message":"Skipping storing report.","meta":{"rootId":"xwj9fucvxgl07ve","id":"xwj9fucvxgl07ve"},"id":"guosll0eq0njyur","previousOperationId":"schb7gdcqr7zfg7"}
{"type":"log","timestamp":1744206822521,"level":"info","message":"Rendering request 45 finished in 567 ms","meta":{"rootId":"xwj9fucvxgl07ve","id":"xwj9fucvxgl07ve"},"id":"8c6n2o0904d727r","previousOperationId":"schb7gdcqr7zfg7"}
{"type":"operationEnd","subtype":"render","operationId":"jkyzwsw343kezvd","timestamp":1744206822521,"id":"ddg44ex7nbjqmq8","previousEventId":"xwjdl5etrpctqgr","previousOperationId":"schb7gdcqr7zfg7"}
{"type":"operationEnd","doDiffs":false,"previousEventId":"opv9te9ynhb1f0j","previousOperationId":"t3w7vjyr3p42er2","operationId":"t3w7vjyr3p42er2","timestamp":1744206822525,"id":"kz0spnsrpzrxvr5"}
