{"type":"operationStart","subtype":"profile","data":{"_id":"OlzEqlBnnMAgGnoJ","timestamp":"2025-04-09T13:45:50.099Z","state":"queued","mode":"standard","creationDate":"2025-04-09T13:45:50.101Z","modificationDate":"2025-04-09T13:45:50.101Z","shortid":"26Fd_gW","$entitySet":"profiles"},"doDiffs":false,"timestamp":1744206350100,"id":"tpzs6oes1xhtesd","previousOperationId":null,"operationId":"64ekxoc0j0bnk77"}
{"type":"log","level":"info","message":"Render request 25 queued for execution and waiting for available worker","previousOperationId":"64ekxoc0j0bnk77","timestamp":1744206350100,"id":"3bqtvxakbxlvez9"}
{"type":"operationStart","subtype":"render","name":"myTemplate","previousOperationId":"64ekxoc0j0bnk77","timestamp":1744206350131,"id":"ycwswf424k5oght","previousEventId":"tpzs6oes1xhtesd","operationId":"yhffzx9r924dlzz"}
{"type":"log","timestamp":1744206350131,"level":"info","message":"Starting rendering request 25","meta":{"rootId":"y3bbqdcxlg4wytl","id":"y3bbqdcxlg4wytl"},"id":"8v10z3hkrwuxeru","previousOperationId":"yhffzx9r924dlzz"}
{"type":"log","timestamp":1744206350131,"level":"info","message":"Rendering template { name: myTemplate, recipe: chrome-pdf, engine: handlebars, preview: true }","meta":{"rootId":"y3bbqdcxlg4wytl","id":"y3bbqdcxlg4wytl"},"id":"1n7pej8tebauwt5","previousOperationId":"yhffzx9r924dlzz"}
{"type":"log","timestamp":1744206350133,"level":"debug","message":"Adding sample data HUavgV0Kc","meta":{"rootId":"y3bbqdcxlg4wytl","id":"y3bbqdcxlg4wytl"},"id":"hxtu54curugg76l","previousOperationId":"yhffzx9r924dlzz"}
{"type":"log","timestamp":1744206350134,"level":"debug","message":"Base url not specified, skipping its injection.","meta":{"rootId":"y3bbqdcxlg4wytl","id":"y3bbqdcxlg4wytl"},"id":"m6hwj4fnnh6ky7o","previousOperationId":"yhffzx9r924dlzz"}
{"type":"operationStart","subtype":"engine","name":"handlebars","timestamp":1744206350135,"id":"d2zzelzamt2mhmg","previousEventId":"ycwswf424k5oght","operationId":"4qsf3gqi1oukrkq","previousOperationId":"yhffzx9r924dlzz"}
{"type":"log","timestamp":1744206350135,"level":"debug","message":"Rendering engine handlebars","meta":{"rootId":"y3bbqdcxlg4wytl","id":"y3bbqdcxlg4wytl"},"id":"7jdzj1t9u156wu4","previousOperationId":"4qsf3gqi1oukrkq"}
{"type":"operationEnd","operationId":"4qsf3gqi1oukrkq","timestamp":1744206350161,"id":"ysxt4q7npaqqo6l","previousEventId":"d2zzelzamt2mhmg","previousOperationId":"4qsf3gqi1oukrkq"}
{"type":"operationStart","subtype":"recipe","name":"chrome-pdf","timestamp":1744206350161,"id":"njcsqs5vwtb3sbj","previousEventId":"ysxt4q7npaqqo6l","operationId":"ppexz1lir6t9zx0","previousOperationId":"4qsf3gqi1oukrkq"}
{"type":"log","timestamp":1744206350161,"level":"debug","message":"Executing recipe chrome-pdf","meta":{"rootId":"y3bbqdcxlg4wytl","id":"y3bbqdcxlg4wytl"},"id":"1drvo94wms0c9v4","previousOperationId":"ppexz1lir6t9zx0"}
{"type":"log","timestamp":1744206350164,"level":"debug","message":"Converting with chrome Chrome/133.0.6943.126 using chrome-pool strategy","meta":{"rootId":"y3bbqdcxlg4wytl","id":"y3bbqdcxlg4wytl"},"id":"ittegykjlmjakw6","previousOperationId":"ppexz1lir6t9zx0"}
{"type":"log","timestamp":1744206350236,"level":"debug","message":"Page request: GET (document) file:///C:/Users/Patheo24/AppData/Local/Temp/jsreport/autocleanup/d80d5585-f581-46ef-820f-405e73d7cd1a-chrome-pdf.html","meta":{"rootId":"y3bbqdcxlg4wytl","id":"y3bbqdcxlg4wytl"},"id":"nmws3b01lek8pkl","previousOperationId":"ppexz1lir6t9zx0"}
{"type":"log","timestamp":1744206350262,"level":"debug","message":"Page request finished: GET (document) 200 file:///C:/Users/Patheo24/AppData/Local/Temp/jsreport/autocleanup/d80d5585-f581-46ef-820f-405e73d7cd1a-chrome-pdf.html","meta":{"rootId":"y3bbqdcxlg4wytl","id":"y3bbqdcxlg4wytl"},"id":"730os47kul3qcax","previousOperationId":"ppexz1lir6t9zx0"}
{"type":"log","timestamp":1744206350267,"level":"debug","message":"Page request: GET (image) https://res.cloudinary.com/dpes1dyqb/image/upload/v1738768933/logo_myycxt.jpg","meta":{"rootId":"y3bbqdcxlg4wytl","id":"y3bbqdcxlg4wytl"},"id":"2im8h8bp96m09i4","previousOperationId":"ppexz1lir6t9zx0"}
{"type":"log","timestamp":1744206350268,"level":"debug","message":"Page request: GET (font) http://localhost:5488/fonts/kalpurush.ttf","meta":{"rootId":"y3bbqdcxlg4wytl","id":"y3bbqdcxlg4wytl"},"id":"znr0dmfh2ndut3t","previousOperationId":"ppexz1lir6t9zx0"}
{"type":"log","timestamp":1744206350300,"level":"debug","message":"Page request: GET (font) http://localhost:5488/fonts/kalpurush.ttf","meta":{"rootId":"y3bbqdcxlg4wytl","id":"y3bbqdcxlg4wytl"},"id":"04hsbwt29ktt3kq","previousOperationId":"ppexz1lir6t9zx0"}
{"type":"log","timestamp":1744206350301,"level":"debug","message":"Page request finished: GET (image) 200 https://res.cloudinary.com/dpes1dyqb/image/upload/v1738768933/logo_myycxt.jpg","meta":{"rootId":"y3bbqdcxlg4wytl","id":"y3bbqdcxlg4wytl"},"id":"7x6r50o9ec36adu","previousOperationId":"ppexz1lir6t9zx0"}
{"type":"log","timestamp":1744206350311,"level":"debug","message":"(console:error) Failed to load resource: the server responded with a status of 404 (Not Found)","meta":{"userLevel":true,"rootId":"y3bbqdcxlg4wytl","id":"y3bbqdcxlg4wytl"},"id":"slidwb4wz2yfavp","previousOperationId":"ppexz1lir6t9zx0"}
{"type":"log","timestamp":1744206350311,"level":"warn","message":"Page request failed: GET (font) http://localhost:5488/fonts/kalpurush.ttf, failure: net::ERR_ABORTED","meta":{"rootId":"y3bbqdcxlg4wytl","id":"y3bbqdcxlg4wytl"},"id":"y7w29av2xywxch0","previousOperationId":"ppexz1lir6t9zx0"}
{"type":"log","timestamp":1744206350317,"level":"debug","message":"Running chrome with params {\"printBackground\":true,\"timeout\":59936,\"margin\":{}}","meta":{"rootId":"y3bbqdcxlg4wytl","id":"y3bbqdcxlg4wytl"},"id":"haxsakbdo58yqdr","previousOperationId":"ppexz1lir6t9zx0"}
{"type":"operationEnd","operationId":"ppexz1lir6t9zx0","timestamp":1744206350645,"id":"7wagxkcb3pvxnlq","previousEventId":"njcsqs5vwtb3sbj","previousOperationId":"ppexz1lir6t9zx0"}
{"type":"log","timestamp":1744206350645,"level":"debug","message":"Skipping storing report.","meta":{"rootId":"y3bbqdcxlg4wytl","id":"y3bbqdcxlg4wytl"},"id":"x36bu8cuyhyj6ag","previousOperationId":"ppexz1lir6t9zx0"}
{"type":"log","timestamp":1744206350645,"level":"info","message":"Rendering request 25 finished in 546 ms","meta":{"rootId":"y3bbqdcxlg4wytl","id":"y3bbqdcxlg4wytl"},"id":"plno52iacdc4iwq","previousOperationId":"ppexz1lir6t9zx0"}
{"type":"operationEnd","subtype":"render","operationId":"yhffzx9r924dlzz","timestamp":1744206350645,"id":"ywkhzdfn6voh4tc","previousEventId":"7wagxkcb3pvxnlq","previousOperationId":"ppexz1lir6t9zx0"}
{"type":"operationEnd","doDiffs":false,"previousEventId":"tpzs6oes1xhtesd","previousOperationId":"64ekxoc0j0bnk77","operationId":"64ekxoc0j0bnk77","timestamp":1744206350649,"id":"mq9jhy2q3ljp33j"}
