{"type":"operationStart","subtype":"profile","data":{"_id":"jEuRLAnhvUOVF3xU","timestamp":"2025-04-09T14:24:58.926Z","state":"queued","mode":"standard","creationDate":"2025-04-09T14:24:58.928Z","modificationDate":"2025-04-09T14:24:58.928Z","shortid":"rJgt2un","$entitySet":"profiles"},"doDiffs":false,"timestamp":1744208698927,"id":"qmd3zs29gyzq2sj","previousOperationId":null,"operationId":"x4b9tgfat9otzow"}
{"type":"log","level":"info","message":"Render request 96 queued for execution and waiting for available worker","previousOperationId":"x4b9tgfat9otzow","timestamp":1744208698927,"id":"07cr6kkj6s716du"}
{"type":"operationStart","subtype":"render","name":"myTemplate","previousOperationId":"x4b9tgfat9otzow","timestamp":1744208698939,"id":"txkxvpa66z7jkgf","previousEventId":"qmd3zs29gyzq2sj","operationId":"yun0wc2586dwvxl"}
{"type":"log","timestamp":1744208698940,"level":"info","message":"Starting rendering request 96","meta":{"rootId":"y3gvtpuphxrg4wb","id":"y3gvtpuphxrg4wb"},"id":"jywsyb9qvxxnu1g","previousOperationId":"yun0wc2586dwvxl"}
{"type":"log","timestamp":1744208698940,"level":"info","message":"Rendering template { name: myTemplate, recipe: chrome-pdf, engine: handlebars, preview: true }","meta":{"rootId":"y3gvtpuphxrg4wb","id":"y3gvtpuphxrg4wb"},"id":"tb16t4euvxy23a1","previousOperationId":"yun0wc2586dwvxl"}
{"type":"log","timestamp":1744208698940,"level":"debug","message":"Inline data specified.","meta":{"rootId":"y3gvtpuphxrg4wb","id":"y3gvtpuphxrg4wb"},"id":"3r5c4vsg1s3tas1","previousOperationId":"yun0wc2586dwvxl"}
{"type":"log","timestamp":1744208698942,"level":"debug","message":"Base url not specified, skipping its injection.","meta":{"rootId":"y3gvtpuphxrg4wb","id":"y3gvtpuphxrg4wb"},"id":"ueleunza03wcrxs","previousOperationId":"yun0wc2586dwvxl"}
{"type":"operationStart","subtype":"engine","name":"handlebars","timestamp":1744208698942,"id":"3u0udqadvhsfvxc","previousEventId":"txkxvpa66z7jkgf","operationId":"dn3zsg0xcoelfev","previousOperationId":"yun0wc2586dwvxl"}
{"type":"log","timestamp":1744208698942,"level":"debug","message":"Rendering engine handlebars","meta":{"rootId":"y3gvtpuphxrg4wb","id":"y3gvtpuphxrg4wb"},"id":"reop9yqzmf5kol3","previousOperationId":"dn3zsg0xcoelfev"}
{"type":"operationEnd","operationId":"dn3zsg0xcoelfev","timestamp":1744208698955,"id":"rw1l3kd86xag3ei","previousEventId":"3u0udqadvhsfvxc","previousOperationId":"dn3zsg0xcoelfev"}
{"type":"operationStart","subtype":"recipe","name":"chrome-pdf","timestamp":1744208698955,"id":"cjnjypxchmkz05l","previousEventId":"rw1l3kd86xag3ei","operationId":"ks9r77z50bdccth","previousOperationId":"dn3zsg0xcoelfev"}
{"type":"log","timestamp":1744208698955,"level":"debug","message":"Executing recipe chrome-pdf","meta":{"rootId":"y3gvtpuphxrg4wb","id":"y3gvtpuphxrg4wb"},"id":"e7vd53u62nen440","previousOperationId":"ks9r77z50bdccth"}
{"type":"log","timestamp":1744208698957,"level":"debug","message":"Converting with chrome Chrome/133.0.6943.126 using chrome-pool strategy","meta":{"rootId":"y3gvtpuphxrg4wb","id":"y3gvtpuphxrg4wb"},"id":"hrkxyzjcdno4wfr","previousOperationId":"ks9r77z50bdccth"}
{"type":"log","timestamp":1744208699079,"level":"debug","message":"Page request: GET (document) file:///C:/Users/Patheo24/AppData/Local/Temp/jsreport/autocleanup/4b8630d6-275e-48b5-a6d8-175c903b1b76-chrome-pdf.html","meta":{"rootId":"y3gvtpuphxrg4wb","id":"y3gvtpuphxrg4wb"},"id":"gmwyydebgopej81","previousOperationId":"ks9r77z50bdccth"}
{"type":"log","timestamp":1744208699099,"level":"debug","message":"Page request finished: GET (document) 200 file:///C:/Users/Patheo24/AppData/Local/Temp/jsreport/autocleanup/4b8630d6-275e-48b5-a6d8-175c903b1b76-chrome-pdf.html","meta":{"rootId":"y3gvtpuphxrg4wb","id":"y3gvtpuphxrg4wb"},"id":"4xoqt9s5bbwviu0","previousOperationId":"ks9r77z50bdccth"}
{"type":"log","timestamp":1744208699100,"level":"debug","message":"Page request: GET (image) https://res.cloudinary.com/dpes1dyqb/image/upload/v1738768933/logo_myycxt.jpg","meta":{"rootId":"y3gvtpuphxrg4wb","id":"y3gvtpuphxrg4wb"},"id":"zvp1s58axxojgq7","previousOperationId":"ks9r77z50bdccth"}
{"type":"log","timestamp":1744208699101,"level":"debug","message":"Page request: GET (font) http://localhost:5488/fonts/kalpurush.ttf","meta":{"rootId":"y3gvtpuphxrg4wb","id":"y3gvtpuphxrg4wb"},"id":"zwnyzlk5gg8plgc","previousOperationId":"ks9r77z50bdccth"}
{"type":"log","timestamp":1744208699147,"level":"debug","message":"Page request: GET (font) http://localhost:5488/fonts/kalpurush.ttf","meta":{"rootId":"y3gvtpuphxrg4wb","id":"y3gvtpuphxrg4wb"},"id":"l4psqyksmum4slv","previousOperationId":"ks9r77z50bdccth"}
{"type":"log","timestamp":1744208699148,"level":"debug","message":"Page request finished: GET (image) 200 https://res.cloudinary.com/dpes1dyqb/image/upload/v1738768933/logo_myycxt.jpg","meta":{"rootId":"y3gvtpuphxrg4wb","id":"y3gvtpuphxrg4wb"},"id":"ce3sjjy0s9jgomd","previousOperationId":"ks9r77z50bdccth"}
{"type":"log","timestamp":1744208699153,"level":"debug","message":"(console:error) Failed to load resource: the server responded with a status of 404 (Not Found)","meta":{"userLevel":true,"rootId":"y3gvtpuphxrg4wb","id":"y3gvtpuphxrg4wb"},"id":"1cu5z772jmx81i1","previousOperationId":"ks9r77z50bdccth"}
{"type":"log","timestamp":1744208699154,"level":"warn","message":"Page request failed: GET (font) http://localhost:5488/fonts/kalpurush.ttf, failure: net::ERR_ABORTED","meta":{"rootId":"y3gvtpuphxrg4wb","id":"y3gvtpuphxrg4wb"},"id":"9agtxo03nunmdxn","previousOperationId":"ks9r77z50bdccth"}
{"type":"log","timestamp":1744208699162,"level":"debug","message":"Running chrome with params {\"printBackground\":true,\"format\":\"A5\",\"marginRight\":\"\",\"height\":\"\",\"marginTop\":\"\",\"marginBottom\":\"\",\"marginLeft\":\"\",\"displayHeaderFooter\":true,\"width\":\"\",\"timeout\":59970,\"margin\":{\"top\":\"\",\"right\":\"\",\"bottom\":\"\",\"left\":\"\"}}","meta":{"rootId":"y3gvtpuphxrg4wb","id":"y3gvtpuphxrg4wb"},"id":"s4a1w4o5srdj5jx","previousOperationId":"ks9r77z50bdccth"}
{"type":"operationEnd","operationId":"ks9r77z50bdccth","timestamp":1744208699490,"id":"8ldqdc6xyu547y4","previousEventId":"cjnjypxchmkz05l","previousOperationId":"ks9r77z50bdccth"}
{"type":"log","timestamp":1744208699490,"level":"debug","message":"Skipping storing report.","meta":{"rootId":"y3gvtpuphxrg4wb","id":"y3gvtpuphxrg4wb"},"id":"0v2dv30fiti7h32","previousOperationId":"ks9r77z50bdccth"}
{"type":"log","timestamp":1744208699491,"level":"info","message":"Rendering request 96 finished in 565 ms","meta":{"rootId":"y3gvtpuphxrg4wb","id":"y3gvtpuphxrg4wb"},"id":"v9j4x0oc5r5ix67","previousOperationId":"ks9r77z50bdccth"}
{"type":"operationEnd","subtype":"render","operationId":"yun0wc2586dwvxl","timestamp":1744208699491,"id":"8l87tczxm2wys49","previousEventId":"8ldqdc6xyu547y4","previousOperationId":"ks9r77z50bdccth"}
{"type":"operationEnd","doDiffs":false,"previousEventId":"qmd3zs29gyzq2sj","previousOperationId":"x4b9tgfat9otzow","operationId":"x4b9tgfat9otzow","timestamp":1744208699495,"id":"l7i4p5paxfyozoa"}
