{"type":"operationStart","subtype":"profile","data":{"_id":"TBH9K3gvmlijlkbO","timestamp":"2025-04-10T12:59:59.072Z","state":"queued","mode":"standard","creationDate":"2025-04-10T12:59:59.078Z","modificationDate":"2025-04-10T12:59:59.078Z","shortid":"M--yNk9","$entitySet":"profiles"},"doDiffs":false,"timestamp":1744289999074,"id":"kd1zp0ec2fxwo14","previousOperationId":null,"operationId":"84ajvmsvxsdykpw"}
{"type":"log","level":"info","message":"Render request 1 queued for execution and waiting for available worker","previousOperationId":"84ajvmsvxsdykpw","timestamp":1744289999076,"id":"n1z1js6ujrssesx"}
{"type":"operationStart","subtype":"render","name":"myTemplate","previousOperationId":"84ajvmsvxsdykpw","timestamp":1744289999095,"id":"kuwgcfleyqkvatf","previousEventId":"kd1zp0ec2fxwo14","operationId":"2y9pi1qvq145fs3"}
{"type":"log","timestamp":1744289999096,"level":"info","message":"Starting rendering request 1","meta":{"rootId":"ybd5fevkodvvkuf","id":"ybd5fevkodvvkuf"},"id":"tvkitx2f7uz8z3h","previousOperationId":"2y9pi1qvq145fs3"}
{"type":"log","timestamp":1744289999096,"level":"info","message":"Rendering template { name: myTemplate, recipe: chrome-pdf, engine: handlebars, preview: true }","meta":{"rootId":"ybd5fevkodvvkuf","id":"ybd5fevkodvvkuf"},"id":"gj1ud0s4h1vi3dd","previousOperationId":"2y9pi1qvq145fs3"}
{"type":"log","timestamp":1744289999098,"level":"debug","message":"Adding sample data HUavgV0Kc","meta":{"rootId":"ybd5fevkodvvkuf","id":"ybd5fevkodvvkuf"},"id":"n7zovkbq1tt9qx0","previousOperationId":"2y9pi1qvq145fs3"}
{"type":"log","timestamp":1744289999101,"level":"debug","message":"Base url not specified, skipping its injection.","meta":{"rootId":"ybd5fevkodvvkuf","id":"ybd5fevkodvvkuf"},"id":"1f4k5hasgiroupt","previousOperationId":"2y9pi1qvq145fs3"}
{"type":"operationStart","subtype":"engine","name":"handlebars","timestamp":1744289999102,"id":"27f7v7gudh93y1c","previousEventId":"kuwgcfleyqkvatf","operationId":"ruw3toulfypyn4k","previousOperationId":"2y9pi1qvq145fs3"}
{"type":"log","timestamp":1744289999102,"level":"debug","message":"Rendering engine handlebars","meta":{"rootId":"ybd5fevkodvvkuf","id":"ybd5fevkodvvkuf"},"id":"sdknczb2bdux5sd","previousOperationId":"ruw3toulfypyn4k"}
{"type":"operationEnd","operationId":"ruw3toulfypyn4k","timestamp":1744289999677,"id":"56gvfkyjf86ii5t","previousEventId":"27f7v7gudh93y1c","previousOperationId":"ruw3toulfypyn4k"}
{"type":"operationStart","subtype":"recipe","name":"chrome-pdf","timestamp":1744289999677,"id":"by99j85c5o1o60v","previousEventId":"56gvfkyjf86ii5t","operationId":"mzz9wh8ttge4xd9","previousOperationId":"ruw3toulfypyn4k"}
{"type":"log","timestamp":1744289999677,"level":"debug","message":"Executing recipe chrome-pdf","meta":{"rootId":"ybd5fevkodvvkuf","id":"ybd5fevkodvvkuf"},"id":"vaa0qggqqyb6vq8","previousOperationId":"mzz9wh8ttge4xd9"}
{"type":"log","timestamp":1744290000498,"level":"debug","message":"Converting with chrome Chrome/133.0.6943.126 using chrome-pool strategy","meta":{"rootId":"ybd5fevkodvvkuf","id":"ybd5fevkodvvkuf"},"id":"wocrknq3mp1o5y5","previousOperationId":"mzz9wh8ttge4xd9"}
{"type":"log","timestamp":1744290000676,"level":"debug","message":"Page request: GET (document) file:///C:/Users/Patheo24/AppData/Local/Temp/jsreport/autocleanup/83207995-aaaa-45f5-b416-000a40465c15-chrome-pdf.html","meta":{"rootId":"ybd5fevkodvvkuf","id":"ybd5fevkodvvkuf"},"id":"9zebqlnzet6fzzj","previousOperationId":"mzz9wh8ttge4xd9"}
{"type":"log","timestamp":1744290000706,"level":"debug","message":"Page request finished: GET (document) 200 file:///C:/Users/Patheo24/AppData/Local/Temp/jsreport/autocleanup/83207995-aaaa-45f5-b416-000a40465c15-chrome-pdf.html","meta":{"rootId":"ybd5fevkodvvkuf","id":"ybd5fevkodvvkuf"},"id":"ohn87oo2qq3e4xg","previousOperationId":"mzz9wh8ttge4xd9"}
{"type":"log","timestamp":1744290000707,"level":"debug","message":"Page request: GET (image) https://res.cloudinary.com/dpes1dyqb/image/upload/v1738768933/logo_myycxt.jpg","meta":{"rootId":"ybd5fevkodvvkuf","id":"ybd5fevkodvvkuf"},"id":"z5orpoujfd67r6y","previousOperationId":"mzz9wh8ttge4xd9"}
{"type":"log","timestamp":1744290000709,"level":"debug","message":"Page request: GET (font) http://localhost:5488/fonts/kalpurush.ttf","meta":{"rootId":"ybd5fevkodvvkuf","id":"ybd5fevkodvvkuf"},"id":"fitttjeiv09esfg","previousOperationId":"mzz9wh8ttge4xd9"}
{"type":"log","timestamp":1744290000725,"level":"debug","message":"Page request: GET (font) http://localhost:5488/fonts/kalpurush.ttf","meta":{"rootId":"ybd5fevkodvvkuf","id":"ybd5fevkodvvkuf"},"id":"3t1wazi34t4hynp","previousOperationId":"mzz9wh8ttge4xd9"}
{"type":"log","timestamp":1744290000744,"level":"debug","message":"(console:error) Failed to load resource: the server responded with a status of 404 (Not Found)","meta":{"userLevel":true,"rootId":"ybd5fevkodvvkuf","id":"ybd5fevkodvvkuf"},"id":"fm61bnsum25va6h","previousOperationId":"mzz9wh8ttge4xd9"}
{"type":"log","timestamp":1744290000745,"level":"warn","message":"Page request failed: GET (font) http://localhost:5488/fonts/kalpurush.ttf, failure: net::ERR_ABORTED","meta":{"rootId":"ybd5fevkodvvkuf","id":"ybd5fevkodvvkuf"},"id":"e4f3azhix4odj7x","previousOperationId":"mzz9wh8ttge4xd9"}
{"type":"log","timestamp":1744290000857,"level":"debug","message":"Page request finished: GET (image) 200 https://res.cloudinary.com/dpes1dyqb/image/upload/v1738768933/logo_myycxt.jpg","meta":{"rootId":"ybd5fevkodvvkuf","id":"ybd5fevkodvvkuf"},"id":"kxb1j585oe001i7","previousOperationId":"mzz9wh8ttge4xd9"}
{"type":"log","timestamp":1744290000874,"level":"debug","message":"Running chrome with params {\"printBackground\":true,\"format\":\"A5\",\"marginRight\":\"\",\"height\":\"\",\"marginTop\":\"\",\"marginBottom\":\"\",\"marginLeft\":\"\",\"displayHeaderFooter\":true,\"width\":\"\",\"timeout\":59076,\"margin\":{\"top\":\"\",\"right\":\"\",\"bottom\":\"\",\"left\":\"\"}}","meta":{"rootId":"ybd5fevkodvvkuf","id":"ybd5fevkodvvkuf"},"id":"1z84epz683pl4bm","previousOperationId":"mzz9wh8ttge4xd9"}
{"type":"operationEnd","operationId":"mzz9wh8ttge4xd9","timestamp":1744290001297,"id":"sjycsp5boy77wg6","previousEventId":"by99j85c5o1o60v","previousOperationId":"mzz9wh8ttge4xd9"}
{"type":"log","timestamp":1744290001298,"level":"debug","message":"Skipping storing report.","meta":{"rootId":"ybd5fevkodvvkuf","id":"ybd5fevkodvvkuf"},"id":"w0y73xnz9kb1hyi","previousOperationId":"mzz9wh8ttge4xd9"}
{"type":"log","timestamp":1744290001298,"level":"info","message":"Rendering request 1 finished in 2227 ms","meta":{"rootId":"ybd5fevkodvvkuf","id":"ybd5fevkodvvkuf"},"id":"vh8xli8ra9jd1xo","previousOperationId":"mzz9wh8ttge4xd9"}
{"type":"operationEnd","subtype":"render","operationId":"2y9pi1qvq145fs3","timestamp":1744290001298,"id":"aape9xksjr7xieo","previousEventId":"sjycsp5boy77wg6","previousOperationId":"mzz9wh8ttge4xd9"}
{"type":"operationEnd","doDiffs":false,"previousEventId":"kd1zp0ec2fxwo14","previousOperationId":"84ajvmsvxsdykpw","operationId":"84ajvmsvxsdykpw","timestamp":1744290001325,"id":"1o25n87ge95d7p1"}
