{"type":"operationStart","subtype":"profile","data":{"_id":"iKSnNy2qIJ7ukIAV","timestamp":"2025-04-10T12:14:05.487Z","state":"queued","mode":"standard","creationDate":"2025-04-10T12:14:05.492Z","modificationDate":"2025-04-10T12:14:05.492Z","shortid":"LQy5dxh","$entitySet":"profiles"},"doDiffs":false,"timestamp":1744287245489,"id":"mop1vqca6xe2jl0","previousOperationId":null,"operationId":"1h1et25jmp2ufki"}
{"type":"log","level":"info","message":"Render request 1 queued for execution and waiting for available worker","previousOperationId":"1h1et25jmp2ufki","timestamp":1744287245490,"id":"5vmwtun1zilem3o"}
{"type":"operationStart","subtype":"render","name":"myTemplate","previousOperationId":"1h1et25jmp2ufki","timestamp":1744287245526,"id":"3z5ewf2wn6jp8x5","previousEventId":"mop1vqca6xe2jl0","operationId":"2yn8lw0fe22rtq7"}
{"type":"log","timestamp":1744287245527,"level":"info","message":"Starting rendering request 1","meta":{"rootId":"ycdadzjyfrick9g","id":"ycdadzjyfrick9g"},"id":"89sa1kf222qb5ub","previousOperationId":"2yn8lw0fe22rtq7"}
{"type":"log","timestamp":1744287245528,"level":"info","message":"Rendering template { name: myTemplate, recipe: chrome-pdf, engine: handlebars, preview: true }","meta":{"rootId":"ycdadzjyfrick9g","id":"ycdadzjyfrick9g"},"id":"qwxi7ylrpjjv6gs","previousOperationId":"2yn8lw0fe22rtq7"}
{"type":"log","timestamp":1744287245530,"level":"debug","message":"Adding sample data HUavgV0Kc","meta":{"rootId":"ycdadzjyfrick9g","id":"ycdadzjyfrick9g"},"id":"x48g7rlppw4az6g","previousOperationId":"2yn8lw0fe22rtq7"}
{"type":"log","timestamp":1744287245533,"level":"debug","message":"Base url not specified, skipping its injection.","meta":{"rootId":"ycdadzjyfrick9g","id":"ycdadzjyfrick9g"},"id":"0y194rk8htte8g7","previousOperationId":"2yn8lw0fe22rtq7"}
{"type":"operationStart","subtype":"engine","name":"handlebars","timestamp":1744287245535,"id":"105ku6rqf1wc6bx","previousEventId":"3z5ewf2wn6jp8x5","operationId":"dxoypvaabmyevi7","previousOperationId":"2yn8lw0fe22rtq7"}
{"type":"log","timestamp":1744287245535,"level":"debug","message":"Rendering engine handlebars","meta":{"rootId":"ycdadzjyfrick9g","id":"ycdadzjyfrick9g"},"id":"htzcbq470j8hdbf","previousOperationId":"dxoypvaabmyevi7"}
{"type":"operationEnd","operationId":"dxoypvaabmyevi7","timestamp":1744287246246,"id":"i0upze8es9em5a8","previousEventId":"105ku6rqf1wc6bx","previousOperationId":"dxoypvaabmyevi7"}
{"type":"operationStart","subtype":"recipe","name":"chrome-pdf","timestamp":1744287246247,"id":"ghh662zoqekuotw","previousEventId":"i0upze8es9em5a8","operationId":"0vawfnfortrhp7j","previousOperationId":"dxoypvaabmyevi7"}
{"type":"log","timestamp":1744287246247,"level":"debug","message":"Executing recipe chrome-pdf","meta":{"rootId":"ycdadzjyfrick9g","id":"ycdadzjyfrick9g"},"id":"8ixilbla9gdx0t6","previousOperationId":"0vawfnfortrhp7j"}
{"type":"log","timestamp":1744287247187,"level":"debug","message":"Converting with chrome Chrome/133.0.6943.126 using chrome-pool strategy","meta":{"rootId":"ycdadzjyfrick9g","id":"ycdadzjyfrick9g"},"id":"k3pu89xx85nk7li","previousOperationId":"0vawfnfortrhp7j"}
{"type":"log","timestamp":1744287247374,"level":"debug","message":"Page request: GET (document) file:///C:/Users/Patheo24/AppData/Local/Temp/jsreport/autocleanup/7fd47046-729f-4d82-9b0d-72c81ea8fb12-chrome-pdf.html","meta":{"rootId":"ycdadzjyfrick9g","id":"ycdadzjyfrick9g"},"id":"qtw9nh0cqcasvtm","previousOperationId":"0vawfnfortrhp7j"}
{"type":"log","timestamp":1744287247404,"level":"debug","message":"Page request finished: GET (document) 200 file:///C:/Users/Patheo24/AppData/Local/Temp/jsreport/autocleanup/7fd47046-729f-4d82-9b0d-72c81ea8fb12-chrome-pdf.html","meta":{"rootId":"ycdadzjyfrick9g","id":"ycdadzjyfrick9g"},"id":"xukecicwy52c7yf","previousOperationId":"0vawfnfortrhp7j"}
{"type":"log","timestamp":1744287247405,"level":"debug","message":"Page request: GET (font) http://localhost:5488/fonts/kalpurush.ttf","meta":{"rootId":"ycdadzjyfrick9g","id":"ycdadzjyfrick9g"},"id":"3ppbdhhlvad25zq","previousOperationId":"0vawfnfortrhp7j"}
{"type":"log","timestamp":1744287247406,"level":"debug","message":"Page request: GET (image) https://res.cloudinary.com/dpes1dyqb/image/upload/v1738768933/logo_myycxt.jpg","meta":{"rootId":"ycdadzjyfrick9g","id":"ycdadzjyfrick9g"},"id":"ppaaep8q83chyjx","previousOperationId":"0vawfnfortrhp7j"}
{"type":"log","timestamp":1744287247482,"level":"debug","message":"Page request: GET (font) http://localhost:5488/fonts/kalpurush.ttf","meta":{"rootId":"ycdadzjyfrick9g","id":"ycdadzjyfrick9g"},"id":"x4aqzxdk1clcg0r","previousOperationId":"0vawfnfortrhp7j"}
{"type":"log","timestamp":1744287247503,"level":"debug","message":"(console:error) Failed to load resource: the server responded with a status of 404 (Not Found)","meta":{"userLevel":true,"rootId":"ycdadzjyfrick9g","id":"ycdadzjyfrick9g"},"id":"agsqw2vhn8ddd16","previousOperationId":"0vawfnfortrhp7j"}
{"type":"log","timestamp":1744287247505,"level":"warn","message":"Page request failed: GET (font) http://localhost:5488/fonts/kalpurush.ttf, failure: net::ERR_ABORTED","meta":{"rootId":"ycdadzjyfrick9g","id":"ycdadzjyfrick9g"},"id":"av94wikbz7y1pch","previousOperationId":"0vawfnfortrhp7j"}
{"type":"log","timestamp":1744287247712,"level":"debug","message":"Page request finished: GET (image) 200 https://res.cloudinary.com/dpes1dyqb/image/upload/v1738768933/logo_myycxt.jpg","meta":{"rootId":"ycdadzjyfrick9g","id":"ycdadzjyfrick9g"},"id":"xx5c4kvp5oo9uvx","previousOperationId":"0vawfnfortrhp7j"}
{"type":"log","timestamp":1744287247722,"level":"debug","message":"Running chrome with params {\"printBackground\":true,\"format\":\"A5\",\"marginRight\":\"\",\"height\":\"\",\"marginTop\":\"\",\"marginBottom\":\"\",\"marginLeft\":\"\",\"displayHeaderFooter\":true,\"width\":\"\",\"timeout\":58865,\"margin\":{\"top\":\"\",\"right\":\"\",\"bottom\":\"\",\"left\":\"\"}}","meta":{"rootId":"ycdadzjyfrick9g","id":"ycdadzjyfrick9g"},"id":"mtqsvh7192ondc1","previousOperationId":"0vawfnfortrhp7j"}
{"type":"operationEnd","operationId":"0vawfnfortrhp7j","timestamp":1744287248097,"id":"5ca5kaz5lb7n9hq","previousEventId":"ghh662zoqekuotw","previousOperationId":"0vawfnfortrhp7j"}
{"type":"log","timestamp":1744287248098,"level":"debug","message":"Skipping storing report.","meta":{"rootId":"ycdadzjyfrick9g","id":"ycdadzjyfrick9g"},"id":"t1x9omxoe8gy0r7","previousOperationId":"0vawfnfortrhp7j"}
{"type":"log","timestamp":1744287248098,"level":"info","message":"Rendering request 1 finished in 2612 ms","meta":{"rootId":"ycdadzjyfrick9g","id":"ycdadzjyfrick9g"},"id":"wc9rfz8xjjzfhbc","previousOperationId":"0vawfnfortrhp7j"}
{"type":"operationEnd","subtype":"render","operationId":"2yn8lw0fe22rtq7","timestamp":1744287248098,"id":"4loq5sht10l22pf","previousEventId":"5ca5kaz5lb7n9hq","previousOperationId":"0vawfnfortrhp7j"}
{"type":"operationEnd","doDiffs":false,"previousEventId":"mop1vqca6xe2jl0","previousOperationId":"1h1et25jmp2ufki","operationId":"1h1et25jmp2ufki","timestamp":1744287248103,"id":"p70jx4gwq6ua946"}
