{"type":"operationStart","subtype":"profile","data":{"_id":"v8BEqQqsry5SNzYo","timestamp":"2025-04-09T14:00:51.202Z","state":"queued","mode":"standard","creationDate":"2025-04-09T14:00:51.295Z","modificationDate":"2025-04-09T14:00:51.295Z","shortid":"jbJOgTC","$entitySet":"profiles"},"doDiffs":false,"timestamp":1744207251294,"id":"mz7l7al9kk8gbie","previousOperationId":null,"operationId":"1go19gbjt1kgpch"}
{"type":"log","level":"info","message":"Render request 55 queued for execution and waiting for available worker","previousOperationId":"1go19gbjt1kgpch","timestamp":1744207251295,"id":"4rugo6m1am2a363"}
{"type":"operationStart","subtype":"render","name":"myTemplate","previousOperationId":"1go19gbjt1kgpch","timestamp":1744207251311,"id":"ov6h592xpubolx2","previousEventId":"mz7l7al9kk8gbie","operationId":"mbsqqun92b2lusj"}
{"type":"log","timestamp":1744207251311,"level":"info","message":"Starting rendering request 55","meta":{"rootId":"yjzfikarcq166rw","id":"yjzfikarcq166rw"},"id":"d9k28dmcd2szb6g","previousOperationId":"mbsqqun92b2lusj"}
{"type":"log","timestamp":1744207251312,"level":"info","message":"Rendering template { name: myTemplate, recipe: chrome-pdf, engine: handlebars, preview: true }","meta":{"rootId":"yjzfikarcq166rw","id":"yjzfikarcq166rw"},"id":"22lak0g69rjwrsc","previousOperationId":"mbsqqun92b2lusj"}
{"type":"log","timestamp":1744207251313,"level":"debug","message":"Adding sample data HUavgV0Kc","meta":{"rootId":"yjzfikarcq166rw","id":"yjzfikarcq166rw"},"id":"4iesc6goflpt3np","previousOperationId":"mbsqqun92b2lusj"}
{"type":"log","timestamp":1744207251314,"level":"debug","message":"Base url not specified, skipping its injection.","meta":{"rootId":"yjzfikarcq166rw","id":"yjzfikarcq166rw"},"id":"gteo75nn6w831q3","previousOperationId":"mbsqqun92b2lusj"}
{"type":"operationStart","subtype":"engine","name":"handlebars","timestamp":1744207251314,"id":"ar35dpohypin25q","previousEventId":"ov6h592xpubolx2","operationId":"cewmel72rlo5vww","previousOperationId":"mbsqqun92b2lusj"}
{"type":"log","timestamp":1744207251314,"level":"debug","message":"Rendering engine handlebars","meta":{"rootId":"yjzfikarcq166rw","id":"yjzfikarcq166rw"},"id":"klw53j5fqpl8tbj","previousOperationId":"cewmel72rlo5vww"}
{"type":"operationEnd","operationId":"cewmel72rlo5vww","timestamp":1744207251355,"id":"dug8uyf03fg3urd","previousEventId":"ar35dpohypin25q","previousOperationId":"cewmel72rlo5vww"}
{"type":"operationStart","subtype":"recipe","name":"chrome-pdf","timestamp":1744207251356,"id":"j2qv5j4c25golol","previousEventId":"dug8uyf03fg3urd","operationId":"4f448w2gmf6ny41","previousOperationId":"cewmel72rlo5vww"}
{"type":"log","timestamp":1744207251356,"level":"debug","message":"Executing recipe chrome-pdf","meta":{"rootId":"yjzfikarcq166rw","id":"yjzfikarcq166rw"},"id":"6fo0lfpn4v0j100","previousOperationId":"4f448w2gmf6ny41"}
{"type":"log","timestamp":1744207251372,"level":"debug","message":"Converting with chrome Chrome/133.0.6943.126 using chrome-pool strategy","meta":{"rootId":"yjzfikarcq166rw","id":"yjzfikarcq166rw"},"id":"p2e8di7tqndi5ou","previousOperationId":"4f448w2gmf6ny41"}
{"type":"log","timestamp":1744207251446,"level":"debug","message":"Page request: GET (document) file:///C:/Users/Patheo24/AppData/Local/Temp/jsreport/autocleanup/a7e1c415-069c-40ac-8d0c-422e6fb87e5c-chrome-pdf.html","meta":{"rootId":"yjzfikarcq166rw","id":"yjzfikarcq166rw"},"id":"whz8xbh6h6g8932","previousOperationId":"4f448w2gmf6ny41"}
{"type":"log","timestamp":1744207251473,"level":"debug","message":"Page request finished: GET (document) 200 file:///C:/Users/Patheo24/AppData/Local/Temp/jsreport/autocleanup/a7e1c415-069c-40ac-8d0c-422e6fb87e5c-chrome-pdf.html","meta":{"rootId":"yjzfikarcq166rw","id":"yjzfikarcq166rw"},"id":"m7zr0xkfpa26gsf","previousOperationId":"4f448w2gmf6ny41"}
{"type":"log","timestamp":1744207251481,"level":"debug","message":"Page request: GET (font) http://localhost:5488/fonts/kalpurush.ttf","meta":{"rootId":"yjzfikarcq166rw","id":"yjzfikarcq166rw"},"id":"7gluk62tb8qh9h9","previousOperationId":"4f448w2gmf6ny41"}
{"type":"log","timestamp":1744207251483,"level":"debug","message":"Page request: GET (image) https://res.cloudinary.com/dpes1dyqb/image/upload/v1738768933/logo_myycxt.jpg","meta":{"rootId":"yjzfikarcq166rw","id":"yjzfikarcq166rw"},"id":"pqpq1mlsjytblyf","previousOperationId":"4f448w2gmf6ny41"}
{"type":"log","timestamp":1744207251533,"level":"debug","message":"Page request: GET (font) http://localhost:5488/fonts/kalpurush.ttf","meta":{"rootId":"yjzfikarcq166rw","id":"yjzfikarcq166rw"},"id":"izyr6nbzx5b2zr5","previousOperationId":"4f448w2gmf6ny41"}
{"type":"log","timestamp":1744207251536,"level":"debug","message":"Page request finished: GET (image) 200 https://res.cloudinary.com/dpes1dyqb/image/upload/v1738768933/logo_myycxt.jpg","meta":{"rootId":"yjzfikarcq166rw","id":"yjzfikarcq166rw"},"id":"oe7d6vi9q7u1df5","previousOperationId":"4f448w2gmf6ny41"}
{"type":"log","timestamp":1744207251546,"level":"debug","message":"(console:error) Failed to load resource: the server responded with a status of 404 (Not Found)","meta":{"userLevel":true,"rootId":"yjzfikarcq166rw","id":"yjzfikarcq166rw"},"id":"yp1uwb7fqrlze3t","previousOperationId":"4f448w2gmf6ny41"}
{"type":"log","timestamp":1744207251546,"level":"warn","message":"Page request failed: GET (font) http://localhost:5488/fonts/kalpurush.ttf, failure: net::ERR_ABORTED","meta":{"rootId":"yjzfikarcq166rw","id":"yjzfikarcq166rw"},"id":"4x7tmmtv761hw17","previousOperationId":"4f448w2gmf6ny41"}
{"type":"log","timestamp":1744207251557,"level":"debug","message":"Running chrome with params {\"printBackground\":true,\"format\":\"A5\",\"marginRight\":\"\",\"timeout\":59844,\"margin\":{\"right\":\"\"}}","meta":{"rootId":"yjzfikarcq166rw","id":"yjzfikarcq166rw"},"id":"o4xfau6lkadbk62","previousOperationId":"4f448w2gmf6ny41"}
{"type":"operationEnd","operationId":"4f448w2gmf6ny41","timestamp":1744207251867,"id":"qvcz0a64y8by75q","previousEventId":"j2qv5j4c25golol","previousOperationId":"4f448w2gmf6ny41"}
{"type":"log","timestamp":1744207251867,"level":"debug","message":"Skipping storing report.","meta":{"rootId":"yjzfikarcq166rw","id":"yjzfikarcq166rw"},"id":"jteezdimuta3fbl","previousOperationId":"4f448w2gmf6ny41"}
{"type":"log","timestamp":1744207251867,"level":"info","message":"Rendering request 55 finished in 665 ms","meta":{"rootId":"yjzfikarcq166rw","id":"yjzfikarcq166rw"},"id":"2t2pe4d54ujj4vg","previousOperationId":"4f448w2gmf6ny41"}
{"type":"operationEnd","subtype":"render","operationId":"mbsqqun92b2lusj","timestamp":1744207251867,"id":"j5mr42wmkrkgvst","previousEventId":"qvcz0a64y8by75q","previousOperationId":"4f448w2gmf6ny41"}
{"type":"operationEnd","doDiffs":false,"previousEventId":"mz7l7al9kk8gbie","previousOperationId":"1go19gbjt1kgpch","operationId":"1go19gbjt1kgpch","timestamp":1744207251870,"id":"3lhjn2f8cf7hi6u"}
