{"type":"operationStart","subtype":"profile","data":{"_id":"gaaXGFMrFxALN6bI","timestamp":"2025-04-09T14:06:31.956Z","state":"queued","mode":"standard","creationDate":"2025-04-09T14:06:31.958Z","modificationDate":"2025-04-09T14:06:31.958Z","shortid":"3_Gfy-p","$entitySet":"profiles"},"doDiffs":false,"timestamp":1744207591957,"id":"epyp2ttr3guhdpo","previousOperationId":null,"operationId":"v7emdglpa7xa7a5"}
{"type":"log","level":"info","message":"Render request 66 queued for execution and waiting for available worker","previousOperationId":"v7emdglpa7xa7a5","timestamp":1744207591957,"id":"gtxlqy2srhf39fp"}
{"type":"operationStart","subtype":"render","name":"myTemplate","previousOperationId":"v7emdglpa7xa7a5","timestamp":1744207591970,"id":"ymque4vdupj1a9y","previousEventId":"epyp2ttr3guhdpo","operationId":"otgd8319miy0gd0"}
{"type":"log","timestamp":1744207591970,"level":"info","message":"Starting rendering request 66","meta":{"rootId":"ylt12ncl04i23an","id":"ylt12ncl04i23an"},"id":"1lhk0tdzh20q7dx","previousOperationId":"otgd8319miy0gd0"}
{"type":"log","timestamp":1744207591970,"level":"info","message":"Rendering template { name: myTemplate, recipe: chrome-pdf, engine: handlebars, preview: true }","meta":{"rootId":"ylt12ncl04i23an","id":"ylt12ncl04i23an"},"id":"dxyn2qxp6599mr3","previousOperationId":"otgd8319miy0gd0"}
{"type":"log","timestamp":1744207591971,"level":"debug","message":"Adding sample data HUavgV0Kc","meta":{"rootId":"ylt12ncl04i23an","id":"ylt12ncl04i23an"},"id":"9v94p9q0tvav2o6","previousOperationId":"otgd8319miy0gd0"}
{"type":"log","timestamp":1744207591972,"level":"debug","message":"Base url not specified, skipping its injection.","meta":{"rootId":"ylt12ncl04i23an","id":"ylt12ncl04i23an"},"id":"f465xrwyqgc45pf","previousOperationId":"otgd8319miy0gd0"}
{"type":"operationStart","subtype":"engine","name":"handlebars","timestamp":1744207591972,"id":"06ix6pajc05dcie","previousEventId":"ymque4vdupj1a9y","operationId":"vdr4c43kbzvbwkp","previousOperationId":"otgd8319miy0gd0"}
{"type":"log","timestamp":1744207591972,"level":"debug","message":"Rendering engine handlebars","meta":{"rootId":"ylt12ncl04i23an","id":"ylt12ncl04i23an"},"id":"ynipmwr3oly053i","previousOperationId":"vdr4c43kbzvbwkp"}
{"type":"operationEnd","operationId":"vdr4c43kbzvbwkp","timestamp":1744207591995,"id":"5yp8acjmzsret8r","previousEventId":"06ix6pajc05dcie","previousOperationId":"vdr4c43kbzvbwkp"}
{"type":"operationStart","subtype":"recipe","name":"chrome-pdf","timestamp":1744207591995,"id":"xbnohhw7xtag5sg","previousEventId":"5yp8acjmzsret8r","operationId":"35oecel9vjrjuhh","previousOperationId":"vdr4c43kbzvbwkp"}
{"type":"log","timestamp":1744207591996,"level":"debug","message":"Executing recipe chrome-pdf","meta":{"rootId":"ylt12ncl04i23an","id":"ylt12ncl04i23an"},"id":"smrzylw0gvvvgo0","previousOperationId":"35oecel9vjrjuhh"}
{"type":"log","timestamp":1744207592000,"level":"debug","message":"Converting with chrome Chrome/133.0.6943.126 using chrome-pool strategy","meta":{"rootId":"ylt12ncl04i23an","id":"ylt12ncl04i23an"},"id":"evgzuydptsmeeht","previousOperationId":"35oecel9vjrjuhh"}
{"type":"log","timestamp":1744207592070,"level":"debug","message":"Page request: GET (document) file:///C:/Users/Patheo24/AppData/Local/Temp/jsreport/autocleanup/a63cd8d0-3ecf-43eb-99a7-71865eb4ef14-chrome-pdf.html","meta":{"rootId":"ylt12ncl04i23an","id":"ylt12ncl04i23an"},"id":"m521ulfpnh1kpd6","previousOperationId":"35oecel9vjrjuhh"}
{"type":"log","timestamp":1744207592095,"level":"debug","message":"Page request finished: GET (document) 200 file:///C:/Users/Patheo24/AppData/Local/Temp/jsreport/autocleanup/a63cd8d0-3ecf-43eb-99a7-71865eb4ef14-chrome-pdf.html","meta":{"rootId":"ylt12ncl04i23an","id":"ylt12ncl04i23an"},"id":"jovyf6agz3sse1m","previousOperationId":"35oecel9vjrjuhh"}
{"type":"log","timestamp":1744207592100,"level":"debug","message":"Page request: GET (font) http://localhost:5488/fonts/kalpurush.ttf","meta":{"rootId":"ylt12ncl04i23an","id":"ylt12ncl04i23an"},"id":"53uc87l0bu73ebh","previousOperationId":"35oecel9vjrjuhh"}
{"type":"log","timestamp":1744207592100,"level":"debug","message":"Page request: GET (image) https://res.cloudinary.com/dpes1dyqb/image/upload/v1738768933/logo_myycxt.jpg","meta":{"rootId":"ylt12ncl04i23an","id":"ylt12ncl04i23an"},"id":"374fn11jn4e1s36","previousOperationId":"35oecel9vjrjuhh"}
{"type":"log","timestamp":1744207592104,"level":"debug","message":"Page request: GET (font) http://localhost:5488/fonts/kalpurush.ttf","meta":{"rootId":"ylt12ncl04i23an","id":"ylt12ncl04i23an"},"id":"xqf9n3f19tbu94k","previousOperationId":"35oecel9vjrjuhh"}
{"type":"log","timestamp":1744207592105,"level":"debug","message":"Page request finished: GET (image) 200 https://res.cloudinary.com/dpes1dyqb/image/upload/v1738768933/logo_myycxt.jpg","meta":{"rootId":"ylt12ncl04i23an","id":"ylt12ncl04i23an"},"id":"ae4z6sdo5d0alp6","previousOperationId":"35oecel9vjrjuhh"}
{"type":"log","timestamp":1744207592151,"level":"debug","message":"(console:error) Failed to load resource: the server responded with a status of 404 (Not Found)","meta":{"userLevel":true,"rootId":"ylt12ncl04i23an","id":"ylt12ncl04i23an"},"id":"y76hxzqvuihljkq","previousOperationId":"35oecel9vjrjuhh"}
{"type":"log","timestamp":1744207592151,"level":"warn","message":"Page request failed: GET (font) http://localhost:5488/fonts/kalpurush.ttf, failure: net::ERR_ABORTED","meta":{"rootId":"ylt12ncl04i23an","id":"ylt12ncl04i23an"},"id":"etltfomi4l5rhh6","previousOperationId":"35oecel9vjrjuhh"}
{"type":"log","timestamp":1744207592160,"level":"debug","message":"Running chrome with params {\"printBackground\":true,\"format\":\"A5\",\"marginRight\":\"\",\"timeout\":59957,\"margin\":{\"right\":\"\"}}","meta":{"rootId":"ylt12ncl04i23an","id":"ylt12ncl04i23an"},"id":"2d8gkmrj2353rsm","previousOperationId":"35oecel9vjrjuhh"}
{"type":"operationEnd","operationId":"35oecel9vjrjuhh","timestamp":1744207592464,"id":"22mdnrpm3pak0g0","previousEventId":"xbnohhw7xtag5sg","previousOperationId":"35oecel9vjrjuhh"}
{"type":"log","timestamp":1744207592464,"level":"debug","message":"Skipping storing report.","meta":{"rootId":"ylt12ncl04i23an","id":"ylt12ncl04i23an"},"id":"4xdbzbdkro99lys","previousOperationId":"35oecel9vjrjuhh"}
{"type":"log","timestamp":1744207592465,"level":"info","message":"Rendering request 66 finished in 509 ms","meta":{"rootId":"ylt12ncl04i23an","id":"ylt12ncl04i23an"},"id":"8wb06x1f8sh4pv7","previousOperationId":"35oecel9vjrjuhh"}
{"type":"operationEnd","subtype":"render","operationId":"otgd8319miy0gd0","timestamp":1744207592465,"id":"wv9wtofme6mai7x","previousEventId":"22mdnrpm3pak0g0","previousOperationId":"35oecel9vjrjuhh"}
{"type":"operationEnd","doDiffs":false,"previousEventId":"epyp2ttr3guhdpo","previousOperationId":"v7emdglpa7xa7a5","operationId":"v7emdglpa7xa7a5","timestamp":1744207592468,"id":"4f5eh8nltt2cz9f"}
