{"type":"operationStart","subtype":"profile","data":{"_id":"ZlEsf0LCp4bQfpNI","timestamp":"2025-04-09T14:18:18.301Z","state":"queued","mode":"standard","creationDate":"2025-04-09T14:18:18.303Z","modificationDate":"2025-04-09T14:18:18.303Z","shortid":"Je1Ilqw","$entitySet":"profiles"},"doDiffs":false,"timestamp":1744208298302,"id":"mxddh1qhkgwwf84","previousOperationId":null,"operationId":"n9u82qukdljy3tx"}
{"type":"log","level":"info","message":"Render request 91 queued for execution and waiting for available worker","previousOperationId":"n9u82qukdljy3tx","timestamp":1744208298302,"id":"iy7s6g25uor9u7c"}
{"type":"operationStart","subtype":"render","name":"myTemplate","previousOperationId":"n9u82qukdljy3tx","timestamp":1744208298315,"id":"tzyu5kzd22seno6","previousEventId":"mxddh1qhkgwwf84","operationId":"h26dapyzhtfgpgg"}
{"type":"log","timestamp":1744208298315,"level":"info","message":"Starting rendering request 91","meta":{"rootId":"ymsueefg089mtei","id":"ymsueefg089mtei"},"id":"zrqxbu1t8befnau","previousOperationId":"h26dapyzhtfgpgg"}
{"type":"log","timestamp":1744208298315,"level":"info","message":"Rendering template { name: myTemplate, recipe: chrome-pdf, engine: handlebars, preview: true }","meta":{"rootId":"ymsueefg089mtei","id":"ymsueefg089mtei"},"id":"wvsu6m8gdwo1bjt","previousOperationId":"h26dapyzhtfgpgg"}
{"type":"log","timestamp":1744208298316,"level":"debug","message":"Adding sample data HUavgV0Kc","meta":{"rootId":"ymsueefg089mtei","id":"ymsueefg089mtei"},"id":"4s1w3otosj8442u","previousOperationId":"h26dapyzhtfgpgg"}
{"type":"log","timestamp":1744208298317,"level":"debug","message":"Base url not specified, skipping its injection.","meta":{"rootId":"ymsueefg089mtei","id":"ymsueefg089mtei"},"id":"mb3gkp7e1qyl84t","previousOperationId":"h26dapyzhtfgpgg"}
{"type":"operationStart","subtype":"engine","name":"handlebars","timestamp":1744208298318,"id":"zalaiajt5ab1kna","previousEventId":"tzyu5kzd22seno6","operationId":"e71qsllaufkp8o7","previousOperationId":"h26dapyzhtfgpgg"}
{"type":"log","timestamp":1744208298318,"level":"debug","message":"Rendering engine handlebars","meta":{"rootId":"ymsueefg089mtei","id":"ymsueefg089mtei"},"id":"qy3ymuijjt04vnd","previousOperationId":"e71qsllaufkp8o7"}
{"type":"operationEnd","operationId":"e71qsllaufkp8o7","timestamp":1744208298337,"id":"up2i56hjlak3did","previousEventId":"zalaiajt5ab1kna","previousOperationId":"e71qsllaufkp8o7"}
{"type":"operationStart","subtype":"recipe","name":"chrome-pdf","timestamp":1744208298338,"id":"hj0gdef422a12co","previousEventId":"up2i56hjlak3did","operationId":"5wyoi99iwkqz6kf","previousOperationId":"e71qsllaufkp8o7"}
{"type":"log","timestamp":1744208298338,"level":"debug","message":"Executing recipe chrome-pdf","meta":{"rootId":"ymsueefg089mtei","id":"ymsueefg089mtei"},"id":"cdgdnz7kh8xzrhu","previousOperationId":"5wyoi99iwkqz6kf"}
{"type":"log","timestamp":1744208298341,"level":"debug","message":"Converting with chrome Chrome/133.0.6943.126 using chrome-pool strategy","meta":{"rootId":"ymsueefg089mtei","id":"ymsueefg089mtei"},"id":"vagf6xou735dcag","previousOperationId":"5wyoi99iwkqz6kf"}
{"type":"log","timestamp":1744208298403,"level":"debug","message":"Page request: GET (document) file:///C:/Users/Patheo24/AppData/Local/Temp/jsreport/autocleanup/df43c5f1-9c57-41b2-8f7f-9f449c560659-chrome-pdf.html","meta":{"rootId":"ymsueefg089mtei","id":"ymsueefg089mtei"},"id":"bq5lorvtetnpghv","previousOperationId":"5wyoi99iwkqz6kf"}
{"type":"log","timestamp":1744208298431,"level":"debug","message":"Page request finished: GET (document) 200 file:///C:/Users/Patheo24/AppData/Local/Temp/jsreport/autocleanup/df43c5f1-9c57-41b2-8f7f-9f449c560659-chrome-pdf.html","meta":{"rootId":"ymsueefg089mtei","id":"ymsueefg089mtei"},"id":"6n5h2m0c3ua6pi6","previousOperationId":"5wyoi99iwkqz6kf"}
{"type":"log","timestamp":1744208298432,"level":"debug","message":"Page request: GET (image) https://res.cloudinary.com/dpes1dyqb/image/upload/v1738768933/logo_myycxt.jpg","meta":{"rootId":"ymsueefg089mtei","id":"ymsueefg089mtei"},"id":"q0ke6og33aq9zlg","previousOperationId":"5wyoi99iwkqz6kf"}
{"type":"log","timestamp":1744208298433,"level":"debug","message":"(console:info) Slow network is detected. See https://www.chromestatus.com/feature/5636954674692096 for more details. Fallback font will be used while loading: http://localhost:5488/fonts/kalpurush.ttf","meta":{"userLevel":true,"rootId":"ymsueefg089mtei","id":"ymsueefg089mtei"},"id":"aiw725ahl8izezv","previousOperationId":"5wyoi99iwkqz6kf"}
{"type":"log","timestamp":1744208298434,"level":"debug","message":"Page request: GET (font) http://localhost:5488/fonts/kalpurush.ttf","meta":{"rootId":"ymsueefg089mtei","id":"ymsueefg089mtei"},"id":"rumv1gqvc602wee","previousOperationId":"5wyoi99iwkqz6kf"}
{"type":"log","timestamp":1744208298494,"level":"debug","message":"Page request: GET (font) http://localhost:5488/fonts/kalpurush.ttf","meta":{"rootId":"ymsueefg089mtei","id":"ymsueefg089mtei"},"id":"o6tdlq4q38iwl8s","previousOperationId":"5wyoi99iwkqz6kf"}
{"type":"log","timestamp":1744208298495,"level":"debug","message":"Page request finished: GET (image) 200 https://res.cloudinary.com/dpes1dyqb/image/upload/v1738768933/logo_myycxt.jpg","meta":{"rootId":"ymsueefg089mtei","id":"ymsueefg089mtei"},"id":"s1rm24emawsdoho","previousOperationId":"5wyoi99iwkqz6kf"}
{"type":"log","timestamp":1744208298499,"level":"debug","message":"(console:error) Failed to load resource: the server responded with a status of 404 (Not Found)","meta":{"userLevel":true,"rootId":"ymsueefg089mtei","id":"ymsueefg089mtei"},"id":"29wi4qnzrx3a6pm","previousOperationId":"5wyoi99iwkqz6kf"}
{"type":"log","timestamp":1744208298499,"level":"warn","message":"Page request failed: GET (font) http://localhost:5488/fonts/kalpurush.ttf, failure: net::ERR_ABORTED","meta":{"rootId":"ymsueefg089mtei","id":"ymsueefg089mtei"},"id":"4ouvdsmemccfkxi","previousOperationId":"5wyoi99iwkqz6kf"}
{"type":"log","timestamp":1744208298510,"level":"debug","message":"Running chrome with params {\"printBackground\":true,\"format\":\"A5\",\"marginRight\":\"\",\"height\":\"\",\"marginTop\":\"\",\"marginBottom\":\"\",\"marginLeft\":\"\",\"displayHeaderFooter\":true,\"width\":\"\",\"timeout\":59961,\"margin\":{\"top\":\"\",\"right\":\"\",\"bottom\":\"\",\"left\":\"\"}}","meta":{"rootId":"ymsueefg089mtei","id":"ymsueefg089mtei"},"id":"lwbhptxui8rhby5","previousOperationId":"5wyoi99iwkqz6kf"}
{"type":"operationEnd","operationId":"5wyoi99iwkqz6kf","timestamp":1744208298813,"id":"tghdblukteg5rcp","previousEventId":"hj0gdef422a12co","previousOperationId":"5wyoi99iwkqz6kf"}
{"type":"log","timestamp":1744208298813,"level":"debug","message":"Skipping storing report.","meta":{"rootId":"ymsueefg089mtei","id":"ymsueefg089mtei"},"id":"97l5ilrunkbuy8u","previousOperationId":"5wyoi99iwkqz6kf"}
{"type":"log","timestamp":1744208298813,"level":"info","message":"Rendering request 91 finished in 512 ms","meta":{"rootId":"ymsueefg089mtei","id":"ymsueefg089mtei"},"id":"5vbdu1vbzwe7gpq","previousOperationId":"5wyoi99iwkqz6kf"}
{"type":"operationEnd","subtype":"render","operationId":"h26dapyzhtfgpgg","timestamp":1744208298813,"id":"ts0p3wp8sag8dl2","previousEventId":"tghdblukteg5rcp","previousOperationId":"5wyoi99iwkqz6kf"}
{"type":"operationEnd","doDiffs":false,"previousEventId":"mxddh1qhkgwwf84","previousOperationId":"n9u82qukdljy3tx","operationId":"n9u82qukdljy3tx","timestamp":1744208298817,"id":"jl665wykn0imqyu"}
