{"type":"operationStart","subtype":"profile","data":{"_id":"Lccx7tgWrXSrJV5f","timestamp":"2025-04-11T14:10:41.846Z","state":"running","mode":"standard","creationDate":"2025-04-11T14:10:41.848Z","modificationDate":"2025-04-11T14:10:41.848Z","shortid":"q3rN6PM","$entitySet":"profiles","timeout":60000,"templateShortid":"2tjN-EB9Yu"},"doDiffs":false,"timestamp":1744380641847,"id":"ow25xv9a1fikblb","previousOperationId":null,"operationId":"gdujwudhd3ikzyo"}
{"type":"log","level":"info","message":"Render request 52 queued for execution and waiting for available worker","previousOperationId":"gdujwudhd3ikzyo","timestamp":1744380641847,"id":"p1g5g0030kpybew"}
{"type":"operationStart","subtype":"render","name":"myTemplate","previousOperationId":"gdujwudhd3ikzyo","timestamp":1744380641852,"id":"gx5lwa64rhjy2eu","previousEventId":"ow25xv9a1fikblb","operationId":"jhsanuongk7itk8"}
{"type":"log","timestamp":1744380641852,"level":"info","message":"Starting rendering request 52","meta":{"rootId":"yp2kotp3z6w91f6","id":"yp2kotp3z6w91f6"},"id":"p54wg9l2vpsxdp2","previousOperationId":"jhsanuongk7itk8"}
{"type":"log","timestamp":1744380641852,"level":"info","message":"Rendering template { name: myTemplate, recipe: chrome-pdf, engine: handlebars, preview: false }","meta":{"rootId":"yp2kotp3z6w91f6","id":"yp2kotp3z6w91f6"},"id":"zp8zjx6rkdo48s3","previousOperationId":"jhsanuongk7itk8"}
{"type":"log","timestamp":1744380641852,"level":"debug","message":"Inline data specified.","meta":{"rootId":"yp2kotp3z6w91f6","id":"yp2kotp3z6w91f6"},"id":"qfqzwdmhwttseqd","previousOperationId":"jhsanuongk7itk8"}
{"type":"log","timestamp":1744380641854,"level":"debug","message":"Base url not specified, skipping its injection.","meta":{"rootId":"yp2kotp3z6w91f6","id":"yp2kotp3z6w91f6"},"id":"tdg9u1jpa7zraqe","previousOperationId":"jhsanuongk7itk8"}
{"type":"operationStart","subtype":"engine","name":"handlebars","timestamp":1744380641854,"id":"uqby1izas5307l1","previousEventId":"gx5lwa64rhjy2eu","operationId":"lo2x9vrruaylptu","previousOperationId":"jhsanuongk7itk8"}
{"type":"log","timestamp":1744380641854,"level":"debug","message":"Rendering engine handlebars","meta":{"rootId":"yp2kotp3z6w91f6","id":"yp2kotp3z6w91f6"},"id":"f242h2c69e9srqh","previousOperationId":"lo2x9vrruaylptu"}
{"type":"operationEnd","operationId":"lo2x9vrruaylptu","timestamp":1744380641864,"id":"ydc6icktmrdtl6k","previousEventId":"uqby1izas5307l1","previousOperationId":"lo2x9vrruaylptu"}
{"type":"operationStart","subtype":"recipe","name":"chrome-pdf","timestamp":1744380641864,"id":"yai5nh3pcd87xfy","previousEventId":"ydc6icktmrdtl6k","operationId":"12kcy7w1p3z4npp","previousOperationId":"lo2x9vrruaylptu"}
{"type":"log","timestamp":1744380641864,"level":"debug","message":"Executing recipe chrome-pdf","meta":{"rootId":"yp2kotp3z6w91f6","id":"yp2kotp3z6w91f6"},"id":"6r9v1fwmo2orh85","previousOperationId":"12kcy7w1p3z4npp"}
{"type":"log","timestamp":1744380641866,"level":"debug","message":"Converting with chrome Chrome/133.0.6943.126 using chrome-pool strategy","meta":{"rootId":"yp2kotp3z6w91f6","id":"yp2kotp3z6w91f6"},"id":"knv9gnezhnhyjh1","previousOperationId":"12kcy7w1p3z4npp"}
{"type":"log","timestamp":1744380641936,"level":"debug","message":"Page request: GET (document) file:///C:/Users/Patheo24/AppData/Local/Temp/jsreport/autocleanup/b5dc1b7b-f57c-4d69-9238-bdcd357e79bf-chrome-pdf.html","meta":{"rootId":"yp2kotp3z6w91f6","id":"yp2kotp3z6w91f6"},"id":"aer4d393gzj2lcn","previousOperationId":"12kcy7w1p3z4npp"}
{"type":"log","timestamp":1744380641955,"level":"debug","message":"Page request finished: GET (document) 200 file:///C:/Users/Patheo24/AppData/Local/Temp/jsreport/autocleanup/b5dc1b7b-f57c-4d69-9238-bdcd357e79bf-chrome-pdf.html","meta":{"rootId":"yp2kotp3z6w91f6","id":"yp2kotp3z6w91f6"},"id":"iy2rothf6r3n0az","previousOperationId":"12kcy7w1p3z4npp"}
{"type":"log","timestamp":1744380641956,"level":"debug","message":"Page request: GET (font) http://localhost:5488/fonts/kalpurush.ttf","meta":{"rootId":"yp2kotp3z6w91f6","id":"yp2kotp3z6w91f6"},"id":"snsuopt372279u2","previousOperationId":"12kcy7w1p3z4npp"}
{"type":"log","timestamp":1744380641957,"level":"debug","message":"Page request: GET (image) https://res.cloudinary.com/dpes1dyqb/image/upload/v1738768933/logo_myycxt.jpg","meta":{"rootId":"yp2kotp3z6w91f6","id":"yp2kotp3z6w91f6"},"id":"a4sk192vuknj6ml","previousOperationId":"12kcy7w1p3z4npp"}
{"type":"log","timestamp":1744380642012,"level":"debug","message":"Page request: GET (font) http://localhost:5488/fonts/kalpurush.ttf","meta":{"rootId":"yp2kotp3z6w91f6","id":"yp2kotp3z6w91f6"},"id":"vusqe9obxkhocv6","previousOperationId":"12kcy7w1p3z4npp"}
{"type":"log","timestamp":1744380642012,"level":"debug","message":"Page request finished: GET (image) 200 https://res.cloudinary.com/dpes1dyqb/image/upload/v1738768933/logo_myycxt.jpg","meta":{"rootId":"yp2kotp3z6w91f6","id":"yp2kotp3z6w91f6"},"id":"2frokc0xrj2tb81","previousOperationId":"12kcy7w1p3z4npp"}
{"type":"log","timestamp":1744380642019,"level":"debug","message":"(console:error) Failed to load resource: the server responded with a status of 404 (Not Found)","meta":{"userLevel":true,"rootId":"yp2kotp3z6w91f6","id":"yp2kotp3z6w91f6"},"id":"zeshahg4nf0iq0w","previousOperationId":"12kcy7w1p3z4npp"}
{"type":"log","timestamp":1744380642019,"level":"warn","message":"Page request failed: GET (font) http://localhost:5488/fonts/kalpurush.ttf, failure: net::ERR_ABORTED","meta":{"rootId":"yp2kotp3z6w91f6","id":"yp2kotp3z6w91f6"},"id":"mavuw8i4vy6zshu","previousOperationId":"12kcy7w1p3z4npp"}
{"type":"log","timestamp":1744380642028,"level":"debug","message":"Running chrome with params {\"printBackground\":true,\"format\":\"A5\",\"marginRight\":\"\",\"height\":\"\",\"marginTop\":\"\",\"marginBottom\":\"\",\"marginLeft\":\"\",\"displayHeaderFooter\":true,\"width\":\"\",\"timeout\":59981,\"margin\":{\"top\":\"\",\"right\":\"\",\"bottom\":\"\",\"left\":\"\"}}","meta":{"rootId":"yp2kotp3z6w91f6","id":"yp2kotp3z6w91f6"},"id":"44jm4h63xw9pr76","previousOperationId":"12kcy7w1p3z4npp"}
{"type":"operationEnd","operationId":"12kcy7w1p3z4npp","timestamp":1744380642319,"id":"fojti61yjikrr2z","previousEventId":"yai5nh3pcd87xfy","previousOperationId":"12kcy7w1p3z4npp"}
{"type":"log","timestamp":1744380642319,"level":"debug","message":"Skipping storing report.","meta":{"rootId":"yp2kotp3z6w91f6","id":"yp2kotp3z6w91f6"},"id":"2gjkcakzr0c9w08","previousOperationId":"12kcy7w1p3z4npp"}
{"type":"log","timestamp":1744380642319,"level":"info","message":"Rendering request 52 finished in 473 ms","meta":{"rootId":"yp2kotp3z6w91f6","id":"yp2kotp3z6w91f6"},"id":"9ye9ujnu46sa27p","previousOperationId":"12kcy7w1p3z4npp"}
{"type":"operationEnd","subtype":"render","operationId":"jhsanuongk7itk8","timestamp":1744380642319,"id":"2smtb0bzo3ntf7u","previousEventId":"fojti61yjikrr2z","previousOperationId":"12kcy7w1p3z4npp"}
{"type":"operationEnd","doDiffs":false,"previousEventId":"ow25xv9a1fikblb","previousOperationId":"gdujwudhd3ikzyo","operationId":"gdujwudhd3ikzyo","timestamp":1744380642321,"id":"zf3a5rd55xdwrve"}
