{"type":"operationStart","subtype":"profile","data":{"_id":"Dg8wz2QKyPUfGA63","timestamp":"2025-04-11T14:06:05.500Z","state":"running","mode":"standard","creationDate":"2025-04-11T14:06:05.502Z","modificationDate":"2025-04-11T14:06:05.502Z","shortid":"XTvkvVb","$entitySet":"profiles","timeout":60000,"templateShortid":"2tjN-EB9Yu"},"doDiffs":false,"timestamp":1744380365501,"id":"pen33k3i52fvf1h","previousOperationId":null,"operationId":"uiq2p0eqba7zd44"}
{"type":"log","level":"info","message":"Render request 50 queued for execution and waiting for available worker","previousOperationId":"uiq2p0eqba7zd44","timestamp":1744380365501,"id":"52u8x7qood1t8zx"}
{"type":"operationStart","subtype":"render","name":"myTemplate","previousOperationId":"uiq2p0eqba7zd44","timestamp":1744380365507,"id":"yvutkf7nx4i38dq","previousEventId":"pen33k3i52fvf1h","operationId":"u9hqx0951obivmn"}
{"type":"log","timestamp":1744380365507,"level":"info","message":"Starting rendering request 50","meta":{"rootId":"ys684bo0gtihyh3","id":"ys684bo0gtihyh3"},"id":"5d4runxv8j481il","previousOperationId":"u9hqx0951obivmn"}
{"type":"log","timestamp":1744380365508,"level":"info","message":"Rendering template { name: myTemplate, recipe: chrome-pdf, engine: handlebars, preview: false }","meta":{"rootId":"ys684bo0gtihyh3","id":"ys684bo0gtihyh3"},"id":"nwazdlin8wd31t2","previousOperationId":"u9hqx0951obivmn"}
{"type":"log","timestamp":1744380365508,"level":"debug","message":"Inline data specified.","meta":{"rootId":"ys684bo0gtihyh3","id":"ys684bo0gtihyh3"},"id":"cnd936onxg8rcvd","previousOperationId":"u9hqx0951obivmn"}
{"type":"log","timestamp":1744380365510,"level":"debug","message":"Base url not specified, skipping its injection.","meta":{"rootId":"ys684bo0gtihyh3","id":"ys684bo0gtihyh3"},"id":"i7iqd5xu4b8dndm","previousOperationId":"u9hqx0951obivmn"}
{"type":"operationStart","subtype":"engine","name":"handlebars","timestamp":1744380365511,"id":"zd3vf938il78x1f","previousEventId":"yvutkf7nx4i38dq","operationId":"1d09i4sx374wou9","previousOperationId":"u9hqx0951obivmn"}
{"type":"log","timestamp":1744380365511,"level":"debug","message":"Rendering engine handlebars","meta":{"rootId":"ys684bo0gtihyh3","id":"ys684bo0gtihyh3"},"id":"4jeoyhrlow5uhn7","previousOperationId":"1d09i4sx374wou9"}
{"type":"operationEnd","operationId":"1d09i4sx374wou9","timestamp":1744380365524,"id":"pjw2cxk7yu18gmw","previousEventId":"zd3vf938il78x1f","previousOperationId":"1d09i4sx374wou9"}
{"type":"operationStart","subtype":"recipe","name":"chrome-pdf","timestamp":1744380365525,"id":"uzcp7j0hqj74pak","previousEventId":"pjw2cxk7yu18gmw","operationId":"vnl4ajfrdrt5rsf","previousOperationId":"1d09i4sx374wou9"}
{"type":"log","timestamp":1744380365525,"level":"debug","message":"Executing recipe chrome-pdf","meta":{"rootId":"ys684bo0gtihyh3","id":"ys684bo0gtihyh3"},"id":"nkw55pedf4qzyuq","previousOperationId":"vnl4ajfrdrt5rsf"}
{"type":"log","timestamp":1744380365527,"level":"debug","message":"Converting with chrome Chrome/133.0.6943.126 using chrome-pool strategy","meta":{"rootId":"ys684bo0gtihyh3","id":"ys684bo0gtihyh3"},"id":"97u5mqffyepre5g","previousOperationId":"vnl4ajfrdrt5rsf"}
{"type":"log","timestamp":1744380365597,"level":"debug","message":"Page request: GET (document) file:///C:/Users/Patheo24/AppData/Local/Temp/jsreport/autocleanup/4270dc72-474a-4ee4-a93b-36f134931365-chrome-pdf.html","meta":{"rootId":"ys684bo0gtihyh3","id":"ys684bo0gtihyh3"},"id":"7p4glervyiahy8h","previousOperationId":"vnl4ajfrdrt5rsf"}
{"type":"log","timestamp":1744380365624,"level":"debug","message":"Page request: GET (image) https://res.cloudinary.com/dpes1dyqb/image/upload/v1738768933/logo_myycxt.jpg","meta":{"rootId":"ys684bo0gtihyh3","id":"ys684bo0gtihyh3"},"id":"loxs6az11g7qv2k","previousOperationId":"vnl4ajfrdrt5rsf"}
{"type":"log","timestamp":1744380365624,"level":"debug","message":"Page request finished: GET (document) 200 file:///C:/Users/Patheo24/AppData/Local/Temp/jsreport/autocleanup/4270dc72-474a-4ee4-a93b-36f134931365-chrome-pdf.html","meta":{"rootId":"ys684bo0gtihyh3","id":"ys684bo0gtihyh3"},"id":"qk67zr3ydpj5w8k","previousOperationId":"vnl4ajfrdrt5rsf"}
{"type":"log","timestamp":1744380365627,"level":"debug","message":"Page request: GET (font) http://localhost:5488/fonts/kalpurush.ttf","meta":{"rootId":"ys684bo0gtihyh3","id":"ys684bo0gtihyh3"},"id":"toaqdt7riwuxqlw","previousOperationId":"vnl4ajfrdrt5rsf"}
{"type":"log","timestamp":1744380365668,"level":"debug","message":"Page request finished: GET (image) 200 https://res.cloudinary.com/dpes1dyqb/image/upload/v1738768933/logo_myycxt.jpg","meta":{"rootId":"ys684bo0gtihyh3","id":"ys684bo0gtihyh3"},"id":"0nanrljpdu3nq30","previousOperationId":"vnl4ajfrdrt5rsf"}
{"type":"log","timestamp":1744380365673,"level":"debug","message":"Page request: GET (font) http://localhost:5488/fonts/kalpurush.ttf","meta":{"rootId":"ys684bo0gtihyh3","id":"ys684bo0gtihyh3"},"id":"lynm0hdei9dr9bx","previousOperationId":"vnl4ajfrdrt5rsf"}
{"type":"log","timestamp":1744380365682,"level":"debug","message":"(console:error) Failed to load resource: the server responded with a status of 404 (Not Found)","meta":{"userLevel":true,"rootId":"ys684bo0gtihyh3","id":"ys684bo0gtihyh3"},"id":"ywgl5fb9e0wcsti","previousOperationId":"vnl4ajfrdrt5rsf"}
{"type":"log","timestamp":1744380365682,"level":"warn","message":"Page request failed: GET (font) http://localhost:5488/fonts/kalpurush.ttf, failure: net::ERR_ABORTED","meta":{"rootId":"ys684bo0gtihyh3","id":"ys684bo0gtihyh3"},"id":"xqe0qbcbks669g8","previousOperationId":"vnl4ajfrdrt5rsf"}
{"type":"log","timestamp":1744380365691,"level":"debug","message":"Running chrome with params {\"printBackground\":true,\"format\":\"A5\",\"marginRight\":\"\",\"height\":\"\",\"marginTop\":\"\",\"marginBottom\":\"\",\"marginLeft\":\"\",\"displayHeaderFooter\":true,\"width\":\"\",\"timeout\":59974,\"margin\":{\"top\":\"\",\"right\":\"\",\"bottom\":\"\",\"left\":\"\"}}","meta":{"rootId":"ys684bo0gtihyh3","id":"ys684bo0gtihyh3"},"id":"2pafxzehbrzo2yj","previousOperationId":"vnl4ajfrdrt5rsf"}
{"type":"operationEnd","operationId":"vnl4ajfrdrt5rsf","timestamp":1744380365999,"id":"q4nf9u1kdrxajch","previousEventId":"uzcp7j0hqj74pak","previousOperationId":"vnl4ajfrdrt5rsf"}
{"type":"log","timestamp":1744380365999,"level":"debug","message":"Skipping storing report.","meta":{"rootId":"ys684bo0gtihyh3","id":"ys684bo0gtihyh3"},"id":"vn8ao2rff6qq1tk","previousOperationId":"vnl4ajfrdrt5rsf"}
{"type":"log","timestamp":1744380365999,"level":"info","message":"Rendering request 50 finished in 499 ms","meta":{"rootId":"ys684bo0gtihyh3","id":"ys684bo0gtihyh3"},"id":"mw8tbe2olzj5l7h","previousOperationId":"vnl4ajfrdrt5rsf"}
{"type":"operationEnd","subtype":"render","operationId":"u9hqx0951obivmn","timestamp":1744380365999,"id":"t7e40wyaxg7mh8b","previousEventId":"q4nf9u1kdrxajch","previousOperationId":"vnl4ajfrdrt5rsf"}
{"type":"operationEnd","doDiffs":false,"previousEventId":"pen33k3i52fvf1h","previousOperationId":"uiq2p0eqba7zd44","operationId":"uiq2p0eqba7zd44","timestamp":1744380366001,"id":"rw9v44qq24ovk1z"}
