{"type":"operationStart","subtype":"profile","data":{"_id":"MEeua47BIYjERsYj","timestamp":"2025-04-11T12:53:37.594Z","state":"queued","mode":"standard","creationDate":"2025-04-11T12:53:37.597Z","modificationDate":"2025-04-11T12:53:37.597Z","shortid":"MQEOxSr","$entitySet":"profiles"},"doDiffs":false,"timestamp":1744376017595,"id":"hft8r5u4m5jno28","previousOperationId":null,"operationId":"kcgzr3mv1b41t9t"}
{"type":"log","level":"info","message":"Render request 28 queued for execution and waiting for available worker","previousOperationId":"kcgzr3mv1b41t9t","timestamp":1744376017596,"id":"93pxlea5cmj8zng"}
{"type":"operationStart","subtype":"render","name":"myTemplate","previousOperationId":"kcgzr3mv1b41t9t","timestamp":1744376017611,"id":"2j4n8x1ydveq6kd","previousEventId":"hft8r5u4m5jno28","operationId":"x7x26m72qta5z9b"}
{"type":"log","timestamp":1744376017612,"level":"info","message":"Starting rendering request 28","meta":{"rootId":"yym9nlms4439hkk","id":"yym9nlms4439hkk"},"id":"931d16fat3dysiu","previousOperationId":"x7x26m72qta5z9b"}
{"type":"log","timestamp":1744376017612,"level":"info","message":"Rendering template { name: myTemplate, recipe: chrome-pdf, engine: handlebars, preview: true }","meta":{"rootId":"yym9nlms4439hkk","id":"yym9nlms4439hkk"},"id":"n8cr08pb4dmkgrd","previousOperationId":"x7x26m72qta5z9b"}
{"type":"log","timestamp":1744376017613,"level":"debug","message":"Inline data specified.","meta":{"rootId":"yym9nlms4439hkk","id":"yym9nlms4439hkk"},"id":"z56572klerbiggp","previousOperationId":"x7x26m72qta5z9b"}
{"type":"log","timestamp":1744376017614,"level":"debug","message":"Base url not specified, skipping its injection.","meta":{"rootId":"yym9nlms4439hkk","id":"yym9nlms4439hkk"},"id":"z1al64ex2cfcy0e","previousOperationId":"x7x26m72qta5z9b"}
{"type":"operationStart","subtype":"engine","name":"handlebars","timestamp":1744376017615,"id":"1ueqipogim4yqu1","previousEventId":"2j4n8x1ydveq6kd","operationId":"foqzha8un5k4t70","previousOperationId":"x7x26m72qta5z9b"}
{"type":"log","timestamp":1744376017615,"level":"debug","message":"Rendering engine handlebars","meta":{"rootId":"yym9nlms4439hkk","id":"yym9nlms4439hkk"},"id":"99u1uacta0c7lgp","previousOperationId":"foqzha8un5k4t70"}
{"type":"operationEnd","operationId":"foqzha8un5k4t70","timestamp":1744376017636,"id":"uyhgzoy4alaclhf","previousEventId":"1ueqipogim4yqu1","previousOperationId":"foqzha8un5k4t70"}
{"type":"operationStart","subtype":"recipe","name":"chrome-pdf","timestamp":1744376017637,"id":"f5qmw7di686artp","previousEventId":"uyhgzoy4alaclhf","operationId":"6s4cx2v89iqral9","previousOperationId":"foqzha8un5k4t70"}
{"type":"log","timestamp":1744376017637,"level":"debug","message":"Executing recipe chrome-pdf","meta":{"rootId":"yym9nlms4439hkk","id":"yym9nlms4439hkk"},"id":"xtxm6gqbry2z2z8","previousOperationId":"6s4cx2v89iqral9"}
{"type":"log","timestamp":1744376017640,"level":"debug","message":"Converting with chrome Chrome/133.0.6943.126 using chrome-pool strategy","meta":{"rootId":"yym9nlms4439hkk","id":"yym9nlms4439hkk"},"id":"xdzo9xbct7o7dkz","previousOperationId":"6s4cx2v89iqral9"}
{"type":"log","timestamp":1744376017722,"level":"debug","message":"Page request: GET (document) file:///C:/Users/Patheo24/AppData/Local/Temp/jsreport/autocleanup/13e90236-8261-4baf-ae8f-3334e7836287-chrome-pdf.html","meta":{"rootId":"yym9nlms4439hkk","id":"yym9nlms4439hkk"},"id":"q0l3kdtgogm5vql","previousOperationId":"6s4cx2v89iqral9"}
{"type":"log","timestamp":1744376017743,"level":"debug","message":"Page request finished: GET (document) 200 file:///C:/Users/Patheo24/AppData/Local/Temp/jsreport/autocleanup/13e90236-8261-4baf-ae8f-3334e7836287-chrome-pdf.html","meta":{"rootId":"yym9nlms4439hkk","id":"yym9nlms4439hkk"},"id":"kdmhcy6ecm79rz5","previousOperationId":"6s4cx2v89iqral9"}
{"type":"log","timestamp":1744376017743,"level":"debug","message":"Page request: GET (image) https://res.cloudinary.com/dpes1dyqb/image/upload/v1738768933/logo_myycxt.jpg","meta":{"rootId":"yym9nlms4439hkk","id":"yym9nlms4439hkk"},"id":"f4e7xk7heiikjw5","previousOperationId":"6s4cx2v89iqral9"}
{"type":"log","timestamp":1744376017744,"level":"debug","message":"Page request: GET (font) http://localhost:5488/fonts/kalpurush.ttf","meta":{"rootId":"yym9nlms4439hkk","id":"yym9nlms4439hkk"},"id":"e1dkto480ulsdmo","previousOperationId":"6s4cx2v89iqral9"}
{"type":"log","timestamp":1744376017751,"level":"debug","message":"Page request: GET (font) http://localhost:5488/fonts/kalpurush.ttf","meta":{"rootId":"yym9nlms4439hkk","id":"yym9nlms4439hkk"},"id":"96pdh2kfzkkpgye","previousOperationId":"6s4cx2v89iqral9"}
{"type":"log","timestamp":1744376017752,"level":"debug","message":"Page request finished: GET (image) 200 https://res.cloudinary.com/dpes1dyqb/image/upload/v1738768933/logo_myycxt.jpg","meta":{"rootId":"yym9nlms4439hkk","id":"yym9nlms4439hkk"},"id":"lm947o3xogoflvn","previousOperationId":"6s4cx2v89iqral9"}
{"type":"log","timestamp":1744376017757,"level":"debug","message":"(console:error) Failed to load resource: the server responded with a status of 404 (Not Found)","meta":{"userLevel":true,"rootId":"yym9nlms4439hkk","id":"yym9nlms4439hkk"},"id":"yjs7w4ri0mwx2bs","previousOperationId":"6s4cx2v89iqral9"}
{"type":"log","timestamp":1744376017758,"level":"warn","message":"Page request failed: GET (font) http://localhost:5488/fonts/kalpurush.ttf, failure: net::ERR_ABORTED","meta":{"rootId":"yym9nlms4439hkk","id":"yym9nlms4439hkk"},"id":"08p0qm49691jm9x","previousOperationId":"6s4cx2v89iqral9"}
{"type":"log","timestamp":1744376017782,"level":"debug","message":"Running chrome with params {\"printBackground\":true,\"format\":\"A5\",\"marginRight\":\"\",\"height\":\"\",\"marginTop\":\"\",\"marginBottom\":\"\",\"marginLeft\":\"\",\"displayHeaderFooter\":true,\"width\":\"\",\"timeout\":59954,\"margin\":{\"top\":\"\",\"right\":\"\",\"bottom\":\"\",\"left\":\"\"}}","meta":{"rootId":"yym9nlms4439hkk","id":"yym9nlms4439hkk"},"id":"h9y3igjkbfgdb7i","previousOperationId":"6s4cx2v89iqral9"}
{"type":"operationEnd","operationId":"6s4cx2v89iqral9","timestamp":1744376018155,"id":"px06lm94haihh3t","previousEventId":"f5qmw7di686artp","previousOperationId":"6s4cx2v89iqral9"}
{"type":"log","timestamp":1744376018155,"level":"debug","message":"Skipping storing report.","meta":{"rootId":"yym9nlms4439hkk","id":"yym9nlms4439hkk"},"id":"ugn78p9rw599l50","previousOperationId":"6s4cx2v89iqral9"}
{"type":"log","timestamp":1744376018156,"level":"info","message":"Rendering request 28 finished in 563 ms","meta":{"rootId":"yym9nlms4439hkk","id":"yym9nlms4439hkk"},"id":"6gcemcb5v1d9yik","previousOperationId":"6s4cx2v89iqral9"}
{"type":"operationEnd","subtype":"render","operationId":"x7x26m72qta5z9b","timestamp":1744376018156,"id":"0aisyyu8dut8jff","previousEventId":"px06lm94haihh3t","previousOperationId":"6s4cx2v89iqral9"}
{"type":"operationEnd","doDiffs":false,"previousEventId":"hft8r5u4m5jno28","previousOperationId":"kcgzr3mv1b41t9t","operationId":"kcgzr3mv1b41t9t","timestamp":1744376018163,"id":"4qnvk31tyxja62v"}
