{"type":"operationStart","subtype":"profile","data":{"_id":"QEvDwBzGB36u9mcS","timestamp":"2025-04-11T12:37:40.287Z","state":"queued","mode":"standard","creationDate":"2025-04-11T12:37:40.292Z","modificationDate":"2025-04-11T12:37:40.292Z","shortid":"mqMR8_A","$entitySet":"profiles"},"doDiffs":false,"timestamp":1744375060290,"id":"2emo7adjifo3rxz","previousOperationId":null,"operationId":"akysmclttzejvbd"}
{"type":"log","level":"info","message":"Render request 20 queued for execution and waiting for available worker","previousOperationId":"akysmclttzejvbd","timestamp":1744375060291,"id":"1jzdjppqwaakinb"}
{"type":"operationStart","subtype":"render","name":"myTemplate","previousOperationId":"akysmclttzejvbd","timestamp":1744375060306,"id":"5lmvcz8s76j66zc","previousEventId":"2emo7adjifo3rxz","operationId":"rqve5zi3k2qohgp"}
{"type":"log","timestamp":1744375060306,"level":"info","message":"Starting rendering request 20","meta":{"rootId":"yyvsqi948jthycs","id":"yyvsqi948jthycs"},"id":"u1rqov8gzf49fyk","previousOperationId":"rqve5zi3k2qohgp"}
{"type":"log","timestamp":1744375060306,"level":"info","message":"Rendering template { name: myTemplate, recipe: chrome-pdf, engine: handlebars, preview: true }","meta":{"rootId":"yyvsqi948jthycs","id":"yyvsqi948jthycs"},"id":"c236g5d6422eh3u","previousOperationId":"rqve5zi3k2qohgp"}
{"type":"log","timestamp":1744375060307,"level":"debug","message":"Inline data specified.","meta":{"rootId":"yyvsqi948jthycs","id":"yyvsqi948jthycs"},"id":"rvy2jephaxhuljw","previousOperationId":"rqve5zi3k2qohgp"}
{"type":"log","timestamp":1744375060309,"level":"debug","message":"Base url not specified, skipping its injection.","meta":{"rootId":"yyvsqi948jthycs","id":"yyvsqi948jthycs"},"id":"aiea3h62cjk9mz2","previousOperationId":"rqve5zi3k2qohgp"}
{"type":"operationStart","subtype":"engine","name":"handlebars","timestamp":1744375060309,"id":"h8tknlcyzcnqqj9","previousEventId":"5lmvcz8s76j66zc","operationId":"f97pktp3vhljhnq","previousOperationId":"rqve5zi3k2qohgp"}
{"type":"log","timestamp":1744375060309,"level":"debug","message":"Rendering engine handlebars","meta":{"rootId":"yyvsqi948jthycs","id":"yyvsqi948jthycs"},"id":"e7nhglk2yrjs1ri","previousOperationId":"f97pktp3vhljhnq"}
{"type":"operationEnd","operationId":"f97pktp3vhljhnq","timestamp":1744375060322,"id":"i9s6pfq0yssngto","previousEventId":"h8tknlcyzcnqqj9","previousOperationId":"f97pktp3vhljhnq"}
{"type":"operationStart","subtype":"recipe","name":"chrome-pdf","timestamp":1744375060323,"id":"7riu8v0ouj2ci1f","previousEventId":"i9s6pfq0yssngto","operationId":"o7nbkbk6wa77mgj","previousOperationId":"f97pktp3vhljhnq"}
{"type":"log","timestamp":1744375060323,"level":"debug","message":"Executing recipe chrome-pdf","meta":{"rootId":"yyvsqi948jthycs","id":"yyvsqi948jthycs"},"id":"u24v66wkrwpqjc8","previousOperationId":"o7nbkbk6wa77mgj"}
{"type":"log","timestamp":1744375060328,"level":"debug","message":"Converting with chrome Chrome/133.0.6943.126 using chrome-pool strategy","meta":{"rootId":"yyvsqi948jthycs","id":"yyvsqi948jthycs"},"id":"zlal5yypyg0uziu","previousOperationId":"o7nbkbk6wa77mgj"}
{"type":"log","timestamp":1744375060389,"level":"debug","message":"Page request: GET (document) file:///C:/Users/Patheo24/AppData/Local/Temp/jsreport/autocleanup/26dd1c20-5e05-4630-b8ff-ac9f719f0eb2-chrome-pdf.html","meta":{"rootId":"yyvsqi948jthycs","id":"yyvsqi948jthycs"},"id":"tgo2vjgbg9s6j41","previousOperationId":"o7nbkbk6wa77mgj"}
{"type":"log","timestamp":1744375060406,"level":"debug","message":"Page request finished: GET (document) 200 file:///C:/Users/Patheo24/AppData/Local/Temp/jsreport/autocleanup/26dd1c20-5e05-4630-b8ff-ac9f719f0eb2-chrome-pdf.html","meta":{"rootId":"yyvsqi948jthycs","id":"yyvsqi948jthycs"},"id":"mqqq59mpbzyrz5v","previousOperationId":"o7nbkbk6wa77mgj"}
{"type":"log","timestamp":1744375060410,"level":"debug","message":"Page request: GET (image) https://res.cloudinary.com/dpes1dyqb/image/upload/v1738768933/logo_myycxt.jpg","meta":{"rootId":"yyvsqi948jthycs","id":"yyvsqi948jthycs"},"id":"mijjdym85b7ab3t","previousOperationId":"o7nbkbk6wa77mgj"}
{"type":"log","timestamp":1744375060411,"level":"debug","message":"Page request: GET (font) http://localhost:5488/fonts/kalpurush.ttf","meta":{"rootId":"yyvsqi948jthycs","id":"yyvsqi948jthycs"},"id":"mt2ow77ipn9voy8","previousOperationId":"o7nbkbk6wa77mgj"}
{"type":"log","timestamp":1744375060457,"level":"debug","message":"Page request: GET (font) http://localhost:5488/fonts/kalpurush.ttf","meta":{"rootId":"yyvsqi948jthycs","id":"yyvsqi948jthycs"},"id":"1w6t32gu61w3yhl","previousOperationId":"o7nbkbk6wa77mgj"}
{"type":"log","timestamp":1744375060458,"level":"debug","message":"Page request finished: GET (image) 200 https://res.cloudinary.com/dpes1dyqb/image/upload/v1738768933/logo_myycxt.jpg","meta":{"rootId":"yyvsqi948jthycs","id":"yyvsqi948jthycs"},"id":"h0dqye7xhd1xz8v","previousOperationId":"o7nbkbk6wa77mgj"}
{"type":"log","timestamp":1744375060465,"level":"debug","message":"(console:error) Failed to load resource: the server responded with a status of 404 (Not Found)","meta":{"userLevel":true,"rootId":"yyvsqi948jthycs","id":"yyvsqi948jthycs"},"id":"mnfw3hudbs7urxs","previousOperationId":"o7nbkbk6wa77mgj"}
{"type":"log","timestamp":1744375060465,"level":"warn","message":"Page request failed: GET (font) http://localhost:5488/fonts/kalpurush.ttf, failure: net::ERR_ABORTED","meta":{"rootId":"yyvsqi948jthycs","id":"yyvsqi948jthycs"},"id":"sfja09yxd1vqvrp","previousOperationId":"o7nbkbk6wa77mgj"}
{"type":"log","timestamp":1744375060476,"level":"debug","message":"Running chrome with params {\"printBackground\":true,\"format\":\"A5\",\"marginRight\":\"\",\"height\":\"\",\"marginTop\":\"\",\"marginBottom\":\"\",\"marginLeft\":\"\",\"displayHeaderFooter\":true,\"width\":\"\",\"timeout\":59961,\"margin\":{\"top\":\"\",\"right\":\"\",\"bottom\":\"\",\"left\":\"\"}}","meta":{"rootId":"yyvsqi948jthycs","id":"yyvsqi948jthycs"},"id":"qst6zbpix30kywo","previousOperationId":"o7nbkbk6wa77mgj"}
{"type":"operationEnd","operationId":"o7nbkbk6wa77mgj","timestamp":1744375060802,"id":"n7mr1ajyzp9neyz","previousEventId":"7riu8v0ouj2ci1f","previousOperationId":"o7nbkbk6wa77mgj"}
{"type":"log","timestamp":1744375060802,"level":"debug","message":"Skipping storing report.","meta":{"rootId":"yyvsqi948jthycs","id":"yyvsqi948jthycs"},"id":"0jmg5avq72x4wd8","previousOperationId":"o7nbkbk6wa77mgj"}
{"type":"log","timestamp":1744375060802,"level":"info","message":"Rendering request 20 finished in 515 ms","meta":{"rootId":"yyvsqi948jthycs","id":"yyvsqi948jthycs"},"id":"kty494xu4pp94a6","previousOperationId":"o7nbkbk6wa77mgj"}
{"type":"operationEnd","subtype":"render","operationId":"rqve5zi3k2qohgp","timestamp":1744375060803,"id":"madmy186gsydtfp","previousEventId":"n7mr1ajyzp9neyz","previousOperationId":"o7nbkbk6wa77mgj"}
{"type":"operationEnd","doDiffs":false,"previousEventId":"2emo7adjifo3rxz","previousOperationId":"akysmclttzejvbd","operationId":"akysmclttzejvbd","timestamp":1744375060807,"id":"6382k7vmw0quavo"}
