{"type":"operationStart","subtype":"profile","data":{"_id":"EEJ2IT7AZnNQj33u","timestamp":"2025-04-10T13:18:31.970Z","state":"queued","mode":"standard","creationDate":"2025-04-10T13:18:31.972Z","modificationDate":"2025-04-10T13:18:31.972Z","shortid":"6NmeWc3","$entitySet":"profiles"},"doDiffs":false,"timestamp":1744291111971,"id":"g47gxds3bz28fh2","previousOperationId":null,"operationId":"0pp2d0kns75ntaq"}
{"type":"log","level":"info","message":"Render request 21 queued for execution and waiting for available worker","previousOperationId":"0pp2d0kns75ntaq","timestamp":1744291111971,"id":"ch3l9sb1u2arome"}
{"type":"operationStart","subtype":"render","name":"myTemplate","previousOperationId":"0pp2d0kns75ntaq","timestamp":1744291111986,"id":"wimc8rpktfkdszw","previousEventId":"g47gxds3bz28fh2","operationId":"0zpowuh18peb4f1"}
{"type":"log","timestamp":1744291111987,"level":"info","message":"Starting rendering request 21","meta":{"rootId":"yzymo6s4ydu41e1","id":"yzymo6s4ydu41e1"},"id":"ikpowf2ev9x0zw3","previousOperationId":"0zpowuh18peb4f1"}
{"type":"log","timestamp":1744291111987,"level":"info","message":"Rendering template { name: myTemplate, recipe: chrome-pdf, engine: handlebars, preview: true }","meta":{"rootId":"yzymo6s4ydu41e1","id":"yzymo6s4ydu41e1"},"id":"06yopf6dzy9eg6o","previousOperationId":"0zpowuh18peb4f1"}
{"type":"log","timestamp":1744291111991,"level":"debug","message":"Adding sample data HUavgV0Kc","meta":{"rootId":"yzymo6s4ydu41e1","id":"yzymo6s4ydu41e1"},"id":"n6s7nmuw4rq9txp","previousOperationId":"0zpowuh18peb4f1"}
{"type":"log","timestamp":1744291111993,"level":"debug","message":"Base url not specified, skipping its injection.","meta":{"rootId":"yzymo6s4ydu41e1","id":"yzymo6s4ydu41e1"},"id":"cbw3il12srmp7m6","previousOperationId":"0zpowuh18peb4f1"}
{"type":"operationStart","subtype":"engine","name":"handlebars","timestamp":1744291111994,"id":"lie4h67ydjcc4xh","previousEventId":"wimc8rpktfkdszw","operationId":"hfanlhqg2j4o3rn","previousOperationId":"0zpowuh18peb4f1"}
{"type":"log","timestamp":1744291111994,"level":"debug","message":"Rendering engine handlebars","meta":{"rootId":"yzymo6s4ydu41e1","id":"yzymo6s4ydu41e1"},"id":"cbuwkmhvbyyo8z9","previousOperationId":"hfanlhqg2j4o3rn"}
{"type":"operationEnd","operationId":"hfanlhqg2j4o3rn","timestamp":1744291112022,"id":"5col54scy5v31lm","previousEventId":"lie4h67ydjcc4xh","previousOperationId":"hfanlhqg2j4o3rn"}
{"type":"operationStart","subtype":"recipe","name":"chrome-pdf","timestamp":1744291112023,"id":"hvcwtxo3g0y0fl3","previousEventId":"5col54scy5v31lm","operationId":"nxokhjzh9c7uhl1","previousOperationId":"hfanlhqg2j4o3rn"}
{"type":"log","timestamp":1744291112023,"level":"debug","message":"Executing recipe chrome-pdf","meta":{"rootId":"yzymo6s4ydu41e1","id":"yzymo6s4ydu41e1"},"id":"uwmh2d1tsq7t2em","previousOperationId":"nxokhjzh9c7uhl1"}
{"type":"log","timestamp":1744291112026,"level":"debug","message":"Converting with chrome Chrome/133.0.6943.126 using chrome-pool strategy","meta":{"rootId":"yzymo6s4ydu41e1","id":"yzymo6s4ydu41e1"},"id":"k419ge06a62qlaz","previousOperationId":"nxokhjzh9c7uhl1"}
{"type":"log","timestamp":1744291112094,"level":"debug","message":"Page request: GET (document) file:///C:/Users/Patheo24/AppData/Local/Temp/jsreport/autocleanup/4e0fbe5b-4529-471d-aff4-f2d4f0524f6d-chrome-pdf.html","meta":{"rootId":"yzymo6s4ydu41e1","id":"yzymo6s4ydu41e1"},"id":"bx0xvungsjkchxb","previousOperationId":"nxokhjzh9c7uhl1"}
{"type":"log","timestamp":1744291112124,"level":"debug","message":"Page request finished: GET (document) 200 file:///C:/Users/Patheo24/AppData/Local/Temp/jsreport/autocleanup/4e0fbe5b-4529-471d-aff4-f2d4f0524f6d-chrome-pdf.html","meta":{"rootId":"yzymo6s4ydu41e1","id":"yzymo6s4ydu41e1"},"id":"v1hyekrhzz3mvc0","previousOperationId":"nxokhjzh9c7uhl1"}
{"type":"log","timestamp":1744291112125,"level":"debug","message":"Page request: GET (font) http://localhost:5488/fonts/kalpurush.ttf","meta":{"rootId":"yzymo6s4ydu41e1","id":"yzymo6s4ydu41e1"},"id":"0qzb6i5fkjsqcz8","previousOperationId":"nxokhjzh9c7uhl1"}
{"type":"log","timestamp":1744291112126,"level":"debug","message":"Page request: GET (image) https://res.cloudinary.com/dpes1dyqb/image/upload/v1738768933/logo_myycxt.jpg","meta":{"rootId":"yzymo6s4ydu41e1","id":"yzymo6s4ydu41e1"},"id":"4ax30ypyj2z2h7c","previousOperationId":"nxokhjzh9c7uhl1"}
{"type":"log","timestamp":1744291112189,"level":"debug","message":"Page request: GET (font) http://localhost:5488/fonts/kalpurush.ttf","meta":{"rootId":"yzymo6s4ydu41e1","id":"yzymo6s4ydu41e1"},"id":"kda6mpgypl7crvg","previousOperationId":"nxokhjzh9c7uhl1"}
{"type":"log","timestamp":1744291112190,"level":"debug","message":"Page request finished: GET (image) 200 https://res.cloudinary.com/dpes1dyqb/image/upload/v1738768933/logo_myycxt.jpg","meta":{"rootId":"yzymo6s4ydu41e1","id":"yzymo6s4ydu41e1"},"id":"mqfnbl3xujyqavk","previousOperationId":"nxokhjzh9c7uhl1"}
{"type":"log","timestamp":1744291112200,"level":"debug","message":"(console:error) Failed to load resource: the server responded with a status of 404 (Not Found)","meta":{"userLevel":true,"rootId":"yzymo6s4ydu41e1","id":"yzymo6s4ydu41e1"},"id":"k3y3b7chpdfl64x","previousOperationId":"nxokhjzh9c7uhl1"}
{"type":"log","timestamp":1744291112200,"level":"warn","message":"Page request failed: GET (font) http://localhost:5488/fonts/kalpurush.ttf, failure: net::ERR_ABORTED","meta":{"rootId":"yzymo6s4ydu41e1","id":"yzymo6s4ydu41e1"},"id":"hqfrcsd7yt6s05v","previousOperationId":"nxokhjzh9c7uhl1"}
{"type":"log","timestamp":1744291112215,"level":"debug","message":"Running chrome with params {\"printBackground\":true,\"format\":\"A5\",\"marginRight\":\"\",\"height\":\"\",\"marginTop\":\"\",\"marginBottom\":\"\",\"marginLeft\":\"\",\"displayHeaderFooter\":true,\"width\":\"\",\"timeout\":59945,\"margin\":{\"top\":\"\",\"right\":\"\",\"bottom\":\"\",\"left\":\"\"}}","meta":{"rootId":"yzymo6s4ydu41e1","id":"yzymo6s4ydu41e1"},"id":"w9a72ldas616jaa","previousOperationId":"nxokhjzh9c7uhl1"}
{"type":"operationEnd","operationId":"nxokhjzh9c7uhl1","timestamp":1744291112529,"id":"mwegimmrutvdddi","previousEventId":"hvcwtxo3g0y0fl3","previousOperationId":"nxokhjzh9c7uhl1"}
{"type":"log","timestamp":1744291112530,"level":"debug","message":"Skipping storing report.","meta":{"rootId":"yzymo6s4ydu41e1","id":"yzymo6s4ydu41e1"},"id":"r8140ihqk5nyyb6","previousOperationId":"nxokhjzh9c7uhl1"}
{"type":"log","timestamp":1744291112530,"level":"info","message":"Rendering request 21 finished in 561 ms","meta":{"rootId":"yzymo6s4ydu41e1","id":"yzymo6s4ydu41e1"},"id":"8znjcxoigfpvyf4","previousOperationId":"nxokhjzh9c7uhl1"}
{"type":"operationEnd","subtype":"render","operationId":"0zpowuh18peb4f1","timestamp":1744291112530,"id":"c9jenya064ys83f","previousEventId":"mwegimmrutvdddi","previousOperationId":"nxokhjzh9c7uhl1"}
{"type":"operationEnd","doDiffs":false,"previousEventId":"g47gxds3bz28fh2","previousOperationId":"0pp2d0kns75ntaq","operationId":"0pp2d0kns75ntaq","timestamp":1744291112534,"id":"dv7a2kufv67lgcj"}
