{"type":"operationStart","subtype":"profile","data":{"_id":"WYeopfkYUIuuyB4W","timestamp":"2025-04-09T14:11:10.591Z","state":"queued","mode":"standard","creationDate":"2025-04-09T14:11:10.593Z","modificationDate":"2025-04-09T14:11:10.593Z","shortid":"alUbz9v","$entitySet":"profiles"},"doDiffs":false,"timestamp":1744207870592,"id":"sltwct9s9ze7njr","previousOperationId":null,"operationId":"y37xdtttsdhpem3"}
{"type":"log","level":"info","message":"Render request 74 queued for execution and waiting for available worker","previousOperationId":"y37xdtttsdhpem3","timestamp":1744207870592,"id":"fy2nduwr0xz986s"}
{"type":"operationStart","subtype":"render","name":"myTemplate","previousOperationId":"y37xdtttsdhpem3","timestamp":1744207870605,"id":"s5gyfwi3z5ndfn7","previousEventId":"sltwct9s9ze7njr","operationId":"jxmw7dbobb0z4lz"}
{"type":"log","timestamp":1744207870605,"level":"info","message":"Starting rendering request 74","meta":{"rootId":"z3e5htnhsayw0l1","id":"z3e5htnhsayw0l1"},"id":"kbf3kp2fpat5sey","previousOperationId":"jxmw7dbobb0z4lz"}
{"type":"log","timestamp":1744207870605,"level":"info","message":"Rendering template { name: myTemplate, recipe: chrome-pdf, engine: handlebars, preview: true }","meta":{"rootId":"z3e5htnhsayw0l1","id":"z3e5htnhsayw0l1"},"id":"fzx2ploh5v8qd5w","previousOperationId":"jxmw7dbobb0z4lz"}
{"type":"log","timestamp":1744207870606,"level":"debug","message":"Adding sample data HUavgV0Kc","meta":{"rootId":"z3e5htnhsayw0l1","id":"z3e5htnhsayw0l1"},"id":"iqqp2h8ny3le1bz","previousOperationId":"jxmw7dbobb0z4lz"}
{"type":"log","timestamp":1744207870607,"level":"debug","message":"Base url not specified, skipping its injection.","meta":{"rootId":"z3e5htnhsayw0l1","id":"z3e5htnhsayw0l1"},"id":"n9n2rx4dhwqrg79","previousOperationId":"jxmw7dbobb0z4lz"}
{"type":"operationStart","subtype":"engine","name":"handlebars","timestamp":1744207870607,"id":"dyyu293hizxvy3h","previousEventId":"s5gyfwi3z5ndfn7","operationId":"r6ham7y0fovqbca","previousOperationId":"jxmw7dbobb0z4lz"}
{"type":"log","timestamp":1744207870607,"level":"debug","message":"Rendering engine handlebars","meta":{"rootId":"z3e5htnhsayw0l1","id":"z3e5htnhsayw0l1"},"id":"wyye75sidmg6caz","previousOperationId":"r6ham7y0fovqbca"}
{"type":"operationEnd","operationId":"r6ham7y0fovqbca","timestamp":1744207870627,"id":"zxp83cf3ytn1yjh","previousEventId":"dyyu293hizxvy3h","previousOperationId":"r6ham7y0fovqbca"}
{"type":"operationStart","subtype":"recipe","name":"chrome-pdf","timestamp":1744207870627,"id":"9eo3a1osz849dnv","previousEventId":"zxp83cf3ytn1yjh","operationId":"ywtb23gpqr79u3x","previousOperationId":"r6ham7y0fovqbca"}
{"type":"log","timestamp":1744207870627,"level":"debug","message":"Executing recipe chrome-pdf","meta":{"rootId":"z3e5htnhsayw0l1","id":"z3e5htnhsayw0l1"},"id":"7hh8vl3ap1vyanb","previousOperationId":"ywtb23gpqr79u3x"}
{"type":"log","timestamp":1744207870630,"level":"debug","message":"Converting with chrome Chrome/133.0.6943.126 using chrome-pool strategy","meta":{"rootId":"z3e5htnhsayw0l1","id":"z3e5htnhsayw0l1"},"id":"hhicq91m1q3woc6","previousOperationId":"ywtb23gpqr79u3x"}
{"type":"log","timestamp":1744207870707,"level":"debug","message":"Page request: GET (document) file:///C:/Users/Patheo24/AppData/Local/Temp/jsreport/autocleanup/7580aaa7-83b8-4a3b-bfda-fbb171ac9456-chrome-pdf.html","meta":{"rootId":"z3e5htnhsayw0l1","id":"z3e5htnhsayw0l1"},"id":"gao4ccznhi8uqcv","previousOperationId":"ywtb23gpqr79u3x"}
{"type":"log","timestamp":1744207870735,"level":"debug","message":"Page request finished: GET (document) 200 file:///C:/Users/Patheo24/AppData/Local/Temp/jsreport/autocleanup/7580aaa7-83b8-4a3b-bfda-fbb171ac9456-chrome-pdf.html","meta":{"rootId":"z3e5htnhsayw0l1","id":"z3e5htnhsayw0l1"},"id":"bw3v18fuiuyhksw","previousOperationId":"ywtb23gpqr79u3x"}
{"type":"log","timestamp":1744207870736,"level":"debug","message":"(console:info) Slow network is detected. See https://www.chromestatus.com/feature/5636954674692096 for more details. Fallback font will be used while loading: http://localhost:5488/fonts/kalpurush.ttf","meta":{"userLevel":true,"rootId":"z3e5htnhsayw0l1","id":"z3e5htnhsayw0l1"},"id":"llgciu9gadnklxy","previousOperationId":"ywtb23gpqr79u3x"}
{"type":"log","timestamp":1744207870744,"level":"debug","message":"Page request: GET (font) http://localhost:5488/fonts/kalpurush.ttf","meta":{"rootId":"z3e5htnhsayw0l1","id":"z3e5htnhsayw0l1"},"id":"tro3ydvew6b78xm","previousOperationId":"ywtb23gpqr79u3x"}
{"type":"log","timestamp":1744207870745,"level":"debug","message":"Page request: GET (image) https://res.cloudinary.com/dpes1dyqb/image/upload/v1738768933/logo_myycxt.jpg","meta":{"rootId":"z3e5htnhsayw0l1","id":"z3e5htnhsayw0l1"},"id":"vs2mc4vo687k8df","previousOperationId":"ywtb23gpqr79u3x"}
{"type":"log","timestamp":1744207870749,"level":"debug","message":"Page request: GET (font) http://localhost:5488/fonts/kalpurush.ttf","meta":{"rootId":"z3e5htnhsayw0l1","id":"z3e5htnhsayw0l1"},"id":"dd6qi8o1tyn1h27","previousOperationId":"ywtb23gpqr79u3x"}
{"type":"log","timestamp":1744207870801,"level":"debug","message":"Page request finished: GET (image) 200 https://res.cloudinary.com/dpes1dyqb/image/upload/v1738768933/logo_myycxt.jpg","meta":{"rootId":"z3e5htnhsayw0l1","id":"z3e5htnhsayw0l1"},"id":"2xebun9ptbaozph","previousOperationId":"ywtb23gpqr79u3x"}
{"type":"log","timestamp":1744207870802,"level":"debug","message":"(console:error) Failed to load resource: the server responded with a status of 404 (Not Found)","meta":{"userLevel":true,"rootId":"z3e5htnhsayw0l1","id":"z3e5htnhsayw0l1"},"id":"ebscbncrc78pdmp","previousOperationId":"ywtb23gpqr79u3x"}
{"type":"log","timestamp":1744207870802,"level":"warn","message":"Page request failed: GET (font) http://localhost:5488/fonts/kalpurush.ttf, failure: net::ERR_ABORTED","meta":{"rootId":"z3e5htnhsayw0l1","id":"z3e5htnhsayw0l1"},"id":"5056out0f9iuf44","previousOperationId":"ywtb23gpqr79u3x"}
{"type":"log","timestamp":1744207870812,"level":"debug","message":"Running chrome with params {\"printBackground\":true,\"format\":\"A5\",\"marginRight\":\"\",\"height\":\"\",\"marginTop\":\"\",\"marginBottom\":\"\",\"marginLeft\":\"\",\"displayHeaderFooter\":true,\"width\":\"\",\"timeout\":59962,\"margin\":{\"top\":\"\",\"right\":\"\",\"bottom\":\"\",\"left\":\"\"}}","meta":{"rootId":"z3e5htnhsayw0l1","id":"z3e5htnhsayw0l1"},"id":"sctatzknghuzvfn","previousOperationId":"ywtb23gpqr79u3x"}
{"type":"operationEnd","operationId":"ywtb23gpqr79u3x","timestamp":1744207871131,"id":"penx30w64tfucxi","previousEventId":"9eo3a1osz849dnv","previousOperationId":"ywtb23gpqr79u3x"}
{"type":"log","timestamp":1744207871131,"level":"debug","message":"Skipping storing report.","meta":{"rootId":"z3e5htnhsayw0l1","id":"z3e5htnhsayw0l1"},"id":"qx8ar34v28zexcc","previousOperationId":"ywtb23gpqr79u3x"}
{"type":"log","timestamp":1744207871131,"level":"info","message":"Rendering request 74 finished in 540 ms","meta":{"rootId":"z3e5htnhsayw0l1","id":"z3e5htnhsayw0l1"},"id":"0istcp7n6bye4j2","previousOperationId":"ywtb23gpqr79u3x"}
{"type":"operationEnd","subtype":"render","operationId":"jxmw7dbobb0z4lz","timestamp":1744207871131,"id":"9po1pausxlmsr6j","previousEventId":"penx30w64tfucxi","previousOperationId":"ywtb23gpqr79u3x"}
{"type":"operationEnd","doDiffs":false,"previousEventId":"sltwct9s9ze7njr","previousOperationId":"y37xdtttsdhpem3","operationId":"y37xdtttsdhpem3","timestamp":1744207871137,"id":"sdon4encei9fp28"}
