{"type":"operationStart","subtype":"profile","data":{"_id":"kR0eRxNiQfK9PJsp","timestamp":"2025-04-10T13:19:48.294Z","state":"queued","mode":"standard","creationDate":"2025-04-10T13:19:48.319Z","modificationDate":"2025-04-10T13:19:48.319Z","shortid":"VeCYfKj","$entitySet":"profiles"},"doDiffs":false,"timestamp":1744291188305,"id":"yiqgeq4h3j35rsj","previousOperationId":null,"operationId":"fe1stqqrd5w88ma"}
{"type":"log","level":"info","message":"Render request 25 queued for execution and waiting for available worker","previousOperationId":"fe1stqqrd5w88ma","timestamp":1744291188305,"id":"3daofj93jiwb1mx"}
{"type":"operationStart","subtype":"render","name":"myTemplate","previousOperationId":"fe1stqqrd5w88ma","timestamp":1744291188342,"id":"dntktglscn4052d","previousEventId":"yiqgeq4h3j35rsj","operationId":"35xtjggu7fom8x4"}
{"type":"log","timestamp":1744291188342,"level":"info","message":"Starting rendering request 25","meta":{"rootId":"z5zikrzawidegbe","id":"z5zikrzawidegbe"},"id":"nu2lpsfmzz2nrz2","previousOperationId":"35xtjggu7fom8x4"}
{"type":"log","timestamp":1744291188343,"level":"info","message":"Rendering template { name: myTemplate, recipe: chrome-pdf, engine: handlebars, preview: true }","meta":{"rootId":"z5zikrzawidegbe","id":"z5zikrzawidegbe"},"id":"2uc3pvrgf5qeyxo","previousOperationId":"35xtjggu7fom8x4"}
{"type":"log","timestamp":1744291188352,"level":"debug","message":"Adding sample data HUavgV0Kc","meta":{"rootId":"z5zikrzawidegbe","id":"z5zikrzawidegbe"},"id":"seiua002t74dj9f","previousOperationId":"35xtjggu7fom8x4"}
{"type":"log","timestamp":1744291188357,"level":"debug","message":"Base url not specified, skipping its injection.","meta":{"rootId":"z5zikrzawidegbe","id":"z5zikrzawidegbe"},"id":"vc301tcavydjsvu","previousOperationId":"35xtjggu7fom8x4"}
{"type":"operationStart","subtype":"engine","name":"handlebars","timestamp":1744291188358,"id":"5xyk0rh7430bfec","previousEventId":"dntktglscn4052d","operationId":"y2fcjupj0jxadzk","previousOperationId":"35xtjggu7fom8x4"}
{"type":"log","timestamp":1744291188358,"level":"debug","message":"Rendering engine handlebars","meta":{"rootId":"z5zikrzawidegbe","id":"z5zikrzawidegbe"},"id":"hjybwkmwb7q9ld5","previousOperationId":"y2fcjupj0jxadzk"}
{"type":"operationEnd","operationId":"y2fcjupj0jxadzk","timestamp":1744291188388,"id":"ddgsyyc7aa7yo1b","previousEventId":"5xyk0rh7430bfec","previousOperationId":"y2fcjupj0jxadzk"}
{"type":"operationStart","subtype":"recipe","name":"chrome-pdf","timestamp":1744291188389,"id":"oq018vzsfrh8lcn","previousEventId":"ddgsyyc7aa7yo1b","operationId":"7pmbg8hok9iln3h","previousOperationId":"y2fcjupj0jxadzk"}
{"type":"log","timestamp":1744291188389,"level":"debug","message":"Executing recipe chrome-pdf","meta":{"rootId":"z5zikrzawidegbe","id":"z5zikrzawidegbe"},"id":"q2508jgt0s34dow","previousOperationId":"7pmbg8hok9iln3h"}
{"type":"log","timestamp":1744291188392,"level":"debug","message":"Converting with chrome Chrome/133.0.6943.126 using chrome-pool strategy","meta":{"rootId":"z5zikrzawidegbe","id":"z5zikrzawidegbe"},"id":"wbo1csncrjkcq5l","previousOperationId":"7pmbg8hok9iln3h"}
{"type":"log","timestamp":1744291188470,"level":"debug","message":"Page request: GET (document) file:///C:/Users/Patheo24/AppData/Local/Temp/jsreport/autocleanup/f707be6b-2793-40cc-bd81-392c26fce53b-chrome-pdf.html","meta":{"rootId":"z5zikrzawidegbe","id":"z5zikrzawidegbe"},"id":"px3h4jnsoo0aqdp","previousOperationId":"7pmbg8hok9iln3h"}
{"type":"log","timestamp":1744291188498,"level":"debug","message":"Page request finished: GET (document) 200 file:///C:/Users/Patheo24/AppData/Local/Temp/jsreport/autocleanup/f707be6b-2793-40cc-bd81-392c26fce53b-chrome-pdf.html","meta":{"rootId":"z5zikrzawidegbe","id":"z5zikrzawidegbe"},"id":"5cac564g09jokfi","previousOperationId":"7pmbg8hok9iln3h"}
{"type":"log","timestamp":1744291188498,"level":"debug","message":"Page request: GET (image) https://res.cloudinary.com/dpes1dyqb/image/upload/v1738768933/logo_myycxt.jpg","meta":{"rootId":"z5zikrzawidegbe","id":"z5zikrzawidegbe"},"id":"fzhw1h3r2uw4jk5","previousOperationId":"7pmbg8hok9iln3h"}
{"type":"log","timestamp":1744291188499,"level":"debug","message":"Page request: GET (font) http://localhost:5488/fonts/kalpurush.ttf","meta":{"rootId":"z5zikrzawidegbe","id":"z5zikrzawidegbe"},"id":"potyn90me7vf62r","previousOperationId":"7pmbg8hok9iln3h"}
{"type":"log","timestamp":1744291188552,"level":"debug","message":"Page request: GET (font) http://localhost:5488/fonts/kalpurush.ttf","meta":{"rootId":"z5zikrzawidegbe","id":"z5zikrzawidegbe"},"id":"uv6m31bx2vily6w","previousOperationId":"7pmbg8hok9iln3h"}
{"type":"log","timestamp":1744291188553,"level":"debug","message":"Page request finished: GET (image) 200 https://res.cloudinary.com/dpes1dyqb/image/upload/v1738768933/logo_myycxt.jpg","meta":{"rootId":"z5zikrzawidegbe","id":"z5zikrzawidegbe"},"id":"25skk4h3ccxda4p","previousOperationId":"7pmbg8hok9iln3h"}
{"type":"log","timestamp":1744291188559,"level":"debug","message":"(console:error) Failed to load resource: the server responded with a status of 404 (Not Found)","meta":{"userLevel":true,"rootId":"z5zikrzawidegbe","id":"z5zikrzawidegbe"},"id":"zjyk819r1jk6ujo","previousOperationId":"7pmbg8hok9iln3h"}
{"type":"log","timestamp":1744291188559,"level":"warn","message":"Page request failed: GET (font) http://localhost:5488/fonts/kalpurush.ttf, failure: net::ERR_ABORTED","meta":{"rootId":"z5zikrzawidegbe","id":"z5zikrzawidegbe"},"id":"gllkz93m9esjnna","previousOperationId":"7pmbg8hok9iln3h"}
{"type":"log","timestamp":1744291188568,"level":"debug","message":"Running chrome with params {\"printBackground\":true,\"format\":\"A5\",\"marginRight\":\"\",\"height\":\"\",\"marginTop\":\"\",\"marginBottom\":\"\",\"marginLeft\":\"\",\"displayHeaderFooter\":true,\"width\":\"\",\"timeout\":59901,\"margin\":{\"top\":\"\",\"right\":\"\",\"bottom\":\"\",\"left\":\"\"}}","meta":{"rootId":"z5zikrzawidegbe","id":"z5zikrzawidegbe"},"id":"kyvaks2u0j2ekom","previousOperationId":"7pmbg8hok9iln3h"}
{"type":"operationEnd","operationId":"7pmbg8hok9iln3h","timestamp":1744291188896,"id":"4f0pt5wi22ieh17","previousEventId":"oq018vzsfrh8lcn","previousOperationId":"7pmbg8hok9iln3h"}
{"type":"log","timestamp":1744291188896,"level":"debug","message":"Skipping storing report.","meta":{"rootId":"z5zikrzawidegbe","id":"z5zikrzawidegbe"},"id":"xkrnaqozadqmi39","previousOperationId":"7pmbg8hok9iln3h"}
{"type":"log","timestamp":1744291188896,"level":"info","message":"Rendering request 25 finished in 603 ms","meta":{"rootId":"z5zikrzawidegbe","id":"z5zikrzawidegbe"},"id":"psdazn666pdp5p2","previousOperationId":"7pmbg8hok9iln3h"}
{"type":"operationEnd","subtype":"render","operationId":"35xtjggu7fom8x4","timestamp":1744291188896,"id":"6rp8vqvu2hdqv3q","previousEventId":"4f0pt5wi22ieh17","previousOperationId":"7pmbg8hok9iln3h"}
{"type":"operationEnd","doDiffs":false,"previousEventId":"yiqgeq4h3j35rsj","previousOperationId":"fe1stqqrd5w88ma","operationId":"fe1stqqrd5w88ma","timestamp":1744291188900,"id":"kvpn2lajvn9hshd"}
