{"type":"operationStart","subtype":"profile","data":{"_id":"DEUfBdIowZrSP2na","timestamp":"2025-04-09T13:52:51.943Z","state":"queued","mode":"standard","creationDate":"2025-04-09T13:52:51.944Z","modificationDate":"2025-04-09T13:52:51.944Z","shortid":"0E6aWn5","$entitySet":"profiles"},"doDiffs":false,"timestamp":1744206771944,"id":"vikau57d8oxeu7t","previousOperationId":null,"operationId":"fatjkpkpbz1yamn"}
{"type":"log","level":"info","message":"Render request 41 queued for execution and waiting for available worker","previousOperationId":"fatjkpkpbz1yamn","timestamp":1744206771944,"id":"5f8ev71wxxz5wt7"}
{"type":"operationStart","subtype":"render","name":"myTemplate","previousOperationId":"fatjkpkpbz1yamn","timestamp":1744206771956,"id":"326rufc8wxhbmt6","previousEventId":"vikau57d8oxeu7t","operationId":"51gb9bp6jsueedw"}
{"type":"log","timestamp":1744206771956,"level":"info","message":"Starting rendering request 41","meta":{"rootId":"z7x6a4wmx0190v7","id":"z7x6a4wmx0190v7"},"id":"1ojks3y71sqkelv","previousOperationId":"51gb9bp6jsueedw"}
{"type":"log","timestamp":1744206771956,"level":"info","message":"Rendering template { name: myTemplate, recipe: chrome-pdf, engine: handlebars, preview: true }","meta":{"rootId":"z7x6a4wmx0190v7","id":"z7x6a4wmx0190v7"},"id":"uj4wny309f90w04","previousOperationId":"51gb9bp6jsueedw"}
{"type":"log","timestamp":1744206771957,"level":"debug","message":"Adding sample data HUavgV0Kc","meta":{"rootId":"z7x6a4wmx0190v7","id":"z7x6a4wmx0190v7"},"id":"g9x3tzhiqxfrm6h","previousOperationId":"51gb9bp6jsueedw"}
{"type":"log","timestamp":1744206771959,"level":"debug","message":"Base url not specified, skipping its injection.","meta":{"rootId":"z7x6a4wmx0190v7","id":"z7x6a4wmx0190v7"},"id":"l8e6py7nav10cy7","previousOperationId":"51gb9bp6jsueedw"}
{"type":"operationStart","subtype":"engine","name":"handlebars","timestamp":1744206771959,"id":"ie2o9fdpa3qqbjt","previousEventId":"326rufc8wxhbmt6","operationId":"p2jcy8kselygdpx","previousOperationId":"51gb9bp6jsueedw"}
{"type":"log","timestamp":1744206771959,"level":"debug","message":"Rendering engine handlebars","meta":{"rootId":"z7x6a4wmx0190v7","id":"z7x6a4wmx0190v7"},"id":"fr9t038p0i91rp7","previousOperationId":"p2jcy8kselygdpx"}
{"type":"operationEnd","operationId":"p2jcy8kselygdpx","timestamp":1744206771989,"id":"xsp1y0cpzyosx33","previousEventId":"ie2o9fdpa3qqbjt","previousOperationId":"p2jcy8kselygdpx"}
{"type":"operationStart","subtype":"recipe","name":"chrome-pdf","timestamp":1744206771989,"id":"8mgz68b7u1ef007","previousEventId":"xsp1y0cpzyosx33","operationId":"o9zfeqmtvylvtat","previousOperationId":"p2jcy8kselygdpx"}
{"type":"log","timestamp":1744206771989,"level":"debug","message":"Executing recipe chrome-pdf","meta":{"rootId":"z7x6a4wmx0190v7","id":"z7x6a4wmx0190v7"},"id":"4476ifjbsg9p906","previousOperationId":"o9zfeqmtvylvtat"}
{"type":"log","timestamp":1744206771993,"level":"debug","message":"Converting with chrome Chrome/133.0.6943.126 using chrome-pool strategy","meta":{"rootId":"z7x6a4wmx0190v7","id":"z7x6a4wmx0190v7"},"id":"rtbopyhevc8rznu","previousOperationId":"o9zfeqmtvylvtat"}
{"type":"log","timestamp":1744206772067,"level":"debug","message":"Page request: GET (document) file:///C:/Users/Patheo24/AppData/Local/Temp/jsreport/autocleanup/11446fbe-9fd5-4ef8-a381-e4361816c873-chrome-pdf.html","meta":{"rootId":"z7x6a4wmx0190v7","id":"z7x6a4wmx0190v7"},"id":"1vu39kqtob11suf","previousOperationId":"o9zfeqmtvylvtat"}
{"type":"log","timestamp":1744206772098,"level":"debug","message":"Page request finished: GET (document) 200 file:///C:/Users/Patheo24/AppData/Local/Temp/jsreport/autocleanup/11446fbe-9fd5-4ef8-a381-e4361816c873-chrome-pdf.html","meta":{"rootId":"z7x6a4wmx0190v7","id":"z7x6a4wmx0190v7"},"id":"nde058keul3w1bf","previousOperationId":"o9zfeqmtvylvtat"}
{"type":"log","timestamp":1744206772098,"level":"debug","message":"(console:info) Slow network is detected. See https://www.chromestatus.com/feature/5636954674692096 for more details. Fallback font will be used while loading: http://localhost:5488/fonts/kalpurush.ttf","meta":{"userLevel":true,"rootId":"z7x6a4wmx0190v7","id":"z7x6a4wmx0190v7"},"id":"v80r27m7o3h6atr","previousOperationId":"o9zfeqmtvylvtat"}
{"type":"log","timestamp":1744206772099,"level":"debug","message":"Page request: GET (font) http://localhost:5488/fonts/kalpurush.ttf","meta":{"rootId":"z7x6a4wmx0190v7","id":"z7x6a4wmx0190v7"},"id":"6wtzat2foyss4nx","previousOperationId":"o9zfeqmtvylvtat"}
{"type":"log","timestamp":1744206772099,"level":"debug","message":"Page request: GET (image) https://res.cloudinary.com/dpes1dyqb/image/upload/v1738768933/logo_myycxt.jpg","meta":{"rootId":"z7x6a4wmx0190v7","id":"z7x6a4wmx0190v7"},"id":"ib5gpnxbqmjx8nu","previousOperationId":"o9zfeqmtvylvtat"}
{"type":"log","timestamp":1744206772150,"level":"debug","message":"Page request: GET (font) http://localhost:5488/fonts/kalpurush.ttf","meta":{"rootId":"z7x6a4wmx0190v7","id":"z7x6a4wmx0190v7"},"id":"u7knvi83vz46y7v","previousOperationId":"o9zfeqmtvylvtat"}
{"type":"log","timestamp":1744206772151,"level":"debug","message":"Page request finished: GET (image) 200 https://res.cloudinary.com/dpes1dyqb/image/upload/v1738768933/logo_myycxt.jpg","meta":{"rootId":"z7x6a4wmx0190v7","id":"z7x6a4wmx0190v7"},"id":"zb1wtfyub35ducq","previousOperationId":"o9zfeqmtvylvtat"}
{"type":"log","timestamp":1744206772167,"level":"debug","message":"(console:error) Failed to load resource: the server responded with a status of 404 (Not Found)","meta":{"userLevel":true,"rootId":"z7x6a4wmx0190v7","id":"z7x6a4wmx0190v7"},"id":"6rrmf2hwk1354ss","previousOperationId":"o9zfeqmtvylvtat"}
{"type":"log","timestamp":1744206772167,"level":"warn","message":"Page request failed: GET (font) http://localhost:5488/fonts/kalpurush.ttf, failure: net::ERR_ABORTED","meta":{"rootId":"z7x6a4wmx0190v7","id":"z7x6a4wmx0190v7"},"id":"ub11jhx733t6tw1","previousOperationId":"o9zfeqmtvylvtat"}
{"type":"log","timestamp":1744206772185,"level":"debug","message":"Running chrome with params {\"printBackground\":true,\"format\":\"A5\",\"marginRight\":\"\",\"timeout\":59953,\"margin\":{\"right\":\"\"}}","meta":{"rootId":"z7x6a4wmx0190v7","id":"z7x6a4wmx0190v7"},"id":"vfhr7gs0uzmiv70","previousOperationId":"o9zfeqmtvylvtat"}
{"type":"operationEnd","operationId":"o9zfeqmtvylvtat","timestamp":1744206772532,"id":"lhg8b133vwy6an7","previousEventId":"8mgz68b7u1ef007","previousOperationId":"o9zfeqmtvylvtat"}
{"type":"log","timestamp":1744206772532,"level":"debug","message":"Skipping storing report.","meta":{"rootId":"z7x6a4wmx0190v7","id":"z7x6a4wmx0190v7"},"id":"hwvy1bwpphvlgjx","previousOperationId":"o9zfeqmtvylvtat"}
{"type":"log","timestamp":1744206772532,"level":"info","message":"Rendering request 41 finished in 589 ms","meta":{"rootId":"z7x6a4wmx0190v7","id":"z7x6a4wmx0190v7"},"id":"6k2v9lo6j5g2zuq","previousOperationId":"o9zfeqmtvylvtat"}
{"type":"operationEnd","subtype":"render","operationId":"51gb9bp6jsueedw","timestamp":1744206772532,"id":"eednod2fsqd1plf","previousEventId":"lhg8b133vwy6an7","previousOperationId":"o9zfeqmtvylvtat"}
{"type":"operationEnd","doDiffs":false,"previousEventId":"vikau57d8oxeu7t","previousOperationId":"fatjkpkpbz1yamn","operationId":"fatjkpkpbz1yamn","timestamp":1744206772537,"id":"hhmgha1gymr1ssf"}
