{"type":"operationStart","subtype":"profile","data":{"_id":"BaN3gEr8i5wFD2u4","timestamp":"2025-04-09T14:35:23.840Z","state":"queued","mode":"standard","creationDate":"2025-04-09T14:35:23.841Z","modificationDate":"2025-04-09T14:35:23.841Z","shortid":"O6swU_s","$entitySet":"profiles"},"doDiffs":false,"timestamp":1744209323841,"id":"zs23rlofhmbxs3g","previousOperationId":null,"operationId":"rqozersxz1pxs3q"}
{"type":"log","level":"info","message":"Render request 115 queued for execution and waiting for available worker","previousOperationId":"rqozersxz1pxs3q","timestamp":1744209323841,"id":"0zkg278intzkerb"}
{"type":"operationStart","subtype":"render","name":"myTemplate","previousOperationId":"rqozersxz1pxs3q","timestamp":1744209323852,"id":"1tzj3xugijj8iph","previousEventId":"zs23rlofhmbxs3g","operationId":"5mumwblj7s1w59j"}
{"type":"log","timestamp":1744209323852,"level":"info","message":"Starting rendering request 115","meta":{"rootId":"z812jzifilxdgt6","id":"z812jzifilxdgt6"},"id":"6wkxptaefcu8c41","previousOperationId":"5mumwblj7s1w59j"}
{"type":"log","timestamp":1744209323852,"level":"info","message":"Rendering template { name: myTemplate, recipe: chrome-pdf, engine: handlebars, preview: true }","meta":{"rootId":"z812jzifilxdgt6","id":"z812jzifilxdgt6"},"id":"1sknmq6asl8v87a","previousOperationId":"5mumwblj7s1w59j"}
{"type":"log","timestamp":1744209323852,"level":"debug","message":"Inline data specified.","meta":{"rootId":"z812jzifilxdgt6","id":"z812jzifilxdgt6"},"id":"hmpzf56mlzfq8k8","previousOperationId":"5mumwblj7s1w59j"}
{"type":"log","timestamp":1744209323854,"level":"debug","message":"Base url not specified, skipping its injection.","meta":{"rootId":"z812jzifilxdgt6","id":"z812jzifilxdgt6"},"id":"b5dp6zm6pec8o5d","previousOperationId":"5mumwblj7s1w59j"}
{"type":"operationStart","subtype":"engine","name":"handlebars","timestamp":1744209323854,"id":"tx962y3el23yw3t","previousEventId":"1tzj3xugijj8iph","operationId":"5ayj57n4n2l5jae","previousOperationId":"5mumwblj7s1w59j"}
{"type":"log","timestamp":1744209323854,"level":"debug","message":"Rendering engine handlebars","meta":{"rootId":"z812jzifilxdgt6","id":"z812jzifilxdgt6"},"id":"o3c2ssi6hzjmj0u","previousOperationId":"5ayj57n4n2l5jae"}
{"type":"operationEnd","operationId":"5ayj57n4n2l5jae","timestamp":1744209323874,"id":"a7o8x2cehffdtbo","previousEventId":"tx962y3el23yw3t","previousOperationId":"5ayj57n4n2l5jae"}
{"type":"operationStart","subtype":"recipe","name":"chrome-pdf","timestamp":1744209323874,"id":"46nc7yo3719domc","previousEventId":"a7o8x2cehffdtbo","operationId":"5nvuiwoqjyrj7tx","previousOperationId":"5ayj57n4n2l5jae"}
{"type":"log","timestamp":1744209323874,"level":"debug","message":"Executing recipe chrome-pdf","meta":{"rootId":"z812jzifilxdgt6","id":"z812jzifilxdgt6"},"id":"licgvj9vw2s3zrs","previousOperationId":"5nvuiwoqjyrj7tx"}
{"type":"log","timestamp":1744209323877,"level":"debug","message":"Converting with chrome Chrome/133.0.6943.126 using chrome-pool strategy","meta":{"rootId":"z812jzifilxdgt6","id":"z812jzifilxdgt6"},"id":"t5t8rkjih4ryrls","previousOperationId":"5nvuiwoqjyrj7tx"}
{"type":"log","timestamp":1744209323940,"level":"debug","message":"Page request: GET (document) file:///C:/Users/Patheo24/AppData/Local/Temp/jsreport/autocleanup/0ec8fbd0-1632-41ac-b2e5-8cc8a580b5aa-chrome-pdf.html","meta":{"rootId":"z812jzifilxdgt6","id":"z812jzifilxdgt6"},"id":"5moi0suimqswmg5","previousOperationId":"5nvuiwoqjyrj7tx"}
{"type":"log","timestamp":1744209323971,"level":"debug","message":"Page request finished: GET (document) 200 file:///C:/Users/Patheo24/AppData/Local/Temp/jsreport/autocleanup/0ec8fbd0-1632-41ac-b2e5-8cc8a580b5aa-chrome-pdf.html","meta":{"rootId":"z812jzifilxdgt6","id":"z812jzifilxdgt6"},"id":"p6gkziod2tc2mzf","previousOperationId":"5nvuiwoqjyrj7tx"}
{"type":"log","timestamp":1744209323979,"level":"debug","message":"Page request: GET (font) http://localhost:5488/fonts/kalpurush.ttf","meta":{"rootId":"z812jzifilxdgt6","id":"z812jzifilxdgt6"},"id":"ejklo4qvr59ny61","previousOperationId":"5nvuiwoqjyrj7tx"}
{"type":"log","timestamp":1744209323980,"level":"debug","message":"Page request: GET (image) https://res.cloudinary.com/dpes1dyqb/image/upload/v1738768933/logo_myycxt.jpg","meta":{"rootId":"z812jzifilxdgt6","id":"z812jzifilxdgt6"},"id":"lup2o26bp1kjv9c","previousOperationId":"5nvuiwoqjyrj7tx"}
{"type":"log","timestamp":1744209324017,"level":"debug","message":"Page request: GET (font) http://localhost:5488/fonts/kalpurush.ttf","meta":{"rootId":"z812jzifilxdgt6","id":"z812jzifilxdgt6"},"id":"8d0wgzjed5gh2z8","previousOperationId":"5nvuiwoqjyrj7tx"}
{"type":"log","timestamp":1744209324018,"level":"debug","message":"Page request finished: GET (image) 200 https://res.cloudinary.com/dpes1dyqb/image/upload/v1738768933/logo_myycxt.jpg","meta":{"rootId":"z812jzifilxdgt6","id":"z812jzifilxdgt6"},"id":"i0m2fi70m7fhctm","previousOperationId":"5nvuiwoqjyrj7tx"}
{"type":"log","timestamp":1744209324024,"level":"debug","message":"(console:error) Failed to load resource: the server responded with a status of 404 (Not Found)","meta":{"userLevel":true,"rootId":"z812jzifilxdgt6","id":"z812jzifilxdgt6"},"id":"3r1no9ci3rbhmw9","previousOperationId":"5nvuiwoqjyrj7tx"}
{"type":"log","timestamp":1744209324024,"level":"warn","message":"Page request failed: GET (font) http://localhost:5488/fonts/kalpurush.ttf, failure: net::ERR_ABORTED","meta":{"rootId":"z812jzifilxdgt6","id":"z812jzifilxdgt6"},"id":"jeed7ap5uha17in","previousOperationId":"5nvuiwoqjyrj7tx"}
{"type":"log","timestamp":1744209324036,"level":"debug","message":"Running chrome with params {\"printBackground\":true,\"format\":\"A5\",\"marginRight\":\"\",\"height\":\"\",\"marginTop\":\"\",\"marginBottom\":\"\",\"marginLeft\":\"\",\"displayHeaderFooter\":true,\"width\":\"\",\"timeout\":59964,\"margin\":{\"top\":\"\",\"right\":\"\",\"bottom\":\"\",\"left\":\"\"}}","meta":{"rootId":"z812jzifilxdgt6","id":"z812jzifilxdgt6"},"id":"52uvb31391t39j1","previousOperationId":"5nvuiwoqjyrj7tx"}
{"type":"operationEnd","operationId":"5nvuiwoqjyrj7tx","timestamp":1744209324375,"id":"yrxnf7tja7kdavs","previousEventId":"46nc7yo3719domc","previousOperationId":"5nvuiwoqjyrj7tx"}
{"type":"log","timestamp":1744209324375,"level":"debug","message":"Skipping storing report.","meta":{"rootId":"z812jzifilxdgt6","id":"z812jzifilxdgt6"},"id":"d7jjzv3yi3jwplq","previousOperationId":"5nvuiwoqjyrj7tx"}
{"type":"log","timestamp":1744209324375,"level":"info","message":"Rendering request 115 finished in 535 ms","meta":{"rootId":"z812jzifilxdgt6","id":"z812jzifilxdgt6"},"id":"upclst3tvuqf53w","previousOperationId":"5nvuiwoqjyrj7tx"}
{"type":"operationEnd","subtype":"render","operationId":"5mumwblj7s1w59j","timestamp":1744209324375,"id":"wez4ohvrzo2t82t","previousEventId":"yrxnf7tja7kdavs","previousOperationId":"5nvuiwoqjyrj7tx"}
{"type":"operationEnd","doDiffs":false,"previousEventId":"zs23rlofhmbxs3g","previousOperationId":"rqozersxz1pxs3q","operationId":"rqozersxz1pxs3q","timestamp":1744209324379,"id":"kcog85ouddn3hzp"}
