{"type":"operationStart","subtype":"profile","data":{"_id":"YkNwmDxw2LRORRlA","timestamp":"2025-04-09T10:56:17.360Z","state":"queued","mode":"standard","creationDate":"2025-04-09T10:56:17.362Z","modificationDate":"2025-04-09T10:56:17.362Z","shortid":"_f6KKvE","$entitySet":"profiles"},"doDiffs":false,"timestamp":1744196177361,"id":"7jl2na8z5cqi1pa","previousOperationId":null,"operationId":"nlbxhcm4j9jtohg"}
{"type":"log","level":"info","message":"Render request 32 queued for execution and waiting for available worker","previousOperationId":"nlbxhcm4j9jtohg","timestamp":1744196177361,"id":"ehxt00rdcbm5ldn"}
{"type":"operationStart","subtype":"render","name":"myTemplate","previousOperationId":"nlbxhcm4j9jtohg","timestamp":1744196177373,"id":"5imwv6rtik408vj","previousEventId":"7jl2na8z5cqi1pa","operationId":"7bpedr4nklmg08z"}
{"type":"log","timestamp":1744196177373,"level":"info","message":"Starting rendering request 32","meta":{"rootId":"z9ih8x1q0c5dfuc","id":"z9ih8x1q0c5dfuc"},"id":"zwr0tu095gwu83f","previousOperationId":"7bpedr4nklmg08z"}
{"type":"log","timestamp":1744196177373,"level":"info","message":"Rendering template { name: myTemplate, recipe: chrome-pdf, engine: handlebars, preview: true }","meta":{"rootId":"z9ih8x1q0c5dfuc","id":"z9ih8x1q0c5dfuc"},"id":"cnrcwxc2mokty21","previousOperationId":"7bpedr4nklmg08z"}
{"type":"log","timestamp":1744196177374,"level":"debug","message":"Inline data specified.","meta":{"rootId":"z9ih8x1q0c5dfuc","id":"z9ih8x1q0c5dfuc"},"id":"18r92p5u8sudpgz","previousOperationId":"7bpedr4nklmg08z"}
{"type":"log","timestamp":1744196177375,"level":"debug","message":"Base url not specified, skipping its injection.","meta":{"rootId":"z9ih8x1q0c5dfuc","id":"z9ih8x1q0c5dfuc"},"id":"6wakaxr1x1lpp1b","previousOperationId":"7bpedr4nklmg08z"}
{"type":"operationStart","subtype":"engine","name":"handlebars","timestamp":1744196177375,"id":"o63ja65z2g778pd","previousEventId":"5imwv6rtik408vj","operationId":"tg1if46h8kdplwa","previousOperationId":"7bpedr4nklmg08z"}
{"type":"log","timestamp":1744196177375,"level":"debug","message":"Rendering engine handlebars","meta":{"rootId":"z9ih8x1q0c5dfuc","id":"z9ih8x1q0c5dfuc"},"id":"xo9ncwpm24imrxp","previousOperationId":"tg1if46h8kdplwa"}
{"type":"operationEnd","operationId":"tg1if46h8kdplwa","timestamp":1744196177389,"id":"1fm3h1b3a2jg56n","previousEventId":"o63ja65z2g778pd","previousOperationId":"tg1if46h8kdplwa"}
{"type":"operationStart","subtype":"recipe","name":"chrome-pdf","timestamp":1744196177389,"id":"qx4tu73m5eqhbio","previousEventId":"1fm3h1b3a2jg56n","operationId":"0yn45bdf77n5l9w","previousOperationId":"tg1if46h8kdplwa"}
{"type":"log","timestamp":1744196177389,"level":"debug","message":"Executing recipe chrome-pdf","meta":{"rootId":"z9ih8x1q0c5dfuc","id":"z9ih8x1q0c5dfuc"},"id":"doa4sipkmf819wn","previousOperationId":"0yn45bdf77n5l9w"}
{"type":"log","timestamp":1744196177391,"level":"debug","message":"Converting with chrome Chrome/133.0.6943.126 using chrome-pool strategy","meta":{"rootId":"z9ih8x1q0c5dfuc","id":"z9ih8x1q0c5dfuc"},"id":"h828rjsxx911tvw","previousOperationId":"0yn45bdf77n5l9w"}
{"type":"log","timestamp":1744196177455,"level":"debug","message":"Page request: GET (document) file:///C:/Users/Patheo24/AppData/Local/Temp/jsreport/autocleanup/c09248cb-1053-4f6c-b8f4-953f7958580b-chrome-pdf.html","meta":{"rootId":"z9ih8x1q0c5dfuc","id":"z9ih8x1q0c5dfuc"},"id":"kn40q1yg63l3nbr","previousOperationId":"0yn45bdf77n5l9w"}
{"type":"log","timestamp":1744196177472,"level":"debug","message":"Page request finished: GET (document) 200 file:///C:/Users/Patheo24/AppData/Local/Temp/jsreport/autocleanup/c09248cb-1053-4f6c-b8f4-953f7958580b-chrome-pdf.html","meta":{"rootId":"z9ih8x1q0c5dfuc","id":"z9ih8x1q0c5dfuc"},"id":"6y4aulqoqwpqq2q","previousOperationId":"0yn45bdf77n5l9w"}
{"type":"log","timestamp":1744196177476,"level":"debug","message":"Page request: GET (font) http://localhost:5488/fonts/kalpurush.ttf","meta":{"rootId":"z9ih8x1q0c5dfuc","id":"z9ih8x1q0c5dfuc"},"id":"ead8e9he0r4irj0","previousOperationId":"0yn45bdf77n5l9w"}
{"type":"log","timestamp":1744196177477,"level":"debug","message":"Page request: GET (image) https://res.cloudinary.com/dpes1dyqb/image/upload/v1738768933/logo_myycxt.jpg","meta":{"rootId":"z9ih8x1q0c5dfuc","id":"z9ih8x1q0c5dfuc"},"id":"3qneyyzuzq3vzpu","previousOperationId":"0yn45bdf77n5l9w"}
{"type":"log","timestamp":1744196177512,"level":"debug","message":"Page request: GET (font) http://localhost:5488/fonts/kalpurush.ttf","meta":{"rootId":"z9ih8x1q0c5dfuc","id":"z9ih8x1q0c5dfuc"},"id":"8r8hif9k58iovga","previousOperationId":"0yn45bdf77n5l9w"}
{"type":"log","timestamp":1744196177514,"level":"debug","message":"Page request finished: GET (image) 200 https://res.cloudinary.com/dpes1dyqb/image/upload/v1738768933/logo_myycxt.jpg","meta":{"rootId":"z9ih8x1q0c5dfuc","id":"z9ih8x1q0c5dfuc"},"id":"ycu7lttq5uh6b95","previousOperationId":"0yn45bdf77n5l9w"}
{"type":"log","timestamp":1744196177519,"level":"debug","message":"(console:error) Failed to load resource: the server responded with a status of 404 (Not Found)","meta":{"userLevel":true,"rootId":"z9ih8x1q0c5dfuc","id":"z9ih8x1q0c5dfuc"},"id":"fe0sjed3756vitg","previousOperationId":"0yn45bdf77n5l9w"}
{"type":"log","timestamp":1744196177519,"level":"warn","message":"Page request failed: GET (font) http://localhost:5488/fonts/kalpurush.ttf, failure: net::ERR_ABORTED","meta":{"rootId":"z9ih8x1q0c5dfuc","id":"z9ih8x1q0c5dfuc"},"id":"grkt70xi2yvghlb","previousOperationId":"0yn45bdf77n5l9w"}
{"type":"log","timestamp":1744196177526,"level":"debug","message":"Running chrome with params {\"printBackground\":true,\"timeout\":59970,\"margin\":{}}","meta":{"rootId":"z9ih8x1q0c5dfuc","id":"z9ih8x1q0c5dfuc"},"id":"1g115yraxzsg5cl","previousOperationId":"0yn45bdf77n5l9w"}
{"type":"operationEnd","operationId":"0yn45bdf77n5l9w","timestamp":1744196177854,"id":"2oxgwhbnc6wuphm","previousEventId":"qx4tu73m5eqhbio","previousOperationId":"0yn45bdf77n5l9w"}
{"type":"log","timestamp":1744196177854,"level":"debug","message":"Skipping storing report.","meta":{"rootId":"z9ih8x1q0c5dfuc","id":"z9ih8x1q0c5dfuc"},"id":"dm5hldpwiviu4cg","previousOperationId":"0yn45bdf77n5l9w"}
{"type":"log","timestamp":1744196177854,"level":"info","message":"Rendering request 32 finished in 494 ms","meta":{"rootId":"z9ih8x1q0c5dfuc","id":"z9ih8x1q0c5dfuc"},"id":"mqv4ltbzxgf84me","previousOperationId":"0yn45bdf77n5l9w"}
{"type":"operationEnd","subtype":"render","operationId":"7bpedr4nklmg08z","timestamp":1744196177854,"id":"km8lnq47q7kbhk1","previousEventId":"2oxgwhbnc6wuphm","previousOperationId":"0yn45bdf77n5l9w"}
{"type":"operationEnd","doDiffs":false,"previousEventId":"7jl2na8z5cqi1pa","previousOperationId":"nlbxhcm4j9jtohg","operationId":"nlbxhcm4j9jtohg","timestamp":1744196177859,"id":"8s71z0tdjdgo8s7"}
