{"type":"operationStart","subtype":"profile","data":{"_id":"nmSaUuAlDppSL6W8","timestamp":"2025-04-09T14:43:17.395Z","state":"queued","mode":"standard","creationDate":"2025-04-09T14:43:17.397Z","modificationDate":"2025-04-09T14:43:17.397Z","shortid":"IHIjWjJ","$entitySet":"profiles"},"doDiffs":false,"timestamp":1744209797396,"id":"hir1y5rd4jshkxp","previousOperationId":null,"operationId":"ow3dwca5zttlcvt"}
{"type":"log","level":"info","message":"Render request 121 queued for execution and waiting for available worker","previousOperationId":"ow3dwca5zttlcvt","timestamp":1744209797396,"id":"9mjdb2mye7bemuz"}
{"type":"operationStart","subtype":"render","name":"myTemplate","previousOperationId":"ow3dwca5zttlcvt","timestamp":1744209797408,"id":"5fydjtvp6rzwn7p","previousEventId":"hir1y5rd4jshkxp","operationId":"z7mhjgc17zhag0o"}
{"type":"log","timestamp":1744209797408,"level":"info","message":"Starting rendering request 121","meta":{"rootId":"zcrnj2hroh1efqf","id":"zcrnj2hroh1efqf"},"id":"0bgq78fkretdowv","previousOperationId":"z7mhjgc17zhag0o"}
{"type":"log","timestamp":1744209797408,"level":"info","message":"Rendering template { name: myTemplate, recipe: chrome-pdf, engine: handlebars, preview: true }","meta":{"rootId":"zcrnj2hroh1efqf","id":"zcrnj2hroh1efqf"},"id":"hih49m2vr7kwpwk","previousOperationId":"z7mhjgc17zhag0o"}
{"type":"log","timestamp":1744209797409,"level":"debug","message":"Adding sample data HUavgV0Kc","meta":{"rootId":"zcrnj2hroh1efqf","id":"zcrnj2hroh1efqf"},"id":"sk018wabxod56ap","previousOperationId":"z7mhjgc17zhag0o"}
{"type":"log","timestamp":1744209797411,"level":"debug","message":"Base url not specified, skipping its injection.","meta":{"rootId":"zcrnj2hroh1efqf","id":"zcrnj2hroh1efqf"},"id":"qlkls3p7an74r9m","previousOperationId":"z7mhjgc17zhag0o"}
{"type":"operationStart","subtype":"engine","name":"handlebars","timestamp":1744209797411,"id":"wt54hiwvlj4bqei","previousEventId":"5fydjtvp6rzwn7p","operationId":"5rdvsyetkwddtbd","previousOperationId":"z7mhjgc17zhag0o"}
{"type":"log","timestamp":1744209797411,"level":"debug","message":"Rendering engine handlebars","meta":{"rootId":"zcrnj2hroh1efqf","id":"zcrnj2hroh1efqf"},"id":"o6tfwtui9ifa57v","previousOperationId":"5rdvsyetkwddtbd"}
{"type":"operationEnd","operationId":"5rdvsyetkwddtbd","timestamp":1744209797427,"id":"c7e0105dvsrs48z","previousEventId":"wt54hiwvlj4bqei","previousOperationId":"5rdvsyetkwddtbd"}
{"type":"operationStart","subtype":"recipe","name":"chrome-pdf","timestamp":1744209797427,"id":"0eoauc95ngqchdj","previousEventId":"c7e0105dvsrs48z","operationId":"3sw0v73p7qx0ooi","previousOperationId":"5rdvsyetkwddtbd"}
{"type":"log","timestamp":1744209797427,"level":"debug","message":"Executing recipe chrome-pdf","meta":{"rootId":"zcrnj2hroh1efqf","id":"zcrnj2hroh1efqf"},"id":"ydn0vbs4wnsziqe","previousOperationId":"3sw0v73p7qx0ooi"}
{"type":"log","timestamp":1744209797431,"level":"debug","message":"Converting with chrome Chrome/133.0.6943.126 using chrome-pool strategy","meta":{"rootId":"zcrnj2hroh1efqf","id":"zcrnj2hroh1efqf"},"id":"3bd90u6kurclhtp","previousOperationId":"3sw0v73p7qx0ooi"}
{"type":"log","timestamp":1744209797491,"level":"debug","message":"Page request: GET (document) file:///C:/Users/Patheo24/AppData/Local/Temp/jsreport/autocleanup/6b31b330-00c5-4ea9-866b-3e4113788970-chrome-pdf.html","meta":{"rootId":"zcrnj2hroh1efqf","id":"zcrnj2hroh1efqf"},"id":"s8g6ws3jkxu20rl","previousOperationId":"3sw0v73p7qx0ooi"}
{"type":"log","timestamp":1744209797514,"level":"debug","message":"Page request finished: GET (document) 200 file:///C:/Users/Patheo24/AppData/Local/Temp/jsreport/autocleanup/6b31b330-00c5-4ea9-866b-3e4113788970-chrome-pdf.html","meta":{"rootId":"zcrnj2hroh1efqf","id":"zcrnj2hroh1efqf"},"id":"0tdjkjvo3ly0g38","previousOperationId":"3sw0v73p7qx0ooi"}
{"type":"log","timestamp":1744209797515,"level":"debug","message":"Page request: GET (font) http://localhost:5488/fonts/kalpurush.ttf","meta":{"rootId":"zcrnj2hroh1efqf","id":"zcrnj2hroh1efqf"},"id":"2utyv1j12hensbj","previousOperationId":"3sw0v73p7qx0ooi"}
{"type":"log","timestamp":1744209797516,"level":"debug","message":"Page request: GET (image) https://res.cloudinary.com/dpes1dyqb/image/upload/v1738768933/logo_myycxt.jpg","meta":{"rootId":"zcrnj2hroh1efqf","id":"zcrnj2hroh1efqf"},"id":"e9kyapro4r8atv1","previousOperationId":"3sw0v73p7qx0ooi"}
{"type":"log","timestamp":1744209797560,"level":"debug","message":"Page request: GET (font) http://localhost:5488/fonts/kalpurush.ttf","meta":{"rootId":"zcrnj2hroh1efqf","id":"zcrnj2hroh1efqf"},"id":"ptonzh9wd0qsb7d","previousOperationId":"3sw0v73p7qx0ooi"}
{"type":"log","timestamp":1744209797561,"level":"debug","message":"Page request finished: GET (image) 200 https://res.cloudinary.com/dpes1dyqb/image/upload/v1738768933/logo_myycxt.jpg","meta":{"rootId":"zcrnj2hroh1efqf","id":"zcrnj2hroh1efqf"},"id":"htuopsrl9bbshnw","previousOperationId":"3sw0v73p7qx0ooi"}
{"type":"log","timestamp":1744209797574,"level":"debug","message":"(console:error) Failed to load resource: the server responded with a status of 404 (Not Found)","meta":{"userLevel":true,"rootId":"zcrnj2hroh1efqf","id":"zcrnj2hroh1efqf"},"id":"p0ouuohpwq29b20","previousOperationId":"3sw0v73p7qx0ooi"}
{"type":"log","timestamp":1744209797574,"level":"warn","message":"Page request failed: GET (font) http://localhost:5488/fonts/kalpurush.ttf, failure: net::ERR_ABORTED","meta":{"rootId":"zcrnj2hroh1efqf","id":"zcrnj2hroh1efqf"},"id":"aifm54f7uesd6uo","previousOperationId":"3sw0v73p7qx0ooi"}
{"type":"log","timestamp":1744209797582,"level":"debug","message":"Running chrome with params {\"printBackground\":true,\"format\":\"A5\",\"marginRight\":\"\",\"height\":\"\",\"marginTop\":\"\",\"marginBottom\":\"\",\"marginLeft\":\"\",\"displayHeaderFooter\":true,\"width\":\"\",\"timeout\":59966,\"margin\":{\"top\":\"\",\"right\":\"\",\"bottom\":\"\",\"left\":\"\"}}","meta":{"rootId":"zcrnj2hroh1efqf","id":"zcrnj2hroh1efqf"},"id":"g7mmq6zw6olbw16","previousOperationId":"3sw0v73p7qx0ooi"}
{"type":"operationEnd","operationId":"3sw0v73p7qx0ooi","timestamp":1744209797890,"id":"54hh2fvig37mtck","previousEventId":"0eoauc95ngqchdj","previousOperationId":"3sw0v73p7qx0ooi"}
{"type":"log","timestamp":1744209797890,"level":"debug","message":"Skipping storing report.","meta":{"rootId":"zcrnj2hroh1efqf","id":"zcrnj2hroh1efqf"},"id":"lnh0r8gc88pcm5u","previousOperationId":"3sw0v73p7qx0ooi"}
{"type":"log","timestamp":1744209797890,"level":"info","message":"Rendering request 121 finished in 495 ms","meta":{"rootId":"zcrnj2hroh1efqf","id":"zcrnj2hroh1efqf"},"id":"g6wfxx55v9lspv4","previousOperationId":"3sw0v73p7qx0ooi"}
{"type":"operationEnd","subtype":"render","operationId":"z7mhjgc17zhag0o","timestamp":1744209797890,"id":"dcig31h8hajvfr5","previousEventId":"54hh2fvig37mtck","previousOperationId":"3sw0v73p7qx0ooi"}
{"type":"operationEnd","doDiffs":false,"previousEventId":"hir1y5rd4jshkxp","previousOperationId":"ow3dwca5zttlcvt","operationId":"ow3dwca5zttlcvt","timestamp":1744209797893,"id":"cgijyg9tulzsqvg"}
