{"type":"operationStart","subtype":"profile","data":{"_id":"mpZ1I0JREtMmUKDc","timestamp":"2025-04-09T13:36:37.572Z","state":"queued","mode":"standard","creationDate":"2025-04-09T13:36:37.573Z","modificationDate":"2025-04-09T13:36:37.573Z","shortid":"SLl0KWa","$entitySet":"profiles"},"doDiffs":false,"timestamp":1744205797572,"id":"sb3fpiz10lmahnz","previousOperationId":null,"operationId":"mvcn6nzhsw5j82i"}
{"type":"log","level":"info","message":"Render request 13 queued for execution and waiting for available worker","previousOperationId":"mvcn6nzhsw5j82i","timestamp":1744205797573,"id":"pljtolt68t5zqvu"}
{"type":"operationStart","subtype":"render","name":"myTemplate","previousOperationId":"mvcn6nzhsw5j82i","timestamp":1744205797585,"id":"5grzcuoik3wdnhf","previousEventId":"sb3fpiz10lmahnz","operationId":"zvagwc2z8z4bdfm"}
{"type":"log","timestamp":1744205797585,"level":"info","message":"Starting rendering request 13","meta":{"rootId":"zrzusfhn1hpm0x8","id":"zrzusfhn1hpm0x8"},"id":"wifjb0szpfnl9ra","previousOperationId":"zvagwc2z8z4bdfm"}
{"type":"log","timestamp":1744205797585,"level":"info","message":"Rendering template { name: myTemplate, recipe: chrome-pdf, engine: handlebars, preview: true }","meta":{"rootId":"zrzusfhn1hpm0x8","id":"zrzusfhn1hpm0x8"},"id":"38cuce75vv7mihx","previousOperationId":"zvagwc2z8z4bdfm"}
{"type":"log","timestamp":1744205797586,"level":"debug","message":"Adding sample data HUavgV0Kc","meta":{"rootId":"zrzusfhn1hpm0x8","id":"zrzusfhn1hpm0x8"},"id":"20sttelpowvqv1v","previousOperationId":"zvagwc2z8z4bdfm"}
{"type":"log","timestamp":1744205797587,"level":"debug","message":"Base url not specified, skipping its injection.","meta":{"rootId":"zrzusfhn1hpm0x8","id":"zrzusfhn1hpm0x8"},"id":"w6zfogrvj3cpv35","previousOperationId":"zvagwc2z8z4bdfm"}
{"type":"operationStart","subtype":"engine","name":"handlebars","timestamp":1744205797588,"id":"zxdxlcdkvz1hyy6","previousEventId":"5grzcuoik3wdnhf","operationId":"nwq1vso5l071w1s","previousOperationId":"zvagwc2z8z4bdfm"}
{"type":"log","timestamp":1744205797588,"level":"debug","message":"Rendering engine handlebars","meta":{"rootId":"zrzusfhn1hpm0x8","id":"zrzusfhn1hpm0x8"},"id":"4b0q19d7wy1y9cz","previousOperationId":"nwq1vso5l071w1s"}
{"type":"operationEnd","operationId":"nwq1vso5l071w1s","timestamp":1744205797613,"id":"4fu15gud3bvh5ws","previousEventId":"zxdxlcdkvz1hyy6","previousOperationId":"nwq1vso5l071w1s"}
{"type":"operationStart","subtype":"recipe","name":"chrome-pdf","timestamp":1744205797613,"id":"ei0kyy5x2rcpy1c","previousEventId":"4fu15gud3bvh5ws","operationId":"9jqakz4v5jbjksj","previousOperationId":"nwq1vso5l071w1s"}
{"type":"log","timestamp":1744205797613,"level":"debug","message":"Executing recipe chrome-pdf","meta":{"rootId":"zrzusfhn1hpm0x8","id":"zrzusfhn1hpm0x8"},"id":"othjwh0s6e88wtj","previousOperationId":"9jqakz4v5jbjksj"}
{"type":"log","timestamp":1744205797615,"level":"debug","message":"Converting with chrome Chrome/133.0.6943.126 using chrome-pool strategy","meta":{"rootId":"zrzusfhn1hpm0x8","id":"zrzusfhn1hpm0x8"},"id":"furb9ii0oq1zbii","previousOperationId":"9jqakz4v5jbjksj"}
{"type":"log","timestamp":1744205797680,"level":"debug","message":"Page request: GET (document) file:///C:/Users/Patheo24/AppData/Local/Temp/jsreport/autocleanup/319b6a46-e0cc-4ee4-82e2-dc254a3851a7-chrome-pdf.html","meta":{"rootId":"zrzusfhn1hpm0x8","id":"zrzusfhn1hpm0x8"},"id":"0l1zuvqf8lc69cv","previousOperationId":"9jqakz4v5jbjksj"}
{"type":"log","timestamp":1744205797708,"level":"debug","message":"Page request finished: GET (document) 200 file:///C:/Users/Patheo24/AppData/Local/Temp/jsreport/autocleanup/319b6a46-e0cc-4ee4-82e2-dc254a3851a7-chrome-pdf.html","meta":{"rootId":"zrzusfhn1hpm0x8","id":"zrzusfhn1hpm0x8"},"id":"09908e3vpa0h99k","previousOperationId":"9jqakz4v5jbjksj"}
{"type":"log","timestamp":1744205797713,"level":"debug","message":"Page request: GET (font) http://localhost:5488/fonts/kalpurush.ttf","meta":{"rootId":"zrzusfhn1hpm0x8","id":"zrzusfhn1hpm0x8"},"id":"4jx0205jz8w1vxj","previousOperationId":"9jqakz4v5jbjksj"}
{"type":"log","timestamp":1744205797713,"level":"debug","message":"Page request: GET (image) https://res.cloudinary.com/dpes1dyqb/image/upload/v1738768933/logo_myycxt.jpg","meta":{"rootId":"zrzusfhn1hpm0x8","id":"zrzusfhn1hpm0x8"},"id":"vbqjt3m2m4nqtb2","previousOperationId":"9jqakz4v5jbjksj"}
{"type":"log","timestamp":1744205797717,"level":"debug","message":"Page request: GET (font) http://localhost:5488/fonts/kalpurush.ttf","meta":{"rootId":"zrzusfhn1hpm0x8","id":"zrzusfhn1hpm0x8"},"id":"0cimyeb6amw7chj","previousOperationId":"9jqakz4v5jbjksj"}
{"type":"log","timestamp":1744205797718,"level":"debug","message":"Page request finished: GET (image) 200 https://res.cloudinary.com/dpes1dyqb/image/upload/v1738768933/logo_myycxt.jpg","meta":{"rootId":"zrzusfhn1hpm0x8","id":"zrzusfhn1hpm0x8"},"id":"mlapcpus941echd","previousOperationId":"9jqakz4v5jbjksj"}
{"type":"log","timestamp":1744205797759,"level":"debug","message":"(console:error) Failed to load resource: the server responded with a status of 404 (Not Found)","meta":{"userLevel":true,"rootId":"zrzusfhn1hpm0x8","id":"zrzusfhn1hpm0x8"},"id":"dd5po4auluw062d","previousOperationId":"9jqakz4v5jbjksj"}
{"type":"log","timestamp":1744205797759,"level":"warn","message":"Page request failed: GET (font) http://localhost:5488/fonts/kalpurush.ttf, failure: net::ERR_ABORTED","meta":{"rootId":"zrzusfhn1hpm0x8","id":"zrzusfhn1hpm0x8"},"id":"z51u2pnw3huyqdg","previousOperationId":"9jqakz4v5jbjksj"}
{"type":"log","timestamp":1744205797768,"level":"debug","message":"Running chrome with params {\"printBackground\":true,\"timeout\":59957,\"margin\":{}}","meta":{"rootId":"zrzusfhn1hpm0x8","id":"zrzusfhn1hpm0x8"},"id":"f1aoblnqz86dqwr","previousOperationId":"9jqakz4v5jbjksj"}
{"type":"operationEnd","operationId":"9jqakz4v5jbjksj","timestamp":1744205798090,"id":"95pxe9mh17mx8i6","previousEventId":"ei0kyy5x2rcpy1c","previousOperationId":"9jqakz4v5jbjksj"}
{"type":"log","timestamp":1744205798090,"level":"debug","message":"Skipping storing report.","meta":{"rootId":"zrzusfhn1hpm0x8","id":"zrzusfhn1hpm0x8"},"id":"kyqiyaprfmy2ytp","previousOperationId":"9jqakz4v5jbjksj"}
{"type":"log","timestamp":1744205798090,"level":"info","message":"Rendering request 13 finished in 519 ms","meta":{"rootId":"zrzusfhn1hpm0x8","id":"zrzusfhn1hpm0x8"},"id":"ay93zktlbqjb3g2","previousOperationId":"9jqakz4v5jbjksj"}
{"type":"operationEnd","subtype":"render","operationId":"zvagwc2z8z4bdfm","timestamp":1744205798090,"id":"i66m6cwnnf2kaee","previousEventId":"95pxe9mh17mx8i6","previousOperationId":"9jqakz4v5jbjksj"}
{"type":"operationEnd","doDiffs":false,"previousEventId":"sb3fpiz10lmahnz","previousOperationId":"mvcn6nzhsw5j82i","operationId":"mvcn6nzhsw5j82i","timestamp":1744205798094,"id":"vr72ps96g8r5x5g"}
