{"type":"operationStart","subtype":"profile","data":{"_id":"PjZrqUOKgpJbduvg","timestamp":"2025-04-09T14:01:49.261Z","state":"queued","mode":"standard","creationDate":"2025-04-09T14:01:49.263Z","modificationDate":"2025-04-09T14:01:49.263Z","shortid":"UXXmr7W","$entitySet":"profiles"},"doDiffs":false,"timestamp":1744207309262,"id":"86x7gt3o6mj48x0","previousOperationId":null,"operationId":"w94ur7rmqsavyrm"}
{"type":"log","level":"info","message":"Render request 56 queued for execution and waiting for available worker","previousOperationId":"w94ur7rmqsavyrm","timestamp":1744207309262,"id":"8c3pxavxtije8aj"}
{"type":"operationStart","subtype":"render","name":"myTemplate","previousOperationId":"w94ur7rmqsavyrm","timestamp":1744207309275,"id":"h0yaw3h37pg498v","previousEventId":"86x7gt3o6mj48x0","operationId":"lc59n0ij873grmb"}
{"type":"log","timestamp":1744207309275,"level":"info","message":"Starting rendering request 56","meta":{"rootId":"zt45onsqjvrhunc","id":"zt45onsqjvrhunc"},"id":"ox8wmqwfezsa2zy","previousOperationId":"lc59n0ij873grmb"}
{"type":"log","timestamp":1744207309275,"level":"info","message":"Rendering template { name: myTemplate, recipe: chrome-pdf, engine: handlebars, preview: true }","meta":{"rootId":"zt45onsqjvrhunc","id":"zt45onsqjvrhunc"},"id":"sivblur70zdj8tv","previousOperationId":"lc59n0ij873grmb"}
{"type":"log","timestamp":1744207309276,"level":"debug","message":"Adding sample data HUavgV0Kc","meta":{"rootId":"zt45onsqjvrhunc","id":"zt45onsqjvrhunc"},"id":"s7e0jwcxzssa3pu","previousOperationId":"lc59n0ij873grmb"}
{"type":"log","timestamp":1744207309279,"level":"debug","message":"Base url not specified, skipping its injection.","meta":{"rootId":"zt45onsqjvrhunc","id":"zt45onsqjvrhunc"},"id":"0fkfufq3v51p6kz","previousOperationId":"lc59n0ij873grmb"}
{"type":"operationStart","subtype":"engine","name":"handlebars","timestamp":1744207309279,"id":"kcaigq32ged58rp","previousEventId":"h0yaw3h37pg498v","operationId":"3yd8771ugcx4mmy","previousOperationId":"lc59n0ij873grmb"}
{"type":"log","timestamp":1744207309279,"level":"debug","message":"Rendering engine handlebars","meta":{"rootId":"zt45onsqjvrhunc","id":"zt45onsqjvrhunc"},"id":"ed97pct7wornpb5","previousOperationId":"3yd8771ugcx4mmy"}
{"type":"operationEnd","operationId":"3yd8771ugcx4mmy","timestamp":1744207309308,"id":"tz6nsnb97smzrrw","previousEventId":"kcaigq32ged58rp","previousOperationId":"3yd8771ugcx4mmy"}
{"type":"operationStart","subtype":"recipe","name":"chrome-pdf","timestamp":1744207309308,"id":"x9sash0ln31ksuh","previousEventId":"tz6nsnb97smzrrw","operationId":"2n09jj53sof6di8","previousOperationId":"3yd8771ugcx4mmy"}
{"type":"log","timestamp":1744207309308,"level":"debug","message":"Executing recipe chrome-pdf","meta":{"rootId":"zt45onsqjvrhunc","id":"zt45onsqjvrhunc"},"id":"e592tisxsz85dht","previousOperationId":"2n09jj53sof6di8"}
{"type":"log","timestamp":1744207309312,"level":"debug","message":"Converting with chrome Chrome/133.0.6943.126 using chrome-pool strategy","meta":{"rootId":"zt45onsqjvrhunc","id":"zt45onsqjvrhunc"},"id":"h9v4h46cbde8xyc","previousOperationId":"2n09jj53sof6di8"}
{"type":"log","timestamp":1744207309394,"level":"debug","message":"Page request: GET (document) file:///C:/Users/Patheo24/AppData/Local/Temp/jsreport/autocleanup/1b99c668-8c66-4251-9340-f7470c50c42d-chrome-pdf.html","meta":{"rootId":"zt45onsqjvrhunc","id":"zt45onsqjvrhunc"},"id":"sxm786babzeiqa3","previousOperationId":"2n09jj53sof6di8"}
{"type":"log","timestamp":1744207309425,"level":"debug","message":"Page request finished: GET (document) 200 file:///C:/Users/Patheo24/AppData/Local/Temp/jsreport/autocleanup/1b99c668-8c66-4251-9340-f7470c50c42d-chrome-pdf.html","meta":{"rootId":"zt45onsqjvrhunc","id":"zt45onsqjvrhunc"},"id":"mi1tt9dbffeauz8","previousOperationId":"2n09jj53sof6di8"}
{"type":"log","timestamp":1744207309426,"level":"debug","message":"(console:info) Slow network is detected. See https://www.chromestatus.com/feature/5636954674692096 for more details. Fallback font will be used while loading: http://localhost:5488/fonts/kalpurush.ttf","meta":{"userLevel":true,"rootId":"zt45onsqjvrhunc","id":"zt45onsqjvrhunc"},"id":"qyy6sdybmxaszwj","previousOperationId":"2n09jj53sof6di8"}
{"type":"log","timestamp":1744207309436,"level":"debug","message":"Page request: GET (font) http://localhost:5488/fonts/kalpurush.ttf","meta":{"rootId":"zt45onsqjvrhunc","id":"zt45onsqjvrhunc"},"id":"14s7luc03nqx5ia","previousOperationId":"2n09jj53sof6di8"}
{"type":"log","timestamp":1744207309437,"level":"debug","message":"Page request: GET (image) https://res.cloudinary.com/dpes1dyqb/image/upload/v1738768933/logo_myycxt.jpg","meta":{"rootId":"zt45onsqjvrhunc","id":"zt45onsqjvrhunc"},"id":"2nfs3kjcgf4jyia","previousOperationId":"2n09jj53sof6di8"}
{"type":"log","timestamp":1744207309503,"level":"debug","message":"Page request: GET (font) http://localhost:5488/fonts/kalpurush.ttf","meta":{"rootId":"zt45onsqjvrhunc","id":"zt45onsqjvrhunc"},"id":"00sm07vmws1qvli","previousOperationId":"2n09jj53sof6di8"}
{"type":"log","timestamp":1744207309505,"level":"debug","message":"Page request finished: GET (image) 200 https://res.cloudinary.com/dpes1dyqb/image/upload/v1738768933/logo_myycxt.jpg","meta":{"rootId":"zt45onsqjvrhunc","id":"zt45onsqjvrhunc"},"id":"y4si8p4d02kwwi4","previousOperationId":"2n09jj53sof6di8"}
{"type":"log","timestamp":1744207309513,"level":"debug","message":"(console:error) Failed to load resource: the server responded with a status of 404 (Not Found)","meta":{"userLevel":true,"rootId":"zt45onsqjvrhunc","id":"zt45onsqjvrhunc"},"id":"ty2qu6ybcfflr7o","previousOperationId":"2n09jj53sof6di8"}
{"type":"log","timestamp":1744207309513,"level":"warn","message":"Page request failed: GET (font) http://localhost:5488/fonts/kalpurush.ttf, failure: net::ERR_ABORTED","meta":{"rootId":"zt45onsqjvrhunc","id":"zt45onsqjvrhunc"},"id":"82di2ybeivpiu05","previousOperationId":"2n09jj53sof6di8"}
{"type":"log","timestamp":1744207309524,"level":"debug","message":"Running chrome with params {\"printBackground\":true,\"format\":\"A5\",\"marginRight\":\"\",\"timeout\":59950,\"margin\":{\"right\":\"\"}}","meta":{"rootId":"zt45onsqjvrhunc","id":"zt45onsqjvrhunc"},"id":"2ktea7qb8uzaiwr","previousOperationId":"2n09jj53sof6di8"}
{"type":"operationEnd","operationId":"2n09jj53sof6di8","timestamp":1744207309891,"id":"8hfnyfaatnnty84","previousEventId":"x9sash0ln31ksuh","previousOperationId":"2n09jj53sof6di8"}
{"type":"log","timestamp":1744207309891,"level":"debug","message":"Skipping storing report.","meta":{"rootId":"zt45onsqjvrhunc","id":"zt45onsqjvrhunc"},"id":"ahfdu1889hmzdgp","previousOperationId":"2n09jj53sof6di8"}
{"type":"log","timestamp":1744207309891,"level":"info","message":"Rendering request 56 finished in 630 ms","meta":{"rootId":"zt45onsqjvrhunc","id":"zt45onsqjvrhunc"},"id":"gr3r1ew6u1ph16i","previousOperationId":"2n09jj53sof6di8"}
{"type":"operationEnd","subtype":"render","operationId":"lc59n0ij873grmb","timestamp":1744207309891,"id":"ieqfobshfqt1p22","previousEventId":"8hfnyfaatnnty84","previousOperationId":"2n09jj53sof6di8"}
{"type":"operationEnd","doDiffs":false,"previousEventId":"86x7gt3o6mj48x0","previousOperationId":"w94ur7rmqsavyrm","operationId":"w94ur7rmqsavyrm","timestamp":1744207309893,"id":"sgdqw2s3ylslb3i"}
