{"type":"operationStart","subtype":"profile","data":{"_id":"hPT7TpR27rTnr4ba","timestamp":"2025-04-09T14:35:09.153Z","state":"queued","mode":"standard","creationDate":"2025-04-09T14:35:09.154Z","modificationDate":"2025-04-09T14:35:09.154Z","shortid":"0W54Vac","$entitySet":"profiles"},"doDiffs":false,"timestamp":1744209309153,"id":"ve9lgol9rrmyoyh","previousOperationId":null,"operationId":"mtb4nydo9tgmtap"}
{"type":"log","level":"info","message":"Render request 113 queued for execution and waiting for available worker","previousOperationId":"mtb4nydo9tgmtap","timestamp":1744209309153,"id":"9ot5n5gf3givnsd"}
{"type":"operationStart","subtype":"render","name":"myTemplate","previousOperationId":"mtb4nydo9tgmtap","timestamp":1744209309196,"id":"4660ilztt7802d9","previousEventId":"ve9lgol9rrmyoyh","operationId":"rrepveu7m8nc1j3"}
{"type":"log","timestamp":1744209309196,"level":"info","message":"Starting rendering request 113","meta":{"rootId":"zthtn1ro0ir0j6q","id":"zthtn1ro0ir0j6q"},"id":"p6o8vowncu7wpw1","previousOperationId":"rrepveu7m8nc1j3"}
{"type":"log","timestamp":1744209309196,"level":"info","message":"Rendering template { name: myTemplate, recipe: chrome-pdf, engine: handlebars, preview: true }","meta":{"rootId":"zthtn1ro0ir0j6q","id":"zthtn1ro0ir0j6q"},"id":"z8o7p2ihv2fm9rm","previousOperationId":"rrepveu7m8nc1j3"}
{"type":"log","timestamp":1744209309197,"level":"debug","message":"Inline data specified.","meta":{"rootId":"zthtn1ro0ir0j6q","id":"zthtn1ro0ir0j6q"},"id":"z49bqulnrwn28n8","previousOperationId":"rrepveu7m8nc1j3"}
{"type":"log","timestamp":1744209309203,"level":"debug","message":"Base url not specified, skipping its injection.","meta":{"rootId":"zthtn1ro0ir0j6q","id":"zthtn1ro0ir0j6q"},"id":"nynx6jerlgiyqgy","previousOperationId":"rrepveu7m8nc1j3"}
{"type":"operationStart","subtype":"engine","name":"handlebars","timestamp":1744209309203,"id":"45wotma835m1jfs","previousEventId":"4660ilztt7802d9","operationId":"wa9539pvjlqra45","previousOperationId":"rrepveu7m8nc1j3"}
{"type":"log","timestamp":1744209309203,"level":"debug","message":"Rendering engine handlebars","meta":{"rootId":"zthtn1ro0ir0j6q","id":"zthtn1ro0ir0j6q"},"id":"1j4cnfw8pmoj3il","previousOperationId":"wa9539pvjlqra45"}
{"type":"operationEnd","operationId":"wa9539pvjlqra45","timestamp":1744209309247,"id":"7y6why4qlkrzc39","previousEventId":"45wotma835m1jfs","previousOperationId":"wa9539pvjlqra45"}
{"type":"operationStart","subtype":"recipe","name":"chrome-pdf","timestamp":1744209309247,"id":"22viuap3nuduv92","previousEventId":"7y6why4qlkrzc39","operationId":"nhar6jw5ltqreb8","previousOperationId":"wa9539pvjlqra45"}
{"type":"log","timestamp":1744209309247,"level":"debug","message":"Executing recipe chrome-pdf","meta":{"rootId":"zthtn1ro0ir0j6q","id":"zthtn1ro0ir0j6q"},"id":"rk15m4vsjmphysq","previousOperationId":"nhar6jw5ltqreb8"}
{"type":"log","timestamp":1744209309252,"level":"debug","message":"Converting with chrome Chrome/133.0.6943.126 using chrome-pool strategy","meta":{"rootId":"zthtn1ro0ir0j6q","id":"zthtn1ro0ir0j6q"},"id":"bxxr20f8a4asjaf","previousOperationId":"nhar6jw5ltqreb8"}
{"type":"log","timestamp":1744209309334,"level":"debug","message":"Page request: GET (document) file:///C:/Users/Patheo24/AppData/Local/Temp/jsreport/autocleanup/ee37aca5-d587-4382-a40f-9cc8f1c7680c-chrome-pdf.html","meta":{"rootId":"zthtn1ro0ir0j6q","id":"zthtn1ro0ir0j6q"},"id":"mi1p95brzkke5up","previousOperationId":"nhar6jw5ltqreb8"}
{"type":"log","timestamp":1744209309364,"level":"debug","message":"Page request finished: GET (document) 200 file:///C:/Users/Patheo24/AppData/Local/Temp/jsreport/autocleanup/ee37aca5-d587-4382-a40f-9cc8f1c7680c-chrome-pdf.html","meta":{"rootId":"zthtn1ro0ir0j6q","id":"zthtn1ro0ir0j6q"},"id":"rzx9ijlbrpde2p3","previousOperationId":"nhar6jw5ltqreb8"}
{"type":"log","timestamp":1744209309365,"level":"debug","message":"Page request: GET (font) http://localhost:5488/fonts/kalpurush.ttf","meta":{"rootId":"zthtn1ro0ir0j6q","id":"zthtn1ro0ir0j6q"},"id":"8pn1639bvxg33gz","previousOperationId":"nhar6jw5ltqreb8"}
{"type":"log","timestamp":1744209309365,"level":"debug","message":"Page request: GET (image) https://res.cloudinary.com/dpes1dyqb/image/upload/v1738768933/logo_myycxt.jpg","meta":{"rootId":"zthtn1ro0ir0j6q","id":"zthtn1ro0ir0j6q"},"id":"wxozepp9uvq34rx","previousOperationId":"nhar6jw5ltqreb8"}
{"type":"log","timestamp":1744209309372,"level":"debug","message":"Page request: GET (font) http://localhost:5488/fonts/kalpurush.ttf","meta":{"rootId":"zthtn1ro0ir0j6q","id":"zthtn1ro0ir0j6q"},"id":"3yk4dn68cneluer","previousOperationId":"nhar6jw5ltqreb8"}
{"type":"log","timestamp":1744209309373,"level":"debug","message":"Page request finished: GET (image) 200 https://res.cloudinary.com/dpes1dyqb/image/upload/v1738768933/logo_myycxt.jpg","meta":{"rootId":"zthtn1ro0ir0j6q","id":"zthtn1ro0ir0j6q"},"id":"gtutcc86oxoih8q","previousOperationId":"nhar6jw5ltqreb8"}
{"type":"log","timestamp":1744209309426,"level":"debug","message":"(console:error) Failed to load resource: the server responded with a status of 404 (Not Found)","meta":{"userLevel":true,"rootId":"zthtn1ro0ir0j6q","id":"zthtn1ro0ir0j6q"},"id":"35m7x58n3f4pov1","previousOperationId":"nhar6jw5ltqreb8"}
{"type":"log","timestamp":1744209309426,"level":"warn","message":"Page request failed: GET (font) http://localhost:5488/fonts/kalpurush.ttf, failure: net::ERR_ABORTED","meta":{"rootId":"zthtn1ro0ir0j6q","id":"zthtn1ro0ir0j6q"},"id":"2vuxw4zgbfm37fh","previousOperationId":"nhar6jw5ltqreb8"}
{"type":"log","timestamp":1744209309436,"level":"debug","message":"Running chrome with params {\"printBackground\":true,\"format\":\"A5\",\"marginRight\":\"\",\"height\":\"\",\"marginTop\":\"\",\"marginBottom\":\"\",\"marginLeft\":\"\",\"displayHeaderFooter\":true,\"width\":\"\",\"timeout\":59901,\"margin\":{\"top\":\"\",\"right\":\"\",\"bottom\":\"\",\"left\":\"\"}}","meta":{"rootId":"zthtn1ro0ir0j6q","id":"zthtn1ro0ir0j6q"},"id":"vsol08a5c3w1u28","previousOperationId":"nhar6jw5ltqreb8"}
{"type":"operationEnd","operationId":"nhar6jw5ltqreb8","timestamp":1744209309765,"id":"klggnuev24h4fa7","previousEventId":"22viuap3nuduv92","previousOperationId":"nhar6jw5ltqreb8"}
{"type":"log","timestamp":1744209309765,"level":"debug","message":"Skipping storing report.","meta":{"rootId":"zthtn1ro0ir0j6q","id":"zthtn1ro0ir0j6q"},"id":"7kl9831pfek1gko","previousOperationId":"nhar6jw5ltqreb8"}
{"type":"log","timestamp":1744209309765,"level":"info","message":"Rendering request 113 finished in 613 ms","meta":{"rootId":"zthtn1ro0ir0j6q","id":"zthtn1ro0ir0j6q"},"id":"ti9b0hpvynt7esw","previousOperationId":"nhar6jw5ltqreb8"}
{"type":"operationEnd","subtype":"render","operationId":"rrepveu7m8nc1j3","timestamp":1744209309765,"id":"sj3rlul5r4nqaav","previousEventId":"klggnuev24h4fa7","previousOperationId":"nhar6jw5ltqreb8"}
{"type":"operationEnd","doDiffs":false,"previousEventId":"ve9lgol9rrmyoyh","previousOperationId":"mtb4nydo9tgmtap","operationId":"mtb4nydo9tgmtap","timestamp":1744209309771,"id":"ut6si0jr7qtx0t9"}
