{"type":"operationStart","subtype":"profile","data":{"_id":"dkJf3d6RO6c1hwI1","timestamp":"2025-04-10T12:29:32.815Z","state":"queued","mode":"standard","creationDate":"2025-04-10T12:29:32.819Z","modificationDate":"2025-04-10T12:29:32.819Z","shortid":"sQdjXoh","$entitySet":"profiles"},"doDiffs":false,"timestamp":1744288172817,"id":"c1brh6vwv0uvc5d","previousOperationId":null,"operationId":"r6m4srmwh4r4egg"}
{"type":"log","level":"info","message":"Render request 2 queued for execution and waiting for available worker","previousOperationId":"r6m4srmwh4r4egg","timestamp":1744288172818,"id":"hbjtaub0cx2ewhc"}
{"type":"operationStart","subtype":"render","name":"myTemplate","previousOperationId":"r6m4srmwh4r4egg","timestamp":1744288172836,"id":"flvnqyh0n19llml","previousEventId":"c1brh6vwv0uvc5d","operationId":"kat2qw24krf2nck"}
{"type":"log","timestamp":1744288172837,"level":"info","message":"Starting rendering request 2","meta":{"rootId":"zzzcrx471eee6b2","id":"zzzcrx471eee6b2"},"id":"eqtkz6ekjjrgeqw","previousOperationId":"kat2qw24krf2nck"}
{"type":"log","timestamp":1744288172837,"level":"info","message":"Rendering template { name: myTemplate, recipe: chrome-pdf, engine: handlebars, preview: true }","meta":{"rootId":"zzzcrx471eee6b2","id":"zzzcrx471eee6b2"},"id":"orpzbalyujewkqh","previousOperationId":"kat2qw24krf2nck"}
{"type":"log","timestamp":1744288172839,"level":"debug","message":"Adding sample data HUavgV0Kc","meta":{"rootId":"zzzcrx471eee6b2","id":"zzzcrx471eee6b2"},"id":"51j6w9dq0kskrff","previousOperationId":"kat2qw24krf2nck"}
{"type":"log","timestamp":1744288172842,"level":"debug","message":"Base url not specified, skipping its injection.","meta":{"rootId":"zzzcrx471eee6b2","id":"zzzcrx471eee6b2"},"id":"wdz1xissk2jrg87","previousOperationId":"kat2qw24krf2nck"}
{"type":"operationStart","subtype":"engine","name":"handlebars","timestamp":1744288172844,"id":"79yyra13u8ws2kb","previousEventId":"flvnqyh0n19llml","operationId":"ltkqqu9zki2kcou","previousOperationId":"kat2qw24krf2nck"}
{"type":"log","timestamp":1744288172844,"level":"debug","message":"Rendering engine handlebars","meta":{"rootId":"zzzcrx471eee6b2","id":"zzzcrx471eee6b2"},"id":"nldjmonniad0qrp","previousOperationId":"ltkqqu9zki2kcou"}
{"type":"operationEnd","operationId":"ltkqqu9zki2kcou","timestamp":1744288173540,"id":"u6ew23346ctc8eq","previousEventId":"79yyra13u8ws2kb","previousOperationId":"ltkqqu9zki2kcou"}
{"type":"operationStart","subtype":"recipe","name":"chrome-pdf","timestamp":1744288173541,"id":"u6ldonkrz8tncjs","previousEventId":"u6ew23346ctc8eq","operationId":"13lmp8q3vw6q5ya","previousOperationId":"ltkqqu9zki2kcou"}
{"type":"log","timestamp":1744288173541,"level":"debug","message":"Executing recipe chrome-pdf","meta":{"rootId":"zzzcrx471eee6b2","id":"zzzcrx471eee6b2"},"id":"ixswrmxqe4c355a","previousOperationId":"13lmp8q3vw6q5ya"}
{"type":"log","timestamp":1744288174403,"level":"debug","message":"Converting with chrome Chrome/133.0.6943.126 using chrome-pool strategy","meta":{"rootId":"zzzcrx471eee6b2","id":"zzzcrx471eee6b2"},"id":"ztxxhqqej45jbr8","previousOperationId":"13lmp8q3vw6q5ya"}
{"type":"log","timestamp":1744288174515,"level":"debug","message":"Page request: GET (document) file:///C:/Users/Patheo24/AppData/Local/Temp/jsreport/autocleanup/5ac903d2-526e-4fcc-991e-e46337557ce3-chrome-pdf.html","meta":{"rootId":"zzzcrx471eee6b2","id":"zzzcrx471eee6b2"},"id":"kdjqib2xmomrpbj","previousOperationId":"13lmp8q3vw6q5ya"}
{"type":"log","timestamp":1744288174577,"level":"debug","message":"Page request finished: GET (document) 200 file:///C:/Users/Patheo24/AppData/Local/Temp/jsreport/autocleanup/5ac903d2-526e-4fcc-991e-e46337557ce3-chrome-pdf.html","meta":{"rootId":"zzzcrx471eee6b2","id":"zzzcrx471eee6b2"},"id":"2txy5j2via2nc1z","previousOperationId":"13lmp8q3vw6q5ya"}
{"type":"log","timestamp":1744288174578,"level":"debug","message":"Page request: GET (font) http://localhost:5488/fonts/kalpurush.ttf","meta":{"rootId":"zzzcrx471eee6b2","id":"zzzcrx471eee6b2"},"id":"e7fvrax13vxgzno","previousOperationId":"13lmp8q3vw6q5ya"}
{"type":"log","timestamp":1744288174580,"level":"debug","message":"Page request: GET (image) https://res.cloudinary.com/dpes1dyqb/image/upload/v1738768933/logo_myycxt.jpg","meta":{"rootId":"zzzcrx471eee6b2","id":"zzzcrx471eee6b2"},"id":"f4ps2zde0x6djta","previousOperationId":"13lmp8q3vw6q5ya"}
{"type":"log","timestamp":1744288174672,"level":"debug","message":"Page request: GET (font) http://localhost:5488/fonts/kalpurush.ttf","meta":{"rootId":"zzzcrx471eee6b2","id":"zzzcrx471eee6b2"},"id":"ud1ix132e1p7eqb","previousOperationId":"13lmp8q3vw6q5ya"}
{"type":"log","timestamp":1744288174714,"level":"debug","message":"(console:error) Failed to load resource: the server responded with a status of 404 (Not Found)","meta":{"userLevel":true,"rootId":"zzzcrx471eee6b2","id":"zzzcrx471eee6b2"},"id":"ea7tewgbnv3m8nv","previousOperationId":"13lmp8q3vw6q5ya"}
{"type":"log","timestamp":1744288174715,"level":"warn","message":"Page request failed: GET (font) http://localhost:5488/fonts/kalpurush.ttf, failure: net::ERR_ABORTED","meta":{"rootId":"zzzcrx471eee6b2","id":"zzzcrx471eee6b2"},"id":"2hk5l3e5pbbhwib","previousOperationId":"13lmp8q3vw6q5ya"}
{"type":"log","timestamp":1744288174776,"level":"debug","message":"Page request finished: GET (image) 200 https://res.cloudinary.com/dpes1dyqb/image/upload/v1738768933/logo_myycxt.jpg","meta":{"rootId":"zzzcrx471eee6b2","id":"zzzcrx471eee6b2"},"id":"69cdh09xw3d6lf6","previousOperationId":"13lmp8q3vw6q5ya"}
{"type":"log","timestamp":1744288174788,"level":"debug","message":"Running chrome with params {\"printBackground\":true,\"format\":\"A5\",\"marginRight\":\"\",\"height\":\"\",\"marginTop\":\"\",\"marginBottom\":\"\",\"marginLeft\":\"\",\"displayHeaderFooter\":true,\"width\":\"\",\"timeout\":58903,\"margin\":{\"top\":\"\",\"right\":\"\",\"bottom\":\"\",\"left\":\"\"}}","meta":{"rootId":"zzzcrx471eee6b2","id":"zzzcrx471eee6b2"},"id":"6rqa1071pv2739c","previousOperationId":"13lmp8q3vw6q5ya"}
{"type":"operationEnd","operationId":"13lmp8q3vw6q5ya","timestamp":1744288175244,"id":"w6vu9z7hqubt7wu","previousEventId":"u6ldonkrz8tncjs","previousOperationId":"13lmp8q3vw6q5ya"}
{"type":"log","timestamp":1744288175245,"level":"debug","message":"Skipping storing report.","meta":{"rootId":"zzzcrx471eee6b2","id":"zzzcrx471eee6b2"},"id":"ev5a98x9ad7w9e5","previousOperationId":"13lmp8q3vw6q5ya"}
{"type":"log","timestamp":1744288175245,"level":"info","message":"Rendering request 2 finished in 2430 ms","meta":{"rootId":"zzzcrx471eee6b2","id":"zzzcrx471eee6b2"},"id":"wybm85fjhjx7xy6","previousOperationId":"13lmp8q3vw6q5ya"}
{"type":"operationEnd","subtype":"render","operationId":"kat2qw24krf2nck","timestamp":1744288175245,"id":"599056azzb10832","previousEventId":"w6vu9z7hqubt7wu","previousOperationId":"13lmp8q3vw6q5ya"}
{"type":"operationEnd","doDiffs":false,"previousEventId":"c1brh6vwv0uvc5d","previousOperationId":"r6m4srmwh4r4egg","operationId":"r6m4srmwh4r4egg","timestamp":1744288175255,"id":"r4lckowbe8hydil"}
