{"type":"operationStart","subtype":"profile","data":{"_id":"M3jBxu5x6X9Dcw2u","timestamp":"2025-04-15T20:09:25.822Z","state":"running","mode":"standard","creationDate":"2025-04-15T20:09:25.826Z","modificationDate":"2025-04-15T20:09:25.826Z","shortid":"OfK4dnT","$entitySet":"profiles","timeout":60000},"doDiffs":false,"timestamp":1744747765824,"id":"gd6h7d0q375ahdi","previousOperationId":null,"operationId":"3zdtjfbsytmkq9x"}
{"type":"log","level":"info","message":"Render request 1 queued for execution and waiting for available worker","previousOperationId":"3zdtjfbsytmkq9x","timestamp":1744747765824,"id":"hmppxjc9zabgf1w"}
{"type":"operationStart","subtype":"render","name":"anonymous","previousOperationId":"3zdtjfbsytmkq9x","timestamp":1744747765842,"id":"g2snjqusjkcfm4h","previousEventId":"gd6h7d0q375ahdi","operationId":"s7w53lfowyakkfk"}
{"type":"log","timestamp":1744747765843,"level":"info","message":"Starting rendering request 1","meta":{"rootId":"28suivlmq912gn0","id":"28suivlmq912gn0"},"id":"fkjvoixmoa3scyj","previousOperationId":"s7w53lfowyakkfk"}
{"type":"log","timestamp":1744747765844,"level":"info","message":"Rendering anonymous template { recipe: chrome-pdf, engine: handlebars }","meta":{"rootId":"28suivlmq912gn0","id":"28suivlmq912gn0"},"id":"7jcf2lxm23w7yui","previousOperationId":"s7w53lfowyakkfk"}
{"type":"log","timestamp":1744747765844,"level":"debug","message":"Inline data specified.","meta":{"rootId":"28suivlmq912gn0","id":"28suivlmq912gn0"},"id":"hdzmxlewta60m0a","previousOperationId":"s7w53lfowyakkfk"}
{"type":"log","timestamp":1744747765847,"level":"debug","message":"Base url not specified, skipping its injection.","meta":{"rootId":"28suivlmq912gn0","id":"28suivlmq912gn0"},"id":"z2jcy7pnz75eohk","previousOperationId":"s7w53lfowyakkfk"}
{"type":"operationStart","subtype":"engine","name":"handlebars","timestamp":1744747765848,"id":"ajz7mtxh621h59q","previousEventId":"g2snjqusjkcfm4h","operationId":"rcdmy7xnga5v17z","previousOperationId":"s7w53lfowyakkfk"}
{"type":"log","timestamp":1744747765848,"level":"debug","message":"Rendering engine handlebars","meta":{"rootId":"28suivlmq912gn0","id":"28suivlmq912gn0"},"id":"9i3r7ducepkmj90","previousOperationId":"rcdmy7xnga5v17z"}
{"type":"operationEnd","operationId":"rcdmy7xnga5v17z","timestamp":1744747766555,"id":"isvy7xogg4jk6rx","previousEventId":"ajz7mtxh621h59q","previousOperationId":"rcdmy7xnga5v17z"}
{"type":"operationStart","subtype":"recipe","name":"chrome-pdf","timestamp":1744747766555,"id":"fveoql7cstlexfv","previousEventId":"isvy7xogg4jk6rx","operationId":"604i5vpug96st3b","previousOperationId":"rcdmy7xnga5v17z"}
{"type":"log","timestamp":1744747766555,"level":"debug","message":"Executing recipe chrome-pdf","meta":{"rootId":"28suivlmq912gn0","id":"28suivlmq912gn0"},"id":"hm7umhgdhfa9njs","previousOperationId":"604i5vpug96st3b"}
{"type":"log","timestamp":1744747767475,"level":"debug","message":"Converting with chrome Chrome/133.0.6943.126 using chrome-pool strategy","meta":{"rootId":"28suivlmq912gn0","id":"28suivlmq912gn0"},"id":"6wp4gkg60x3cwxn","previousOperationId":"604i5vpug96st3b"}
{"type":"log","timestamp":1744747767583,"level":"debug","message":"Page request: GET (document) file:///C:/Users/Patheo24/AppData/Local/Temp/jsreport/autocleanup/275779f9-c5ef-4951-9cd3-96a399ca98f8-chrome-pdf.html","meta":{"rootId":"28suivlmq912gn0","id":"28suivlmq912gn0"},"id":"prqfd4ly03dzdbo","previousOperationId":"604i5vpug96st3b"}
{"type":"log","timestamp":1744747767618,"level":"debug","message":"Page request finished: GET (document) 200 file:///C:/Users/Patheo24/AppData/Local/Temp/jsreport/autocleanup/275779f9-c5ef-4951-9cd3-96a399ca98f8-chrome-pdf.html","meta":{"rootId":"28suivlmq912gn0","id":"28suivlmq912gn0"},"id":"vi3es56zgd83ki8","previousOperationId":"604i5vpug96st3b"}
{"type":"log","timestamp":1744747767620,"level":"debug","message":"Page request: GET (stylesheet) file:///C:/Users/Patheo24/AppData/Local/Temp/jsreport/styles/report-style.css","meta":{"rootId":"28suivlmq912gn0","id":"28suivlmq912gn0"},"id":"6n2xu65pkxgfhyz","previousOperationId":"604i5vpug96st3b"}
{"type":"log","timestamp":1744747767631,"level":"warn","message":"Page request failed: GET (stylesheet) file:///C:/Users/Patheo24/AppData/Local/Temp/jsreport/styles/report-style.css, failure: net::ERR_FILE_NOT_FOUND","meta":{"rootId":"28suivlmq912gn0","id":"28suivlmq912gn0"},"id":"pr69bif25v0ug31","previousOperationId":"604i5vpug96st3b"}
{"type":"log","timestamp":1744747767632,"level":"debug","message":"(console:error) Failed to load resource: net::ERR_FILE_NOT_FOUND","meta":{"userLevel":true,"rootId":"28suivlmq912gn0","id":"28suivlmq912gn0"},"id":"pcyb942ymdnjufm","previousOperationId":"604i5vpug96st3b"}
{"type":"log","timestamp":1744747767669,"level":"debug","message":"Running chrome with params {\"timeout\":58872,\"margin\":{},\"printBackground\":true}","meta":{"rootId":"28suivlmq912gn0","id":"28suivlmq912gn0"},"id":"s3ryf8769ttjxfj","previousOperationId":"604i5vpug96st3b"}
{"type":"operationEnd","operationId":"604i5vpug96st3b","timestamp":1744747768088,"id":"5v45vsy9nhpgci2","previousEventId":"fveoql7cstlexfv","previousOperationId":"604i5vpug96st3b"}
{"type":"log","timestamp":1744747768089,"level":"debug","message":"Skipping storing report.","meta":{"rootId":"28suivlmq912gn0","id":"28suivlmq912gn0"},"id":"myjfc6exqd6rgl6","previousOperationId":"604i5vpug96st3b"}
{"type":"log","timestamp":1744747768089,"level":"info","message":"Rendering request 1 finished in 2268 ms","meta":{"rootId":"28suivlmq912gn0","id":"28suivlmq912gn0"},"id":"oegufobk4njf586","previousOperationId":"604i5vpug96st3b"}
{"type":"operationEnd","subtype":"render","operationId":"s7w53lfowyakkfk","timestamp":1744747768089,"id":"og3mcdrmrleywmf","previousEventId":"5v45vsy9nhpgci2","previousOperationId":"604i5vpug96st3b"}
{"type":"operationEnd","doDiffs":false,"previousEventId":"gd6h7d0q375ahdi","previousOperationId":"3zdtjfbsytmkq9x","operationId":"3zdtjfbsytmkq9x","timestamp":1744747768093,"id":"ooee1pmv6jf6nrk"}
