{"type":"operationStart","subtype":"profile","data":{"_id":"TLhMspSV6g5jMYzg","timestamp":"2025-04-15T20:20:44.877Z","state":"running","mode":"standard","creationDate":"2025-04-15T20:20:44.879Z","modificationDate":"2025-04-15T20:20:44.879Z","shortid":"fxhWQmN","$entitySet":"profiles","timeout":60000},"doDiffs":false,"timestamp":1744748444878,"id":"638v6z0ynak3w2u","previousOperationId":null,"operationId":"z6qc0hhp51e1jgb"}
{"type":"log","level":"info","message":"Render request 2 queued for execution and waiting for available worker","previousOperationId":"z6qc0hhp51e1jgb","timestamp":1744748444878,"id":"9hjnphyscjisimk"}
{"type":"operationStart","subtype":"render","name":"anonymous","previousOperationId":"z6qc0hhp51e1jgb","timestamp":1744748444884,"id":"zx2ae5juyvz0buy","previousEventId":"638v6z0ynak3w2u","operationId":"zt2l3sbn6tbcjjh"}
{"type":"log","timestamp":1744748444885,"level":"info","message":"Starting rendering request 2","meta":{"rootId":"29md85jts5uuonp","id":"29md85jts5uuonp"},"id":"p80tb51qkpjsw8c","previousOperationId":"zt2l3sbn6tbcjjh"}
{"type":"log","timestamp":1744748444886,"level":"info","message":"Rendering anonymous template { recipe: chrome-pdf, engine: handlebars }","meta":{"rootId":"29md85jts5uuonp","id":"29md85jts5uuonp"},"id":"yqztcmwrocjnwtr","previousOperationId":"zt2l3sbn6tbcjjh"}
{"type":"log","timestamp":1744748444886,"level":"debug","message":"Inline data specified.","meta":{"rootId":"29md85jts5uuonp","id":"29md85jts5uuonp"},"id":"lzsdpxwqdfklk9j","previousOperationId":"zt2l3sbn6tbcjjh"}
{"type":"log","timestamp":1744748444888,"level":"debug","message":"Base url not specified, skipping its injection.","meta":{"rootId":"29md85jts5uuonp","id":"29md85jts5uuonp"},"id":"0d1viiwazqijyow","previousOperationId":"zt2l3sbn6tbcjjh"}
{"type":"operationStart","subtype":"engine","name":"handlebars","timestamp":1744748444889,"id":"1emq16kax4ka6y2","previousEventId":"zx2ae5juyvz0buy","operationId":"i23uqjr4ntixs0e","previousOperationId":"zt2l3sbn6tbcjjh"}
{"type":"log","timestamp":1744748444889,"level":"debug","message":"Rendering engine handlebars","meta":{"rootId":"29md85jts5uuonp","id":"29md85jts5uuonp"},"id":"slbphe8h60bkuzz","previousOperationId":"i23uqjr4ntixs0e"}
{"type":"operationEnd","operationId":"i23uqjr4ntixs0e","timestamp":1744748445598,"id":"ez0yw70xz912uk7","previousEventId":"1emq16kax4ka6y2","previousOperationId":"i23uqjr4ntixs0e"}
{"type":"operationStart","subtype":"recipe","name":"chrome-pdf","timestamp":1744748445599,"id":"bncuwq6lwrdzhub","previousEventId":"ez0yw70xz912uk7","operationId":"uwl44baydhqnmku","previousOperationId":"i23uqjr4ntixs0e"}
{"type":"log","timestamp":1744748445599,"level":"debug","message":"Executing recipe chrome-pdf","meta":{"rootId":"29md85jts5uuonp","id":"29md85jts5uuonp"},"id":"uova85izsdv0c7g","previousOperationId":"uwl44baydhqnmku"}
{"type":"log","timestamp":1744748446484,"level":"debug","message":"Converting with chrome Chrome/133.0.6943.126 using chrome-pool strategy","meta":{"rootId":"29md85jts5uuonp","id":"29md85jts5uuonp"},"id":"7xuuhhk4ptngik0","previousOperationId":"uwl44baydhqnmku"}
{"type":"log","timestamp":1744748446642,"level":"debug","message":"Page request: GET (document) file:///C:/Users/Patheo24/AppData/Local/Temp/jsreport/autocleanup/7435f843-5a13-403d-9ec7-1922fdcc118a-chrome-pdf.html","meta":{"rootId":"29md85jts5uuonp","id":"29md85jts5uuonp"},"id":"qg53850k42o0y10","previousOperationId":"uwl44baydhqnmku"}
{"type":"log","timestamp":1744748446672,"level":"debug","message":"Page request finished: GET (document) 200 file:///C:/Users/Patheo24/AppData/Local/Temp/jsreport/autocleanup/7435f843-5a13-403d-9ec7-1922fdcc118a-chrome-pdf.html","meta":{"rootId":"29md85jts5uuonp","id":"29md85jts5uuonp"},"id":"ojsqbzuxtwhltv1","previousOperationId":"uwl44baydhqnmku"}
{"type":"log","timestamp":1744748446674,"level":"debug","message":"Page request: GET (stylesheet) file:///C:/Users/Patheo24/AppData/Local/Temp/jsreport/styles/report-style.css","meta":{"rootId":"29md85jts5uuonp","id":"29md85jts5uuonp"},"id":"5q8o2tbqly78ygl","previousOperationId":"uwl44baydhqnmku"}
{"type":"log","timestamp":1744748446677,"level":"warn","message":"Page request failed: GET (stylesheet) file:///C:/Users/Patheo24/AppData/Local/Temp/jsreport/styles/report-style.css, failure: net::ERR_FILE_NOT_FOUND","meta":{"rootId":"29md85jts5uuonp","id":"29md85jts5uuonp"},"id":"7so34a4p9tapvmc","previousOperationId":"uwl44baydhqnmku"}
{"type":"log","timestamp":1744748446678,"level":"debug","message":"(console:error) Failed to load resource: net::ERR_FILE_NOT_FOUND","meta":{"userLevel":true,"rootId":"29md85jts5uuonp","id":"29md85jts5uuonp"},"id":"eztta5bwgcj08vq","previousOperationId":"uwl44baydhqnmku"}
{"type":"log","timestamp":1744748446702,"level":"debug","message":"Running chrome with params {\"timeout\":58894,\"margin\":{},\"printBackground\":true}","meta":{"rootId":"29md85jts5uuonp","id":"29md85jts5uuonp"},"id":"4fmxusyc8of5uhr","previousOperationId":"uwl44baydhqnmku"}
{"type":"operationEnd","operationId":"uwl44baydhqnmku","timestamp":1744748447131,"id":"ht5vgyayhaqnozo","previousEventId":"bncuwq6lwrdzhub","previousOperationId":"uwl44baydhqnmku"}
{"type":"log","timestamp":1744748447132,"level":"debug","message":"Skipping storing report.","meta":{"rootId":"29md85jts5uuonp","id":"29md85jts5uuonp"},"id":"v0evhher5uhanuz","previousOperationId":"uwl44baydhqnmku"}
{"type":"log","timestamp":1744748447132,"level":"info","message":"Rendering request 2 finished in 2256 ms","meta":{"rootId":"29md85jts5uuonp","id":"29md85jts5uuonp"},"id":"vre4e7qc94ojttw","previousOperationId":"uwl44baydhqnmku"}
{"type":"operationEnd","subtype":"render","operationId":"zt2l3sbn6tbcjjh","timestamp":1744748447132,"id":"yv5juzuf2q355p4","previousEventId":"ht5vgyayhaqnozo","previousOperationId":"uwl44baydhqnmku"}
{"type":"operationEnd","doDiffs":false,"previousEventId":"638v6z0ynak3w2u","previousOperationId":"z6qc0hhp51e1jgb","operationId":"z6qc0hhp51e1jgb","timestamp":1744748447134,"id":"q1bf12x28godar2"}
