{"type":"operationStart","subtype":"profile","data":{"_id":"Rbax18dSHuZxXCna","timestamp":"2025-04-15T20:28:52.487Z","state":"running","mode":"standard","creationDate":"2025-04-15T20:28:52.489Z","modificationDate":"2025-04-15T20:28:52.489Z","shortid":"xBUoAjQ","$entitySet":"profiles","timeout":60000},"doDiffs":false,"timestamp":1744748932488,"id":"vl8kcr12811nfhh","previousOperationId":null,"operationId":"npjrq1k6cu9ma8g"}
{"type":"log","level":"info","message":"Render request 3 queued for execution and waiting for available worker","previousOperationId":"npjrq1k6cu9ma8g","timestamp":1744748932488,"id":"apx7fn23v7vcqcy"}
{"type":"operationStart","subtype":"render","name":"anonymous","previousOperationId":"npjrq1k6cu9ma8g","timestamp":1744748932493,"id":"lz2k7ccxpzhdo48","previousEventId":"vl8kcr12811nfhh","operationId":"2bsw0otd1woqemo"}
{"type":"log","timestamp":1744748932493,"level":"info","message":"Starting rendering request 3","meta":{"rootId":"75u91rd041zdinl","id":"75u91rd041zdinl"},"id":"7qccfpv9eu8ngqa","previousOperationId":"2bsw0otd1woqemo"}
{"type":"log","timestamp":1744748932493,"level":"info","message":"Rendering anonymous template { recipe: chrome-pdf, engine: handlebars }","meta":{"rootId":"75u91rd041zdinl","id":"75u91rd041zdinl"},"id":"74i9t1arc2dzqbz","previousOperationId":"2bsw0otd1woqemo"}
{"type":"log","timestamp":1744748932493,"level":"debug","message":"Inline data specified.","meta":{"rootId":"75u91rd041zdinl","id":"75u91rd041zdinl"},"id":"jlidlglxow1dk40","previousOperationId":"2bsw0otd1woqemo"}
{"type":"log","timestamp":1744748932494,"level":"debug","message":"Base url not specified, skipping its injection.","meta":{"rootId":"75u91rd041zdinl","id":"75u91rd041zdinl"},"id":"gxq2lvrky0wa4yu","previousOperationId":"2bsw0otd1woqemo"}
{"type":"operationStart","subtype":"engine","name":"handlebars","timestamp":1744748932495,"id":"0w8esap1srtvct8","previousEventId":"lz2k7ccxpzhdo48","operationId":"andevvwm42wogs8","previousOperationId":"2bsw0otd1woqemo"}
{"type":"log","timestamp":1744748932495,"level":"debug","message":"Rendering engine handlebars","meta":{"rootId":"75u91rd041zdinl","id":"75u91rd041zdinl"},"id":"mmhniz3ji6a3aur","previousOperationId":"andevvwm42wogs8"}
{"type":"operationEnd","operationId":"andevvwm42wogs8","timestamp":1744748932508,"id":"m1t6doyzjj8zw8g","previousEventId":"0w8esap1srtvct8","previousOperationId":"andevvwm42wogs8"}
{"type":"operationStart","subtype":"recipe","name":"chrome-pdf","timestamp":1744748932508,"id":"txnfkt1g60bsgf9","previousEventId":"m1t6doyzjj8zw8g","operationId":"ryhtliizxv0r6o7","previousOperationId":"andevvwm42wogs8"}
{"type":"log","timestamp":1744748932508,"level":"debug","message":"Executing recipe chrome-pdf","meta":{"rootId":"75u91rd041zdinl","id":"75u91rd041zdinl"},"id":"36we8f8d0oyia03","previousOperationId":"ryhtliizxv0r6o7"}
{"type":"log","timestamp":1744748932512,"level":"debug","message":"Converting with chrome Chrome/133.0.6943.126 using chrome-pool strategy","meta":{"rootId":"75u91rd041zdinl","id":"75u91rd041zdinl"},"id":"lpywgd4b43nimj4","previousOperationId":"ryhtliizxv0r6o7"}
{"type":"log","timestamp":1744748932725,"level":"debug","message":"Page request: GET (document) file:///C:/Users/Patheo24/AppData/Local/Temp/jsreport/autocleanup/19e2f50c-d176-4f5a-9840-d3f37a655272-chrome-pdf.html","meta":{"rootId":"75u91rd041zdinl","id":"75u91rd041zdinl"},"id":"4e3mr4ipt0ag7om","previousOperationId":"ryhtliizxv0r6o7"}
{"type":"log","timestamp":1744748932744,"level":"debug","message":"Page request finished: GET (document) 200 file:///C:/Users/Patheo24/AppData/Local/Temp/jsreport/autocleanup/19e2f50c-d176-4f5a-9840-d3f37a655272-chrome-pdf.html","meta":{"rootId":"75u91rd041zdinl","id":"75u91rd041zdinl"},"id":"oeojih0yjjstnmp","previousOperationId":"ryhtliizxv0r6o7"}
{"type":"log","timestamp":1744748932745,"level":"debug","message":"Page request: GET (stylesheet) file:///C:/Users/Patheo24/AppData/Local/Temp/jsreport/styles/report-style.css","meta":{"rootId":"75u91rd041zdinl","id":"75u91rd041zdinl"},"id":"tme68w7jcr346si","previousOperationId":"ryhtliizxv0r6o7"}
{"type":"log","timestamp":1744748932754,"level":"warn","message":"Page request failed: GET (stylesheet) file:///C:/Users/Patheo24/AppData/Local/Temp/jsreport/styles/report-style.css, failure: net::ERR_FILE_NOT_FOUND","meta":{"rootId":"75u91rd041zdinl","id":"75u91rd041zdinl"},"id":"hp123zr8ea0v9t2","previousOperationId":"ryhtliizxv0r6o7"}
{"type":"log","timestamp":1744748932755,"level":"debug","message":"(console:error) Failed to load resource: net::ERR_FILE_NOT_FOUND","meta":{"userLevel":true,"rootId":"75u91rd041zdinl","id":"75u91rd041zdinl"},"id":"pphz1d4eknq05qg","previousOperationId":"ryhtliizxv0r6o7"}
{"type":"log","timestamp":1744748932772,"level":"debug","message":"Running chrome with params {\"timeout\":59977,\"margin\":{},\"printBackground\":true}","meta":{"rootId":"75u91rd041zdinl","id":"75u91rd041zdinl"},"id":"eut6udbrb93cnyz","previousOperationId":"ryhtliizxv0r6o7"}
{"type":"operationEnd","operationId":"ryhtliizxv0r6o7","timestamp":1744748933014,"id":"nwy96xqyi54harc","previousEventId":"txnfkt1g60bsgf9","previousOperationId":"ryhtliizxv0r6o7"}
{"type":"log","timestamp":1744748933014,"level":"debug","message":"Skipping storing report.","meta":{"rootId":"75u91rd041zdinl","id":"75u91rd041zdinl"},"id":"hgnlcrmqc6gbb68","previousOperationId":"ryhtliizxv0r6o7"}
{"type":"log","timestamp":1744748933014,"level":"info","message":"Rendering request 3 finished in 527 ms","meta":{"rootId":"75u91rd041zdinl","id":"75u91rd041zdinl"},"id":"87bsl2zwkgu4dy6","previousOperationId":"ryhtliizxv0r6o7"}
{"type":"operationEnd","subtype":"render","operationId":"2bsw0otd1woqemo","timestamp":1744748933014,"id":"rhcium5m41xo8ki","previousEventId":"nwy96xqyi54harc","previousOperationId":"ryhtliizxv0r6o7"}
{"type":"operationEnd","doDiffs":false,"previousEventId":"vl8kcr12811nfhh","previousOperationId":"npjrq1k6cu9ma8g","operationId":"npjrq1k6cu9ma8g","timestamp":1744748933017,"id":"dptfimyuhpuqppc"}
